Worker 0 created with 0 assumptions
Worker 1 created with 0 assumptions
Worker 2 created with 0 assumptions
Worker 3 created with 0 assumptions
null (a)

Worker 1 CUBE SIZE IN MAIN LOOP: 0
 Checking cube
with max_conflicts: 1000
null (a)

Worker 0 CUBE SIZE IN MAIN LOOP: 0
 Checking cube
with max_conflicts: 1000
null (a)

Worker 2 CUBE SIZE IN MAIN LOOP: 0
 Checking cube
with max_conflicts: 1000
null (a)

Worker 3 CUBE SIZE IN MAIN LOOP: 0
 Checking cube
with max_conflicts: 1000
Worker 3 DONE checking cube l_undef
Worker 3 found undef cube
Batch manager splitting on literal: (= i844 1)
null (o)
  (= i844 1) (a)
  (not (= i844 1)) (o)

Worker 3 CUBE SIZE IN MAIN LOOP: 1
 Checking cube
(= i844 1)
with max_conflicts: 1500
Worker 2 DONE checking cube l_undef
Worker 2 found undef cube
Batch manager splitting on literal: (= i844 1)
null (o)
  (= i844 1) (a)
  (not (= i844 1)) (a)

Worker 2 CUBE SIZE IN MAIN LOOP: 1
 Checking cube
(not (= i844 1))
with max_conflicts: 1500
Worker 0 DONE checking cube l_undef
Worker 0 found undef cube
Batch manager splitting on literal: (= i844 1)
Worker 1 DONE checking cube l_undef
Worker 1 found undef cube
Batch manager splitting on literal: (= i844 1)
null (o)
  (= i844 1) (a)
  (not (= i844 1)) (a)

Worker 1 CUBE SIZE IN MAIN LOOP: 1
 Checking cube
(= i844 1)
with max_conflicts: 1500
null (o)
  (= i844 1) (a)
  (not (= i844 1)) (a)

Worker 0 CUBE SIZE IN MAIN LOOP: 1
 Checking cube
(= i844 1)
with max_conflicts: 1500
Worker 2 DONE checking cube l_false
Worker 2 found unsat cube
Batch manager backtracking.
(not (= i844 1))

null (o)
  (= i844 1) (a)
  (not (= i844 1)) (c)
null (o)
  (= i844 1) (a)
  (not (= i844 1)) (c)

Worker 2 CUBE SIZE IN MAIN LOOP: 1
 Checking cube
(= i844 1)
with max_conflicts: 1500
Worker 3 DONE checking cube l_undef
Worker 3 found undef cube
Batch manager splitting on literal: (or (if (or #19340 #19347) (not #19351) (not #19361)) (not (or #4126 #4156 #4192 #19340 #19341 #19347 #19353 #19356 #19359 #19281 #19326 #19342 #19285)) (not (or #19323 #19030)))
null (o)
  (= i844 1) (o)
    (or (if (or #19340 #19347) (not #19351) (not #19361)) (not (or #4126 #4156 #4192 #19340 #19341 #19347 #19353 #19356 #19359 #19281 #19326 #19342 #19285)) (not (or #19323 #19030))) (o)
    (not (or (if #19348 #19412 #19410) (not #19346) (not #19299))) (a)
  (not (= i844 1)) (c)

Worker 3 CUBE SIZE IN MAIN LOOP: 2
 Checking cube
(not (or (if #1789 #1793 #1802) (not #1839) (not #1870)))
(= i844 1)
with max_conflicts: 2250
Worker 0 DONE checking cube l_undef
Worker 0 found undef cube
Batch manager splitting on literal: (= (if (or #18281 #21081 #21091 #21053 #21063 #20962 #20930 #20911 #20823 #20790 #20592 #14346) (if #14209 #13303 467) (if #21079 #13638 224)) 417)
null (o)
  (= i844 1) (o)
    (or (if (or #19340 #19347) (not #19351) (not #19361)) (not (or #4126 #4156 #4192 #19340 #19341 #19347 #19353 #19356 #19359 #19281 #19326 #19342 #19285)) (not (or #19323 #19030))) (a)
    (not (or (if #19348 #19412 #19410) (not #19346) (not #19299))) (a)
  (not (= i844 1)) (c)

Worker 0 CUBE SIZE IN MAIN LOOP: 2
 Checking cube
(or (if (or #1504 #1788) (not #1792) (not #1801)) (not (or #28 #32 #48 #1504 #1506 #1788 #1796 #1798 #1800 #1819 #1824 #1836 #1838)) (not (or #1849 #1869)))
(= i844 1)
with max_conflicts: 2250
Worker 1 DONE checking cube l_undef
Worker 1 found undef cube
Batch manager splitting on literal: (or (if (or #19340 #19347) (not #19351) (not #19361)) (not (or #4126 #4156 #4192 #19340 #19341 #19347 #19353 #19356 #19359 #19281 #19326 #19342 #19285)) (not (or #19362 #19286 #19288 #19323 #19358 #19322 #19321 #19298 #19319 #19305 #19307 #19309 #19224 #19226)) (not (or #19362 #19286 #19300 #19319 #19305 #19307 #19309 #19224 #19226 #19229 #19315 #19313 #19270 #19218 #19175 #19177 ...)) (not (or #19362 #19286 #19227 #19213)) (not (or #19362 #19286 #19227 #19189 #19315)) (not (or #4126 #4151 #19339 #19340 #19347 #19362 #19281 #19334 #19286 #19323 #19319 #19305 #19227 #19315 #19313 #19270 ...)) (not (or #19219 #19066)))
null (o)
  (= i844 1) (o)
    (or (if (or #19340 #19347) (not #19351) (not #19361)) (not (or #4126 #4156 #4192 #19340 #19341 #19347 #19353 #19356 #19359 #19281 #19326 #19342 #19285)) (not (or #19323 #19030))) (a)
    (not (or (if #19348 #19412 #19410) (not #19346) (not #19299))) (a)
  (not (= i844 1)) (c)

Worker 1 CUBE SIZE IN MAIN LOOP: 2
 Checking cube
(or (if (or #1504 #1788) (not #1792) (not #1801)) (not (or #28 #32 #48 #1504 #1506 #1788 #1796 #1798 #1800 #1819 #1824 #1836 #1838)) (not (or #1849 #1869)))
(= i844 1)
with max_conflicts: 2250
Worker 3 DONE checking cube l_false
Worker 3 found unsat cube
Batch manager backtracking.
(not (or (if #1789 #1793 #1802) (not #1839) (not #1870)))

null (o)
  (= i844 1) (o)
    (or (if (or #19340 #19347) (not #19351) (not #19361)) (not (or #4126 #4156 #4192 #19340 #19341 #19347 #19353 #19356 #19359 #19281 #19326 #19342 #19285)) (not (or #19323 #19030))) (a)
    (not (or (if #19348 #19412 #19410) (not #19346) (not #19299))) (c)
  (not (= i844 1)) (c)
null (o)
  (= i844 1) (o)
    (or (if (or #19340 #19347) (not #19351) (not #19361)) (not (or #4126 #4156 #4192 #19340 #19341 #19347 #19353 #19356 #19359 #19281 #19326 #19342 #19285)) (not (or #19323 #19030))) (a)
    (not (or (if #19348 #19412 #19410) (not #19346) (not #19299))) (c)
  (not (= i844 1)) (c)

Worker 3 CUBE SIZE IN MAIN LOOP: 2
 Checking cube
(or (if (or #1504 #1788) (not #1792) (not #1801)) (not (or #28 #32 #48 #1504 #1506 #1788 #1796 #1798 #1800 #1819 #1824 #1836 #1838)) (not (or #1849 #1869)))
(= i844 1)
with max_conflicts: 2250
Worker 2 DONE checking cube l_undef
Worker 2 found undef cube
Batch manager splitting on literal: (or (if (or #19089 #18932) (not #18855) (not #18717)) (if (or #19089 #18932) (= #18931 0) (not #18650)) (not (or #19089 #18932 #18658)) (not (or #19089 #18932 #18280 #18666)) (not (or #19089 #18932 #18280 #18888 #18860 #18676)) (not (or #19089 #18932 #18280 #18888 #18860 #18865 #18608)) (not (or #19089 #18932 #18280 #18888 #18860 #18865 #18617)) (not (or #19089 #18932 #18280 #18888 #18860 #18865 #18868 #18265 #18629)) (not (or #19089 #18932 #18280 #18888 #18860 #18865 #18868 #18265 #18638)) (not (or #19089 #18932 #18280 #18888 #18860 #18865 #18868 #18265 #18873 #18808 #18570)) (not (or #19089 #18932 #18280 #18888 #18860 #18865 #18868 #18265 #18873 #18808 #18879 #18578)) (not (or #19089 #18932 #18280 #18888 #18860 #18865 #18868 #18265 #18873 #18808 #18879 #18831 #18792 #18804 #18802 #18814 ...)) (not (or #19089 #18932 #18280 #18888 #18860 #18865 #18868 #18265 #18873 #18808 #18879 #18831 #18596)) (not (or #19089 #18932 #18280 #18888 #18860 #18865 #18868 #18265 #18873 #18808 #18879 #18831 #18605)) (not (or #18535 #18144)))
null (o)
  (= i844 1) (o)
    (or (if (or #19340 #19347) (not #19351) (not #19361)) (not (or #4126 #4156 #4192 #19340 #19341 #19347 #19353 #19356 #19359 #19281 #19326 #19342 #19285)) (not (or #19323 #19030))) (a)
    (not (or (if #19348 #19412 #19410) (not #19346) (not #19299))) (c)
  (not (= i844 1)) (c)

Worker 2 CUBE SIZE IN MAIN LOOP: 2
 Checking cube
(or (if (or #1504 #1788) (not #1792) (not #1801)) (not (or #28 #32 #48 #1504 #1506 #1788 #1796 #1798 #1800 #1819 #1824 #1836 #1838)) (not (or #1849 #1869)))
(= i844 1)
with max_conflicts: 2250
Worker 0 DONE checking cube l_undef
Worker 0 found undef cube
Batch manager splitting on literal: (or (not (= i844 1)) (= i1041 0) (not (or #4126 #4151 #4182)) (if (or #4126 #4151) (not #19336) (not #19416)) (not (or #4126 #4156 #19417 #19341 #19415 #19345)) (if (or #19340 #19347) (not #19351) (not #19361)) (if (or #19340 #19347) (= #19349 0) (not #19366)) (not (or #4126 #4151 #19339 #19340 #19347 #19334)) (not (or #4126 #4151 #19339 #19334)))
null (o)
  (= i844 1) (o)
    (or (if (or #19340 #19347) (not #19351) (not #19361)) (not (or #4126 #4156 #4192 #19340 #19341 #19347 #19353 #19356 #19359 #19281 #19326 #19342 #19285)) (not (or #19323 #19030))) (o)
      (or (not (= i844 1)) (= i1041 0) (not (or #4126 #4151 #4182)) (if (or #4126 #4151) (not #19336) (not #19416)) (not (or #4126 #4156 #19417 #19341 #19415 #19345)) (if (or #19340 #19347) (not #19351) (not #19361)) (if (or #19340 #19347) (= #19349 0) (not #19366)) (not (or #4126 #4151 #19339 #19340 #19347 #19334)) (not (or #4126 #4151 #19339 #19334))) (a)
      (not (or (not #4125) (= i1041 0) (not #19416) (if #4152 #19337 #19339) (not #19414) (if #19348 #19412 #19410) (if #19348 #19351 #19327) (not #19282) (not #19338))) (o)
    (not (or (if #19348 #19412 #19410) (not #19346) (not #19299))) (c)
  (not (= i844 1)) (c)

Worker 0 CUBE SIZE IN MAIN LOOP: 3
 Checking cube
(or (not (= i844 1)) (= i1041 0) (not (or #28 #30 #37)) (if (or #28 #30) (not #1502) (not #1498)) (not (or #28 #32 #1501 #1506 #1508 #1510)) (if (or #1504 #1788) (not #1792) (not #1801)) (if (or #1504 #1788) (= #1791 0) (not #1817)) (not (or #28 #30 #1499 #1504 #1788 #1822)) (not (or #28 #30 #1499 #1822)))
(or (if (or #1504 #1788) (not #1792) (not #1801)) (not (or #28 #32 #48 #1504 #1506 #1788 #1796 #1798 #1800 #1819 #1824 #1836 #1838)) (not (or #1849 #1869)))
(= i844 1)
with max_conflicts: 3375
Worker 1 DONE checking cube l_false
Worker 1 found unsat cube
Batch manager backtracking.
(or (if (or #1504 #1788) (not #1792) (not #1801)) (not (or #28 #32 #48 #1504 #1506 #1788 #1796 #1798 #1800 #1819 #1824 #1836 #1838)) (not (or #1849 #1869)))

null (c)
  (= i844 1) (c)
    (or (if (or #19340 #19347) (not #19351) (not #19361)) (not (or #4126 #4156 #4192 #19340 #19341 #19347 #19353 #19356 #19359 #19281 #19326 #19342 #19285)) (not (or #19323 #19030))) (c)
      (or (not (= i844 1)) (= i1041 0) (not (or #4126 #4151 #4182)) (if (or #4126 #4151) (not #19336) (not #19416)) (not (or #4126 #4156 #19417 #19341 #19415 #19345)) (if (or #19340 #19347) (not #19351) (not #19361)) (if (or #19340 #19347) (= #19349 0) (not #19366)) (not (or #4126 #4151 #19339 #19340 #19347 #19334)) (not (or #4126 #4151 #19339 #19334))) (c)
      (not (or (not #4125) (= i1041 0) (not #19416) (if #4152 #19337 #19339) (not #19414) (if #19348 #19412 #19410) (if #19348 #19351 #19327) (not #19282) (not #19338))) (c)
    (not (or (if #19348 #19412 #19410) (not #19346) (not #19299))) (c)
  (not (= i844 1)) (c)
Canceling workers
Worker 0 canceling
Worker 1 canceling
Worker 2 canceling
Worker 3 canceling
all done
Worker 1 no more cubes
Worker 0 DONE checking cube l_undef
Batch manager setting exception msg: context cancelled.
Worker 2 DONE checking cube l_undef
Batch manager setting exception msg: context cancelled.
Worker 3 DONE checking cube l_undef
Batch manager setting exception msg: context cancelled.
unsat
(:added-eqs                   1131894
 :arith-eq-adapter            2821
 :arith-bound-propagations-lp 139137
 :arith-conflicts             523
 :arith-diseq                 90040
 :arith-fixed-eqs             139320
 :arith-lower                 92348
 :arith-make-feasible         44183
 :arith-max-columns           1654
 :arith-max-rows              674
 :arith-offset-eqs            42065
 :arith-upper                 146948
 :binary-propagations         3223064
 :conflicts                   19343
 :decisions                   460813
 :del-clause                  14523
 :max-memory                  113.65
 :memory                      19.45
 :minimized-lits              103277
 :mk-bool-var                 21492
 :mk-clause                   31365
 :mk-clause-binary            61277
 :num-allocs                  55119362
 :num-checks                  16
 :parallel-max-cube-size      3
 :parallel-num_cubes          9
 :propagations                4631023
 :restarts                    168
 :rlimit-count                13678133
 :time                        0.57
 :total-time                  2.04)
