Worker 0 created with 0 assumptions
Worker 1 created with 0 assumptions
Worker 2 created with 0 assumptions
Worker 3 created with 0 assumptions
null (a)

Worker 0 CUBE SIZE IN MAIN LOOP: 0
 Checking cube
with max_conflicts: 1000
null (a)

Worker 2 CUBE SIZE IN MAIN LOOP: 0
 Checking cube
with max_conflicts: 1000
null (a)

Worker 3 CUBE SIZE IN MAIN LOOP: 0
 Checking cube
with max_conflicts: 1000
null (a)

Worker 1 CUBE SIZE IN MAIN LOOP: 0
 Checking cube
with max_conflicts: 1000
Worker 3 DONE checking cube l_undef
Worker 3 found undef cube
Batch manager splitting on literal: (or (not (or #19362 #19286 #19227 #19263 #19187 #19259 #19192 #19219 #19211 #19123 #19136 #19139 #19060 #19065 #19069 #19106 ...)) (not (or #19093 #19123 #12678 #19000 #19054 #19052 #19101 #19014 #19018 #19022 #19055 #19034 #19050 #18947 #18948 #19048 ...)) (not (or #19089 #18274)) (not (or #19089 #18838)) (not (or #19123 #19089 #12678 #18882)) (not (or #19123 #19089 #12678 #19000 #18861)) (not (or #19093 #19123 #19089 #12678 #19000 #19054 #19052 #19101 #19014 #19018 #19022 #19055 #19034 #19050 #18947 #18948 ...)) (not (or #19093 #19123 #19089 #12678 #19000 #19054 #19052 #19101 #19014 #19018 #19022 #19055 #19034 #19050 #18947 #18948 ...)) (not (or #19093 #19123 #19089 #12678 #19000 #19054 #19052 #19101 #19014 #19018 #19022 #19055 #19034 #19050 #18947 #18948 ...)) (not (or #19123 #19089 #12678 #19000 #19054 #18809)) (not (or #19123 #19089 #12678 #19000 #19054 #18807)) (not (or #18832 #18714)))
null (o)
  (or (not (or #19362 #19286 #19227 #19263 #19187 #19259 #19192 #19219 #19211 #19123 #19136 #19139 #19060 #19065 #19069 #19106 ...)) (not (or #19093 #19123 #12678 #19000 #19054 #19052 #19101 #19014 #19018 #19022 #19055 #19034 #19050 #18947 #18948 #19048 ...)) (not (or #19089 #18274)) (not (or #19089 #18838)) (not (or #19123 #19089 #12678 #18882)) (not (or #19123 #19089 #12678 #19000 #18861)) (not (or #19093 #19123 #19089 #12678 #19000 #19054 #19052 #19101 #19014 #19018 #19022 #19055 #19034 #19050 #18947 #18948 ...)) (not (or #19093 #19123 #19089 #12678 #19000 #19054 #19052 #19101 #19014 #19018 #19022 #19055 #19034 #19050 #18947 #18948 ...)) (not (or #19093 #19123 #19089 #12678 #19000 #19054 #19052 #19101 #19014 #19018 #19022 #19055 #19034 #19050 #18947 #18948 ...)) (not (or #19123 #19089 #12678 #19000 #19054 #18809)) (not (or #19123 #19089 #12678 #19000 #19054 #18807)) (not (or #18832 #18714))) (a)
  (not (or (not #19110) (not #18852) (not #18276) (not #18243) (not #18887) (not #18862) (not #18269) (not #18867) (not #18870) (not #18780) (not #18834) (not #18715))) (o)

Worker 3 CUBE SIZE IN MAIN LOOP: 1
 Checking cube
(or (not (or #1803 #1840 #1895 #1914 #1922 #1928 #2009 #2022 #2342 #2344 #2368 #2382 #2399 #2407 #2414 #2421 ...)) (not (or #2042 #2344 #2480 #2488 #2490 #2496 #2502 #2511 #2517 #2523 #2529 #2538 #2545 #2547 #2549 #2551 ...)) (not (or #2478 #2983)) (not (or #2478 #2991)) (not (or #2344 #2478 #2480 #2999)) (not (or #2344 #2478 #2480 #2488 #3007)) (not (or #2042 #2344 #2478 #2480 #2488 #2490 #2496 #2502 #2511 #2517 #2523 #2529 #2538 #2545 #2547 #2549 ...)) (not (or #2042 #2344 #2478 #2480 #2488 #2490 #2496 #2502 #2511 #2517 #2523 #2529 #2538 #2545 #2547 #2549 ...)) (not (or #2042 #2344 #2478 #2480 #2488 #2490 #2496 #2502 #2511 #2517 #2523 #2529 #2538 #2545 #2547 #2549 ...)) (not (or #2344 #2478 #2480 #2488 #2490 #3049)) (not (or #2344 #2478 #2480 #2488 #2490 #3058)) (not (or #3068 #3677)))
with max_conflicts: 1500
Worker 0 DONE checking cube l_undef
Worker 0 found undef cube
Batch manager splitting on literal: (= i844 1)
null (o)
  (or (not (or #19362 #19286 #19227 #19263 #19187 #19259 #19192 #19219 #19211 #19123 #19136 #19139 #19060 #19065 #19069 #19106 ...)) (not (or #19093 #19123 #12678 #19000 #19054 #19052 #19101 #19014 #19018 #19022 #19055 #19034 #19050 #18947 #18948 #19048 ...)) (not (or #19089 #18274)) (not (or #19089 #18838)) (not (or #19123 #19089 #12678 #18882)) (not (or #19123 #19089 #12678 #19000 #18861)) (not (or #19093 #19123 #19089 #12678 #19000 #19054 #19052 #19101 #19014 #19018 #19022 #19055 #19034 #19050 #18947 #18948 ...)) (not (or #19093 #19123 #19089 #12678 #19000 #19054 #19052 #19101 #19014 #19018 #19022 #19055 #19034 #19050 #18947 #18948 ...)) (not (or #19093 #19123 #19089 #12678 #19000 #19054 #19052 #19101 #19014 #19018 #19022 #19055 #19034 #19050 #18947 #18948 ...)) (not (or #19123 #19089 #12678 #19000 #19054 #18809)) (not (or #19123 #19089 #12678 #19000 #19054 #18807)) (not (or #18832 #18714))) (a)
  (not (or (not #19110) (not #18852) (not #18276) (not #18243) (not #18887) (not #18862) (not #18269) (not #18867) (not #18870) (not #18780) (not #18834) (not #18715))) (a)

Worker 2 DONE checking cube l_undef
Worker 2 found undef cube
Worker 1 DONE checking cube l_undef
Worker 1 found undef cube
Worker 0 CUBE SIZE IN MAIN LOOP: 1
 Checking cube
(not (or (not #2477) (not #2971) (not #2984) (not #2992) (not #3000) (not #3008) (not #3012) (not #3016) (not #3023) (not #3050) (not #3059) (not #3678)))
with max_conflicts: 1500
Batch manager splitting on literal: (or (if (or #19340 #19347) (not #19351) (not #19361)) (not (or #4126 #4156 #4192 #19340 #19341 #19347 #19353 #19356 #19359 #19281 #19326 #19342 #19285)) (not (or #19362 #19286 #19288 #19323 #19358 #19322 #19321 #19298 #19319 #19305 #19307 #19309 #19224 #19226)) (not (or #19362 #19286 #19268)) (not (or #19362 #19286 #19244)) (not (or #19261 #19362 #19286 #19319)) (not (or #19218 #19205)))
Batch manager splitting on literal: (= i844 1)
null (o)
  (or (not (or #19362 #19286 #19227 #19263 #19187 #19259 #19192 #19219 #19211 #19123 #19136 #19139 #19060 #19065 #19069 #19106 ...)) (not (or #19093 #19123 #12678 #19000 #19054 #19052 #19101 #19014 #19018 #19022 #19055 #19034 #19050 #18947 #18948 #19048 ...)) (not (or #19089 #18274)) (not (or #19089 #18838)) (not (or #19123 #19089 #12678 #18882)) (not (or #19123 #19089 #12678 #19000 #18861)) (not (or #19093 #19123 #19089 #12678 #19000 #19054 #19052 #19101 #19014 #19018 #19022 #19055 #19034 #19050 #18947 #18948 ...)) (not (or #19093 #19123 #19089 #12678 #19000 #19054 #19052 #19101 #19014 #19018 #19022 #19055 #19034 #19050 #18947 #18948 ...)) (not (or #19093 #19123 #19089 #12678 #19000 #19054 #19052 #19101 #19014 #19018 #19022 #19055 #19034 #19050 #18947 #18948 ...)) (not (or #19123 #19089 #12678 #19000 #19054 #18809)) (not (or #19123 #19089 #12678 #19000 #19054 #18807)) (not (or #18832 #18714))) (a)
  (not (or (not #19110) (not #18852) (not #18276) (not #18243) (not #18887) (not #18862) (not #18269) (not #18867) (not #18870) (not #18780) (not #18834) (not #18715))) (a)

Worker 2 CUBE SIZE IN MAIN LOOP: 1
 Checking cube
(or (not (or #1803 #1840 #1895 #1914 #1922 #1928 #2009 #2022 #2342 #2344 #2368 #2382 #2399 #2407 #2414 #2421 ...)) (not (or #2042 #2344 #2480 #2488 #2490 #2496 #2502 #2511 #2517 #2523 #2529 #2538 #2545 #2547 #2549 #2551 ...)) (not (or #2478 #2983)) (not (or #2478 #2991)) (not (or #2344 #2478 #2480 #2999)) (not (or #2344 #2478 #2480 #2488 #3007)) (not (or #2042 #2344 #2478 #2480 #2488 #2490 #2496 #2502 #2511 #2517 #2523 #2529 #2538 #2545 #2547 #2549 ...)) (not (or #2042 #2344 #2478 #2480 #2488 #2490 #2496 #2502 #2511 #2517 #2523 #2529 #2538 #2545 #2547 #2549 ...)) (not (or #2042 #2344 #2478 #2480 #2488 #2490 #2496 #2502 #2511 #2517 #2523 #2529 #2538 #2545 #2547 #2549 ...)) (not (or #2344 #2478 #2480 #2488 #2490 #3049)) (not (or #2344 #2478 #2480 #2488 #2490 #3058)) (not (or #3068 #3677)))
with max_conflicts: 1500
null (o)
  (or (not (or #19362 #19286 #19227 #19263 #19187 #19259 #19192 #19219 #19211 #19123 #19136 #19139 #19060 #19065 #19069 #19106 ...)) (not (or #19093 #19123 #12678 #19000 #19054 #19052 #19101 #19014 #19018 #19022 #19055 #19034 #19050 #18947 #18948 #19048 ...)) (not (or #19089 #18274)) (not (or #19089 #18838)) (not (or #19123 #19089 #12678 #18882)) (not (or #19123 #19089 #12678 #19000 #18861)) (not (or #19093 #19123 #19089 #12678 #19000 #19054 #19052 #19101 #19014 #19018 #19022 #19055 #19034 #19050 #18947 #18948 ...)) (not (or #19093 #19123 #19089 #12678 #19000 #19054 #19052 #19101 #19014 #19018 #19022 #19055 #19034 #19050 #18947 #18948 ...)) (not (or #19093 #19123 #19089 #12678 #19000 #19054 #19052 #19101 #19014 #19018 #19022 #19055 #19034 #19050 #18947 #18948 ...)) (not (or #19123 #19089 #12678 #19000 #19054 #18809)) (not (or #19123 #19089 #12678 #19000 #19054 #18807)) (not (or #18832 #18714))) (a)
  (not (or (not #19110) (not #18852) (not #18276) (not #18243) (not #18887) (not #18862) (not #18269) (not #18867) (not #18870) (not #18780) (not #18834) (not #18715))) (a)

Worker 1 CUBE SIZE IN MAIN LOOP: 1
 Checking cube
(or (not (or #1803 #1840 #1895 #1914 #1922 #1928 #2009 #2022 #2342 #2344 #2368 #2382 #2399 #2407 #2414 #2421 ...)) (not (or #2042 #2344 #2480 #2488 #2490 #2496 #2502 #2511 #2517 #2523 #2529 #2538 #2545 #2547 #2549 #2551 ...)) (not (or #2478 #2983)) (not (or #2478 #2991)) (not (or #2344 #2478 #2480 #2999)) (not (or #2344 #2478 #2480 #2488 #3007)) (not (or #2042 #2344 #2478 #2480 #2488 #2490 #2496 #2502 #2511 #2517 #2523 #2529 #2538 #2545 #2547 #2549 ...)) (not (or #2042 #2344 #2478 #2480 #2488 #2490 #2496 #2502 #2511 #2517 #2523 #2529 #2538 #2545 #2547 #2549 ...)) (not (or #2042 #2344 #2478 #2480 #2488 #2490 #2496 #2502 #2511 #2517 #2523 #2529 #2538 #2545 #2547 #2549 ...)) (not (or #2344 #2478 #2480 #2488 #2490 #3049)) (not (or #2344 #2478 #2480 #2488 #2490 #3058)) (not (or #3068 #3677)))
with max_conflicts: 1500
Worker 0 DONE checking cube l_false
Worker 0 found unsat cube
Batch manager backtracking.
(not (or (not #2477) (not #2971) (not #2984) (not #2992) (not #3000) (not #3008) (not #3012) (not #3016) (not #3023) (not #3050) (not #3059) (not #3678)))

null (o)
  (or (not (or #19362 #19286 #19227 #19263 #19187 #19259 #19192 #19219 #19211 #19123 #19136 #19139 #19060 #19065 #19069 #19106 ...)) (not (or #19093 #19123 #12678 #19000 #19054 #19052 #19101 #19014 #19018 #19022 #19055 #19034 #19050 #18947 #18948 #19048 ...)) (not (or #19089 #18274)) (not (or #19089 #18838)) (not (or #19123 #19089 #12678 #18882)) (not (or #19123 #19089 #12678 #19000 #18861)) (not (or #19093 #19123 #19089 #12678 #19000 #19054 #19052 #19101 #19014 #19018 #19022 #19055 #19034 #19050 #18947 #18948 ...)) (not (or #19093 #19123 #19089 #12678 #19000 #19054 #19052 #19101 #19014 #19018 #19022 #19055 #19034 #19050 #18947 #18948 ...)) (not (or #19093 #19123 #19089 #12678 #19000 #19054 #19052 #19101 #19014 #19018 #19022 #19055 #19034 #19050 #18947 #18948 ...)) (not (or #19123 #19089 #12678 #19000 #19054 #18809)) (not (or #19123 #19089 #12678 #19000 #19054 #18807)) (not (or #18832 #18714))) (a)
  (not (or (not #19110) (not #18852) (not #18276) (not #18243) (not #18887) (not #18862) (not #18269) (not #18867) (not #18870) (not #18780) (not #18834) (not #18715))) (c)
null (o)
  (or (not (or #19362 #19286 #19227 #19263 #19187 #19259 #19192 #19219 #19211 #19123 #19136 #19139 #19060 #19065 #19069 #19106 ...)) (not (or #19093 #19123 #12678 #19000 #19054 #19052 #19101 #19014 #19018 #19022 #19055 #19034 #19050 #18947 #18948 #19048 ...)) (not (or #19089 #18274)) (not (or #19089 #18838)) (not (or #19123 #19089 #12678 #18882)) (not (or #19123 #19089 #12678 #19000 #18861)) (not (or #19093 #19123 #19089 #12678 #19000 #19054 #19052 #19101 #19014 #19018 #19022 #19055 #19034 #19050 #18947 #18948 ...)) (not (or #19093 #19123 #19089 #12678 #19000 #19054 #19052 #19101 #19014 #19018 #19022 #19055 #19034 #19050 #18947 #18948 ...)) (not (or #19093 #19123 #19089 #12678 #19000 #19054 #19052 #19101 #19014 #19018 #19022 #19055 #19034 #19050 #18947 #18948 ...)) (not (or #19123 #19089 #12678 #19000 #19054 #18809)) (not (or #19123 #19089 #12678 #19000 #19054 #18807)) (not (or #18832 #18714))) (a)
  (not (or (not #19110) (not #18852) (not #18276) (not #18243) (not #18887) (not #18862) (not #18269) (not #18867) (not #18870) (not #18780) (not #18834) (not #18715))) (c)

Worker 0 CUBE SIZE IN MAIN LOOP: 1
 Checking cube
(or (not (or #1803 #1840 #1895 #1914 #1922 #1928 #2009 #2022 #2342 #2344 #2368 #2382 #2399 #2407 #2414 #2421 ...)) (not (or #2042 #2344 #2480 #2488 #2490 #2496 #2502 #2511 #2517 #2523 #2529 #2538 #2545 #2547 #2549 #2551 ...)) (not (or #2478 #2983)) (not (or #2478 #2991)) (not (or #2344 #2478 #2480 #2999)) (not (or #2344 #2478 #2480 #2488 #3007)) (not (or #2042 #2344 #2478 #2480 #2488 #2490 #2496 #2502 #2511 #2517 #2523 #2529 #2538 #2545 #2547 #2549 ...)) (not (or #2042 #2344 #2478 #2480 #2488 #2490 #2496 #2502 #2511 #2517 #2523 #2529 #2538 #2545 #2547 #2549 ...)) (not (or #2042 #2344 #2478 #2480 #2488 #2490 #2496 #2502 #2511 #2517 #2523 #2529 #2538 #2545 #2547 #2549 ...)) (not (or #2344 #2478 #2480 #2488 #2490 #3049)) (not (or #2344 #2478 #2480 #2488 #2490 #3058)) (not (or #3068 #3677)))
with max_conflicts: 1500
Worker 3 DONE checking cube l_undef
Worker 3 found undef cube
Batch manager splitting on literal: (= i844 1)
null (o)
  (or (not (or #19362 #19286 #19227 #19263 #19187 #19259 #19192 #19219 #19211 #19123 #19136 #19139 #19060 #19065 #19069 #19106 ...)) (not (or #19093 #19123 #12678 #19000 #19054 #19052 #19101 #19014 #19018 #19022 #19055 #19034 #19050 #18947 #18948 #19048 ...)) (not (or #19089 #18274)) (not (or #19089 #18838)) (not (or #19123 #19089 #12678 #18882)) (not (or #19123 #19089 #12678 #19000 #18861)) (not (or #19093 #19123 #19089 #12678 #19000 #19054 #19052 #19101 #19014 #19018 #19022 #19055 #19034 #19050 #18947 #18948 ...)) (not (or #19093 #19123 #19089 #12678 #19000 #19054 #19052 #19101 #19014 #19018 #19022 #19055 #19034 #19050 #18947 #18948 ...)) (not (or #19093 #19123 #19089 #12678 #19000 #19054 #19052 #19101 #19014 #19018 #19022 #19055 #19034 #19050 #18947 #18948 ...)) (not (or #19123 #19089 #12678 #19000 #19054 #18809)) (not (or #19123 #19089 #12678 #19000 #19054 #18807)) (not (or #18832 #18714))) (o)
    (= i844 1) (o)
    (not (= i844 1)) (a)
  (not (or (not #19110) (not #18852) (not #18276) (not #18243) (not #18887) (not #18862) (not #18269) (not #18867) (not #18870) (not #18780) (not #18834) (not #18715))) (c)

Worker 3 CUBE SIZE IN MAIN LOOP: 2
 Checking cube
(not (= i844 1))
(or (not (or #1803 #1840 #1895 #1914 #1922 #1928 #2009 #2022 #2342 #2344 #2368 #2382 #2399 #2407 #2414 #2421 ...)) (not (or #2042 #2344 #2480 #2488 #2490 #2496 #2502 #2511 #2517 #2523 #2529 #2538 #2545 #2547 #2549 #2551 ...)) (not (or #2478 #2983)) (not (or #2478 #2991)) (not (or #2344 #2478 #2480 #2999)) (not (or #2344 #2478 #2480 #2488 #3007)) (not (or #2042 #2344 #2478 #2480 #2488 #2490 #2496 #2502 #2511 #2517 #2523 #2529 #2538 #2545 #2547 #2549 ...)) (not (or #2042 #2344 #2478 #2480 #2488 #2490 #2496 #2502 #2511 #2517 #2523 #2529 #2538 #2545 #2547 #2549 ...)) (not (or #2042 #2344 #2478 #2480 #2488 #2490 #2496 #2502 #2511 #2517 #2523 #2529 #2538 #2545 #2547 #2549 ...)) (not (or #2344 #2478 #2480 #2488 #2490 #3049)) (not (or #2344 #2478 #2480 #2488 #2490 #3058)) (not (or #3068 #3677)))
with max_conflicts: 2250
Worker 2 DONE checking cube l_undef
Worker 2 found undef cube
Batch manager splitting on literal: (= i844 1)
null (o)
  (or (not (or #19362 #19286 #19227 #19263 #19187 #19259 #19192 #19219 #19211 #19123 #19136 #19139 #19060 #19065 #19069 #19106 ...)) (not (or #19093 #19123 #12678 #19000 #19054 #19052 #19101 #19014 #19018 #19022 #19055 #19034 #19050 #18947 #18948 #19048 ...)) (not (or #19089 #18274)) (not (or #19089 #18838)) (not (or #19123 #19089 #12678 #18882)) (not (or #19123 #19089 #12678 #19000 #18861)) (not (or #19093 #19123 #19089 #12678 #19000 #19054 #19052 #19101 #19014 #19018 #19022 #19055 #19034 #19050 #18947 #18948 ...)) (not (or #19093 #19123 #19089 #12678 #19000 #19054 #19052 #19101 #19014 #19018 #19022 #19055 #19034 #19050 #18947 #18948 ...)) (not (or #19093 #19123 #19089 #12678 #19000 #19054 #19052 #19101 #19014 #19018 #19022 #19055 #19034 #19050 #18947 #18948 ...)) (not (or #19123 #19089 #12678 #19000 #19054 #18809)) (not (or #19123 #19089 #12678 #19000 #19054 #18807)) (not (or #18832 #18714))) (o)
    (= i844 1) (a)
    (not (= i844 1)) (a)
  (not (or (not #19110) (not #18852) (not #18276) (not #18243) (not #18887) (not #18862) (not #18269) (not #18867) (not #18870) (not #18780) (not #18834) (not #18715))) (c)

Worker 2 CUBE SIZE IN MAIN LOOP: 2
 Checking cube
(= i844 1)
(or (not (or #1803 #1840 #1895 #1914 #1922 #1928 #2009 #2022 #2342 #2344 #2368 #2382 #2399 #2407 #2414 #2421 ...)) (not (or #2042 #2344 #2480 #2488 #2490 #2496 #2502 #2511 #2517 #2523 #2529 #2538 #2545 #2547 #2549 #2551 ...)) (not (or #2478 #2983)) (not (or #2478 #2991)) (not (or #2344 #2478 #2480 #2999)) (not (or #2344 #2478 #2480 #2488 #3007)) (not (or #2042 #2344 #2478 #2480 #2488 #2490 #2496 #2502 #2511 #2517 #2523 #2529 #2538 #2545 #2547 #2549 ...)) (not (or #2042 #2344 #2478 #2480 #2488 #2490 #2496 #2502 #2511 #2517 #2523 #2529 #2538 #2545 #2547 #2549 ...)) (not (or #2042 #2344 #2478 #2480 #2488 #2490 #2496 #2502 #2511 #2517 #2523 #2529 #2538 #2545 #2547 #2549 ...)) (not (or #2344 #2478 #2480 #2488 #2490 #3049)) (not (or #2344 #2478 #2480 #2488 #2490 #3058)) (not (or #3068 #3677)))
with max_conflicts: 2250
Worker 3 DONE checking cube l_false
Worker 3 found unsat cube
Batch manager backtracking.
(not (= i844 1))
(or (not (or #1803 #1840 #1895 #1914 #1922 #1928 #2009 #2022 #2342 #2344 #2368 #2382 #2399 #2407 #2414 #2421 ...)) (not (or #2042 #2344 #2480 #2488 #2490 #2496 #2502 #2511 #2517 #2523 #2529 #2538 #2545 #2547 #2549 #2551 ...)) (not (or #2478 #2983)) (not (or #2478 #2991)) (not (or #2344 #2478 #2480 #2999)) (not (or #2344 #2478 #2480 #2488 #3007)) (not (or #2042 #2344 #2478 #2480 #2488 #2490 #2496 #2502 #2511 #2517 #2523 #2529 #2538 #2545 #2547 #2549 ...)) (not (or #2042 #2344 #2478 #2480 #2488 #2490 #2496 #2502 #2511 #2517 #2523 #2529 #2538 #2545 #2547 #2549 ...)) (not (or #2042 #2344 #2478 #2480 #2488 #2490 #2496 #2502 #2511 #2517 #2523 #2529 #2538 #2545 #2547 #2549 ...)) (not (or #2344 #2478 #2480 #2488 #2490 #3049)) (not (or #2344 #2478 #2480 #2488 #2490 #3058)) (not (or #3068 #3677)))

null (o)
  (or (not (or #19362 #19286 #19227 #19263 #19187 #19259 #19192 #19219 #19211 #19123 #19136 #19139 #19060 #19065 #19069 #19106 ...)) (not (or #19093 #19123 #12678 #19000 #19054 #19052 #19101 #19014 #19018 #19022 #19055 #19034 #19050 #18947 #18948 #19048 ...)) (not (or #19089 #18274)) (not (or #19089 #18838)) (not (or #19123 #19089 #12678 #18882)) (not (or #19123 #19089 #12678 #19000 #18861)) (not (or #19093 #19123 #19089 #12678 #19000 #19054 #19052 #19101 #19014 #19018 #19022 #19055 #19034 #19050 #18947 #18948 ...)) (not (or #19093 #19123 #19089 #12678 #19000 #19054 #19052 #19101 #19014 #19018 #19022 #19055 #19034 #19050 #18947 #18948 ...)) (not (or #19093 #19123 #19089 #12678 #19000 #19054 #19052 #19101 #19014 #19018 #19022 #19055 #19034 #19050 #18947 #18948 ...)) (not (or #19123 #19089 #12678 #19000 #19054 #18809)) (not (or #19123 #19089 #12678 #19000 #19054 #18807)) (not (or #18832 #18714))) (o)
    (= i844 1) (a)
    (not (= i844 1)) (c)
  (not (or (not #19110) (not #18852) (not #18276) (not #18243) (not #18887) (not #18862) (not #18269) (not #18867) (not #18870) (not #18780) (not #18834) (not #18715))) (c)
null (o)
  (or (not (or #19362 #19286 #19227 #19263 #19187 #19259 #19192 #19219 #19211 #19123 #19136 #19139 #19060 #19065 #19069 #19106 ...)) (not (or #19093 #19123 #12678 #19000 #19054 #19052 #19101 #19014 #19018 #19022 #19055 #19034 #19050 #18947 #18948 #19048 ...)) (not (or #19089 #18274)) (not (or #19089 #18838)) (not (or #19123 #19089 #12678 #18882)) (not (or #19123 #19089 #12678 #19000 #18861)) (not (or #19093 #19123 #19089 #12678 #19000 #19054 #19052 #19101 #19014 #19018 #19022 #19055 #19034 #19050 #18947 #18948 ...)) (not (or #19093 #19123 #19089 #12678 #19000 #19054 #19052 #19101 #19014 #19018 #19022 #19055 #19034 #19050 #18947 #18948 ...)) (not (or #19093 #19123 #19089 #12678 #19000 #19054 #19052 #19101 #19014 #19018 #19022 #19055 #19034 #19050 #18947 #18948 ...)) (not (or #19123 #19089 #12678 #19000 #19054 #18809)) (not (or #19123 #19089 #12678 #19000 #19054 #18807)) (not (or #18832 #18714))) (o)
    (= i844 1) (a)
    (not (= i844 1)) (c)
  (not (or (not #19110) (not #18852) (not #18276) (not #18243) (not #18887) (not #18862) (not #18269) (not #18867) (not #18870) (not #18780) (not #18834) (not #18715))) (c)

Worker 3 CUBE SIZE IN MAIN LOOP: 2
 Checking cube
(= i844 1)
(or (not (or #1803 #1840 #1895 #1914 #1922 #1928 #2009 #2022 #2342 #2344 #2368 #2382 #2399 #2407 #2414 #2421 ...)) (not (or #2042 #2344 #2480 #2488 #2490 #2496 #2502 #2511 #2517 #2523 #2529 #2538 #2545 #2547 #2549 #2551 ...)) (not (or #2478 #2983)) (not (or #2478 #2991)) (not (or #2344 #2478 #2480 #2999)) (not (or #2344 #2478 #2480 #2488 #3007)) (not (or #2042 #2344 #2478 #2480 #2488 #2490 #2496 #2502 #2511 #2517 #2523 #2529 #2538 #2545 #2547 #2549 ...)) (not (or #2042 #2344 #2478 #2480 #2488 #2490 #2496 #2502 #2511 #2517 #2523 #2529 #2538 #2545 #2547 #2549 ...)) (not (or #2042 #2344 #2478 #2480 #2488 #2490 #2496 #2502 #2511 #2517 #2523 #2529 #2538 #2545 #2547 #2549 ...)) (not (or #2344 #2478 #2480 #2488 #2490 #3049)) (not (or #2344 #2478 #2480 #2488 #2490 #3058)) (not (or #3068 #3677)))
with max_conflicts: 2250
Worker 0 DONE checking cube l_undef
Worker 0 found undef cube
Batch manager splitting on literal: (= i844 1)
null (o)
  (or (not (or #19362 #19286 #19227 #19263 #19187 #19259 #19192 #19219 #19211 #19123 #19136 #19139 #19060 #19065 #19069 #19106 ...)) (not (or #19093 #19123 #12678 #19000 #19054 #19052 #19101 #19014 #19018 #19022 #19055 #19034 #19050 #18947 #18948 #19048 ...)) (not (or #19089 #18274)) (not (or #19089 #18838)) (not (or #19123 #19089 #12678 #18882)) (not (or #19123 #19089 #12678 #19000 #18861)) (not (or #19093 #19123 #19089 #12678 #19000 #19054 #19052 #19101 #19014 #19018 #19022 #19055 #19034 #19050 #18947 #18948 ...)) (not (or #19093 #19123 #19089 #12678 #19000 #19054 #19052 #19101 #19014 #19018 #19022 #19055 #19034 #19050 #18947 #18948 ...)) (not (or #19093 #19123 #19089 #12678 #19000 #19054 #19052 #19101 #19014 #19018 #19022 #19055 #19034 #19050 #18947 #18948 ...)) (not (or #19123 #19089 #12678 #19000 #19054 #18809)) (not (or #19123 #19089 #12678 #19000 #19054 #18807)) (not (or #18832 #18714))) (o)
    (= i844 1) (a)
    (not (= i844 1)) (c)
  (not (or (not #19110) (not #18852) (not #18276) (not #18243) (not #18887) (not #18862) (not #18269) (not #18867) (not #18870) (not #18780) (not #18834) (not #18715))) (c)

Worker 0 CUBE SIZE IN MAIN LOOP: 2
 Checking cube
(= i844 1)
(or (not (or #1803 #1840 #1895 #1914 #1922 #1928 #2009 #2022 #2342 #2344 #2368 #2382 #2399 #2407 #2414 #2421 ...)) (not (or #2042 #2344 #2480 #2488 #2490 #2496 #2502 #2511 #2517 #2523 #2529 #2538 #2545 #2547 #2549 #2551 ...)) (not (or #2478 #2983)) (not (or #2478 #2991)) (not (or #2344 #2478 #2480 #2999)) (not (or #2344 #2478 #2480 #2488 #3007)) (not (or #2042 #2344 #2478 #2480 #2488 #2490 #2496 #2502 #2511 #2517 #2523 #2529 #2538 #2545 #2547 #2549 ...)) (not (or #2042 #2344 #2478 #2480 #2488 #2490 #2496 #2502 #2511 #2517 #2523 #2529 #2538 #2545 #2547 #2549 ...)) (not (or #2042 #2344 #2478 #2480 #2488 #2490 #2496 #2502 #2511 #2517 #2523 #2529 #2538 #2545 #2547 #2549 ...)) (not (or #2344 #2478 #2480 #2488 #2490 #3049)) (not (or #2344 #2478 #2480 #2488 #2490 #3058)) (not (or #3068 #3677)))
with max_conflicts: 2250
Worker 1 DONE checking cube l_undef
Worker 1 found undef cube
Batch manager splitting on literal: (or (if (or #19340 #19347) (not #19351) (not #19361)) (not (or #4126 #4156 #4192 #19340 #19341 #19347 #19353 #19356 #19359 #19281 #19326 #19342 #19285)) (not (or #19362 #19286 #19288 #19323 #19358 #19322 #19321 #19298 #19319 #19305 #19307 #19309 #19224 #19226)) (not (or #19362 #19286 #19268)) (not (or #19362 #19286 #19244)) (not (or #19261 #19362 #19286 #19319)) (not (or #19218 #19205)))
null (o)
  (or (not (or #19362 #19286 #19227 #19263 #19187 #19259 #19192 #19219 #19211 #19123 #19136 #19139 #19060 #19065 #19069 #19106 ...)) (not (or #19093 #19123 #12678 #19000 #19054 #19052 #19101 #19014 #19018 #19022 #19055 #19034 #19050 #18947 #18948 #19048 ...)) (not (or #19089 #18274)) (not (or #19089 #18838)) (not (or #19123 #19089 #12678 #18882)) (not (or #19123 #19089 #12678 #19000 #18861)) (not (or #19093 #19123 #19089 #12678 #19000 #19054 #19052 #19101 #19014 #19018 #19022 #19055 #19034 #19050 #18947 #18948 ...)) (not (or #19093 #19123 #19089 #12678 #19000 #19054 #19052 #19101 #19014 #19018 #19022 #19055 #19034 #19050 #18947 #18948 ...)) (not (or #19093 #19123 #19089 #12678 #19000 #19054 #19052 #19101 #19014 #19018 #19022 #19055 #19034 #19050 #18947 #18948 ...)) (not (or #19123 #19089 #12678 #19000 #19054 #18809)) (not (or #19123 #19089 #12678 #19000 #19054 #18807)) (not (or #18832 #18714))) (o)
    (= i844 1) (a)
    (not (= i844 1)) (c)
  (not (or (not #19110) (not #18852) (not #18276) (not #18243) (not #18887) (not #18862) (not #18269) (not #18867) (not #18870) (not #18780) (not #18834) (not #18715))) (c)

Worker 1 CUBE SIZE IN MAIN LOOP: 2
 Checking cube
(= i844 1)
(or (not (or #1803 #1840 #1895 #1914 #1922 #1928 #2009 #2022 #2342 #2344 #2368 #2382 #2399 #2407 #2414 #2421 ...)) (not (or #2042 #2344 #2480 #2488 #2490 #2496 #2502 #2511 #2517 #2523 #2529 #2538 #2545 #2547 #2549 #2551 ...)) (not (or #2478 #2983)) (not (or #2478 #2991)) (not (or #2344 #2478 #2480 #2999)) (not (or #2344 #2478 #2480 #2488 #3007)) (not (or #2042 #2344 #2478 #2480 #2488 #2490 #2496 #2502 #2511 #2517 #2523 #2529 #2538 #2545 #2547 #2549 ...)) (not (or #2042 #2344 #2478 #2480 #2488 #2490 #2496 #2502 #2511 #2517 #2523 #2529 #2538 #2545 #2547 #2549 ...)) (not (or #2042 #2344 #2478 #2480 #2488 #2490 #2496 #2502 #2511 #2517 #2523 #2529 #2538 #2545 #2547 #2549 ...)) (not (or #2344 #2478 #2480 #2488 #2490 #3049)) (not (or #2344 #2478 #2480 #2488 #2490 #3058)) (not (or #3068 #3677)))
with max_conflicts: 2250
Worker 2 DONE checking cube l_undef
Worker 2 found undef cube
Batch manager splitting on literal: (or (not (or #19362 #19286 #19227 #19263 #19187 #19259 #19192 #19219 #19211)) (not (or #19362 #19286 #19227 #19263 #19187 #19259 #19192 #19219 #19211 #19123 #19136 #19139 #19060 #19065 #19069 #19106 ...)) (not (or #4126 #4151 #19339 #19340 #19347 #19362 #19281 #19334 #19286 #19323 #19319 #19305 #19227 #19315 #19313 #19270 ...)) (not (or #4126 #4151 #19339 #19340 #19347 #19362 #19281 #19334 #19286 #19323 #19319 #19305 #19227 #19315 #19313 #19270 ...)) (not (or #4126 #4151 #19339 #19340 #19347 #19362 #19281 #19334 #19286 #19323 #19319 #19305 #19227 #19315 #19313 #19270 ...)) (not (or #19192 #19123 #19004)) (not (or #19192 #19123 #19136 #19008)) (not (or #19192 #19123 #19136 #19013)) (not (or #19018 #18831)))
null (o)
  (or (not (or #19362 #19286 #19227 #19263 #19187 #19259 #19192 #19219 #19211 #19123 #19136 #19139 #19060 #19065 #19069 #19106 ...)) (not (or #19093 #19123 #12678 #19000 #19054 #19052 #19101 #19014 #19018 #19022 #19055 #19034 #19050 #18947 #18948 #19048 ...)) (not (or #19089 #18274)) (not (or #19089 #18838)) (not (or #19123 #19089 #12678 #18882)) (not (or #19123 #19089 #12678 #19000 #18861)) (not (or #19093 #19123 #19089 #12678 #19000 #19054 #19052 #19101 #19014 #19018 #19022 #19055 #19034 #19050 #18947 #18948 ...)) (not (or #19093 #19123 #19089 #12678 #19000 #19054 #19052 #19101 #19014 #19018 #19022 #19055 #19034 #19050 #18947 #18948 ...)) (not (or #19093 #19123 #19089 #12678 #19000 #19054 #19052 #19101 #19014 #19018 #19022 #19055 #19034 #19050 #18947 #18948 ...)) (not (or #19123 #19089 #12678 #19000 #19054 #18809)) (not (or #19123 #19089 #12678 #19000 #19054 #18807)) (not (or #18832 #18714))) (o)
    (= i844 1) (o)
      (or (not (or #19362 #19286 #19227 #19263 #19187 #19259 #19192 #19219 #19211)) (not (or #19362 #19286 #19227 #19263 #19187 #19259 #19192 #19219 #19211 #19123 #19136 #19139 #19060 #19065 #19069 #19106 ...)) (not (or #4126 #4151 #19339 #19340 #19347 #19362 #19281 #19334 #19286 #19323 #19319 #19305 #19227 #19315 #19313 #19270 ...)) (not (or #4126 #4151 #19339 #19340 #19347 #19362 #19281 #19334 #19286 #19323 #19319 #19305 #19227 #19315 #19313 #19270 ...)) (not (or #4126 #4151 #19339 #19340 #19347 #19362 #19281 #19334 #19286 #19323 #19319 #19305 #19227 #19315 #19313 #19270 ...)) (not (or #19192 #19123 #19004)) (not (or #19192 #19123 #19136 #19008)) (not (or #19192 #19123 #19136 #19013)) (not (or #19018 #18831))) (a)
      (not (or (not #19122) (not #19110) (not #19094) (not #19028) (not #19105) (not #19005) (not #19009) (not #19099) (not #18876))) (o)
    (not (= i844 1)) (c)
  (not (or (not #19110) (not #18852) (not #18276) (not #18243) (not #18887) (not #18862) (not #18269) (not #18867) (not #18870) (not #18780) (not #18834) (not #18715))) (c)

Worker 2 CUBE SIZE IN MAIN LOOP: 3
 Checking cube
(or (not (or #1803 #1840 #1895 #1914 #1922 #1928 #2009 #2022 #2342)) (not (or #1803 #1840 #1895 #1914 #1922 #1928 #2009 #2022 #2342 #2344 #2368 #2382 #2399 #2407 #2414 #2421 ...)) (not (or #28 #30 #1499 #1504 #1788 #1803 #1819 #1822 #1840 #1849 #1874 #1880 #1895 #1953 #1959 #1986 ...)) (not (or #28 #30 #1499 #1504 #1788 #1803 #1819 #1822 #1840 #1849 #1874 #1880 #1895 #1953 #1959 #1986 ...)) (not (or #28 #30 #1499 #1504 #1788 #1803 #1819 #1822 #1840 #1849 #1874 #1880 #1895 #1953 #1959 #1986 ...)) (not (or #2009 #2344 #2494)) (not (or #2009 #2344 #2368 #2500)) (not (or #2009 #2344 #2368 #2509)) (not (or #2517 #3072)))
(= i844 1)
(or (not (or #1803 #1840 #1895 #1914 #1922 #1928 #2009 #2022 #2342 #2344 #2368 #2382 #2399 #2407 #2414 #2421 ...)) (not (or #2042 #2344 #2480 #2488 #2490 #2496 #2502 #2511 #2517 #2523 #2529 #2538 #2545 #2547 #2549 #2551 ...)) (not (or #2478 #2983)) (not (or #2478 #2991)) (not (or #2344 #2478 #2480 #2999)) (not (or #2344 #2478 #2480 #2488 #3007)) (not (or #2042 #2344 #2478 #2480 #2488 #2490 #2496 #2502 #2511 #2517 #2523 #2529 #2538 #2545 #2547 #2549 ...)) (not (or #2042 #2344 #2478 #2480 #2488 #2490 #2496 #2502 #2511 #2517 #2523 #2529 #2538 #2545 #2547 #2549 ...)) (not (or #2042 #2344 #2478 #2480 #2488 #2490 #2496 #2502 #2511 #2517 #2523 #2529 #2538 #2545 #2547 #2549 ...)) (not (or #2344 #2478 #2480 #2488 #2490 #3049)) (not (or #2344 #2478 #2480 #2488 #2490 #3058)) (not (or #3068 #3677)))
with max_conflicts: 3375
Worker 3 DONE checking cube l_undef
Worker 3 found undef cube
Batch manager splitting on literal: (or (not (= i844 1)) (= i1041 0) (not (or #4126 #4151 #4182)) (if (or #4126 #4151) (not #19336) (not #19416)) (not (or #4126 #4156 #19417 #19341 #19415 #19345)) (if (or #19340 #19347) (not #19351) (not #19361)) (if (or #19340 #19347) (= #19349 0) (not #19366)) (not (or #4126 #4151 #19339 #19340 #19347 #19334)) (not (or #4126 #4151 #19339 #19334)))
null (o)
  (or (not (or #19362 #19286 #19227 #19263 #19187 #19259 #19192 #19219 #19211 #19123 #19136 #19139 #19060 #19065 #19069 #19106 ...)) (not (or #19093 #19123 #12678 #19000 #19054 #19052 #19101 #19014 #19018 #19022 #19055 #19034 #19050 #18947 #18948 #19048 ...)) (not (or #19089 #18274)) (not (or #19089 #18838)) (not (or #19123 #19089 #12678 #18882)) (not (or #19123 #19089 #12678 #19000 #18861)) (not (or #19093 #19123 #19089 #12678 #19000 #19054 #19052 #19101 #19014 #19018 #19022 #19055 #19034 #19050 #18947 #18948 ...)) (not (or #19093 #19123 #19089 #12678 #19000 #19054 #19052 #19101 #19014 #19018 #19022 #19055 #19034 #19050 #18947 #18948 ...)) (not (or #19093 #19123 #19089 #12678 #19000 #19054 #19052 #19101 #19014 #19018 #19022 #19055 #19034 #19050 #18947 #18948 ...)) (not (or #19123 #19089 #12678 #19000 #19054 #18809)) (not (or #19123 #19089 #12678 #19000 #19054 #18807)) (not (or #18832 #18714))) (o)
    (= i844 1) (o)
      (or (not (or #19362 #19286 #19227 #19263 #19187 #19259 #19192 #19219 #19211)) (not (or #19362 #19286 #19227 #19263 #19187 #19259 #19192 #19219 #19211 #19123 #19136 #19139 #19060 #19065 #19069 #19106 ...)) (not (or #4126 #4151 #19339 #19340 #19347 #19362 #19281 #19334 #19286 #19323 #19319 #19305 #19227 #19315 #19313 #19270 ...)) (not (or #4126 #4151 #19339 #19340 #19347 #19362 #19281 #19334 #19286 #19323 #19319 #19305 #19227 #19315 #19313 #19270 ...)) (not (or #4126 #4151 #19339 #19340 #19347 #19362 #19281 #19334 #19286 #19323 #19319 #19305 #19227 #19315 #19313 #19270 ...)) (not (or #19192 #19123 #19004)) (not (or #19192 #19123 #19136 #19008)) (not (or #19192 #19123 #19136 #19013)) (not (or #19018 #18831))) (a)
      (not (or (not #19122) (not #19110) (not #19094) (not #19028) (not #19105) (not #19005) (not #19009) (not #19099) (not #18876))) (a)
    (not (= i844 1)) (c)
  (not (or (not #19110) (not #18852) (not #18276) (not #18243) (not #18887) (not #18862) (not #18269) (not #18867) (not #18870) (not #18780) (not #18834) (not #18715))) (c)

Worker 3 CUBE SIZE IN MAIN LOOP: 3
 Checking cube
(not (or (not #2343) (not #2477) (not #2479) (not #2486) (not #2489) (not #2495) (not #2501) (not #2510) (not #3073)))
(= i844 1)
(or (not (or #1803 #1840 #1895 #1914 #1922 #1928 #2009 #2022 #2342 #2344 #2368 #2382 #2399 #2407 #2414 #2421 ...)) (not (or #2042 #2344 #2480 #2488 #2490 #2496 #2502 #2511 #2517 #2523 #2529 #2538 #2545 #2547 #2549 #2551 ...)) (not (or #2478 #2983)) (not (or #2478 #2991)) (not (or #2344 #2478 #2480 #2999)) (not (or #2344 #2478 #2480 #2488 #3007)) (not (or #2042 #2344 #2478 #2480 #2488 #2490 #2496 #2502 #2511 #2517 #2523 #2529 #2538 #2545 #2547 #2549 ...)) (not (or #2042 #2344 #2478 #2480 #2488 #2490 #2496 #2502 #2511 #2517 #2523 #2529 #2538 #2545 #2547 #2549 ...)) (not (or #2042 #2344 #2478 #2480 #2488 #2490 #2496 #2502 #2511 #2517 #2523 #2529 #2538 #2545 #2547 #2549 ...)) (not (or #2344 #2478 #2480 #2488 #2490 #3049)) (not (or #2344 #2478 #2480 #2488 #2490 #3058)) (not (or #3068 #3677)))
with max_conflicts: 3375
Worker 3 DONE checking cube l_false
Worker 3 found unsat cube
Batch manager backtracking.
(= i844 1)
(not (or (not #2343) (not #2477) (not #2479) (not #2486) (not #2489) (not #2495) (not #2501) (not #2510) (not #3073)))
(or (not (or #1803 #1840 #1895 #1914 #1922 #1928 #2009 #2022 #2342 #2344 #2368 #2382 #2399 #2407 #2414 #2421 ...)) (not (or #2042 #2344 #2480 #2488 #2490 #2496 #2502 #2511 #2517 #2523 #2529 #2538 #2545 #2547 #2549 #2551 ...)) (not (or #2478 #2983)) (not (or #2478 #2991)) (not (or #2344 #2478 #2480 #2999)) (not (or #2344 #2478 #2480 #2488 #3007)) (not (or #2042 #2344 #2478 #2480 #2488 #2490 #2496 #2502 #2511 #2517 #2523 #2529 #2538 #2545 #2547 #2549 ...)) (not (or #2042 #2344 #2478 #2480 #2488 #2490 #2496 #2502 #2511 #2517 #2523 #2529 #2538 #2545 #2547 #2549 ...)) (not (or #2042 #2344 #2478 #2480 #2488 #2490 #2496 #2502 #2511 #2517 #2523 #2529 #2538 #2545 #2547 #2549 ...)) (not (or #2344 #2478 #2480 #2488 #2490 #3049)) (not (or #2344 #2478 #2480 #2488 #2490 #3058)) (not (or #3068 #3677)))

null (o)
  (or (not (or #19362 #19286 #19227 #19263 #19187 #19259 #19192 #19219 #19211 #19123 #19136 #19139 #19060 #19065 #19069 #19106 ...)) (not (or #19093 #19123 #12678 #19000 #19054 #19052 #19101 #19014 #19018 #19022 #19055 #19034 #19050 #18947 #18948 #19048 ...)) (not (or #19089 #18274)) (not (or #19089 #18838)) (not (or #19123 #19089 #12678 #18882)) (not (or #19123 #19089 #12678 #19000 #18861)) (not (or #19093 #19123 #19089 #12678 #19000 #19054 #19052 #19101 #19014 #19018 #19022 #19055 #19034 #19050 #18947 #18948 ...)) (not (or #19093 #19123 #19089 #12678 #19000 #19054 #19052 #19101 #19014 #19018 #19022 #19055 #19034 #19050 #18947 #18948 ...)) (not (or #19093 #19123 #19089 #12678 #19000 #19054 #19052 #19101 #19014 #19018 #19022 #19055 #19034 #19050 #18947 #18948 ...)) (not (or #19123 #19089 #12678 #19000 #19054 #18809)) (not (or #19123 #19089 #12678 #19000 #19054 #18807)) (not (or #18832 #18714))) (o)
    (= i844 1) (o)
      (or (not (or #19362 #19286 #19227 #19263 #19187 #19259 #19192 #19219 #19211)) (not (or #19362 #19286 #19227 #19263 #19187 #19259 #19192 #19219 #19211 #19123 #19136 #19139 #19060 #19065 #19069 #19106 ...)) (not (or #4126 #4151 #19339 #19340 #19347 #19362 #19281 #19334 #19286 #19323 #19319 #19305 #19227 #19315 #19313 #19270 ...)) (not (or #4126 #4151 #19339 #19340 #19347 #19362 #19281 #19334 #19286 #19323 #19319 #19305 #19227 #19315 #19313 #19270 ...)) (not (or #4126 #4151 #19339 #19340 #19347 #19362 #19281 #19334 #19286 #19323 #19319 #19305 #19227 #19315 #19313 #19270 ...)) (not (or #19192 #19123 #19004)) (not (or #19192 #19123 #19136 #19008)) (not (or #19192 #19123 #19136 #19013)) (not (or #19018 #18831))) (a)
      (not (or (not #19122) (not #19110) (not #19094) (not #19028) (not #19105) (not #19005) (not #19009) (not #19099) (not #18876))) (c)
    (not (= i844 1)) (c)
  (not (or (not #19110) (not #18852) (not #18276) (not #18243) (not #18887) (not #18862) (not #18269) (not #18867) (not #18870) (not #18780) (not #18834) (not #18715))) (c)
null (o)
  (or (not (or #19362 #19286 #19227 #19263 #19187 #19259 #19192 #19219 #19211 #19123 #19136 #19139 #19060 #19065 #19069 #19106 ...)) (not (or #19093 #19123 #12678 #19000 #19054 #19052 #19101 #19014 #19018 #19022 #19055 #19034 #19050 #18947 #18948 #19048 ...)) (not (or #19089 #18274)) (not (or #19089 #18838)) (not (or #19123 #19089 #12678 #18882)) (not (or #19123 #19089 #12678 #19000 #18861)) (not (or #19093 #19123 #19089 #12678 #19000 #19054 #19052 #19101 #19014 #19018 #19022 #19055 #19034 #19050 #18947 #18948 ...)) (not (or #19093 #19123 #19089 #12678 #19000 #19054 #19052 #19101 #19014 #19018 #19022 #19055 #19034 #19050 #18947 #18948 ...)) (not (or #19093 #19123 #19089 #12678 #19000 #19054 #19052 #19101 #19014 #19018 #19022 #19055 #19034 #19050 #18947 #18948 ...)) (not (or #19123 #19089 #12678 #19000 #19054 #18809)) (not (or #19123 #19089 #12678 #19000 #19054 #18807)) (not (or #18832 #18714))) (o)
    (= i844 1) (o)
      (or (not (or #19362 #19286 #19227 #19263 #19187 #19259 #19192 #19219 #19211)) (not (or #19362 #19286 #19227 #19263 #19187 #19259 #19192 #19219 #19211 #19123 #19136 #19139 #19060 #19065 #19069 #19106 ...)) (not (or #4126 #4151 #19339 #19340 #19347 #19362 #19281 #19334 #19286 #19323 #19319 #19305 #19227 #19315 #19313 #19270 ...)) (not (or #4126 #4151 #19339 #19340 #19347 #19362 #19281 #19334 #19286 #19323 #19319 #19305 #19227 #19315 #19313 #19270 ...)) (not (or #4126 #4151 #19339 #19340 #19347 #19362 #19281 #19334 #19286 #19323 #19319 #19305 #19227 #19315 #19313 #19270 ...)) (not (or #19192 #19123 #19004)) (not (or #19192 #19123 #19136 #19008)) (not (or #19192 #19123 #19136 #19013)) (not (or #19018 #18831))) (a)
      (not (or (not #19122) (not #19110) (not #19094) (not #19028) (not #19105) (not #19005) (not #19009) (not #19099) (not #18876))) (c)
    (not (= i844 1)) (c)
  (not (or (not #19110) (not #18852) (not #18276) (not #18243) (not #18887) (not #18862) (not #18269) (not #18867) (not #18870) (not #18780) (not #18834) (not #18715))) (c)

Worker 3 CUBE SIZE IN MAIN LOOP: 3
 Checking cube
(or (not (or #1803 #1840 #1895 #1914 #1922 #1928 #2009 #2022 #2342)) (not (or #1803 #1840 #1895 #1914 #1922 #1928 #2009 #2022 #2342 #2344 #2368 #2382 #2399 #2407 #2414 #2421 ...)) (not (or #28 #30 #1499 #1504 #1788 #1803 #1819 #1822 #1840 #1849 #1874 #1880 #1895 #1953 #1959 #1986 ...)) (not (or #28 #30 #1499 #1504 #1788 #1803 #1819 #1822 #1840 #1849 #1874 #1880 #1895 #1953 #1959 #1986 ...)) (not (or #28 #30 #1499 #1504 #1788 #1803 #1819 #1822 #1840 #1849 #1874 #1880 #1895 #1953 #1959 #1986 ...)) (not (or #2009 #2344 #2494)) (not (or #2009 #2344 #2368 #2500)) (not (or #2009 #2344 #2368 #2509)) (not (or #2517 #3072)))
(= i844 1)
(or (not (or #1803 #1840 #1895 #1914 #1922 #1928 #2009 #2022 #2342 #2344 #2368 #2382 #2399 #2407 #2414 #2421 ...)) (not (or #2042 #2344 #2480 #2488 #2490 #2496 #2502 #2511 #2517 #2523 #2529 #2538 #2545 #2547 #2549 #2551 ...)) (not (or #2478 #2983)) (not (or #2478 #2991)) (not (or #2344 #2478 #2480 #2999)) (not (or #2344 #2478 #2480 #2488 #3007)) (not (or #2042 #2344 #2478 #2480 #2488 #2490 #2496 #2502 #2511 #2517 #2523 #2529 #2538 #2545 #2547 #2549 ...)) (not (or #2042 #2344 #2478 #2480 #2488 #2490 #2496 #2502 #2511 #2517 #2523 #2529 #2538 #2545 #2547 #2549 ...)) (not (or #2042 #2344 #2478 #2480 #2488 #2490 #2496 #2502 #2511 #2517 #2523 #2529 #2538 #2545 #2547 #2549 ...)) (not (or #2344 #2478 #2480 #2488 #2490 #3049)) (not (or #2344 #2478 #2480 #2488 #2490 #3058)) (not (or #3068 #3677)))
with max_conflicts: 3375
Worker 0 DONE checking cube l_undef
Worker 0 found undef cube
Batch manager splitting on literal: (or (if (or #19340 #19347) (not #19351) (not #19361)) (not (or #4126 #4156 #4192 #19340 #19341 #19347 #19353 #19356 #19359 #19281 #19326 #19342 #19285)) (not (or #19362 #19286 #19288 #19323 #19358 #19322 #19321 #19298 #19319 #19305 #19307 #19309 #19224 #19226)) (not (or #19362 #19286 #19300 #19319 #19305 #19307 #19309 #19224 #19226 #19229 #19315 #19313 #19270 #19218 #19175 #19177 ...)) (not (or #19362 #19286 #19227 #19213)) (not (or #19362 #19286 #19227 #19189 #19315)) (not (or #4126 #4151 #19339 #19340 #19347 #19362 #19281 #19334 #19286 #19323 #19319 #19305 #19227 #19315 #19313 #19270 ...)) (not (or #19362 #19286 #19227 #19315 #19195)) (not (or #19362 #19286 #19227 #19315 #19313 #19270 #19218 #19206)) (not (or #19180 #19107)))
null (o)
  (or (not (or #19362 #19286 #19227 #19263 #19187 #19259 #19192 #19219 #19211 #19123 #19136 #19139 #19060 #19065 #19069 #19106 ...)) (not (or #19093 #19123 #12678 #19000 #19054 #19052 #19101 #19014 #19018 #19022 #19055 #19034 #19050 #18947 #18948 #19048 ...)) (not (or #19089 #18274)) (not (or #19089 #18838)) (not (or #19123 #19089 #12678 #18882)) (not (or #19123 #19089 #12678 #19000 #18861)) (not (or #19093 #19123 #19089 #12678 #19000 #19054 #19052 #19101 #19014 #19018 #19022 #19055 #19034 #19050 #18947 #18948 ...)) (not (or #19093 #19123 #19089 #12678 #19000 #19054 #19052 #19101 #19014 #19018 #19022 #19055 #19034 #19050 #18947 #18948 ...)) (not (or #19093 #19123 #19089 #12678 #19000 #19054 #19052 #19101 #19014 #19018 #19022 #19055 #19034 #19050 #18947 #18948 ...)) (not (or #19123 #19089 #12678 #19000 #19054 #18809)) (not (or #19123 #19089 #12678 #19000 #19054 #18807)) (not (or #18832 #18714))) (o)
    (= i844 1) (o)
      (or (not (or #19362 #19286 #19227 #19263 #19187 #19259 #19192 #19219 #19211)) (not (or #19362 #19286 #19227 #19263 #19187 #19259 #19192 #19219 #19211 #19123 #19136 #19139 #19060 #19065 #19069 #19106 ...)) (not (or #4126 #4151 #19339 #19340 #19347 #19362 #19281 #19334 #19286 #19323 #19319 #19305 #19227 #19315 #19313 #19270 ...)) (not (or #4126 #4151 #19339 #19340 #19347 #19362 #19281 #19334 #19286 #19323 #19319 #19305 #19227 #19315 #19313 #19270 ...)) (not (or #4126 #4151 #19339 #19340 #19347 #19362 #19281 #19334 #19286 #19323 #19319 #19305 #19227 #19315 #19313 #19270 ...)) (not (or #19192 #19123 #19004)) (not (or #19192 #19123 #19136 #19008)) (not (or #19192 #19123 #19136 #19013)) (not (or #19018 #18831))) (a)
      (not (or (not #19122) (not #19110) (not #19094) (not #19028) (not #19105) (not #19005) (not #19009) (not #19099) (not #18876))) (c)
    (not (= i844 1)) (c)
  (not (or (not #19110) (not #18852) (not #18276) (not #18243) (not #18887) (not #18862) (not #18269) (not #18867) (not #18870) (not #18780) (not #18834) (not #18715))) (c)

Worker 0 CUBE SIZE IN MAIN LOOP: 3
 Checking cube
(or (not (or #1803 #1840 #1895 #1914 #1922 #1928 #2009 #2022 #2342)) (not (or #1803 #1840 #1895 #1914 #1922 #1928 #2009 #2022 #2342 #2344 #2368 #2382 #2399 #2407 #2414 #2421 ...)) (not (or #28 #30 #1499 #1504 #1788 #1803 #1819 #1822 #1840 #1849 #1874 #1880 #1895 #1953 #1959 #1986 ...)) (not (or #28 #30 #1499 #1504 #1788 #1803 #1819 #1822 #1840 #1849 #1874 #1880 #1895 #1953 #1959 #1986 ...)) (not (or #28 #30 #1499 #1504 #1788 #1803 #1819 #1822 #1840 #1849 #1874 #1880 #1895 #1953 #1959 #1986 ...)) (not (or #2009 #2344 #2494)) (not (or #2009 #2344 #2368 #2500)) (not (or #2009 #2344 #2368 #2509)) (not (or #2517 #3072)))
(= i844 1)
(or (not (or #1803 #1840 #1895 #1914 #1922 #1928 #2009 #2022 #2342 #2344 #2368 #2382 #2399 #2407 #2414 #2421 ...)) (not (or #2042 #2344 #2480 #2488 #2490 #2496 #2502 #2511 #2517 #2523 #2529 #2538 #2545 #2547 #2549 #2551 ...)) (not (or #2478 #2983)) (not (or #2478 #2991)) (not (or #2344 #2478 #2480 #2999)) (not (or #2344 #2478 #2480 #2488 #3007)) (not (or #2042 #2344 #2478 #2480 #2488 #2490 #2496 #2502 #2511 #2517 #2523 #2529 #2538 #2545 #2547 #2549 ...)) (not (or #2042 #2344 #2478 #2480 #2488 #2490 #2496 #2502 #2511 #2517 #2523 #2529 #2538 #2545 #2547 #2549 ...)) (not (or #2042 #2344 #2478 #2480 #2488 #2490 #2496 #2502 #2511 #2517 #2523 #2529 #2538 #2545 #2547 #2549 ...)) (not (or #2344 #2478 #2480 #2488 #2490 #3049)) (not (or #2344 #2478 #2480 #2488 #2490 #3058)) (not (or #3068 #3677)))
with max_conflicts: 3375
Worker 1 DONE checking cube l_undef
Worker 1 found undef cube
Batch manager splitting on literal: (or (not (= i844 1)) (= i1041 0) (not (or #4126 #4151 #4182)) (if (or #4126 #4151) (not #19336) (not #19416)) (not (or #4126 #4156 #19417 #19341 #19415 #19345)) (if (or #19340 #19347) (not #19351) (not #19361)) (if (or #19340 #19347) (= #19349 0) (not #19366)) (not (or #4126 #4151 #19339 #19340 #19347 #19334)) (not (or #4126 #4151 #19339 #19334)))
null (o)
  (or (not (or #19362 #19286 #19227 #19263 #19187 #19259 #19192 #19219 #19211 #19123 #19136 #19139 #19060 #19065 #19069 #19106 ...)) (not (or #19093 #19123 #12678 #19000 #19054 #19052 #19101 #19014 #19018 #19022 #19055 #19034 #19050 #18947 #18948 #19048 ...)) (not (or #19089 #18274)) (not (or #19089 #18838)) (not (or #19123 #19089 #12678 #18882)) (not (or #19123 #19089 #12678 #19000 #18861)) (not (or #19093 #19123 #19089 #12678 #19000 #19054 #19052 #19101 #19014 #19018 #19022 #19055 #19034 #19050 #18947 #18948 ...)) (not (or #19093 #19123 #19089 #12678 #19000 #19054 #19052 #19101 #19014 #19018 #19022 #19055 #19034 #19050 #18947 #18948 ...)) (not (or #19093 #19123 #19089 #12678 #19000 #19054 #19052 #19101 #19014 #19018 #19022 #19055 #19034 #19050 #18947 #18948 ...)) (not (or #19123 #19089 #12678 #19000 #19054 #18809)) (not (or #19123 #19089 #12678 #19000 #19054 #18807)) (not (or #18832 #18714))) (o)
    (= i844 1) (o)
      (or (not (or #19362 #19286 #19227 #19263 #19187 #19259 #19192 #19219 #19211)) (not (or #19362 #19286 #19227 #19263 #19187 #19259 #19192 #19219 #19211 #19123 #19136 #19139 #19060 #19065 #19069 #19106 ...)) (not (or #4126 #4151 #19339 #19340 #19347 #19362 #19281 #19334 #19286 #19323 #19319 #19305 #19227 #19315 #19313 #19270 ...)) (not (or #4126 #4151 #19339 #19340 #19347 #19362 #19281 #19334 #19286 #19323 #19319 #19305 #19227 #19315 #19313 #19270 ...)) (not (or #4126 #4151 #19339 #19340 #19347 #19362 #19281 #19334 #19286 #19323 #19319 #19305 #19227 #19315 #19313 #19270 ...)) (not (or #19192 #19123 #19004)) (not (or #19192 #19123 #19136 #19008)) (not (or #19192 #19123 #19136 #19013)) (not (or #19018 #18831))) (a)
      (not (or (not #19122) (not #19110) (not #19094) (not #19028) (not #19105) (not #19005) (not #19009) (not #19099) (not #18876))) (c)
    (not (= i844 1)) (c)
  (not (or (not #19110) (not #18852) (not #18276) (not #18243) (not #18887) (not #18862) (not #18269) (not #18867) (not #18870) (not #18780) (not #18834) (not #18715))) (c)

Worker 1 CUBE SIZE IN MAIN LOOP: 3
 Checking cube
(or (not (or #1803 #1840 #1895 #1914 #1922 #1928 #2009 #2022 #2342)) (not (or #1803 #1840 #1895 #1914 #1922 #1928 #2009 #2022 #2342 #2344 #2368 #2382 #2399 #2407 #2414 #2421 ...)) (not (or #28 #30 #1499 #1504 #1788 #1803 #1819 #1822 #1840 #1849 #1874 #1880 #1895 #1953 #1959 #1986 ...)) (not (or #28 #30 #1499 #1504 #1788 #1803 #1819 #1822 #1840 #1849 #1874 #1880 #1895 #1953 #1959 #1986 ...)) (not (or #28 #30 #1499 #1504 #1788 #1803 #1819 #1822 #1840 #1849 #1874 #1880 #1895 #1953 #1959 #1986 ...)) (not (or #2009 #2344 #2494)) (not (or #2009 #2344 #2368 #2500)) (not (or #2009 #2344 #2368 #2509)) (not (or #2517 #3072)))
(= i844 1)
(or (not (or #1803 #1840 #1895 #1914 #1922 #1928 #2009 #2022 #2342 #2344 #2368 #2382 #2399 #2407 #2414 #2421 ...)) (not (or #2042 #2344 #2480 #2488 #2490 #2496 #2502 #2511 #2517 #2523 #2529 #2538 #2545 #2547 #2549 #2551 ...)) (not (or #2478 #2983)) (not (or #2478 #2991)) (not (or #2344 #2478 #2480 #2999)) (not (or #2344 #2478 #2480 #2488 #3007)) (not (or #2042 #2344 #2478 #2480 #2488 #2490 #2496 #2502 #2511 #2517 #2523 #2529 #2538 #2545 #2547 #2549 ...)) (not (or #2042 #2344 #2478 #2480 #2488 #2490 #2496 #2502 #2511 #2517 #2523 #2529 #2538 #2545 #2547 #2549 ...)) (not (or #2042 #2344 #2478 #2480 #2488 #2490 #2496 #2502 #2511 #2517 #2523 #2529 #2538 #2545 #2547 #2549 ...)) (not (or #2344 #2478 #2480 #2488 #2490 #3049)) (not (or #2344 #2478 #2480 #2488 #2490 #3058)) (not (or #3068 #3677)))
with max_conflicts: 3375
Worker 2 DONE checking cube l_false
Worker 2 found unsat cube
Batch manager backtracking.
(= i844 1)
(or (not (or #1803 #1840 #1895 #1914 #1922 #1928 #2009 #2022 #2342)) (not (or #1803 #1840 #1895 #1914 #1922 #1928 #2009 #2022 #2342 #2344 #2368 #2382 #2399 #2407 #2414 #2421 ...)) (not (or #28 #30 #1499 #1504 #1788 #1803 #1819 #1822 #1840 #1849 #1874 #1880 #1895 #1953 #1959 #1986 ...)) (not (or #28 #30 #1499 #1504 #1788 #1803 #1819 #1822 #1840 #1849 #1874 #1880 #1895 #1953 #1959 #1986 ...)) (not (or #28 #30 #1499 #1504 #1788 #1803 #1819 #1822 #1840 #1849 #1874 #1880 #1895 #1953 #1959 #1986 ...)) (not (or #2009 #2344 #2494)) (not (or #2009 #2344 #2368 #2500)) (not (or #2009 #2344 #2368 #2509)) (not (or #2517 #3072)))
(or (not (or #1803 #1840 #1895 #1914 #1922 #1928 #2009 #2022 #2342 #2344 #2368 #2382 #2399 #2407 #2414 #2421 ...)) (not (or #2042 #2344 #2480 #2488 #2490 #2496 #2502 #2511 #2517 #2523 #2529 #2538 #2545 #2547 #2549 #2551 ...)) (not (or #2478 #2983)) (not (or #2478 #2991)) (not (or #2344 #2478 #2480 #2999)) (not (or #2344 #2478 #2480 #2488 #3007)) (not (or #2042 #2344 #2478 #2480 #2488 #2490 #2496 #2502 #2511 #2517 #2523 #2529 #2538 #2545 #2547 #2549 ...)) (not (or #2042 #2344 #2478 #2480 #2488 #2490 #2496 #2502 #2511 #2517 #2523 #2529 #2538 #2545 #2547 #2549 ...)) (not (or #2042 #2344 #2478 #2480 #2488 #2490 #2496 #2502 #2511 #2517 #2523 #2529 #2538 #2545 #2547 #2549 ...)) (not (or #2344 #2478 #2480 #2488 #2490 #3049)) (not (or #2344 #2478 #2480 #2488 #2490 #3058)) (not (or #3068 #3677)))

null (o)
  (or (not (or #19362 #19286 #19227 #19263 #19187 #19259 #19192 #19219 #19211 #19123 #19136 #19139 #19060 #19065 #19069 #19106 ...)) (not (or #19093 #19123 #12678 #19000 #19054 #19052 #19101 #19014 #19018 #19022 #19055 #19034 #19050 #18947 #18948 #19048 ...)) (not (or #19089 #18274)) (not (or #19089 #18838)) (not (or #19123 #19089 #12678 #18882)) (not (or #19123 #19089 #12678 #19000 #18861)) (not (or #19093 #19123 #19089 #12678 #19000 #19054 #19052 #19101 #19014 #19018 #19022 #19055 #19034 #19050 #18947 #18948 ...)) (not (or #19093 #19123 #19089 #12678 #19000 #19054 #19052 #19101 #19014 #19018 #19022 #19055 #19034 #19050 #18947 #18948 ...)) (not (or #19093 #19123 #19089 #12678 #19000 #19054 #19052 #19101 #19014 #19018 #19022 #19055 #19034 #19050 #18947 #18948 ...)) (not (or #19123 #19089 #12678 #19000 #19054 #18809)) (not (or #19123 #19089 #12678 #19000 #19054 #18807)) (not (or #18832 #18714))) (o)
    (= i844 1) (c)
      (or (not (or #19362 #19286 #19227 #19263 #19187 #19259 #19192 #19219 #19211)) (not (or #19362 #19286 #19227 #19263 #19187 #19259 #19192 #19219 #19211 #19123 #19136 #19139 #19060 #19065 #19069 #19106 ...)) (not (or #4126 #4151 #19339 #19340 #19347 #19362 #19281 #19334 #19286 #19323 #19319 #19305 #19227 #19315 #19313 #19270 ...)) (not (or #4126 #4151 #19339 #19340 #19347 #19362 #19281 #19334 #19286 #19323 #19319 #19305 #19227 #19315 #19313 #19270 ...)) (not (or #4126 #4151 #19339 #19340 #19347 #19362 #19281 #19334 #19286 #19323 #19319 #19305 #19227 #19315 #19313 #19270 ...)) (not (or #19192 #19123 #19004)) (not (or #19192 #19123 #19136 #19008)) (not (or #19192 #19123 #19136 #19013)) (not (or #19018 #18831))) (c)
      (not (or (not #19122) (not #19110) (not #19094) (not #19028) (not #19105) (not #19005) (not #19009) (not #19099) (not #18876))) (c)
    (not (= i844 1)) (c)
  (not (or (not #19110) (not #18852) (not #18276) (not #18243) (not #18887) (not #18862) (not #18269) (not #18867) (not #18870) (not #18780) (not #18834) (not #18715))) (c)
Worker 2 no more cubes
Worker 3 DONE checking cube l_false
Worker 3 found unsat cube
Batch manager backtracking.
(= i844 1)
(or (not (or #1803 #1840 #1895 #1914 #1922 #1928 #2009 #2022 #2342)) (not (or #1803 #1840 #1895 #1914 #1922 #1928 #2009 #2022 #2342 #2344 #2368 #2382 #2399 #2407 #2414 #2421 ...)) (not (or #28 #30 #1499 #1504 #1788 #1803 #1819 #1822 #1840 #1849 #1874 #1880 #1895 #1953 #1959 #1986 ...)) (not (or #28 #30 #1499 #1504 #1788 #1803 #1819 #1822 #1840 #1849 #1874 #1880 #1895 #1953 #1959 #1986 ...)) (not (or #28 #30 #1499 #1504 #1788 #1803 #1819 #1822 #1840 #1849 #1874 #1880 #1895 #1953 #1959 #1986 ...)) (not (or #2009 #2344 #2494)) (not (or #2009 #2344 #2368 #2500)) (not (or #2009 #2344 #2368 #2509)) (not (or #2517 #3072)))
(or (not (or #1803 #1840 #1895 #1914 #1922 #1928 #2009 #2022 #2342 #2344 #2368 #2382 #2399 #2407 #2414 #2421 ...)) (not (or #2042 #2344 #2480 #2488 #2490 #2496 #2502 #2511 #2517 #2523 #2529 #2538 #2545 #2547 #2549 #2551 ...)) (not (or #2478 #2983)) (not (or #2478 #2991)) (not (or #2344 #2478 #2480 #2999)) (not (or #2344 #2478 #2480 #2488 #3007)) (not (or #2042 #2344 #2478 #2480 #2488 #2490 #2496 #2502 #2511 #2517 #2523 #2529 #2538 #2545 #2547 #2549 ...)) (not (or #2042 #2344 #2478 #2480 #2488 #2490 #2496 #2502 #2511 #2517 #2523 #2529 #2538 #2545 #2547 #2549 ...)) (not (or #2042 #2344 #2478 #2480 #2488 #2490 #2496 #2502 #2511 #2517 #2523 #2529 #2538 #2545 #2547 #2549 ...)) (not (or #2344 #2478 #2480 #2488 #2490 #3049)) (not (or #2344 #2478 #2480 #2488 #2490 #3058)) (not (or #3068 #3677)))

null (c)
  (or (not (or #19362 #19286 #19227 #19263 #19187 #19259 #19192 #19219 #19211 #19123 #19136 #19139 #19060 #19065 #19069 #19106 ...)) (not (or #19093 #19123 #12678 #19000 #19054 #19052 #19101 #19014 #19018 #19022 #19055 #19034 #19050 #18947 #18948 #19048 ...)) (not (or #19089 #18274)) (not (or #19089 #18838)) (not (or #19123 #19089 #12678 #18882)) (not (or #19123 #19089 #12678 #19000 #18861)) (not (or #19093 #19123 #19089 #12678 #19000 #19054 #19052 #19101 #19014 #19018 #19022 #19055 #19034 #19050 #18947 #18948 ...)) (not (or #19093 #19123 #19089 #12678 #19000 #19054 #19052 #19101 #19014 #19018 #19022 #19055 #19034 #19050 #18947 #18948 ...)) (not (or #19093 #19123 #19089 #12678 #19000 #19054 #19052 #19101 #19014 #19018 #19022 #19055 #19034 #19050 #18947 #18948 ...)) (not (or #19123 #19089 #12678 #19000 #19054 #18809)) (not (or #19123 #19089 #12678 #19000 #19054 #18807)) (not (or #18832 #18714))) (c)
    (= i844 1) (c)
      (or (not (or #19362 #19286 #19227 #19263 #19187 #19259 #19192 #19219 #19211)) (not (or #19362 #19286 #19227 #19263 #19187 #19259 #19192 #19219 #19211 #19123 #19136 #19139 #19060 #19065 #19069 #19106 ...)) (not (or #4126 #4151 #19339 #19340 #19347 #19362 #19281 #19334 #19286 #19323 #19319 #19305 #19227 #19315 #19313 #19270 ...)) (not (or #4126 #4151 #19339 #19340 #19347 #19362 #19281 #19334 #19286 #19323 #19319 #19305 #19227 #19315 #19313 #19270 ...)) (not (or #4126 #4151 #19339 #19340 #19347 #19362 #19281 #19334 #19286 #19323 #19319 #19305 #19227 #19315 #19313 #19270 ...)) (not (or #19192 #19123 #19004)) (not (or #19192 #19123 #19136 #19008)) (not (or #19192 #19123 #19136 #19013)) (not (or #19018 #18831))) (c)
      (not (or (not #19122) (not #19110) (not #19094) (not #19028) (not #19105) (not #19005) (not #19009) (not #19099) (not #18876))) (c)
    (not (= i844 1)) (c)
  (not (or (not #19110) (not #18852) (not #18276) (not #18243) (not #18887) (not #18862) (not #18269) (not #18867) (not #18870) (not #18780) (not #18834) (not #18715))) (c)
Canceling workers
Worker 0 canceling
Worker 1 canceling
Worker 2 canceling
Worker 3 canceling
Worker 0 DONE checking cube l_undef
all done
Worker 3 no more cubes
Batch manager setting exception msg: context cancelled.
Worker 1 DONE checking cube l_undef
Batch manager setting exception msg: context cancelled.
unsat
(:added-eqs                   1674125
 :arith-eq-adapter            3150
 :arith-bound-propagations-lp 212758
 :arith-conflicts             667
 :arith-diseq                 151078
 :arith-fixed-eqs             212259
 :arith-lower                 136659
 :arith-make-feasible         62320
 :arith-max-columns           1670
 :arith-max-rows              690
 :arith-offset-eqs            61078
 :arith-upper                 222612
 :binary-propagations         4566427
 :conflicts                   27060
 :decisions                   577116
 :del-clause                  19563
 :max-memory                  113.98
 :memory                      19.15
 :minimized-lits              176768
 :mk-bool-var                 22255
 :mk-clause                   38997
 :mk-clause-binary            61491
 :num-allocs                  61455745
 :num-checks                  20
 :parallel-max-cube-size      3
 :parallel-num_cubes          12
 :propagations                6618509
 :restarts                    231
 :rlimit-count                18807031
 :time                        0.85
 :total-time                  3.09)
