Worker 0 created with 0 assumptions
Worker 1 created with 0 assumptions
Worker 2 created with 0 assumptions
Worker 3 created with 0 assumptions
null (a)

Worker 2 CUBE SIZE IN MAIN LOOP: 0
 Checking cube
with max_conflicts: 1000
null (a)

Worker 0 CUBE SIZE IN MAIN LOOP: 0
 Checking cube
with max_conflicts: 1000
null (a)

Worker 3 CUBE SIZE IN MAIN LOOP: 0
 Checking cube
with max_conflicts: 1000
null (a)

Worker 1 CUBE SIZE IN MAIN LOOP: 0
 Checking cube
with max_conflicts: 1000
Worker 0 DONE checking cube l_undef
Worker 0 found undef cube
Batch manager splitting on literal: (<= (+ (if #4125 143 0) (* -1 #4566)) 0)
null (o)
  (<= (+ (if #4125 143 0) (* -1 #4566)) 0) (a)
  (not (<= (+ #4134 #4817) 0)) (o)

Worker 0 CUBE SIZE IN MAIN LOOP: 1
 Checking cube
(<= (+ (if #27 143 0) (* -1 #104)) 0)
with max_conflicts: 1500
Worker 2 DONE checking cube l_undef
Worker 2 found undef cube
Batch manager splitting on literal: (= i844 1)
null (o)
  (<= (+ (if #4125 143 0) (* -1 #4566)) 0) (a)
  (not (<= (+ #4134 #4817) 0)) (a)

Worker 3 DONE checking cube l_undef
Worker 3 found undef cube
Worker 2 CUBE SIZE IN MAIN LOOP: 1
 Checking cube
(not (<= (+ #99 #363) 0))
with max_conflicts: 1500
Batch manager splitting on literal: (= i844 1)
null (o)
  (<= (+ (if #4125 143 0) (* -1 #4566)) 0) (a)
  (not (<= (+ #4134 #4817) 0)) (a)

Worker 3 CUBE SIZE IN MAIN LOOP: 1
 Checking cube
(<= (+ (if #27 143 0) (* -1 #104)) 0)
with max_conflicts: 1500
Worker 1 DONE checking cube l_undef
Worker 1 found undef cube
Batch manager splitting on literal: (<= (+ (if #4125 143 0) (* -1 #4566)) 0)
null (o)
  (<= (+ (if #4125 143 0) (* -1 #4566)) 0) (a)
  (not (<= (+ #4134 #4817) 0)) (a)

Worker 1 CUBE SIZE IN MAIN LOOP: 1
 Checking cube
(<= (+ (if #27 143 0) (* -1 #104)) 0)
with max_conflicts: 1500
Worker 2 DONE checking cube l_false
Worker 2 found unsat cube
Batch manager backtracking.
(not (<= (+ #99 #363) 0))

null (o)
  (<= (+ (if #4125 143 0) (* -1 #4566)) 0) (a)
  (not (<= (+ #4134 #4817) 0)) (c)
null (o)
  (<= (+ (if #4125 143 0) (* -1 #4566)) 0) (a)
  (not (<= (+ #4134 #4817) 0)) (c)

Worker 2 CUBE SIZE IN MAIN LOOP: 1
 Checking cube
(<= (+ (if #27 143 0) (* -1 #104)) 0)
with max_conflicts: 1500
Worker 0 DONE checking cube l_undef
Worker 0 found undef cube
Worker 3 DONE checking cube l_undef
Worker 3 found undef cube
Batch manager splitting on literal: (= (if (or #21081 #15866 #15906 #15916 #15720 #15561 #15572 #15582 #15389 #15398 #14406 #12234) (if #12143 #11752 467) (if #15864 #11817 224)) 417)
null (o)
  (<= (+ (if #4125 143 0) (* -1 #4566)) 0) (o)
    (= (if (or #21081 #15866 #15906 #15916 #15720 #15561 #15572 #15582 #15389 #15398 #14406 #12234) (if #12143 #11752 467) (if #15864 #11817 224)) 417) (o)
    (not (= (if #12235 #11753 #11818) 417)) (a)
  (not (<= (+ #4134 #4817) 0)) (c)

Batch manager splitting on literal: (if (or (if #4152 #19337 #19339) (not #19414)) (not (= #19349 0)) (not (or #4126 #4156 #4192 #19340 #19341 #19415 #19345 #19353 #19356 #19359)))
null (o)
  (<= (+ (if #4125 143 0) (* -1 #4566)) 0) (o)
    (= (if (or #21081 #15866 #15906 #15916 #15720 #15561 #15572 #15582 #15389 #15398 #14406 #12234) (if #12143 #11752 467) (if #15864 #11817 224)) 417) (a)
    (not (= (if #12235 #11753 #11818) 417)) (a)
  (not (<= (+ #4134 #4817) 0)) (c)

Worker 0 CUBE SIZE IN MAIN LOOP: 2
 Checking cube
(not (= (if #6630 #6681 #6664) 417))
(<= (+ (if #27 143 0) (* -1 #104)) 0)
with max_conflicts: 2250
Worker 3 CUBE SIZE IN MAIN LOOP: 2
 Checking cube
(= (if (or #4941 #5641 #5646 #5660 #5693 #5733 #5758 #5767 #6081 #6122 #6520 #6629) (if #6672 #6696 467) (if #5640 #6663 224)) 417)
(<= (+ (if #27 143 0) (* -1 #104)) 0)
with max_conflicts: 2250
Worker 1 DONE checking cube l_undef
Worker 1 found undef cube
Batch manager splitting on literal: (or (if (or #19089 #18932) (not #18855) (not #18717)) (if (or #19089 #18932) (= #18931 0) (not #18650)) (not (or #19089 #18932 #18658)) (not (or #19089 #18932 #18280 #18666)) (not (or #19089 #18932 #18280 #18888 #18860 #18676)) (not (or #19089 #18932 #18280 #18888 #18860 #18865 #18608)) (not (or #19089 #18932 #18280 #18888 #18860 #18865 #18617)) (not (or #19089 #18932 #18280 #18888 #18860 #18865 #18868 #18265 #18629)) (not (or #19089 #18932 #18280 #18888 #18860 #18865 #18868 #18265 #18638)) (not (or #18572 #18193)))
null (o)
  (<= (+ (if #4125 143 0) (* -1 #4566)) 0) (o)
    (= (if (or #21081 #15866 #15906 #15916 #15720 #15561 #15572 #15582 #15389 #15398 #14406 #12234) (if #12143 #11752 467) (if #15864 #11817 224)) 417) (a)
    (not (= (if #12235 #11753 #11818) 417)) (a)
  (not (<= (+ #4134 #4817) 0)) (c)

Worker 1 CUBE SIZE IN MAIN LOOP: 2
 Checking cube
(= (if (or #4941 #5641 #5646 #5660 #5693 #5733 #5758 #5767 #6081 #6122 #6520 #6629) (if #6672 #6696 467) (if #5640 #6663 224)) 417)
(<= (+ (if #27 143 0) (* -1 #104)) 0)
with max_conflicts: 2250
Worker 3 DONE checking cube l_false
Worker 3 found unsat cube
Batch manager backtracking.
(= (if (or #4941 #5641 #5646 #5660 #5693 #5733 #5758 #5767 #6081 #6122 #6520 #6629) (if #6672 #6696 467) (if #5640 #6663 224)) 417)

null (o)
  (<= (+ (if #4125 143 0) (* -1 #4566)) 0) (o)
    (= (if (or #21081 #15866 #15906 #15916 #15720 #15561 #15572 #15582 #15389 #15398 #14406 #12234) (if #12143 #11752 467) (if #15864 #11817 224)) 417) (c)
    (not (= (if #12235 #11753 #11818) 417)) (a)
  (not (<= (+ #4134 #4817) 0)) (c)
null (o)
  (<= (+ (if #4125 143 0) (* -1 #4566)) 0) (o)
    (= (if (or #21081 #15866 #15906 #15916 #15720 #15561 #15572 #15582 #15389 #15398 #14406 #12234) (if #12143 #11752 467) (if #15864 #11817 224)) 417) (c)
    (not (= (if #12235 #11753 #11818) 417)) (a)
  (not (<= (+ #4134 #4817) 0)) (c)

Worker 3 CUBE SIZE IN MAIN LOOP: 2
 Checking cube
(not (= (if #6630 #6681 #6664) 417))
(<= (+ (if #27 143 0) (* -1 #104)) 0)
with max_conflicts: 2250
Worker 2 DONE checking cube l_undef
Worker 2 found undef cube
Batch manager splitting on literal: (= (if (or #18281 #21081 #21091 #21053 #21063 #20962 #20930 #20911 #20823 #20790 #20592 #14346) (if #14209 #13303 467) (if #21079 #13638 224)) 417)
null (o)
  (<= (+ (if #4125 143 0) (* -1 #4566)) 0) (o)
    (= (if (or #21081 #15866 #15906 #15916 #15720 #15561 #15572 #15582 #15389 #15398 #14406 #12234) (if #12143 #11752 467) (if #15864 #11817 224)) 417) (c)
    (not (= (if #12235 #11753 #11818) 417)) (a)
  (not (<= (+ #4134 #4817) 0)) (c)

Worker 2 CUBE SIZE IN MAIN LOOP: 2
 Checking cube
(not (= (if #6630 #6681 #6664) 417))
(<= (+ (if #27 143 0) (* -1 #104)) 0)
with max_conflicts: 2250
Worker 1 DONE checking cube l_false
Worker 1 found unsat cube
Batch manager backtracking.
(= (if (or #4941 #5641 #5646 #5660 #5693 #5733 #5758 #5767 #6081 #6122 #6520 #6629) (if #6672 #6696 467) (if #5640 #6663 224)) 417)

null (o)
  (<= (+ (if #4125 143 0) (* -1 #4566)) 0) (o)
    (= (if (or #21081 #15866 #15906 #15916 #15720 #15561 #15572 #15582 #15389 #15398 #14406 #12234) (if #12143 #11752 467) (if #15864 #11817 224)) 417) (c)
    (not (= (if #12235 #11753 #11818) 417)) (a)
  (not (<= (+ #4134 #4817) 0)) (c)
null (o)
  (<= (+ (if #4125 143 0) (* -1 #4566)) 0) (o)
    (= (if (or #21081 #15866 #15906 #15916 #15720 #15561 #15572 #15582 #15389 #15398 #14406 #12234) (if #12143 #11752 467) (if #15864 #11817 224)) 417) (c)
    (not (= (if #12235 #11753 #11818) 417)) (a)
  (not (<= (+ #4134 #4817) 0)) (c)

Worker 1 CUBE SIZE IN MAIN LOOP: 2
 Checking cube
(not (= (if #6630 #6681 #6664) 417))
(<= (+ (if #27 143 0) (* -1 #104)) 0)
with max_conflicts: 2250
Worker 2 DONE checking cube l_false
Worker 2 found unsat cube
Batch manager backtracking.
(<= (+ (if #27 143 0) (* -1 #104)) 0)

null (c)
  (<= (+ (if #4125 143 0) (* -1 #4566)) 0) (c)
    (= (if (or #21081 #15866 #15906 #15916 #15720 #15561 #15572 #15582 #15389 #15398 #14406 #12234) (if #12143 #11752 467) (if #15864 #11817 224)) 417) (c)
    (not (= (if #12235 #11753 #11818) 417)) (c)
  (not (<= (+ #4134 #4817) 0)) (c)
Canceling workers
Worker 0 canceling
Worker 1 canceling
Worker 2 canceling
Worker 0 DONE checking cube l_undef
Worker 3 canceling
all done
Worker 2 no more cubes
Worker 1 DONE checking cube l_undef
Batch manager setting exception msg: context cancelled.
Worker 3 DONE checking cube l_undef
Batch manager setting exception msg: context cancelled.
Batch manager setting exception msg: context cancelled.
unsat
(:added-eqs                   986740
 :arith-eq-adapter            2820
 :arith-bound-propagations-lp 124836
 :arith-conflicts             502
 :arith-diseq                 89581
 :arith-fixed-eqs             121488
 :arith-lower                 83474
 :arith-make-feasible         40933
 :arith-max-columns           1659
 :arith-max-rows              679
 :arith-offset-eqs            41107
 :arith-upper                 134287
 :binary-propagations         2880332
 :conflicts                   17022
 :decisions                   400455
 :del-clause                  13469
 :max-memory                  113.46
 :memory                      19.34
 :minimized-lits              82792
 :mk-bool-var                 21525
 :mk-clause                   28985
 :mk-clause-binary            61355
 :num-allocs                  51610262
 :num-checks                  16
 :parallel-max-cube-size      2
 :parallel-num_cubes          8
 :propagations                4033110
 :restarts                    149
 :rlimit-count                11920633
 :time                        0.53
 :total-time                  1.83)
