Worker 0 created with 0 assumptions
Worker 1 created with 0 assumptions
Worker 2 created with 0 assumptions
Worker 3 created with 0 assumptions
null (a)

null (a)

Worker 3 CUBE SIZE IN MAIN LOOP: 0
 Checking cube
with max_conflicts: 1000
null (a)

Worker 2 CUBE SIZE IN MAIN LOOP: 0
 Checking cube
with max_conflicts: 1000
null (a)

Worker 1 CUBE SIZE IN MAIN LOOP: 0
 Checking cube
with max_conflicts: 1000
Worker 0 CUBE SIZE IN MAIN LOOP: 0
 Checking cube
with max_conflicts: 1000
Worker 1 DONE checking cube l_undef
Worker 1 found undef cube
Batch manager splitting on literal: (= i844 1)
null (o)
  (= i844 1) (a)
  (not (= i844 1)) (o)

Worker 1 CUBE SIZE IN MAIN LOOP: 1
 Checking cube
(= i844 1)
with max_conflicts: 1500
Worker 2 DONE checking cube l_undef
Worker 2 found undef cube
Batch manager splitting on literal: (= i844 1)
null (o)
  (= i844 1) (a)
  (not (= i844 1)) (a)

Worker 2 CUBE SIZE IN MAIN LOOP: 1
 Checking cube
(not (= i844 1))
with max_conflicts: 1500
Worker 3 DONE checking cube l_undef
Worker 3 found undef cube
Batch manager splitting on literal: (= i844 1)
Worker 0 DONE checking cube l_undef
Worker 0 found undef cube
Batch manager splitting on literal: (= i844 1)
null (o)
  (= i844 1) (a)
  (not (= i844 1)) (a)

Worker 3 CUBE SIZE IN MAIN LOOP: 1
 Checking cube
(= i844 1)
with max_conflicts: 1500
null (o)
  (= i844 1) (a)
  (not (= i844 1)) (a)

Worker 0 CUBE SIZE IN MAIN LOOP: 1
 Checking cube
(= i844 1)
with max_conflicts: 1500
Worker 2 DONE checking cube l_false
Worker 2 found unsat cube
Batch manager backtracking.
(not (= i844 1))

null (o)
  (= i844 1) (a)
  (not (= i844 1)) (c)
null (o)
  (= i844 1) (a)
  (not (= i844 1)) (c)

Worker 2 CUBE SIZE IN MAIN LOOP: 1
 Checking cube
(= i844 1)
with max_conflicts: 1500
Worker 1 DONE checking cube l_undef
Worker 1 found undef cube
Batch manager splitting on literal: (or (if (or #19089 #18932) (not #18855) (not #18717)) (if (or #19089 #18932) (= #18931 0) (not #18650)) (not (or #19089 #18932 #18658)) (not (or #19089 #18932 #18280 #18666)) (not (or #19089 #18932 #18280 #18888 #18860 #18676)) (not (or #19089 #18932 #18280 #18888 #18860 #18865 #18608)) (not (or #19089 #18932 #18280 #18888 #18860 #18865 #18617)) (not (or #19089 #18932 #18280 #18888 #18860 #18865 #18868 #18265 #18629)) (not (or #18640 #18215)))
null (o)
  (= i844 1) (o)
    (or (if (or #19089 #18932) (not #18855) (not #18717)) (if (or #19089 #18932) (= #18931 0) (not #18650)) (not (or #19089 #18932 #18658)) (not (or #19089 #18932 #18280 #18666)) (not (or #19089 #18932 #18280 #18888 #18860 #18676)) (not (or #19089 #18932 #18280 #18888 #18860 #18865 #18608)) (not (or #19089 #18932 #18280 #18888 #18860 #18865 #18617)) (not (or #19089 #18932 #18280 #18888 #18860 #18865 #18868 #18265 #18629)) (not (or #18640 #18215))) (o)
    (not (or (if #18853 #18270 #18718) (if #18853 #18855 #18651) (not #18659) (not #18669) (not #18677) (not #18609) (not #18618) (not #18630) (not #18216))) (a)
  (not (= i844 1)) (c)

Worker 1 CUBE SIZE IN MAIN LOOP: 2
 Checking cube
(not (or (if #2973 #3569 #3573) (if #2973 #3568 #3583) (not #3592) (not #3600) (not #3608) (not #3616) (not #3625) (not #3633) (not #4326)))
(= i844 1)
with max_conflicts: 2250
Worker 1 DONE checking cube l_false
Worker 1 found unsat cube
Batch manager backtracking.
(not (or (if #2973 #3569 #3573) (if #2973 #3568 #3583) (not #3592) (not #3600) (not #3608) (not #3616) (not #3625) (not #3633) (not #4326)))

null (o)
  (= i844 1) (o)
    (or (if (or #19089 #18932) (not #18855) (not #18717)) (if (or #19089 #18932) (= #18931 0) (not #18650)) (not (or #19089 #18932 #18658)) (not (or #19089 #18932 #18280 #18666)) (not (or #19089 #18932 #18280 #18888 #18860 #18676)) (not (or #19089 #18932 #18280 #18888 #18860 #18865 #18608)) (not (or #19089 #18932 #18280 #18888 #18860 #18865 #18617)) (not (or #19089 #18932 #18280 #18888 #18860 #18865 #18868 #18265 #18629)) (not (or #18640 #18215))) (o)
    (not (or (if #18853 #18270 #18718) (if #18853 #18855 #18651) (not #18659) (not #18669) (not #18677) (not #18609) (not #18618) (not #18630) (not #18216))) (c)
  (not (= i844 1)) (c)
null (o)
  (= i844 1) (o)
    (or (if (or #19089 #18932) (not #18855) (not #18717)) (if (or #19089 #18932) (= #18931 0) (not #18650)) (not (or #19089 #18932 #18658)) (not (or #19089 #18932 #18280 #18666)) (not (or #19089 #18932 #18280 #18888 #18860 #18676)) (not (or #19089 #18932 #18280 #18888 #18860 #18865 #18608)) (not (or #19089 #18932 #18280 #18888 #18860 #18865 #18617)) (not (or #19089 #18932 #18280 #18888 #18860 #18865 #18868 #18265 #18629)) (not (or #18640 #18215))) (a)
    (not (or (if #18853 #18270 #18718) (if #18853 #18855 #18651) (not #18659) (not #18669) (not #18677) (not #18609) (not #18618) (not #18630) (not #18216))) (c)
  (not (= i844 1)) (c)

Worker 1 CUBE SIZE IN MAIN LOOP: 2
 Checking cube
(or (if (or #2478 #2972) (not #3568) (not #3572)) (if (or #2478 #2972) (= #3567 0) (not #3582)) (not (or #2478 #2972 #3591)) (not (or #2478 #2972 #2985 #3596)) (not (or #2478 #2972 #2985 #2993 #3001 #3607)) (not (or #2478 #2972 #2985 #2993 #3001 #3009 #3615)) (not (or #2478 #2972 #2985 #2993 #3001 #3009 #3624)) (not (or #2478 #2972 #2985 #2993 #3001 #3009 #3013 #3020 #3632)) (not (or #3643 #4325)))
(= i844 1)
with max_conflicts: 2250
Worker 0 DONE checking cube l_undef
Worker 0 found undef cube
Batch manager splitting on literal: (or (if (or #19340 #19347) (not #19351) (not #19361)) (not (or #4126 #4156 #4192 #19340 #19341 #19347 #19353 #19356 #19359 #19281 #19326 #19342 #19285)) (not (or #19362 #19286 #19288 #19323 #19358 #19322 #19321 #19298 #19319 #19305 #19307 #19309 #19224 #19226)) (not (or #19362 #19286 #19300 #19319 #19305 #19307 #19309 #19224 #19226 #19229 #19315 #19313 #19270 #19218 #19175 #19177 ...)) (not (or #19362 #19286 #19227 #19213)) (not (or #19362 #19286 #19227 #19189 #19315)) (not (or #4126 #4151 #19339 #19340 #19347 #19362 #19281 #19334 #19286 #19323 #19319 #19305 #19227 #19315 #19313 #19270 ...)) (not (or #19219 #19066)))
null (o)
  (= i844 1) (o)
    (or (if (or #19089 #18932) (not #18855) (not #18717)) (if (or #19089 #18932) (= #18931 0) (not #18650)) (not (or #19089 #18932 #18658)) (not (or #19089 #18932 #18280 #18666)) (not (or #19089 #18932 #18280 #18888 #18860 #18676)) (not (or #19089 #18932 #18280 #18888 #18860 #18865 #18608)) (not (or #19089 #18932 #18280 #18888 #18860 #18865 #18617)) (not (or #19089 #18932 #18280 #18888 #18860 #18865 #18868 #18265 #18629)) (not (or #18640 #18215))) (a)
    (not (or (if #18853 #18270 #18718) (if #18853 #18855 #18651) (not #18659) (not #18669) (not #18677) (not #18609) (not #18618) (not #18630) (not #18216))) (c)
  (not (= i844 1)) (c)

Worker 0 CUBE SIZE IN MAIN LOOP: 2
 Checking cube
(or (if (or #2478 #2972) (not #3568) (not #3572)) (if (or #2478 #2972) (= #3567 0) (not #3582)) (not (or #2478 #2972 #3591)) (not (or #2478 #2972 #2985 #3596)) (not (or #2478 #2972 #2985 #2993 #3001 #3607)) (not (or #2478 #2972 #2985 #2993 #3001 #3009 #3615)) (not (or #2478 #2972 #2985 #2993 #3001 #3009 #3624)) (not (or #2478 #2972 #2985 #2993 #3001 #3009 #3013 #3020 #3632)) (not (or #3643 #4325)))
(= i844 1)
with max_conflicts: 2250
Worker 3 DONE checking cube l_undef
Worker 3 found undef cube
Batch manager splitting on literal: (if (or (if #4152 #19337 #19339) (not #19414)) (not (= #19349 0)) (not (or #4126 #4156 #4192 #19340 #19341 #19415 #19345 #19353 #19356 #19359)))
null (o)
  (= i844 1) (o)
    (or (if (or #19089 #18932) (not #18855) (not #18717)) (if (or #19089 #18932) (= #18931 0) (not #18650)) (not (or #19089 #18932 #18658)) (not (or #19089 #18932 #18280 #18666)) (not (or #19089 #18932 #18280 #18888 #18860 #18676)) (not (or #19089 #18932 #18280 #18888 #18860 #18865 #18608)) (not (or #19089 #18932 #18280 #18888 #18860 #18865 #18617)) (not (or #19089 #18932 #18280 #18888 #18860 #18865 #18868 #18265 #18629)) (not (or #18640 #18215))) (a)
    (not (or (if #18853 #18270 #18718) (if #18853 #18855 #18651) (not #18659) (not #18669) (not #18677) (not #18609) (not #18618) (not #18630) (not #18216))) (c)
  (not (= i844 1)) (c)

Worker 3 CUBE SIZE IN MAIN LOOP: 2
 Checking cube
(or (if (or #2478 #2972) (not #3568) (not #3572)) (if (or #2478 #2972) (= #3567 0) (not #3582)) (not (or #2478 #2972 #3591)) (not (or #2478 #2972 #2985 #3596)) (not (or #2478 #2972 #2985 #2993 #3001 #3607)) (not (or #2478 #2972 #2985 #2993 #3001 #3009 #3615)) (not (or #2478 #2972 #2985 #2993 #3001 #3009 #3624)) (not (or #2478 #2972 #2985 #2993 #3001 #3009 #3013 #3020 #3632)) (not (or #3643 #4325)))
(= i844 1)
with max_conflicts: 2250
Worker 2 DONE checking cube l_undef
Worker 2 found undef cube
Batch manager splitting on literal: (= (if (or #18281 #21081 #21091 #21053 #21063 #20962 #20930 #20911 #20823 #20790 #20592 #14346) (if #14209 #13303 467) (if #21079 #13638 224)) 417)
null (o)
  (= i844 1) (o)
    (or (if (or #19089 #18932) (not #18855) (not #18717)) (if (or #19089 #18932) (= #18931 0) (not #18650)) (not (or #19089 #18932 #18658)) (not (or #19089 #18932 #18280 #18666)) (not (or #19089 #18932 #18280 #18888 #18860 #18676)) (not (or #19089 #18932 #18280 #18888 #18860 #18865 #18608)) (not (or #19089 #18932 #18280 #18888 #18860 #18865 #18617)) (not (or #19089 #18932 #18280 #18888 #18860 #18865 #18868 #18265 #18629)) (not (or #18640 #18215))) (a)
    (not (or (if #18853 #18270 #18718) (if #18853 #18855 #18651) (not #18659) (not #18669) (not #18677) (not #18609) (not #18618) (not #18630) (not #18216))) (c)
  (not (= i844 1)) (c)

Worker 2 CUBE SIZE IN MAIN LOOP: 2
 Checking cube
(or (if (or #2478 #2972) (not #3568) (not #3572)) (if (or #2478 #2972) (= #3567 0) (not #3582)) (not (or #2478 #2972 #3591)) (not (or #2478 #2972 #2985 #3596)) (not (or #2478 #2972 #2985 #2993 #3001 #3607)) (not (or #2478 #2972 #2985 #2993 #3001 #3009 #3615)) (not (or #2478 #2972 #2985 #2993 #3001 #3009 #3624)) (not (or #2478 #2972 #2985 #2993 #3001 #3009 #3013 #3020 #3632)) (not (or #3643 #4325)))
(= i844 1)
with max_conflicts: 2250
Worker 0 DONE checking cube l_undef
Worker 0 found undef cube
Worker 1 DONE checking cube l_undef
Worker 1 found undef cube
Batch manager splitting on literal: (or (not (or #18281 #21081 #21091 #21053 #21063 #20962 #20930 #20911 #20823 #20790 #20592 #20271 #20241 #20050 #19891 #19278 ...)) (not (or #21081 #15866 #15906 #15389 #13246)) (not (or #21081 #15866 #15906 #15916 #15389 #15398 #13159)) (not (or #21081 #15866 #15906 #15916 #15389 #15398 #13014)) (not (or #21081 #15866 #15906 #15916 #15720 #15389 #15398 #14406 #12895)) (not (or #21081 #15866 #15906 #15916 #15720 #15561 #15389 #15398 #14406 #12820)) (not (or #21081 #15866 #15906 #15916 #15720 #15561 #15572 #15389 #15398 #14406 #12828)) (not (or #21081 #15866 #15906 #15916 #15720 #15561 #15572 #15389 #15398 #14406 #12573)) (not (or #21081 #15866 #15906 #15916 #15720 #15561 #15572 #15582 #15630 #15524 #15534 #15540 #15437 #15389 #15398 #14406 ...)) (not (or #21081 #15866 #15906 #15916 #15720 #15561 #15572 #15582 #15389 #15398 #14406 #12624)) (not (or #15866 #12377)) (not (or #21081 #15866 #15906 #12271)) (not (or #21081 #15906 #15916 #15720 #15561 #15572 #15582 #15630 #15524 #15534 #15540 #15437 #15389 #15398 #14406 #12277 ...)) (not (or #21081 #15866 #15906 #15916 #15720 #15561 #15572 #15582 #15630 #15524 #15534 #15540 #15437 #15389 #15398 #14406 ...)) (not (or #21081 #15866 #15906 #15389 #12289)) (not (or #15866 #12186)) ...)
null (o)
  (= i844 1) (o)
    (or (if (or #19089 #18932) (not #18855) (not #18717)) (if (or #19089 #18932) (= #18931 0) (not #18650)) (not (or #19089 #18932 #18658)) (not (or #19089 #18932 #18280 #18666)) (not (or #19089 #18932 #18280 #18888 #18860 #18676)) (not (or #19089 #18932 #18280 #18888 #18860 #18865 #18608)) (not (or #19089 #18932 #18280 #18888 #18860 #18865 #18617)) (not (or #19089 #18932 #18280 #18888 #18860 #18865 #18868 #18265 #18629)) (not (or #18640 #18215))) (o)
      (or (not (or #18281 #21081 #21091 #21053 #21063 #20962 #20930 #20911 #20823 #20790 #20592 #20271 #20241 #20050 #19891 #19278 ...)) (not (or #21081 #15866 #15906 #15389 #13246)) (not (or #21081 #15866 #15906 #15916 #15389 #15398 #13159)) (not (or #21081 #15866 #15906 #15916 #15389 #15398 #13014)) (not (or #21081 #15866 #15906 #15916 #15720 #15389 #15398 #14406 #12895)) (not (or #21081 #15866 #15906 #15916 #15720 #15561 #15389 #15398 #14406 #12820)) (not (or #21081 #15866 #15906 #15916 #15720 #15561 #15572 #15389 #15398 #14406 #12828)) (not (or #21081 #15866 #15906 #15916 #15720 #15561 #15572 #15389 #15398 #14406 #12573)) (not (or #21081 #15866 #15906 #15916 #15720 #15561 #15572 #15582 #15630 #15524 #15534 #15540 #15437 #15389 #15398 #14406 ...)) (not (or #21081 #15866 #15906 #15916 #15720 #15561 #15572 #15582 #15389 #15398 #14406 #12624)) (not (or #15866 #12377)) (not (or #21081 #15866 #15906 #12271)) (not (or #21081 #15906 #15916 #15720 #15561 #15572 #15582 #15630 #15524 #15534 #15540 #15437 #15389 #15398 #14406 #12277 ...)) (not (or #21081 #15866 #15906 #15916 #15720 #15561 #15572 #15582 #15630 #15524 #15534 #15540 #15437 #15389 #15398 #14406 ...)) (not (or #21081 #15866 #15906 #15389 #12289)) (not (or #15866 #12186)) ...) (a)
      (not (or (not #15864) (not #13247) (not #13160) (not #13016) (not #12896) (not #12821) (not #12829) (not #12574) (not #12617) (not #12625) (not #12379) (not #12273) (not #12278) (not #13309) (not #12175) (not #12187) ...)) (o)
    (not (or (if #18853 #18270 #18718) (if #18853 #18855 #18651) (not #18659) (not #18669) (not #18677) (not #18609) (not #18618) (not #18630) (not #18216))) (c)
  (not (= i844 1)) (c)

Worker 1 CUBE SIZE IN MAIN LOOP: 3
 Checking cube
(or (not (or #4240 #4941 #4949 #4953 #4963 #4980 #5012 #5031 #5040 #5048 #5056 #5063 #5072 #5081 #5093 #5097 ...)) (not (or #4941 #5641 #5646 #6081 #6507)) (not (or #4941 #5641 #5646 #5660 #6081 #6122 #6554)) (not (or #4941 #5641 #5646 #5660 #6081 #6122 #6574)) (not (or #4941 #5641 #5646 #5660 #5693 #6081 #6122 #6520 #6582)) (not (or #4941 #5641 #5646 #5660 #5693 #5733 #6081 #6122 #6520 #6590)) (not (or #4941 #5641 #5646 #5660 #5693 #5733 #5758 #6081 #6122 #6520 #6599)) (not (or #4941 #5641 #5646 #5660 #5693 #5733 #5758 #6081 #6122 #6520 #6608)) (not (or #4941 #5641 #5646 #5660 #5693 #5733 #5758 #5767 #5776 #5791 #5799 #5803 #5811 #6081 #6122 #6520 ...)) (not (or #4941 #5641 #5646 #5660 #5693 #5733 #5758 #5767 #6081 #6122 #6520 #6620)) (not (or #5641 #8943)) (not (or #4941 #5641 #5646 #9265)) (not (or #4941 #5646 #5660 #5693 #5733 #5758 #5767 #5776 #5791 #5799 #5803 #5811 #6081 #6122 #6520 #9231 ...)) (not (or #4941 #5641 #5646 #5660 #5693 #5733 #5758 #5767 #5776 #5791 #5799 #5803 #5811 #6081 #6122 #6520 ...)) (not (or #4941 #5641 #5646 #6081 #9181)) (not (or #5641 #8962)) ...)
(or (if (or #2478 #2972) (not #3568) (not #3572)) (if (or #2478 #2972) (= #3567 0) (not #3582)) (not (or #2478 #2972 #3591)) (not (or #2478 #2972 #2985 #3596)) (not (or #2478 #2972 #2985 #2993 #3001 #3607)) (not (or #2478 #2972 #2985 #2993 #3001 #3009 #3615)) (not (or #2478 #2972 #2985 #2993 #3001 #3009 #3624)) (not (or #2478 #2972 #2985 #2993 #3001 #3009 #3013 #3020 #3632)) (not (or #3643 #4325)))
(= i844 1)
with max_conflicts: 3375
Batch manager splitting on literal: (= (if (or #15866 #13249 #13161 #12917 #12858 #12822 #12380 #12274 #12279 #13311 #12177 #12189 #10448) (if #10348 #25513 467) (if #13309 #25415 224)) 416)
null (o)
  (= i844 1) (o)
    (or (if (or #19089 #18932) (not #18855) (not #18717)) (if (or #19089 #18932) (= #18931 0) (not #18650)) (not (or #19089 #18932 #18658)) (not (or #19089 #18932 #18280 #18666)) (not (or #19089 #18932 #18280 #18888 #18860 #18676)) (not (or #19089 #18932 #18280 #18888 #18860 #18865 #18608)) (not (or #19089 #18932 #18280 #18888 #18860 #18865 #18617)) (not (or #19089 #18932 #18280 #18888 #18860 #18865 #18868 #18265 #18629)) (not (or #18640 #18215))) (o)
      (or (not (or #18281 #21081 #21091 #21053 #21063 #20962 #20930 #20911 #20823 #20790 #20592 #20271 #20241 #20050 #19891 #19278 ...)) (not (or #21081 #15866 #15906 #15389 #13246)) (not (or #21081 #15866 #15906 #15916 #15389 #15398 #13159)) (not (or #21081 #15866 #15906 #15916 #15389 #15398 #13014)) (not (or #21081 #15866 #15906 #15916 #15720 #15389 #15398 #14406 #12895)) (not (or #21081 #15866 #15906 #15916 #15720 #15561 #15389 #15398 #14406 #12820)) (not (or #21081 #15866 #15906 #15916 #15720 #15561 #15572 #15389 #15398 #14406 #12828)) (not (or #21081 #15866 #15906 #15916 #15720 #15561 #15572 #15389 #15398 #14406 #12573)) (not (or #21081 #15866 #15906 #15916 #15720 #15561 #15572 #15582 #15630 #15524 #15534 #15540 #15437 #15389 #15398 #14406 ...)) (not (or #21081 #15866 #15906 #15916 #15720 #15561 #15572 #15582 #15389 #15398 #14406 #12624)) (not (or #15866 #12377)) (not (or #21081 #15866 #15906 #12271)) (not (or #21081 #15906 #15916 #15720 #15561 #15572 #15582 #15630 #15524 #15534 #15540 #15437 #15389 #15398 #14406 #12277 ...)) (not (or #21081 #15866 #15906 #15916 #15720 #15561 #15572 #15582 #15630 #15524 #15534 #15540 #15437 #15389 #15398 #14406 ...)) (not (or #21081 #15866 #15906 #15389 #12289)) (not (or #15866 #12186)) ...) (a)
      (not (or (not #15864) (not #13247) (not #13160) (not #13016) (not #12896) (not #12821) (not #12829) (not #12574) (not #12617) (not #12625) (not #12379) (not #12273) (not #12278) (not #13309) (not #12175) (not #12187) ...)) (a)
    (not (or (if #18853 #18270 #18718) (if #18853 #18855 #18651) (not #18659) (not #18669) (not #18677) (not #18609) (not #18618) (not #18630) (not #18216))) (c)
  (not (= i844 1)) (c)

Worker 0 CUBE SIZE IN MAIN LOOP: 3
 Checking cube
(not (or (not #5640) (not #6508) (not #6555) (not #6575) (not #6583) (not #6591) (not #6600) (not #6609) (not #6613) (not #6621) (not #8944) (not #9266) (not #9195) (not #9202) (not #9185) (not #9177) ...))
(or (if (or #2478 #2972) (not #3568) (not #3572)) (if (or #2478 #2972) (= #3567 0) (not #3582)) (not (or #2478 #2972 #3591)) (not (or #2478 #2972 #2985 #3596)) (not (or #2478 #2972 #2985 #2993 #3001 #3607)) (not (or #2478 #2972 #2985 #2993 #3001 #3009 #3615)) (not (or #2478 #2972 #2985 #2993 #3001 #3009 #3624)) (not (or #2478 #2972 #2985 #2993 #3001 #3009 #3013 #3020 #3632)) (not (or #3643 #4325)))
(= i844 1)
with max_conflicts: 3375
Worker 0 DONE checking cube l_false
Worker 0 found unsat cube
Batch manager backtracking.
(not (or (not #5640) (not #6508) (not #6555) (not #6575) (not #6583) (not #6591) (not #6600) (not #6609) (not #6613) (not #6621) (not #8944) (not #9266) (not #9195) (not #9202) (not #9185) (not #9177) ...))

null (o)
  (= i844 1) (o)
    (or (if (or #19089 #18932) (not #18855) (not #18717)) (if (or #19089 #18932) (= #18931 0) (not #18650)) (not (or #19089 #18932 #18658)) (not (or #19089 #18932 #18280 #18666)) (not (or #19089 #18932 #18280 #18888 #18860 #18676)) (not (or #19089 #18932 #18280 #18888 #18860 #18865 #18608)) (not (or #19089 #18932 #18280 #18888 #18860 #18865 #18617)) (not (or #19089 #18932 #18280 #18888 #18860 #18865 #18868 #18265 #18629)) (not (or #18640 #18215))) (o)
      (or (not (or #18281 #21081 #21091 #21053 #21063 #20962 #20930 #20911 #20823 #20790 #20592 #20271 #20241 #20050 #19891 #19278 ...)) (not (or #21081 #15866 #15906 #15389 #13246)) (not (or #21081 #15866 #15906 #15916 #15389 #15398 #13159)) (not (or #21081 #15866 #15906 #15916 #15389 #15398 #13014)) (not (or #21081 #15866 #15906 #15916 #15720 #15389 #15398 #14406 #12895)) (not (or #21081 #15866 #15906 #15916 #15720 #15561 #15389 #15398 #14406 #12820)) (not (or #21081 #15866 #15906 #15916 #15720 #15561 #15572 #15389 #15398 #14406 #12828)) (not (or #21081 #15866 #15906 #15916 #15720 #15561 #15572 #15389 #15398 #14406 #12573)) (not (or #21081 #15866 #15906 #15916 #15720 #15561 #15572 #15582 #15630 #15524 #15534 #15540 #15437 #15389 #15398 #14406 ...)) (not (or #21081 #15866 #15906 #15916 #15720 #15561 #15572 #15582 #15389 #15398 #14406 #12624)) (not (or #15866 #12377)) (not (or #21081 #15866 #15906 #12271)) (not (or #21081 #15906 #15916 #15720 #15561 #15572 #15582 #15630 #15524 #15534 #15540 #15437 #15389 #15398 #14406 #12277 ...)) (not (or #21081 #15866 #15906 #15916 #15720 #15561 #15572 #15582 #15630 #15524 #15534 #15540 #15437 #15389 #15398 #14406 ...)) (not (or #21081 #15866 #15906 #15389 #12289)) (not (or #15866 #12186)) ...) (a)
      (not (or (not #15864) (not #13247) (not #13160) (not #13016) (not #12896) (not #12821) (not #12829) (not #12574) (not #12617) (not #12625) (not #12379) (not #12273) (not #12278) (not #13309) (not #12175) (not #12187) ...)) (c)
    (not (or (if #18853 #18270 #18718) (if #18853 #18855 #18651) (not #18659) (not #18669) (not #18677) (not #18609) (not #18618) (not #18630) (not #18216))) (c)
  (not (= i844 1)) (c)
null (o)
  (= i844 1) (o)
    (or (if (or #19089 #18932) (not #18855) (not #18717)) (if (or #19089 #18932) (= #18931 0) (not #18650)) (not (or #19089 #18932 #18658)) (not (or #19089 #18932 #18280 #18666)) (not (or #19089 #18932 #18280 #18888 #18860 #18676)) (not (or #19089 #18932 #18280 #18888 #18860 #18865 #18608)) (not (or #19089 #18932 #18280 #18888 #18860 #18865 #18617)) (not (or #19089 #18932 #18280 #18888 #18860 #18865 #18868 #18265 #18629)) (not (or #18640 #18215))) (o)
      (or (not (or #18281 #21081 #21091 #21053 #21063 #20962 #20930 #20911 #20823 #20790 #20592 #20271 #20241 #20050 #19891 #19278 ...)) (not (or #21081 #15866 #15906 #15389 #13246)) (not (or #21081 #15866 #15906 #15916 #15389 #15398 #13159)) (not (or #21081 #15866 #15906 #15916 #15389 #15398 #13014)) (not (or #21081 #15866 #15906 #15916 #15720 #15389 #15398 #14406 #12895)) (not (or #21081 #15866 #15906 #15916 #15720 #15561 #15389 #15398 #14406 #12820)) (not (or #21081 #15866 #15906 #15916 #15720 #15561 #15572 #15389 #15398 #14406 #12828)) (not (or #21081 #15866 #15906 #15916 #15720 #15561 #15572 #15389 #15398 #14406 #12573)) (not (or #21081 #15866 #15906 #15916 #15720 #15561 #15572 #15582 #15630 #15524 #15534 #15540 #15437 #15389 #15398 #14406 ...)) (not (or #21081 #15866 #15906 #15916 #15720 #15561 #15572 #15582 #15389 #15398 #14406 #12624)) (not (or #15866 #12377)) (not (or #21081 #15866 #15906 #12271)) (not (or #21081 #15906 #15916 #15720 #15561 #15572 #15582 #15630 #15524 #15534 #15540 #15437 #15389 #15398 #14406 #12277 ...)) (not (or #21081 #15866 #15906 #15916 #15720 #15561 #15572 #15582 #15630 #15524 #15534 #15540 #15437 #15389 #15398 #14406 ...)) (not (or #21081 #15866 #15906 #15389 #12289)) (not (or #15866 #12186)) ...) (a)
      (not (or (not #15864) (not #13247) (not #13160) (not #13016) (not #12896) (not #12821) (not #12829) (not #12574) (not #12617) (not #12625) (not #12379) (not #12273) (not #12278) (not #13309) (not #12175) (not #12187) ...)) (c)
    (not (or (if #18853 #18270 #18718) (if #18853 #18855 #18651) (not #18659) (not #18669) (not #18677) (not #18609) (not #18618) (not #18630) (not #18216))) (c)
  (not (= i844 1)) (c)

Worker 0 CUBE SIZE IN MAIN LOOP: 3
 Checking cube
(or (not (or #4240 #4941 #4949 #4953 #4963 #4980 #5012 #5031 #5040 #5048 #5056 #5063 #5072 #5081 #5093 #5097 ...)) (not (or #4941 #5641 #5646 #6081 #6507)) (not (or #4941 #5641 #5646 #5660 #6081 #6122 #6554)) (not (or #4941 #5641 #5646 #5660 #6081 #6122 #6574)) (not (or #4941 #5641 #5646 #5660 #5693 #6081 #6122 #6520 #6582)) (not (or #4941 #5641 #5646 #5660 #5693 #5733 #6081 #6122 #6520 #6590)) (not (or #4941 #5641 #5646 #5660 #5693 #5733 #5758 #6081 #6122 #6520 #6599)) (not (or #4941 #5641 #5646 #5660 #5693 #5733 #5758 #6081 #6122 #6520 #6608)) (not (or #4941 #5641 #5646 #5660 #5693 #5733 #5758 #5767 #5776 #5791 #5799 #5803 #5811 #6081 #6122 #6520 ...)) (not (or #4941 #5641 #5646 #5660 #5693 #5733 #5758 #5767 #6081 #6122 #6520 #6620)) (not (or #5641 #8943)) (not (or #4941 #5641 #5646 #9265)) (not (or #4941 #5646 #5660 #5693 #5733 #5758 #5767 #5776 #5791 #5799 #5803 #5811 #6081 #6122 #6520 #9231 ...)) (not (or #4941 #5641 #5646 #5660 #5693 #5733 #5758 #5767 #5776 #5791 #5799 #5803 #5811 #6081 #6122 #6520 ...)) (not (or #4941 #5641 #5646 #6081 #9181)) (not (or #5641 #8962)) ...)
(or (if (or #2478 #2972) (not #3568) (not #3572)) (if (or #2478 #2972) (= #3567 0) (not #3582)) (not (or #2478 #2972 #3591)) (not (or #2478 #2972 #2985 #3596)) (not (or #2478 #2972 #2985 #2993 #3001 #3607)) (not (or #2478 #2972 #2985 #2993 #3001 #3009 #3615)) (not (or #2478 #2972 #2985 #2993 #3001 #3009 #3624)) (not (or #2478 #2972 #2985 #2993 #3001 #3009 #3013 #3020 #3632)) (not (or #3643 #4325)))
(= i844 1)
with max_conflicts: 3375
Worker 3 DONE checking cube l_undef
Worker 3 found undef cube
Batch manager splitting on literal: (or (not (= i844 1)) (= i1041 0) (not (or #4126 #4151 #4182)) (if (or #4126 #4151) (not #19336) (not #19416)) (not (or #4126 #4156 #19417 #19341 #19415 #19345)) (if (or #19340 #19347) (not #19351) (not #19361)) (if (or #19340 #19347) (= #19349 0) (not #19366)) (not (or #4126 #4151 #19339 #19340 #19347 #19334)) (not (or #4126 #4151 #19339 #19334)))
null (o)
  (= i844 1) (o)
    (or (if (or #19089 #18932) (not #18855) (not #18717)) (if (or #19089 #18932) (= #18931 0) (not #18650)) (not (or #19089 #18932 #18658)) (not (or #19089 #18932 #18280 #18666)) (not (or #19089 #18932 #18280 #18888 #18860 #18676)) (not (or #19089 #18932 #18280 #18888 #18860 #18865 #18608)) (not (or #19089 #18932 #18280 #18888 #18860 #18865 #18617)) (not (or #19089 #18932 #18280 #18888 #18860 #18865 #18868 #18265 #18629)) (not (or #18640 #18215))) (o)
      (or (not (or #18281 #21081 #21091 #21053 #21063 #20962 #20930 #20911 #20823 #20790 #20592 #20271 #20241 #20050 #19891 #19278 ...)) (not (or #21081 #15866 #15906 #15389 #13246)) (not (or #21081 #15866 #15906 #15916 #15389 #15398 #13159)) (not (or #21081 #15866 #15906 #15916 #15389 #15398 #13014)) (not (or #21081 #15866 #15906 #15916 #15720 #15389 #15398 #14406 #12895)) (not (or #21081 #15866 #15906 #15916 #15720 #15561 #15389 #15398 #14406 #12820)) (not (or #21081 #15866 #15906 #15916 #15720 #15561 #15572 #15389 #15398 #14406 #12828)) (not (or #21081 #15866 #15906 #15916 #15720 #15561 #15572 #15389 #15398 #14406 #12573)) (not (or #21081 #15866 #15906 #15916 #15720 #15561 #15572 #15582 #15630 #15524 #15534 #15540 #15437 #15389 #15398 #14406 ...)) (not (or #21081 #15866 #15906 #15916 #15720 #15561 #15572 #15582 #15389 #15398 #14406 #12624)) (not (or #15866 #12377)) (not (or #21081 #15866 #15906 #12271)) (not (or #21081 #15906 #15916 #15720 #15561 #15572 #15582 #15630 #15524 #15534 #15540 #15437 #15389 #15398 #14406 #12277 ...)) (not (or #21081 #15866 #15906 #15916 #15720 #15561 #15572 #15582 #15630 #15524 #15534 #15540 #15437 #15389 #15398 #14406 ...)) (not (or #21081 #15866 #15906 #15389 #12289)) (not (or #15866 #12186)) ...) (a)
      (not (or (not #15864) (not #13247) (not #13160) (not #13016) (not #12896) (not #12821) (not #12829) (not #12574) (not #12617) (not #12625) (not #12379) (not #12273) (not #12278) (not #13309) (not #12175) (not #12187) ...)) (c)
    (not (or (if #18853 #18270 #18718) (if #18853 #18855 #18651) (not #18659) (not #18669) (not #18677) (not #18609) (not #18618) (not #18630) (not #18216))) (c)
  (not (= i844 1)) (c)

Worker 3 CUBE SIZE IN MAIN LOOP: 3
 Checking cube
(or (not (or #4240 #4941 #4949 #4953 #4963 #4980 #5012 #5031 #5040 #5048 #5056 #5063 #5072 #5081 #5093 #5097 ...)) (not (or #4941 #5641 #5646 #6081 #6507)) (not (or #4941 #5641 #5646 #5660 #6081 #6122 #6554)) (not (or #4941 #5641 #5646 #5660 #6081 #6122 #6574)) (not (or #4941 #5641 #5646 #5660 #5693 #6081 #6122 #6520 #6582)) (not (or #4941 #5641 #5646 #5660 #5693 #5733 #6081 #6122 #6520 #6590)) (not (or #4941 #5641 #5646 #5660 #5693 #5733 #5758 #6081 #6122 #6520 #6599)) (not (or #4941 #5641 #5646 #5660 #5693 #5733 #5758 #6081 #6122 #6520 #6608)) (not (or #4941 #5641 #5646 #5660 #5693 #5733 #5758 #5767 #5776 #5791 #5799 #5803 #5811 #6081 #6122 #6520 ...)) (not (or #4941 #5641 #5646 #5660 #5693 #5733 #5758 #5767 #6081 #6122 #6520 #6620)) (not (or #5641 #8943)) (not (or #4941 #5641 #5646 #9265)) (not (or #4941 #5646 #5660 #5693 #5733 #5758 #5767 #5776 #5791 #5799 #5803 #5811 #6081 #6122 #6520 #9231 ...)) (not (or #4941 #5641 #5646 #5660 #5693 #5733 #5758 #5767 #5776 #5791 #5799 #5803 #5811 #6081 #6122 #6520 ...)) (not (or #4941 #5641 #5646 #6081 #9181)) (not (or #5641 #8962)) ...)
(or (if (or #2478 #2972) (not #3568) (not #3572)) (if (or #2478 #2972) (= #3567 0) (not #3582)) (not (or #2478 #2972 #3591)) (not (or #2478 #2972 #2985 #3596)) (not (or #2478 #2972 #2985 #2993 #3001 #3607)) (not (or #2478 #2972 #2985 #2993 #3001 #3009 #3615)) (not (or #2478 #2972 #2985 #2993 #3001 #3009 #3624)) (not (or #2478 #2972 #2985 #2993 #3001 #3009 #3013 #3020 #3632)) (not (or #3643 #4325)))
(= i844 1)
with max_conflicts: 3375
Worker 2 DONE checking cube l_undef
Worker 2 found undef cube
Batch manager splitting on literal: (= (if (or #21081 #15866 #15906 #15916 #15720 #15561 #15572 #15582 #15389 #15398 #14406 #12234) (if #12143 #11752 467) (if #15864 #11817 224)) 261)
null (o)
  (= i844 1) (o)
    (or (if (or #19089 #18932) (not #18855) (not #18717)) (if (or #19089 #18932) (= #18931 0) (not #18650)) (not (or #19089 #18932 #18658)) (not (or #19089 #18932 #18280 #18666)) (not (or #19089 #18932 #18280 #18888 #18860 #18676)) (not (or #19089 #18932 #18280 #18888 #18860 #18865 #18608)) (not (or #19089 #18932 #18280 #18888 #18860 #18865 #18617)) (not (or #19089 #18932 #18280 #18888 #18860 #18865 #18868 #18265 #18629)) (not (or #18640 #18215))) (o)
      (or (not (or #18281 #21081 #21091 #21053 #21063 #20962 #20930 #20911 #20823 #20790 #20592 #20271 #20241 #20050 #19891 #19278 ...)) (not (or #21081 #15866 #15906 #15389 #13246)) (not (or #21081 #15866 #15906 #15916 #15389 #15398 #13159)) (not (or #21081 #15866 #15906 #15916 #15389 #15398 #13014)) (not (or #21081 #15866 #15906 #15916 #15720 #15389 #15398 #14406 #12895)) (not (or #21081 #15866 #15906 #15916 #15720 #15561 #15389 #15398 #14406 #12820)) (not (or #21081 #15866 #15906 #15916 #15720 #15561 #15572 #15389 #15398 #14406 #12828)) (not (or #21081 #15866 #15906 #15916 #15720 #15561 #15572 #15389 #15398 #14406 #12573)) (not (or #21081 #15866 #15906 #15916 #15720 #15561 #15572 #15582 #15630 #15524 #15534 #15540 #15437 #15389 #15398 #14406 ...)) (not (or #21081 #15866 #15906 #15916 #15720 #15561 #15572 #15582 #15389 #15398 #14406 #12624)) (not (or #15866 #12377)) (not (or #21081 #15866 #15906 #12271)) (not (or #21081 #15906 #15916 #15720 #15561 #15572 #15582 #15630 #15524 #15534 #15540 #15437 #15389 #15398 #14406 #12277 ...)) (not (or #21081 #15866 #15906 #15916 #15720 #15561 #15572 #15582 #15630 #15524 #15534 #15540 #15437 #15389 #15398 #14406 ...)) (not (or #21081 #15866 #15906 #15389 #12289)) (not (or #15866 #12186)) ...) (a)
      (not (or (not #15864) (not #13247) (not #13160) (not #13016) (not #12896) (not #12821) (not #12829) (not #12574) (not #12617) (not #12625) (not #12379) (not #12273) (not #12278) (not #13309) (not #12175) (not #12187) ...)) (c)
    (not (or (if #18853 #18270 #18718) (if #18853 #18855 #18651) (not #18659) (not #18669) (not #18677) (not #18609) (not #18618) (not #18630) (not #18216))) (c)
  (not (= i844 1)) (c)

Worker 2 CUBE SIZE IN MAIN LOOP: 3
 Checking cube
(or (not (or #4240 #4941 #4949 #4953 #4963 #4980 #5012 #5031 #5040 #5048 #5056 #5063 #5072 #5081 #5093 #5097 ...)) (not (or #4941 #5641 #5646 #6081 #6507)) (not (or #4941 #5641 #5646 #5660 #6081 #6122 #6554)) (not (or #4941 #5641 #5646 #5660 #6081 #6122 #6574)) (not (or #4941 #5641 #5646 #5660 #5693 #6081 #6122 #6520 #6582)) (not (or #4941 #5641 #5646 #5660 #5693 #5733 #6081 #6122 #6520 #6590)) (not (or #4941 #5641 #5646 #5660 #5693 #5733 #5758 #6081 #6122 #6520 #6599)) (not (or #4941 #5641 #5646 #5660 #5693 #5733 #5758 #6081 #6122 #6520 #6608)) (not (or #4941 #5641 #5646 #5660 #5693 #5733 #5758 #5767 #5776 #5791 #5799 #5803 #5811 #6081 #6122 #6520 ...)) (not (or #4941 #5641 #5646 #5660 #5693 #5733 #5758 #5767 #6081 #6122 #6520 #6620)) (not (or #5641 #8943)) (not (or #4941 #5641 #5646 #9265)) (not (or #4941 #5646 #5660 #5693 #5733 #5758 #5767 #5776 #5791 #5799 #5803 #5811 #6081 #6122 #6520 #9231 ...)) (not (or #4941 #5641 #5646 #5660 #5693 #5733 #5758 #5767 #5776 #5791 #5799 #5803 #5811 #6081 #6122 #6520 ...)) (not (or #4941 #5641 #5646 #6081 #9181)) (not (or #5641 #8962)) ...)
(or (if (or #2478 #2972) (not #3568) (not #3572)) (if (or #2478 #2972) (= #3567 0) (not #3582)) (not (or #2478 #2972 #3591)) (not (or #2478 #2972 #2985 #3596)) (not (or #2478 #2972 #2985 #2993 #3001 #3607)) (not (or #2478 #2972 #2985 #2993 #3001 #3009 #3615)) (not (or #2478 #2972 #2985 #2993 #3001 #3009 #3624)) (not (or #2478 #2972 #2985 #2993 #3001 #3009 #3013 #3020 #3632)) (not (or #3643 #4325)))
(= i844 1)
with max_conflicts: 3375
Worker 1 DONE checking cube l_false
Worker 1 found unsat cube
Batch manager backtracking.
(or (if (or #2478 #2972) (not #3568) (not #3572)) (if (or #2478 #2972) (= #3567 0) (not #3582)) (not (or #2478 #2972 #3591)) (not (or #2478 #2972 #2985 #3596)) (not (or #2478 #2972 #2985 #2993 #3001 #3607)) (not (or #2478 #2972 #2985 #2993 #3001 #3009 #3615)) (not (or #2478 #2972 #2985 #2993 #3001 #3009 #3624)) (not (or #2478 #2972 #2985 #2993 #3001 #3009 #3013 #3020 #3632)) (not (or #3643 #4325)))
(or (not (or #4240 #4941 #4949 #4953 #4963 #4980 #5012 #5031 #5040 #5048 #5056 #5063 #5072 #5081 #5093 #5097 ...)) (not (or #4941 #5641 #5646 #6081 #6507)) (not (or #4941 #5641 #5646 #5660 #6081 #6122 #6554)) (not (or #4941 #5641 #5646 #5660 #6081 #6122 #6574)) (not (or #4941 #5641 #5646 #5660 #5693 #6081 #6122 #6520 #6582)) (not (or #4941 #5641 #5646 #5660 #5693 #5733 #6081 #6122 #6520 #6590)) (not (or #4941 #5641 #5646 #5660 #5693 #5733 #5758 #6081 #6122 #6520 #6599)) (not (or #4941 #5641 #5646 #5660 #5693 #5733 #5758 #6081 #6122 #6520 #6608)) (not (or #4941 #5641 #5646 #5660 #5693 #5733 #5758 #5767 #5776 #5791 #5799 #5803 #5811 #6081 #6122 #6520 ...)) (not (or #4941 #5641 #5646 #5660 #5693 #5733 #5758 #5767 #6081 #6122 #6520 #6620)) (not (or #5641 #8943)) (not (or #4941 #5641 #5646 #9265)) (not (or #4941 #5646 #5660 #5693 #5733 #5758 #5767 #5776 #5791 #5799 #5803 #5811 #6081 #6122 #6520 #9231 ...)) (not (or #4941 #5641 #5646 #5660 #5693 #5733 #5758 #5767 #5776 #5791 #5799 #5803 #5811 #6081 #6122 #6520 ...)) (not (or #4941 #5641 #5646 #6081 #9181)) (not (or #5641 #8962)) ...)

null (o)
  (= i844 1) (o)
    (or (if (or #19089 #18932) (not #18855) (not #18717)) (if (or #19089 #18932) (= #18931 0) (not #18650)) (not (or #19089 #18932 #18658)) (not (or #19089 #18932 #18280 #18666)) (not (or #19089 #18932 #18280 #18888 #18860 #18676)) (not (or #19089 #18932 #18280 #18888 #18860 #18865 #18608)) (not (or #19089 #18932 #18280 #18888 #18860 #18865 #18617)) (not (or #19089 #18932 #18280 #18888 #18860 #18865 #18868 #18265 #18629)) (not (or #18640 #18215))) (c)
      (or (not (or #18281 #21081 #21091 #21053 #21063 #20962 #20930 #20911 #20823 #20790 #20592 #20271 #20241 #20050 #19891 #19278 ...)) (not (or #21081 #15866 #15906 #15389 #13246)) (not (or #21081 #15866 #15906 #15916 #15389 #15398 #13159)) (not (or #21081 #15866 #15906 #15916 #15389 #15398 #13014)) (not (or #21081 #15866 #15906 #15916 #15720 #15389 #15398 #14406 #12895)) (not (or #21081 #15866 #15906 #15916 #15720 #15561 #15389 #15398 #14406 #12820)) (not (or #21081 #15866 #15906 #15916 #15720 #15561 #15572 #15389 #15398 #14406 #12828)) (not (or #21081 #15866 #15906 #15916 #15720 #15561 #15572 #15389 #15398 #14406 #12573)) (not (or #21081 #15866 #15906 #15916 #15720 #15561 #15572 #15582 #15630 #15524 #15534 #15540 #15437 #15389 #15398 #14406 ...)) (not (or #21081 #15866 #15906 #15916 #15720 #15561 #15572 #15582 #15389 #15398 #14406 #12624)) (not (or #15866 #12377)) (not (or #21081 #15866 #15906 #12271)) (not (or #21081 #15906 #15916 #15720 #15561 #15572 #15582 #15630 #15524 #15534 #15540 #15437 #15389 #15398 #14406 #12277 ...)) (not (or #21081 #15866 #15906 #15916 #15720 #15561 #15572 #15582 #15630 #15524 #15534 #15540 #15437 #15389 #15398 #14406 ...)) (not (or #21081 #15866 #15906 #15389 #12289)) (not (or #15866 #12186)) ...) (c)
      (not (or (not #15864) (not #13247) (not #13160) (not #13016) (not #12896) (not #12821) (not #12829) (not #12574) (not #12617) (not #12625) (not #12379) (not #12273) (not #12278) (not #13309) (not #12175) (not #12187) ...)) (c)
    (not (or (if #18853 #18270 #18718) (if #18853 #18855 #18651) (not #18659) (not #18669) (not #18677) (not #18609) (not #18618) (not #18630) (not #18216))) (c)
  (not (= i844 1)) (c)
Worker 1 no more cubes
Worker 0 DONE checking cube l_false
Worker 0 found unsat cube
Batch manager backtracking.
(or (not (or #4240 #4941 #4949 #4953 #4963 #4980 #5012 #5031 #5040 #5048 #5056 #5063 #5072 #5081 #5093 #5097 ...)) (not (or #4941 #5641 #5646 #6081 #6507)) (not (or #4941 #5641 #5646 #5660 #6081 #6122 #6554)) (not (or #4941 #5641 #5646 #5660 #6081 #6122 #6574)) (not (or #4941 #5641 #5646 #5660 #5693 #6081 #6122 #6520 #6582)) (not (or #4941 #5641 #5646 #5660 #5693 #5733 #6081 #6122 #6520 #6590)) (not (or #4941 #5641 #5646 #5660 #5693 #5733 #5758 #6081 #6122 #6520 #6599)) (not (or #4941 #5641 #5646 #5660 #5693 #5733 #5758 #6081 #6122 #6520 #6608)) (not (or #4941 #5641 #5646 #5660 #5693 #5733 #5758 #5767 #5776 #5791 #5799 #5803 #5811 #6081 #6122 #6520 ...)) (not (or #4941 #5641 #5646 #5660 #5693 #5733 #5758 #5767 #6081 #6122 #6520 #6620)) (not (or #5641 #8943)) (not (or #4941 #5641 #5646 #9265)) (not (or #4941 #5646 #5660 #5693 #5733 #5758 #5767 #5776 #5791 #5799 #5803 #5811 #6081 #6122 #6520 #9231 ...)) (not (or #4941 #5641 #5646 #5660 #5693 #5733 #5758 #5767 #5776 #5791 #5799 #5803 #5811 #6081 #6122 #6520 ...)) (not (or #4941 #5641 #5646 #6081 #9181)) (not (or #5641 #8962)) ...)

null (c)
  (= i844 1) (c)
    (or (if (or #19089 #18932) (not #18855) (not #18717)) (if (or #19089 #18932) (= #18931 0) (not #18650)) (not (or #19089 #18932 #18658)) (not (or #19089 #18932 #18280 #18666)) (not (or #19089 #18932 #18280 #18888 #18860 #18676)) (not (or #19089 #18932 #18280 #18888 #18860 #18865 #18608)) (not (or #19089 #18932 #18280 #18888 #18860 #18865 #18617)) (not (or #19089 #18932 #18280 #18888 #18860 #18865 #18868 #18265 #18629)) (not (or #18640 #18215))) (c)
      (or (not (or #18281 #21081 #21091 #21053 #21063 #20962 #20930 #20911 #20823 #20790 #20592 #20271 #20241 #20050 #19891 #19278 ...)) (not (or #21081 #15866 #15906 #15389 #13246)) (not (or #21081 #15866 #15906 #15916 #15389 #15398 #13159)) (not (or #21081 #15866 #15906 #15916 #15389 #15398 #13014)) (not (or #21081 #15866 #15906 #15916 #15720 #15389 #15398 #14406 #12895)) (not (or #21081 #15866 #15906 #15916 #15720 #15561 #15389 #15398 #14406 #12820)) (not (or #21081 #15866 #15906 #15916 #15720 #15561 #15572 #15389 #15398 #14406 #12828)) (not (or #21081 #15866 #15906 #15916 #15720 #15561 #15572 #15389 #15398 #14406 #12573)) (not (or #21081 #15866 #15906 #15916 #15720 #15561 #15572 #15582 #15630 #15524 #15534 #15540 #15437 #15389 #15398 #14406 ...)) (not (or #21081 #15866 #15906 #15916 #15720 #15561 #15572 #15582 #15389 #15398 #14406 #12624)) (not (or #15866 #12377)) (not (or #21081 #15866 #15906 #12271)) (not (or #21081 #15906 #15916 #15720 #15561 #15572 #15582 #15630 #15524 #15534 #15540 #15437 #15389 #15398 #14406 #12277 ...)) (not (or #21081 #15866 #15906 #15916 #15720 #15561 #15572 #15582 #15630 #15524 #15534 #15540 #15437 #15389 #15398 #14406 ...)) (not (or #21081 #15866 #15906 #15389 #12289)) (not (or #15866 #12186)) ...) (c)
      (not (or (not #15864) (not #13247) (not #13160) (not #13016) (not #12896) (not #12821) (not #12829) (not #12574) (not #12617) (not #12625) (not #12379) (not #12273) (not #12278) (not #13309) (not #12175) (not #12187) ...)) (c)
    (not (or (if #18853 #18270 #18718) (if #18853 #18855 #18651) (not #18659) (not #18669) (not #18677) (not #18609) (not #18618) (not #18630) (not #18216))) (c)
  (not (= i844 1)) (c)
Canceling workers
Worker 0 canceling
Worker 1 canceling
Worker 2 canceling
Worker 3 canceling
Worker 3 DONE checking cube l_undef
all done
Worker 0 no more cubes
Worker 2 DONE checking cube l_undef
Batch manager setting exception msg: context cancelled.
Batch manager setting exception msg: context cancelled.
unsat
(:added-eqs                   1505228
 :arith-eq-adapter            3264
 :arith-bound-propagations-lp 189919
 :arith-conflicts             658
 :arith-diseq                 135091
 :arith-fixed-eqs             195568
 :arith-lower                 128479
 :arith-make-feasible         58567
 :arith-max-columns           1663
 :arith-max-rows              683
 :arith-offset-eqs            57937
 :arith-upper                 217822
 :binary-propagations         4240347
 :conflicts                   25764
 :decisions                   539829
 :del-clause                  20948
 :max-memory                  113.89
 :memory                      19.22
 :minimized-lits              151002
 :mk-bool-var                 22501
 :mk-clause                   38745
 :mk-clause-binary            61373
 :num-allocs                  59404714
 :num-checks                  20
 :parallel-max-cube-size      3
 :parallel-num_cubes          12
 :propagations                6199723
 :restarts                    223
 :rlimit-count                17624848
 :time                        0.79
 :total-time                  2.80)
