Worker 0 created with 0 assumptions
Worker 1 created with 0 assumptions
Worker 2 created with 0 assumptions
Worker 3 created with 0 assumptions
null (a)

Worker 2 CUBE SIZE IN MAIN LOOP: 0
 Checking cube
with max_conflicts: 1000
null (a)

Worker 0 CUBE SIZE IN MAIN LOOP: 0
 Checking cube
with max_conflicts: 1000
null (a)

Worker 3 CUBE SIZE IN MAIN LOOP: 0
 Checking cube
with max_conflicts: 1000
null (a)

Worker 1 CUBE SIZE IN MAIN LOOP: 0
 Checking cube
with max_conflicts: 1000
Worker 0 DONE checking cube l_undef
Worker 0 found undef cube
Worker 1 DONE checking cube l_undef
Worker 1 found undef cube
Batch manager splitting on literal: (= i844 1)
Worker 2 DONE checking cube l_undef
Worker 2 found undef cube
Batch manager splitting on literal: (<= (+ (if #4125 143 0) (* -1 #4566)) 0)
Batch manager splitting on literal: (= i844 1)
null (o)
  (= i844 1) (a)
  (not (= i844 1)) (o)

Worker 2 CUBE SIZE IN MAIN LOOP: 1
 Checking cube
(= i844 1)
with max_conflicts: 1500
null (o)
  (= i844 1) (a)
  (not (= i844 1)) (a)

Worker 0 CUBE SIZE IN MAIN LOOP: 1
 Checking cube
(not (= i844 1))
with max_conflicts: 1500
null (o)
  (= i844 1) (a)
  (not (= i844 1)) (a)

Worker 3 DONE checking cube l_undef
Worker 3 found undef cube
Worker 1 CUBE SIZE IN MAIN LOOP: 1
 Checking cube
(= i844 1)
with max_conflicts: 1500
Batch manager splitting on literal: (= i844 1)
null (o)
  (= i844 1) (a)
  (not (= i844 1)) (a)

Worker 3 CUBE SIZE IN MAIN LOOP: 1
 Checking cube
(= i844 1)
with max_conflicts: 1500
Worker 0 DONE checking cube l_false
Worker 0 found unsat cube
Batch manager backtracking.
(not (= i844 1))

null (o)
  (= i844 1) (a)
  (not (= i844 1)) (c)
null (o)
  (= i844 1) (a)
  (not (= i844 1)) (c)

Worker 0 CUBE SIZE IN MAIN LOOP: 1
 Checking cube
(= i844 1)
with max_conflicts: 1500
Worker 2 DONE checking cube l_undef
Worker 2 found undef cube
Batch manager splitting on literal: (= (if (or #18719 #18281 #18284 #18290 #18331 #18236 #18264 #18241 #18253 #18219 #18141 #18209 #18259) (if #17946 #15858 467) (if #18375 #16076 243)) 417)
null (o)
  (= i844 1) (o)
    (= (if (or #18719 #18281 #18284 #18290 #18331 #18236 #18264 #18241 #18253 #18219 #18141 #18209 #18259) (if #17946 #15858 467) (if #18375 #16076 243)) 417) (o)
    (not (= (if #18260 #15859 #16077) 417)) (a)
  (not (= i844 1)) (c)

Worker 2 CUBE SIZE IN MAIN LOOP: 2
 Checking cube
(not (= (if #5113 #5166 #5149) 417))
(= i844 1)
with max_conflicts: 2250
Worker 1 DONE checking cube l_undef
Worker 1 found undef cube
Batch manager splitting on literal: (= (if (or #21081 #15866 #15906 #15916 #15720 #15561 #15572 #15582 #15389 #15398 #14406 #12234) (if #12143 #11752 467) (if #15864 #11817 224)) 417)
null (o)
  (= i844 1) (o)
    (= (if (or #18719 #18281 #18284 #18290 #18331 #18236 #18264 #18241 #18253 #18219 #18141 #18209 #18259) (if #17946 #15858 467) (if #18375 #16076 243)) 417) (a)
    (not (= (if #18260 #15859 #16077) 417)) (a)
  (not (= i844 1)) (c)

Worker 1 CUBE SIZE IN MAIN LOOP: 2
 Checking cube
(= (if (or #3574 #4240 #4245 #4255 #4263 #4280 #4289 #4308 #4317 #4329 #4354 #4362 #5112) (if #5157 #4998 467) (if #4239 #5148 243)) 417)
(= i844 1)
with max_conflicts: 2250
Worker 1 DONE checking cube l_false
Worker 1 found unsat cube
Batch manager backtracking.
(= (if (or #3574 #4240 #4245 #4255 #4263 #4280 #4289 #4308 #4317 #4329 #4354 #4362 #5112) (if #5157 #4998 467) (if #4239 #5148 243)) 417)

null (o)
  (= i844 1) (o)
    (= (if (or #18719 #18281 #18284 #18290 #18331 #18236 #18264 #18241 #18253 #18219 #18141 #18209 #18259) (if #17946 #15858 467) (if #18375 #16076 243)) 417) (c)
    (not (= (if #18260 #15859 #16077) 417)) (a)
  (not (= i844 1)) (c)
null (o)
  (= i844 1) (o)
    (= (if (or #18719 #18281 #18284 #18290 #18331 #18236 #18264 #18241 #18253 #18219 #18141 #18209 #18259) (if #17946 #15858 467) (if #18375 #16076 243)) 417) (c)
    (not (= (if #18260 #15859 #16077) 417)) (a)
  (not (= i844 1)) (c)

Worker 1 CUBE SIZE IN MAIN LOOP: 2
 Checking cube
(not (= (if #5113 #5166 #5149) 417))
(= i844 1)
with max_conflicts: 2250
Worker 3 DONE checking cube l_undef
Worker 3 found undef cube
Batch manager splitting on literal: (or (not (or #19362 #19286 #19227 #19263 #19187 #19259 #19192 #19219 #19211)) (not (or #19362 #19286 #19227 #19263 #19187 #19259 #19192 #19219 #19211 #19123 #19136 #19139 #19060 #19065 #19069 #19106 ...)) (not (or #4126 #4151 #19339 #19340 #19347 #19362 #19281 #19334 #19286 #19323 #19319 #19305 #19227 #19315 #19313 #19270 ...)) (not (or #4126 #4151 #19339 #19340 #19347 #19362 #19281 #19334 #19286 #19323 #19319 #19305 #19227 #19315 #19313 #19270 ...)) (not (or #4126 #4151 #19339 #19340 #19347 #19362 #19281 #19334 #19286 #19323 #19319 #19305 #19227 #19315 #19313 #19270 ...)) (not (or #19192 #19123 #19004)) (not (or #19192 #19123 #19136 #19008)) (not (or #19192 #19123 #19136 #19013)) (not (or #19018 #18875)))
null (o)
  (= i844 1) (o)
    (= (if (or #18719 #18281 #18284 #18290 #18331 #18236 #18264 #18241 #18253 #18219 #18141 #18209 #18259) (if #17946 #15858 467) (if #18375 #16076 243)) 417) (c)
    (not (= (if #18260 #15859 #16077) 417)) (a)
  (not (= i844 1)) (c)

Worker 3 CUBE SIZE IN MAIN LOOP: 2
 Checking cube
(not (= (if #5113 #5166 #5149) 417))
(= i844 1)
with max_conflicts: 2250
Worker 0 DONE checking cube l_undef
Worker 0 found undef cube
Batch manager splitting on literal: (or (not (= i844 1)) (= i1041 0) (not (or #4126 #4151 #4182)) (if (or #4126 #4151) (not #19336) (not #19416)) (not (or #4126 #4156 #19417 #19341 #19415 #19345)) (if (or #19340 #19347) (not #19351) (not #19361)) (if (or #19340 #19347) (= #19349 0) (not #19366)) (not (or #4126 #4151 #19339 #19340 #19347 #19334)) (not (or #4126 #4151 #19339 #19334)))
null (o)
  (= i844 1) (o)
    (= (if (or #18719 #18281 #18284 #18290 #18331 #18236 #18264 #18241 #18253 #18219 #18141 #18209 #18259) (if #17946 #15858 467) (if #18375 #16076 243)) 417) (c)
    (not (= (if #18260 #15859 #16077) 417)) (a)
  (not (= i844 1)) (c)

Worker 0 CUBE SIZE IN MAIN LOOP: 2
 Checking cube
(not (= (if #5113 #5166 #5149) 417))
(= i844 1)
with max_conflicts: 2250
Worker 2 DONE checking cube l_undef
Worker 2 found undef cube
Batch manager splitting on literal: (= (if (or #21081 #15866 #15906 #15916 #15720 #15561 #15572 #15582 #15389 #15398 #14406 #12234) (if #12143 #11752 467) (if #15864 #11817 224)) 417)
null (o)
  (= i844 1) (o)
    (= (if (or #18719 #18281 #18284 #18290 #18331 #18236 #18264 #18241 #18253 #18219 #18141 #18209 #18259) (if #17946 #15858 467) (if #18375 #16076 243)) 417) (c)
    (not (= (if #18260 #15859 #16077) 417)) (o)
      (= (if (or #21081 #15866 #15906 #15916 #15720 #15561 #15572 #15582 #15389 #15398 #14406 #12234) (if #12143 #11752 467) (if #15864 #11817 224)) 417) (a)
      (not (= (if #12235 #11753 #11818) 417)) (o)
  (not (= i844 1)) (c)

Worker 2 CUBE SIZE IN MAIN LOOP: 3
 Checking cube
(= (if (or #4941 #5641 #5646 #5660 #5693 #5733 #5758 #5767 #6081 #6122 #6520 #6629) (if #6672 #6696 467) (if #5640 #6663 224)) 417)
(not (= (if #5113 #5166 #5149) 417))
(= i844 1)
with max_conflicts: 3375
Worker 2 DONE checking cube l_false
Worker 2 found unsat cube
Batch manager backtracking.
(= (if (or #4941 #5641 #5646 #5660 #5693 #5733 #5758 #5767 #6081 #6122 #6520 #6629) (if #6672 #6696 467) (if #5640 #6663 224)) 417)

null (o)
  (= i844 1) (o)
    (= (if (or #18719 #18281 #18284 #18290 #18331 #18236 #18264 #18241 #18253 #18219 #18141 #18209 #18259) (if #17946 #15858 467) (if #18375 #16076 243)) 417) (c)
    (not (= (if #18260 #15859 #16077) 417)) (o)
      (= (if (or #21081 #15866 #15906 #15916 #15720 #15561 #15572 #15582 #15389 #15398 #14406 #12234) (if #12143 #11752 467) (if #15864 #11817 224)) 417) (c)
      (not (= (if #12235 #11753 #11818) 417)) (o)
  (not (= i844 1)) (c)
null (o)
  (= i844 1) (o)
    (= (if (or #18719 #18281 #18284 #18290 #18331 #18236 #18264 #18241 #18253 #18219 #18141 #18209 #18259) (if #17946 #15858 467) (if #18375 #16076 243)) 417) (c)
    (not (= (if #18260 #15859 #16077) 417)) (o)
      (= (if (or #21081 #15866 #15906 #15916 #15720 #15561 #15572 #15582 #15389 #15398 #14406 #12234) (if #12143 #11752 467) (if #15864 #11817 224)) 417) (c)
      (not (= (if #12235 #11753 #11818) 417)) (a)
  (not (= i844 1)) (c)

Worker 2 CUBE SIZE IN MAIN LOOP: 3
 Checking cube
(not (= (if #6630 #6681 #6664) 417))
(not (= (if #5113 #5166 #5149) 417))
(= i844 1)
with max_conflicts: 3375
Worker 3 DONE checking cube l_undef
Worker 3 found undef cube
Batch manager splitting on literal: (= (if (or #18719 #18652 #18660 #18670 #18678 #18610 #18619 #18631 #18640 #18572 #18580 #18321 #18090) (if #17954 #21153 467) (if #18719 229 #12434)) 261)
null (o)
  (= i844 1) (o)
    (= (if (or #18719 #18281 #18284 #18290 #18331 #18236 #18264 #18241 #18253 #18219 #18141 #18209 #18259) (if #17946 #15858 467) (if #18375 #16076 243)) 417) (c)
    (not (= (if #18260 #15859 #16077) 417)) (o)
      (= (if (or #21081 #15866 #15906 #15916 #15720 #15561 #15572 #15582 #15389 #15398 #14406 #12234) (if #12143 #11752 467) (if #15864 #11817 224)) 417) (c)
      (not (= (if #12235 #11753 #11818) 417)) (a)
  (not (= i844 1)) (c)

Worker 3 CUBE SIZE IN MAIN LOOP: 3
 Checking cube
(not (= (if #6630 #6681 #6664) 417))
(not (= (if #5113 #5166 #5149) 417))
(= i844 1)
with max_conflicts: 3375
Worker 1 DONE checking cube l_false
Worker 1 found unsat cube
Batch manager backtracking.
(not (= (if #5113 #5166 #5149) 417))

null (c)
  (= i844 1) (c)
    (= (if (or #18719 #18281 #18284 #18290 #18331 #18236 #18264 #18241 #18253 #18219 #18141 #18209 #18259) (if #17946 #15858 467) (if #18375 #16076 243)) 417) (c)
    (not (= (if #18260 #15859 #16077) 417)) (c)
      (= (if (or #21081 #15866 #15906 #15916 #15720 #15561 #15572 #15582 #15389 #15398 #14406 #12234) (if #12143 #11752 467) (if #15864 #11817 224)) 417) (c)
      (not (= (if #12235 #11753 #11818) 417)) (c)
  (not (= i844 1)) (c)
Canceling workers
Worker 0 canceling
Worker 1 canceling
Worker 2 canceling
Worker 3 canceling
Worker 3 DONE checking cube l_undef
all done
Worker 1 no more cubes
Worker 2 DONE checking cube l_undef
Batch manager setting exception msg: context cancelled.
Worker 0 DONE checking cube l_undef
Batch manager setting exception msg: context cancelled.
Batch manager setting exception msg: context cancelled.
unsat
(:added-eqs                   1216717
 :arith-eq-adapter            2791
 :arith-bound-propagations-lp 163804
 :arith-conflicts             576
 :arith-diseq                 114135
 :arith-fixed-eqs             163691
 :arith-lower                 107360
 :arith-make-feasible         49143
 :arith-max-columns           1666
 :arith-max-rows              686
 :arith-offset-eqs            47052
 :arith-upper                 183849
 :binary-propagations         3773608
 :conflicts                   20327
 :decisions                   479200
 :del-clause                  15952
 :max-memory                  113.42
 :memory                      19.15
 :minimized-lits              110573
 :mk-bool-var                 21336
 :mk-clause                   32071
 :mk-clause-binary            61442
 :num-allocs                  53834624
 :num-checks                  18
 :parallel-max-cube-size      3
 :parallel-num_cubes          10
 :propagations                5338745
 :restarts                    174
 :rlimit-count                15045790
 :time                        0.63
 :total-time                  2.27)
