Worker 0 created with 0 assumptions
Worker 1 created with 0 assumptions
Worker 2 created with 0 assumptions
Worker 3 created with 0 assumptions
null (a)

Worker 0 CUBE SIZE IN MAIN LOOP: 0
 Checking cube
with max_conflicts: 1000
null (a)

Worker 3 CUBE SIZE IN MAIN LOOP: 0
 Checking cube
with max_conflicts: 1000
null (a)

Worker 2 CUBE SIZE IN MAIN LOOP: 0
 Checking cube
with max_conflicts: 1000
null (a)

Worker 1 CUBE SIZE IN MAIN LOOP: 0
 Checking cube
with max_conflicts: 1000
Worker 1 DONE checking cube l_undef
Worker 1 found undef cube
Batch manager splitting on literal: (= i844 1)
null (o)
  (= i844 1) (a)
  (not (= i844 1)) (o)

Worker 1 CUBE SIZE IN MAIN LOOP: 1
 Checking cube
(= i844 1)
with max_conflicts: 1500
Worker 3 DONE checking cube l_undef
Worker 3 found undef cube
Batch manager splitting on literal: (= i844 1)
null (o)
  (= i844 1) (a)
  (not (= i844 1)) (a)

Worker 2 DONE checking cube l_undef
Worker 2 found undef cube
Worker 3 CUBE SIZE IN MAIN LOOP: 1
 Checking cube
(not (= i844 1))
with max_conflicts: 1500
Batch manager splitting on literal: (= i844 1)
null (o)
  (= i844 1) (a)
  (not (= i844 1)) (a)

Worker 3 DONE checking cube l_false
Worker 3 found unsat cube
Worker 2 CUBE SIZE IN MAIN LOOP: 1
 Checking cube
(= i844 1)
with max_conflicts: 1500
Batch manager backtracking.
(not (= i844 1))

null (o)
  (= i844 1) (a)
  (not (= i844 1)) (c)
null (o)
  (= i844 1) (a)
  (not (= i844 1)) (c)

Worker 3 CUBE SIZE IN MAIN LOOP: 1
 Checking cube
(= i844 1)
with max_conflicts: 1500
Worker 0 DONE checking cube l_undef
Worker 0 found undef cube
Batch manager splitting on literal: (= i844 1)
null (o)
  (= i844 1) (a)
  (not (= i844 1)) (c)

Worker 0 CUBE SIZE IN MAIN LOOP: 1
 Checking cube
(= i844 1)
with max_conflicts: 1500
Worker 1 DONE checking cube l_undef
Worker 1 found undef cube
Batch manager splitting on literal: (or (not (or #19362 #19286 #19227 #19263 #19187 #19259 #19192 #19219 #19211 #19123 #19136 #19139 #19060 #19065 #19069 #19106 ...)) (not (or #19093 #19123 #12678 #19000 #19054 #19052 #19101 #19014 #19018 #19022 #19055 #19034 #19050 #18947 #18948 #19048 ...)) (not (or #19089 #18278)) (not (or #19089 #18883)) (not (or #19123 #19089 #12678 #18886)) (not (or #19123 #19089 #12678 #19000 #18864)) (not (or #19093 #19123 #19089 #12678 #19000 #19054 #19052 #19101 #19014 #19018 #19022 #19055 #19034 #19050 #18947 #18948 ...)) (not (or #19093 #19123 #19089 #12678 #19000 #19054 #19052 #19101 #19014 #19018 #19022 #19055 #19034 #19050 #18947 #18948 ...)) (not (or #19093 #19123 #19089 #12678 #19000 #19054 #19052 #19101 #19014 #19018 #19022 #19055 #19034 #19050 #18947 #18948 ...)) (not (or #19123 #19089 #12678 #19000 #19054 #18823)) (not (or #19123 #19089 #12678 #19000 #19054 #18784)) (not (or #18831 #18576)))
null (o)
  (= i844 1) (o)
    (or (not (or #19362 #19286 #19227 #19263 #19187 #19259 #19192 #19219 #19211 #19123 #19136 #19139 #19060 #19065 #19069 #19106 ...)) (not (or #19093 #19123 #12678 #19000 #19054 #19052 #19101 #19014 #19018 #19022 #19055 #19034 #19050 #18947 #18948 #19048 ...)) (not (or #19089 #18278)) (not (or #19089 #18883)) (not (or #19123 #19089 #12678 #18886)) (not (or #19123 #19089 #12678 #19000 #18864)) (not (or #19093 #19123 #19089 #12678 #19000 #19054 #19052 #19101 #19014 #19018 #19022 #19055 #19034 #19050 #18947 #18948 ...)) (not (or #19093 #19123 #19089 #12678 #19000 #19054 #19052 #19101 #19014 #19018 #19022 #19055 #19034 #19050 #18947 #18948 ...)) (not (or #19093 #19123 #19089 #12678 #19000 #19054 #19052 #19101 #19014 #19018 #19022 #19055 #19034 #19050 #18947 #18948 ...)) (not (or #19123 #19089 #12678 #19000 #19054 #18823)) (not (or #19123 #19089 #12678 #19000 #19054 #18784)) (not (or #18831 #18576))) (o)
    (not (or (not #19110) (not #18852) (not #18835) (not #18856) (not #18881) (not #18269) (not #18867) (not #18870) (not #18810) (not #18805) (not #18833) (not #18577))) (a)
  (not (= i844 1)) (c)

Worker 1 CUBE SIZE IN MAIN LOOP: 2
 Checking cube
(not (or (not #2477) (not #2971) (not #2984) (not #2992) (not #3000) (not #3008) (not #3012) (not #3016) (not #3023) (not #3050) (not #3059) (not #3678)))
(= i844 1)
with max_conflicts: 2250
Worker 1 DONE checking cube l_false
Worker 1 found unsat cube
Batch manager backtracking.
(not (or (not #2477) (not #2971) (not #2984) (not #2992) (not #3000) (not #3008) (not #3012) (not #3016) (not #3023) (not #3050) (not #3059) (not #3678)))

null (o)
  (= i844 1) (o)
    (or (not (or #19362 #19286 #19227 #19263 #19187 #19259 #19192 #19219 #19211 #19123 #19136 #19139 #19060 #19065 #19069 #19106 ...)) (not (or #19093 #19123 #12678 #19000 #19054 #19052 #19101 #19014 #19018 #19022 #19055 #19034 #19050 #18947 #18948 #19048 ...)) (not (or #19089 #18278)) (not (or #19089 #18883)) (not (or #19123 #19089 #12678 #18886)) (not (or #19123 #19089 #12678 #19000 #18864)) (not (or #19093 #19123 #19089 #12678 #19000 #19054 #19052 #19101 #19014 #19018 #19022 #19055 #19034 #19050 #18947 #18948 ...)) (not (or #19093 #19123 #19089 #12678 #19000 #19054 #19052 #19101 #19014 #19018 #19022 #19055 #19034 #19050 #18947 #18948 ...)) (not (or #19093 #19123 #19089 #12678 #19000 #19054 #19052 #19101 #19014 #19018 #19022 #19055 #19034 #19050 #18947 #18948 ...)) (not (or #19123 #19089 #12678 #19000 #19054 #18823)) (not (or #19123 #19089 #12678 #19000 #19054 #18784)) (not (or #18831 #18576))) (o)
    (not (or (not #19110) (not #18852) (not #18835) (not #18856) (not #18881) (not #18269) (not #18867) (not #18870) (not #18810) (not #18805) (not #18833) (not #18577))) (c)
  (not (= i844 1)) (c)
null (o)
  (= i844 1) (o)
    (or (not (or #19362 #19286 #19227 #19263 #19187 #19259 #19192 #19219 #19211 #19123 #19136 #19139 #19060 #19065 #19069 #19106 ...)) (not (or #19093 #19123 #12678 #19000 #19054 #19052 #19101 #19014 #19018 #19022 #19055 #19034 #19050 #18947 #18948 #19048 ...)) (not (or #19089 #18278)) (not (or #19089 #18883)) (not (or #19123 #19089 #12678 #18886)) (not (or #19123 #19089 #12678 #19000 #18864)) (not (or #19093 #19123 #19089 #12678 #19000 #19054 #19052 #19101 #19014 #19018 #19022 #19055 #19034 #19050 #18947 #18948 ...)) (not (or #19093 #19123 #19089 #12678 #19000 #19054 #19052 #19101 #19014 #19018 #19022 #19055 #19034 #19050 #18947 #18948 ...)) (not (or #19093 #19123 #19089 #12678 #19000 #19054 #19052 #19101 #19014 #19018 #19022 #19055 #19034 #19050 #18947 #18948 ...)) (not (or #19123 #19089 #12678 #19000 #19054 #18823)) (not (or #19123 #19089 #12678 #19000 #19054 #18784)) (not (or #18831 #18576))) (a)
    (not (or (not #19110) (not #18852) (not #18835) (not #18856) (not #18881) (not #18269) (not #18867) (not #18870) (not #18810) (not #18805) (not #18833) (not #18577))) (c)
  (not (= i844 1)) (c)

Worker 1 CUBE SIZE IN MAIN LOOP: 2
 Checking cube
(or (not (or #1803 #1840 #1895 #1914 #1922 #1928 #2009 #2022 #2342 #2344 #2368 #2382 #2399 #2407 #2414 #2421 ...)) (not (or #2042 #2344 #2480 #2488 #2490 #2496 #2502 #2511 #2517 #2523 #2529 #2538 #2545 #2547 #2549 #2551 ...)) (not (or #2478 #2983)) (not (or #2478 #2991)) (not (or #2344 #2478 #2480 #2999)) (not (or #2344 #2478 #2480 #2488 #3007)) (not (or #2042 #2344 #2478 #2480 #2488 #2490 #2496 #2502 #2511 #2517 #2523 #2529 #2538 #2545 #2547 #2549 ...)) (not (or #2042 #2344 #2478 #2480 #2488 #2490 #2496 #2502 #2511 #2517 #2523 #2529 #2538 #2545 #2547 #2549 ...)) (not (or #2042 #2344 #2478 #2480 #2488 #2490 #2496 #2502 #2511 #2517 #2523 #2529 #2538 #2545 #2547 #2549 ...)) (not (or #2344 #2478 #2480 #2488 #2490 #3049)) (not (or #2344 #2478 #2480 #2488 #2490 #3058)) (not (or #3068 #3677)))
(= i844 1)
with max_conflicts: 2250
Worker 3 DONE checking cube l_undef
Worker 3 found undef cube
Batch manager splitting on literal: (or (not (or #19362 #19286 #19227 #19263 #19187 #19259 #19192 #19219 #19211 #19123 #19136 #19139 #19060 #19065 #19069 #19106 ...)) (not (or #19093 #19123 #12678 #19000 #19054 #19052 #19101 #19014 #19018 #19022 #19055 #19034 #19050 #18947 #18948 #19048 ...)) (not (or #19089 #18278)) (not (or #19089 #18883)) (not (or #19123 #19089 #12678 #18886)) (not (or #19123 #19089 #12678 #19000 #18864)) (not (or #19093 #19123 #19089 #12678 #19000 #19054 #19052 #19101 #19014 #19018 #19022 #19055 #19034 #19050 #18947 #18948 ...)) (not (or #19093 #19123 #19089 #12678 #19000 #19054 #19052 #19101 #19014 #19018 #19022 #19055 #19034 #19050 #18947 #18948 ...)) (not (or #19093 #19123 #19089 #12678 #19000 #19054 #19052 #19101 #19014 #19018 #19022 #19055 #19034 #19050 #18947 #18948 ...)) (not (or #19123 #19089 #12678 #19000 #19054 #18823)) (not (or #19123 #19089 #12678 #19000 #19054 #18784)) (not (or #19123 #19089 #12678 #19000 #19054 #19052 #19101 #18877)) (not (or #19123 #19089 #12678 #19000 #19054 #19052 #19101 #19014 #18791)) (not (or #19093 #19123 #19089 #12678 #19000 #19054 #19052 #19101 #19014 #19018 #19022 #19055 #19034 #19050 #18828)) (not (or #19123 #19089 #12678 #19000 #19054 #19052 #19101 #19014 #19018 #18826)) (not (or #19123 #19089 #12678 #19000 #19054 #19052 #19101 #19014 #19018 #18819)) ...)
null (o)
  (= i844 1) (o)
    (or (not (or #19362 #19286 #19227 #19263 #19187 #19259 #19192 #19219 #19211 #19123 #19136 #19139 #19060 #19065 #19069 #19106 ...)) (not (or #19093 #19123 #12678 #19000 #19054 #19052 #19101 #19014 #19018 #19022 #19055 #19034 #19050 #18947 #18948 #19048 ...)) (not (or #19089 #18278)) (not (or #19089 #18883)) (not (or #19123 #19089 #12678 #18886)) (not (or #19123 #19089 #12678 #19000 #18864)) (not (or #19093 #19123 #19089 #12678 #19000 #19054 #19052 #19101 #19014 #19018 #19022 #19055 #19034 #19050 #18947 #18948 ...)) (not (or #19093 #19123 #19089 #12678 #19000 #19054 #19052 #19101 #19014 #19018 #19022 #19055 #19034 #19050 #18947 #18948 ...)) (not (or #19093 #19123 #19089 #12678 #19000 #19054 #19052 #19101 #19014 #19018 #19022 #19055 #19034 #19050 #18947 #18948 ...)) (not (or #19123 #19089 #12678 #19000 #19054 #18823)) (not (or #19123 #19089 #12678 #19000 #19054 #18784)) (not (or #18831 #18576))) (a)
    (not (or (not #19110) (not #18852) (not #18835) (not #18856) (not #18881) (not #18269) (not #18867) (not #18870) (not #18810) (not #18805) (not #18833) (not #18577))) (c)
  (not (= i844 1)) (c)

Worker 3 CUBE SIZE IN MAIN LOOP: 2
 Checking cube
(or (not (or #1803 #1840 #1895 #1914 #1922 #1928 #2009 #2022 #2342 #2344 #2368 #2382 #2399 #2407 #2414 #2421 ...)) (not (or #2042 #2344 #2480 #2488 #2490 #2496 #2502 #2511 #2517 #2523 #2529 #2538 #2545 #2547 #2549 #2551 ...)) (not (or #2478 #2983)) (not (or #2478 #2991)) (not (or #2344 #2478 #2480 #2999)) (not (or #2344 #2478 #2480 #2488 #3007)) (not (or #2042 #2344 #2478 #2480 #2488 #2490 #2496 #2502 #2511 #2517 #2523 #2529 #2538 #2545 #2547 #2549 ...)) (not (or #2042 #2344 #2478 #2480 #2488 #2490 #2496 #2502 #2511 #2517 #2523 #2529 #2538 #2545 #2547 #2549 ...)) (not (or #2042 #2344 #2478 #2480 #2488 #2490 #2496 #2502 #2511 #2517 #2523 #2529 #2538 #2545 #2547 #2549 ...)) (not (or #2344 #2478 #2480 #2488 #2490 #3049)) (not (or #2344 #2478 #2480 #2488 #2490 #3058)) (not (or #3068 #3677)))
(= i844 1)
with max_conflicts: 2250
Worker 2 DONE checking cube l_undef
Worker 2 found undef cube
Batch manager splitting on literal: (or (not (or #19362 #19286 #19227 #19263 #19187 #19259 #19192 #19219 #19211 #19123 #19136 #19139 #19060 #19065 #19069 #19106 ...)) (not (or #19093 #19123 #12678 #19000 #19054 #19052 #19101 #19014 #19018 #19022 #19055 #19034 #19050 #18947 #18948 #19048 ...)) (not (or #19089 #18278)) (not (or #19089 #18883)) (not (or #19123 #19089 #12678 #18886)) (not (or #19123 #19089 #12678 #19000 #18864)) (not (or #19093 #19123 #19089 #12678 #19000 #19054 #19052 #19101 #19014 #19018 #19022 #19055 #19034 #19050 #18947 #18948 ...)) (not (or #19093 #19123 #19089 #12678 #19000 #19054 #19052 #19101 #19014 #19018 #19022 #19055 #19034 #19050 #18947 #18948 ...)) (not (or #19093 #19123 #19089 #12678 #19000 #19054 #19052 #19101 #19014 #19018 #19022 #19055 #19034 #19050 #18947 #18948 ...)) (not (or #19123 #19089 #12678 #19000 #19054 #18823)) (not (or #19123 #19089 #12678 #19000 #19054 #18784)) (not (or #18831 #18576)))
null (o)
  (= i844 1) (o)
    (or (not (or #19362 #19286 #19227 #19263 #19187 #19259 #19192 #19219 #19211 #19123 #19136 #19139 #19060 #19065 #19069 #19106 ...)) (not (or #19093 #19123 #12678 #19000 #19054 #19052 #19101 #19014 #19018 #19022 #19055 #19034 #19050 #18947 #18948 #19048 ...)) (not (or #19089 #18278)) (not (or #19089 #18883)) (not (or #19123 #19089 #12678 #18886)) (not (or #19123 #19089 #12678 #19000 #18864)) (not (or #19093 #19123 #19089 #12678 #19000 #19054 #19052 #19101 #19014 #19018 #19022 #19055 #19034 #19050 #18947 #18948 ...)) (not (or #19093 #19123 #19089 #12678 #19000 #19054 #19052 #19101 #19014 #19018 #19022 #19055 #19034 #19050 #18947 #18948 ...)) (not (or #19093 #19123 #19089 #12678 #19000 #19054 #19052 #19101 #19014 #19018 #19022 #19055 #19034 #19050 #18947 #18948 ...)) (not (or #19123 #19089 #12678 #19000 #19054 #18823)) (not (or #19123 #19089 #12678 #19000 #19054 #18784)) (not (or #18831 #18576))) (a)
    (not (or (not #19110) (not #18852) (not #18835) (not #18856) (not #18881) (not #18269) (not #18867) (not #18870) (not #18810) (not #18805) (not #18833) (not #18577))) (c)
  (not (= i844 1)) (c)

Worker 2 CUBE SIZE IN MAIN LOOP: 2
 Checking cube
(or (not (or #1803 #1840 #1895 #1914 #1922 #1928 #2009 #2022 #2342 #2344 #2368 #2382 #2399 #2407 #2414 #2421 ...)) (not (or #2042 #2344 #2480 #2488 #2490 #2496 #2502 #2511 #2517 #2523 #2529 #2538 #2545 #2547 #2549 #2551 ...)) (not (or #2478 #2983)) (not (or #2478 #2991)) (not (or #2344 #2478 #2480 #2999)) (not (or #2344 #2478 #2480 #2488 #3007)) (not (or #2042 #2344 #2478 #2480 #2488 #2490 #2496 #2502 #2511 #2517 #2523 #2529 #2538 #2545 #2547 #2549 ...)) (not (or #2042 #2344 #2478 #2480 #2488 #2490 #2496 #2502 #2511 #2517 #2523 #2529 #2538 #2545 #2547 #2549 ...)) (not (or #2042 #2344 #2478 #2480 #2488 #2490 #2496 #2502 #2511 #2517 #2523 #2529 #2538 #2545 #2547 #2549 ...)) (not (or #2344 #2478 #2480 #2488 #2490 #3049)) (not (or #2344 #2478 #2480 #2488 #2490 #3058)) (not (or #3068 #3677)))
(= i844 1)
with max_conflicts: 2250
Worker 0 DONE checking cube l_undef
Worker 0 found undef cube
Batch manager splitting on literal: (or (if (or #19340 #19347) (not #19351) (not #19361)) (not (or #4126 #4156 #4192 #19340 #19341 #19347 #19353 #19356 #19359 #19281 #19326 #19342 #19285)) (not (if #19171 #19231 #19240)))
null (o)
  (= i844 1) (o)
    (or (not (or #19362 #19286 #19227 #19263 #19187 #19259 #19192 #19219 #19211 #19123 #19136 #19139 #19060 #19065 #19069 #19106 ...)) (not (or #19093 #19123 #12678 #19000 #19054 #19052 #19101 #19014 #19018 #19022 #19055 #19034 #19050 #18947 #18948 #19048 ...)) (not (or #19089 #18278)) (not (or #19089 #18883)) (not (or #19123 #19089 #12678 #18886)) (not (or #19123 #19089 #12678 #19000 #18864)) (not (or #19093 #19123 #19089 #12678 #19000 #19054 #19052 #19101 #19014 #19018 #19022 #19055 #19034 #19050 #18947 #18948 ...)) (not (or #19093 #19123 #19089 #12678 #19000 #19054 #19052 #19101 #19014 #19018 #19022 #19055 #19034 #19050 #18947 #18948 ...)) (not (or #19093 #19123 #19089 #12678 #19000 #19054 #19052 #19101 #19014 #19018 #19022 #19055 #19034 #19050 #18947 #18948 ...)) (not (or #19123 #19089 #12678 #19000 #19054 #18823)) (not (or #19123 #19089 #12678 #19000 #19054 #18784)) (not (or #18831 #18576))) (a)
    (not (or (not #19110) (not #18852) (not #18835) (not #18856) (not #18881) (not #18269) (not #18867) (not #18870) (not #18810) (not #18805) (not #18833) (not #18577))) (c)
  (not (= i844 1)) (c)

Worker 0 CUBE SIZE IN MAIN LOOP: 2
 Checking cube
(or (not (or #1803 #1840 #1895 #1914 #1922 #1928 #2009 #2022 #2342 #2344 #2368 #2382 #2399 #2407 #2414 #2421 ...)) (not (or #2042 #2344 #2480 #2488 #2490 #2496 #2502 #2511 #2517 #2523 #2529 #2538 #2545 #2547 #2549 #2551 ...)) (not (or #2478 #2983)) (not (or #2478 #2991)) (not (or #2344 #2478 #2480 #2999)) (not (or #2344 #2478 #2480 #2488 #3007)) (not (or #2042 #2344 #2478 #2480 #2488 #2490 #2496 #2502 #2511 #2517 #2523 #2529 #2538 #2545 #2547 #2549 ...)) (not (or #2042 #2344 #2478 #2480 #2488 #2490 #2496 #2502 #2511 #2517 #2523 #2529 #2538 #2545 #2547 #2549 ...)) (not (or #2042 #2344 #2478 #2480 #2488 #2490 #2496 #2502 #2511 #2517 #2523 #2529 #2538 #2545 #2547 #2549 ...)) (not (or #2344 #2478 #2480 #2488 #2490 #3049)) (not (or #2344 #2478 #2480 #2488 #2490 #3058)) (not (or #3068 #3677)))
(= i844 1)
with max_conflicts: 2250
Worker 1 DONE checking cube l_false
Worker 1 found unsat cube
Batch manager backtracking.
(or (not (or #1803 #1840 #1895 #1914 #1922 #1928 #2009 #2022 #2342 #2344 #2368 #2382 #2399 #2407 #2414 #2421 ...)) (not (or #2042 #2344 #2480 #2488 #2490 #2496 #2502 #2511 #2517 #2523 #2529 #2538 #2545 #2547 #2549 #2551 ...)) (not (or #2478 #2983)) (not (or #2478 #2991)) (not (or #2344 #2478 #2480 #2999)) (not (or #2344 #2478 #2480 #2488 #3007)) (not (or #2042 #2344 #2478 #2480 #2488 #2490 #2496 #2502 #2511 #2517 #2523 #2529 #2538 #2545 #2547 #2549 ...)) (not (or #2042 #2344 #2478 #2480 #2488 #2490 #2496 #2502 #2511 #2517 #2523 #2529 #2538 #2545 #2547 #2549 ...)) (not (or #2042 #2344 #2478 #2480 #2488 #2490 #2496 #2502 #2511 #2517 #2523 #2529 #2538 #2545 #2547 #2549 ...)) (not (or #2344 #2478 #2480 #2488 #2490 #3049)) (not (or #2344 #2478 #2480 #2488 #2490 #3058)) (not (or #3068 #3677)))

null (c)
  (= i844 1) (c)
    (or (not (or #19362 #19286 #19227 #19263 #19187 #19259 #19192 #19219 #19211 #19123 #19136 #19139 #19060 #19065 #19069 #19106 ...)) (not (or #19093 #19123 #12678 #19000 #19054 #19052 #19101 #19014 #19018 #19022 #19055 #19034 #19050 #18947 #18948 #19048 ...)) (not (or #19089 #18278)) (not (or #19089 #18883)) (not (or #19123 #19089 #12678 #18886)) (not (or #19123 #19089 #12678 #19000 #18864)) (not (or #19093 #19123 #19089 #12678 #19000 #19054 #19052 #19101 #19014 #19018 #19022 #19055 #19034 #19050 #18947 #18948 ...)) (not (or #19093 #19123 #19089 #12678 #19000 #19054 #19052 #19101 #19014 #19018 #19022 #19055 #19034 #19050 #18947 #18948 ...)) (not (or #19093 #19123 #19089 #12678 #19000 #19054 #19052 #19101 #19014 #19018 #19022 #19055 #19034 #19050 #18947 #18948 ...)) (not (or #19123 #19089 #12678 #19000 #19054 #18823)) (not (or #19123 #19089 #12678 #19000 #19054 #18784)) (not (or #18831 #18576))) (c)
    (not (or (not #19110) (not #18852) (not #18835) (not #18856) (not #18881) (not #18269) (not #18867) (not #18870) (not #18810) (not #18805) (not #18833) (not #18577))) (c)
  (not (= i844 1)) (c)
Canceling workers
Worker 0 canceling
Worker 1 canceling
Worker 2 canceling
Worker 3 canceling
Worker 0 DONE checking cube l_undef
all done
Worker 1 no more cubes
Worker 2 DONE checking cube l_undef
Worker 3 DONE checking cube l_undef
Batch manager setting exception msg: context cancelled.
Batch manager setting exception msg: context cancelled.
Batch manager setting exception msg: context cancelled.
unsat
(:added-eqs                   806313
 :arith-eq-adapter            2625
 :arith-bound-propagations-lp 100053
 :arith-conflicts             445
 :arith-diseq                 71131
 :arith-fixed-eqs             104656
 :arith-lower                 66894
 :arith-make-feasible         33538
 :arith-max-columns           1652
 :arith-max-rows              672
 :arith-offset-eqs            31315
 :arith-upper                 114265
 :binary-propagations         2644690
 :conflicts                   15486
 :decisions                   384401
 :del-clause                  11619
 :max-memory                  113.05
 :memory                      19.16
 :minimized-lits              82300
 :mk-bool-var                 20951
 :mk-clause                   26862
 :mk-clause-binary            61292
 :num-allocs                  47619539
 :num-checks                  15
 :parallel-max-cube-size      2
 :parallel-num_cubes          8
 :propagations                3736926
 :restarts                    133
 :rlimit-count                10819521
 :time                        0.48
 :total-time                  1.63)
