Worker 0 created with 0 assumptions
Worker 1 created with 0 assumptions
Worker 2 created with 0 assumptions
Worker 3 created with 0 assumptions
null (a)

Worker 1 CUBE SIZE IN MAIN LOOP: 0
 Checking cube
with max_conflicts: 1000
null (a)

Worker 2 CUBE SIZE IN MAIN LOOP: 0
 Checking cube
with max_conflicts: 1000
null (a)

Worker 0 CUBE SIZE IN MAIN LOOP: 0
 Checking cube
with max_conflicts: 1000
null (a)

Worker 3 CUBE SIZE IN MAIN LOOP: 0
 Checking cube
with max_conflicts: 1000
Worker 1 DONE checking cube l_undef
Worker 1 found undef cube
Batch manager splitting on literal: (= i844 1)
null (o)
  (= i844 1) (a)
  (not (= i844 1)) (o)

Worker 1 CUBE SIZE IN MAIN LOOP: 1
 Checking cube
(= i844 1)
with max_conflicts: 1500
Worker 2 DONE checking cube l_undef
Worker 2 found undef cube
Batch manager splitting on literal: (= i844 1)
null (o)
  (= i844 1) (a)
  (not (= i844 1)) (a)

Worker 2 CUBE SIZE IN MAIN LOOP: 1
 Checking cube
(not (= i844 1))
with max_conflicts: 1500
Worker 3 DONE checking cube l_undef
Worker 3 found undef cube
Batch manager splitting on literal: (= (if (or #18281 #21081 #21091 #21053 #21063 #20962 #20930 #20911 #20823 #20790 #20592 #14346) (if #14209 #13303 467) (if #21079 #13638 224)) 417)
null (o)
  (= i844 1) (a)
  (not (= i844 1)) (a)

Worker 3 CUBE SIZE IN MAIN LOOP: 1
 Checking cube
(= i844 1)
with max_conflicts: 1500
Worker 0 DONE checking cube l_undef
Worker 0 found undef cube
Batch manager splitting on literal: (= i844 1)
null (o)
  (= i844 1) (a)
  (not (= i844 1)) (a)

Worker 0 CUBE SIZE IN MAIN LOOP: 1
 Checking cube
(= i844 1)
with max_conflicts: 1500
Worker 2 DONE checking cube l_false
Worker 2 found unsat cube
Batch manager backtracking.
(not (= i844 1))

null (o)
  (= i844 1) (a)
  (not (= i844 1)) (c)
null (o)
  (= i844 1) (a)
  (not (= i844 1)) (c)

Worker 2 CUBE SIZE IN MAIN LOOP: 1
 Checking cube
(= i844 1)
with max_conflicts: 1500
Worker 1 DONE checking cube l_undef
Worker 1 found undef cube
Batch manager splitting on literal: (or (not (or #19362 #19286 #19227 #19263 #19187 #19259 #19192 #19219 #19211 #19123 #19136 #19139 #19060 #19065 #19069 #19106 ...)) (not (or #19093 #19123 #12678 #19000 #19054 #19052 #19101 #19014 #19018 #19022 #19055 #19034 #19050 #18947 #18948 #19048 ...)) (not (or #19089 #18278)) (not (or #19089 #18883)) (not (or #19123 #19089 #12678 #18886)) (not (or #19123 #19089 #12678 #19000 #18864)) (not (or #19093 #19123 #19089 #12678 #19000 #19054 #19052 #19101 #19014 #19018 #19022 #19055 #19034 #19050 #18947 #18948 ...)) (not (or #19093 #19123 #19089 #12678 #19000 #19054 #19052 #19101 #19014 #19018 #19022 #19055 #19034 #19050 #18947 #18948 ...)) (not (or #19093 #19123 #19089 #12678 #19000 #19054 #19052 #19101 #19014 #19018 #19022 #19055 #19034 #19050 #18947 #18948 ...)) (not (or #19123 #19089 #12678 #19000 #19054 #18823)) (not (or #19123 #19089 #12678 #19000 #19054 #18784)) (not (or #19123 #19089 #12678 #19000 #19054 #19052 #19101 #18877)) (not (or #19123 #19089 #12678 #19000 #19054 #19052 #19101 #19014 #18791)) (not (or #19093 #19123 #19089 #12678 #19000 #19054 #19052 #19101 #19014 #19018 #19022 #19055 #19034 #19050 #18828)) (not (or #19123 #19089 #12678 #19000 #19054 #19052 #19101 #19014 #19018 #18826)) (not (or #19123 #19089 #12678 #19000 #19054 #19052 #19101 #19014 #19018 #18819)) ...)
null (o)
  (= i844 1) (o)
    (or (not (or #19362 #19286 #19227 #19263 #19187 #19259 #19192 #19219 #19211 #19123 #19136 #19139 #19060 #19065 #19069 #19106 ...)) (not (or #19093 #19123 #12678 #19000 #19054 #19052 #19101 #19014 #19018 #19022 #19055 #19034 #19050 #18947 #18948 #19048 ...)) (not (or #19089 #18278)) (not (or #19089 #18883)) (not (or #19123 #19089 #12678 #18886)) (not (or #19123 #19089 #12678 #19000 #18864)) (not (or #19093 #19123 #19089 #12678 #19000 #19054 #19052 #19101 #19014 #19018 #19022 #19055 #19034 #19050 #18947 #18948 ...)) (not (or #19093 #19123 #19089 #12678 #19000 #19054 #19052 #19101 #19014 #19018 #19022 #19055 #19034 #19050 #18947 #18948 ...)) (not (or #19093 #19123 #19089 #12678 #19000 #19054 #19052 #19101 #19014 #19018 #19022 #19055 #19034 #19050 #18947 #18948 ...)) (not (or #19123 #19089 #12678 #19000 #19054 #18823)) (not (or #19123 #19089 #12678 #19000 #19054 #18784)) (not (or #19123 #19089 #12678 #19000 #19054 #19052 #19101 #18877)) (not (or #19123 #19089 #12678 #19000 #19054 #19052 #19101 #19014 #18791)) (not (or #19093 #19123 #19089 #12678 #19000 #19054 #19052 #19101 #19014 #19018 #19022 #19055 #19034 #19050 #18828)) (not (or #19123 #19089 #12678 #19000 #19054 #19052 #19101 #19014 #19018 #18826)) (not (or #19123 #19089 #12678 #19000 #19054 #19052 #19101 #19014 #19018 #18819)) ...) (o)
    (not (or (not #19110) (not #18852) (not #18835) (not #18856) (not #18881) (not #18269) (not #18867) (not #18870) (not #18810) (not #18805) (not #18833) (not #18788) (not #18874) (not #18795) (not #18799) (not #18813) ...)) (a)
  (not (= i844 1)) (c)

Worker 1 CUBE SIZE IN MAIN LOOP: 2
 Checking cube
(not (or (not #2477) (not #2971) (not #2984) (not #2992) (not #3000) (not #3008) (not #3012) (not #3016) (not #3023) (not #3050) (not #3059) (not #3067) (not #3075) (not #3083) (not #3092) (not #3101) ...))
(= i844 1)
with max_conflicts: 2250
Worker 1 DONE checking cube l_false
Worker 1 found unsat cube
Batch manager backtracking.
(not (or (not #2477) (not #2971) (not #2984) (not #2992) (not #3000) (not #3008) (not #3012) (not #3016) (not #3023) (not #3050) (not #3059) (not #3067) (not #3075) (not #3083) (not #3092) (not #3101) ...))

null (o)
  (= i844 1) (o)
    (or (not (or #19362 #19286 #19227 #19263 #19187 #19259 #19192 #19219 #19211 #19123 #19136 #19139 #19060 #19065 #19069 #19106 ...)) (not (or #19093 #19123 #12678 #19000 #19054 #19052 #19101 #19014 #19018 #19022 #19055 #19034 #19050 #18947 #18948 #19048 ...)) (not (or #19089 #18278)) (not (or #19089 #18883)) (not (or #19123 #19089 #12678 #18886)) (not (or #19123 #19089 #12678 #19000 #18864)) (not (or #19093 #19123 #19089 #12678 #19000 #19054 #19052 #19101 #19014 #19018 #19022 #19055 #19034 #19050 #18947 #18948 ...)) (not (or #19093 #19123 #19089 #12678 #19000 #19054 #19052 #19101 #19014 #19018 #19022 #19055 #19034 #19050 #18947 #18948 ...)) (not (or #19093 #19123 #19089 #12678 #19000 #19054 #19052 #19101 #19014 #19018 #19022 #19055 #19034 #19050 #18947 #18948 ...)) (not (or #19123 #19089 #12678 #19000 #19054 #18823)) (not (or #19123 #19089 #12678 #19000 #19054 #18784)) (not (or #19123 #19089 #12678 #19000 #19054 #19052 #19101 #18877)) (not (or #19123 #19089 #12678 #19000 #19054 #19052 #19101 #19014 #18791)) (not (or #19093 #19123 #19089 #12678 #19000 #19054 #19052 #19101 #19014 #19018 #19022 #19055 #19034 #19050 #18828)) (not (or #19123 #19089 #12678 #19000 #19054 #19052 #19101 #19014 #19018 #18826)) (not (or #19123 #19089 #12678 #19000 #19054 #19052 #19101 #19014 #19018 #18819)) ...) (o)
    (not (or (not #19110) (not #18852) (not #18835) (not #18856) (not #18881) (not #18269) (not #18867) (not #18870) (not #18810) (not #18805) (not #18833) (not #18788) (not #18874) (not #18795) (not #18799) (not #18813) ...)) (c)
  (not (= i844 1)) (c)
null (o)
  (= i844 1) (o)
    (or (not (or #19362 #19286 #19227 #19263 #19187 #19259 #19192 #19219 #19211 #19123 #19136 #19139 #19060 #19065 #19069 #19106 ...)) (not (or #19093 #19123 #12678 #19000 #19054 #19052 #19101 #19014 #19018 #19022 #19055 #19034 #19050 #18947 #18948 #19048 ...)) (not (or #19089 #18278)) (not (or #19089 #18883)) (not (or #19123 #19089 #12678 #18886)) (not (or #19123 #19089 #12678 #19000 #18864)) (not (or #19093 #19123 #19089 #12678 #19000 #19054 #19052 #19101 #19014 #19018 #19022 #19055 #19034 #19050 #18947 #18948 ...)) (not (or #19093 #19123 #19089 #12678 #19000 #19054 #19052 #19101 #19014 #19018 #19022 #19055 #19034 #19050 #18947 #18948 ...)) (not (or #19093 #19123 #19089 #12678 #19000 #19054 #19052 #19101 #19014 #19018 #19022 #19055 #19034 #19050 #18947 #18948 ...)) (not (or #19123 #19089 #12678 #19000 #19054 #18823)) (not (or #19123 #19089 #12678 #19000 #19054 #18784)) (not (or #19123 #19089 #12678 #19000 #19054 #19052 #19101 #18877)) (not (or #19123 #19089 #12678 #19000 #19054 #19052 #19101 #19014 #18791)) (not (or #19093 #19123 #19089 #12678 #19000 #19054 #19052 #19101 #19014 #19018 #19022 #19055 #19034 #19050 #18828)) (not (or #19123 #19089 #12678 #19000 #19054 #19052 #19101 #19014 #19018 #18826)) (not (or #19123 #19089 #12678 #19000 #19054 #19052 #19101 #19014 #19018 #18819)) ...) (a)
    (not (or (not #19110) (not #18852) (not #18835) (not #18856) (not #18881) (not #18269) (not #18867) (not #18870) (not #18810) (not #18805) (not #18833) (not #18788) (not #18874) (not #18795) (not #18799) (not #18813) ...)) (c)
  (not (= i844 1)) (c)

Worker 1 CUBE SIZE IN MAIN LOOP: 2
 Checking cube
(or (not (or #1803 #1840 #1895 #1914 #1922 #1928 #2009 #2022 #2342 #2344 #2368 #2382 #2399 #2407 #2414 #2421 ...)) (not (or #2042 #2344 #2480 #2488 #2490 #2496 #2502 #2511 #2517 #2523 #2529 #2538 #2545 #2547 #2549 #2551 ...)) (not (or #2478 #2983)) (not (or #2478 #2991)) (not (or #2344 #2478 #2480 #2999)) (not (or #2344 #2478 #2480 #2488 #3007)) (not (or #2042 #2344 #2478 #2480 #2488 #2490 #2496 #2502 #2511 #2517 #2523 #2529 #2538 #2545 #2547 #2549 ...)) (not (or #2042 #2344 #2478 #2480 #2488 #2490 #2496 #2502 #2511 #2517 #2523 #2529 #2538 #2545 #2547 #2549 ...)) (not (or #2042 #2344 #2478 #2480 #2488 #2490 #2496 #2502 #2511 #2517 #2523 #2529 #2538 #2545 #2547 #2549 ...)) (not (or #2344 #2478 #2480 #2488 #2490 #3049)) (not (or #2344 #2478 #2480 #2488 #2490 #3058)) (not (or #2344 #2478 #2480 #2488 #2490 #2496 #2502 #3066)) (not (or #2344 #2478 #2480 #2488 #2490 #2496 #2502 #2511 #3074)) (not (or #2042 #2344 #2478 #2480 #2488 #2490 #2496 #2502 #2511 #2517 #2523 #2529 #2538 #2545 #3082)) (not (or #2344 #2478 #2480 #2488 #2490 #2496 #2502 #2511 #2517 #3091)) (not (or #2344 #2478 #2480 #2488 #2490 #2496 #2502 #2511 #2517 #3100)) ...)
(= i844 1)
with max_conflicts: 2250
Worker 0 DONE checking cube l_undef
Worker 0 found undef cube
Batch manager splitting on literal: (or (not (or #18719 #18359 #18281 #18284 #18290 #18331 #18236 #18264 #18241 #18253 #18219 #18141 #18209 #18221 #18188 #18165 ...)) (not (or #18281 #21081 #21091 #21053 #21063 #20962 #20930 #20911 #20823 #20790 #20592 #20271 #20241 #20050 #19891 #19278 ...)) (not (or #18281 #21091 #21053 #21063 #20962 #20930 #20911 #20823 #20790 #20592 #20271 #20241 #20050 #19891 #19278 #18969 ...)) (not (or #21081 #21091 #15914)) (not (or #18281 #21081 #21091 #21053 #15717)) (not (or #18281 #21081 #21091 #21053 #21063 #20962 #15781)) (not (or #18281 #21081 #21091 #21053 #21063 #20962 #20930 #20911 #15569)) (not (or #18281 #21081 #21091 #21053 #21063 #20962 #20930 #20911 #20823 #15580)) (not (or #18281 #21081 #21091 #21053 #21063 #20962 #20930 #20911 #20823 #20790 #15628)) (not (or #18281 #21081 #21091 #21053 #21063 #20962 #20930 #20911 #20823 #20790 #15640)) (not (or #18281 #21081 #21091 #21053 #21063 #20962 #20930 #20911 #20823 #20790 #20592 #20271 #20241 #15532)) (not (or #18281 #21081 #21091 #21053 #21063 #20962 #20930 #20911 #20823 #20790 #20592 #20271 #20241 #20050 #19891 #19278 ...)) (not (or #18281 #21081 #21091 #21053 #21063 #20962 #20930 #20911 #20823 #20790 #20592 #15435)) (not (or #21081 #15387)) (not (or #18281 #21081 #21091 #21053 #15396)) (not (or #18281 #21081 #21091 #21053 #21063 #20962 #14403)) ...)
null (o)
  (= i844 1) (o)
    (or (not (or #19362 #19286 #19227 #19263 #19187 #19259 #19192 #19219 #19211 #19123 #19136 #19139 #19060 #19065 #19069 #19106 ...)) (not (or #19093 #19123 #12678 #19000 #19054 #19052 #19101 #19014 #19018 #19022 #19055 #19034 #19050 #18947 #18948 #19048 ...)) (not (or #19089 #18278)) (not (or #19089 #18883)) (not (or #19123 #19089 #12678 #18886)) (not (or #19123 #19089 #12678 #19000 #18864)) (not (or #19093 #19123 #19089 #12678 #19000 #19054 #19052 #19101 #19014 #19018 #19022 #19055 #19034 #19050 #18947 #18948 ...)) (not (or #19093 #19123 #19089 #12678 #19000 #19054 #19052 #19101 #19014 #19018 #19022 #19055 #19034 #19050 #18947 #18948 ...)) (not (or #19093 #19123 #19089 #12678 #19000 #19054 #19052 #19101 #19014 #19018 #19022 #19055 #19034 #19050 #18947 #18948 ...)) (not (or #19123 #19089 #12678 #19000 #19054 #18823)) (not (or #19123 #19089 #12678 #19000 #19054 #18784)) (not (or #19123 #19089 #12678 #19000 #19054 #19052 #19101 #18877)) (not (or #19123 #19089 #12678 #19000 #19054 #19052 #19101 #19014 #18791)) (not (or #19093 #19123 #19089 #12678 #19000 #19054 #19052 #19101 #19014 #19018 #19022 #19055 #19034 #19050 #18828)) (not (or #19123 #19089 #12678 #19000 #19054 #19052 #19101 #19014 #19018 #18826)) (not (or #19123 #19089 #12678 #19000 #19054 #19052 #19101 #19014 #19018 #18819)) ...) (a)
    (not (or (not #19110) (not #18852) (not #18835) (not #18856) (not #18881) (not #18269) (not #18867) (not #18870) (not #18810) (not #18805) (not #18833) (not #18788) (not #18874) (not #18795) (not #18799) (not #18813) ...)) (c)
  (not (= i844 1)) (c)

Worker 0 CUBE SIZE IN MAIN LOOP: 2
 Checking cube
(or (not (or #1803 #1840 #1895 #1914 #1922 #1928 #2009 #2022 #2342 #2344 #2368 #2382 #2399 #2407 #2414 #2421 ...)) (not (or #2042 #2344 #2480 #2488 #2490 #2496 #2502 #2511 #2517 #2523 #2529 #2538 #2545 #2547 #2549 #2551 ...)) (not (or #2478 #2983)) (not (or #2478 #2991)) (not (or #2344 #2478 #2480 #2999)) (not (or #2344 #2478 #2480 #2488 #3007)) (not (or #2042 #2344 #2478 #2480 #2488 #2490 #2496 #2502 #2511 #2517 #2523 #2529 #2538 #2545 #2547 #2549 ...)) (not (or #2042 #2344 #2478 #2480 #2488 #2490 #2496 #2502 #2511 #2517 #2523 #2529 #2538 #2545 #2547 #2549 ...)) (not (or #2042 #2344 #2478 #2480 #2488 #2490 #2496 #2502 #2511 #2517 #2523 #2529 #2538 #2545 #2547 #2549 ...)) (not (or #2344 #2478 #2480 #2488 #2490 #3049)) (not (or #2344 #2478 #2480 #2488 #2490 #3058)) (not (or #2344 #2478 #2480 #2488 #2490 #2496 #2502 #3066)) (not (or #2344 #2478 #2480 #2488 #2490 #2496 #2502 #2511 #3074)) (not (or #2042 #2344 #2478 #2480 #2488 #2490 #2496 #2502 #2511 #2517 #2523 #2529 #2538 #2545 #3082)) (not (or #2344 #2478 #2480 #2488 #2490 #2496 #2502 #2511 #2517 #3091)) (not (or #2344 #2478 #2480 #2488 #2490 #2496 #2502 #2511 #2517 #3100)) ...)
(= i844 1)
with max_conflicts: 2250
Worker 3 DONE checking cube l_undef
Worker 3 found undef cube
Batch manager splitting on literal: (or (not (or #19362 #19286 #19227 #19263 #19187 #19259 #19192 #19219 #19211)) (not (or #19362 #19286 #19227 #19263 #19187 #19259 #19192 #19219 #19211 #19123 #19136 #19139 #19060 #19065 #19069 #19106 ...)) (not (or #4126 #4151 #19339 #19340 #19347 #19362 #19281 #19334 #19286 #19323 #19319 #19305 #19227 #19315 #19313 #19270 ...)) (not (or #4126 #4151 #19339 #19340 #19347 #19362 #19281 #19334 #19286 #19323 #19319 #19305 #19227 #19315 #19313 #19270 ...)) (not (or #4126 #4151 #19339 #19340 #19347 #19362 #19281 #19334 #19286 #19323 #19319 #19305 #19227 #19315 #19313 #19270 ...)) (not (or #19192 #19123 #19004)) (not (or #19192 #19123 #19136 #19008)) (not (or #19192 #19123 #19136 #19013)) (not (or #19018 #18875)))
null (o)
  (= i844 1) (o)
    (or (not (or #19362 #19286 #19227 #19263 #19187 #19259 #19192 #19219 #19211 #19123 #19136 #19139 #19060 #19065 #19069 #19106 ...)) (not (or #19093 #19123 #12678 #19000 #19054 #19052 #19101 #19014 #19018 #19022 #19055 #19034 #19050 #18947 #18948 #19048 ...)) (not (or #19089 #18278)) (not (or #19089 #18883)) (not (or #19123 #19089 #12678 #18886)) (not (or #19123 #19089 #12678 #19000 #18864)) (not (or #19093 #19123 #19089 #12678 #19000 #19054 #19052 #19101 #19014 #19018 #19022 #19055 #19034 #19050 #18947 #18948 ...)) (not (or #19093 #19123 #19089 #12678 #19000 #19054 #19052 #19101 #19014 #19018 #19022 #19055 #19034 #19050 #18947 #18948 ...)) (not (or #19093 #19123 #19089 #12678 #19000 #19054 #19052 #19101 #19014 #19018 #19022 #19055 #19034 #19050 #18947 #18948 ...)) (not (or #19123 #19089 #12678 #19000 #19054 #18823)) (not (or #19123 #19089 #12678 #19000 #19054 #18784)) (not (or #19123 #19089 #12678 #19000 #19054 #19052 #19101 #18877)) (not (or #19123 #19089 #12678 #19000 #19054 #19052 #19101 #19014 #18791)) (not (or #19093 #19123 #19089 #12678 #19000 #19054 #19052 #19101 #19014 #19018 #19022 #19055 #19034 #19050 #18828)) (not (or #19123 #19089 #12678 #19000 #19054 #19052 #19101 #19014 #19018 #18826)) (not (or #19123 #19089 #12678 #19000 #19054 #19052 #19101 #19014 #19018 #18819)) ...) (a)
    (not (or (not #19110) (not #18852) (not #18835) (not #18856) (not #18881) (not #18269) (not #18867) (not #18870) (not #18810) (not #18805) (not #18833) (not #18788) (not #18874) (not #18795) (not #18799) (not #18813) ...)) (c)
  (not (= i844 1)) (c)

Worker 3 CUBE SIZE IN MAIN LOOP: 2
 Checking cube
(or (not (or #1803 #1840 #1895 #1914 #1922 #1928 #2009 #2022 #2342 #2344 #2368 #2382 #2399 #2407 #2414 #2421 ...)) (not (or #2042 #2344 #2480 #2488 #2490 #2496 #2502 #2511 #2517 #2523 #2529 #2538 #2545 #2547 #2549 #2551 ...)) (not (or #2478 #2983)) (not (or #2478 #2991)) (not (or #2344 #2478 #2480 #2999)) (not (or #2344 #2478 #2480 #2488 #3007)) (not (or #2042 #2344 #2478 #2480 #2488 #2490 #2496 #2502 #2511 #2517 #2523 #2529 #2538 #2545 #2547 #2549 ...)) (not (or #2042 #2344 #2478 #2480 #2488 #2490 #2496 #2502 #2511 #2517 #2523 #2529 #2538 #2545 #2547 #2549 ...)) (not (or #2042 #2344 #2478 #2480 #2488 #2490 #2496 #2502 #2511 #2517 #2523 #2529 #2538 #2545 #2547 #2549 ...)) (not (or #2344 #2478 #2480 #2488 #2490 #3049)) (not (or #2344 #2478 #2480 #2488 #2490 #3058)) (not (or #2344 #2478 #2480 #2488 #2490 #2496 #2502 #3066)) (not (or #2344 #2478 #2480 #2488 #2490 #2496 #2502 #2511 #3074)) (not (or #2042 #2344 #2478 #2480 #2488 #2490 #2496 #2502 #2511 #2517 #2523 #2529 #2538 #2545 #3082)) (not (or #2344 #2478 #2480 #2488 #2490 #2496 #2502 #2511 #2517 #3091)) (not (or #2344 #2478 #2480 #2488 #2490 #2496 #2502 #2511 #2517 #3100)) ...)
(= i844 1)
with max_conflicts: 2250
Worker 2 DONE checking cube l_undef
Worker 2 found undef cube
Batch manager splitting on literal: (= (if (or #13311 #11758 #11762 #11680 #11688 #11664 #11672 #11657 #11625 #10819 #10722 #10703 #10569 #25649) (if #25669 #25965 467) (if #11757 #25860 224)) 133)
null (o)
  (= i844 1) (o)
    (or (not (or #19362 #19286 #19227 #19263 #19187 #19259 #19192 #19219 #19211 #19123 #19136 #19139 #19060 #19065 #19069 #19106 ...)) (not (or #19093 #19123 #12678 #19000 #19054 #19052 #19101 #19014 #19018 #19022 #19055 #19034 #19050 #18947 #18948 #19048 ...)) (not (or #19089 #18278)) (not (or #19089 #18883)) (not (or #19123 #19089 #12678 #18886)) (not (or #19123 #19089 #12678 #19000 #18864)) (not (or #19093 #19123 #19089 #12678 #19000 #19054 #19052 #19101 #19014 #19018 #19022 #19055 #19034 #19050 #18947 #18948 ...)) (not (or #19093 #19123 #19089 #12678 #19000 #19054 #19052 #19101 #19014 #19018 #19022 #19055 #19034 #19050 #18947 #18948 ...)) (not (or #19093 #19123 #19089 #12678 #19000 #19054 #19052 #19101 #19014 #19018 #19022 #19055 #19034 #19050 #18947 #18948 ...)) (not (or #19123 #19089 #12678 #19000 #19054 #18823)) (not (or #19123 #19089 #12678 #19000 #19054 #18784)) (not (or #19123 #19089 #12678 #19000 #19054 #19052 #19101 #18877)) (not (or #19123 #19089 #12678 #19000 #19054 #19052 #19101 #19014 #18791)) (not (or #19093 #19123 #19089 #12678 #19000 #19054 #19052 #19101 #19014 #19018 #19022 #19055 #19034 #19050 #18828)) (not (or #19123 #19089 #12678 #19000 #19054 #19052 #19101 #19014 #19018 #18826)) (not (or #19123 #19089 #12678 #19000 #19054 #19052 #19101 #19014 #19018 #18819)) ...) (a)
    (not (or (not #19110) (not #18852) (not #18835) (not #18856) (not #18881) (not #18269) (not #18867) (not #18870) (not #18810) (not #18805) (not #18833) (not #18788) (not #18874) (not #18795) (not #18799) (not #18813) ...)) (c)
  (not (= i844 1)) (c)

Worker 2 CUBE SIZE IN MAIN LOOP: 2
 Checking cube
(or (not (or #1803 #1840 #1895 #1914 #1922 #1928 #2009 #2022 #2342 #2344 #2368 #2382 #2399 #2407 #2414 #2421 ...)) (not (or #2042 #2344 #2480 #2488 #2490 #2496 #2502 #2511 #2517 #2523 #2529 #2538 #2545 #2547 #2549 #2551 ...)) (not (or #2478 #2983)) (not (or #2478 #2991)) (not (or #2344 #2478 #2480 #2999)) (not (or #2344 #2478 #2480 #2488 #3007)) (not (or #2042 #2344 #2478 #2480 #2488 #2490 #2496 #2502 #2511 #2517 #2523 #2529 #2538 #2545 #2547 #2549 ...)) (not (or #2042 #2344 #2478 #2480 #2488 #2490 #2496 #2502 #2511 #2517 #2523 #2529 #2538 #2545 #2547 #2549 ...)) (not (or #2042 #2344 #2478 #2480 #2488 #2490 #2496 #2502 #2511 #2517 #2523 #2529 #2538 #2545 #2547 #2549 ...)) (not (or #2344 #2478 #2480 #2488 #2490 #3049)) (not (or #2344 #2478 #2480 #2488 #2490 #3058)) (not (or #2344 #2478 #2480 #2488 #2490 #2496 #2502 #3066)) (not (or #2344 #2478 #2480 #2488 #2490 #2496 #2502 #2511 #3074)) (not (or #2042 #2344 #2478 #2480 #2488 #2490 #2496 #2502 #2511 #2517 #2523 #2529 #2538 #2545 #3082)) (not (or #2344 #2478 #2480 #2488 #2490 #2496 #2502 #2511 #2517 #3091)) (not (or #2344 #2478 #2480 #2488 #2490 #2496 #2502 #2511 #2517 #3100)) ...)
(= i844 1)
with max_conflicts: 2250
Worker 2 DONE checking cube l_false
Worker 2 found unsat cube
Batch manager backtracking.
(= i844 1)
(or (not (or #1803 #1840 #1895 #1914 #1922 #1928 #2009 #2022 #2342 #2344 #2368 #2382 #2399 #2407 #2414 #2421 ...)) (not (or #2042 #2344 #2480 #2488 #2490 #2496 #2502 #2511 #2517 #2523 #2529 #2538 #2545 #2547 #2549 #2551 ...)) (not (or #2478 #2983)) (not (or #2478 #2991)) (not (or #2344 #2478 #2480 #2999)) (not (or #2344 #2478 #2480 #2488 #3007)) (not (or #2042 #2344 #2478 #2480 #2488 #2490 #2496 #2502 #2511 #2517 #2523 #2529 #2538 #2545 #2547 #2549 ...)) (not (or #2042 #2344 #2478 #2480 #2488 #2490 #2496 #2502 #2511 #2517 #2523 #2529 #2538 #2545 #2547 #2549 ...)) (not (or #2042 #2344 #2478 #2480 #2488 #2490 #2496 #2502 #2511 #2517 #2523 #2529 #2538 #2545 #2547 #2549 ...)) (not (or #2344 #2478 #2480 #2488 #2490 #3049)) (not (or #2344 #2478 #2480 #2488 #2490 #3058)) (not (or #2344 #2478 #2480 #2488 #2490 #2496 #2502 #3066)) (not (or #2344 #2478 #2480 #2488 #2490 #2496 #2502 #2511 #3074)) (not (or #2042 #2344 #2478 #2480 #2488 #2490 #2496 #2502 #2511 #2517 #2523 #2529 #2538 #2545 #3082)) (not (or #2344 #2478 #2480 #2488 #2490 #2496 #2502 #2511 #2517 #3091)) (not (or #2344 #2478 #2480 #2488 #2490 #2496 #2502 #2511 #2517 #3100)) ...)

null (o)
  (= i844 1) (c)
    (or (not (or #19362 #19286 #19227 #19263 #19187 #19259 #19192 #19219 #19211 #19123 #19136 #19139 #19060 #19065 #19069 #19106 ...)) (not (or #19093 #19123 #12678 #19000 #19054 #19052 #19101 #19014 #19018 #19022 #19055 #19034 #19050 #18947 #18948 #19048 ...)) (not (or #19089 #18278)) (not (or #19089 #18883)) (not (or #19123 #19089 #12678 #18886)) (not (or #19123 #19089 #12678 #19000 #18864)) (not (or #19093 #19123 #19089 #12678 #19000 #19054 #19052 #19101 #19014 #19018 #19022 #19055 #19034 #19050 #18947 #18948 ...)) (not (or #19093 #19123 #19089 #12678 #19000 #19054 #19052 #19101 #19014 #19018 #19022 #19055 #19034 #19050 #18947 #18948 ...)) (not (or #19093 #19123 #19089 #12678 #19000 #19054 #19052 #19101 #19014 #19018 #19022 #19055 #19034 #19050 #18947 #18948 ...)) (not (or #19123 #19089 #12678 #19000 #19054 #18823)) (not (or #19123 #19089 #12678 #19000 #19054 #18784)) (not (or #19123 #19089 #12678 #19000 #19054 #19052 #19101 #18877)) (not (or #19123 #19089 #12678 #19000 #19054 #19052 #19101 #19014 #18791)) (not (or #19093 #19123 #19089 #12678 #19000 #19054 #19052 #19101 #19014 #19018 #19022 #19055 #19034 #19050 #18828)) (not (or #19123 #19089 #12678 #19000 #19054 #19052 #19101 #19014 #19018 #18826)) (not (or #19123 #19089 #12678 #19000 #19054 #19052 #19101 #19014 #19018 #18819)) ...) (c)
    (not (or (not #19110) (not #18852) (not #18835) (not #18856) (not #18881) (not #18269) (not #18867) (not #18870) (not #18810) (not #18805) (not #18833) (not #18788) (not #18874) (not #18795) (not #18799) (not #18813) ...)) (c)
  (not (= i844 1)) (c)
Worker 2 no more cubes
Worker 1 DONE checking cube l_undef
Worker 1 found undef cube
Batch manager splitting on literal: (or (not (= i844 1)) (= i1041 0) (not (or #4126 #4151 #4182)) (if (or #4126 #4151) (not #19336) (not #19416)) (not (or #4126 #4156 #19417 #19341 #19415 #19345)) (if (or #19340 #19347) (not #19351) (not #19361)) (if (or #19340 #19347) (= #19349 0) (not #19366)) (not (or #4126 #4151 #19339 #19340 #19347 #19334)) (not (or #4126 #4151 #19339 #19334)))
all done
Worker 1 no more cubes
Worker 0 DONE checking cube l_undef
Worker 0 found undef cube
Batch manager splitting on literal: (or (not (= i844 1)) (= i1041 0) (not (or #4126 #4151 #4182)) (if (or #4126 #4151) (not #19336) (not #19416)) (not (or #4126 #4156 #19417 #19341 #19415 #19345)) (if (or #19340 #19347) (not #19351) (not #19361)) (if (or #19340 #19347) (= #19349 0) (not #19366)) (not (or #4126 #4151 #19339 #19340 #19347 #19334)) (not (or #4126 #4151 #19339 #19334)))
all done
Worker 0 no more cubes
Worker 3 DONE checking cube l_undef
Worker 3 found undef cube
Batch manager splitting on literal: (or (not (= i844 1)) (= i1041 0) (not (or #4126 #4151 #4182)) (if (or #4126 #4151) (not #19336) (not #19416)) (not (or #4126 #4156 #19417 #19341 #19415 #19345)) (if (or #19340 #19347) (not #19351) (not #19361)) (if (or #19340 #19347) (= #19349 0) (not #19366)) (not (or #4126 #4151 #19339 #19340 #19347 #19334)) (not (or #4126 #4151 #19339 #19334)))
all done
Worker 3 no more cubes
unknown
(:added-eqs                   1071348
 :arith-eq-adapter            3132
 :arith-bound-propagations-lp 138966
 :arith-conflicts             506
 :arith-diseq                 99592
 :arith-fixed-eqs             142053
 :arith-lower                 91063
 :arith-make-feasible         42918
 :arith-max-columns           1666
 :arith-max-rows              686
 :arith-offset-eqs            42980
 :arith-upper                 154319
 :binary-propagations         3221172
 :conflicts                   18563
 :decisions                   423547
 :del-clause                  12508
 :max-memory                  113.50
 :memory                      19.25
 :minimized-lits              102609
 :mk-bool-var                 22111
 :mk-clause                   30765
 :mk-clause-binary            61388
 :num-allocs                  52985114
 :num-checks                  15
 :parallel-max-cube-size      3
 :parallel-num_cubes          11
 :propagations                4590651
 :restarts                    161
 :rlimit-count                13159649
 :time                        0.61
 :total-time                  2.05)
