Worker 0 created with 0 assumptions
Worker 1 created with 0 assumptions
Worker 2 created with 0 assumptions
Worker 3 created with 0 assumptions
null (a)

Worker 1 CUBE SIZE IN MAIN LOOP: 0
 Checking cube
with max_conflicts: 1000
null (a)

Worker 0 CUBE SIZE IN MAIN LOOP: 0
 Checking cube
with max_conflicts: 1000
null (a)

Worker 2 CUBE SIZE IN MAIN LOOP: 0
 Checking cube
with max_conflicts: 1000
null (a)

Worker 3 CUBE SIZE IN MAIN LOOP: 0
 Checking cube
with max_conflicts: 1000
Worker 1 DONE checking cube l_undef
Worker 1 found undef cube
Batch manager splitting on literal: (= i844 1)
null (o)
  (= i844 1) (a)
  (not (= i844 1)) (o)

Worker 1 CUBE SIZE IN MAIN LOOP: 1
 Checking cube
(= i844 1)
with max_conflicts: 1500
Worker 3 DONE checking cube l_undef
Worker 3 found undef cube
Batch manager splitting on literal: (= i844 1)
null (o)
  (= i844 1) (a)
  (not (= i844 1)) (a)

Worker 3 CUBE SIZE IN MAIN LOOP: 1
 Checking cube
(not (= i844 1))
with max_conflicts: 1500
Worker 2 DONE checking cube l_undef
Worker 2 found undef cube
Batch manager splitting on literal: (= i844 1)
null (o)
  (= i844 1) (a)
  (not (= i844 1)) (a)

Worker 0 DONE checking cube l_undef
Worker 0 found undef cube
Worker 2 CUBE SIZE IN MAIN LOOP: 1
 Checking cube
(= i844 1)
with max_conflicts: 1500
Batch manager splitting on literal: (<= (+ (if #4125 143 0) (* -1 #4566)) 0)
null (o)
  (= i844 1) (a)
  (not (= i844 1)) (a)

Worker 0 CUBE SIZE IN MAIN LOOP: 1
 Checking cube
(= i844 1)
with max_conflicts: 1500
Worker 3 DONE checking cube l_false
Worker 3 found unsat cube
Batch manager backtracking.
(not (= i844 1))

null (o)
  (= i844 1) (a)
  (not (= i844 1)) (c)
null (o)
  (= i844 1) (a)
  (not (= i844 1)) (c)

Worker 3 CUBE SIZE IN MAIN LOOP: 1
 Checking cube
(= i844 1)
with max_conflicts: 1500
Worker 2 DONE checking cube l_undef
Worker 2 found undef cube
Batch manager splitting on literal: (or (if (or #19340 #19347) (not #19351) (not #19361)) (not (or #4126 #4156 #4192 #19340 #19341 #19347 #19353 #19356 #19359 #19281 #19326 #19342 #19285)) (not (or #19362 #19286 #19288 #19323 #19358 #19322 #19321 #19298 #19319 #19305 #19307 #19309 #19224 #19226)) (not (or #19362 #19286 #19300 #19319 #19305 #19307 #19309 #19224 #19226 #19229 #19315 #19313 #19270 #19218 #19175 #19177 ...)) (not (or #19362 #19286 #19227 #19213)) (not (or #19362 #19286 #19227 #19189 #19315)) (not (or #4126 #4151 #19339 #19340 #19347 #19362 #19281 #19334 #19286 #19323 #19319 #19305 #19227 #19315 #19313 #19270 ...)) (not (or #19219 #19066)))
null (o)
  (= i844 1) (o)
    (or (if (or #19340 #19347) (not #19351) (not #19361)) (not (or #4126 #4156 #4192 #19340 #19341 #19347 #19353 #19356 #19359 #19281 #19326 #19342 #19285)) (not (or #19362 #19286 #19288 #19323 #19358 #19322 #19321 #19298 #19319 #19305 #19307 #19309 #19224 #19226)) (not (or #19362 #19286 #19300 #19319 #19305 #19307 #19309 #19224 #19226 #19229 #19315 #19313 #19270 #19218 #19175 #19177 ...)) (not (or #19362 #19286 #19227 #19213)) (not (or #19362 #19286 #19227 #19189 #19315)) (not (or #4126 #4151 #19339 #19340 #19347 #19362 #19281 #19334 #19286 #19323 #19319 #19305 #19227 #19315 #19313 #19270 ...)) (not (or #19219 #19066))) (o)
    (not (or (if #19348 #19412 #19410) (not #19346) (not #19272) (not #19179) (not #19186) (not #19190) (not #19191) (not #19067))) (a)
  (not (= i844 1)) (c)

Worker 2 CUBE SIZE IN MAIN LOOP: 2
 Checking cube
(not (or (if #1789 #1793 #1802) (not #1839) (not #1894) (not #1913) (not #1921) (not #1927) (not #2008) (not #2411)))
(= i844 1)
with max_conflicts: 2250
Worker 1 DONE checking cube l_undef
Worker 1 found undef cube
Batch manager splitting on literal: (or (not (or #19362 #19286 #19227 #19263 #19187 #19259 #19192 #19219 #19211)) (not (or #19362 #19286 #19227 #19263 #19187 #19259 #19192 #19219 #19211 #19123 #19136 #19139 #19060 #19065 #19069 #19106 ...)) (not (or #4126 #4151 #19339 #19340 #19347 #19362 #19281 #19334 #19286 #19323 #19319 #19305 #19227 #19315 #19313 #19270 ...)) (not (or #4126 #4151 #19339 #19340 #19347 #19362 #19281 #19334 #19286 #19323 #19319 #19305 #19227 #19315 #19313 #19270 ...)) (not (or #4126 #4151 #19339 #19340 #19347 #19362 #19281 #19334 #19286 #19323 #19319 #19305 #19227 #19315 #19313 #19270 ...)) (not (or #19192 #19123 #19004)) (not (or #19192 #19123 #19136 #19008)) (not (or #19192 #19123 #19136 #19013)) (not (or #19018 #18875)))
null (o)
  (= i844 1) (o)
    (or (if (or #19340 #19347) (not #19351) (not #19361)) (not (or #4126 #4156 #4192 #19340 #19341 #19347 #19353 #19356 #19359 #19281 #19326 #19342 #19285)) (not (or #19362 #19286 #19288 #19323 #19358 #19322 #19321 #19298 #19319 #19305 #19307 #19309 #19224 #19226)) (not (or #19362 #19286 #19300 #19319 #19305 #19307 #19309 #19224 #19226 #19229 #19315 #19313 #19270 #19218 #19175 #19177 ...)) (not (or #19362 #19286 #19227 #19213)) (not (or #19362 #19286 #19227 #19189 #19315)) (not (or #4126 #4151 #19339 #19340 #19347 #19362 #19281 #19334 #19286 #19323 #19319 #19305 #19227 #19315 #19313 #19270 ...)) (not (or #19219 #19066))) (a)
    (not (or (if #19348 #19412 #19410) (not #19346) (not #19272) (not #19179) (not #19186) (not #19190) (not #19191) (not #19067))) (a)
  (not (= i844 1)) (c)

Worker 1 CUBE SIZE IN MAIN LOOP: 2
 Checking cube
(or (if (or #1504 #1788) (not #1792) (not #1801)) (not (or #28 #32 #48 #1504 #1506 #1788 #1796 #1798 #1800 #1819 #1824 #1836 #1838)) (not (or #1803 #1840 #1847 #1849 #1851 #1853 #1864 #1867 #1874 #1880 #1882 #1884 #1891 #1893)) (not (or #1803 #1840 #1871 #1874 #1880 #1882 #1884 #1891 #1893 #1912 #1953 #1959 #1986 #1997 #2007 #2011 ...)) (not (or #1803 #1840 #1895 #1920)) (not (or #1803 #1840 #1895 #1926 #1953)) (not (or #28 #30 #1499 #1504 #1788 #1803 #1819 #1822 #1840 #1849 #1874 #1880 #1895 #1953 #1959 #1986 ...)) (not (or #2022 #2410)))
(= i844 1)
with max_conflicts: 2250
Worker 0 DONE checking cube l_undef
Worker 0 found undef cube
Batch manager splitting on literal: (or (not (or #19362 #19286 #19227 #19263 #19187 #19259 #19192 #19219 #19211)) (not (or #19362 #19286 #19227 #19263 #19187 #19259 #19192 #19219 #19211 #19123 #19136 #19139 #19060 #19065 #19069 #19106 ...)) (not (or #4126 #4151 #19339 #19340 #19347 #19362 #19281 #19334 #19286 #19323 #19319 #19305 #19227 #19315 #19313 #19270 ...)) (not (or #4126 #4151 #19339 #19340 #19347 #19362 #19281 #19334 #19286 #19323 #19319 #19305 #19227 #19315 #19313 #19270 ...)) (not (or #4126 #4151 #19339 #19340 #19347 #19362 #19281 #19334 #19286 #19323 #19319 #19305 #19227 #19315 #19313 #19270 ...)) (not (or #19192 #19123 #19004)) (not (or #19192 #19123 #19136 #19008)) (not (or #19192 #19123 #19136 #19013)) (not (or #19018 #18875)))
null (o)
  (= i844 1) (o)
    (or (if (or #19340 #19347) (not #19351) (not #19361)) (not (or #4126 #4156 #4192 #19340 #19341 #19347 #19353 #19356 #19359 #19281 #19326 #19342 #19285)) (not (or #19362 #19286 #19288 #19323 #19358 #19322 #19321 #19298 #19319 #19305 #19307 #19309 #19224 #19226)) (not (or #19362 #19286 #19300 #19319 #19305 #19307 #19309 #19224 #19226 #19229 #19315 #19313 #19270 #19218 #19175 #19177 ...)) (not (or #19362 #19286 #19227 #19213)) (not (or #19362 #19286 #19227 #19189 #19315)) (not (or #4126 #4151 #19339 #19340 #19347 #19362 #19281 #19334 #19286 #19323 #19319 #19305 #19227 #19315 #19313 #19270 ...)) (not (or #19219 #19066))) (a)
    (not (or (if #19348 #19412 #19410) (not #19346) (not #19272) (not #19179) (not #19186) (not #19190) (not #19191) (not #19067))) (a)
  (not (= i844 1)) (c)

Worker 0 CUBE SIZE IN MAIN LOOP: 2
 Checking cube
(or (if (or #1504 #1788) (not #1792) (not #1801)) (not (or #28 #32 #48 #1504 #1506 #1788 #1796 #1798 #1800 #1819 #1824 #1836 #1838)) (not (or #1803 #1840 #1847 #1849 #1851 #1853 #1864 #1867 #1874 #1880 #1882 #1884 #1891 #1893)) (not (or #1803 #1840 #1871 #1874 #1880 #1882 #1884 #1891 #1893 #1912 #1953 #1959 #1986 #1997 #2007 #2011 ...)) (not (or #1803 #1840 #1895 #1920)) (not (or #1803 #1840 #1895 #1926 #1953)) (not (or #28 #30 #1499 #1504 #1788 #1803 #1819 #1822 #1840 #1849 #1874 #1880 #1895 #1953 #1959 #1986 ...)) (not (or #2022 #2410)))
(= i844 1)
with max_conflicts: 2250
Worker 2 DONE checking cube l_false
Worker 2 found unsat cube
Batch manager backtracking.
(not (or (if #1789 #1793 #1802) (not #1839) (not #1894) (not #1913) (not #1921) (not #1927) (not #2008) (not #2411)))

null (o)
  (= i844 1) (o)
    (or (if (or #19340 #19347) (not #19351) (not #19361)) (not (or #4126 #4156 #4192 #19340 #19341 #19347 #19353 #19356 #19359 #19281 #19326 #19342 #19285)) (not (or #19362 #19286 #19288 #19323 #19358 #19322 #19321 #19298 #19319 #19305 #19307 #19309 #19224 #19226)) (not (or #19362 #19286 #19300 #19319 #19305 #19307 #19309 #19224 #19226 #19229 #19315 #19313 #19270 #19218 #19175 #19177 ...)) (not (or #19362 #19286 #19227 #19213)) (not (or #19362 #19286 #19227 #19189 #19315)) (not (or #4126 #4151 #19339 #19340 #19347 #19362 #19281 #19334 #19286 #19323 #19319 #19305 #19227 #19315 #19313 #19270 ...)) (not (or #19219 #19066))) (a)
    (not (or (if #19348 #19412 #19410) (not #19346) (not #19272) (not #19179) (not #19186) (not #19190) (not #19191) (not #19067))) (c)
  (not (= i844 1)) (c)
null (o)
  (= i844 1) (o)
    (or (if (or #19340 #19347) (not #19351) (not #19361)) (not (or #4126 #4156 #4192 #19340 #19341 #19347 #19353 #19356 #19359 #19281 #19326 #19342 #19285)) (not (or #19362 #19286 #19288 #19323 #19358 #19322 #19321 #19298 #19319 #19305 #19307 #19309 #19224 #19226)) (not (or #19362 #19286 #19300 #19319 #19305 #19307 #19309 #19224 #19226 #19229 #19315 #19313 #19270 #19218 #19175 #19177 ...)) (not (or #19362 #19286 #19227 #19213)) (not (or #19362 #19286 #19227 #19189 #19315)) (not (or #4126 #4151 #19339 #19340 #19347 #19362 #19281 #19334 #19286 #19323 #19319 #19305 #19227 #19315 #19313 #19270 ...)) (not (or #19219 #19066))) (a)
    (not (or (if #19348 #19412 #19410) (not #19346) (not #19272) (not #19179) (not #19186) (not #19190) (not #19191) (not #19067))) (c)
  (not (= i844 1)) (c)

Worker 2 CUBE SIZE IN MAIN LOOP: 2
 Checking cube
(or (if (or #1504 #1788) (not #1792) (not #1801)) (not (or #28 #32 #48 #1504 #1506 #1788 #1796 #1798 #1800 #1819 #1824 #1836 #1838)) (not (or #1803 #1840 #1847 #1849 #1851 #1853 #1864 #1867 #1874 #1880 #1882 #1884 #1891 #1893)) (not (or #1803 #1840 #1871 #1874 #1880 #1882 #1884 #1891 #1893 #1912 #1953 #1959 #1986 #1997 #2007 #2011 ...)) (not (or #1803 #1840 #1895 #1920)) (not (or #1803 #1840 #1895 #1926 #1953)) (not (or #28 #30 #1499 #1504 #1788 #1803 #1819 #1822 #1840 #1849 #1874 #1880 #1895 #1953 #1959 #1986 ...)) (not (or #2022 #2410)))
(= i844 1)
with max_conflicts: 2250
Worker 3 DONE checking cube l_undef
Worker 3 found undef cube
Batch manager splitting on literal: (= (if (or #21081 #15866 #15906 #15916 #15720 #15561 #15572 #15582 #15389 #15398 #14406 #12234) (if #12143 #11752 467) (if #15864 #11817 224)) 417)
null (o)
  (= i844 1) (o)
    (or (if (or #19340 #19347) (not #19351) (not #19361)) (not (or #4126 #4156 #4192 #19340 #19341 #19347 #19353 #19356 #19359 #19281 #19326 #19342 #19285)) (not (or #19362 #19286 #19288 #19323 #19358 #19322 #19321 #19298 #19319 #19305 #19307 #19309 #19224 #19226)) (not (or #19362 #19286 #19300 #19319 #19305 #19307 #19309 #19224 #19226 #19229 #19315 #19313 #19270 #19218 #19175 #19177 ...)) (not (or #19362 #19286 #19227 #19213)) (not (or #19362 #19286 #19227 #19189 #19315)) (not (or #4126 #4151 #19339 #19340 #19347 #19362 #19281 #19334 #19286 #19323 #19319 #19305 #19227 #19315 #19313 #19270 ...)) (not (or #19219 #19066))) (a)
    (not (or (if #19348 #19412 #19410) (not #19346) (not #19272) (not #19179) (not #19186) (not #19190) (not #19191) (not #19067))) (c)
  (not (= i844 1)) (c)

Worker 3 CUBE SIZE IN MAIN LOOP: 2
 Checking cube
(or (if (or #1504 #1788) (not #1792) (not #1801)) (not (or #28 #32 #48 #1504 #1506 #1788 #1796 #1798 #1800 #1819 #1824 #1836 #1838)) (not (or #1803 #1840 #1847 #1849 #1851 #1853 #1864 #1867 #1874 #1880 #1882 #1884 #1891 #1893)) (not (or #1803 #1840 #1871 #1874 #1880 #1882 #1884 #1891 #1893 #1912 #1953 #1959 #1986 #1997 #2007 #2011 ...)) (not (or #1803 #1840 #1895 #1920)) (not (or #1803 #1840 #1895 #1926 #1953)) (not (or #28 #30 #1499 #1504 #1788 #1803 #1819 #1822 #1840 #1849 #1874 #1880 #1895 #1953 #1959 #1986 ...)) (not (or #2022 #2410)))
(= i844 1)
with max_conflicts: 2250
Worker 1 DONE checking cube l_undef
Worker 1 found undef cube
Batch manager splitting on literal: (or (not (= i844 1)) (= i1041 0) (not (or #4126 #4151 #4182)) (if (or #4126 #4151) (not #19336) (not #19416)) (not (or #4126 #4156 #19417 #19341 #19415 #19345)) (if (or #19340 #19347) (not #19351) (not #19361)) (if (or #19340 #19347) (= #19349 0) (not #19366)) (not (or #4126 #4151 #19339 #19340 #19347 #19334)) (not (or #4126 #4151 #19339 #19334)))
null (o)
  (= i844 1) (o)
    (or (if (or #19340 #19347) (not #19351) (not #19361)) (not (or #4126 #4156 #4192 #19340 #19341 #19347 #19353 #19356 #19359 #19281 #19326 #19342 #19285)) (not (or #19362 #19286 #19288 #19323 #19358 #19322 #19321 #19298 #19319 #19305 #19307 #19309 #19224 #19226)) (not (or #19362 #19286 #19300 #19319 #19305 #19307 #19309 #19224 #19226 #19229 #19315 #19313 #19270 #19218 #19175 #19177 ...)) (not (or #19362 #19286 #19227 #19213)) (not (or #19362 #19286 #19227 #19189 #19315)) (not (or #4126 #4151 #19339 #19340 #19347 #19362 #19281 #19334 #19286 #19323 #19319 #19305 #19227 #19315 #19313 #19270 ...)) (not (or #19219 #19066))) (o)
      (or (not (= i844 1)) (= i1041 0) (not (or #4126 #4151 #4182)) (if (or #4126 #4151) (not #19336) (not #19416)) (not (or #4126 #4156 #19417 #19341 #19415 #19345)) (if (or #19340 #19347) (not #19351) (not #19361)) (if (or #19340 #19347) (= #19349 0) (not #19366)) (not (or #4126 #4151 #19339 #19340 #19347 #19334)) (not (or #4126 #4151 #19339 #19334))) (a)
      (not (or (not #4125) (= i1041 0) (not #19416) (if #4152 #19337 #19339) (not #19414) (if #19348 #19412 #19410) (if #19348 #19351 #19327) (not #19282) (not #19338))) (o)
    (not (or (if #19348 #19412 #19410) (not #19346) (not #19272) (not #19179) (not #19186) (not #19190) (not #19191) (not #19067))) (c)
  (not (= i844 1)) (c)

Worker 1 CUBE SIZE IN MAIN LOOP: 3
 Checking cube
(or (not (= i844 1)) (= i1041 0) (not (or #28 #30 #37)) (if (or #28 #30) (not #1502) (not #1498)) (not (or #28 #32 #1501 #1506 #1508 #1510)) (if (or #1504 #1788) (not #1792) (not #1801)) (if (or #1504 #1788) (= #1791 0) (not #1817)) (not (or #28 #30 #1499 #1504 #1788 #1822)) (not (or #28 #30 #1499 #1822)))
(or (if (or #1504 #1788) (not #1792) (not #1801)) (not (or #28 #32 #48 #1504 #1506 #1788 #1796 #1798 #1800 #1819 #1824 #1836 #1838)) (not (or #1803 #1840 #1847 #1849 #1851 #1853 #1864 #1867 #1874 #1880 #1882 #1884 #1891 #1893)) (not (or #1803 #1840 #1871 #1874 #1880 #1882 #1884 #1891 #1893 #1912 #1953 #1959 #1986 #1997 #2007 #2011 ...)) (not (or #1803 #1840 #1895 #1920)) (not (or #1803 #1840 #1895 #1926 #1953)) (not (or #28 #30 #1499 #1504 #1788 #1803 #1819 #1822 #1840 #1849 #1874 #1880 #1895 #1953 #1959 #1986 ...)) (not (or #2022 #2410)))
(= i844 1)
with max_conflicts: 3375
Worker 2 DONE checking cube l_undef
Worker 2 found undef cube
Batch manager splitting on literal: (= (if (or #13311 #11758 #11762 #11680 #11688 #11664 #11672 #11657 #11625 #10819 #10722 #10703 #10569 #25649) (if #25669 #25965 467) (if #11757 #25860 224)) 133)
null (o)
  (= i844 1) (o)
    (or (if (or #19340 #19347) (not #19351) (not #19361)) (not (or #4126 #4156 #4192 #19340 #19341 #19347 #19353 #19356 #19359 #19281 #19326 #19342 #19285)) (not (or #19362 #19286 #19288 #19323 #19358 #19322 #19321 #19298 #19319 #19305 #19307 #19309 #19224 #19226)) (not (or #19362 #19286 #19300 #19319 #19305 #19307 #19309 #19224 #19226 #19229 #19315 #19313 #19270 #19218 #19175 #19177 ...)) (not (or #19362 #19286 #19227 #19213)) (not (or #19362 #19286 #19227 #19189 #19315)) (not (or #4126 #4151 #19339 #19340 #19347 #19362 #19281 #19334 #19286 #19323 #19319 #19305 #19227 #19315 #19313 #19270 ...)) (not (or #19219 #19066))) (o)
      (or (not (= i844 1)) (= i1041 0) (not (or #4126 #4151 #4182)) (if (or #4126 #4151) (not #19336) (not #19416)) (not (or #4126 #4156 #19417 #19341 #19415 #19345)) (if (or #19340 #19347) (not #19351) (not #19361)) (if (or #19340 #19347) (= #19349 0) (not #19366)) (not (or #4126 #4151 #19339 #19340 #19347 #19334)) (not (or #4126 #4151 #19339 #19334))) (a)
      (not (or (not #4125) (= i1041 0) (not #19416) (if #4152 #19337 #19339) (not #19414) (if #19348 #19412 #19410) (if #19348 #19351 #19327) (not #19282) (not #19338))) (a)
    (not (or (if #19348 #19412 #19410) (not #19346) (not #19272) (not #19179) (not #19186) (not #19190) (not #19191) (not #19067))) (c)
  (not (= i844 1)) (c)

Worker 2 CUBE SIZE IN MAIN LOOP: 3
 Checking cube
(not (or (not #27) (= i1041 0) (not #1498) (if #31 #1503 #1499) (not #1787) (if #1789 #1793 #1802) (if #1789 #1792 #1818) (not #1823) (not #1825)))
(or (if (or #1504 #1788) (not #1792) (not #1801)) (not (or #28 #32 #48 #1504 #1506 #1788 #1796 #1798 #1800 #1819 #1824 #1836 #1838)) (not (or #1803 #1840 #1847 #1849 #1851 #1853 #1864 #1867 #1874 #1880 #1882 #1884 #1891 #1893)) (not (or #1803 #1840 #1871 #1874 #1880 #1882 #1884 #1891 #1893 #1912 #1953 #1959 #1986 #1997 #2007 #2011 ...)) (not (or #1803 #1840 #1895 #1920)) (not (or #1803 #1840 #1895 #1926 #1953)) (not (or #28 #30 #1499 #1504 #1788 #1803 #1819 #1822 #1840 #1849 #1874 #1880 #1895 #1953 #1959 #1986 ...)) (not (or #2022 #2410)))
(= i844 1)
with max_conflicts: 3375
Worker 0 DONE checking cube l_undef
Worker 0 found undef cube
Batch manager splitting on literal: (or (not (= i844 1)) (= i1041 0) (not (or #4126 #4151 #4182)) (if (or #4126 #4151) (not #19336) (not #19416)) (not (or #4126 #4156 #19417 #19341 #19415 #19345)) (if (or #19340 #19347) (not #19351) (not #19361)) (if (or #19340 #19347) (= #19349 0) (not #19366)) (not (or #4126 #4151 #19339 #19340 #19347 #19334)) (not (or #4126 #4151 #19339 #19334)))
null (o)
  (= i844 1) (o)
    (or (if (or #19340 #19347) (not #19351) (not #19361)) (not (or #4126 #4156 #4192 #19340 #19341 #19347 #19353 #19356 #19359 #19281 #19326 #19342 #19285)) (not (or #19362 #19286 #19288 #19323 #19358 #19322 #19321 #19298 #19319 #19305 #19307 #19309 #19224 #19226)) (not (or #19362 #19286 #19300 #19319 #19305 #19307 #19309 #19224 #19226 #19229 #19315 #19313 #19270 #19218 #19175 #19177 ...)) (not (or #19362 #19286 #19227 #19213)) (not (or #19362 #19286 #19227 #19189 #19315)) (not (or #4126 #4151 #19339 #19340 #19347 #19362 #19281 #19334 #19286 #19323 #19319 #19305 #19227 #19315 #19313 #19270 ...)) (not (or #19219 #19066))) (o)
      (or (not (= i844 1)) (= i1041 0) (not (or #4126 #4151 #4182)) (if (or #4126 #4151) (not #19336) (not #19416)) (not (or #4126 #4156 #19417 #19341 #19415 #19345)) (if (or #19340 #19347) (not #19351) (not #19361)) (if (or #19340 #19347) (= #19349 0) (not #19366)) (not (or #4126 #4151 #19339 #19340 #19347 #19334)) (not (or #4126 #4151 #19339 #19334))) (a)
      (not (or (not #4125) (= i1041 0) (not #19416) (if #4152 #19337 #19339) (not #19414) (if #19348 #19412 #19410) (if #19348 #19351 #19327) (not #19282) (not #19338))) (a)
    (not (or (if #19348 #19412 #19410) (not #19346) (not #19272) (not #19179) (not #19186) (not #19190) (not #19191) (not #19067))) (c)
  (not (= i844 1)) (c)

Worker 0 CUBE SIZE IN MAIN LOOP: 3
 Checking cube
(or (not (= i844 1)) (= i1041 0) (not (or #28 #30 #37)) (if (or #28 #30) (not #1502) (not #1498)) (not (or #28 #32 #1501 #1506 #1508 #1510)) (if (or #1504 #1788) (not #1792) (not #1801)) (if (or #1504 #1788) (= #1791 0) (not #1817)) (not (or #28 #30 #1499 #1504 #1788 #1822)) (not (or #28 #30 #1499 #1822)))
(or (if (or #1504 #1788) (not #1792) (not #1801)) (not (or #28 #32 #48 #1504 #1506 #1788 #1796 #1798 #1800 #1819 #1824 #1836 #1838)) (not (or #1803 #1840 #1847 #1849 #1851 #1853 #1864 #1867 #1874 #1880 #1882 #1884 #1891 #1893)) (not (or #1803 #1840 #1871 #1874 #1880 #1882 #1884 #1891 #1893 #1912 #1953 #1959 #1986 #1997 #2007 #2011 ...)) (not (or #1803 #1840 #1895 #1920)) (not (or #1803 #1840 #1895 #1926 #1953)) (not (or #28 #30 #1499 #1504 #1788 #1803 #1819 #1822 #1840 #1849 #1874 #1880 #1895 #1953 #1959 #1986 ...)) (not (or #2022 #2410)))
(= i844 1)
with max_conflicts: 3375
Worker 3 DONE checking cube l_undef
Worker 3 found undef cube
Batch manager splitting on literal: (or (not (= i844 1)) (= i1041 0) (not (or #4126 #4151 #4182)) (if (or #4126 #4151) (not #19336) (not #19416)) (not (or #4126 #4156 #19417 #19341 #19415 #19345)) (if (or #19340 #19347) (not #19351) (not #19361)) (if (or #19340 #19347) (= #19349 0) (not #19366)) (not (or #4126 #4151 #19339 #19340 #19347 #19334)) (not (or #4126 #4151 #19339 #19334)))
null (o)
  (= i844 1) (o)
    (or (if (or #19340 #19347) (not #19351) (not #19361)) (not (or #4126 #4156 #4192 #19340 #19341 #19347 #19353 #19356 #19359 #19281 #19326 #19342 #19285)) (not (or #19362 #19286 #19288 #19323 #19358 #19322 #19321 #19298 #19319 #19305 #19307 #19309 #19224 #19226)) (not (or #19362 #19286 #19300 #19319 #19305 #19307 #19309 #19224 #19226 #19229 #19315 #19313 #19270 #19218 #19175 #19177 ...)) (not (or #19362 #19286 #19227 #19213)) (not (or #19362 #19286 #19227 #19189 #19315)) (not (or #4126 #4151 #19339 #19340 #19347 #19362 #19281 #19334 #19286 #19323 #19319 #19305 #19227 #19315 #19313 #19270 ...)) (not (or #19219 #19066))) (o)
      (or (not (= i844 1)) (= i1041 0) (not (or #4126 #4151 #4182)) (if (or #4126 #4151) (not #19336) (not #19416)) (not (or #4126 #4156 #19417 #19341 #19415 #19345)) (if (or #19340 #19347) (not #19351) (not #19361)) (if (or #19340 #19347) (= #19349 0) (not #19366)) (not (or #4126 #4151 #19339 #19340 #19347 #19334)) (not (or #4126 #4151 #19339 #19334))) (a)
      (not (or (not #4125) (= i1041 0) (not #19416) (if #4152 #19337 #19339) (not #19414) (if #19348 #19412 #19410) (if #19348 #19351 #19327) (not #19282) (not #19338))) (a)
    (not (or (if #19348 #19412 #19410) (not #19346) (not #19272) (not #19179) (not #19186) (not #19190) (not #19191) (not #19067))) (c)
  (not (= i844 1)) (c)

Worker 3 CUBE SIZE IN MAIN LOOP: 3
 Checking cube
(or (not (= i844 1)) (= i1041 0) (not (or #28 #30 #37)) (if (or #28 #30) (not #1502) (not #1498)) (not (or #28 #32 #1501 #1506 #1508 #1510)) (if (or #1504 #1788) (not #1792) (not #1801)) (if (or #1504 #1788) (= #1791 0) (not #1817)) (not (or #28 #30 #1499 #1504 #1788 #1822)) (not (or #28 #30 #1499 #1822)))
(or (if (or #1504 #1788) (not #1792) (not #1801)) (not (or #28 #32 #48 #1504 #1506 #1788 #1796 #1798 #1800 #1819 #1824 #1836 #1838)) (not (or #1803 #1840 #1847 #1849 #1851 #1853 #1864 #1867 #1874 #1880 #1882 #1884 #1891 #1893)) (not (or #1803 #1840 #1871 #1874 #1880 #1882 #1884 #1891 #1893 #1912 #1953 #1959 #1986 #1997 #2007 #2011 ...)) (not (or #1803 #1840 #1895 #1920)) (not (or #1803 #1840 #1895 #1926 #1953)) (not (or #28 #30 #1499 #1504 #1788 #1803 #1819 #1822 #1840 #1849 #1874 #1880 #1895 #1953 #1959 #1986 ...)) (not (or #2022 #2410)))
(= i844 1)
with max_conflicts: 3375
Worker 0 DONE checking cube l_false
Worker 0 found unsat cube
Batch manager backtracking.
(or (not (= i844 1)) (= i1041 0) (not (or #28 #30 #37)) (if (or #28 #30) (not #1502) (not #1498)) (not (or #28 #32 #1501 #1506 #1508 #1510)) (if (or #1504 #1788) (not #1792) (not #1801)) (if (or #1504 #1788) (= #1791 0) (not #1817)) (not (or #28 #30 #1499 #1504 #1788 #1822)) (not (or #28 #30 #1499 #1822)))
(or (if (or #1504 #1788) (not #1792) (not #1801)) (not (or #28 #32 #48 #1504 #1506 #1788 #1796 #1798 #1800 #1819 #1824 #1836 #1838)) (not (or #1803 #1840 #1847 #1849 #1851 #1853 #1864 #1867 #1874 #1880 #1882 #1884 #1891 #1893)) (not (or #1803 #1840 #1871 #1874 #1880 #1882 #1884 #1891 #1893 #1912 #1953 #1959 #1986 #1997 #2007 #2011 ...)) (not (or #1803 #1840 #1895 #1920)) (not (or #1803 #1840 #1895 #1926 #1953)) (not (or #28 #30 #1499 #1504 #1788 #1803 #1819 #1822 #1840 #1849 #1874 #1880 #1895 #1953 #1959 #1986 ...)) (not (or #2022 #2410)))

null (o)
  (= i844 1) (o)
    (or (if (or #19340 #19347) (not #19351) (not #19361)) (not (or #4126 #4156 #4192 #19340 #19341 #19347 #19353 #19356 #19359 #19281 #19326 #19342 #19285)) (not (or #19362 #19286 #19288 #19323 #19358 #19322 #19321 #19298 #19319 #19305 #19307 #19309 #19224 #19226)) (not (or #19362 #19286 #19300 #19319 #19305 #19307 #19309 #19224 #19226 #19229 #19315 #19313 #19270 #19218 #19175 #19177 ...)) (not (or #19362 #19286 #19227 #19213)) (not (or #19362 #19286 #19227 #19189 #19315)) (not (or #4126 #4151 #19339 #19340 #19347 #19362 #19281 #19334 #19286 #19323 #19319 #19305 #19227 #19315 #19313 #19270 ...)) (not (or #19219 #19066))) (o)
      (or (not (= i844 1)) (= i1041 0) (not (or #4126 #4151 #4182)) (if (or #4126 #4151) (not #19336) (not #19416)) (not (or #4126 #4156 #19417 #19341 #19415 #19345)) (if (or #19340 #19347) (not #19351) (not #19361)) (if (or #19340 #19347) (= #19349 0) (not #19366)) (not (or #4126 #4151 #19339 #19340 #19347 #19334)) (not (or #4126 #4151 #19339 #19334))) (c)
      (not (or (not #4125) (= i1041 0) (not #19416) (if #4152 #19337 #19339) (not #19414) (if #19348 #19412 #19410) (if #19348 #19351 #19327) (not #19282) (not #19338))) (a)
    (not (or (if #19348 #19412 #19410) (not #19346) (not #19272) (not #19179) (not #19186) (not #19190) (not #19191) (not #19067))) (c)
  (not (= i844 1)) (c)
null (o)
  (= i844 1) (o)
    (or (if (or #19340 #19347) (not #19351) (not #19361)) (not (or #4126 #4156 #4192 #19340 #19341 #19347 #19353 #19356 #19359 #19281 #19326 #19342 #19285)) (not (or #19362 #19286 #19288 #19323 #19358 #19322 #19321 #19298 #19319 #19305 #19307 #19309 #19224 #19226)) (not (or #19362 #19286 #19300 #19319 #19305 #19307 #19309 #19224 #19226 #19229 #19315 #19313 #19270 #19218 #19175 #19177 ...)) (not (or #19362 #19286 #19227 #19213)) (not (or #19362 #19286 #19227 #19189 #19315)) (not (or #4126 #4151 #19339 #19340 #19347 #19362 #19281 #19334 #19286 #19323 #19319 #19305 #19227 #19315 #19313 #19270 ...)) (not (or #19219 #19066))) (o)
      (or (not (= i844 1)) (= i1041 0) (not (or #4126 #4151 #4182)) (if (or #4126 #4151) (not #19336) (not #19416)) (not (or #4126 #4156 #19417 #19341 #19415 #19345)) (if (or #19340 #19347) (not #19351) (not #19361)) (if (or #19340 #19347) (= #19349 0) (not #19366)) (not (or #4126 #4151 #19339 #19340 #19347 #19334)) (not (or #4126 #4151 #19339 #19334))) (c)
      (not (or (not #4125) (= i1041 0) (not #19416) (if #4152 #19337 #19339) (not #19414) (if #19348 #19412 #19410) (if #19348 #19351 #19327) (not #19282) (not #19338))) (a)
    (not (or (if #19348 #19412 #19410) (not #19346) (not #19272) (not #19179) (not #19186) (not #19190) (not #19191) (not #19067))) (c)
  (not (= i844 1)) (c)

Worker 0 CUBE SIZE IN MAIN LOOP: 3
 Checking cube
(not (or (not #27) (= i1041 0) (not #1498) (if #31 #1503 #1499) (not #1787) (if #1789 #1793 #1802) (if #1789 #1792 #1818) (not #1823) (not #1825)))
(or (if (or #1504 #1788) (not #1792) (not #1801)) (not (or #28 #32 #48 #1504 #1506 #1788 #1796 #1798 #1800 #1819 #1824 #1836 #1838)) (not (or #1803 #1840 #1847 #1849 #1851 #1853 #1864 #1867 #1874 #1880 #1882 #1884 #1891 #1893)) (not (or #1803 #1840 #1871 #1874 #1880 #1882 #1884 #1891 #1893 #1912 #1953 #1959 #1986 #1997 #2007 #2011 ...)) (not (or #1803 #1840 #1895 #1920)) (not (or #1803 #1840 #1895 #1926 #1953)) (not (or #28 #30 #1499 #1504 #1788 #1803 #1819 #1822 #1840 #1849 #1874 #1880 #1895 #1953 #1959 #1986 ...)) (not (or #2022 #2410)))
(= i844 1)
with max_conflicts: 3375
Worker 1 DONE checking cube l_false
Worker 1 found unsat cube
Batch manager backtracking.
(or (not (= i844 1)) (= i1041 0) (not (or #28 #30 #37)) (if (or #28 #30) (not #1502) (not #1498)) (not (or #28 #32 #1501 #1506 #1508 #1510)) (if (or #1504 #1788) (not #1792) (not #1801)) (if (or #1504 #1788) (= #1791 0) (not #1817)) (not (or #28 #30 #1499 #1504 #1788 #1822)) (not (or #28 #30 #1499 #1822)))
(or (if (or #1504 #1788) (not #1792) (not #1801)) (not (or #28 #32 #48 #1504 #1506 #1788 #1796 #1798 #1800 #1819 #1824 #1836 #1838)) (not (or #1803 #1840 #1847 #1849 #1851 #1853 #1864 #1867 #1874 #1880 #1882 #1884 #1891 #1893)) (not (or #1803 #1840 #1871 #1874 #1880 #1882 #1884 #1891 #1893 #1912 #1953 #1959 #1986 #1997 #2007 #2011 ...)) (not (or #1803 #1840 #1895 #1920)) (not (or #1803 #1840 #1895 #1926 #1953)) (not (or #28 #30 #1499 #1504 #1788 #1803 #1819 #1822 #1840 #1849 #1874 #1880 #1895 #1953 #1959 #1986 ...)) (not (or #2022 #2410)))

null (o)
  (= i844 1) (o)
    (or (if (or #19340 #19347) (not #19351) (not #19361)) (not (or #4126 #4156 #4192 #19340 #19341 #19347 #19353 #19356 #19359 #19281 #19326 #19342 #19285)) (not (or #19362 #19286 #19288 #19323 #19358 #19322 #19321 #19298 #19319 #19305 #19307 #19309 #19224 #19226)) (not (or #19362 #19286 #19300 #19319 #19305 #19307 #19309 #19224 #19226 #19229 #19315 #19313 #19270 #19218 #19175 #19177 ...)) (not (or #19362 #19286 #19227 #19213)) (not (or #19362 #19286 #19227 #19189 #19315)) (not (or #4126 #4151 #19339 #19340 #19347 #19362 #19281 #19334 #19286 #19323 #19319 #19305 #19227 #19315 #19313 #19270 ...)) (not (or #19219 #19066))) (o)
      (or (not (= i844 1)) (= i1041 0) (not (or #4126 #4151 #4182)) (if (or #4126 #4151) (not #19336) (not #19416)) (not (or #4126 #4156 #19417 #19341 #19415 #19345)) (if (or #19340 #19347) (not #19351) (not #19361)) (if (or #19340 #19347) (= #19349 0) (not #19366)) (not (or #4126 #4151 #19339 #19340 #19347 #19334)) (not (or #4126 #4151 #19339 #19334))) (c)
      (not (or (not #4125) (= i1041 0) (not #19416) (if #4152 #19337 #19339) (not #19414) (if #19348 #19412 #19410) (if #19348 #19351 #19327) (not #19282) (not #19338))) (a)
    (not (or (if #19348 #19412 #19410) (not #19346) (not #19272) (not #19179) (not #19186) (not #19190) (not #19191) (not #19067))) (c)
  (not (= i844 1)) (c)
null (o)
  (= i844 1) (o)
    (or (if (or #19340 #19347) (not #19351) (not #19361)) (not (or #4126 #4156 #4192 #19340 #19341 #19347 #19353 #19356 #19359 #19281 #19326 #19342 #19285)) (not (or #19362 #19286 #19288 #19323 #19358 #19322 #19321 #19298 #19319 #19305 #19307 #19309 #19224 #19226)) (not (or #19362 #19286 #19300 #19319 #19305 #19307 #19309 #19224 #19226 #19229 #19315 #19313 #19270 #19218 #19175 #19177 ...)) (not (or #19362 #19286 #19227 #19213)) (not (or #19362 #19286 #19227 #19189 #19315)) (not (or #4126 #4151 #19339 #19340 #19347 #19362 #19281 #19334 #19286 #19323 #19319 #19305 #19227 #19315 #19313 #19270 ...)) (not (or #19219 #19066))) (o)
      (or (not (= i844 1)) (= i1041 0) (not (or #4126 #4151 #4182)) (if (or #4126 #4151) (not #19336) (not #19416)) (not (or #4126 #4156 #19417 #19341 #19415 #19345)) (if (or #19340 #19347) (not #19351) (not #19361)) (if (or #19340 #19347) (= #19349 0) (not #19366)) (not (or #4126 #4151 #19339 #19340 #19347 #19334)) (not (or #4126 #4151 #19339 #19334))) (c)
      (not (or (not #4125) (= i1041 0) (not #19416) (if #4152 #19337 #19339) (not #19414) (if #19348 #19412 #19410) (if #19348 #19351 #19327) (not #19282) (not #19338))) (a)
    (not (or (if #19348 #19412 #19410) (not #19346) (not #19272) (not #19179) (not #19186) (not #19190) (not #19191) (not #19067))) (c)
  (not (= i844 1)) (c)

Worker 1 CUBE SIZE IN MAIN LOOP: 3
 Checking cube
(not (or (not #27) (= i1041 0) (not #1498) (if #31 #1503 #1499) (not #1787) (if #1789 #1793 #1802) (if #1789 #1792 #1818) (not #1823) (not #1825)))
(or (if (or #1504 #1788) (not #1792) (not #1801)) (not (or #28 #32 #48 #1504 #1506 #1788 #1796 #1798 #1800 #1819 #1824 #1836 #1838)) (not (or #1803 #1840 #1847 #1849 #1851 #1853 #1864 #1867 #1874 #1880 #1882 #1884 #1891 #1893)) (not (or #1803 #1840 #1871 #1874 #1880 #1882 #1884 #1891 #1893 #1912 #1953 #1959 #1986 #1997 #2007 #2011 ...)) (not (or #1803 #1840 #1895 #1920)) (not (or #1803 #1840 #1895 #1926 #1953)) (not (or #28 #30 #1499 #1504 #1788 #1803 #1819 #1822 #1840 #1849 #1874 #1880 #1895 #1953 #1959 #1986 ...)) (not (or #2022 #2410)))
(= i844 1)
with max_conflicts: 3375
Worker 3 DONE checking cube l_false
Worker 3 found unsat cube
Batch manager backtracking.
(= i844 1)
(or (not (= i844 1)) (= i1041 0) (not (or #28 #30 #37)) (if (or #28 #30) (not #1502) (not #1498)) (not (or #28 #32 #1501 #1506 #1508 #1510)) (if (or #1504 #1788) (not #1792) (not #1801)) (if (or #1504 #1788) (= #1791 0) (not #1817)) (not (or #28 #30 #1499 #1504 #1788 #1822)) (not (or #28 #30 #1499 #1822)))
(or (if (or #1504 #1788) (not #1792) (not #1801)) (not (or #28 #32 #48 #1504 #1506 #1788 #1796 #1798 #1800 #1819 #1824 #1836 #1838)) (not (or #1803 #1840 #1847 #1849 #1851 #1853 #1864 #1867 #1874 #1880 #1882 #1884 #1891 #1893)) (not (or #1803 #1840 #1871 #1874 #1880 #1882 #1884 #1891 #1893 #1912 #1953 #1959 #1986 #1997 #2007 #2011 ...)) (not (or #1803 #1840 #1895 #1920)) (not (or #1803 #1840 #1895 #1926 #1953)) (not (or #28 #30 #1499 #1504 #1788 #1803 #1819 #1822 #1840 #1849 #1874 #1880 #1895 #1953 #1959 #1986 ...)) (not (or #2022 #2410)))

null (o)
  (= i844 1) (o)
    (or (if (or #19340 #19347) (not #19351) (not #19361)) (not (or #4126 #4156 #4192 #19340 #19341 #19347 #19353 #19356 #19359 #19281 #19326 #19342 #19285)) (not (or #19362 #19286 #19288 #19323 #19358 #19322 #19321 #19298 #19319 #19305 #19307 #19309 #19224 #19226)) (not (or #19362 #19286 #19300 #19319 #19305 #19307 #19309 #19224 #19226 #19229 #19315 #19313 #19270 #19218 #19175 #19177 ...)) (not (or #19362 #19286 #19227 #19213)) (not (or #19362 #19286 #19227 #19189 #19315)) (not (or #4126 #4151 #19339 #19340 #19347 #19362 #19281 #19334 #19286 #19323 #19319 #19305 #19227 #19315 #19313 #19270 ...)) (not (or #19219 #19066))) (o)
      (or (not (= i844 1)) (= i1041 0) (not (or #4126 #4151 #4182)) (if (or #4126 #4151) (not #19336) (not #19416)) (not (or #4126 #4156 #19417 #19341 #19415 #19345)) (if (or #19340 #19347) (not #19351) (not #19361)) (if (or #19340 #19347) (= #19349 0) (not #19366)) (not (or #4126 #4151 #19339 #19340 #19347 #19334)) (not (or #4126 #4151 #19339 #19334))) (c)
      (not (or (not #4125) (= i1041 0) (not #19416) (if #4152 #19337 #19339) (not #19414) (if #19348 #19412 #19410) (if #19348 #19351 #19327) (not #19282) (not #19338))) (a)
    (not (or (if #19348 #19412 #19410) (not #19346) (not #19272) (not #19179) (not #19186) (not #19190) (not #19191) (not #19067))) (c)
  (not (= i844 1)) (c)
null (o)
  (= i844 1) (o)
    (or (if (or #19340 #19347) (not #19351) (not #19361)) (not (or #4126 #4156 #4192 #19340 #19341 #19347 #19353 #19356 #19359 #19281 #19326 #19342 #19285)) (not (or #19362 #19286 #19288 #19323 #19358 #19322 #19321 #19298 #19319 #19305 #19307 #19309 #19224 #19226)) (not (or #19362 #19286 #19300 #19319 #19305 #19307 #19309 #19224 #19226 #19229 #19315 #19313 #19270 #19218 #19175 #19177 ...)) (not (or #19362 #19286 #19227 #19213)) (not (or #19362 #19286 #19227 #19189 #19315)) (not (or #4126 #4151 #19339 #19340 #19347 #19362 #19281 #19334 #19286 #19323 #19319 #19305 #19227 #19315 #19313 #19270 ...)) (not (or #19219 #19066))) (o)
      (or (not (= i844 1)) (= i1041 0) (not (or #4126 #4151 #4182)) (if (or #4126 #4151) (not #19336) (not #19416)) (not (or #4126 #4156 #19417 #19341 #19415 #19345)) (if (or #19340 #19347) (not #19351) (not #19361)) (if (or #19340 #19347) (= #19349 0) (not #19366)) (not (or #4126 #4151 #19339 #19340 #19347 #19334)) (not (or #4126 #4151 #19339 #19334))) (c)
      (not (or (not #4125) (= i1041 0) (not #19416) (if #4152 #19337 #19339) (not #19414) (if #19348 #19412 #19410) (if #19348 #19351 #19327) (not #19282) (not #19338))) (a)
    (not (or (if #19348 #19412 #19410) (not #19346) (not #19272) (not #19179) (not #19186) (not #19190) (not #19191) (not #19067))) (c)
  (not (= i844 1)) (c)

Worker 3 CUBE SIZE IN MAIN LOOP: 3
 Checking cube
(not (or (not #27) (= i1041 0) (not #1498) (if #31 #1503 #1499) (not #1787) (if #1789 #1793 #1802) (if #1789 #1792 #1818) (not #1823) (not #1825)))
(or (if (or #1504 #1788) (not #1792) (not #1801)) (not (or #28 #32 #48 #1504 #1506 #1788 #1796 #1798 #1800 #1819 #1824 #1836 #1838)) (not (or #1803 #1840 #1847 #1849 #1851 #1853 #1864 #1867 #1874 #1880 #1882 #1884 #1891 #1893)) (not (or #1803 #1840 #1871 #1874 #1880 #1882 #1884 #1891 #1893 #1912 #1953 #1959 #1986 #1997 #2007 #2011 ...)) (not (or #1803 #1840 #1895 #1920)) (not (or #1803 #1840 #1895 #1926 #1953)) (not (or #28 #30 #1499 #1504 #1788 #1803 #1819 #1822 #1840 #1849 #1874 #1880 #1895 #1953 #1959 #1986 ...)) (not (or #2022 #2410)))
(= i844 1)
with max_conflicts: 3375
Worker 2 DONE checking cube l_false
Worker 2 found unsat cube
Batch manager backtracking.
(not (or (not #27) (= i1041 0) (not #1498) (if #31 #1503 #1499) (not #1787) (if #1789 #1793 #1802) (if #1789 #1792 #1818) (not #1823) (not #1825)))
(or (if (or #1504 #1788) (not #1792) (not #1801)) (not (or #28 #32 #48 #1504 #1506 #1788 #1796 #1798 #1800 #1819 #1824 #1836 #1838)) (not (or #1803 #1840 #1847 #1849 #1851 #1853 #1864 #1867 #1874 #1880 #1882 #1884 #1891 #1893)) (not (or #1803 #1840 #1871 #1874 #1880 #1882 #1884 #1891 #1893 #1912 #1953 #1959 #1986 #1997 #2007 #2011 ...)) (not (or #1803 #1840 #1895 #1920)) (not (or #1803 #1840 #1895 #1926 #1953)) (not (or #28 #30 #1499 #1504 #1788 #1803 #1819 #1822 #1840 #1849 #1874 #1880 #1895 #1953 #1959 #1986 ...)) (not (or #2022 #2410)))

null (o)
  (= i844 1) (o)
    (or (if (or #19340 #19347) (not #19351) (not #19361)) (not (or #4126 #4156 #4192 #19340 #19341 #19347 #19353 #19356 #19359 #19281 #19326 #19342 #19285)) (not (or #19362 #19286 #19288 #19323 #19358 #19322 #19321 #19298 #19319 #19305 #19307 #19309 #19224 #19226)) (not (or #19362 #19286 #19300 #19319 #19305 #19307 #19309 #19224 #19226 #19229 #19315 #19313 #19270 #19218 #19175 #19177 ...)) (not (or #19362 #19286 #19227 #19213)) (not (or #19362 #19286 #19227 #19189 #19315)) (not (or #4126 #4151 #19339 #19340 #19347 #19362 #19281 #19334 #19286 #19323 #19319 #19305 #19227 #19315 #19313 #19270 ...)) (not (or #19219 #19066))) (c)
      (or (not (= i844 1)) (= i1041 0) (not (or #4126 #4151 #4182)) (if (or #4126 #4151) (not #19336) (not #19416)) (not (or #4126 #4156 #19417 #19341 #19415 #19345)) (if (or #19340 #19347) (not #19351) (not #19361)) (if (or #19340 #19347) (= #19349 0) (not #19366)) (not (or #4126 #4151 #19339 #19340 #19347 #19334)) (not (or #4126 #4151 #19339 #19334))) (c)
      (not (or (not #4125) (= i1041 0) (not #19416) (if #4152 #19337 #19339) (not #19414) (if #19348 #19412 #19410) (if #19348 #19351 #19327) (not #19282) (not #19338))) (c)
    (not (or (if #19348 #19412 #19410) (not #19346) (not #19272) (not #19179) (not #19186) (not #19190) (not #19191) (not #19067))) (c)
  (not (= i844 1)) (c)
Worker 2 no more cubes
Worker 1 DONE checking cube l_false
Worker 1 found unsat cube
Batch manager backtracking.
(not (or (not #27) (= i1041 0) (not #1498) (if #31 #1503 #1499) (not #1787) (if #1789 #1793 #1802) (if #1789 #1792 #1818) (not #1823) (not #1825)))
(or (if (or #1504 #1788) (not #1792) (not #1801)) (not (or #28 #32 #48 #1504 #1506 #1788 #1796 #1798 #1800 #1819 #1824 #1836 #1838)) (not (or #1803 #1840 #1847 #1849 #1851 #1853 #1864 #1867 #1874 #1880 #1882 #1884 #1891 #1893)) (not (or #1803 #1840 #1871 #1874 #1880 #1882 #1884 #1891 #1893 #1912 #1953 #1959 #1986 #1997 #2007 #2011 ...)) (not (or #1803 #1840 #1895 #1920)) (not (or #1803 #1840 #1895 #1926 #1953)) (not (or #28 #30 #1499 #1504 #1788 #1803 #1819 #1822 #1840 #1849 #1874 #1880 #1895 #1953 #1959 #1986 ...)) (not (or #2022 #2410)))

null (c)
  (= i844 1) (c)
    (or (if (or #19340 #19347) (not #19351) (not #19361)) (not (or #4126 #4156 #4192 #19340 #19341 #19347 #19353 #19356 #19359 #19281 #19326 #19342 #19285)) (not (or #19362 #19286 #19288 #19323 #19358 #19322 #19321 #19298 #19319 #19305 #19307 #19309 #19224 #19226)) (not (or #19362 #19286 #19300 #19319 #19305 #19307 #19309 #19224 #19226 #19229 #19315 #19313 #19270 #19218 #19175 #19177 ...)) (not (or #19362 #19286 #19227 #19213)) (not (or #19362 #19286 #19227 #19189 #19315)) (not (or #4126 #4151 #19339 #19340 #19347 #19362 #19281 #19334 #19286 #19323 #19319 #19305 #19227 #19315 #19313 #19270 ...)) (not (or #19219 #19066))) (c)
      (or (not (= i844 1)) (= i1041 0) (not (or #4126 #4151 #4182)) (if (or #4126 #4151) (not #19336) (not #19416)) (not (or #4126 #4156 #19417 #19341 #19415 #19345)) (if (or #19340 #19347) (not #19351) (not #19361)) (if (or #19340 #19347) (= #19349 0) (not #19366)) (not (or #4126 #4151 #19339 #19340 #19347 #19334)) (not (or #4126 #4151 #19339 #19334))) (c)
      (not (or (not #4125) (= i1041 0) (not #19416) (if #4152 #19337 #19339) (not #19414) (if #19348 #19412 #19410) (if #19348 #19351 #19327) (not #19282) (not #19338))) (c)
    (not (or (if #19348 #19412 #19410) (not #19346) (not #19272) (not #19179) (not #19186) (not #19190) (not #19191) (not #19067))) (c)
  (not (= i844 1)) (c)
Canceling workers
Worker 0 canceling
Worker 1 canceling
Worker 2 canceling
Worker 3 canceling
Worker 3 DONE checking cube l_undef
all done
Worker 1 no more cubes
Batch manager setting exception msg: context cancelled.
Worker 0 DONE checking cube l_undef
Batch manager setting exception msg: context cancelled.
unsat
(:added-eqs                   1648278
 :arith-eq-adapter            3545
 :arith-bound-propagations-lp 198258
 :arith-conflicts             673
 :arith-diseq                 154377
 :arith-fixed-eqs             200965
 :arith-lower                 129684
 :arith-make-feasible         63656
 :arith-max-columns           1671
 :arith-max-rows              691
 :arith-offset-eqs            60462
 :arith-upper                 220828
 :binary-propagations         4204652
 :conflicts                   29022
 :decisions                   580376
 :del-clause                  24535
 :max-memory                  114.05
 :memory                      19.13
 :minimized-lits              184688
 :mk-bool-var                 23346
 :mk-clause                   42783
 :mk-clause-binary            61326
 :num-allocs                  62117897
 :num-checks                  22
 :parallel-max-cube-size      3
 :parallel-num_cubes          12
 :propagations                6171834
 :restarts                    248
 :rlimit-count                18275139
 :time                        0.85
 :total-time                  3.03)
