Worker 0 created with 0 assumptions
Worker 1 created with 0 assumptions
Worker 2 created with 0 assumptions
Worker 3 created with 0 assumptions
null (a)

Worker 1 CUBE SIZE IN MAIN LOOP: 0
 Checking cube
with max_conflicts: 1000
null (a)

Worker 2 CUBE SIZE IN MAIN LOOP: 0
 Checking cube
with max_conflicts: 1000
null (a)

Worker 0 CUBE SIZE IN MAIN LOOP: 0
 Checking cube
with max_conflicts: 1000
null (a)

Worker 3 CUBE SIZE IN MAIN LOOP: 0
 Checking cube
with max_conflicts: 1000
Worker 3 DONE checking cube l_undef
Worker 3 found undef cube
Batch manager splitting on literal: (= i844 1)
null (o)
  (= i844 1) (a)
  (not (= i844 1)) (o)

Worker 3 CUBE SIZE IN MAIN LOOP: 1
 Checking cube
(= i844 1)
with max_conflicts: 1500
Worker 2 DONE checking cube l_undef
Worker 2 found undef cube
Batch manager splitting on literal: (= i844 1)
null (o)
  (= i844 1) (a)
  (not (= i844 1)) (a)

Worker 2 CUBE SIZE IN MAIN LOOP: 1
 Checking cube
(not (= i844 1))
with max_conflicts: 1500
Worker 1 DONE checking cube l_undef
Worker 1 found undef cube
Batch manager splitting on literal: (if (or (if #4152 #19337 #19339) (not #19414)) (not (= #19349 0)) (not (or #4126 #4156 #4192 #19340 #19341 #19415 #19345 #19353 #19356 #19359)))
null (o)
  (= i844 1) (a)
  (not (= i844 1)) (a)

Worker 1 CUBE SIZE IN MAIN LOOP: 1
 Checking cube
(= i844 1)
with max_conflicts: 1500
Worker 0 DONE checking cube l_undef
Worker 0 found undef cube
Batch manager splitting on literal: (<= (+ (if #4125 143 0) (* -1 #4566)) 0)
null (o)
  (= i844 1) (a)
  (not (= i844 1)) (a)

Worker 0 CUBE SIZE IN MAIN LOOP: 1
 Checking cube
(= i844 1)
with max_conflicts: 1500
Worker 2 DONE checking cube l_false
Worker 2 found unsat cube
Batch manager backtracking.
(not (= i844 1))

null (o)
  (= i844 1) (a)
  (not (= i844 1)) (c)
null (o)
  (= i844 1) (a)
  (not (= i844 1)) (c)

Worker 2 CUBE SIZE IN MAIN LOOP: 1
 Checking cube
(= i844 1)
with max_conflicts: 1500
Worker 3 DONE checking cube l_undef
Worker 3 found undef cube
Batch manager splitting on literal: (or (if (or #19089 #18932) (not #18855) (not #18717)) (if (or #19089 #18932) (= #18931 0) (not #18650)) (not (or #19089 #18932 #18658)) (not (or #19089 #18932 #18280 #18666)) (not (or #19089 #18932 #18280 #18888 #18860 #18676)) (not (or #19089 #18932 #18280 #18888 #18860 #18865 #18608)) (not (or #19089 #18932 #18280 #18888 #18860 #18865 #18617)) (not (or #19089 #18932 #18280 #18888 #18860 #18865 #18868 #18265 #18629)) (not (or #19089 #18932 #18280 #18888 #18860 #18865 #18868 #18265 #18638)) (not (or #19089 #18932 #18280 #18888 #18860 #18865 #18868 #18265 #18873 #18808 #18570)) (not (if #18579 #18149 #18150)))
null (o)
  (= i844 1) (o)
    (or (if (or #19089 #18932) (not #18855) (not #18717)) (if (or #19089 #18932) (= #18931 0) (not #18650)) (not (or #19089 #18932 #18658)) (not (or #19089 #18932 #18280 #18666)) (not (or #19089 #18932 #18280 #18888 #18860 #18676)) (not (or #19089 #18932 #18280 #18888 #18860 #18865 #18608)) (not (or #19089 #18932 #18280 #18888 #18860 #18865 #18617)) (not (or #19089 #18932 #18280 #18888 #18860 #18865 #18868 #18265 #18629)) (not (or #19089 #18932 #18280 #18888 #18860 #18865 #18868 #18265 #18638)) (not (or #19089 #18932 #18280 #18888 #18860 #18865 #18868 #18265 #18873 #18808 #18570)) (not (if #18579 #18149 #18150))) (o)
    (not (or (if #18853 #18270 #18718) (if #18853 #18855 #18651) (not #18659) (not #18669) (not #18677) (not #18609) (not #18618) (not #18630) (not #18639) (not #18571) (not #18217))) (a)
  (not (= i844 1)) (c)

Worker 3 CUBE SIZE IN MAIN LOOP: 2
 Checking cube
(not (or (if #2973 #3569 #3573) (if #2973 #3568 #3583) (not #3592) (not #3600) (not #3608) (not #3616) (not #3625) (not #3633) (not #3642) (not #3654) (not #4368)))
(= i844 1)
with max_conflicts: 2250
Worker 3 DONE checking cube l_false
Worker 3 found unsat cube
Batch manager backtracking.
(not (or (if #2973 #3569 #3573) (if #2973 #3568 #3583) (not #3592) (not #3600) (not #3608) (not #3616) (not #3625) (not #3633) (not #3642) (not #3654) (not #4368)))

null (o)
  (= i844 1) (o)
    (or (if (or #19089 #18932) (not #18855) (not #18717)) (if (or #19089 #18932) (= #18931 0) (not #18650)) (not (or #19089 #18932 #18658)) (not (or #19089 #18932 #18280 #18666)) (not (or #19089 #18932 #18280 #18888 #18860 #18676)) (not (or #19089 #18932 #18280 #18888 #18860 #18865 #18608)) (not (or #19089 #18932 #18280 #18888 #18860 #18865 #18617)) (not (or #19089 #18932 #18280 #18888 #18860 #18865 #18868 #18265 #18629)) (not (or #19089 #18932 #18280 #18888 #18860 #18865 #18868 #18265 #18638)) (not (or #19089 #18932 #18280 #18888 #18860 #18865 #18868 #18265 #18873 #18808 #18570)) (not (if #18579 #18149 #18150))) (o)
    (not (or (if #18853 #18270 #18718) (if #18853 #18855 #18651) (not #18659) (not #18669) (not #18677) (not #18609) (not #18618) (not #18630) (not #18639) (not #18571) (not #18217))) (c)
  (not (= i844 1)) (c)
null (o)
  (= i844 1) (o)
    (or (if (or #19089 #18932) (not #18855) (not #18717)) (if (or #19089 #18932) (= #18931 0) (not #18650)) (not (or #19089 #18932 #18658)) (not (or #19089 #18932 #18280 #18666)) (not (or #19089 #18932 #18280 #18888 #18860 #18676)) (not (or #19089 #18932 #18280 #18888 #18860 #18865 #18608)) (not (or #19089 #18932 #18280 #18888 #18860 #18865 #18617)) (not (or #19089 #18932 #18280 #18888 #18860 #18865 #18868 #18265 #18629)) (not (or #19089 #18932 #18280 #18888 #18860 #18865 #18868 #18265 #18638)) (not (or #19089 #18932 #18280 #18888 #18860 #18865 #18868 #18265 #18873 #18808 #18570)) (not (if #18579 #18149 #18150))) (a)
    (not (or (if #18853 #18270 #18718) (if #18853 #18855 #18651) (not #18659) (not #18669) (not #18677) (not #18609) (not #18618) (not #18630) (not #18639) (not #18571) (not #18217))) (c)
  (not (= i844 1)) (c)

Worker 3 CUBE SIZE IN MAIN LOOP: 2
 Checking cube
(or (if (or #2478 #2972) (not #3568) (not #3572)) (if (or #2478 #2972) (= #3567 0) (not #3582)) (not (or #2478 #2972 #3591)) (not (or #2478 #2972 #2985 #3596)) (not (or #2478 #2972 #2985 #2993 #3001 #3607)) (not (or #2478 #2972 #2985 #2993 #3001 #3009 #3615)) (not (or #2478 #2972 #2985 #2993 #3001 #3009 #3624)) (not (or #2478 #2972 #2985 #2993 #3001 #3009 #3013 #3020 #3632)) (not (or #2478 #2972 #2985 #2993 #3001 #3009 #3013 #3020 #3641)) (not (or #2478 #2972 #2985 #2993 #3001 #3009 #3013 #3020 #3025 #3051 #3653)) (not (if #3680 #4367 #4363)))
(= i844 1)
with max_conflicts: 2250
Worker 1 DONE checking cube l_undef
Worker 1 found undef cube
Batch manager splitting on literal: (if (or (if #4152 #19337 #19339) (not #19414)) (not (= #19349 0)) (not (or #4126 #4156 #4192 #19340 #19341 #19415 #19345 #19353 #19356 #19359)))
null (o)
  (= i844 1) (o)
    (or (if (or #19089 #18932) (not #18855) (not #18717)) (if (or #19089 #18932) (= #18931 0) (not #18650)) (not (or #19089 #18932 #18658)) (not (or #19089 #18932 #18280 #18666)) (not (or #19089 #18932 #18280 #18888 #18860 #18676)) (not (or #19089 #18932 #18280 #18888 #18860 #18865 #18608)) (not (or #19089 #18932 #18280 #18888 #18860 #18865 #18617)) (not (or #19089 #18932 #18280 #18888 #18860 #18865 #18868 #18265 #18629)) (not (or #19089 #18932 #18280 #18888 #18860 #18865 #18868 #18265 #18638)) (not (or #19089 #18932 #18280 #18888 #18860 #18865 #18868 #18265 #18873 #18808 #18570)) (not (if #18579 #18149 #18150))) (a)
    (not (or (if #18853 #18270 #18718) (if #18853 #18855 #18651) (not #18659) (not #18669) (not #18677) (not #18609) (not #18618) (not #18630) (not #18639) (not #18571) (not #18217))) (c)
  (not (= i844 1)) (c)

Worker 1 CUBE SIZE IN MAIN LOOP: 2
 Checking cube
(or (if (or #2478 #2972) (not #3568) (not #3572)) (if (or #2478 #2972) (= #3567 0) (not #3582)) (not (or #2478 #2972 #3591)) (not (or #2478 #2972 #2985 #3596)) (not (or #2478 #2972 #2985 #2993 #3001 #3607)) (not (or #2478 #2972 #2985 #2993 #3001 #3009 #3615)) (not (or #2478 #2972 #2985 #2993 #3001 #3009 #3624)) (not (or #2478 #2972 #2985 #2993 #3001 #3009 #3013 #3020 #3632)) (not (or #2478 #2972 #2985 #2993 #3001 #3009 #3013 #3020 #3641)) (not (or #2478 #2972 #2985 #2993 #3001 #3009 #3013 #3020 #3025 #3051 #3653)) (not (if #3680 #4367 #4363)))
(= i844 1)
with max_conflicts: 2250
Worker 0 DONE checking cube l_undef
Worker 0 found undef cube
Batch manager splitting on literal: (= (if (or #18281 #21081 #21091 #21053 #21063 #20962 #20930 #20911 #20823 #20790 #20592 #14346) (if #14209 #13303 467) (if #21079 #13638 224)) 417)
null (o)
  (= i844 1) (o)
    (or (if (or #19089 #18932) (not #18855) (not #18717)) (if (or #19089 #18932) (= #18931 0) (not #18650)) (not (or #19089 #18932 #18658)) (not (or #19089 #18932 #18280 #18666)) (not (or #19089 #18932 #18280 #18888 #18860 #18676)) (not (or #19089 #18932 #18280 #18888 #18860 #18865 #18608)) (not (or #19089 #18932 #18280 #18888 #18860 #18865 #18617)) (not (or #19089 #18932 #18280 #18888 #18860 #18865 #18868 #18265 #18629)) (not (or #19089 #18932 #18280 #18888 #18860 #18865 #18868 #18265 #18638)) (not (or #19089 #18932 #18280 #18888 #18860 #18865 #18868 #18265 #18873 #18808 #18570)) (not (if #18579 #18149 #18150))) (a)
    (not (or (if #18853 #18270 #18718) (if #18853 #18855 #18651) (not #18659) (not #18669) (not #18677) (not #18609) (not #18618) (not #18630) (not #18639) (not #18571) (not #18217))) (c)
  (not (= i844 1)) (c)

Worker 0 CUBE SIZE IN MAIN LOOP: 2
 Checking cube
(or (if (or #2478 #2972) (not #3568) (not #3572)) (if (or #2478 #2972) (= #3567 0) (not #3582)) (not (or #2478 #2972 #3591)) (not (or #2478 #2972 #2985 #3596)) (not (or #2478 #2972 #2985 #2993 #3001 #3607)) (not (or #2478 #2972 #2985 #2993 #3001 #3009 #3615)) (not (or #2478 #2972 #2985 #2993 #3001 #3009 #3624)) (not (or #2478 #2972 #2985 #2993 #3001 #3009 #3013 #3020 #3632)) (not (or #2478 #2972 #2985 #2993 #3001 #3009 #3013 #3020 #3641)) (not (or #2478 #2972 #2985 #2993 #3001 #3009 #3013 #3020 #3025 #3051 #3653)) (not (if #3680 #4367 #4363)))
(= i844 1)
with max_conflicts: 2250
Worker 2 DONE checking cube l_undef
Worker 2 found undef cube
Batch manager splitting on literal: (= (if (or #21081 #15866 #15906 #15916 #15720 #15561 #15572 #15582 #15389 #15398 #14406 #12234) (if #12143 #11752 467) (if #15864 #11817 224)) 417)
null (o)
  (= i844 1) (o)
    (or (if (or #19089 #18932) (not #18855) (not #18717)) (if (or #19089 #18932) (= #18931 0) (not #18650)) (not (or #19089 #18932 #18658)) (not (or #19089 #18932 #18280 #18666)) (not (or #19089 #18932 #18280 #18888 #18860 #18676)) (not (or #19089 #18932 #18280 #18888 #18860 #18865 #18608)) (not (or #19089 #18932 #18280 #18888 #18860 #18865 #18617)) (not (or #19089 #18932 #18280 #18888 #18860 #18865 #18868 #18265 #18629)) (not (or #19089 #18932 #18280 #18888 #18860 #18865 #18868 #18265 #18638)) (not (or #19089 #18932 #18280 #18888 #18860 #18865 #18868 #18265 #18873 #18808 #18570)) (not (if #18579 #18149 #18150))) (a)
    (not (or (if #18853 #18270 #18718) (if #18853 #18855 #18651) (not #18659) (not #18669) (not #18677) (not #18609) (not #18618) (not #18630) (not #18639) (not #18571) (not #18217))) (c)
  (not (= i844 1)) (c)

Worker 2 CUBE SIZE IN MAIN LOOP: 2
 Checking cube
(or (if (or #2478 #2972) (not #3568) (not #3572)) (if (or #2478 #2972) (= #3567 0) (not #3582)) (not (or #2478 #2972 #3591)) (not (or #2478 #2972 #2985 #3596)) (not (or #2478 #2972 #2985 #2993 #3001 #3607)) (not (or #2478 #2972 #2985 #2993 #3001 #3009 #3615)) (not (or #2478 #2972 #2985 #2993 #3001 #3009 #3624)) (not (or #2478 #2972 #2985 #2993 #3001 #3009 #3013 #3020 #3632)) (not (or #2478 #2972 #2985 #2993 #3001 #3009 #3013 #3020 #3641)) (not (or #2478 #2972 #2985 #2993 #3001 #3009 #3013 #3020 #3025 #3051 #3653)) (not (if #3680 #4367 #4363)))
(= i844 1)
with max_conflicts: 2250
Worker 1 DONE checking cube l_undef
Worker 1 found undef cube
Batch manager splitting on literal: (= (if (or #13311 #11758 #11762 #11680 #11688 #11664 #11672 #11657 #11625 #10819 #10722 #10703 #10569 #25649) (if #25669 #25965 467) (if #11757 #25860 224)) 133)
null (o)
  (= i844 1) (o)
    (or (if (or #19089 #18932) (not #18855) (not #18717)) (if (or #19089 #18932) (= #18931 0) (not #18650)) (not (or #19089 #18932 #18658)) (not (or #19089 #18932 #18280 #18666)) (not (or #19089 #18932 #18280 #18888 #18860 #18676)) (not (or #19089 #18932 #18280 #18888 #18860 #18865 #18608)) (not (or #19089 #18932 #18280 #18888 #18860 #18865 #18617)) (not (or #19089 #18932 #18280 #18888 #18860 #18865 #18868 #18265 #18629)) (not (or #19089 #18932 #18280 #18888 #18860 #18865 #18868 #18265 #18638)) (not (or #19089 #18932 #18280 #18888 #18860 #18865 #18868 #18265 #18873 #18808 #18570)) (not (if #18579 #18149 #18150))) (o)
      (= (if (or #13311 #11758 #11762 #11680 #11688 #11664 #11672 #11657 #11625 #10819 #10722 #10703 #10569 #25649) (if #25669 #25965 467) (if #11757 #25860 224)) 133) (a)
      (not (= (if #25650 #25966 #25861) 133)) (o)
    (not (or (if #18853 #18270 #18718) (if #18853 #18855 #18651) (not #18659) (not #18669) (not #18677) (not #18609) (not #18618) (not #18630) (not #18639) (not #18571) (not #18217))) (c)
  (not (= i844 1)) (c)

Worker 1 CUBE SIZE IN MAIN LOOP: 3
 Checking cube
(= (if (or #9203 #9437 #9441 #9454 #9462 #9470 #9478 #9495 #9504 #9523 #9532 #9540 #9548 #10022) (if #10063 #10087 467) (if #9436 #10054 224)) 133)
(or (if (or #2478 #2972) (not #3568) (not #3572)) (if (or #2478 #2972) (= #3567 0) (not #3582)) (not (or #2478 #2972 #3591)) (not (or #2478 #2972 #2985 #3596)) (not (or #2478 #2972 #2985 #2993 #3001 #3607)) (not (or #2478 #2972 #2985 #2993 #3001 #3009 #3615)) (not (or #2478 #2972 #2985 #2993 #3001 #3009 #3624)) (not (or #2478 #2972 #2985 #2993 #3001 #3009 #3013 #3020 #3632)) (not (or #2478 #2972 #2985 #2993 #3001 #3009 #3013 #3020 #3641)) (not (or #2478 #2972 #2985 #2993 #3001 #3009 #3013 #3020 #3025 #3051 #3653)) (not (if #3680 #4367 #4363)))
(= i844 1)
with max_conflicts: 3375
Worker 0 DONE checking cube l_undef
Worker 0 found undef cube
Batch manager splitting on literal: (or (not (= i844 1)) (= i1041 0) (not (or #4126 #4151 #4182)) (if (or #4126 #4151) (not #19336) (not #19416)) (not (or #4126 #4156 #19417 #19341 #19415 #19345)) (if (or #19340 #19347) (not #19351) (not #19361)) (if (or #19340 #19347) (= #19349 0) (not #19366)) (not (or #4126 #4151 #19339 #19340 #19347 #19334)) (not (or #4126 #4151 #19339 #19334)))
null (o)
  (= i844 1) (o)
    (or (if (or #19089 #18932) (not #18855) (not #18717)) (if (or #19089 #18932) (= #18931 0) (not #18650)) (not (or #19089 #18932 #18658)) (not (or #19089 #18932 #18280 #18666)) (not (or #19089 #18932 #18280 #18888 #18860 #18676)) (not (or #19089 #18932 #18280 #18888 #18860 #18865 #18608)) (not (or #19089 #18932 #18280 #18888 #18860 #18865 #18617)) (not (or #19089 #18932 #18280 #18888 #18860 #18865 #18868 #18265 #18629)) (not (or #19089 #18932 #18280 #18888 #18860 #18865 #18868 #18265 #18638)) (not (or #19089 #18932 #18280 #18888 #18860 #18865 #18868 #18265 #18873 #18808 #18570)) (not (if #18579 #18149 #18150))) (o)
      (= (if (or #13311 #11758 #11762 #11680 #11688 #11664 #11672 #11657 #11625 #10819 #10722 #10703 #10569 #25649) (if #25669 #25965 467) (if #11757 #25860 224)) 133) (a)
      (not (= (if #25650 #25966 #25861) 133)) (a)
    (not (or (if #18853 #18270 #18718) (if #18853 #18855 #18651) (not #18659) (not #18669) (not #18677) (not #18609) (not #18618) (not #18630) (not #18639) (not #18571) (not #18217))) (c)
  (not (= i844 1)) (c)

Worker 0 CUBE SIZE IN MAIN LOOP: 3
 Checking cube
(not (= (if #10023 #10072 #10055) 133))
(or (if (or #2478 #2972) (not #3568) (not #3572)) (if (or #2478 #2972) (= #3567 0) (not #3582)) (not (or #2478 #2972 #3591)) (not (or #2478 #2972 #2985 #3596)) (not (or #2478 #2972 #2985 #2993 #3001 #3607)) (not (or #2478 #2972 #2985 #2993 #3001 #3009 #3615)) (not (or #2478 #2972 #2985 #2993 #3001 #3009 #3624)) (not (or #2478 #2972 #2985 #2993 #3001 #3009 #3013 #3020 #3632)) (not (or #2478 #2972 #2985 #2993 #3001 #3009 #3013 #3020 #3641)) (not (or #2478 #2972 #2985 #2993 #3001 #3009 #3013 #3020 #3025 #3051 #3653)) (not (if #3680 #4367 #4363)))
(= i844 1)
with max_conflicts: 3375
Worker 3 DONE checking cube l_undef
Worker 3 found undef cube
Batch manager splitting on literal: (or (if (or #19340 #19347) (not #19351) (not #19361)) (not (or #4126 #4156 #4192 #19340 #19341 #19347 #19353 #19356 #19359 #19281 #19326 #19342 #19285)) (not (or #19362 #19286 #19288 #19323 #19358 #19322 #19321 #19298 #19319 #19305 #19307 #19309 #19224 #19226)) (not (or #19362 #19286 #19300 #19319 #19305 #19307 #19309 #19224 #19226 #19229 #19315 #19313 #19270 #19218 #19175 #19177 ...)) (not (or #19362 #19286 #19227 #19213)) (not (or #19362 #19286 #19227 #19189 #19315)) (not (or #4126 #4151 #19339 #19340 #19347 #19362 #19281 #19334 #19286 #19323 #19319 #19305 #19227 #19315 #19313 #19270 ...)) (not (or #19219 #19066)))
null (o)
  (= i844 1) (o)
    (or (if (or #19089 #18932) (not #18855) (not #18717)) (if (or #19089 #18932) (= #18931 0) (not #18650)) (not (or #19089 #18932 #18658)) (not (or #19089 #18932 #18280 #18666)) (not (or #19089 #18932 #18280 #18888 #18860 #18676)) (not (or #19089 #18932 #18280 #18888 #18860 #18865 #18608)) (not (or #19089 #18932 #18280 #18888 #18860 #18865 #18617)) (not (or #19089 #18932 #18280 #18888 #18860 #18865 #18868 #18265 #18629)) (not (or #19089 #18932 #18280 #18888 #18860 #18865 #18868 #18265 #18638)) (not (or #19089 #18932 #18280 #18888 #18860 #18865 #18868 #18265 #18873 #18808 #18570)) (not (if #18579 #18149 #18150))) (o)
      (= (if (or #13311 #11758 #11762 #11680 #11688 #11664 #11672 #11657 #11625 #10819 #10722 #10703 #10569 #25649) (if #25669 #25965 467) (if #11757 #25860 224)) 133) (a)
      (not (= (if #25650 #25966 #25861) 133)) (a)
    (not (or (if #18853 #18270 #18718) (if #18853 #18855 #18651) (not #18659) (not #18669) (not #18677) (not #18609) (not #18618) (not #18630) (not #18639) (not #18571) (not #18217))) (c)
  (not (= i844 1)) (c)

Worker 3 CUBE SIZE IN MAIN LOOP: 3
 Checking cube
(= (if (or #9203 #9437 #9441 #9454 #9462 #9470 #9478 #9495 #9504 #9523 #9532 #9540 #9548 #10022) (if #10063 #10087 467) (if #9436 #10054 224)) 133)
(or (if (or #2478 #2972) (not #3568) (not #3572)) (if (or #2478 #2972) (= #3567 0) (not #3582)) (not (or #2478 #2972 #3591)) (not (or #2478 #2972 #2985 #3596)) (not (or #2478 #2972 #2985 #2993 #3001 #3607)) (not (or #2478 #2972 #2985 #2993 #3001 #3009 #3615)) (not (or #2478 #2972 #2985 #2993 #3001 #3009 #3624)) (not (or #2478 #2972 #2985 #2993 #3001 #3009 #3013 #3020 #3632)) (not (or #2478 #2972 #2985 #2993 #3001 #3009 #3013 #3020 #3641)) (not (or #2478 #2972 #2985 #2993 #3001 #3009 #3013 #3020 #3025 #3051 #3653)) (not (if #3680 #4367 #4363)))
(= i844 1)
with max_conflicts: 3375
Worker 2 DONE checking cube l_undef
Worker 2 found undef cube
Batch manager splitting on literal: (or (not (= i844 1)) (= i1041 0) (not (or #4126 #4151 #4182)) (if (or #4126 #4151) (not #19336) (not #19416)) (not (or #4126 #4156 #19417 #19341 #19415 #19345)) (if (or #19340 #19347) (not #19351) (not #19361)) (if (or #19340 #19347) (= #19349 0) (not #19366)) (not (or #4126 #4151 #19339 #19340 #19347 #19334)) (not (or #4126 #4151 #19339 #19334)))
null (o)
  (= i844 1) (o)
    (or (if (or #19089 #18932) (not #18855) (not #18717)) (if (or #19089 #18932) (= #18931 0) (not #18650)) (not (or #19089 #18932 #18658)) (not (or #19089 #18932 #18280 #18666)) (not (or #19089 #18932 #18280 #18888 #18860 #18676)) (not (or #19089 #18932 #18280 #18888 #18860 #18865 #18608)) (not (or #19089 #18932 #18280 #18888 #18860 #18865 #18617)) (not (or #19089 #18932 #18280 #18888 #18860 #18865 #18868 #18265 #18629)) (not (or #19089 #18932 #18280 #18888 #18860 #18865 #18868 #18265 #18638)) (not (or #19089 #18932 #18280 #18888 #18860 #18865 #18868 #18265 #18873 #18808 #18570)) (not (if #18579 #18149 #18150))) (o)
      (= (if (or #13311 #11758 #11762 #11680 #11688 #11664 #11672 #11657 #11625 #10819 #10722 #10703 #10569 #25649) (if #25669 #25965 467) (if #11757 #25860 224)) 133) (a)
      (not (= (if #25650 #25966 #25861) 133)) (a)
    (not (or (if #18853 #18270 #18718) (if #18853 #18855 #18651) (not #18659) (not #18669) (not #18677) (not #18609) (not #18618) (not #18630) (not #18639) (not #18571) (not #18217))) (c)
  (not (= i844 1)) (c)

Worker 2 CUBE SIZE IN MAIN LOOP: 3
 Checking cube
(= (if (or #9203 #9437 #9441 #9454 #9462 #9470 #9478 #9495 #9504 #9523 #9532 #9540 #9548 #10022) (if #10063 #10087 467) (if #9436 #10054 224)) 133)
(or (if (or #2478 #2972) (not #3568) (not #3572)) (if (or #2478 #2972) (= #3567 0) (not #3582)) (not (or #2478 #2972 #3591)) (not (or #2478 #2972 #2985 #3596)) (not (or #2478 #2972 #2985 #2993 #3001 #3607)) (not (or #2478 #2972 #2985 #2993 #3001 #3009 #3615)) (not (or #2478 #2972 #2985 #2993 #3001 #3009 #3624)) (not (or #2478 #2972 #2985 #2993 #3001 #3009 #3013 #3020 #3632)) (not (or #2478 #2972 #2985 #2993 #3001 #3009 #3013 #3020 #3641)) (not (or #2478 #2972 #2985 #2993 #3001 #3009 #3013 #3020 #3025 #3051 #3653)) (not (if #3680 #4367 #4363)))
(= i844 1)
with max_conflicts: 3375
Worker 0 DONE checking cube l_false
Worker 0 found unsat cube
Batch manager backtracking.
(or (if (or #2478 #2972) (not #3568) (not #3572)) (if (or #2478 #2972) (= #3567 0) (not #3582)) (not (or #2478 #2972 #3591)) (not (or #2478 #2972 #2985 #3596)) (not (or #2478 #2972 #2985 #2993 #3001 #3607)) (not (or #2478 #2972 #2985 #2993 #3001 #3009 #3615)) (not (or #2478 #2972 #2985 #2993 #3001 #3009 #3624)) (not (or #2478 #2972 #2985 #2993 #3001 #3009 #3013 #3020 #3632)) (not (or #2478 #2972 #2985 #2993 #3001 #3009 #3013 #3020 #3641)) (not (or #2478 #2972 #2985 #2993 #3001 #3009 #3013 #3020 #3025 #3051 #3653)) (not (if #3680 #4367 #4363)))
(not (= (if #10023 #10072 #10055) 133))

null (o)
  (= i844 1) (o)
    (or (if (or #19089 #18932) (not #18855) (not #18717)) (if (or #19089 #18932) (= #18931 0) (not #18650)) (not (or #19089 #18932 #18658)) (not (or #19089 #18932 #18280 #18666)) (not (or #19089 #18932 #18280 #18888 #18860 #18676)) (not (or #19089 #18932 #18280 #18888 #18860 #18865 #18608)) (not (or #19089 #18932 #18280 #18888 #18860 #18865 #18617)) (not (or #19089 #18932 #18280 #18888 #18860 #18865 #18868 #18265 #18629)) (not (or #19089 #18932 #18280 #18888 #18860 #18865 #18868 #18265 #18638)) (not (or #19089 #18932 #18280 #18888 #18860 #18865 #18868 #18265 #18873 #18808 #18570)) (not (if #18579 #18149 #18150))) (o)
      (= (if (or #13311 #11758 #11762 #11680 #11688 #11664 #11672 #11657 #11625 #10819 #10722 #10703 #10569 #25649) (if #25669 #25965 467) (if #11757 #25860 224)) 133) (a)
      (not (= (if #25650 #25966 #25861) 133)) (c)
    (not (or (if #18853 #18270 #18718) (if #18853 #18855 #18651) (not #18659) (not #18669) (not #18677) (not #18609) (not #18618) (not #18630) (not #18639) (not #18571) (not #18217))) (c)
  (not (= i844 1)) (c)
null (o)
  (= i844 1) (o)
    (or (if (or #19089 #18932) (not #18855) (not #18717)) (if (or #19089 #18932) (= #18931 0) (not #18650)) (not (or #19089 #18932 #18658)) (not (or #19089 #18932 #18280 #18666)) (not (or #19089 #18932 #18280 #18888 #18860 #18676)) (not (or #19089 #18932 #18280 #18888 #18860 #18865 #18608)) (not (or #19089 #18932 #18280 #18888 #18860 #18865 #18617)) (not (or #19089 #18932 #18280 #18888 #18860 #18865 #18868 #18265 #18629)) (not (or #19089 #18932 #18280 #18888 #18860 #18865 #18868 #18265 #18638)) (not (or #19089 #18932 #18280 #18888 #18860 #18865 #18868 #18265 #18873 #18808 #18570)) (not (if #18579 #18149 #18150))) (o)
      (= (if (or #13311 #11758 #11762 #11680 #11688 #11664 #11672 #11657 #11625 #10819 #10722 #10703 #10569 #25649) (if #25669 #25965 467) (if #11757 #25860 224)) 133) (a)
      (not (= (if #25650 #25966 #25861) 133)) (c)
    (not (or (if #18853 #18270 #18718) (if #18853 #18855 #18651) (not #18659) (not #18669) (not #18677) (not #18609) (not #18618) (not #18630) (not #18639) (not #18571) (not #18217))) (c)
  (not (= i844 1)) (c)

Worker 0 CUBE SIZE IN MAIN LOOP: 3
 Checking cube
(= (if (or #9203 #9437 #9441 #9454 #9462 #9470 #9478 #9495 #9504 #9523 #9532 #9540 #9548 #10022) (if #10063 #10087 467) (if #9436 #10054 224)) 133)
(or (if (or #2478 #2972) (not #3568) (not #3572)) (if (or #2478 #2972) (= #3567 0) (not #3582)) (not (or #2478 #2972 #3591)) (not (or #2478 #2972 #2985 #3596)) (not (or #2478 #2972 #2985 #2993 #3001 #3607)) (not (or #2478 #2972 #2985 #2993 #3001 #3009 #3615)) (not (or #2478 #2972 #2985 #2993 #3001 #3009 #3624)) (not (or #2478 #2972 #2985 #2993 #3001 #3009 #3013 #3020 #3632)) (not (or #2478 #2972 #2985 #2993 #3001 #3009 #3013 #3020 #3641)) (not (or #2478 #2972 #2985 #2993 #3001 #3009 #3013 #3020 #3025 #3051 #3653)) (not (if #3680 #4367 #4363)))
(= i844 1)
with max_conflicts: 3375
Worker 1 DONE checking cube l_false
Worker 1 found unsat cube
Batch manager backtracking.
(or (if (or #2478 #2972) (not #3568) (not #3572)) (if (or #2478 #2972) (= #3567 0) (not #3582)) (not (or #2478 #2972 #3591)) (not (or #2478 #2972 #2985 #3596)) (not (or #2478 #2972 #2985 #2993 #3001 #3607)) (not (or #2478 #2972 #2985 #2993 #3001 #3009 #3615)) (not (or #2478 #2972 #2985 #2993 #3001 #3009 #3624)) (not (or #2478 #2972 #2985 #2993 #3001 #3009 #3013 #3020 #3632)) (not (or #2478 #2972 #2985 #2993 #3001 #3009 #3013 #3020 #3641)) (not (or #2478 #2972 #2985 #2993 #3001 #3009 #3013 #3020 #3025 #3051 #3653)) (not (if #3680 #4367 #4363)))
(= (if (or #9203 #9437 #9441 #9454 #9462 #9470 #9478 #9495 #9504 #9523 #9532 #9540 #9548 #10022) (if #10063 #10087 467) (if #9436 #10054 224)) 133)

null (o)
  (= i844 1) (o)
    (or (if (or #19089 #18932) (not #18855) (not #18717)) (if (or #19089 #18932) (= #18931 0) (not #18650)) (not (or #19089 #18932 #18658)) (not (or #19089 #18932 #18280 #18666)) (not (or #19089 #18932 #18280 #18888 #18860 #18676)) (not (or #19089 #18932 #18280 #18888 #18860 #18865 #18608)) (not (or #19089 #18932 #18280 #18888 #18860 #18865 #18617)) (not (or #19089 #18932 #18280 #18888 #18860 #18865 #18868 #18265 #18629)) (not (or #19089 #18932 #18280 #18888 #18860 #18865 #18868 #18265 #18638)) (not (or #19089 #18932 #18280 #18888 #18860 #18865 #18868 #18265 #18873 #18808 #18570)) (not (if #18579 #18149 #18150))) (c)
      (= (if (or #13311 #11758 #11762 #11680 #11688 #11664 #11672 #11657 #11625 #10819 #10722 #10703 #10569 #25649) (if #25669 #25965 467) (if #11757 #25860 224)) 133) (c)
      (not (= (if #25650 #25966 #25861) 133)) (c)
    (not (or (if #18853 #18270 #18718) (if #18853 #18855 #18651) (not #18659) (not #18669) (not #18677) (not #18609) (not #18618) (not #18630) (not #18639) (not #18571) (not #18217))) (c)
  (not (= i844 1)) (c)
Worker 1 no more cubes
Worker 3 DONE checking cube l_false
Worker 3 found unsat cube
Batch manager backtracking.
(or (if (or #2478 #2972) (not #3568) (not #3572)) (if (or #2478 #2972) (= #3567 0) (not #3582)) (not (or #2478 #2972 #3591)) (not (or #2478 #2972 #2985 #3596)) (not (or #2478 #2972 #2985 #2993 #3001 #3607)) (not (or #2478 #2972 #2985 #2993 #3001 #3009 #3615)) (not (or #2478 #2972 #2985 #2993 #3001 #3009 #3624)) (not (or #2478 #2972 #2985 #2993 #3001 #3009 #3013 #3020 #3632)) (not (or #2478 #2972 #2985 #2993 #3001 #3009 #3013 #3020 #3641)) (not (or #2478 #2972 #2985 #2993 #3001 #3009 #3013 #3020 #3025 #3051 #3653)) (not (if #3680 #4367 #4363)))
(= (if (or #9203 #9437 #9441 #9454 #9462 #9470 #9478 #9495 #9504 #9523 #9532 #9540 #9548 #10022) (if #10063 #10087 467) (if #9436 #10054 224)) 133)

null (c)
  (= i844 1) (c)
    (or (if (or #19089 #18932) (not #18855) (not #18717)) (if (or #19089 #18932) (= #18931 0) (not #18650)) (not (or #19089 #18932 #18658)) (not (or #19089 #18932 #18280 #18666)) (not (or #19089 #18932 #18280 #18888 #18860 #18676)) (not (or #19089 #18932 #18280 #18888 #18860 #18865 #18608)) (not (or #19089 #18932 #18280 #18888 #18860 #18865 #18617)) (not (or #19089 #18932 #18280 #18888 #18860 #18865 #18868 #18265 #18629)) (not (or #19089 #18932 #18280 #18888 #18860 #18865 #18868 #18265 #18638)) (not (or #19089 #18932 #18280 #18888 #18860 #18865 #18868 #18265 #18873 #18808 #18570)) (not (if #18579 #18149 #18150))) (c)
      (= (if (or #13311 #11758 #11762 #11680 #11688 #11664 #11672 #11657 #11625 #10819 #10722 #10703 #10569 #25649) (if #25669 #25965 467) (if #11757 #25860 224)) 133) (c)
      (not (= (if #25650 #25966 #25861) 133)) (c)
    (not (or (if #18853 #18270 #18718) (if #18853 #18855 #18651) (not #18659) (not #18669) (not #18677) (not #18609) (not #18618) (not #18630) (not #18639) (not #18571) (not #18217))) (c)
  (not (= i844 1)) (c)
Canceling workers
Worker 0 canceling
Worker 1 canceling
Worker 2 canceling
Worker 3 canceling
all done
Worker 3 no more cubes
Worker 2 DONE checking cube l_undef
Batch manager setting exception msg: context cancelled.
Worker 0 DONE checking cube l_undef
Batch manager setting exception msg: context cancelled.
unsat
(:added-eqs                   1398561
 :arith-eq-adapter            3159
 :arith-bound-propagations-lp 181238
 :arith-conflicts             620
 :arith-diseq                 122561
 :arith-fixed-eqs             184122
 :arith-lower                 114248
 :arith-make-feasible         54253
 :arith-max-columns           1672
 :arith-max-rows              692
 :arith-offset-eqs            55331
 :arith-upper                 194709
 :binary-propagations         3969399
 :conflicts                   23554
 :decisions                   550934
 :del-clause                  20333
 :max-memory                  113.72
 :memory                      19.23
 :minimized-lits              133860
 :mk-bool-var                 22154
 :mk-clause                   35944
 :mk-clause-binary            61405
 :num-allocs                  57052828
 :num-checks                  20
 :parallel-max-cube-size      3
 :parallel-num_cubes          12
 :propagations                5717302
 :restarts                    202
 :rlimit-count                16734445
 :time                        0.72
 :total-time                  2.59)
