Worker 0 created with 0 assumptions
Worker 1 created with 0 assumptions
Worker 2 created with 0 assumptions
Worker 3 created with 0 assumptions
null (a)

Worker 1 CUBE SIZE IN MAIN LOOP: 0
 Checking cube
with max_conflicts: 1000
null (a)

Worker 2 CUBE SIZE IN MAIN LOOP: 0
 Checking cube
with max_conflicts: 1000
null (a)

Worker 3 CUBE SIZE IN MAIN LOOP: 0
 Checking cube
with max_conflicts: 1000
null (a)

Worker 0 CUBE SIZE IN MAIN LOOP: 0
 Checking cube
with max_conflicts: 1000
Worker 3 DONE checking cube l_undef
Worker 3 found undef cube
Batch manager splitting on literal: (if (or (if #4152 #19337 #19339) (not #19414)) (not (= #19349 0)) (not (or #4126 #4156 #4192 #19340 #19341 #19415 #19345 #19353 #19356 #19359)))
null (o)
  (if (or (if #4152 #19337 #19339) (not #19414)) (not (= #19349 0)) (not (or #4126 #4156 #4192 #19340 #19341 #19415 #19345 #19353 #19356 #19359))) (a)
  (not (if (or #19340 #19347) (not #19351) (not #19361))) (o)

Worker 3 CUBE SIZE IN MAIN LOOP: 1
 Checking cube
(if (or (if #31 #1503 #1499) (not #1787)) (not (= #1791 0)) (not (or #28 #32 #48 #1504 #1506 #1508 #1510 #1796 #1798 #1800)))
with max_conflicts: 1500
Worker 2 DONE checking cube l_undef
Worker 2 found undef cube
Batch manager splitting on literal: (= i844 1)
null (o)
  (if (or (if #4152 #19337 #19339) (not #19414)) (not (= #19349 0)) (not (or #4126 #4156 #4192 #19340 #19341 #19415 #19345 #19353 #19356 #19359))) (a)
  (not (if (or #19340 #19347) (not #19351) (not #19361))) (a)

Worker 2 CUBE SIZE IN MAIN LOOP: 1
 Checking cube
(not (if (or #1504 #1788) (not #1792) (not #1801)))
with max_conflicts: 1500
Worker 3 DONE checking cube l_false
Worker 3 found unsat cube
Batch manager backtracking.
(if (or (if #31 #1503 #1499) (not #1787)) (not (= #1791 0)) (not (or #28 #32 #48 #1504 #1506 #1508 #1510 #1796 #1798 #1800)))

null (o)
  (if (or (if #4152 #19337 #19339) (not #19414)) (not (= #19349 0)) (not (or #4126 #4156 #4192 #19340 #19341 #19415 #19345 #19353 #19356 #19359))) (c)
  (not (if (or #19340 #19347) (not #19351) (not #19361))) (a)
null (o)
  (if (or (if #4152 #19337 #19339) (not #19414)) (not (= #19349 0)) (not (or #4126 #4156 #4192 #19340 #19341 #19415 #19345 #19353 #19356 #19359))) (c)
  (not (if (or #19340 #19347) (not #19351) (not #19361))) (a)

Worker 0 DONE checking cube l_undef
Worker 0 found undef cube
Worker 3 CUBE SIZE IN MAIN LOOP: 1
 Checking cube
(not (if (or #1504 #1788) (not #1792) (not #1801)))
with max_conflicts: 1500
Batch manager splitting on literal: (= i844 1)
Worker 1 DONE checking cube l_undef
Worker 1 found undef cube
Batch manager splitting on literal: (= i844 1)
null (o)
  (if (or (if #4152 #19337 #19339) (not #19414)) (not (= #19349 0)) (not (or #4126 #4156 #4192 #19340 #19341 #19415 #19345 #19353 #19356 #19359))) (c)
  (not (if (or #19340 #19347) (not #19351) (not #19361))) (a)

Worker 1 CUBE SIZE IN MAIN LOOP: 1
 Checking cube
(not (if (or #1504 #1788) (not #1792) (not #1801)))
with max_conflicts: 1500
null (o)
  (if (or (if #4152 #19337 #19339) (not #19414)) (not (= #19349 0)) (not (or #4126 #4156 #4192 #19340 #19341 #19415 #19345 #19353 #19356 #19359))) (c)
  (not (if (or #19340 #19347) (not #19351) (not #19361))) (a)

Worker 0 CUBE SIZE IN MAIN LOOP: 1
 Checking cube
(not (if (or #1504 #1788) (not #1792) (not #1801)))
with max_conflicts: 1500
Worker 1 DONE checking cube l_undef
Worker 1 found undef cube
Batch manager splitting on literal: (= i844 1)
null (o)
  (if (or (if #4152 #19337 #19339) (not #19414)) (not (= #19349 0)) (not (or #4126 #4156 #4192 #19340 #19341 #19415 #19345 #19353 #19356 #19359))) (c)
  (not (if (or #19340 #19347) (not #19351) (not #19361))) (o)
    (= i844 1) (o)
    (not (= i844 1)) (a)

Worker 1 CUBE SIZE IN MAIN LOOP: 2
 Checking cube
(not (= i844 1))
(not (if (or #1504 #1788) (not #1792) (not #1801)))
with max_conflicts: 2250
Worker 3 DONE checking cube l_undef
Worker 3 found undef cube
Batch manager splitting on literal: (= i844 1)
null (o)
  (if (or (if #4152 #19337 #19339) (not #19414)) (not (= #19349 0)) (not (or #4126 #4156 #4192 #19340 #19341 #19415 #19345 #19353 #19356 #19359))) (c)
  (not (if (or #19340 #19347) (not #19351) (not #19361))) (o)
    (= i844 1) (a)
    (not (= i844 1)) (a)

Worker 3 CUBE SIZE IN MAIN LOOP: 2
 Checking cube
(= i844 1)
(not (if (or #1504 #1788) (not #1792) (not #1801)))
with max_conflicts: 2250
Worker 2 DONE checking cube l_undef
Worker 2 found undef cube
Batch manager splitting on literal: (= i844 1)
null (o)
  (if (or (if #4152 #19337 #19339) (not #19414)) (not (= #19349 0)) (not (or #4126 #4156 #4192 #19340 #19341 #19415 #19345 #19353 #19356 #19359))) (c)
  (not (if (or #19340 #19347) (not #19351) (not #19361))) (o)
    (= i844 1) (a)
    (not (= i844 1)) (a)

Worker 2 CUBE SIZE IN MAIN LOOP: 2
 Checking cube
(= i844 1)
(not (if (or #1504 #1788) (not #1792) (not #1801)))
with max_conflicts: 2250
Worker 0 DONE checking cube l_undef
Worker 0 found undef cube
Batch manager splitting on literal: (= i844 1)
null (o)
  (if (or (if #4152 #19337 #19339) (not #19414)) (not (= #19349 0)) (not (or #4126 #4156 #4192 #19340 #19341 #19415 #19345 #19353 #19356 #19359))) (c)
  (not (if (or #19340 #19347) (not #19351) (not #19361))) (o)
    (= i844 1) (a)
    (not (= i844 1)) (a)

Worker 0 CUBE SIZE IN MAIN LOOP: 2
 Checking cube
(= i844 1)
(not (if (or #1504 #1788) (not #1792) (not #1801)))
with max_conflicts: 2250
Worker 1 DONE checking cube l_false
Worker 1 found unsat cube
Batch manager backtracking.
(not (= i844 1))

null (o)
  (if (or (if #4152 #19337 #19339) (not #19414)) (not (= #19349 0)) (not (or #4126 #4156 #4192 #19340 #19341 #19415 #19345 #19353 #19356 #19359))) (c)
  (not (if (or #19340 #19347) (not #19351) (not #19361))) (o)
    (= i844 1) (a)
    (not (= i844 1)) (c)
null (o)
  (if (or (if #4152 #19337 #19339) (not #19414)) (not (= #19349 0)) (not (or #4126 #4156 #4192 #19340 #19341 #19415 #19345 #19353 #19356 #19359))) (c)
  (not (if (or #19340 #19347) (not #19351) (not #19361))) (o)
    (= i844 1) (a)
    (not (= i844 1)) (c)

Worker 1 CUBE SIZE IN MAIN LOOP: 2
 Checking cube
(= i844 1)
(not (if (or #1504 #1788) (not #1792) (not #1801)))
with max_conflicts: 2250
Worker 2 DONE checking cube l_undef
Worker 2 found undef cube
Batch manager splitting on literal: (= (if (or #13312 #11759 #11763 #11681 #11689 #11665 #11673 #11658 #11626 #10803 #10723 #10660 #10570 #25650) (if #25670 #25966 467) (if #11758 #25861 224)) 133)
null (o)
  (if (or (if #4152 #19337 #19339) (not #19414)) (not (= #19349 0)) (not (or #4126 #4156 #4192 #19340 #19341 #19415 #19345 #19353 #19356 #19359))) (c)
  (not (if (or #19340 #19347) (not #19351) (not #19361))) (o)
    (= i844 1) (o)
      (= (if (or #13312 #11759 #11763 #11681 #11689 #11665 #11673 #11658 #11626 #10803 #10723 #10660 #10570 #25650) (if #25670 #25966 467) (if #11758 #25861 224)) 133) (a)
      (not (= (if #25651 #25967 #25862) 133)) (o)
    (not (= i844 1)) (c)

Worker 2 CUBE SIZE IN MAIN LOOP: 3
 Checking cube
(= (if (or #9203 #9437 #9441 #9454 #9462 #9470 #9478 #9495 #9504 #9523 #9532 #9540 #9548 #10022) (if #10063 #10087 467) (if #9436 #10054 224)) 133)
(= i844 1)
(not (if (or #1504 #1788) (not #1792) (not #1801)))
with max_conflicts: 3375
Worker 3 DONE checking cube l_undef
Worker 3 found undef cube
Batch manager splitting on literal: (= (if (or #13312 #11759 #11763 #11681 #11689 #11665 #11673 #11658 #11626 #10803 #10723 #10660 #10570 #25650) (if #25670 #25966 467) (if #11758 #25861 224)) 133)
null (o)
  (if (or (if #4152 #19337 #19339) (not #19414)) (not (= #19349 0)) (not (or #4126 #4156 #4192 #19340 #19341 #19415 #19345 #19353 #19356 #19359))) (c)
  (not (if (or #19340 #19347) (not #19351) (not #19361))) (o)
    (= i844 1) (o)
      (= (if (or #13312 #11759 #11763 #11681 #11689 #11665 #11673 #11658 #11626 #10803 #10723 #10660 #10570 #25650) (if #25670 #25966 467) (if #11758 #25861 224)) 133) (a)
      (not (= (if #25651 #25967 #25862) 133)) (a)
    (not (= i844 1)) (c)

Worker 3 CUBE SIZE IN MAIN LOOP: 3
 Checking cube
(not (= (if #10023 #10072 #10055) 133))
(= i844 1)
(not (if (or #1504 #1788) (not #1792) (not #1801)))
with max_conflicts: 3375
Worker 0 DONE checking cube l_undef
Worker 0 found undef cube
Batch manager splitting on literal: (or (not (or #19362 #19324 #19228 #19181 #19212 #19191 #19166 #19197 #19122 #19210 #19204 #19112 #19061 #19159 #19070 #19142 ...)) (not (or #19094 #19210 #19056 #19001 #19002 #19006 #19010 #19015 #19019 #19023 #19024 #19035 #18946 #19049 #18949 #18950 ...)) (not (or #19090 #18835)) (not (or #19090 #18856)) (not (or #19210 #19090 #19056 #18881)) (not (or #19210 #19090 #19056 #19001 #18269)) (not (or #19094 #19210 #19090 #19056 #19001 #19002 #19006 #19010 #19015 #19019 #19023 #19024 #19035 #18946 #19049 #18949 ...)) (not (or #19094 #19210 #19090 #19056 #19001 #19002 #19006 #19010 #19015 #19019 #19023 #19024 #19035 #18946 #19049 #18949 ...)) (not (or #19094 #19210 #19090 #19056 #19001 #19002 #19006 #19010 #19015 #19019 #19023 #19024 #19035 #18946 #19049 #18949 ...)) (not (or #19210 #19090 #19056 #19001 #19002 #18805)) (not (or #19210 #19090 #19056 #19001 #19002 #18833)) (not (or #19210 #19090 #19056 #19001 #19002 #19006 #19010 #18788)) (not (or #19210 #19090 #19056 #19001 #19002 #19006 #19010 #19015 #18874)) (not (or #19094 #19210 #19090 #19056 #19001 #19002 #19006 #19010 #19015 #19019 #19023 #19024 #19035 #18946 #18795)) (not (or #19210 #19090 #19056 #19001 #19002 #19006 #19010 #19015 #19019 #18799)) (not (or #19210 #19090 #19056 #19001 #19002 #19006 #19010 #19015 #19019 #18813)) ...)
null (o)
  (if (or (if #4152 #19337 #19339) (not #19414)) (not (= #19349 0)) (not (or #4126 #4156 #4192 #19340 #19341 #19415 #19345 #19353 #19356 #19359))) (c)
  (not (if (or #19340 #19347) (not #19351) (not #19361))) (o)
    (= i844 1) (o)
      (= (if (or #13312 #11759 #11763 #11681 #11689 #11665 #11673 #11658 #11626 #10803 #10723 #10660 #10570 #25650) (if #25670 #25966 467) (if #11758 #25861 224)) 133) (a)
      (not (= (if #25651 #25967 #25862) 133)) (a)
    (not (= i844 1)) (c)

Worker 0 CUBE SIZE IN MAIN LOOP: 3
 Checking cube
(= (if (or #9203 #9437 #9441 #9454 #9462 #9470 #9478 #9495 #9504 #9523 #9532 #9540 #9548 #10022) (if #10063 #10087 467) (if #9436 #10054 224)) 133)
(= i844 1)
(not (if (or #1504 #1788) (not #1792) (not #1801)))
with max_conflicts: 3375
Worker 1 DONE checking cube l_undef
Worker 1 found undef cube
Batch manager splitting on literal: (= (if (or #18282 #21082 #21049 #21054 #21065 #20963 #20931 #20912 #20824 #20791 #20324 #14347) (if #14210 #13304 467) (if #21081 #13639 224)) 261)
null (o)
  (if (or (if #4152 #19337 #19339) (not #19414)) (not (= #19349 0)) (not (or #4126 #4156 #4192 #19340 #19341 #19415 #19345 #19353 #19356 #19359))) (c)
  (not (if (or #19340 #19347) (not #19351) (not #19361))) (o)
    (= i844 1) (o)
      (= (if (or #13312 #11759 #11763 #11681 #11689 #11665 #11673 #11658 #11626 #10803 #10723 #10660 #10570 #25650) (if #25670 #25966 467) (if #11758 #25861 224)) 133) (a)
      (not (= (if #25651 #25967 #25862) 133)) (a)
    (not (= i844 1)) (c)

Worker 1 CUBE SIZE IN MAIN LOOP: 3
 Checking cube
(= (if (or #9203 #9437 #9441 #9454 #9462 #9470 #9478 #9495 #9504 #9523 #9532 #9540 #9548 #10022) (if #10063 #10087 467) (if #9436 #10054 224)) 133)
(= i844 1)
(not (if (or #1504 #1788) (not #1792) (not #1801)))
with max_conflicts: 3375
Worker 3 DONE checking cube l_false
Worker 3 found unsat cube
Batch manager backtracking.
(not (if (or #1504 #1788) (not #1792) (not #1801)))
(not (= (if #10023 #10072 #10055) 133))

null (o)
  (if (or (if #4152 #19337 #19339) (not #19414)) (not (= #19349 0)) (not (or #4126 #4156 #4192 #19340 #19341 #19415 #19345 #19353 #19356 #19359))) (c)
  (not (if (or #19340 #19347) (not #19351) (not #19361))) (o)
    (= i844 1) (o)
      (= (if (or #13312 #11759 #11763 #11681 #11689 #11665 #11673 #11658 #11626 #10803 #10723 #10660 #10570 #25650) (if #25670 #25966 467) (if #11758 #25861 224)) 133) (a)
      (not (= (if #25651 #25967 #25862) 133)) (c)
    (not (= i844 1)) (c)
null (o)
  (if (or (if #4152 #19337 #19339) (not #19414)) (not (= #19349 0)) (not (or #4126 #4156 #4192 #19340 #19341 #19415 #19345 #19353 #19356 #19359))) (c)
  (not (if (or #19340 #19347) (not #19351) (not #19361))) (o)
    (= i844 1) (o)
      (= (if (or #13312 #11759 #11763 #11681 #11689 #11665 #11673 #11658 #11626 #10803 #10723 #10660 #10570 #25650) (if #25670 #25966 467) (if #11758 #25861 224)) 133) (a)
      (not (= (if #25651 #25967 #25862) 133)) (c)
    (not (= i844 1)) (c)

Worker 3 CUBE SIZE IN MAIN LOOP: 3
 Checking cube
(= (if (or #9203 #9437 #9441 #9454 #9462 #9470 #9478 #9495 #9504 #9523 #9532 #9540 #9548 #10022) (if #10063 #10087 467) (if #9436 #10054 224)) 133)
(= i844 1)
(not (if (or #1504 #1788) (not #1792) (not #1801)))
with max_conflicts: 3375
Worker 2 DONE checking cube l_false
Worker 2 found unsat cube
Batch manager backtracking.
(= (if (or #9203 #9437 #9441 #9454 #9462 #9470 #9478 #9495 #9504 #9523 #9532 #9540 #9548 #10022) (if #10063 #10087 467) (if #9436 #10054 224)) 133)

null (o)
  (if (or (if #4152 #19337 #19339) (not #19414)) (not (= #19349 0)) (not (or #4126 #4156 #4192 #19340 #19341 #19415 #19345 #19353 #19356 #19359))) (c)
  (not (if (or #19340 #19347) (not #19351) (not #19361))) (c)
    (= i844 1) (c)
      (= (if (or #13312 #11759 #11763 #11681 #11689 #11665 #11673 #11658 #11626 #10803 #10723 #10660 #10570 #25650) (if #25670 #25966 467) (if #11758 #25861 224)) 133) (c)
      (not (= (if #25651 #25967 #25862) 133)) (c)
    (not (= i844 1)) (c)
Worker 2 no more cubes
Worker 0 DONE checking cube l_false
Worker 0 found unsat cube
Batch manager backtracking.
(= (if (or #9203 #9437 #9441 #9454 #9462 #9470 #9478 #9495 #9504 #9523 #9532 #9540 #9548 #10022) (if #10063 #10087 467) (if #9436 #10054 224)) 133)

null (c)
  (if (or (if #4152 #19337 #19339) (not #19414)) (not (= #19349 0)) (not (or #4126 #4156 #4192 #19340 #19341 #19415 #19345 #19353 #19356 #19359))) (c)
  (not (if (or #19340 #19347) (not #19351) (not #19361))) (c)
    (= i844 1) (c)
      (= (if (or #13312 #11759 #11763 #11681 #11689 #11665 #11673 #11658 #11626 #10803 #10723 #10660 #10570 #25650) (if #25670 #25966 467) (if #11758 #25861 224)) 133) (c)
      (not (= (if #25651 #25967 #25862) 133)) (c)
    (not (= i844 1)) (c)
Canceling workers
Worker 0 canceling
Worker 1 canceling
Worker 2 canceling
Worker 3 canceling
Worker 3 DONE checking cube l_undef
all done
Worker 0 no more cubes
Batch manager setting exception msg: context cancelled.
Worker 1 DONE checking cube l_undef
Batch manager setting exception msg: context cancelled.
unsat
(:added-eqs                   1483311
 :arith-eq-adapter            2972
 :arith-bound-propagations-lp 169641
 :arith-conflicts             651
 :arith-diseq                 118963
 :arith-fixed-eqs             174460
 :arith-lower                 105744
 :arith-make-feasible         54369
 :arith-max-columns           1660
 :arith-max-rows              680
 :arith-offset-eqs            52577
 :arith-upper                 183888
 :binary-propagations         3902933
 :conflicts                   24501
 :decisions                   516532
 :del-clause                  21002
 :max-memory                  113.53
 :memory                      19.19
 :minimized-lits              143450
 :mk-bool-var                 22016
 :mk-clause                   37110
 :mk-clause-binary            61335
 :num-allocs                  52841824
 :num-checks                  20
 :parallel-max-cube-size      3
 :parallel-num_cubes          12
 :propagations                5646883
 :restarts                    211
 :rlimit-count                16354562
 :time                        0.73
 :total-time                  2.64)
