Worker 0 created with 0 assumptions
Worker 1 created with 0 assumptions
Worker 2 created with 0 assumptions
Worker 3 created with 0 assumptions
null (a)

Worker 0 CUBE SIZE IN MAIN LOOP: 0
 Checking cube
with max_conflicts: 1000
null (a)

Worker 1 CUBE SIZE IN MAIN LOOP: 0
 Checking cube
with max_conflicts: 1000
null (a)

Worker 3 CUBE SIZE IN MAIN LOOP: 0
 Checking cube
with max_conflicts: 1000
null (a)

Worker 2 CUBE SIZE IN MAIN LOOP: 0
 Checking cube
with max_conflicts: 1000
Worker 1 DONE checking cube l_undef
Worker 1 found undef cube
Batch manager splitting on literal: (= (if (or #19089 #18932 #18928 #18244 #18858 #18884 #18865 #18868 #18265 #18782 #18783 #18832 #18875 #18794 #18716) (if #18661 #18495 467) (if #18576 #18579 #18606)) (if (or #19089 #18932 #18928 #18244 #18858 #18884 #18865 #18868 #18265 #18782 #18783 #18832 #18875 #18794 #18718 #18660 ...) (if #18670 #18564 #18494) 467))
null (o)
  (= (if (or #19089 #18932 #18928 #18244 #18858 #18884 #18865 #18868 #18265 #18782 #18783 #18832 #18875 #18794 #18716) (if #18661 #18495 467) (if #18576 #18579 #18606)) (if (or #19089 #18932 #18928 #18244 #18858 #18884 #18865 #18868 #18265 #18782 #18783 #18832 #18875 #18794 #18718 #18660 ...) (if #18670 #18564 #18494) 467)) (a)
  (not (= (if #18717 #18496 #18531) (if #18661 #18495 467))) (o)

Worker 1 CUBE SIZE IN MAIN LOOP: 1
 Checking cube
(= (if (or #2478 #2972 #2985 #2993 #3001 #3009 #3013 #3020 #3025 #3051 #3060 #3068 #3076 #3084 #3749) (if #3796 #3814 467) (if #2973 #3752 #3787)) (if (or #2478 #2972 #2985 #2993 #3001 #3009 #3013 #3020 #3025 #3051 #3060 #3068 #3076 #3084 #3093 #3795 ...) (if #3804 #4229 #3811) 467))
with max_conflicts: 1500
Worker 0 DONE checking cube l_undef
Worker 0 found undef cube
Batch manager splitting on literal: (= i844 1)
null (o)
  (= (if (or #19089 #18932 #18928 #18244 #18858 #18884 #18865 #18868 #18265 #18782 #18783 #18832 #18875 #18794 #18716) (if #18661 #18495 467) (if #18576 #18579 #18606)) (if (or #19089 #18932 #18928 #18244 #18858 #18884 #18865 #18868 #18265 #18782 #18783 #18832 #18875 #18794 #18718 #18660 ...) (if #18670 #18564 #18494) 467)) (a)
  (not (= (if #18717 #18496 #18531) (if #18661 #18495 467))) (a)

Worker 3 DONE checking cube l_undef
Worker 3 found undef cube
Worker 0 CUBE SIZE IN MAIN LOOP: 1
 Checking cube
(not (= (if #3750 #3805 #3788) (if #3796 #3814 467)))
with max_conflicts: 1500
Batch manager splitting on literal: (= i844 1)
null (o)
  (= (if (or #19089 #18932 #18928 #18244 #18858 #18884 #18865 #18868 #18265 #18782 #18783 #18832 #18875 #18794 #18716) (if #18661 #18495 467) (if #18576 #18579 #18606)) (if (or #19089 #18932 #18928 #18244 #18858 #18884 #18865 #18868 #18265 #18782 #18783 #18832 #18875 #18794 #18718 #18660 ...) (if #18670 #18564 #18494) 467)) (a)
  (not (= (if #18717 #18496 #18531) (if #18661 #18495 467))) (a)

Worker 0 DONE checking cube l_false
Worker 0 found unsat cube
Worker 3 CUBE SIZE IN MAIN LOOP: 1
 Checking cube
(= (if (or #2478 #2972 #2985 #2993 #3001 #3009 #3013 #3020 #3025 #3051 #3060 #3068 #3076 #3084 #3749) (if #3796 #3814 467) (if #2973 #3752 #3787)) (if (or #2478 #2972 #2985 #2993 #3001 #3009 #3013 #3020 #3025 #3051 #3060 #3068 #3076 #3084 #3093 #3795 ...) (if #3804 #4229 #3811) 467))
with max_conflicts: 1500
Batch manager backtracking.
(not (= (if #3750 #3805 #3788) (if #3796 #3814 467)))

null (o)
  (= (if (or #19089 #18932 #18928 #18244 #18858 #18884 #18865 #18868 #18265 #18782 #18783 #18832 #18875 #18794 #18716) (if #18661 #18495 467) (if #18576 #18579 #18606)) (if (or #19089 #18932 #18928 #18244 #18858 #18884 #18865 #18868 #18265 #18782 #18783 #18832 #18875 #18794 #18718 #18660 ...) (if #18670 #18564 #18494) 467)) (a)
  (not (= (if #18717 #18496 #18531) (if #18661 #18495 467))) (c)
null (o)
  (= (if (or #19089 #18932 #18928 #18244 #18858 #18884 #18865 #18868 #18265 #18782 #18783 #18832 #18875 #18794 #18716) (if #18661 #18495 467) (if #18576 #18579 #18606)) (if (or #19089 #18932 #18928 #18244 #18858 #18884 #18865 #18868 #18265 #18782 #18783 #18832 #18875 #18794 #18718 #18660 ...) (if #18670 #18564 #18494) 467)) (a)
  (not (= (if #18717 #18496 #18531) (if #18661 #18495 467))) (c)

Worker 0 CUBE SIZE IN MAIN LOOP: 1
 Checking cube
(= (if (or #2478 #2972 #2985 #2993 #3001 #3009 #3013 #3020 #3025 #3051 #3060 #3068 #3076 #3084 #3749) (if #3796 #3814 467) (if #2973 #3752 #3787)) (if (or #2478 #2972 #2985 #2993 #3001 #3009 #3013 #3020 #3025 #3051 #3060 #3068 #3076 #3084 #3093 #3795 ...) (if #3804 #4229 #3811) 467))
with max_conflicts: 1500
Worker 2 DONE checking cube l_undef
Worker 2 found undef cube
Batch manager splitting on literal: (<= (+ (if #4125 143 0) (* -1 #4566)) 0)
null (o)
  (= (if (or #19089 #18932 #18928 #18244 #18858 #18884 #18865 #18868 #18265 #18782 #18783 #18832 #18875 #18794 #18716) (if #18661 #18495 467) (if #18576 #18579 #18606)) (if (or #19089 #18932 #18928 #18244 #18858 #18884 #18865 #18868 #18265 #18782 #18783 #18832 #18875 #18794 #18718 #18660 ...) (if #18670 #18564 #18494) 467)) (a)
  (not (= (if #18717 #18496 #18531) (if #18661 #18495 467))) (c)

Worker 2 CUBE SIZE IN MAIN LOOP: 1
 Checking cube
(= (if (or #2478 #2972 #2985 #2993 #3001 #3009 #3013 #3020 #3025 #3051 #3060 #3068 #3076 #3084 #3749) (if #3796 #3814 467) (if #2973 #3752 #3787)) (if (or #2478 #2972 #2985 #2993 #3001 #3009 #3013 #3020 #3025 #3051 #3060 #3068 #3076 #3084 #3093 #3795 ...) (if #3804 #4229 #3811) 467))
with max_conflicts: 1500
Worker 1 DONE checking cube l_undef
Worker 1 found undef cube
Batch manager splitting on literal: (if (or (if #4152 #19337 #19339) (not #19414)) (not (= #19349 0)) (not (or #4126 #4156 #4192 #19340 #19341 #19415 #19345 #19353 #19356 #19359)))
null (o)
  (= (if (or #19089 #18932 #18928 #18244 #18858 #18884 #18865 #18868 #18265 #18782 #18783 #18832 #18875 #18794 #18716) (if #18661 #18495 467) (if #18576 #18579 #18606)) (if (or #19089 #18932 #18928 #18244 #18858 #18884 #18865 #18868 #18265 #18782 #18783 #18832 #18875 #18794 #18718 #18660 ...) (if #18670 #18564 #18494) 467)) (o)
    (if (or (if #4152 #19337 #19339) (not #19414)) (not (= #19349 0)) (not (or #4126 #4156 #4192 #19340 #19341 #19415 #19345 #19353 #19356 #19359))) (o)
    (not (if (or #19340 #19347) (not #19351) (not #19361))) (a)
  (not (= (if #18717 #18496 #18531) (if #18661 #18495 467))) (c)

Worker 1 CUBE SIZE IN MAIN LOOP: 2
 Checking cube
(not (if (or #1504 #1788) (not #1792) (not #1801)))
(= (if (or #2478 #2972 #2985 #2993 #3001 #3009 #3013 #3020 #3025 #3051 #3060 #3068 #3076 #3084 #3749) (if #3796 #3814 467) (if #2973 #3752 #3787)) (if (or #2478 #2972 #2985 #2993 #3001 #3009 #3013 #3020 #3025 #3051 #3060 #3068 #3076 #3084 #3093 #3795 ...) (if #3804 #4229 #3811) 467))
with max_conflicts: 2250
Worker 0 DONE checking cube l_undef
Worker 0 found undef cube
Batch manager splitting on literal: (= i844 1)
null (o)
  (= (if (or #19089 #18932 #18928 #18244 #18858 #18884 #18865 #18868 #18265 #18782 #18783 #18832 #18875 #18794 #18716) (if #18661 #18495 467) (if #18576 #18579 #18606)) (if (or #19089 #18932 #18928 #18244 #18858 #18884 #18865 #18868 #18265 #18782 #18783 #18832 #18875 #18794 #18718 #18660 ...) (if #18670 #18564 #18494) 467)) (o)
    (if (or (if #4152 #19337 #19339) (not #19414)) (not (= #19349 0)) (not (or #4126 #4156 #4192 #19340 #19341 #19415 #19345 #19353 #19356 #19359))) (a)
    (not (if (or #19340 #19347) (not #19351) (not #19361))) (a)
  (not (= (if #18717 #18496 #18531) (if #18661 #18495 467))) (c)

Worker 0 CUBE SIZE IN MAIN LOOP: 2
 Checking cube
(if (or (if #31 #1503 #1499) (not #1787)) (not (= #1791 0)) (not (or #28 #32 #48 #1504 #1506 #1508 #1510 #1796 #1798 #1800)))
(= (if (or #2478 #2972 #2985 #2993 #3001 #3009 #3013 #3020 #3025 #3051 #3060 #3068 #3076 #3084 #3749) (if #3796 #3814 467) (if #2973 #3752 #3787)) (if (or #2478 #2972 #2985 #2993 #3001 #3009 #3013 #3020 #3025 #3051 #3060 #3068 #3076 #3084 #3093 #3795 ...) (if #3804 #4229 #3811) 467))
with max_conflicts: 2250
Worker 0 DONE checking cube l_false
Worker 0 found unsat cube
Batch manager backtracking.
(if (or (if #31 #1503 #1499) (not #1787)) (not (= #1791 0)) (not (or #28 #32 #48 #1504 #1506 #1508 #1510 #1796 #1798 #1800)))

null (o)
  (= (if (or #19089 #18932 #18928 #18244 #18858 #18884 #18865 #18868 #18265 #18782 #18783 #18832 #18875 #18794 #18716) (if #18661 #18495 467) (if #18576 #18579 #18606)) (if (or #19089 #18932 #18928 #18244 #18858 #18884 #18865 #18868 #18265 #18782 #18783 #18832 #18875 #18794 #18718 #18660 ...) (if #18670 #18564 #18494) 467)) (o)
    (if (or (if #4152 #19337 #19339) (not #19414)) (not (= #19349 0)) (not (or #4126 #4156 #4192 #19340 #19341 #19415 #19345 #19353 #19356 #19359))) (c)
    (not (if (or #19340 #19347) (not #19351) (not #19361))) (a)
  (not (= (if #18717 #18496 #18531) (if #18661 #18495 467))) (c)
null (o)
  (= (if (or #19089 #18932 #18928 #18244 #18858 #18884 #18865 #18868 #18265 #18782 #18783 #18832 #18875 #18794 #18716) (if #18661 #18495 467) (if #18576 #18579 #18606)) (if (or #19089 #18932 #18928 #18244 #18858 #18884 #18865 #18868 #18265 #18782 #18783 #18832 #18875 #18794 #18718 #18660 ...) (if #18670 #18564 #18494) 467)) (o)
    (if (or (if #4152 #19337 #19339) (not #19414)) (not (= #19349 0)) (not (or #4126 #4156 #4192 #19340 #19341 #19415 #19345 #19353 #19356 #19359))) (c)
    (not (if (or #19340 #19347) (not #19351) (not #19361))) (a)
  (not (= (if #18717 #18496 #18531) (if #18661 #18495 467))) (c)

Worker 0 CUBE SIZE IN MAIN LOOP: 2
 Checking cube
(not (if (or #1504 #1788) (not #1792) (not #1801)))
(= (if (or #2478 #2972 #2985 #2993 #3001 #3009 #3013 #3020 #3025 #3051 #3060 #3068 #3076 #3084 #3749) (if #3796 #3814 467) (if #2973 #3752 #3787)) (if (or #2478 #2972 #2985 #2993 #3001 #3009 #3013 #3020 #3025 #3051 #3060 #3068 #3076 #3084 #3093 #3795 ...) (if #3804 #4229 #3811) 467))
with max_conflicts: 2250
Worker 3 DONE checking cube l_undef
Worker 3 found undef cube
Batch manager splitting on literal: (= i844 1)
null (o)
  (= (if (or #19089 #18932 #18928 #18244 #18858 #18884 #18865 #18868 #18265 #18782 #18783 #18832 #18875 #18794 #18716) (if #18661 #18495 467) (if #18576 #18579 #18606)) (if (or #19089 #18932 #18928 #18244 #18858 #18884 #18865 #18868 #18265 #18782 #18783 #18832 #18875 #18794 #18718 #18660 ...) (if #18670 #18564 #18494) 467)) (o)
    (if (or (if #4152 #19337 #19339) (not #19414)) (not (= #19349 0)) (not (or #4126 #4156 #4192 #19340 #19341 #19415 #19345 #19353 #19356 #19359))) (c)
    (not (if (or #19340 #19347) (not #19351) (not #19361))) (a)
  (not (= (if #18717 #18496 #18531) (if #18661 #18495 467))) (c)

Worker 3 CUBE SIZE IN MAIN LOOP: 2
 Checking cube
(not (if (or #1504 #1788) (not #1792) (not #1801)))
(= (if (or #2478 #2972 #2985 #2993 #3001 #3009 #3013 #3020 #3025 #3051 #3060 #3068 #3076 #3084 #3749) (if #3796 #3814 467) (if #2973 #3752 #3787)) (if (or #2478 #2972 #2985 #2993 #3001 #3009 #3013 #3020 #3025 #3051 #3060 #3068 #3076 #3084 #3093 #3795 ...) (if #3804 #4229 #3811) 467))
with max_conflicts: 2250
Worker 2 DONE checking cube l_undef
Worker 2 found undef cube
Batch manager splitting on literal: (= i844 1)
null (o)
  (= (if (or #19089 #18932 #18928 #18244 #18858 #18884 #18865 #18868 #18265 #18782 #18783 #18832 #18875 #18794 #18716) (if #18661 #18495 467) (if #18576 #18579 #18606)) (if (or #19089 #18932 #18928 #18244 #18858 #18884 #18865 #18868 #18265 #18782 #18783 #18832 #18875 #18794 #18718 #18660 ...) (if #18670 #18564 #18494) 467)) (o)
    (if (or (if #4152 #19337 #19339) (not #19414)) (not (= #19349 0)) (not (or #4126 #4156 #4192 #19340 #19341 #19415 #19345 #19353 #19356 #19359))) (c)
    (not (if (or #19340 #19347) (not #19351) (not #19361))) (a)
  (not (= (if #18717 #18496 #18531) (if #18661 #18495 467))) (c)

Worker 2 CUBE SIZE IN MAIN LOOP: 2
 Checking cube
(not (if (or #1504 #1788) (not #1792) (not #1801)))
(= (if (or #2478 #2972 #2985 #2993 #3001 #3009 #3013 #3020 #3025 #3051 #3060 #3068 #3076 #3084 #3749) (if #3796 #3814 467) (if #2973 #3752 #3787)) (if (or #2478 #2972 #2985 #2993 #3001 #3009 #3013 #3020 #3025 #3051 #3060 #3068 #3076 #3084 #3093 #3795 ...) (if #3804 #4229 #3811) 467))
with max_conflicts: 2250
Worker 2 DONE checking cube l_undef
Worker 2 found undef cube
Batch manager splitting on literal: (= i844 1)
null (o)
  (= (if (or #19089 #18932 #18928 #18244 #18858 #18884 #18865 #18868 #18265 #18782 #18783 #18832 #18875 #18794 #18716) (if #18661 #18495 467) (if #18576 #18579 #18606)) (if (or #19089 #18932 #18928 #18244 #18858 #18884 #18865 #18868 #18265 #18782 #18783 #18832 #18875 #18794 #18718 #18660 ...) (if #18670 #18564 #18494) 467)) (o)
    (if (or (if #4152 #19337 #19339) (not #19414)) (not (= #19349 0)) (not (or #4126 #4156 #4192 #19340 #19341 #19415 #19345 #19353 #19356 #19359))) (c)
    (not (if (or #19340 #19347) (not #19351) (not #19361))) (o)
      (= i844 1) (a)
      (not (= i844 1)) (o)
  (not (= (if #18717 #18496 #18531) (if #18661 #18495 467))) (c)

Worker 2 CUBE SIZE IN MAIN LOOP: 3
 Checking cube
(= i844 1)
(not (if (or #1504 #1788) (not #1792) (not #1801)))
(= (if (or #2478 #2972 #2985 #2993 #3001 #3009 #3013 #3020 #3025 #3051 #3060 #3068 #3076 #3084 #3749) (if #3796 #3814 467) (if #2973 #3752 #3787)) (if (or #2478 #2972 #2985 #2993 #3001 #3009 #3013 #3020 #3025 #3051 #3060 #3068 #3076 #3084 #3093 #3795 ...) (if #3804 #4229 #3811) 467))
with max_conflicts: 3375
Worker 1 DONE checking cube l_undef
Worker 1 found undef cube
Batch manager splitting on literal: (or (if (or #19340 #19347) (not #19351) (not #19361)) (not (or #4126 #4156 #4192 #19340 #19341 #19347 #19353 #19356 #19359 #19281 #19326 #19342 #19285)) (not (or #19362 #19286 #19288 #19323 #19358 #19322 #19321 #19298 #19319 #19305 #19307 #19309 #19224 #19226)) (not (or #19362 #19286 #19268)) (not (if #19245 #19194 #19253)))
null (o)
  (= (if (or #19089 #18932 #18928 #18244 #18858 #18884 #18865 #18868 #18265 #18782 #18783 #18832 #18875 #18794 #18716) (if #18661 #18495 467) (if #18576 #18579 #18606)) (if (or #19089 #18932 #18928 #18244 #18858 #18884 #18865 #18868 #18265 #18782 #18783 #18832 #18875 #18794 #18718 #18660 ...) (if #18670 #18564 #18494) 467)) (o)
    (if (or (if #4152 #19337 #19339) (not #19414)) (not (= #19349 0)) (not (or #4126 #4156 #4192 #19340 #19341 #19415 #19345 #19353 #19356 #19359))) (c)
    (not (if (or #19340 #19347) (not #19351) (not #19361))) (o)
      (= i844 1) (a)
      (not (= i844 1)) (a)
  (not (= (if #18717 #18496 #18531) (if #18661 #18495 467))) (c)

Worker 1 CUBE SIZE IN MAIN LOOP: 3
 Checking cube
(not (= i844 1))
(not (if (or #1504 #1788) (not #1792) (not #1801)))
(= (if (or #2478 #2972 #2985 #2993 #3001 #3009 #3013 #3020 #3025 #3051 #3060 #3068 #3076 #3084 #3749) (if #3796 #3814 467) (if #2973 #3752 #3787)) (if (or #2478 #2972 #2985 #2993 #3001 #3009 #3013 #3020 #3025 #3051 #3060 #3068 #3076 #3084 #3093 #3795 ...) (if #3804 #4229 #3811) 467))
with max_conflicts: 3375
Worker 1 DONE checking cube l_false
Worker 1 found unsat cube
Batch manager backtracking.
(not (= i844 1))

null (o)
  (= (if (or #19089 #18932 #18928 #18244 #18858 #18884 #18865 #18868 #18265 #18782 #18783 #18832 #18875 #18794 #18716) (if #18661 #18495 467) (if #18576 #18579 #18606)) (if (or #19089 #18932 #18928 #18244 #18858 #18884 #18865 #18868 #18265 #18782 #18783 #18832 #18875 #18794 #18718 #18660 ...) (if #18670 #18564 #18494) 467)) (o)
    (if (or (if #4152 #19337 #19339) (not #19414)) (not (= #19349 0)) (not (or #4126 #4156 #4192 #19340 #19341 #19415 #19345 #19353 #19356 #19359))) (c)
    (not (if (or #19340 #19347) (not #19351) (not #19361))) (o)
      (= i844 1) (a)
      (not (= i844 1)) (c)
  (not (= (if #18717 #18496 #18531) (if #18661 #18495 467))) (c)
null (o)
  (= (if (or #19089 #18932 #18928 #18244 #18858 #18884 #18865 #18868 #18265 #18782 #18783 #18832 #18875 #18794 #18716) (if #18661 #18495 467) (if #18576 #18579 #18606)) (if (or #19089 #18932 #18928 #18244 #18858 #18884 #18865 #18868 #18265 #18782 #18783 #18832 #18875 #18794 #18718 #18660 ...) (if #18670 #18564 #18494) 467)) (o)
    (if (or (if #4152 #19337 #19339) (not #19414)) (not (= #19349 0)) (not (or #4126 #4156 #4192 #19340 #19341 #19415 #19345 #19353 #19356 #19359))) (c)
    (not (if (or #19340 #19347) (not #19351) (not #19361))) (o)
      (= i844 1) (a)
      (not (= i844 1)) (c)
  (not (= (if #18717 #18496 #18531) (if #18661 #18495 467))) (c)

Worker 1 CUBE SIZE IN MAIN LOOP: 3
 Checking cube
(= i844 1)
(not (if (or #1504 #1788) (not #1792) (not #1801)))
(= (if (or #2478 #2972 #2985 #2993 #3001 #3009 #3013 #3020 #3025 #3051 #3060 #3068 #3076 #3084 #3749) (if #3796 #3814 467) (if #2973 #3752 #3787)) (if (or #2478 #2972 #2985 #2993 #3001 #3009 #3013 #3020 #3025 #3051 #3060 #3068 #3076 #3084 #3093 #3795 ...) (if #3804 #4229 #3811) 467))
with max_conflicts: 3375
Worker 0 DONE checking cube l_undef
Worker 0 found undef cube
Batch manager splitting on literal: (or (not (= i844 1)) (= i1041 0) (not (or #4126 #4151 #4182)) (if (or #4126 #4151) (not #19336) (not #19416)) (not (or #4126 #4156 #19417 #19341 #19415 #19345)) (if (or #19340 #19347) (not #19351) (not #19361)) (if (or #19340 #19347) (= #19349 0) (not #19366)) (not (or #4126 #4151 #19339 #19340 #19347 #19334)) (not (or #4126 #4151 #19339 #19334)))
null (o)
  (= (if (or #19089 #18932 #18928 #18244 #18858 #18884 #18865 #18868 #18265 #18782 #18783 #18832 #18875 #18794 #18716) (if #18661 #18495 467) (if #18576 #18579 #18606)) (if (or #19089 #18932 #18928 #18244 #18858 #18884 #18865 #18868 #18265 #18782 #18783 #18832 #18875 #18794 #18718 #18660 ...) (if #18670 #18564 #18494) 467)) (o)
    (if (or (if #4152 #19337 #19339) (not #19414)) (not (= #19349 0)) (not (or #4126 #4156 #4192 #19340 #19341 #19415 #19345 #19353 #19356 #19359))) (c)
    (not (if (or #19340 #19347) (not #19351) (not #19361))) (o)
      (= i844 1) (a)
      (not (= i844 1)) (c)
  (not (= (if #18717 #18496 #18531) (if #18661 #18495 467))) (c)

Worker 0 CUBE SIZE IN MAIN LOOP: 3
 Checking cube
(= i844 1)
(not (if (or #1504 #1788) (not #1792) (not #1801)))
(= (if (or #2478 #2972 #2985 #2993 #3001 #3009 #3013 #3020 #3025 #3051 #3060 #3068 #3076 #3084 #3749) (if #3796 #3814 467) (if #2973 #3752 #3787)) (if (or #2478 #2972 #2985 #2993 #3001 #3009 #3013 #3020 #3025 #3051 #3060 #3068 #3076 #3084 #3093 #3795 ...) (if #3804 #4229 #3811) 467))
with max_conflicts: 3375
Worker 3 DONE checking cube l_undef
Worker 3 found undef cube
Batch manager splitting on literal: (or (if (or #19089 #18932) (not #18578) (not #18503)) (if (or #19089 #18932) (= #18577 0) (not #18512)) (not (or #19089 #18932 #18436)) (not (or #19089 #18932 #18928 #18526)) (not (or #19089 #18932 #18928 #18244 #18858 #18458)) (not (or #19089 #18932 #18928 #18244 #18858 #18884 #18466)) (not (or #19089 #18932 #18928 #18244 #18858 #18884 #18473)) (not (or #19089 #18932 #18928 #18244 #18858 #18884 #18865 #18868 #18482)) (not (or #19089 #18932 #18928 #18244 #18858 #18884 #18865 #18868 #18418)) (not (or #19089 #18932 #18928 #18244 #18858 #18884 #18865 #18868 #18265 #18782 #18428)) (not (if #18385 #18137 #18157)))
null (o)
  (= (if (or #19089 #18932 #18928 #18244 #18858 #18884 #18865 #18868 #18265 #18782 #18783 #18832 #18875 #18794 #18716) (if #18661 #18495 467) (if #18576 #18579 #18606)) (if (or #19089 #18932 #18928 #18244 #18858 #18884 #18865 #18868 #18265 #18782 #18783 #18832 #18875 #18794 #18718 #18660 ...) (if #18670 #18564 #18494) 467)) (o)
    (if (or (if #4152 #19337 #19339) (not #19414)) (not (= #19349 0)) (not (or #4126 #4156 #4192 #19340 #19341 #19415 #19345 #19353 #19356 #19359))) (c)
    (not (if (or #19340 #19347) (not #19351) (not #19361))) (o)
      (= i844 1) (a)
      (not (= i844 1)) (c)
  (not (= (if #18717 #18496 #18531) (if #18661 #18495 467))) (c)

Worker 3 CUBE SIZE IN MAIN LOOP: 3
 Checking cube
(= i844 1)
(not (if (or #1504 #1788) (not #1792) (not #1801)))
(= (if (or #2478 #2972 #2985 #2993 #3001 #3009 #3013 #3020 #3025 #3051 #3060 #3068 #3076 #3084 #3749) (if #3796 #3814 467) (if #2973 #3752 #3787)) (if (or #2478 #2972 #2985 #2993 #3001 #3009 #3013 #3020 #3025 #3051 #3060 #3068 #3076 #3084 #3093 #3795 ...) (if #3804 #4229 #3811) 467))
with max_conflicts: 3375
Worker 1 DONE checking cube l_false
Worker 1 found unsat cube
Batch manager backtracking.
(= i844 1)

null (c)
  (= (if (or #19089 #18932 #18928 #18244 #18858 #18884 #18865 #18868 #18265 #18782 #18783 #18832 #18875 #18794 #18716) (if #18661 #18495 467) (if #18576 #18579 #18606)) (if (or #19089 #18932 #18928 #18244 #18858 #18884 #18865 #18868 #18265 #18782 #18783 #18832 #18875 #18794 #18718 #18660 ...) (if #18670 #18564 #18494) 467)) (c)
    (if (or (if #4152 #19337 #19339) (not #19414)) (not (= #19349 0)) (not (or #4126 #4156 #4192 #19340 #19341 #19415 #19345 #19353 #19356 #19359))) (c)
    (not (if (or #19340 #19347) (not #19351) (not #19361))) (c)
      (= i844 1) (c)
      (not (= i844 1)) (c)
  (not (= (if #18717 #18496 #18531) (if #18661 #18495 467))) (c)
Canceling workers
Worker 0 canceling
Worker 1 canceling
Worker 2 canceling
Worker 3 canceling
all done
Worker 1 no more cubes
Worker 2 DONE checking cube l_undef
Batch manager setting exception msg: context cancelled.
Worker 3 DONE checking cube l_undef
Batch manager setting exception msg: context cancelled.
Worker 0 DONE checking cube l_undef
Batch manager setting exception msg: context cancelled.
unsat
(:added-eqs                   1518803
 :arith-eq-adapter            2718
 :arith-bound-propagations-lp 172485
 :arith-conflicts             545
 :arith-diseq                 114112
 :arith-fixed-eqs             184091
 :arith-lower                 106962
 :arith-make-feasible         53880
 :arith-max-columns           1667
 :arith-max-rows              687
 :arith-offset-eqs            54185
 :arith-upper                 183490
 :binary-propagations         4158153
 :conflicts                   24304
 :decisions                   566850
 :del-clause                  18710
 :max-memory                  113.94
 :memory                      19.24
 :minimized-lits              157099
 :mk-bool-var                 21283
 :mk-clause                   36022
 :mk-clause-binary            61400
 :num-allocs                  57938407
 :num-checks                  20
 :parallel-max-cube-size      3
 :parallel-num_cubes          12
 :propagations                5970206
 :restarts                    209
 :rlimit-count                17304360
 :time                        0.74
 :total-time                  2.69)
