Worker 0 created with 0 assumptions
Worker 1 created with 0 assumptions
Worker 2 created with 0 assumptions
Worker 3 created with 0 assumptions
null (a)

Worker 1 CUBE SIZE IN MAIN LOOP: 0
 Checking cube
with max_conflicts: 1000
null (a)

Worker 0 CUBE SIZE IN MAIN LOOP: 0
 Checking cube
with max_conflicts: 1000
null (a)

Worker 3 CUBE SIZE IN MAIN LOOP: 0
 Checking cube
with max_conflicts: 1000
null (a)

Worker 2 CUBE SIZE IN MAIN LOOP: 0
 Checking cube
with max_conflicts: 1000
Worker 0 DONE checking cube l_undef
Worker 0 found undef cube
Batch manager splitting on literal: (or (if (or #19089 #18932) (not #18855) (not #18717)) (not (or #18719 #18652 #18316)) (not (or #18664 #18652 #18660 #18674 #18682 #18614 #18627 #18635 #18644 #18576 #18586 #18594 #18603 #18536 #18540 #18549 ...)) (not (or #18719 #18367)) (not (or #18719 #18652 #18660 #18285)) (not (or #18719 #18652 #18660 #18674 #18335)) (not (or #18719 #18652 #18660 #18674 #18271)) (not (or #18719 #18652 #18660 #18674 #18682 #18614 #18191)) (not (or #18719 #18652 #18660 #18674 #18682 #18614 #18199)) (not (or #18208 #21081)))
Worker 3 DONE checking cube l_undef
Worker 3 found undef cube
null (o)
  (or (if (or #19089 #18932) (not #18855) (not #18717)) (not (or #18719 #18652 #18316)) (not (or #18664 #18652 #18660 #18674 #18682 #18614 #18627 #18635 #18644 #18576 #18586 #18594 #18603 #18536 #18540 #18549 ...)) (not (or #18719 #18367)) (not (or #18719 #18652 #18660 #18285)) (not (or #18719 #18652 #18660 #18674 #18335)) (not (or #18719 #18652 #18660 #18674 #18271)) (not (or #18719 #18652 #18660 #18674 #18682 #18614 #18191)) (not (or #18719 #18652 #18660 #18674 #18682 #18614 #18199)) (not (or #18208 #21081))) (a)
  (not (or (if #18853 #18270 #18718) (not #18317) (not #18359) (not #18375) (not #18286) (not #18300) (not #18232) (not #18192) (not #18200) (not #21082))) (o)

Worker 0 CUBE SIZE IN MAIN LOOP: 1
 Checking cube
(or (if (or #2478 #2972) (not #3568) (not #3572)) (not (or #3574 #3584 #4238)) (not (or #3211 #3584 #3593 #3601 #3609 #3617 #3626 #3634 #3643 #3655 #3681 #3689 #3698 #3707 #3709 #3720 ...)) (not (or #3574 #4253)) (not (or #3574 #3584 #3593 #4261)) (not (or #3574 #3584 #3593 #3601 #4278)) (not (or #3574 #3584 #3593 #3601 #4287)) (not (or #3574 #3584 #3593 #3601 #3609 #3617 #4306)) (not (or #3574 #3584 #3593 #3601 #3609 #3617 #4315)) (not (or #4329 #5052)))
with max_conflicts: 1500
Batch manager splitting on literal: (= i844 1)
null (o)
  (or (if (or #19089 #18932) (not #18855) (not #18717)) (not (or #18719 #18652 #18316)) (not (or #18664 #18652 #18660 #18674 #18682 #18614 #18627 #18635 #18644 #18576 #18586 #18594 #18603 #18536 #18540 #18549 ...)) (not (or #18719 #18367)) (not (or #18719 #18652 #18660 #18285)) (not (or #18719 #18652 #18660 #18674 #18335)) (not (or #18719 #18652 #18660 #18674 #18271)) (not (or #18719 #18652 #18660 #18674 #18682 #18614 #18191)) (not (or #18719 #18652 #18660 #18674 #18682 #18614 #18199)) (not (or #18208 #21081))) (a)
  (not (or (if #18853 #18270 #18718) (not #18317) (not #18359) (not #18375) (not #18286) (not #18300) (not #18232) (not #18192) (not #18200) (not #21082))) (a)

Worker 1 DONE checking cube l_undef
Worker 1 found undef cube
Worker 3 CUBE SIZE IN MAIN LOOP: 1
 Checking cube
(not (or (if #2973 #3569 #3573) (not #4239) (not #4243) (not #4254) (not #4262) (not #4279) (not #4288) (not #4307) (not #4316) (not #5053)))
with max_conflicts: 1500
Batch manager splitting on literal: (= i844 1)
Worker 2 DONE checking cube l_undef
Worker 2 found undef cube
Batch manager splitting on literal: (= i844 1)
null (o)
  (or (if (or #19089 #18932) (not #18855) (not #18717)) (not (or #18719 #18652 #18316)) (not (or #18664 #18652 #18660 #18674 #18682 #18614 #18627 #18635 #18644 #18576 #18586 #18594 #18603 #18536 #18540 #18549 ...)) (not (or #18719 #18367)) (not (or #18719 #18652 #18660 #18285)) (not (or #18719 #18652 #18660 #18674 #18335)) (not (or #18719 #18652 #18660 #18674 #18271)) (not (or #18719 #18652 #18660 #18674 #18682 #18614 #18191)) (not (or #18719 #18652 #18660 #18674 #18682 #18614 #18199)) (not (or #18208 #21081))) (a)
  (not (or (if #18853 #18270 #18718) (not #18317) (not #18359) (not #18375) (not #18286) (not #18300) (not #18232) (not #18192) (not #18200) (not #21082))) (a)

Worker 2 CUBE SIZE IN MAIN LOOP: 1
 Checking cube
(or (if (or #2478 #2972) (not #3568) (not #3572)) (not (or #3574 #3584 #4238)) (not (or #3211 #3584 #3593 #3601 #3609 #3617 #3626 #3634 #3643 #3655 #3681 #3689 #3698 #3707 #3709 #3720 ...)) (not (or #3574 #4253)) (not (or #3574 #3584 #3593 #4261)) (not (or #3574 #3584 #3593 #3601 #4278)) (not (or #3574 #3584 #3593 #3601 #4287)) (not (or #3574 #3584 #3593 #3601 #3609 #3617 #4306)) (not (or #3574 #3584 #3593 #3601 #3609 #3617 #4315)) (not (or #4329 #5052)))
with max_conflicts: 1500
null (o)
  (or (if (or #19089 #18932) (not #18855) (not #18717)) (not (or #18719 #18652 #18316)) (not (or #18664 #18652 #18660 #18674 #18682 #18614 #18627 #18635 #18644 #18576 #18586 #18594 #18603 #18536 #18540 #18549 ...)) (not (or #18719 #18367)) (not (or #18719 #18652 #18660 #18285)) (not (or #18719 #18652 #18660 #18674 #18335)) (not (or #18719 #18652 #18660 #18674 #18271)) (not (or #18719 #18652 #18660 #18674 #18682 #18614 #18191)) (not (or #18719 #18652 #18660 #18674 #18682 #18614 #18199)) (not (or #18208 #21081))) (a)
  (not (or (if #18853 #18270 #18718) (not #18317) (not #18359) (not #18375) (not #18286) (not #18300) (not #18232) (not #18192) (not #18200) (not #21082))) (a)

Worker 3 DONE checking cube l_false
Worker 3 found unsat cube
Worker 1 CUBE SIZE IN MAIN LOOP: 1
 Checking cube
(or (if (or #2478 #2972) (not #3568) (not #3572)) (not (or #3574 #3584 #4238)) (not (or #3211 #3584 #3593 #3601 #3609 #3617 #3626 #3634 #3643 #3655 #3681 #3689 #3698 #3707 #3709 #3720 ...)) (not (or #3574 #4253)) (not (or #3574 #3584 #3593 #4261)) (not (or #3574 #3584 #3593 #3601 #4278)) (not (or #3574 #3584 #3593 #3601 #4287)) (not (or #3574 #3584 #3593 #3601 #3609 #3617 #4306)) (not (or #3574 #3584 #3593 #3601 #3609 #3617 #4315)) (not (or #4329 #5052)))
with max_conflicts: 1500
Batch manager backtracking.
(not (or (if #2973 #3569 #3573) (not #4239) (not #4243) (not #4254) (not #4262) (not #4279) (not #4288) (not #4307) (not #4316) (not #5053)))

null (o)
  (or (if (or #19089 #18932) (not #18855) (not #18717)) (not (or #18719 #18652 #18316)) (not (or #18664 #18652 #18660 #18674 #18682 #18614 #18627 #18635 #18644 #18576 #18586 #18594 #18603 #18536 #18540 #18549 ...)) (not (or #18719 #18367)) (not (or #18719 #18652 #18660 #18285)) (not (or #18719 #18652 #18660 #18674 #18335)) (not (or #18719 #18652 #18660 #18674 #18271)) (not (or #18719 #18652 #18660 #18674 #18682 #18614 #18191)) (not (or #18719 #18652 #18660 #18674 #18682 #18614 #18199)) (not (or #18208 #21081))) (a)
  (not (or (if #18853 #18270 #18718) (not #18317) (not #18359) (not #18375) (not #18286) (not #18300) (not #18232) (not #18192) (not #18200) (not #21082))) (c)
null (o)
  (or (if (or #19089 #18932) (not #18855) (not #18717)) (not (or #18719 #18652 #18316)) (not (or #18664 #18652 #18660 #18674 #18682 #18614 #18627 #18635 #18644 #18576 #18586 #18594 #18603 #18536 #18540 #18549 ...)) (not (or #18719 #18367)) (not (or #18719 #18652 #18660 #18285)) (not (or #18719 #18652 #18660 #18674 #18335)) (not (or #18719 #18652 #18660 #18674 #18271)) (not (or #18719 #18652 #18660 #18674 #18682 #18614 #18191)) (not (or #18719 #18652 #18660 #18674 #18682 #18614 #18199)) (not (or #18208 #21081))) (a)
  (not (or (if #18853 #18270 #18718) (not #18317) (not #18359) (not #18375) (not #18286) (not #18300) (not #18232) (not #18192) (not #18200) (not #21082))) (c)

Worker 3 CUBE SIZE IN MAIN LOOP: 1
 Checking cube
(or (if (or #2478 #2972) (not #3568) (not #3572)) (not (or #3574 #3584 #4238)) (not (or #3211 #3584 #3593 #3601 #3609 #3617 #3626 #3634 #3643 #3655 #3681 #3689 #3698 #3707 #3709 #3720 ...)) (not (or #3574 #4253)) (not (or #3574 #3584 #3593 #4261)) (not (or #3574 #3584 #3593 #3601 #4278)) (not (or #3574 #3584 #3593 #3601 #4287)) (not (or #3574 #3584 #3593 #3601 #3609 #3617 #4306)) (not (or #3574 #3584 #3593 #3601 #3609 #3617 #4315)) (not (or #4329 #5052)))
with max_conflicts: 1500
Worker 2 DONE checking cube l_undef
Worker 2 found undef cube
Batch manager splitting on literal: (= i844 1)
null (o)
  (or (if (or #19089 #18932) (not #18855) (not #18717)) (not (or #18719 #18652 #18316)) (not (or #18664 #18652 #18660 #18674 #18682 #18614 #18627 #18635 #18644 #18576 #18586 #18594 #18603 #18536 #18540 #18549 ...)) (not (or #18719 #18367)) (not (or #18719 #18652 #18660 #18285)) (not (or #18719 #18652 #18660 #18674 #18335)) (not (or #18719 #18652 #18660 #18674 #18271)) (not (or #18719 #18652 #18660 #18674 #18682 #18614 #18191)) (not (or #18719 #18652 #18660 #18674 #18682 #18614 #18199)) (not (or #18208 #21081))) (o)
    (= i844 1) (o)
    (not (= i844 1)) (a)
  (not (or (if #18853 #18270 #18718) (not #18317) (not #18359) (not #18375) (not #18286) (not #18300) (not #18232) (not #18192) (not #18200) (not #21082))) (c)

Worker 2 CUBE SIZE IN MAIN LOOP: 2
 Checking cube
(not (= i844 1))
(or (if (or #2478 #2972) (not #3568) (not #3572)) (not (or #3574 #3584 #4238)) (not (or #3211 #3584 #3593 #3601 #3609 #3617 #3626 #3634 #3643 #3655 #3681 #3689 #3698 #3707 #3709 #3720 ...)) (not (or #3574 #4253)) (not (or #3574 #3584 #3593 #4261)) (not (or #3574 #3584 #3593 #3601 #4278)) (not (or #3574 #3584 #3593 #3601 #4287)) (not (or #3574 #3584 #3593 #3601 #3609 #3617 #4306)) (not (or #3574 #3584 #3593 #3601 #3609 #3617 #4315)) (not (or #4329 #5052)))
with max_conflicts: 2250
Worker 0 DONE checking cube l_undef
Worker 0 found undef cube
Batch manager splitting on literal: (or (if (or #19089 #18932) (not #18855) (not #18717)) (if (or #19089 #18932) (= #18931 0) (not #18650)) (not (or #19089 #18932 #18658)) (not (or #19089 #18932 #18280 #18672)) (not (or #19089 #18932 #18280 #18888 #18860 #18680)) (not (or #19089 #18932 #18280 #18888 #18860 #18865 #18612)) (not (or #19089 #18932 #18280 #18888 #18860 #18865 #18621)) (not (or #19089 #18932 #18280 #18888 #18860 #18865 #18868 #18265 #18633)) (not (or #19089 #18932 #18280 #18888 #18860 #18865 #18868 #18265 #18642)) (not (or #19089 #18932 #18280 #18888 #18860 #18865 #18868 #18265 #18873 #18808 #18574)) (not (or #19089 #18932 #18280 #18888 #18860 #18865 #18868 #18265 #18873 #18808 #18879 #18584)) (not (or #19089 #18932 #18280 #18888 #18860 #18865 #18868 #18265 #18873 #18808 #18879 #18831 #18792 #18804 #18802 #18814 ...)) (not (or #19089 #18932 #18280 #18888 #18860 #18865 #18868 #18265 #18873 #18808 #18879 #18831 #18601)) (not (or #19089 #18932 #18280 #18888 #18860 #18865 #18868 #18265 #18873 #18808 #18879 #18831 #18534)) (not (or #18540 #18144)))
null (o)
  (or (if (or #19089 #18932) (not #18855) (not #18717)) (not (or #18719 #18652 #18316)) (not (or #18664 #18652 #18660 #18674 #18682 #18614 #18627 #18635 #18644 #18576 #18586 #18594 #18603 #18536 #18540 #18549 ...)) (not (or #18719 #18367)) (not (or #18719 #18652 #18660 #18285)) (not (or #18719 #18652 #18660 #18674 #18335)) (not (or #18719 #18652 #18660 #18674 #18271)) (not (or #18719 #18652 #18660 #18674 #18682 #18614 #18191)) (not (or #18719 #18652 #18660 #18674 #18682 #18614 #18199)) (not (or #18208 #21081))) (o)
    (= i844 1) (a)
    (not (= i844 1)) (a)
  (not (or (if #18853 #18270 #18718) (not #18317) (not #18359) (not #18375) (not #18286) (not #18300) (not #18232) (not #18192) (not #18200) (not #21082))) (c)

Worker 0 CUBE SIZE IN MAIN LOOP: 2
 Checking cube
(= i844 1)
(or (if (or #2478 #2972) (not #3568) (not #3572)) (not (or #3574 #3584 #4238)) (not (or #3211 #3584 #3593 #3601 #3609 #3617 #3626 #3634 #3643 #3655 #3681 #3689 #3698 #3707 #3709 #3720 ...)) (not (or #3574 #4253)) (not (or #3574 #3584 #3593 #4261)) (not (or #3574 #3584 #3593 #3601 #4278)) (not (or #3574 #3584 #3593 #3601 #4287)) (not (or #3574 #3584 #3593 #3601 #3609 #3617 #4306)) (not (or #3574 #3584 #3593 #3601 #3609 #3617 #4315)) (not (or #4329 #5052)))
with max_conflicts: 2250
Worker 1 DONE checking cube l_undef
Worker 1 found undef cube
Batch manager splitting on literal: (= i844 1)
null (o)
  (or (if (or #19089 #18932) (not #18855) (not #18717)) (not (or #18719 #18652 #18316)) (not (or #18664 #18652 #18660 #18674 #18682 #18614 #18627 #18635 #18644 #18576 #18586 #18594 #18603 #18536 #18540 #18549 ...)) (not (or #18719 #18367)) (not (or #18719 #18652 #18660 #18285)) (not (or #18719 #18652 #18660 #18674 #18335)) (not (or #18719 #18652 #18660 #18674 #18271)) (not (or #18719 #18652 #18660 #18674 #18682 #18614 #18191)) (not (or #18719 #18652 #18660 #18674 #18682 #18614 #18199)) (not (or #18208 #21081))) (o)
    (= i844 1) (a)
    (not (= i844 1)) (a)
  (not (or (if #18853 #18270 #18718) (not #18317) (not #18359) (not #18375) (not #18286) (not #18300) (not #18232) (not #18192) (not #18200) (not #21082))) (c)

Worker 1 CUBE SIZE IN MAIN LOOP: 2
 Checking cube
(= i844 1)
(or (if (or #2478 #2972) (not #3568) (not #3572)) (not (or #3574 #3584 #4238)) (not (or #3211 #3584 #3593 #3601 #3609 #3617 #3626 #3634 #3643 #3655 #3681 #3689 #3698 #3707 #3709 #3720 ...)) (not (or #3574 #4253)) (not (or #3574 #3584 #3593 #4261)) (not (or #3574 #3584 #3593 #3601 #4278)) (not (or #3574 #3584 #3593 #3601 #4287)) (not (or #3574 #3584 #3593 #3601 #3609 #3617 #4306)) (not (or #3574 #3584 #3593 #3601 #3609 #3617 #4315)) (not (or #4329 #5052)))
with max_conflicts: 2250
Worker 3 DONE checking cube l_undef
Worker 3 found undef cube
Batch manager splitting on literal: (= i844 1)
null (o)
  (or (if (or #19089 #18932) (not #18855) (not #18717)) (not (or #18719 #18652 #18316)) (not (or #18664 #18652 #18660 #18674 #18682 #18614 #18627 #18635 #18644 #18576 #18586 #18594 #18603 #18536 #18540 #18549 ...)) (not (or #18719 #18367)) (not (or #18719 #18652 #18660 #18285)) (not (or #18719 #18652 #18660 #18674 #18335)) (not (or #18719 #18652 #18660 #18674 #18271)) (not (or #18719 #18652 #18660 #18674 #18682 #18614 #18191)) (not (or #18719 #18652 #18660 #18674 #18682 #18614 #18199)) (not (or #18208 #21081))) (o)
    (= i844 1) (a)
    (not (= i844 1)) (a)
  (not (or (if #18853 #18270 #18718) (not #18317) (not #18359) (not #18375) (not #18286) (not #18300) (not #18232) (not #18192) (not #18200) (not #21082))) (c)

Worker 3 CUBE SIZE IN MAIN LOOP: 2
 Checking cube
(= i844 1)
(or (if (or #2478 #2972) (not #3568) (not #3572)) (not (or #3574 #3584 #4238)) (not (or #3211 #3584 #3593 #3601 #3609 #3617 #3626 #3634 #3643 #3655 #3681 #3689 #3698 #3707 #3709 #3720 ...)) (not (or #3574 #4253)) (not (or #3574 #3584 #3593 #4261)) (not (or #3574 #3584 #3593 #3601 #4278)) (not (or #3574 #3584 #3593 #3601 #4287)) (not (or #3574 #3584 #3593 #3601 #3609 #3617 #4306)) (not (or #3574 #3584 #3593 #3601 #3609 #3617 #4315)) (not (or #4329 #5052)))
with max_conflicts: 2250
Worker 2 DONE checking cube l_false
Worker 2 found unsat cube
Batch manager backtracking.
(not (= i844 1))

null (o)
  (or (if (or #19089 #18932) (not #18855) (not #18717)) (not (or #18719 #18652 #18316)) (not (or #18664 #18652 #18660 #18674 #18682 #18614 #18627 #18635 #18644 #18576 #18586 #18594 #18603 #18536 #18540 #18549 ...)) (not (or #18719 #18367)) (not (or #18719 #18652 #18660 #18285)) (not (or #18719 #18652 #18660 #18674 #18335)) (not (or #18719 #18652 #18660 #18674 #18271)) (not (or #18719 #18652 #18660 #18674 #18682 #18614 #18191)) (not (or #18719 #18652 #18660 #18674 #18682 #18614 #18199)) (not (or #18208 #21081))) (o)
    (= i844 1) (a)
    (not (= i844 1)) (c)
  (not (or (if #18853 #18270 #18718) (not #18317) (not #18359) (not #18375) (not #18286) (not #18300) (not #18232) (not #18192) (not #18200) (not #21082))) (c)
null (o)
  (or (if (or #19089 #18932) (not #18855) (not #18717)) (not (or #18719 #18652 #18316)) (not (or #18664 #18652 #18660 #18674 #18682 #18614 #18627 #18635 #18644 #18576 #18586 #18594 #18603 #18536 #18540 #18549 ...)) (not (or #18719 #18367)) (not (or #18719 #18652 #18660 #18285)) (not (or #18719 #18652 #18660 #18674 #18335)) (not (or #18719 #18652 #18660 #18674 #18271)) (not (or #18719 #18652 #18660 #18674 #18682 #18614 #18191)) (not (or #18719 #18652 #18660 #18674 #18682 #18614 #18199)) (not (or #18208 #21081))) (o)
    (= i844 1) (a)
    (not (= i844 1)) (c)
  (not (or (if #18853 #18270 #18718) (not #18317) (not #18359) (not #18375) (not #18286) (not #18300) (not #18232) (not #18192) (not #18200) (not #21082))) (c)

Worker 2 CUBE SIZE IN MAIN LOOP: 2
 Checking cube
(= i844 1)
(or (if (or #2478 #2972) (not #3568) (not #3572)) (not (or #3574 #3584 #4238)) (not (or #3211 #3584 #3593 #3601 #3609 #3617 #3626 #3634 #3643 #3655 #3681 #3689 #3698 #3707 #3709 #3720 ...)) (not (or #3574 #4253)) (not (or #3574 #3584 #3593 #4261)) (not (or #3574 #3584 #3593 #3601 #4278)) (not (or #3574 #3584 #3593 #3601 #4287)) (not (or #3574 #3584 #3593 #3601 #3609 #3617 #4306)) (not (or #3574 #3584 #3593 #3601 #3609 #3617 #4315)) (not (or #4329 #5052)))
with max_conflicts: 2250
Worker 1 DONE checking cube l_undef
Worker 1 found undef cube
Batch manager splitting on literal: (= (if (or #18355 #21091 #21058 #21063 #21030 #20929 #20941 #20822 #20790 #20592 #21086 #14346) (if #14209 #13303 467) (if #21090 #13638 224)) 417)
null (o)
  (or (if (or #19089 #18932) (not #18855) (not #18717)) (not (or #18719 #18652 #18316)) (not (or #18664 #18652 #18660 #18674 #18682 #18614 #18627 #18635 #18644 #18576 #18586 #18594 #18603 #18536 #18540 #18549 ...)) (not (or #18719 #18367)) (not (or #18719 #18652 #18660 #18285)) (not (or #18719 #18652 #18660 #18674 #18335)) (not (or #18719 #18652 #18660 #18674 #18271)) (not (or #18719 #18652 #18660 #18674 #18682 #18614 #18191)) (not (or #18719 #18652 #18660 #18674 #18682 #18614 #18199)) (not (or #18208 #21081))) (o)
    (= i844 1) (o)
      (= (if (or #18355 #21091 #21058 #21063 #21030 #20929 #20941 #20822 #20790 #20592 #21086 #14346) (if #14209 #13303 467) (if #21090 #13638 224)) 417) (a)
      (not (= (if #14347 #13304 #13639) 417)) (o)
    (not (= i844 1)) (c)
  (not (or (if #18853 #18270 #18718) (not #18317) (not #18359) (not #18375) (not #18286) (not #18300) (not #18232) (not #18192) (not #18200) (not #21082))) (c)

Worker 1 CUBE SIZE IN MAIN LOOP: 3
 Checking cube
(= (if (or #4240 #4941 #4949 #4953 #4963 #4980 #5012 #5031 #5040 #5048 #5056 #5822) (if #5869 #5897 467) (if #4940 #5858 224)) 417)
(= i844 1)
(or (if (or #2478 #2972) (not #3568) (not #3572)) (not (or #3574 #3584 #4238)) (not (or #3211 #3584 #3593 #3601 #3609 #3617 #3626 #3634 #3643 #3655 #3681 #3689 #3698 #3707 #3709 #3720 ...)) (not (or #3574 #4253)) (not (or #3574 #3584 #3593 #4261)) (not (or #3574 #3584 #3593 #3601 #4278)) (not (or #3574 #3584 #3593 #3601 #4287)) (not (or #3574 #3584 #3593 #3601 #3609 #3617 #4306)) (not (or #3574 #3584 #3593 #3601 #3609 #3617 #4315)) (not (or #4329 #5052)))
with max_conflicts: 3375
Worker 0 DONE checking cube l_undef
Worker 0 found undef cube
Batch manager splitting on literal: (= (if (or #13311 #11758 #11762 #11680 #11688 #11664 #11672 #11657 #11625 #10819 #10722 #10703 #10569 #25649) (if #25669 #25965 467) (if #11757 #25860 224)) 133)
null (o)
  (or (if (or #19089 #18932) (not #18855) (not #18717)) (not (or #18719 #18652 #18316)) (not (or #18664 #18652 #18660 #18674 #18682 #18614 #18627 #18635 #18644 #18576 #18586 #18594 #18603 #18536 #18540 #18549 ...)) (not (or #18719 #18367)) (not (or #18719 #18652 #18660 #18285)) (not (or #18719 #18652 #18660 #18674 #18335)) (not (or #18719 #18652 #18660 #18674 #18271)) (not (or #18719 #18652 #18660 #18674 #18682 #18614 #18191)) (not (or #18719 #18652 #18660 #18674 #18682 #18614 #18199)) (not (or #18208 #21081))) (o)
    (= i844 1) (o)
      (= (if (or #18355 #21091 #21058 #21063 #21030 #20929 #20941 #20822 #20790 #20592 #21086 #14346) (if #14209 #13303 467) (if #21090 #13638 224)) 417) (a)
      (not (= (if #14347 #13304 #13639) 417)) (a)
    (not (= i844 1)) (c)
  (not (or (if #18853 #18270 #18718) (not #18317) (not #18359) (not #18375) (not #18286) (not #18300) (not #18232) (not #18192) (not #18200) (not #21082))) (c)

Worker 0 CUBE SIZE IN MAIN LOOP: 3
 Checking cube
(not (= (if #5823 #5880 #5859) 417))
(= i844 1)
(or (if (or #2478 #2972) (not #3568) (not #3572)) (not (or #3574 #3584 #4238)) (not (or #3211 #3584 #3593 #3601 #3609 #3617 #3626 #3634 #3643 #3655 #3681 #3689 #3698 #3707 #3709 #3720 ...)) (not (or #3574 #4253)) (not (or #3574 #3584 #3593 #4261)) (not (or #3574 #3584 #3593 #3601 #4278)) (not (or #3574 #3584 #3593 #3601 #4287)) (not (or #3574 #3584 #3593 #3601 #3609 #3617 #4306)) (not (or #3574 #3584 #3593 #3601 #3609 #3617 #4315)) (not (or #4329 #5052)))
with max_conflicts: 3375
Worker 1 DONE checking cube l_false
Worker 1 found unsat cube
Batch manager backtracking.
(= (if (or #4240 #4941 #4949 #4953 #4963 #4980 #5012 #5031 #5040 #5048 #5056 #5822) (if #5869 #5897 467) (if #4940 #5858 224)) 417)

null (o)
  (or (if (or #19089 #18932) (not #18855) (not #18717)) (not (or #18719 #18652 #18316)) (not (or #18664 #18652 #18660 #18674 #18682 #18614 #18627 #18635 #18644 #18576 #18586 #18594 #18603 #18536 #18540 #18549 ...)) (not (or #18719 #18367)) (not (or #18719 #18652 #18660 #18285)) (not (or #18719 #18652 #18660 #18674 #18335)) (not (or #18719 #18652 #18660 #18674 #18271)) (not (or #18719 #18652 #18660 #18674 #18682 #18614 #18191)) (not (or #18719 #18652 #18660 #18674 #18682 #18614 #18199)) (not (or #18208 #21081))) (o)
    (= i844 1) (o)
      (= (if (or #18355 #21091 #21058 #21063 #21030 #20929 #20941 #20822 #20790 #20592 #21086 #14346) (if #14209 #13303 467) (if #21090 #13638 224)) 417) (c)
      (not (= (if #14347 #13304 #13639) 417)) (a)
    (not (= i844 1)) (c)
  (not (or (if #18853 #18270 #18718) (not #18317) (not #18359) (not #18375) (not #18286) (not #18300) (not #18232) (not #18192) (not #18200) (not #21082))) (c)
null (o)
  (or (if (or #19089 #18932) (not #18855) (not #18717)) (not (or #18719 #18652 #18316)) (not (or #18664 #18652 #18660 #18674 #18682 #18614 #18627 #18635 #18644 #18576 #18586 #18594 #18603 #18536 #18540 #18549 ...)) (not (or #18719 #18367)) (not (or #18719 #18652 #18660 #18285)) (not (or #18719 #18652 #18660 #18674 #18335)) (not (or #18719 #18652 #18660 #18674 #18271)) (not (or #18719 #18652 #18660 #18674 #18682 #18614 #18191)) (not (or #18719 #18652 #18660 #18674 #18682 #18614 #18199)) (not (or #18208 #21081))) (o)
    (= i844 1) (o)
      (= (if (or #18355 #21091 #21058 #21063 #21030 #20929 #20941 #20822 #20790 #20592 #21086 #14346) (if #14209 #13303 467) (if #21090 #13638 224)) 417) (c)
      (not (= (if #14347 #13304 #13639) 417)) (a)
    (not (= i844 1)) (c)
  (not (or (if #18853 #18270 #18718) (not #18317) (not #18359) (not #18375) (not #18286) (not #18300) (not #18232) (not #18192) (not #18200) (not #21082))) (c)

Worker 1 CUBE SIZE IN MAIN LOOP: 3
 Checking cube
(not (= (if #5823 #5880 #5859) 417))
(= i844 1)
(or (if (or #2478 #2972) (not #3568) (not #3572)) (not (or #3574 #3584 #4238)) (not (or #3211 #3584 #3593 #3601 #3609 #3617 #3626 #3634 #3643 #3655 #3681 #3689 #3698 #3707 #3709 #3720 ...)) (not (or #3574 #4253)) (not (or #3574 #3584 #3593 #4261)) (not (or #3574 #3584 #3593 #3601 #4278)) (not (or #3574 #3584 #3593 #3601 #4287)) (not (or #3574 #3584 #3593 #3601 #3609 #3617 #4306)) (not (or #3574 #3584 #3593 #3601 #3609 #3617 #4315)) (not (or #4329 #5052)))
with max_conflicts: 3375
Worker 3 DONE checking cube l_undef
Worker 3 found undef cube
Batch manager splitting on literal: (or (not (= i844 1)) (= i1041 0) (not (or #4126 #4151 #4182)) (if (or #4126 #4151) (not #19336) (not #19416)) (not (or #4126 #4156 #19417 #19341 #19415 #19345)) (if (or #19340 #19347) (not #19351) (not #19361)) (if (or #19340 #19347) (= #19349 0) (not #19366)) (not (or #4126 #4151 #19339 #19340 #19347 #19334)) (not (or #4126 #4151 #19339 #19334)))
null (o)
  (or (if (or #19089 #18932) (not #18855) (not #18717)) (not (or #18719 #18652 #18316)) (not (or #18664 #18652 #18660 #18674 #18682 #18614 #18627 #18635 #18644 #18576 #18586 #18594 #18603 #18536 #18540 #18549 ...)) (not (or #18719 #18367)) (not (or #18719 #18652 #18660 #18285)) (not (or #18719 #18652 #18660 #18674 #18335)) (not (or #18719 #18652 #18660 #18674 #18271)) (not (or #18719 #18652 #18660 #18674 #18682 #18614 #18191)) (not (or #18719 #18652 #18660 #18674 #18682 #18614 #18199)) (not (or #18208 #21081))) (o)
    (= i844 1) (o)
      (= (if (or #18355 #21091 #21058 #21063 #21030 #20929 #20941 #20822 #20790 #20592 #21086 #14346) (if #14209 #13303 467) (if #21090 #13638 224)) 417) (c)
      (not (= (if #14347 #13304 #13639) 417)) (a)
    (not (= i844 1)) (c)
  (not (or (if #18853 #18270 #18718) (not #18317) (not #18359) (not #18375) (not #18286) (not #18300) (not #18232) (not #18192) (not #18200) (not #21082))) (c)

Worker 3 CUBE SIZE IN MAIN LOOP: 3
 Checking cube
(not (= (if #5823 #5880 #5859) 417))
(= i844 1)
(or (if (or #2478 #2972) (not #3568) (not #3572)) (not (or #3574 #3584 #4238)) (not (or #3211 #3584 #3593 #3601 #3609 #3617 #3626 #3634 #3643 #3655 #3681 #3689 #3698 #3707 #3709 #3720 ...)) (not (or #3574 #4253)) (not (or #3574 #3584 #3593 #4261)) (not (or #3574 #3584 #3593 #3601 #4278)) (not (or #3574 #3584 #3593 #3601 #4287)) (not (or #3574 #3584 #3593 #3601 #3609 #3617 #4306)) (not (or #3574 #3584 #3593 #3601 #3609 #3617 #4315)) (not (or #4329 #5052)))
with max_conflicts: 3375
Worker 2 DONE checking cube l_undef
Worker 2 found undef cube
Batch manager splitting on literal: (or (not (or #19362 #19286 #19227 #19263 #19187 #19259 #19192 #19219 #19211)) (not (or #19362 #19286 #19227 #19263 #19187 #19259 #19192 #19219 #19211 #19123 #19136 #19139 #19060 #19065 #19069 #19106 ...)) (not (or #4126 #4151 #19339 #19340 #19347 #19362 #19281 #19334 #19286 #19323 #19319 #19305 #19227 #19315 #19313 #19270 ...)) (not (or #4126 #4151 #19339 #19340 #19347 #19362 #19281 #19334 #19286 #19323 #19319 #19305 #19227 #19315 #19313 #19270 ...)) (not (or #4126 #4151 #19339 #19340 #19347 #19362 #19281 #19334 #19286 #19323 #19319 #19305 #19227 #19315 #19313 #19270 ...)) (not (or #19192 #19123 #19004)) (not (or #19192 #19123 #19136 #19008)) (not (or #19192 #19123 #19136 #19013)) (not (or #19018 #18875)))
null (o)
  (or (if (or #19089 #18932) (not #18855) (not #18717)) (not (or #18719 #18652 #18316)) (not (or #18664 #18652 #18660 #18674 #18682 #18614 #18627 #18635 #18644 #18576 #18586 #18594 #18603 #18536 #18540 #18549 ...)) (not (or #18719 #18367)) (not (or #18719 #18652 #18660 #18285)) (not (or #18719 #18652 #18660 #18674 #18335)) (not (or #18719 #18652 #18660 #18674 #18271)) (not (or #18719 #18652 #18660 #18674 #18682 #18614 #18191)) (not (or #18719 #18652 #18660 #18674 #18682 #18614 #18199)) (not (or #18208 #21081))) (o)
    (= i844 1) (o)
      (= (if (or #18355 #21091 #21058 #21063 #21030 #20929 #20941 #20822 #20790 #20592 #21086 #14346) (if #14209 #13303 467) (if #21090 #13638 224)) 417) (c)
      (not (= (if #14347 #13304 #13639) 417)) (a)
    (not (= i844 1)) (c)
  (not (or (if #18853 #18270 #18718) (not #18317) (not #18359) (not #18375) (not #18286) (not #18300) (not #18232) (not #18192) (not #18200) (not #21082))) (c)

Worker 2 CUBE SIZE IN MAIN LOOP: 3
 Checking cube
(not (= (if #5823 #5880 #5859) 417))
(= i844 1)
(or (if (or #2478 #2972) (not #3568) (not #3572)) (not (or #3574 #3584 #4238)) (not (or #3211 #3584 #3593 #3601 #3609 #3617 #3626 #3634 #3643 #3655 #3681 #3689 #3698 #3707 #3709 #3720 ...)) (not (or #3574 #4253)) (not (or #3574 #3584 #3593 #4261)) (not (or #3574 #3584 #3593 #3601 #4278)) (not (or #3574 #3584 #3593 #3601 #4287)) (not (or #3574 #3584 #3593 #3601 #3609 #3617 #4306)) (not (or #3574 #3584 #3593 #3601 #3609 #3617 #4315)) (not (or #4329 #5052)))
with max_conflicts: 3375
Worker 3 DONE checking cube l_false
Worker 3 found unsat cube
Batch manager backtracking.
(or (if (or #2478 #2972) (not #3568) (not #3572)) (not (or #3574 #3584 #4238)) (not (or #3211 #3584 #3593 #3601 #3609 #3617 #3626 #3634 #3643 #3655 #3681 #3689 #3698 #3707 #3709 #3720 ...)) (not (or #3574 #4253)) (not (or #3574 #3584 #3593 #4261)) (not (or #3574 #3584 #3593 #3601 #4278)) (not (or #3574 #3584 #3593 #3601 #4287)) (not (or #3574 #3584 #3593 #3601 #3609 #3617 #4306)) (not (or #3574 #3584 #3593 #3601 #3609 #3617 #4315)) (not (or #4329 #5052)))

null (c)
  (or (if (or #19089 #18932) (not #18855) (not #18717)) (not (or #18719 #18652 #18316)) (not (or #18664 #18652 #18660 #18674 #18682 #18614 #18627 #18635 #18644 #18576 #18586 #18594 #18603 #18536 #18540 #18549 ...)) (not (or #18719 #18367)) (not (or #18719 #18652 #18660 #18285)) (not (or #18719 #18652 #18660 #18674 #18335)) (not (or #18719 #18652 #18660 #18674 #18271)) (not (or #18719 #18652 #18660 #18674 #18682 #18614 #18191)) (not (or #18719 #18652 #18660 #18674 #18682 #18614 #18199)) (not (or #18208 #21081))) (c)
    (= i844 1) (c)
      (= (if (or #18355 #21091 #21058 #21063 #21030 #20929 #20941 #20822 #20790 #20592 #21086 #14346) (if #14209 #13303 467) (if #21090 #13638 224)) 417) (c)
      (not (= (if #14347 #13304 #13639) 417)) (c)
    (not (= i844 1)) (c)
  (not (or (if #18853 #18270 #18718) (not #18317) (not #18359) (not #18375) (not #18286) (not #18300) (not #18232) (not #18192) (not #18200) (not #21082))) (c)
Canceling workers
Worker 0 canceling
Worker 1 canceling
Worker 2 canceling
Worker 0 DONE checking cube l_undef
Worker 3 canceling
all done
Worker 1 DONE checking cube l_undef
Worker 3 no more cubes
Batch manager setting exception msg: context cancelled.
Worker 2 DONE checking cube l_undef
Batch manager setting exception msg: context cancelled.
Batch manager setting exception msg: context cancelled.
unsat
(:added-eqs                   1508749
 :arith-eq-adapter            3456
 :arith-bound-propagations-lp 177106
 :arith-conflicts             603
 :arith-diseq                 119604
 :arith-fixed-eqs             185675
 :arith-lower                 113453
 :arith-make-feasible         55490
 :arith-max-columns           1665
 :arith-max-rows              685
 :arith-offset-eqs            53844
 :arith-upper                 187309
 :binary-propagations         4185369
 :conflicts                   25315
 :decisions                   568719
 :del-clause                  21686
 :max-memory                  113.74
 :memory                      19.17
 :minimized-lits              143117
 :mk-bool-var                 23152
 :mk-clause                   39215
 :mk-clause-binary            61176
 :num-allocs                  57827724
 :num-checks                  20
 :parallel-max-cube-size      3
 :parallel-num_cubes          12
 :propagations                6157619
 :restarts                    216
 :rlimit-count                17519654
 :time                        0.75
 :total-time                  2.71)
