Worker 0 created with 0 assumptions
Worker 1 created with 0 assumptions
Worker 2 created with 0 assumptions
Worker 3 created with 0 assumptions
null (a)

Worker 1 CUBE SIZE IN MAIN LOOP: 0
 Checking cube
with max_conflicts: 1000
null (a)

Worker 0 CUBE SIZE IN MAIN LOOP: 0
 Checking cube
with max_conflicts: 1000
null (a)

Worker 2 CUBE SIZE IN MAIN LOOP: 0
 Checking cube
with max_conflicts: 1000
null (a)

Worker 3 CUBE SIZE IN MAIN LOOP: 0
 Checking cube
with max_conflicts: 1000
Worker 2 DONE checking cube l_undef
Worker 2 found undef cube
Batch manager splitting on literal: (or (not (or #18719 #18652 #18316)) (not (or #18719 #18281 #18355 #18284 #18290 #18331 #18236 #18264 #18241 #18253 #18219 #18141 #18209 #18221 #18188 #18165 ...)) (not (or #18355 #21089)) (not (or #18719 #18281 #18284 #18290 #18331 #18236 #18264 #18241 #18253 #18219 #18141 #18209 #18221 #18188 #18165 #18168 ...)) (not (or #18719 #18355 #18284 #21061)) (not (or #18719 #18355 #18284 #18290 #20959)) (not (or #18719 #18355 #18284 #18290 #20971)) (not (or #18719 #18355 #18284 #18290 #18331 #18236 #20908)) (not (or #18719 #18355 #18284 #18290 #18331 #18236 #20821)) (not (or #20790 #15866)))
null (o)
  (or (not (or #18719 #18652 #18316)) (not (or #18719 #18281 #18355 #18284 #18290 #18331 #18236 #18264 #18241 #18253 #18219 #18141 #18209 #18221 #18188 #18165 ...)) (not (or #18355 #21089)) (not (or #18719 #18281 #18284 #18290 #18331 #18236 #18264 #18241 #18253 #18219 #18141 #18209 #18221 #18188 #18165 #18168 ...)) (not (or #18719 #18355 #18284 #21061)) (not (or #18719 #18355 #18284 #18290 #20959)) (not (or #18719 #18355 #18284 #18290 #20971)) (not (or #18719 #18355 #18284 #18290 #18331 #18236 #20908)) (not (or #18719 #18355 #18284 #18290 #18331 #18236 #20821)) (not (or #20790 #15866))) (a)
  (not (or (not #18317) (not #21079) (not #21090) (not #21051) (not #21062) (not #20961) (not #20929) (not #20909) (not #20822) (not #15867))) (o)

Worker 2 CUBE SIZE IN MAIN LOOP: 1
 Checking cube
(or (not (or #3574 #3584 #4238)) (not (or #3574 #3865 #4240 #4245 #4255 #4263 #4280 #4289 #4308 #4317 #4329 #4354 #4362 #4371 #4380 #4389 ...)) (not (or #4240 #4947)) (not (or #3574 #3865 #4245 #4255 #4263 #4280 #4289 #4308 #4317 #4329 #4354 #4362 #4371 #4380 #4389 #4403 ...)) (not (or #3574 #4240 #4245 #4961)) (not (or #3574 #4240 #4245 #4255 #4978)) (not (or #3574 #4240 #4245 #4255 #4992)) (not (or #3574 #4240 #4245 #4255 #4263 #4280 #5029)) (not (or #3574 #4240 #4245 #4255 #4263 #4280 #5036)) (not (or #5048 #5763)))
with max_conflicts: 1500
Worker 0 DONE checking cube l_undef
Worker 0 found undef cube
Batch manager splitting on literal: (<= (+ (if #4125 143 0) (* -1 #4566)) 0)
null (o)
  (or (not (or #18719 #18652 #18316)) (not (or #18719 #18281 #18355 #18284 #18290 #18331 #18236 #18264 #18241 #18253 #18219 #18141 #18209 #18221 #18188 #18165 ...)) (not (or #18355 #21089)) (not (or #18719 #18281 #18284 #18290 #18331 #18236 #18264 #18241 #18253 #18219 #18141 #18209 #18221 #18188 #18165 #18168 ...)) (not (or #18719 #18355 #18284 #21061)) (not (or #18719 #18355 #18284 #18290 #20959)) (not (or #18719 #18355 #18284 #18290 #20971)) (not (or #18719 #18355 #18284 #18290 #18331 #18236 #20908)) (not (or #18719 #18355 #18284 #18290 #18331 #18236 #20821)) (not (or #20790 #15866))) (a)
  (not (or (not #18317) (not #21079) (not #21090) (not #21051) (not #21062) (not #20961) (not #20929) (not #20909) (not #20822) (not #15867))) (a)

Worker 0 CUBE SIZE IN MAIN LOOP: 1
 Checking cube
(not (or (not #4239) (not #4940) (not #4948) (not #4952) (not #4962) (not #4979) (not #5011) (not #5030) (not #5039) (not #5764)))
with max_conflicts: 1500
Worker 0 DONE checking cube l_false
Worker 0 found unsat cube
Batch manager backtracking.
(not (or (not #4239) (not #4940) (not #4948) (not #4952) (not #4962) (not #4979) (not #5011) (not #5030) (not #5039) (not #5764)))

null (o)
  (or (not (or #18719 #18652 #18316)) (not (or #18719 #18281 #18355 #18284 #18290 #18331 #18236 #18264 #18241 #18253 #18219 #18141 #18209 #18221 #18188 #18165 ...)) (not (or #18355 #21089)) (not (or #18719 #18281 #18284 #18290 #18331 #18236 #18264 #18241 #18253 #18219 #18141 #18209 #18221 #18188 #18165 #18168 ...)) (not (or #18719 #18355 #18284 #21061)) (not (or #18719 #18355 #18284 #18290 #20959)) (not (or #18719 #18355 #18284 #18290 #20971)) (not (or #18719 #18355 #18284 #18290 #18331 #18236 #20908)) (not (or #18719 #18355 #18284 #18290 #18331 #18236 #20821)) (not (or #20790 #15866))) (a)
  (not (or (not #18317) (not #21079) (not #21090) (not #21051) (not #21062) (not #20961) (not #20929) (not #20909) (not #20822) (not #15867))) (c)
null (o)
  (or (not (or #18719 #18652 #18316)) (not (or #18719 #18281 #18355 #18284 #18290 #18331 #18236 #18264 #18241 #18253 #18219 #18141 #18209 #18221 #18188 #18165 ...)) (not (or #18355 #21089)) (not (or #18719 #18281 #18284 #18290 #18331 #18236 #18264 #18241 #18253 #18219 #18141 #18209 #18221 #18188 #18165 #18168 ...)) (not (or #18719 #18355 #18284 #21061)) (not (or #18719 #18355 #18284 #18290 #20959)) (not (or #18719 #18355 #18284 #18290 #20971)) (not (or #18719 #18355 #18284 #18290 #18331 #18236 #20908)) (not (or #18719 #18355 #18284 #18290 #18331 #18236 #20821)) (not (or #20790 #15866))) (a)
  (not (or (not #18317) (not #21079) (not #21090) (not #21051) (not #21062) (not #20961) (not #20929) (not #20909) (not #20822) (not #15867))) (c)

Worker 0 CUBE SIZE IN MAIN LOOP: 1
 Checking cube
(or (not (or #3574 #3584 #4238)) (not (or #3574 #3865 #4240 #4245 #4255 #4263 #4280 #4289 #4308 #4317 #4329 #4354 #4362 #4371 #4380 #4389 ...)) (not (or #4240 #4947)) (not (or #3574 #3865 #4245 #4255 #4263 #4280 #4289 #4308 #4317 #4329 #4354 #4362 #4371 #4380 #4389 #4403 ...)) (not (or #3574 #4240 #4245 #4961)) (not (or #3574 #4240 #4245 #4255 #4978)) (not (or #3574 #4240 #4245 #4255 #4992)) (not (or #3574 #4240 #4245 #4255 #4263 #4280 #5029)) (not (or #3574 #4240 #4245 #4255 #4263 #4280 #5036)) (not (or #5048 #5763)))
with max_conflicts: 1500
Worker 1 DONE checking cube l_undef
Worker 1 found undef cube
Batch manager splitting on literal: (<= (+ (if #4125 143 0) (* -1 #4566)) 0)
null (o)
  (or (not (or #18719 #18652 #18316)) (not (or #18719 #18281 #18355 #18284 #18290 #18331 #18236 #18264 #18241 #18253 #18219 #18141 #18209 #18221 #18188 #18165 ...)) (not (or #18355 #21089)) (not (or #18719 #18281 #18284 #18290 #18331 #18236 #18264 #18241 #18253 #18219 #18141 #18209 #18221 #18188 #18165 #18168 ...)) (not (or #18719 #18355 #18284 #21061)) (not (or #18719 #18355 #18284 #18290 #20959)) (not (or #18719 #18355 #18284 #18290 #20971)) (not (or #18719 #18355 #18284 #18290 #18331 #18236 #20908)) (not (or #18719 #18355 #18284 #18290 #18331 #18236 #20821)) (not (or #20790 #15866))) (a)
  (not (or (not #18317) (not #21079) (not #21090) (not #21051) (not #21062) (not #20961) (not #20929) (not #20909) (not #20822) (not #15867))) (c)

Worker 1 CUBE SIZE IN MAIN LOOP: 1
 Checking cube
(or (not (or #3574 #3584 #4238)) (not (or #3574 #3865 #4240 #4245 #4255 #4263 #4280 #4289 #4308 #4317 #4329 #4354 #4362 #4371 #4380 #4389 ...)) (not (or #4240 #4947)) (not (or #3574 #3865 #4245 #4255 #4263 #4280 #4289 #4308 #4317 #4329 #4354 #4362 #4371 #4380 #4389 #4403 ...)) (not (or #3574 #4240 #4245 #4961)) (not (or #3574 #4240 #4245 #4255 #4978)) (not (or #3574 #4240 #4245 #4255 #4992)) (not (or #3574 #4240 #4245 #4255 #4263 #4280 #5029)) (not (or #3574 #4240 #4245 #4255 #4263 #4280 #5036)) (not (or #5048 #5763)))
with max_conflicts: 1500
Worker 3 DONE checking cube l_undef
Worker 3 found undef cube
Batch manager splitting on literal: (= i844 1)
null (o)
  (or (not (or #18719 #18652 #18316)) (not (or #18719 #18281 #18355 #18284 #18290 #18331 #18236 #18264 #18241 #18253 #18219 #18141 #18209 #18221 #18188 #18165 ...)) (not (or #18355 #21089)) (not (or #18719 #18281 #18284 #18290 #18331 #18236 #18264 #18241 #18253 #18219 #18141 #18209 #18221 #18188 #18165 #18168 ...)) (not (or #18719 #18355 #18284 #21061)) (not (or #18719 #18355 #18284 #18290 #20959)) (not (or #18719 #18355 #18284 #18290 #20971)) (not (or #18719 #18355 #18284 #18290 #18331 #18236 #20908)) (not (or #18719 #18355 #18284 #18290 #18331 #18236 #20821)) (not (or #20790 #15866))) (a)
  (not (or (not #18317) (not #21079) (not #21090) (not #21051) (not #21062) (not #20961) (not #20929) (not #20909) (not #20822) (not #15867))) (c)

Worker 3 CUBE SIZE IN MAIN LOOP: 1
 Checking cube
(or (not (or #3574 #3584 #4238)) (not (or #3574 #3865 #4240 #4245 #4255 #4263 #4280 #4289 #4308 #4317 #4329 #4354 #4362 #4371 #4380 #4389 ...)) (not (or #4240 #4947)) (not (or #3574 #3865 #4245 #4255 #4263 #4280 #4289 #4308 #4317 #4329 #4354 #4362 #4371 #4380 #4389 #4403 ...)) (not (or #3574 #4240 #4245 #4961)) (not (or #3574 #4240 #4245 #4255 #4978)) (not (or #3574 #4240 #4245 #4255 #4992)) (not (or #3574 #4240 #4245 #4255 #4263 #4280 #5029)) (not (or #3574 #4240 #4245 #4255 #4263 #4280 #5036)) (not (or #5048 #5763)))
with max_conflicts: 1500
Worker 2 DONE checking cube l_undef
Worker 2 found undef cube
Batch manager splitting on literal: (= i844 1)
null (o)
  (or (not (or #18719 #18652 #18316)) (not (or #18719 #18281 #18355 #18284 #18290 #18331 #18236 #18264 #18241 #18253 #18219 #18141 #18209 #18221 #18188 #18165 ...)) (not (or #18355 #21089)) (not (or #18719 #18281 #18284 #18290 #18331 #18236 #18264 #18241 #18253 #18219 #18141 #18209 #18221 #18188 #18165 #18168 ...)) (not (or #18719 #18355 #18284 #21061)) (not (or #18719 #18355 #18284 #18290 #20959)) (not (or #18719 #18355 #18284 #18290 #20971)) (not (or #18719 #18355 #18284 #18290 #18331 #18236 #20908)) (not (or #18719 #18355 #18284 #18290 #18331 #18236 #20821)) (not (or #20790 #15866))) (o)
    (= i844 1) (o)
    (not (= i844 1)) (a)
  (not (or (not #18317) (not #21079) (not #21090) (not #21051) (not #21062) (not #20961) (not #20929) (not #20909) (not #20822) (not #15867))) (c)

Worker 2 CUBE SIZE IN MAIN LOOP: 2
 Checking cube
(not (= i844 1))
(or (not (or #3574 #3584 #4238)) (not (or #3574 #3865 #4240 #4245 #4255 #4263 #4280 #4289 #4308 #4317 #4329 #4354 #4362 #4371 #4380 #4389 ...)) (not (or #4240 #4947)) (not (or #3574 #3865 #4245 #4255 #4263 #4280 #4289 #4308 #4317 #4329 #4354 #4362 #4371 #4380 #4389 #4403 ...)) (not (or #3574 #4240 #4245 #4961)) (not (or #3574 #4240 #4245 #4255 #4978)) (not (or #3574 #4240 #4245 #4255 #4992)) (not (or #3574 #4240 #4245 #4255 #4263 #4280 #5029)) (not (or #3574 #4240 #4245 #4255 #4263 #4280 #5036)) (not (or #5048 #5763)))
with max_conflicts: 2250
Worker 1 DONE checking cube l_undef
Worker 1 found undef cube
Batch manager splitting on literal: (= i844 1)
null (o)
  (or (not (or #18719 #18652 #18316)) (not (or #18719 #18281 #18355 #18284 #18290 #18331 #18236 #18264 #18241 #18253 #18219 #18141 #18209 #18221 #18188 #18165 ...)) (not (or #18355 #21089)) (not (or #18719 #18281 #18284 #18290 #18331 #18236 #18264 #18241 #18253 #18219 #18141 #18209 #18221 #18188 #18165 #18168 ...)) (not (or #18719 #18355 #18284 #21061)) (not (or #18719 #18355 #18284 #18290 #20959)) (not (or #18719 #18355 #18284 #18290 #20971)) (not (or #18719 #18355 #18284 #18290 #18331 #18236 #20908)) (not (or #18719 #18355 #18284 #18290 #18331 #18236 #20821)) (not (or #20790 #15866))) (o)
    (= i844 1) (a)
    (not (= i844 1)) (a)
  (not (or (not #18317) (not #21079) (not #21090) (not #21051) (not #21062) (not #20961) (not #20929) (not #20909) (not #20822) (not #15867))) (c)

Worker 1 CUBE SIZE IN MAIN LOOP: 2
 Checking cube
(= i844 1)
(or (not (or #3574 #3584 #4238)) (not (or #3574 #3865 #4240 #4245 #4255 #4263 #4280 #4289 #4308 #4317 #4329 #4354 #4362 #4371 #4380 #4389 ...)) (not (or #4240 #4947)) (not (or #3574 #3865 #4245 #4255 #4263 #4280 #4289 #4308 #4317 #4329 #4354 #4362 #4371 #4380 #4389 #4403 ...)) (not (or #3574 #4240 #4245 #4961)) (not (or #3574 #4240 #4245 #4255 #4978)) (not (or #3574 #4240 #4245 #4255 #4992)) (not (or #3574 #4240 #4245 #4255 #4263 #4280 #5029)) (not (or #3574 #4240 #4245 #4255 #4263 #4280 #5036)) (not (or #5048 #5763)))
with max_conflicts: 2250
Worker 0 DONE checking cube l_undef
Worker 0 found undef cube
Batch manager splitting on literal: (if (or (if #4152 #19337 #19339) (not #19414)) (not (= #19349 0)) (not (or #4126 #4156 #4192 #19340 #19341 #19415 #19345 #19353 #19356 #19359)))
null (o)
  (or (not (or #18719 #18652 #18316)) (not (or #18719 #18281 #18355 #18284 #18290 #18331 #18236 #18264 #18241 #18253 #18219 #18141 #18209 #18221 #18188 #18165 ...)) (not (or #18355 #21089)) (not (or #18719 #18281 #18284 #18290 #18331 #18236 #18264 #18241 #18253 #18219 #18141 #18209 #18221 #18188 #18165 #18168 ...)) (not (or #18719 #18355 #18284 #21061)) (not (or #18719 #18355 #18284 #18290 #20959)) (not (or #18719 #18355 #18284 #18290 #20971)) (not (or #18719 #18355 #18284 #18290 #18331 #18236 #20908)) (not (or #18719 #18355 #18284 #18290 #18331 #18236 #20821)) (not (or #20790 #15866))) (o)
    (= i844 1) (a)
    (not (= i844 1)) (a)
  (not (or (not #18317) (not #21079) (not #21090) (not #21051) (not #21062) (not #20961) (not #20929) (not #20909) (not #20822) (not #15867))) (c)

Worker 0 CUBE SIZE IN MAIN LOOP: 2
 Checking cube
(= i844 1)
(or (not (or #3574 #3584 #4238)) (not (or #3574 #3865 #4240 #4245 #4255 #4263 #4280 #4289 #4308 #4317 #4329 #4354 #4362 #4371 #4380 #4389 ...)) (not (or #4240 #4947)) (not (or #3574 #3865 #4245 #4255 #4263 #4280 #4289 #4308 #4317 #4329 #4354 #4362 #4371 #4380 #4389 #4403 ...)) (not (or #3574 #4240 #4245 #4961)) (not (or #3574 #4240 #4245 #4255 #4978)) (not (or #3574 #4240 #4245 #4255 #4992)) (not (or #3574 #4240 #4245 #4255 #4263 #4280 #5029)) (not (or #3574 #4240 #4245 #4255 #4263 #4280 #5036)) (not (or #5048 #5763)))
with max_conflicts: 2250
Worker 2 DONE checking cube l_false
Worker 2 found unsat cube
Batch manager backtracking.
(not (= i844 1))

null (o)
  (or (not (or #18719 #18652 #18316)) (not (or #18719 #18281 #18355 #18284 #18290 #18331 #18236 #18264 #18241 #18253 #18219 #18141 #18209 #18221 #18188 #18165 ...)) (not (or #18355 #21089)) (not (or #18719 #18281 #18284 #18290 #18331 #18236 #18264 #18241 #18253 #18219 #18141 #18209 #18221 #18188 #18165 #18168 ...)) (not (or #18719 #18355 #18284 #21061)) (not (or #18719 #18355 #18284 #18290 #20959)) (not (or #18719 #18355 #18284 #18290 #20971)) (not (or #18719 #18355 #18284 #18290 #18331 #18236 #20908)) (not (or #18719 #18355 #18284 #18290 #18331 #18236 #20821)) (not (or #20790 #15866))) (o)
    (= i844 1) (a)
    (not (= i844 1)) (c)
  (not (or (not #18317) (not #21079) (not #21090) (not #21051) (not #21062) (not #20961) (not #20929) (not #20909) (not #20822) (not #15867))) (c)
null (o)
  (or (not (or #18719 #18652 #18316)) (not (or #18719 #18281 #18355 #18284 #18290 #18331 #18236 #18264 #18241 #18253 #18219 #18141 #18209 #18221 #18188 #18165 ...)) (not (or #18355 #21089)) (not (or #18719 #18281 #18284 #18290 #18331 #18236 #18264 #18241 #18253 #18219 #18141 #18209 #18221 #18188 #18165 #18168 ...)) (not (or #18719 #18355 #18284 #21061)) (not (or #18719 #18355 #18284 #18290 #20959)) (not (or #18719 #18355 #18284 #18290 #20971)) (not (or #18719 #18355 #18284 #18290 #18331 #18236 #20908)) (not (or #18719 #18355 #18284 #18290 #18331 #18236 #20821)) (not (or #20790 #15866))) (o)
    (= i844 1) (a)
    (not (= i844 1)) (c)
  (not (or (not #18317) (not #21079) (not #21090) (not #21051) (not #21062) (not #20961) (not #20929) (not #20909) (not #20822) (not #15867))) (c)

Worker 2 CUBE SIZE IN MAIN LOOP: 2
 Checking cube
(= i844 1)
(or (not (or #3574 #3584 #4238)) (not (or #3574 #3865 #4240 #4245 #4255 #4263 #4280 #4289 #4308 #4317 #4329 #4354 #4362 #4371 #4380 #4389 ...)) (not (or #4240 #4947)) (not (or #3574 #3865 #4245 #4255 #4263 #4280 #4289 #4308 #4317 #4329 #4354 #4362 #4371 #4380 #4389 #4403 ...)) (not (or #3574 #4240 #4245 #4961)) (not (or #3574 #4240 #4245 #4255 #4978)) (not (or #3574 #4240 #4245 #4255 #4992)) (not (or #3574 #4240 #4245 #4255 #4263 #4280 #5029)) (not (or #3574 #4240 #4245 #4255 #4263 #4280 #5036)) (not (or #5048 #5763)))
with max_conflicts: 2250
Worker 3 DONE checking cube l_undef
Worker 3 found undef cube
Batch manager splitting on literal: (= i844 1)
null (o)
  (or (not (or #18719 #18652 #18316)) (not (or #18719 #18281 #18355 #18284 #18290 #18331 #18236 #18264 #18241 #18253 #18219 #18141 #18209 #18221 #18188 #18165 ...)) (not (or #18355 #21089)) (not (or #18719 #18281 #18284 #18290 #18331 #18236 #18264 #18241 #18253 #18219 #18141 #18209 #18221 #18188 #18165 #18168 ...)) (not (or #18719 #18355 #18284 #21061)) (not (or #18719 #18355 #18284 #18290 #20959)) (not (or #18719 #18355 #18284 #18290 #20971)) (not (or #18719 #18355 #18284 #18290 #18331 #18236 #20908)) (not (or #18719 #18355 #18284 #18290 #18331 #18236 #20821)) (not (or #20790 #15866))) (o)
    (= i844 1) (a)
    (not (= i844 1)) (c)
  (not (or (not #18317) (not #21079) (not #21090) (not #21051) (not #21062) (not #20961) (not #20929) (not #20909) (not #20822) (not #15867))) (c)

Worker 3 CUBE SIZE IN MAIN LOOP: 2
 Checking cube
(= i844 1)
(or (not (or #3574 #3584 #4238)) (not (or #3574 #3865 #4240 #4245 #4255 #4263 #4280 #4289 #4308 #4317 #4329 #4354 #4362 #4371 #4380 #4389 ...)) (not (or #4240 #4947)) (not (or #3574 #3865 #4245 #4255 #4263 #4280 #4289 #4308 #4317 #4329 #4354 #4362 #4371 #4380 #4389 #4403 ...)) (not (or #3574 #4240 #4245 #4961)) (not (or #3574 #4240 #4245 #4255 #4978)) (not (or #3574 #4240 #4245 #4255 #4992)) (not (or #3574 #4240 #4245 #4255 #4263 #4280 #5029)) (not (or #3574 #4240 #4245 #4255 #4263 #4280 #5036)) (not (or #5048 #5763)))
with max_conflicts: 2250
Worker 0 DONE checking cube l_undef
Worker 0 found undef cube
Batch manager splitting on literal: (or (not (= i844 1)) (= i1041 0) (not (or #4126 #4151 #4182)) (if (or #4126 #4151) (not #19336) (not #19416)) (not (or #4126 #4156 #19417 #19341 #19415 #19345)) (if (or #19340 #19347) (not #19351) (not #19361)) (if (or #19340 #19347) (= #19349 0) (not #19366)) (not (or #4126 #4151 #19339 #19340 #19347 #19334)) (not (or #4126 #4151 #19339 #19334)))
null (o)
  (or (not (or #18719 #18652 #18316)) (not (or #18719 #18281 #18355 #18284 #18290 #18331 #18236 #18264 #18241 #18253 #18219 #18141 #18209 #18221 #18188 #18165 ...)) (not (or #18355 #21089)) (not (or #18719 #18281 #18284 #18290 #18331 #18236 #18264 #18241 #18253 #18219 #18141 #18209 #18221 #18188 #18165 #18168 ...)) (not (or #18719 #18355 #18284 #21061)) (not (or #18719 #18355 #18284 #18290 #20959)) (not (or #18719 #18355 #18284 #18290 #20971)) (not (or #18719 #18355 #18284 #18290 #18331 #18236 #20908)) (not (or #18719 #18355 #18284 #18290 #18331 #18236 #20821)) (not (or #20790 #15866))) (o)
    (= i844 1) (o)
      (or (not (= i844 1)) (= i1041 0) (not (or #4126 #4151 #4182)) (if (or #4126 #4151) (not #19336) (not #19416)) (not (or #4126 #4156 #19417 #19341 #19415 #19345)) (if (or #19340 #19347) (not #19351) (not #19361)) (if (or #19340 #19347) (= #19349 0) (not #19366)) (not (or #4126 #4151 #19339 #19340 #19347 #19334)) (not (or #4126 #4151 #19339 #19334))) (a)
      (not (or (not #4125) (= i1041 0) (not #19416) (if #4152 #19337 #19339) (not #19414) (if #19348 #19412 #19410) (if #19348 #19351 #19327) (not #19282) (not #19338))) (o)
    (not (= i844 1)) (c)
  (not (or (not #18317) (not #21079) (not #21090) (not #21051) (not #21062) (not #20961) (not #20929) (not #20909) (not #20822) (not #15867))) (c)

Worker 0 CUBE SIZE IN MAIN LOOP: 3
 Checking cube
(or (not (= i844 1)) (= i1041 0) (not (or #28 #30 #37)) (if (or #28 #30) (not #1502) (not #1498)) (not (or #28 #32 #1501 #1506 #1508 #1510)) (if (or #1504 #1788) (not #1792) (not #1801)) (if (or #1504 #1788) (= #1791 0) (not #1817)) (not (or #28 #30 #1499 #1504 #1788 #1822)) (not (or #28 #30 #1499 #1822)))
(= i844 1)
(or (not (or #3574 #3584 #4238)) (not (or #3574 #3865 #4240 #4245 #4255 #4263 #4280 #4289 #4308 #4317 #4329 #4354 #4362 #4371 #4380 #4389 ...)) (not (or #4240 #4947)) (not (or #3574 #3865 #4245 #4255 #4263 #4280 #4289 #4308 #4317 #4329 #4354 #4362 #4371 #4380 #4389 #4403 ...)) (not (or #3574 #4240 #4245 #4961)) (not (or #3574 #4240 #4245 #4255 #4978)) (not (or #3574 #4240 #4245 #4255 #4992)) (not (or #3574 #4240 #4245 #4255 #4263 #4280 #5029)) (not (or #3574 #4240 #4245 #4255 #4263 #4280 #5036)) (not (or #5048 #5763)))
with max_conflicts: 3375
Worker 1 DONE checking cube l_undef
Worker 1 found undef cube
Batch manager splitting on literal: (or (not (= i844 1)) (= i1041 0) (not (or #4126 #4151 #4182)) (if (or #4126 #4151) (not #19336) (not #19416)) (not (or #4126 #4156 #19417 #19341 #19415 #19345)) (if (or #19340 #19347) (not #19351) (not #19361)) (if (or #19340 #19347) (= #19349 0) (not #19366)) (not (or #4126 #4151 #19339 #19340 #19347 #19334)) (not (or #4126 #4151 #19339 #19334)))
null (o)
  (or (not (or #18719 #18652 #18316)) (not (or #18719 #18281 #18355 #18284 #18290 #18331 #18236 #18264 #18241 #18253 #18219 #18141 #18209 #18221 #18188 #18165 ...)) (not (or #18355 #21089)) (not (or #18719 #18281 #18284 #18290 #18331 #18236 #18264 #18241 #18253 #18219 #18141 #18209 #18221 #18188 #18165 #18168 ...)) (not (or #18719 #18355 #18284 #21061)) (not (or #18719 #18355 #18284 #18290 #20959)) (not (or #18719 #18355 #18284 #18290 #20971)) (not (or #18719 #18355 #18284 #18290 #18331 #18236 #20908)) (not (or #18719 #18355 #18284 #18290 #18331 #18236 #20821)) (not (or #20790 #15866))) (o)
    (= i844 1) (o)
      (or (not (= i844 1)) (= i1041 0) (not (or #4126 #4151 #4182)) (if (or #4126 #4151) (not #19336) (not #19416)) (not (or #4126 #4156 #19417 #19341 #19415 #19345)) (if (or #19340 #19347) (not #19351) (not #19361)) (if (or #19340 #19347) (= #19349 0) (not #19366)) (not (or #4126 #4151 #19339 #19340 #19347 #19334)) (not (or #4126 #4151 #19339 #19334))) (a)
      (not (or (not #4125) (= i1041 0) (not #19416) (if #4152 #19337 #19339) (not #19414) (if #19348 #19412 #19410) (if #19348 #19351 #19327) (not #19282) (not #19338))) (a)
    (not (= i844 1)) (c)
  (not (or (not #18317) (not #21079) (not #21090) (not #21051) (not #21062) (not #20961) (not #20929) (not #20909) (not #20822) (not #15867))) (c)

Worker 1 CUBE SIZE IN MAIN LOOP: 3
 Checking cube
(not (or (not #27) (= i1041 0) (not #1498) (if #31 #1503 #1499) (not #1787) (if #1789 #1793 #1802) (if #1789 #1792 #1818) (not #1823) (not #1825)))
(= i844 1)
(or (not (or #3574 #3584 #4238)) (not (or #3574 #3865 #4240 #4245 #4255 #4263 #4280 #4289 #4308 #4317 #4329 #4354 #4362 #4371 #4380 #4389 ...)) (not (or #4240 #4947)) (not (or #3574 #3865 #4245 #4255 #4263 #4280 #4289 #4308 #4317 #4329 #4354 #4362 #4371 #4380 #4389 #4403 ...)) (not (or #3574 #4240 #4245 #4961)) (not (or #3574 #4240 #4245 #4255 #4978)) (not (or #3574 #4240 #4245 #4255 #4992)) (not (or #3574 #4240 #4245 #4255 #4263 #4280 #5029)) (not (or #3574 #4240 #4245 #4255 #4263 #4280 #5036)) (not (or #5048 #5763)))
with max_conflicts: 3375
Worker 2 DONE checking cube l_undef
Worker 2 found undef cube
Batch manager splitting on literal: (or (not (= i844 1)) (= i1041 0) (not (or #4126 #4151 #4182)) (if (or #4126 #4151) (not #19336) (not #19416)) (not (or #4126 #4156 #19417 #19341 #19415 #19345)) (if (or #19340 #19347) (not #19351) (not #19361)) (if (or #19340 #19347) (= #19349 0) (not #19366)) (not (or #4126 #4151 #19339 #19340 #19347 #19334)) (not (or #4126 #4151 #19339 #19334)))
null (o)
  (or (not (or #18719 #18652 #18316)) (not (or #18719 #18281 #18355 #18284 #18290 #18331 #18236 #18264 #18241 #18253 #18219 #18141 #18209 #18221 #18188 #18165 ...)) (not (or #18355 #21089)) (not (or #18719 #18281 #18284 #18290 #18331 #18236 #18264 #18241 #18253 #18219 #18141 #18209 #18221 #18188 #18165 #18168 ...)) (not (or #18719 #18355 #18284 #21061)) (not (or #18719 #18355 #18284 #18290 #20959)) (not (or #18719 #18355 #18284 #18290 #20971)) (not (or #18719 #18355 #18284 #18290 #18331 #18236 #20908)) (not (or #18719 #18355 #18284 #18290 #18331 #18236 #20821)) (not (or #20790 #15866))) (o)
    (= i844 1) (o)
      (or (not (= i844 1)) (= i1041 0) (not (or #4126 #4151 #4182)) (if (or #4126 #4151) (not #19336) (not #19416)) (not (or #4126 #4156 #19417 #19341 #19415 #19345)) (if (or #19340 #19347) (not #19351) (not #19361)) (if (or #19340 #19347) (= #19349 0) (not #19366)) (not (or #4126 #4151 #19339 #19340 #19347 #19334)) (not (or #4126 #4151 #19339 #19334))) (a)
      (not (or (not #4125) (= i1041 0) (not #19416) (if #4152 #19337 #19339) (not #19414) (if #19348 #19412 #19410) (if #19348 #19351 #19327) (not #19282) (not #19338))) (a)
    (not (= i844 1)) (c)
  (not (or (not #18317) (not #21079) (not #21090) (not #21051) (not #21062) (not #20961) (not #20929) (not #20909) (not #20822) (not #15867))) (c)

Worker 2 CUBE SIZE IN MAIN LOOP: 3
 Checking cube
(or (not (= i844 1)) (= i1041 0) (not (or #28 #30 #37)) (if (or #28 #30) (not #1502) (not #1498)) (not (or #28 #32 #1501 #1506 #1508 #1510)) (if (or #1504 #1788) (not #1792) (not #1801)) (if (or #1504 #1788) (= #1791 0) (not #1817)) (not (or #28 #30 #1499 #1504 #1788 #1822)) (not (or #28 #30 #1499 #1822)))
(= i844 1)
(or (not (or #3574 #3584 #4238)) (not (or #3574 #3865 #4240 #4245 #4255 #4263 #4280 #4289 #4308 #4317 #4329 #4354 #4362 #4371 #4380 #4389 ...)) (not (or #4240 #4947)) (not (or #3574 #3865 #4245 #4255 #4263 #4280 #4289 #4308 #4317 #4329 #4354 #4362 #4371 #4380 #4389 #4403 ...)) (not (or #3574 #4240 #4245 #4961)) (not (or #3574 #4240 #4245 #4255 #4978)) (not (or #3574 #4240 #4245 #4255 #4992)) (not (or #3574 #4240 #4245 #4255 #4263 #4280 #5029)) (not (or #3574 #4240 #4245 #4255 #4263 #4280 #5036)) (not (or #5048 #5763)))
with max_conflicts: 3375
Worker 3 DONE checking cube l_undef
Worker 3 found undef cube
Batch manager splitting on literal: (or (not (or #19362 #19286 #19227 #19263 #19187 #19259 #19192 #19219 #19211 #19123 #19136 #19139 #19060 #19065 #19069 #19106 ...)) (not (or #19093 #19123 #12678 #19000 #19054 #19052 #19101 #19014 #19018 #19022 #19055 #19034 #19050 #18947 #18948 #19048 ...)) (not (or #19089 #18278)) (not (or #19089 #18883)) (not (or #19123 #19089 #12678 #18886)) (not (or #19123 #19089 #12678 #19000 #18864)) (not (or #19093 #19123 #19089 #12678 #19000 #19054 #19052 #19101 #19014 #19018 #19022 #19055 #19034 #19050 #18947 #18948 ...)) (not (or #19093 #19123 #19089 #12678 #19000 #19054 #19052 #19101 #19014 #19018 #19022 #19055 #19034 #19050 #18947 #18948 ...)) (not (or #19093 #19123 #19089 #12678 #19000 #19054 #19052 #19101 #19014 #19018 #19022 #19055 #19034 #19050 #18947 #18948 ...)) (not (or #19123 #19089 #12678 #19000 #19054 #18823)) (not (or #19123 #19089 #12678 #19000 #19054 #18784)) (not (or #19123 #19089 #12678 #19000 #19054 #19052 #19101 #18877)) (not (if #18874 #18531 #18532)))
null (o)
  (or (not (or #18719 #18652 #18316)) (not (or #18719 #18281 #18355 #18284 #18290 #18331 #18236 #18264 #18241 #18253 #18219 #18141 #18209 #18221 #18188 #18165 ...)) (not (or #18355 #21089)) (not (or #18719 #18281 #18284 #18290 #18331 #18236 #18264 #18241 #18253 #18219 #18141 #18209 #18221 #18188 #18165 #18168 ...)) (not (or #18719 #18355 #18284 #21061)) (not (or #18719 #18355 #18284 #18290 #20959)) (not (or #18719 #18355 #18284 #18290 #20971)) (not (or #18719 #18355 #18284 #18290 #18331 #18236 #20908)) (not (or #18719 #18355 #18284 #18290 #18331 #18236 #20821)) (not (or #20790 #15866))) (o)
    (= i844 1) (o)
      (or (not (= i844 1)) (= i1041 0) (not (or #4126 #4151 #4182)) (if (or #4126 #4151) (not #19336) (not #19416)) (not (or #4126 #4156 #19417 #19341 #19415 #19345)) (if (or #19340 #19347) (not #19351) (not #19361)) (if (or #19340 #19347) (= #19349 0) (not #19366)) (not (or #4126 #4151 #19339 #19340 #19347 #19334)) (not (or #4126 #4151 #19339 #19334))) (a)
      (not (or (not #4125) (= i1041 0) (not #19416) (if #4152 #19337 #19339) (not #19414) (if #19348 #19412 #19410) (if #19348 #19351 #19327) (not #19282) (not #19338))) (a)
    (not (= i844 1)) (c)
  (not (or (not #18317) (not #21079) (not #21090) (not #21051) (not #21062) (not #20961) (not #20929) (not #20909) (not #20822) (not #15867))) (c)

Worker 3 CUBE SIZE IN MAIN LOOP: 3
 Checking cube
(or (not (= i844 1)) (= i1041 0) (not (or #28 #30 #37)) (if (or #28 #30) (not #1502) (not #1498)) (not (or #28 #32 #1501 #1506 #1508 #1510)) (if (or #1504 #1788) (not #1792) (not #1801)) (if (or #1504 #1788) (= #1791 0) (not #1817)) (not (or #28 #30 #1499 #1504 #1788 #1822)) (not (or #28 #30 #1499 #1822)))
(= i844 1)
(or (not (or #3574 #3584 #4238)) (not (or #3574 #3865 #4240 #4245 #4255 #4263 #4280 #4289 #4308 #4317 #4329 #4354 #4362 #4371 #4380 #4389 ...)) (not (or #4240 #4947)) (not (or #3574 #3865 #4245 #4255 #4263 #4280 #4289 #4308 #4317 #4329 #4354 #4362 #4371 #4380 #4389 #4403 ...)) (not (or #3574 #4240 #4245 #4961)) (not (or #3574 #4240 #4245 #4255 #4978)) (not (or #3574 #4240 #4245 #4255 #4992)) (not (or #3574 #4240 #4245 #4255 #4263 #4280 #5029)) (not (or #3574 #4240 #4245 #4255 #4263 #4280 #5036)) (not (or #5048 #5763)))
with max_conflicts: 3375
Worker 1 DONE checking cube l_false
Worker 1 found unsat cube
Batch manager backtracking.
(not (or (not #27) (= i1041 0) (not #1498) (if #31 #1503 #1499) (not #1787) (if #1789 #1793 #1802) (if #1789 #1792 #1818) (not #1823) (not #1825)))

null (o)
  (or (not (or #18719 #18652 #18316)) (not (or #18719 #18281 #18355 #18284 #18290 #18331 #18236 #18264 #18241 #18253 #18219 #18141 #18209 #18221 #18188 #18165 ...)) (not (or #18355 #21089)) (not (or #18719 #18281 #18284 #18290 #18331 #18236 #18264 #18241 #18253 #18219 #18141 #18209 #18221 #18188 #18165 #18168 ...)) (not (or #18719 #18355 #18284 #21061)) (not (or #18719 #18355 #18284 #18290 #20959)) (not (or #18719 #18355 #18284 #18290 #20971)) (not (or #18719 #18355 #18284 #18290 #18331 #18236 #20908)) (not (or #18719 #18355 #18284 #18290 #18331 #18236 #20821)) (not (or #20790 #15866))) (o)
    (= i844 1) (o)
      (or (not (= i844 1)) (= i1041 0) (not (or #4126 #4151 #4182)) (if (or #4126 #4151) (not #19336) (not #19416)) (not (or #4126 #4156 #19417 #19341 #19415 #19345)) (if (or #19340 #19347) (not #19351) (not #19361)) (if (or #19340 #19347) (= #19349 0) (not #19366)) (not (or #4126 #4151 #19339 #19340 #19347 #19334)) (not (or #4126 #4151 #19339 #19334))) (a)
      (not (or (not #4125) (= i1041 0) (not #19416) (if #4152 #19337 #19339) (not #19414) (if #19348 #19412 #19410) (if #19348 #19351 #19327) (not #19282) (not #19338))) (c)
    (not (= i844 1)) (c)
  (not (or (not #18317) (not #21079) (not #21090) (not #21051) (not #21062) (not #20961) (not #20929) (not #20909) (not #20822) (not #15867))) (c)
null (o)
  (or (not (or #18719 #18652 #18316)) (not (or #18719 #18281 #18355 #18284 #18290 #18331 #18236 #18264 #18241 #18253 #18219 #18141 #18209 #18221 #18188 #18165 ...)) (not (or #18355 #21089)) (not (or #18719 #18281 #18284 #18290 #18331 #18236 #18264 #18241 #18253 #18219 #18141 #18209 #18221 #18188 #18165 #18168 ...)) (not (or #18719 #18355 #18284 #21061)) (not (or #18719 #18355 #18284 #18290 #20959)) (not (or #18719 #18355 #18284 #18290 #20971)) (not (or #18719 #18355 #18284 #18290 #18331 #18236 #20908)) (not (or #18719 #18355 #18284 #18290 #18331 #18236 #20821)) (not (or #20790 #15866))) (o)
    (= i844 1) (o)
      (or (not (= i844 1)) (= i1041 0) (not (or #4126 #4151 #4182)) (if (or #4126 #4151) (not #19336) (not #19416)) (not (or #4126 #4156 #19417 #19341 #19415 #19345)) (if (or #19340 #19347) (not #19351) (not #19361)) (if (or #19340 #19347) (= #19349 0) (not #19366)) (not (or #4126 #4151 #19339 #19340 #19347 #19334)) (not (or #4126 #4151 #19339 #19334))) (a)
      (not (or (not #4125) (= i1041 0) (not #19416) (if #4152 #19337 #19339) (not #19414) (if #19348 #19412 #19410) (if #19348 #19351 #19327) (not #19282) (not #19338))) (c)
    (not (= i844 1)) (c)
  (not (or (not #18317) (not #21079) (not #21090) (not #21051) (not #21062) (not #20961) (not #20929) (not #20909) (not #20822) (not #15867))) (c)

Worker 1 CUBE SIZE IN MAIN LOOP: 3
 Checking cube
(or (not (= i844 1)) (= i1041 0) (not (or #28 #30 #37)) (if (or #28 #30) (not #1502) (not #1498)) (not (or #28 #32 #1501 #1506 #1508 #1510)) (if (or #1504 #1788) (not #1792) (not #1801)) (if (or #1504 #1788) (= #1791 0) (not #1817)) (not (or #28 #30 #1499 #1504 #1788 #1822)) (not (or #28 #30 #1499 #1822)))
(= i844 1)
(or (not (or #3574 #3584 #4238)) (not (or #3574 #3865 #4240 #4245 #4255 #4263 #4280 #4289 #4308 #4317 #4329 #4354 #4362 #4371 #4380 #4389 ...)) (not (or #4240 #4947)) (not (or #3574 #3865 #4245 #4255 #4263 #4280 #4289 #4308 #4317 #4329 #4354 #4362 #4371 #4380 #4389 #4403 ...)) (not (or #3574 #4240 #4245 #4961)) (not (or #3574 #4240 #4245 #4255 #4978)) (not (or #3574 #4240 #4245 #4255 #4992)) (not (or #3574 #4240 #4245 #4255 #4263 #4280 #5029)) (not (or #3574 #4240 #4245 #4255 #4263 #4280 #5036)) (not (or #5048 #5763)))
with max_conflicts: 3375
Worker 2 DONE checking cube l_false
Worker 2 found unsat cube
Batch manager backtracking.
(= i844 1)
(or (not (= i844 1)) (= i1041 0) (not (or #28 #30 #37)) (if (or #28 #30) (not #1502) (not #1498)) (not (or #28 #32 #1501 #1506 #1508 #1510)) (if (or #1504 #1788) (not #1792) (not #1801)) (if (or #1504 #1788) (= #1791 0) (not #1817)) (not (or #28 #30 #1499 #1504 #1788 #1822)) (not (or #28 #30 #1499 #1822)))

null (o)
  (or (not (or #18719 #18652 #18316)) (not (or #18719 #18281 #18355 #18284 #18290 #18331 #18236 #18264 #18241 #18253 #18219 #18141 #18209 #18221 #18188 #18165 ...)) (not (or #18355 #21089)) (not (or #18719 #18281 #18284 #18290 #18331 #18236 #18264 #18241 #18253 #18219 #18141 #18209 #18221 #18188 #18165 #18168 ...)) (not (or #18719 #18355 #18284 #21061)) (not (or #18719 #18355 #18284 #18290 #20959)) (not (or #18719 #18355 #18284 #18290 #20971)) (not (or #18719 #18355 #18284 #18290 #18331 #18236 #20908)) (not (or #18719 #18355 #18284 #18290 #18331 #18236 #20821)) (not (or #20790 #15866))) (o)
    (= i844 1) (c)
      (or (not (= i844 1)) (= i1041 0) (not (or #4126 #4151 #4182)) (if (or #4126 #4151) (not #19336) (not #19416)) (not (or #4126 #4156 #19417 #19341 #19415 #19345)) (if (or #19340 #19347) (not #19351) (not #19361)) (if (or #19340 #19347) (= #19349 0) (not #19366)) (not (or #4126 #4151 #19339 #19340 #19347 #19334)) (not (or #4126 #4151 #19339 #19334))) (c)
      (not (or (not #4125) (= i1041 0) (not #19416) (if #4152 #19337 #19339) (not #19414) (if #19348 #19412 #19410) (if #19348 #19351 #19327) (not #19282) (not #19338))) (c)
    (not (= i844 1)) (c)
  (not (or (not #18317) (not #21079) (not #21090) (not #21051) (not #21062) (not #20961) (not #20929) (not #20909) (not #20822) (not #15867))) (c)
Worker 2 no more cubes
Worker 0 DONE checking cube l_false
Worker 0 found unsat cube
Batch manager backtracking.
(or (not (= i844 1)) (= i1041 0) (not (or #28 #30 #37)) (if (or #28 #30) (not #1502) (not #1498)) (not (or #28 #32 #1501 #1506 #1508 #1510)) (if (or #1504 #1788) (not #1792) (not #1801)) (if (or #1504 #1788) (= #1791 0) (not #1817)) (not (or #28 #30 #1499 #1504 #1788 #1822)) (not (or #28 #30 #1499 #1822)))

null (c)
  (or (not (or #18719 #18652 #18316)) (not (or #18719 #18281 #18355 #18284 #18290 #18331 #18236 #18264 #18241 #18253 #18219 #18141 #18209 #18221 #18188 #18165 ...)) (not (or #18355 #21089)) (not (or #18719 #18281 #18284 #18290 #18331 #18236 #18264 #18241 #18253 #18219 #18141 #18209 #18221 #18188 #18165 #18168 ...)) (not (or #18719 #18355 #18284 #21061)) (not (or #18719 #18355 #18284 #18290 #20959)) (not (or #18719 #18355 #18284 #18290 #20971)) (not (or #18719 #18355 #18284 #18290 #18331 #18236 #20908)) (not (or #18719 #18355 #18284 #18290 #18331 #18236 #20821)) (not (or #20790 #15866))) (c)
    (= i844 1) (c)
      (or (not (= i844 1)) (= i1041 0) (not (or #4126 #4151 #4182)) (if (or #4126 #4151) (not #19336) (not #19416)) (not (or #4126 #4156 #19417 #19341 #19415 #19345)) (if (or #19340 #19347) (not #19351) (not #19361)) (if (or #19340 #19347) (= #19349 0) (not #19366)) (not (or #4126 #4151 #19339 #19340 #19347 #19334)) (not (or #4126 #4151 #19339 #19334))) (c)
      (not (or (not #4125) (= i1041 0) (not #19416) (if #4152 #19337 #19339) (not #19414) (if #19348 #19412 #19410) (if #19348 #19351 #19327) (not #19282) (not #19338))) (c)
    (not (= i844 1)) (c)
  (not (or (not #18317) (not #21079) (not #21090) (not #21051) (not #21062) (not #20961) (not #20929) (not #20909) (not #20822) (not #15867))) (c)
Canceling workers
Worker 0 canceling
Worker 1 canceling
Worker 2 canceling
Worker 3 canceling
Worker 3 DONE checking cube l_undef
all done
Worker 0 no more cubes
Worker 1 DONE checking cube l_undef
Batch manager setting exception msg: context cancelled.
Batch manager setting exception msg: context cancelled.
unsat
(:added-eqs                   1399553
 :arith-eq-adapter            3220
 :arith-bound-propagations-lp 168995
 :arith-conflicts             580
 :arith-diseq                 121968
 :arith-fixed-eqs             172740
 :arith-lower                 108278
 :arith-make-feasible         53002
 :arith-max-columns           1668
 :arith-max-rows              688
 :arith-offset-eqs            50853
 :arith-upper                 186073
 :binary-propagations         3818911
 :conflicts                   23568
 :decisions                   530984
 :del-clause                  21085
 :max-memory                  113.89
 :memory                      19.19
 :minimized-lits              149618
 :mk-bool-var                 22506
 :mk-clause                   36347
 :mk-clause-binary            61345
 :num-allocs                  55197662
 :num-checks                  20
 :parallel-max-cube-size      3
 :parallel-num_cubes          12
 :propagations                5518950
 :restarts                    202
 :rlimit-count                16172921
 :time                        0.68
 :total-time                  2.47)
