Worker 0 created with 0 assumptions
Worker 1 created with 0 assumptions
Worker 2 created with 0 assumptions
Worker 3 created with 0 assumptions
null (a)

Worker 0 CUBE SIZE IN MAIN LOOP: 0
 Checking cube
with max_conflicts: 1000
null (a)

Worker 2 CUBE SIZE IN MAIN LOOP: 0
 Checking cube
with max_conflicts: 1000
null (a)

Worker 3 CUBE SIZE IN MAIN LOOP: 0
 Checking cube
with max_conflicts: 1000
null (a)

Worker 1 CUBE SIZE IN MAIN LOOP: 0
 Checking cube
with max_conflicts: 1000
Worker 3 DONE checking cube l_undef
Worker 3 found undef cube
Batch manager splitting on literal: (if (or (if #4152 #19337 #19339) (not #19414)) (not (= #19349 0)) (not (or #4126 #4156 #4192 #19340 #19341 #19415 #19345 #19353 #19356 #19359)))
Worker 1 DONE checking cube l_undef
Worker 1 found undef cube
Batch manager splitting on literal: (= i844 1)
null (o)
  (if (or (if #4152 #19337 #19339) (not #19414)) (not (= #19349 0)) (not (or #4126 #4156 #4192 #19340 #19341 #19415 #19345 #19353 #19356 #19359))) (a)
  (not (if (or #19340 #19347) (not #19351) (not #19361))) (o)

Worker 3 CUBE SIZE IN MAIN LOOP: 1
 Checking cube
(if (or (if #31 #1503 #1499) (not #1787)) (not (= #1791 0)) (not (or #28 #32 #48 #1504 #1506 #1508 #1510 #1796 #1798 #1800)))
with max_conflicts: 1500
null (o)
  (if (or (if #4152 #19337 #19339) (not #19414)) (not (= #19349 0)) (not (or #4126 #4156 #4192 #19340 #19341 #19415 #19345 #19353 #19356 #19359))) (a)
  (not (if (or #19340 #19347) (not #19351) (not #19361))) (a)

Worker 1 CUBE SIZE IN MAIN LOOP: 1
 Checking cube
(not (if (or #1504 #1788) (not #1792) (not #1801)))
with max_conflicts: 1500
Worker 0 DONE checking cube l_undef
Worker 0 found undef cube
Batch manager splitting on literal: (= i844 1)
null (o)
  (if (or (if #4152 #19337 #19339) (not #19414)) (not (= #19349 0)) (not (or #4126 #4156 #4192 #19340 #19341 #19415 #19345 #19353 #19356 #19359))) (a)
  (not (if (or #19340 #19347) (not #19351) (not #19361))) (a)

Worker 2 DONE checking cube l_undef
Worker 2 found undef cube
Worker 0 CUBE SIZE IN MAIN LOOP: 1
 Checking cube
(if (or (if #31 #1503 #1499) (not #1787)) (not (= #1791 0)) (not (or #28 #32 #48 #1504 #1506 #1508 #1510 #1796 #1798 #1800)))
with max_conflicts: 1500
Batch manager splitting on literal: (= i844 1)
null (o)
  (if (or (if #4152 #19337 #19339) (not #19414)) (not (= #19349 0)) (not (or #4126 #4156 #4192 #19340 #19341 #19415 #19345 #19353 #19356 #19359))) (a)
  (not (if (or #19340 #19347) (not #19351) (not #19361))) (a)

Worker 2 CUBE SIZE IN MAIN LOOP: 1
 Checking cube
(if (or (if #31 #1503 #1499) (not #1787)) (not (= #1791 0)) (not (or #28 #32 #48 #1504 #1506 #1508 #1510 #1796 #1798 #1800)))
with max_conflicts: 1500
Worker 2 DONE checking cube l_false
Worker 2 found unsat cube
Batch manager backtracking.
(if (or (if #31 #1503 #1499) (not #1787)) (not (= #1791 0)) (not (or #28 #32 #48 #1504 #1506 #1508 #1510 #1796 #1798 #1800)))

null (o)
  (if (or (if #4152 #19337 #19339) (not #19414)) (not (= #19349 0)) (not (or #4126 #4156 #4192 #19340 #19341 #19415 #19345 #19353 #19356 #19359))) (c)
  (not (if (or #19340 #19347) (not #19351) (not #19361))) (a)
null (o)
  (if (or (if #4152 #19337 #19339) (not #19414)) (not (= #19349 0)) (not (or #4126 #4156 #4192 #19340 #19341 #19415 #19345 #19353 #19356 #19359))) (c)
  (not (if (or #19340 #19347) (not #19351) (not #19361))) (a)

Worker 2 CUBE SIZE IN MAIN LOOP: 1
 Checking cube
(not (if (or #1504 #1788) (not #1792) (not #1801)))
with max_conflicts: 1500
Worker 0 DONE checking cube l_false
Worker 0 found unsat cube
Batch manager backtracking.
(if (or (if #31 #1503 #1499) (not #1787)) (not (= #1791 0)) (not (or #28 #32 #48 #1504 #1506 #1508 #1510 #1796 #1798 #1800)))

null (o)
  (if (or (if #4152 #19337 #19339) (not #19414)) (not (= #19349 0)) (not (or #4126 #4156 #4192 #19340 #19341 #19415 #19345 #19353 #19356 #19359))) (c)
  (not (if (or #19340 #19347) (not #19351) (not #19361))) (a)
null (o)
  (if (or (if #4152 #19337 #19339) (not #19414)) (not (= #19349 0)) (not (or #4126 #4156 #4192 #19340 #19341 #19415 #19345 #19353 #19356 #19359))) (c)
  (not (if (or #19340 #19347) (not #19351) (not #19361))) (a)

Worker 0 CUBE SIZE IN MAIN LOOP: 1
 Checking cube
(not (if (or #1504 #1788) (not #1792) (not #1801)))
with max_conflicts: 1500
Worker 3 DONE checking cube l_false
Worker 3 found unsat cube
Batch manager backtracking.
(if (or (if #31 #1503 #1499) (not #1787)) (not (= #1791 0)) (not (or #28 #32 #48 #1504 #1506 #1508 #1510 #1796 #1798 #1800)))

null (o)
  (if (or (if #4152 #19337 #19339) (not #19414)) (not (= #19349 0)) (not (or #4126 #4156 #4192 #19340 #19341 #19415 #19345 #19353 #19356 #19359))) (c)
  (not (if (or #19340 #19347) (not #19351) (not #19361))) (a)
null (o)
  (if (or (if #4152 #19337 #19339) (not #19414)) (not (= #19349 0)) (not (or #4126 #4156 #4192 #19340 #19341 #19415 #19345 #19353 #19356 #19359))) (c)
  (not (if (or #19340 #19347) (not #19351) (not #19361))) (a)

Worker 3 CUBE SIZE IN MAIN LOOP: 1
 Checking cube
(not (if (or #1504 #1788) (not #1792) (not #1801)))
with max_conflicts: 1500
Worker 1 DONE checking cube l_undef
Worker 1 found undef cube
Batch manager splitting on literal: (= (if (or #18282 #21082 #21049 #21054 #21065 #20963 #20931 #20912 #20824 #20791 #20324 #14347) (if #14210 #13304 467) (if #21081 #13639 224)) 417)
null (o)
  (if (or (if #4152 #19337 #19339) (not #19414)) (not (= #19349 0)) (not (or #4126 #4156 #4192 #19340 #19341 #19415 #19345 #19353 #19356 #19359))) (c)
  (not (if (or #19340 #19347) (not #19351) (not #19361))) (o)
    (= (if (or #18282 #21082 #21049 #21054 #21065 #20963 #20931 #20912 #20824 #20791 #20324 #14347) (if #14210 #13304 467) (if #21081 #13639 224)) 417) (o)
    (not (= (if #14348 #13305 #13641) 417)) (a)

Worker 1 CUBE SIZE IN MAIN LOOP: 2
 Checking cube
(not (= (if #5823 #5880 #5859) 417))
(not (if (or #1504 #1788) (not #1792) (not #1801)))
with max_conflicts: 2250
Worker 0 DONE checking cube l_undef
Worker 0 found undef cube
Batch manager splitting on literal: (= i844 1)
null (o)
  (if (or (if #4152 #19337 #19339) (not #19414)) (not (= #19349 0)) (not (or #4126 #4156 #4192 #19340 #19341 #19415 #19345 #19353 #19356 #19359))) (c)
  (not (if (or #19340 #19347) (not #19351) (not #19361))) (o)
    (= (if (or #18282 #21082 #21049 #21054 #21065 #20963 #20931 #20912 #20824 #20791 #20324 #14347) (if #14210 #13304 467) (if #21081 #13639 224)) 417) (a)
    (not (= (if #14348 #13305 #13641) 417)) (a)

Worker 0 CUBE SIZE IN MAIN LOOP: 2
 Checking cube
(= (if (or #4240 #4941 #4949 #4953 #4963 #4980 #5012 #5031 #5040 #5048 #5056 #5822) (if #5869 #5897 467) (if #4940 #5858 224)) 417)
(not (if (or #1504 #1788) (not #1792) (not #1801)))
with max_conflicts: 2250
Worker 3 DONE checking cube l_undef
Worker 3 found undef cube
Batch manager splitting on literal: (= i844 1)
null (o)
  (if (or (if #4152 #19337 #19339) (not #19414)) (not (= #19349 0)) (not (or #4126 #4156 #4192 #19340 #19341 #19415 #19345 #19353 #19356 #19359))) (c)
  (not (if (or #19340 #19347) (not #19351) (not #19361))) (o)
    (= (if (or #18282 #21082 #21049 #21054 #21065 #20963 #20931 #20912 #20824 #20791 #20324 #14347) (if #14210 #13304 467) (if #21081 #13639 224)) 417) (a)
    (not (= (if #14348 #13305 #13641) 417)) (a)

Worker 3 CUBE SIZE IN MAIN LOOP: 2
 Checking cube
(= (if (or #4240 #4941 #4949 #4953 #4963 #4980 #5012 #5031 #5040 #5048 #5056 #5822) (if #5869 #5897 467) (if #4940 #5858 224)) 417)
(not (if (or #1504 #1788) (not #1792) (not #1801)))
with max_conflicts: 2250
Worker 2 DONE checking cube l_undef
Worker 2 found undef cube
Batch manager splitting on literal: (= i844 1)
null (o)
  (if (or (if #4152 #19337 #19339) (not #19414)) (not (= #19349 0)) (not (or #4126 #4156 #4192 #19340 #19341 #19415 #19345 #19353 #19356 #19359))) (c)
  (not (if (or #19340 #19347) (not #19351) (not #19361))) (o)
    (= (if (or #18282 #21082 #21049 #21054 #21065 #20963 #20931 #20912 #20824 #20791 #20324 #14347) (if #14210 #13304 467) (if #21081 #13639 224)) 417) (a)
    (not (= (if #14348 #13305 #13641) 417)) (a)

Worker 2 CUBE SIZE IN MAIN LOOP: 2
 Checking cube
(= (if (or #4240 #4941 #4949 #4953 #4963 #4980 #5012 #5031 #5040 #5048 #5056 #5822) (if #5869 #5897 467) (if #4940 #5858 224)) 417)
(not (if (or #1504 #1788) (not #1792) (not #1801)))
with max_conflicts: 2250
Worker 0 DONE checking cube l_false
Worker 0 found unsat cube
Batch manager backtracking.
(= (if (or #4240 #4941 #4949 #4953 #4963 #4980 #5012 #5031 #5040 #5048 #5056 #5822) (if #5869 #5897 467) (if #4940 #5858 224)) 417)

null (o)
  (if (or (if #4152 #19337 #19339) (not #19414)) (not (= #19349 0)) (not (or #4126 #4156 #4192 #19340 #19341 #19415 #19345 #19353 #19356 #19359))) (c)
  (not (if (or #19340 #19347) (not #19351) (not #19361))) (o)
    (= (if (or #18282 #21082 #21049 #21054 #21065 #20963 #20931 #20912 #20824 #20791 #20324 #14347) (if #14210 #13304 467) (if #21081 #13639 224)) 417) (c)
    (not (= (if #14348 #13305 #13641) 417)) (a)
null (o)
  (if (or (if #4152 #19337 #19339) (not #19414)) (not (= #19349 0)) (not (or #4126 #4156 #4192 #19340 #19341 #19415 #19345 #19353 #19356 #19359))) (c)
  (not (if (or #19340 #19347) (not #19351) (not #19361))) (o)
    (= (if (or #18282 #21082 #21049 #21054 #21065 #20963 #20931 #20912 #20824 #20791 #20324 #14347) (if #14210 #13304 467) (if #21081 #13639 224)) 417) (c)
    (not (= (if #14348 #13305 #13641) 417)) (a)

Worker 0 CUBE SIZE IN MAIN LOOP: 2
 Checking cube
(not (= (if #5823 #5880 #5859) 417))
(not (if (or #1504 #1788) (not #1792) (not #1801)))
with max_conflicts: 2250
Worker 2 DONE checking cube l_false
Worker 2 found unsat cube
Batch manager backtracking.
(= (if (or #4240 #4941 #4949 #4953 #4963 #4980 #5012 #5031 #5040 #5048 #5056 #5822) (if #5869 #5897 467) (if #4940 #5858 224)) 417)

null (o)
  (if (or (if #4152 #19337 #19339) (not #19414)) (not (= #19349 0)) (not (or #4126 #4156 #4192 #19340 #19341 #19415 #19345 #19353 #19356 #19359))) (c)
  (not (if (or #19340 #19347) (not #19351) (not #19361))) (o)
    (= (if (or #18282 #21082 #21049 #21054 #21065 #20963 #20931 #20912 #20824 #20791 #20324 #14347) (if #14210 #13304 467) (if #21081 #13639 224)) 417) (c)
    (not (= (if #14348 #13305 #13641) 417)) (a)
null (o)
  (if (or (if #4152 #19337 #19339) (not #19414)) (not (= #19349 0)) (not (or #4126 #4156 #4192 #19340 #19341 #19415 #19345 #19353 #19356 #19359))) (c)
  (not (if (or #19340 #19347) (not #19351) (not #19361))) (o)
    (= (if (or #18282 #21082 #21049 #21054 #21065 #20963 #20931 #20912 #20824 #20791 #20324 #14347) (if #14210 #13304 467) (if #21081 #13639 224)) 417) (c)
    (not (= (if #14348 #13305 #13641) 417)) (a)

Worker 2 CUBE SIZE IN MAIN LOOP: 2
 Checking cube
(not (= (if #5823 #5880 #5859) 417))
(not (if (or #1504 #1788) (not #1792) (not #1801)))
with max_conflicts: 2250
Worker 3 DONE checking cube l_false
Worker 3 found unsat cube
Batch manager backtracking.
(= (if (or #4240 #4941 #4949 #4953 #4963 #4980 #5012 #5031 #5040 #5048 #5056 #5822) (if #5869 #5897 467) (if #4940 #5858 224)) 417)

null (o)
  (if (or (if #4152 #19337 #19339) (not #19414)) (not (= #19349 0)) (not (or #4126 #4156 #4192 #19340 #19341 #19415 #19345 #19353 #19356 #19359))) (c)
  (not (if (or #19340 #19347) (not #19351) (not #19361))) (o)
    (= (if (or #18282 #21082 #21049 #21054 #21065 #20963 #20931 #20912 #20824 #20791 #20324 #14347) (if #14210 #13304 467) (if #21081 #13639 224)) 417) (c)
    (not (= (if #14348 #13305 #13641) 417)) (a)
null (o)
  (if (or (if #4152 #19337 #19339) (not #19414)) (not (= #19349 0)) (not (or #4126 #4156 #4192 #19340 #19341 #19415 #19345 #19353 #19356 #19359))) (c)
  (not (if (or #19340 #19347) (not #19351) (not #19361))) (o)
    (= (if (or #18282 #21082 #21049 #21054 #21065 #20963 #20931 #20912 #20824 #20791 #20324 #14347) (if #14210 #13304 467) (if #21081 #13639 224)) 417) (c)
    (not (= (if #14348 #13305 #13641) 417)) (a)

Worker 3 CUBE SIZE IN MAIN LOOP: 2
 Checking cube
(not (= (if #5823 #5880 #5859) 417))
(not (if (or #1504 #1788) (not #1792) (not #1801)))
with max_conflicts: 2250
Worker 1 DONE checking cube l_undef
Worker 1 found undef cube
Batch manager splitting on literal: (or (not (= i844 1)) (= i1041 0) (not (or #4126 #4151 #4182)) (if (or #4126 #4151) (not #19336) (not #19416)) (not (or #4126 #4156 #19417 #19341 #19415 #19345)) (if (or #19340 #19347) (not #19351) (not #19361)) (if (or #19340 #19347) (= #19349 0) (not #19327)) (not (or #4126 #4151 #19339 #19340 #19347 #19282)) (not (or #4126 #4151 #19339 #19282)))
null (o)
  (if (or (if #4152 #19337 #19339) (not #19414)) (not (= #19349 0)) (not (or #4126 #4156 #4192 #19340 #19341 #19415 #19345 #19353 #19356 #19359))) (c)
  (not (if (or #19340 #19347) (not #19351) (not #19361))) (o)
    (= (if (or #18282 #21082 #21049 #21054 #21065 #20963 #20931 #20912 #20824 #20791 #20324 #14347) (if #14210 #13304 467) (if #21081 #13639 224)) 417) (c)
    (not (= (if #14348 #13305 #13641) 417)) (o)
      (or (not (= i844 1)) (= i1041 0) (not (or #4126 #4151 #4182)) (if (or #4126 #4151) (not #19336) (not #19416)) (not (or #4126 #4156 #19417 #19341 #19415 #19345)) (if (or #19340 #19347) (not #19351) (not #19361)) (if (or #19340 #19347) (= #19349 0) (not #19327)) (not (or #4126 #4151 #19339 #19340 #19347 #19282)) (not (or #4126 #4151 #19339 #19282))) (a)
      (not (or (not #4125) (= i1041 0) (not #19416) (if #4152 #19337 #19339) (not #19414) (if #19348 #19412 #19410) (if #19348 #19351 #19281) (not #19326) (not #19283))) (o)

Worker 1 CUBE SIZE IN MAIN LOOP: 3
 Checking cube
(or (not (= i844 1)) (= i1041 0) (not (or #28 #30 #37)) (if (or #28 #30) (not #1502) (not #1498)) (not (or #28 #32 #1501 #1506 #1508 #1510)) (if (or #1504 #1788) (not #1792) (not #1801)) (if (or #1504 #1788) (= #1791 0) (not #1817)) (not (or #28 #30 #1499 #1504 #1788 #1822)) (not (or #28 #30 #1499 #1822)))
(not (= (if #5823 #5880 #5859) 417))
(not (if (or #1504 #1788) (not #1792) (not #1801)))
with max_conflicts: 3375
Worker 0 DONE checking cube l_undef
Worker 0 found undef cube
Batch manager splitting on literal: (= i844 1)
null (o)
  (if (or (if #4152 #19337 #19339) (not #19414)) (not (= #19349 0)) (not (or #4126 #4156 #4192 #19340 #19341 #19415 #19345 #19353 #19356 #19359))) (c)
  (not (if (or #19340 #19347) (not #19351) (not #19361))) (o)
    (= (if (or #18282 #21082 #21049 #21054 #21065 #20963 #20931 #20912 #20824 #20791 #20324 #14347) (if #14210 #13304 467) (if #21081 #13639 224)) 417) (c)
    (not (= (if #14348 #13305 #13641) 417)) (o)
      (or (not (= i844 1)) (= i1041 0) (not (or #4126 #4151 #4182)) (if (or #4126 #4151) (not #19336) (not #19416)) (not (or #4126 #4156 #19417 #19341 #19415 #19345)) (if (or #19340 #19347) (not #19351) (not #19361)) (if (or #19340 #19347) (= #19349 0) (not #19327)) (not (or #4126 #4151 #19339 #19340 #19347 #19282)) (not (or #4126 #4151 #19339 #19282))) (a)
      (not (or (not #4125) (= i1041 0) (not #19416) (if #4152 #19337 #19339) (not #19414) (if #19348 #19412 #19410) (if #19348 #19351 #19281) (not #19326) (not #19283))) (a)

Worker 0 CUBE SIZE IN MAIN LOOP: 3
 Checking cube
(not (or (not #27) (= i1041 0) (not #1498) (if #31 #1503 #1499) (not #1787) (if #1789 #1793 #1802) (if #1789 #1792 #1818) (not #1823) (not #1825)))
(not (= (if #5823 #5880 #5859) 417))
(not (if (or #1504 #1788) (not #1792) (not #1801)))
with max_conflicts: 3375
Worker 3 DONE checking cube l_undef
Worker 3 found undef cube
Batch manager splitting on literal: (or (not (= i844 1)) (= i1041 0) (not (or #4126 #4151 #4182)) (if (or #4126 #4151) (not #19336) (not #19416)) (not (or #4126 #4156 #19417 #19341 #19415 #19345)) (if (or #19340 #19347) (not #19351) (not #19361)) (if (or #19340 #19347) (= #19349 0) (not #19327)) (not (or #4126 #4151 #19339 #19340 #19347 #19282)) (not (or #4126 #4151 #19339 #19282)))
null (o)
  (if (or (if #4152 #19337 #19339) (not #19414)) (not (= #19349 0)) (not (or #4126 #4156 #4192 #19340 #19341 #19415 #19345 #19353 #19356 #19359))) (c)
  (not (if (or #19340 #19347) (not #19351) (not #19361))) (o)
    (= (if (or #18282 #21082 #21049 #21054 #21065 #20963 #20931 #20912 #20824 #20791 #20324 #14347) (if #14210 #13304 467) (if #21081 #13639 224)) 417) (c)
    (not (= (if #14348 #13305 #13641) 417)) (o)
      (or (not (= i844 1)) (= i1041 0) (not (or #4126 #4151 #4182)) (if (or #4126 #4151) (not #19336) (not #19416)) (not (or #4126 #4156 #19417 #19341 #19415 #19345)) (if (or #19340 #19347) (not #19351) (not #19361)) (if (or #19340 #19347) (= #19349 0) (not #19327)) (not (or #4126 #4151 #19339 #19340 #19347 #19282)) (not (or #4126 #4151 #19339 #19282))) (a)
      (not (or (not #4125) (= i1041 0) (not #19416) (if #4152 #19337 #19339) (not #19414) (if #19348 #19412 #19410) (if #19348 #19351 #19281) (not #19326) (not #19283))) (a)

Worker 3 CUBE SIZE IN MAIN LOOP: 3
 Checking cube
(or (not (= i844 1)) (= i1041 0) (not (or #28 #30 #37)) (if (or #28 #30) (not #1502) (not #1498)) (not (or #28 #32 #1501 #1506 #1508 #1510)) (if (or #1504 #1788) (not #1792) (not #1801)) (if (or #1504 #1788) (= #1791 0) (not #1817)) (not (or #28 #30 #1499 #1504 #1788 #1822)) (not (or #28 #30 #1499 #1822)))
(not (= (if #5823 #5880 #5859) 417))
(not (if (or #1504 #1788) (not #1792) (not #1801)))
with max_conflicts: 3375
Worker 2 DONE checking cube l_undef
Worker 2 found undef cube
Batch manager splitting on literal: (or (not (= i844 1)) (= i1041 0) (not (or #4126 #4151 #4182)) (if (or #4126 #4151) (not #19336) (not #19416)) (not (or #4126 #4156 #19417 #19341 #19415 #19345)) (if (or #19340 #19347) (not #19351) (not #19361)) (if (or #19340 #19347) (= #19349 0) (not #19327)) (not (or #4126 #4151 #19339 #19340 #19347 #19282)) (not (or #4126 #4151 #19339 #19282)))
null (o)
  (if (or (if #4152 #19337 #19339) (not #19414)) (not (= #19349 0)) (not (or #4126 #4156 #4192 #19340 #19341 #19415 #19345 #19353 #19356 #19359))) (c)
  (not (if (or #19340 #19347) (not #19351) (not #19361))) (o)
    (= (if (or #18282 #21082 #21049 #21054 #21065 #20963 #20931 #20912 #20824 #20791 #20324 #14347) (if #14210 #13304 467) (if #21081 #13639 224)) 417) (c)
    (not (= (if #14348 #13305 #13641) 417)) (o)
      (or (not (= i844 1)) (= i1041 0) (not (or #4126 #4151 #4182)) (if (or #4126 #4151) (not #19336) (not #19416)) (not (or #4126 #4156 #19417 #19341 #19415 #19345)) (if (or #19340 #19347) (not #19351) (not #19361)) (if (or #19340 #19347) (= #19349 0) (not #19327)) (not (or #4126 #4151 #19339 #19340 #19347 #19282)) (not (or #4126 #4151 #19339 #19282))) (a)
      (not (or (not #4125) (= i1041 0) (not #19416) (if #4152 #19337 #19339) (not #19414) (if #19348 #19412 #19410) (if #19348 #19351 #19281) (not #19326) (not #19283))) (a)

Worker 2 CUBE SIZE IN MAIN LOOP: 3
 Checking cube
(or (not (= i844 1)) (= i1041 0) (not (or #28 #30 #37)) (if (or #28 #30) (not #1502) (not #1498)) (not (or #28 #32 #1501 #1506 #1508 #1510)) (if (or #1504 #1788) (not #1792) (not #1801)) (if (or #1504 #1788) (= #1791 0) (not #1817)) (not (or #28 #30 #1499 #1504 #1788 #1822)) (not (or #28 #30 #1499 #1822)))
(not (= (if #5823 #5880 #5859) 417))
(not (if (or #1504 #1788) (not #1792) (not #1801)))
with max_conflicts: 3375
Worker 1 DONE checking cube l_false
Worker 1 found unsat cube
Batch manager backtracking.
(or (not (= i844 1)) (= i1041 0) (not (or #28 #30 #37)) (if (or #28 #30) (not #1502) (not #1498)) (not (or #28 #32 #1501 #1506 #1508 #1510)) (if (or #1504 #1788) (not #1792) (not #1801)) (if (or #1504 #1788) (= #1791 0) (not #1817)) (not (or #28 #30 #1499 #1504 #1788 #1822)) (not (or #28 #30 #1499 #1822)))

null (o)
  (if (or (if #4152 #19337 #19339) (not #19414)) (not (= #19349 0)) (not (or #4126 #4156 #4192 #19340 #19341 #19415 #19345 #19353 #19356 #19359))) (c)
  (not (if (or #19340 #19347) (not #19351) (not #19361))) (o)
    (= (if (or #18282 #21082 #21049 #21054 #21065 #20963 #20931 #20912 #20824 #20791 #20324 #14347) (if #14210 #13304 467) (if #21081 #13639 224)) 417) (c)
    (not (= (if #14348 #13305 #13641) 417)) (o)
      (or (not (= i844 1)) (= i1041 0) (not (or #4126 #4151 #4182)) (if (or #4126 #4151) (not #19336) (not #19416)) (not (or #4126 #4156 #19417 #19341 #19415 #19345)) (if (or #19340 #19347) (not #19351) (not #19361)) (if (or #19340 #19347) (= #19349 0) (not #19327)) (not (or #4126 #4151 #19339 #19340 #19347 #19282)) (not (or #4126 #4151 #19339 #19282))) (c)
      (not (or (not #4125) (= i1041 0) (not #19416) (if #4152 #19337 #19339) (not #19414) (if #19348 #19412 #19410) (if #19348 #19351 #19281) (not #19326) (not #19283))) (a)
null (o)
  (if (or (if #4152 #19337 #19339) (not #19414)) (not (= #19349 0)) (not (or #4126 #4156 #4192 #19340 #19341 #19415 #19345 #19353 #19356 #19359))) (c)
  (not (if (or #19340 #19347) (not #19351) (not #19361))) (o)
    (= (if (or #18282 #21082 #21049 #21054 #21065 #20963 #20931 #20912 #20824 #20791 #20324 #14347) (if #14210 #13304 467) (if #21081 #13639 224)) 417) (c)
    (not (= (if #14348 #13305 #13641) 417)) (o)
      (or (not (= i844 1)) (= i1041 0) (not (or #4126 #4151 #4182)) (if (or #4126 #4151) (not #19336) (not #19416)) (not (or #4126 #4156 #19417 #19341 #19415 #19345)) (if (or #19340 #19347) (not #19351) (not #19361)) (if (or #19340 #19347) (= #19349 0) (not #19327)) (not (or #4126 #4151 #19339 #19340 #19347 #19282)) (not (or #4126 #4151 #19339 #19282))) (c)
      (not (or (not #4125) (= i1041 0) (not #19416) (if #4152 #19337 #19339) (not #19414) (if #19348 #19412 #19410) (if #19348 #19351 #19281) (not #19326) (not #19283))) (a)

Worker 1 CUBE SIZE IN MAIN LOOP: 3
 Checking cube
(not (or (not #27) (= i1041 0) (not #1498) (if #31 #1503 #1499) (not #1787) (if #1789 #1793 #1802) (if #1789 #1792 #1818) (not #1823) (not #1825)))
(not (= (if #5823 #5880 #5859) 417))
(not (if (or #1504 #1788) (not #1792) (not #1801)))
with max_conflicts: 3375
Worker 0 DONE checking cube l_false
Worker 0 found unsat cube
Batch manager backtracking.
(not (or (not #27) (= i1041 0) (not #1498) (if #31 #1503 #1499) (not #1787) (if #1789 #1793 #1802) (if #1789 #1792 #1818) (not #1823) (not #1825)))
(not (= (if #5823 #5880 #5859) 417))

null (o)
  (if (or (if #4152 #19337 #19339) (not #19414)) (not (= #19349 0)) (not (or #4126 #4156 #4192 #19340 #19341 #19415 #19345 #19353 #19356 #19359))) (c)
  (not (if (or #19340 #19347) (not #19351) (not #19361))) (o)
    (= (if (or #18282 #21082 #21049 #21054 #21065 #20963 #20931 #20912 #20824 #20791 #20324 #14347) (if #14210 #13304 467) (if #21081 #13639 224)) 417) (c)
    (not (= (if #14348 #13305 #13641) 417)) (c)
      (or (not (= i844 1)) (= i1041 0) (not (or #4126 #4151 #4182)) (if (or #4126 #4151) (not #19336) (not #19416)) (not (or #4126 #4156 #19417 #19341 #19415 #19345)) (if (or #19340 #19347) (not #19351) (not #19361)) (if (or #19340 #19347) (= #19349 0) (not #19327)) (not (or #4126 #4151 #19339 #19340 #19347 #19282)) (not (or #4126 #4151 #19339 #19282))) (c)
      (not (or (not #4125) (= i1041 0) (not #19416) (if #4152 #19337 #19339) (not #19414) (if #19348 #19412 #19410) (if #19348 #19351 #19281) (not #19326) (not #19283))) (c)
Worker 0 no more cubes
Worker 1 DONE checking cube l_false
Worker 1 found unsat cube
Batch manager backtracking.
(not (or (not #27) (= i1041 0) (not #1498) (if #31 #1503 #1499) (not #1787) (if #1789 #1793 #1802) (if #1789 #1792 #1818) (not #1823) (not #1825)))

null (c)
  (if (or (if #4152 #19337 #19339) (not #19414)) (not (= #19349 0)) (not (or #4126 #4156 #4192 #19340 #19341 #19415 #19345 #19353 #19356 #19359))) (c)
  (not (if (or #19340 #19347) (not #19351) (not #19361))) (c)
    (= (if (or #18282 #21082 #21049 #21054 #21065 #20963 #20931 #20912 #20824 #20791 #20324 #14347) (if #14210 #13304 467) (if #21081 #13639 224)) 417) (c)
    (not (= (if #14348 #13305 #13641) 417)) (c)
      (or (not (= i844 1)) (= i1041 0) (not (or #4126 #4151 #4182)) (if (or #4126 #4151) (not #19336) (not #19416)) (not (or #4126 #4156 #19417 #19341 #19415 #19345)) (if (or #19340 #19347) (not #19351) (not #19361)) (if (or #19340 #19347) (= #19349 0) (not #19327)) (not (or #4126 #4151 #19339 #19340 #19347 #19282)) (not (or #4126 #4151 #19339 #19282))) (c)
      (not (or (not #4125) (= i1041 0) (not #19416) (if #4152 #19337 #19339) (not #19414) (if #19348 #19412 #19410) (if #19348 #19351 #19281) (not #19326) (not #19283))) (c)
Canceling workers
Worker 0 canceling
Worker 1 canceling
Worker 2 canceling
Worker 3 canceling
Worker 2 DONE checking cube l_undef
Worker 3 DONE checking cube l_undef
all done
Worker 1 no more cubes
Batch manager setting exception msg: context cancelled.
Batch manager setting exception msg: context cancelled.
unsat
(:added-eqs                   1737576
 :arith-eq-adapter            3262
 :arith-bound-propagations-lp 196641
 :arith-conflicts             617
 :arith-diseq                 131741
 :arith-fixed-eqs             200028
 :arith-lower                 119281
 :arith-make-feasible         58938
 :arith-max-columns           1685
 :arith-max-rows              705
 :arith-offset-eqs            58696
 :arith-upper                 197660
 :binary-propagations         4309645
 :conflicts                   27631
 :decisions                   594451
 :del-clause                  23861
 :max-memory                  114.22
 :memory                      19.19
 :minimized-lits              171819
 :mk-bool-var                 22711
 :mk-clause                   40866
 :mk-clause-binary            61474
 :num-allocs                  62178452
 :num-checks                  24
 :parallel-max-cube-size      3
 :parallel-num_cubes          12
 :propagations                6179342
 :restarts                    236
 :rlimit-count                18288250
 :time                        0.80
 :total-time                  2.88)
