Worker 0 created with 0 assumptions
Worker 1 created with 0 assumptions
Worker 2 created with 0 assumptions
Worker 3 created with 0 assumptions
null (a)

Worker 2 CUBE SIZE IN MAIN LOOP: 0
 Checking cube
with max_conflicts: 1000
null (a)

Worker 0 CUBE SIZE IN MAIN LOOP: 0
 Checking cube
with max_conflicts: 1000
null (a)

Worker 3 CUBE SIZE IN MAIN LOOP: 0
 Checking cube
with max_conflicts: 1000
null (a)

Worker 1 CUBE SIZE IN MAIN LOOP: 0
 Checking cube
with max_conflicts: 1000
Worker 1 DONE checking cube l_undef
Worker 1 found undef cube
Batch manager splitting on literal: (= i844 1)
null (o)
  (= i844 1) (a)
  (not (= i844 1)) (o)

Worker 1 CUBE SIZE IN MAIN LOOP: 1
 Checking cube
(= i844 1)
with max_conflicts: 1500
Worker 0 DONE checking cube l_undef
Worker 0 found undef cube
Batch manager splitting on literal: (= i844 1)
null (o)
  (= i844 1) (a)
  (not (= i844 1)) (a)

Worker 0 CUBE SIZE IN MAIN LOOP: 1
 Checking cube
(not (= i844 1))
with max_conflicts: 1500
Worker 2 DONE checking cube l_undef
Worker 2 found undef cube
Batch manager splitting on literal: (<= (+ (if #4125 143 0) (* -1 #4566)) 0)
null (o)
  (= i844 1) (a)
  (not (= i844 1)) (a)

Worker 2 CUBE SIZE IN MAIN LOOP: 1
 Checking cube
(= i844 1)
with max_conflicts: 1500
Worker 3 DONE checking cube l_undef
Worker 3 found undef cube
Batch manager splitting on literal: (<= (+ (if #4125 143 0) (* -1 #4566)) 0)
null (o)
  (= i844 1) (a)
  (not (= i844 1)) (a)

Worker 3 CUBE SIZE IN MAIN LOOP: 1
 Checking cube
(= i844 1)
with max_conflicts: 1500
Worker 0 DONE checking cube l_false
Worker 0 found unsat cube
Batch manager backtracking.
(not (= i844 1))

null (o)
  (= i844 1) (a)
  (not (= i844 1)) (c)
null (o)
  (= i844 1) (a)
  (not (= i844 1)) (c)

Worker 0 CUBE SIZE IN MAIN LOOP: 1
 Checking cube
(= i844 1)
with max_conflicts: 1500
Worker 1 DONE checking cube l_undef
Worker 1 found undef cube
Batch manager splitting on literal: (or (if (or #19089 #18932) (not #18855) (not #18717)) (if (or #19089 #18932) (= #18931 0) (not #18650)) (not (or #19089 #18932 #18658)) (not (or #19089 #18932 #18280 #18666)) (not (or #19089 #18932 #18280 #18888 #18860 #18676)) (not (or #19089 #18932 #18280 #18888 #18860 #18865 #18608)) (not (or #19089 #18932 #18280 #18888 #18860 #18865 #18617)) (not (or #19089 #18932 #18280 #18888 #18860 #18865 #18868 #18265 #18629)) (not (or #19089 #18932 #18280 #18888 #18860 #18865 #18868 #18265 #18638)) (not (or #19089 #18932 #18280 #18888 #18860 #18865 #18868 #18265 #18873 #18808 #18570)) (not (or #19089 #18932 #18280 #18888 #18860 #18865 #18868 #18265 #18873 #18808 #18879 #18578)) (not (or #19089 #18932 #18280 #18888 #18860 #18865 #18868 #18265 #18873 #18808 #18879 #18831 #18792 #18804 #18802 #18814 ...)) (not (or #19089 #18932 #18280 #18888 #18860 #18865 #18868 #18265 #18873 #18808 #18879 #18831 #18596)) (not (or #19089 #18932 #18280 #18888 #18860 #18865 #18868 #18265 #18873 #18808 #18879 #18831 #18605)) (not (or #18535 #18144)))
null (o)
  (= i844 1) (o)
    (or (if (or #19089 #18932) (not #18855) (not #18717)) (if (or #19089 #18932) (= #18931 0) (not #18650)) (not (or #19089 #18932 #18658)) (not (or #19089 #18932 #18280 #18666)) (not (or #19089 #18932 #18280 #18888 #18860 #18676)) (not (or #19089 #18932 #18280 #18888 #18860 #18865 #18608)) (not (or #19089 #18932 #18280 #18888 #18860 #18865 #18617)) (not (or #19089 #18932 #18280 #18888 #18860 #18865 #18868 #18265 #18629)) (not (or #19089 #18932 #18280 #18888 #18860 #18865 #18868 #18265 #18638)) (not (or #19089 #18932 #18280 #18888 #18860 #18865 #18868 #18265 #18873 #18808 #18570)) (not (or #19089 #18932 #18280 #18888 #18860 #18865 #18868 #18265 #18873 #18808 #18879 #18578)) (not (or #19089 #18932 #18280 #18888 #18860 #18865 #18868 #18265 #18873 #18808 #18879 #18831 #18792 #18804 #18802 #18814 ...)) (not (or #19089 #18932 #18280 #18888 #18860 #18865 #18868 #18265 #18873 #18808 #18879 #18831 #18596)) (not (or #19089 #18932 #18280 #18888 #18860 #18865 #18868 #18265 #18873 #18808 #18879 #18831 #18605)) (not (or #18535 #18144))) (o)
    (not (or (if #18853 #18270 #18718) (if #18853 #18855 #18651) (not #18659) (not #18669) (not #18677) (not #18609) (not #18618) (not #18630) (not #18639) (not #18571) (not #18579) (not #18589) (not #18597) (not #18606) (not #18205))) (a)
  (not (= i844 1)) (c)

Worker 1 CUBE SIZE IN MAIN LOOP: 2
 Checking cube
(not (or (if #2973 #3569 #3573) (if #2973 #3568 #3583) (not #3592) (not #3600) (not #3608) (not #3616) (not #3625) (not #3633) (not #3642) (not #3654) (not #3680) (not #3688) (not #3697) (not #3706) (not #4359)))
(= i844 1)
with max_conflicts: 2250
Worker 1 DONE checking cube l_false
Worker 1 found unsat cube
Batch manager backtracking.
(not (or (if #2973 #3569 #3573) (if #2973 #3568 #3583) (not #3592) (not #3600) (not #3608) (not #3616) (not #3625) (not #3633) (not #3642) (not #3654) (not #3680) (not #3688) (not #3697) (not #3706) (not #4359)))

null (o)
  (= i844 1) (o)
    (or (if (or #19089 #18932) (not #18855) (not #18717)) (if (or #19089 #18932) (= #18931 0) (not #18650)) (not (or #19089 #18932 #18658)) (not (or #19089 #18932 #18280 #18666)) (not (or #19089 #18932 #18280 #18888 #18860 #18676)) (not (or #19089 #18932 #18280 #18888 #18860 #18865 #18608)) (not (or #19089 #18932 #18280 #18888 #18860 #18865 #18617)) (not (or #19089 #18932 #18280 #18888 #18860 #18865 #18868 #18265 #18629)) (not (or #19089 #18932 #18280 #18888 #18860 #18865 #18868 #18265 #18638)) (not (or #19089 #18932 #18280 #18888 #18860 #18865 #18868 #18265 #18873 #18808 #18570)) (not (or #19089 #18932 #18280 #18888 #18860 #18865 #18868 #18265 #18873 #18808 #18879 #18578)) (not (or #19089 #18932 #18280 #18888 #18860 #18865 #18868 #18265 #18873 #18808 #18879 #18831 #18792 #18804 #18802 #18814 ...)) (not (or #19089 #18932 #18280 #18888 #18860 #18865 #18868 #18265 #18873 #18808 #18879 #18831 #18596)) (not (or #19089 #18932 #18280 #18888 #18860 #18865 #18868 #18265 #18873 #18808 #18879 #18831 #18605)) (not (or #18535 #18144))) (o)
    (not (or (if #18853 #18270 #18718) (if #18853 #18855 #18651) (not #18659) (not #18669) (not #18677) (not #18609) (not #18618) (not #18630) (not #18639) (not #18571) (not #18579) (not #18589) (not #18597) (not #18606) (not #18205))) (c)
  (not (= i844 1)) (c)
null (o)
  (= i844 1) (o)
    (or (if (or #19089 #18932) (not #18855) (not #18717)) (if (or #19089 #18932) (= #18931 0) (not #18650)) (not (or #19089 #18932 #18658)) (not (or #19089 #18932 #18280 #18666)) (not (or #19089 #18932 #18280 #18888 #18860 #18676)) (not (or #19089 #18932 #18280 #18888 #18860 #18865 #18608)) (not (or #19089 #18932 #18280 #18888 #18860 #18865 #18617)) (not (or #19089 #18932 #18280 #18888 #18860 #18865 #18868 #18265 #18629)) (not (or #19089 #18932 #18280 #18888 #18860 #18865 #18868 #18265 #18638)) (not (or #19089 #18932 #18280 #18888 #18860 #18865 #18868 #18265 #18873 #18808 #18570)) (not (or #19089 #18932 #18280 #18888 #18860 #18865 #18868 #18265 #18873 #18808 #18879 #18578)) (not (or #19089 #18932 #18280 #18888 #18860 #18865 #18868 #18265 #18873 #18808 #18879 #18831 #18792 #18804 #18802 #18814 ...)) (not (or #19089 #18932 #18280 #18888 #18860 #18865 #18868 #18265 #18873 #18808 #18879 #18831 #18596)) (not (or #19089 #18932 #18280 #18888 #18860 #18865 #18868 #18265 #18873 #18808 #18879 #18831 #18605)) (not (or #18535 #18144))) (a)
    (not (or (if #18853 #18270 #18718) (if #18853 #18855 #18651) (not #18659) (not #18669) (not #18677) (not #18609) (not #18618) (not #18630) (not #18639) (not #18571) (not #18579) (not #18589) (not #18597) (not #18606) (not #18205))) (c)
  (not (= i844 1)) (c)

Worker 1 CUBE SIZE IN MAIN LOOP: 2
 Checking cube
(or (if (or #2478 #2972) (not #3568) (not #3572)) (if (or #2478 #2972) (= #3567 0) (not #3582)) (not (or #2478 #2972 #3591)) (not (or #2478 #2972 #2985 #3596)) (not (or #2478 #2972 #2985 #2993 #3001 #3607)) (not (or #2478 #2972 #2985 #2993 #3001 #3009 #3615)) (not (or #2478 #2972 #2985 #2993 #3001 #3009 #3624)) (not (or #2478 #2972 #2985 #2993 #3001 #3009 #3013 #3020 #3632)) (not (or #2478 #2972 #2985 #2993 #3001 #3009 #3013 #3020 #3641)) (not (or #2478 #2972 #2985 #2993 #3001 #3009 #3013 #3020 #3025 #3051 #3653)) (not (or #2478 #2972 #2985 #2993 #3001 #3009 #3013 #3020 #3025 #3051 #3060 #3679)) (not (or #2478 #2972 #2985 #2993 #3001 #3009 #3013 #3020 #3025 #3051 #3060 #3068 #3076 #3084 #3093 #3102 ...)) (not (or #2478 #2972 #2985 #2993 #3001 #3009 #3013 #3020 #3025 #3051 #3060 #3068 #3696)) (not (or #2478 #2972 #2985 #2993 #3001 #3009 #3013 #3020 #3025 #3051 #3060 #3068 #3705)) (not (or #3709 #4358)))
(= i844 1)
with max_conflicts: 2250
Worker 2 DONE checking cube l_undef
Worker 2 found undef cube
Batch manager splitting on literal: (= (if (or #21081 #15866 #15906 #15916 #15720 #15561 #15572 #15582 #15389 #15398 #14406 #12234) (if #12143 #11752 467) (if #15864 #11817 224)) 417)
null (o)
  (= i844 1) (o)
    (or (if (or #19089 #18932) (not #18855) (not #18717)) (if (or #19089 #18932) (= #18931 0) (not #18650)) (not (or #19089 #18932 #18658)) (not (or #19089 #18932 #18280 #18666)) (not (or #19089 #18932 #18280 #18888 #18860 #18676)) (not (or #19089 #18932 #18280 #18888 #18860 #18865 #18608)) (not (or #19089 #18932 #18280 #18888 #18860 #18865 #18617)) (not (or #19089 #18932 #18280 #18888 #18860 #18865 #18868 #18265 #18629)) (not (or #19089 #18932 #18280 #18888 #18860 #18865 #18868 #18265 #18638)) (not (or #19089 #18932 #18280 #18888 #18860 #18865 #18868 #18265 #18873 #18808 #18570)) (not (or #19089 #18932 #18280 #18888 #18860 #18865 #18868 #18265 #18873 #18808 #18879 #18578)) (not (or #19089 #18932 #18280 #18888 #18860 #18865 #18868 #18265 #18873 #18808 #18879 #18831 #18792 #18804 #18802 #18814 ...)) (not (or #19089 #18932 #18280 #18888 #18860 #18865 #18868 #18265 #18873 #18808 #18879 #18831 #18596)) (not (or #19089 #18932 #18280 #18888 #18860 #18865 #18868 #18265 #18873 #18808 #18879 #18831 #18605)) (not (or #18535 #18144))) (a)
    (not (or (if #18853 #18270 #18718) (if #18853 #18855 #18651) (not #18659) (not #18669) (not #18677) (not #18609) (not #18618) (not #18630) (not #18639) (not #18571) (not #18579) (not #18589) (not #18597) (not #18606) (not #18205))) (c)
  (not (= i844 1)) (c)

Worker 2 CUBE SIZE IN MAIN LOOP: 2
 Checking cube
(or (if (or #2478 #2972) (not #3568) (not #3572)) (if (or #2478 #2972) (= #3567 0) (not #3582)) (not (or #2478 #2972 #3591)) (not (or #2478 #2972 #2985 #3596)) (not (or #2478 #2972 #2985 #2993 #3001 #3607)) (not (or #2478 #2972 #2985 #2993 #3001 #3009 #3615)) (not (or #2478 #2972 #2985 #2993 #3001 #3009 #3624)) (not (or #2478 #2972 #2985 #2993 #3001 #3009 #3013 #3020 #3632)) (not (or #2478 #2972 #2985 #2993 #3001 #3009 #3013 #3020 #3641)) (not (or #2478 #2972 #2985 #2993 #3001 #3009 #3013 #3020 #3025 #3051 #3653)) (not (or #2478 #2972 #2985 #2993 #3001 #3009 #3013 #3020 #3025 #3051 #3060 #3679)) (not (or #2478 #2972 #2985 #2993 #3001 #3009 #3013 #3020 #3025 #3051 #3060 #3068 #3076 #3084 #3093 #3102 ...)) (not (or #2478 #2972 #2985 #2993 #3001 #3009 #3013 #3020 #3025 #3051 #3060 #3068 #3696)) (not (or #2478 #2972 #2985 #2993 #3001 #3009 #3013 #3020 #3025 #3051 #3060 #3068 #3705)) (not (or #3709 #4358)))
(= i844 1)
with max_conflicts: 2250
Worker 3 DONE checking cube l_undef
Worker 3 found undef cube
Batch manager splitting on literal: (= (if (or #18281 #21081 #21091 #21053 #21063 #20962 #20930 #20911 #20823 #20790 #20592 #14346) (if #14209 #13303 467) (if #21079 #13638 224)) 417)
null (o)
  (= i844 1) (o)
    (or (if (or #19089 #18932) (not #18855) (not #18717)) (if (or #19089 #18932) (= #18931 0) (not #18650)) (not (or #19089 #18932 #18658)) (not (or #19089 #18932 #18280 #18666)) (not (or #19089 #18932 #18280 #18888 #18860 #18676)) (not (or #19089 #18932 #18280 #18888 #18860 #18865 #18608)) (not (or #19089 #18932 #18280 #18888 #18860 #18865 #18617)) (not (or #19089 #18932 #18280 #18888 #18860 #18865 #18868 #18265 #18629)) (not (or #19089 #18932 #18280 #18888 #18860 #18865 #18868 #18265 #18638)) (not (or #19089 #18932 #18280 #18888 #18860 #18865 #18868 #18265 #18873 #18808 #18570)) (not (or #19089 #18932 #18280 #18888 #18860 #18865 #18868 #18265 #18873 #18808 #18879 #18578)) (not (or #19089 #18932 #18280 #18888 #18860 #18865 #18868 #18265 #18873 #18808 #18879 #18831 #18792 #18804 #18802 #18814 ...)) (not (or #19089 #18932 #18280 #18888 #18860 #18865 #18868 #18265 #18873 #18808 #18879 #18831 #18596)) (not (or #19089 #18932 #18280 #18888 #18860 #18865 #18868 #18265 #18873 #18808 #18879 #18831 #18605)) (not (or #18535 #18144))) (a)
    (not (or (if #18853 #18270 #18718) (if #18853 #18855 #18651) (not #18659) (not #18669) (not #18677) (not #18609) (not #18618) (not #18630) (not #18639) (not #18571) (not #18579) (not #18589) (not #18597) (not #18606) (not #18205))) (c)
  (not (= i844 1)) (c)

Worker 3 CUBE SIZE IN MAIN LOOP: 2
 Checking cube
(or (if (or #2478 #2972) (not #3568) (not #3572)) (if (or #2478 #2972) (= #3567 0) (not #3582)) (not (or #2478 #2972 #3591)) (not (or #2478 #2972 #2985 #3596)) (not (or #2478 #2972 #2985 #2993 #3001 #3607)) (not (or #2478 #2972 #2985 #2993 #3001 #3009 #3615)) (not (or #2478 #2972 #2985 #2993 #3001 #3009 #3624)) (not (or #2478 #2972 #2985 #2993 #3001 #3009 #3013 #3020 #3632)) (not (or #2478 #2972 #2985 #2993 #3001 #3009 #3013 #3020 #3641)) (not (or #2478 #2972 #2985 #2993 #3001 #3009 #3013 #3020 #3025 #3051 #3653)) (not (or #2478 #2972 #2985 #2993 #3001 #3009 #3013 #3020 #3025 #3051 #3060 #3679)) (not (or #2478 #2972 #2985 #2993 #3001 #3009 #3013 #3020 #3025 #3051 #3060 #3068 #3076 #3084 #3093 #3102 ...)) (not (or #2478 #2972 #2985 #2993 #3001 #3009 #3013 #3020 #3025 #3051 #3060 #3068 #3696)) (not (or #2478 #2972 #2985 #2993 #3001 #3009 #3013 #3020 #3025 #3051 #3060 #3068 #3705)) (not (or #3709 #4358)))
(= i844 1)
with max_conflicts: 2250
Worker 0 DONE checking cube l_undef
Worker 0 found undef cube
Batch manager splitting on literal: (or (if (or #19340 #19347) (not #19351) (not #19361)) (not (or #4126 #4156 #4192 #19340 #19341 #19347 #19353 #19356 #19359 #19281 #19326 #19342 #19285)) (not (or #19362 #19286 #19288 #19323 #19358 #19322 #19321 #19298 #19319 #19305 #19307 #19309 #19224 #19226)) (not (or #19362 #19286 #19300 #19319 #19305 #19307 #19309 #19224 #19226 #19229 #19315 #19313 #19270 #19218 #19175 #19177 ...)) (not (or #19362 #19286 #19227 #19213)) (not (or #19362 #19286 #19227 #19189 #19315)) (not (or #4126 #4151 #19339 #19340 #19347 #19362 #19281 #19334 #19286 #19323 #19319 #19305 #19227 #19315 #19313 #19270 ...)) (not (or #19219 #19066)))
null (o)
  (= i844 1) (o)
    (or (if (or #19089 #18932) (not #18855) (not #18717)) (if (or #19089 #18932) (= #18931 0) (not #18650)) (not (or #19089 #18932 #18658)) (not (or #19089 #18932 #18280 #18666)) (not (or #19089 #18932 #18280 #18888 #18860 #18676)) (not (or #19089 #18932 #18280 #18888 #18860 #18865 #18608)) (not (or #19089 #18932 #18280 #18888 #18860 #18865 #18617)) (not (or #19089 #18932 #18280 #18888 #18860 #18865 #18868 #18265 #18629)) (not (or #19089 #18932 #18280 #18888 #18860 #18865 #18868 #18265 #18638)) (not (or #19089 #18932 #18280 #18888 #18860 #18865 #18868 #18265 #18873 #18808 #18570)) (not (or #19089 #18932 #18280 #18888 #18860 #18865 #18868 #18265 #18873 #18808 #18879 #18578)) (not (or #19089 #18932 #18280 #18888 #18860 #18865 #18868 #18265 #18873 #18808 #18879 #18831 #18792 #18804 #18802 #18814 ...)) (not (or #19089 #18932 #18280 #18888 #18860 #18865 #18868 #18265 #18873 #18808 #18879 #18831 #18596)) (not (or #19089 #18932 #18280 #18888 #18860 #18865 #18868 #18265 #18873 #18808 #18879 #18831 #18605)) (not (or #18535 #18144))) (a)
    (not (or (if #18853 #18270 #18718) (if #18853 #18855 #18651) (not #18659) (not #18669) (not #18677) (not #18609) (not #18618) (not #18630) (not #18639) (not #18571) (not #18579) (not #18589) (not #18597) (not #18606) (not #18205))) (c)
  (not (= i844 1)) (c)

Worker 0 CUBE SIZE IN MAIN LOOP: 2
 Checking cube
(or (if (or #2478 #2972) (not #3568) (not #3572)) (if (or #2478 #2972) (= #3567 0) (not #3582)) (not (or #2478 #2972 #3591)) (not (or #2478 #2972 #2985 #3596)) (not (or #2478 #2972 #2985 #2993 #3001 #3607)) (not (or #2478 #2972 #2985 #2993 #3001 #3009 #3615)) (not (or #2478 #2972 #2985 #2993 #3001 #3009 #3624)) (not (or #2478 #2972 #2985 #2993 #3001 #3009 #3013 #3020 #3632)) (not (or #2478 #2972 #2985 #2993 #3001 #3009 #3013 #3020 #3641)) (not (or #2478 #2972 #2985 #2993 #3001 #3009 #3013 #3020 #3025 #3051 #3653)) (not (or #2478 #2972 #2985 #2993 #3001 #3009 #3013 #3020 #3025 #3051 #3060 #3679)) (not (or #2478 #2972 #2985 #2993 #3001 #3009 #3013 #3020 #3025 #3051 #3060 #3068 #3076 #3084 #3093 #3102 ...)) (not (or #2478 #2972 #2985 #2993 #3001 #3009 #3013 #3020 #3025 #3051 #3060 #3068 #3696)) (not (or #2478 #2972 #2985 #2993 #3001 #3009 #3013 #3020 #3025 #3051 #3060 #3068 #3705)) (not (or #3709 #4358)))
(= i844 1)
with max_conflicts: 2250
Worker 3 DONE checking cube l_false
Worker 3 found unsat cube
Batch manager backtracking.
(or (if (or #2478 #2972) (not #3568) (not #3572)) (if (or #2478 #2972) (= #3567 0) (not #3582)) (not (or #2478 #2972 #3591)) (not (or #2478 #2972 #2985 #3596)) (not (or #2478 #2972 #2985 #2993 #3001 #3607)) (not (or #2478 #2972 #2985 #2993 #3001 #3009 #3615)) (not (or #2478 #2972 #2985 #2993 #3001 #3009 #3624)) (not (or #2478 #2972 #2985 #2993 #3001 #3009 #3013 #3020 #3632)) (not (or #2478 #2972 #2985 #2993 #3001 #3009 #3013 #3020 #3641)) (not (or #2478 #2972 #2985 #2993 #3001 #3009 #3013 #3020 #3025 #3051 #3653)) (not (or #2478 #2972 #2985 #2993 #3001 #3009 #3013 #3020 #3025 #3051 #3060 #3679)) (not (or #2478 #2972 #2985 #2993 #3001 #3009 #3013 #3020 #3025 #3051 #3060 #3068 #3076 #3084 #3093 #3102 ...)) (not (or #2478 #2972 #2985 #2993 #3001 #3009 #3013 #3020 #3025 #3051 #3060 #3068 #3696)) (not (or #2478 #2972 #2985 #2993 #3001 #3009 #3013 #3020 #3025 #3051 #3060 #3068 #3705)) (not (or #3709 #4358)))

null (c)
  (= i844 1) (c)
    (or (if (or #19089 #18932) (not #18855) (not #18717)) (if (or #19089 #18932) (= #18931 0) (not #18650)) (not (or #19089 #18932 #18658)) (not (or #19089 #18932 #18280 #18666)) (not (or #19089 #18932 #18280 #18888 #18860 #18676)) (not (or #19089 #18932 #18280 #18888 #18860 #18865 #18608)) (not (or #19089 #18932 #18280 #18888 #18860 #18865 #18617)) (not (or #19089 #18932 #18280 #18888 #18860 #18865 #18868 #18265 #18629)) (not (or #19089 #18932 #18280 #18888 #18860 #18865 #18868 #18265 #18638)) (not (or #19089 #18932 #18280 #18888 #18860 #18865 #18868 #18265 #18873 #18808 #18570)) (not (or #19089 #18932 #18280 #18888 #18860 #18865 #18868 #18265 #18873 #18808 #18879 #18578)) (not (or #19089 #18932 #18280 #18888 #18860 #18865 #18868 #18265 #18873 #18808 #18879 #18831 #18792 #18804 #18802 #18814 ...)) (not (or #19089 #18932 #18280 #18888 #18860 #18865 #18868 #18265 #18873 #18808 #18879 #18831 #18596)) (not (or #19089 #18932 #18280 #18888 #18860 #18865 #18868 #18265 #18873 #18808 #18879 #18831 #18605)) (not (or #18535 #18144))) (c)
    (not (or (if #18853 #18270 #18718) (if #18853 #18855 #18651) (not #18659) (not #18669) (not #18677) (not #18609) (not #18618) (not #18630) (not #18639) (not #18571) (not #18579) (not #18589) (not #18597) (not #18606) (not #18205))) (c)
  (not (= i844 1)) (c)
Canceling workers
Worker 0 canceling
Worker 1 canceling
Worker 2 canceling
Worker 3 canceling
all done
Worker 3 no more cubes
Worker 1 DONE checking cube l_undef
Batch manager setting exception msg: context cancelled.
Worker 2 DONE checking cube l_undef
Batch manager setting exception msg: context cancelled.
Worker 0 DONE checking cube l_undef
Batch manager setting exception msg: context cancelled.
unsat
(:added-eqs                   1080669
 :arith-eq-adapter            2864
 :arith-bound-propagations-lp 132607
 :arith-conflicts             501
 :arith-diseq                 95305
 :arith-fixed-eqs             134779
 :arith-lower                 88770
 :arith-make-feasible         44255
 :arith-max-columns           1660
 :arith-max-rows              680
 :arith-offset-eqs            42167
 :arith-upper                 149680
 :binary-propagations         3095330
 :conflicts                   18687
 :decisions                   408372
 :del-clause                  12220
 :max-memory                  113.32
 :memory                      19.17
 :minimized-lits              99492
 :mk-bool-var                 21589
 :mk-clause                   30587
 :mk-clause-binary            61279
 :num-allocs                  53545973
 :num-checks                  15
 :parallel-max-cube-size      2
 :parallel-num_cubes          8
 :propagations                4473224
 :restarts                    161
 :rlimit-count                12910779
 :time                        0.57
 :total-time                  2.00)
