Worker 0 created with 0 assumptions
Worker 1 created with 0 assumptions
Worker 2 created with 0 assumptions
Worker 3 created with 0 assumptions
null (a)

Worker 1 CUBE SIZE IN MAIN LOOP: 0
 Checking cube
with max_conflicts: 1000
null (a)

Worker 0 CUBE SIZE IN MAIN LOOP: 0
 Checking cube
with max_conflicts: 1000
null (a)

Worker 3 CUBE SIZE IN MAIN LOOP: 0
 Checking cube
with max_conflicts: 1000
null (a)

Worker 2 CUBE SIZE IN MAIN LOOP: 0
 Checking cube
with max_conflicts: 1000
Worker 1 DONE checking cube l_undef
Worker 1 found undef cube
Batch manager splitting on literal: (if (or (if #4152 #19337 #19339) (not #19414)) (not (= #19349 0)) (not (or #4126 #4156 #4192 #19340 #19341 #19415 #19345 #19353 #19356 #19359)))
null (o)
  (if (or (if #4152 #19337 #19339) (not #19414)) (not (= #19349 0)) (not (or #4126 #4156 #4192 #19340 #19341 #19415 #19345 #19353 #19356 #19359))) (a)
  (not (if (or #19340 #19347) (not #19351) (not #19361))) (o)

Worker 1 CUBE SIZE IN MAIN LOOP: 1
 Checking cube
(if (or (if #31 #1503 #1499) (not #1787)) (not (= #1791 0)) (not (or #28 #32 #48 #1504 #1506 #1508 #1510 #1796 #1798 #1800)))
with max_conflicts: 1500
Worker 2 DONE checking cube l_undef
Worker 2 found undef cube
Batch manager splitting on literal: (= i844 1)
null (o)
  (if (or (if #4152 #19337 #19339) (not #19414)) (not (= #19349 0)) (not (or #4126 #4156 #4192 #19340 #19341 #19415 #19345 #19353 #19356 #19359))) (a)
  (not (if (or #19340 #19347) (not #19351) (not #19361))) (a)

Worker 2 CUBE SIZE IN MAIN LOOP: 1
 Checking cube
(not (if (or #1504 #1788) (not #1792) (not #1801)))
with max_conflicts: 1500
Worker 3 DONE checking cube l_undef
Worker 3 found undef cube
Batch manager splitting on literal: (<= (+ (if #4125 143 0) (* -1 #4566)) 0)
null (o)
  (if (or (if #4152 #19337 #19339) (not #19414)) (not (= #19349 0)) (not (or #4126 #4156 #4192 #19340 #19341 #19415 #19345 #19353 #19356 #19359))) (a)
  (not (if (or #19340 #19347) (not #19351) (not #19361))) (a)

Worker 3 CUBE SIZE IN MAIN LOOP: 1
 Checking cube
(if (or (if #31 #1503 #1499) (not #1787)) (not (= #1791 0)) (not (or #28 #32 #48 #1504 #1506 #1508 #1510 #1796 #1798 #1800)))
with max_conflicts: 1500
Worker 0 DONE checking cube l_undef
Worker 0 found undef cube
Batch manager splitting on literal: (= i844 1)
null (o)
  (if (or (if #4152 #19337 #19339) (not #19414)) (not (= #19349 0)) (not (or #4126 #4156 #4192 #19340 #19341 #19415 #19345 #19353 #19356 #19359))) (a)
  (not (if (or #19340 #19347) (not #19351) (not #19361))) (a)

Worker 0 CUBE SIZE IN MAIN LOOP: 1
 Checking cube
(if (or (if #31 #1503 #1499) (not #1787)) (not (= #1791 0)) (not (or #28 #32 #48 #1504 #1506 #1508 #1510 #1796 #1798 #1800)))
with max_conflicts: 1500
Worker 1 DONE checking cube l_false
Worker 1 found unsat cube
Batch manager backtracking.
(if (or (if #31 #1503 #1499) (not #1787)) (not (= #1791 0)) (not (or #28 #32 #48 #1504 #1506 #1508 #1510 #1796 #1798 #1800)))

null (o)
  (if (or (if #4152 #19337 #19339) (not #19414)) (not (= #19349 0)) (not (or #4126 #4156 #4192 #19340 #19341 #19415 #19345 #19353 #19356 #19359))) (c)
  (not (if (or #19340 #19347) (not #19351) (not #19361))) (a)
null (o)
  (if (or (if #4152 #19337 #19339) (not #19414)) (not (= #19349 0)) (not (or #4126 #4156 #4192 #19340 #19341 #19415 #19345 #19353 #19356 #19359))) (c)
  (not (if (or #19340 #19347) (not #19351) (not #19361))) (a)

Worker 3 DONE checking cube l_false
Worker 3 found unsat cube
Worker 1 CUBE SIZE IN MAIN LOOP: 1
 Checking cube
(not (if (or #1504 #1788) (not #1792) (not #1801)))
with max_conflicts: 1500
Batch manager backtracking.
(if (or (if #31 #1503 #1499) (not #1787)) (not (= #1791 0)) (not (or #28 #32 #48 #1504 #1506 #1508 #1510 #1796 #1798 #1800)))

null (o)
  (if (or (if #4152 #19337 #19339) (not #19414)) (not (= #19349 0)) (not (or #4126 #4156 #4192 #19340 #19341 #19415 #19345 #19353 #19356 #19359))) (c)
  (not (if (or #19340 #19347) (not #19351) (not #19361))) (a)
null (o)
  (if (or (if #4152 #19337 #19339) (not #19414)) (not (= #19349 0)) (not (or #4126 #4156 #4192 #19340 #19341 #19415 #19345 #19353 #19356 #19359))) (c)
  (not (if (or #19340 #19347) (not #19351) (not #19361))) (a)

Worker 3 CUBE SIZE IN MAIN LOOP: 1
 Checking cube
(not (if (or #1504 #1788) (not #1792) (not #1801)))
with max_conflicts: 1500
Worker 0 DONE checking cube l_false
Worker 0 found unsat cube
Batch manager backtracking.
(if (or (if #31 #1503 #1499) (not #1787)) (not (= #1791 0)) (not (or #28 #32 #48 #1504 #1506 #1508 #1510 #1796 #1798 #1800)))

null (o)
  (if (or (if #4152 #19337 #19339) (not #19414)) (not (= #19349 0)) (not (or #4126 #4156 #4192 #19340 #19341 #19415 #19345 #19353 #19356 #19359))) (c)
  (not (if (or #19340 #19347) (not #19351) (not #19361))) (a)
null (o)
  (if (or (if #4152 #19337 #19339) (not #19414)) (not (= #19349 0)) (not (or #4126 #4156 #4192 #19340 #19341 #19415 #19345 #19353 #19356 #19359))) (c)
  (not (if (or #19340 #19347) (not #19351) (not #19361))) (a)

Worker 0 CUBE SIZE IN MAIN LOOP: 1
 Checking cube
(not (if (or #1504 #1788) (not #1792) (not #1801)))
with max_conflicts: 1500
Worker 2 DONE checking cube l_undef
Worker 2 found undef cube
Batch manager splitting on literal: (= i844 1)
null (o)
  (if (or (if #4152 #19337 #19339) (not #19414)) (not (= #19349 0)) (not (or #4126 #4156 #4192 #19340 #19341 #19415 #19345 #19353 #19356 #19359))) (c)
  (not (if (or #19340 #19347) (not #19351) (not #19361))) (o)
    (= i844 1) (o)
    (not (= i844 1)) (a)

Worker 2 CUBE SIZE IN MAIN LOOP: 2
 Checking cube
(not (= i844 1))
(not (if (or #1504 #1788) (not #1792) (not #1801)))
with max_conflicts: 2250
Worker 0 DONE checking cube l_undef
Worker 0 found undef cube
Batch manager splitting on literal: (= i844 1)
null (o)
  (if (or (if #4152 #19337 #19339) (not #19414)) (not (= #19349 0)) (not (or #4126 #4156 #4192 #19340 #19341 #19415 #19345 #19353 #19356 #19359))) (c)
  (not (if (or #19340 #19347) (not #19351) (not #19361))) (o)
    (= i844 1) (a)
    (not (= i844 1)) (a)

Worker 0 CUBE SIZE IN MAIN LOOP: 2
 Checking cube
(= i844 1)
(not (if (or #1504 #1788) (not #1792) (not #1801)))
with max_conflicts: 2250
Worker 3 DONE checking cube l_undef
Worker 3 found undef cube
Batch manager splitting on literal: (or (if (or #19090 #18853) (not #18270) (not #18718)) (if (or #19090 #18853) (= #18855 0) (not #18651)) (not (or #19090 #18853 #18659)) (not (or #19090 #18853 #18242 #18669)) (not (or #19090 #18853 #18242 #18857 #18885 #18677)) (not (or #19090 #18853 #18242 #18857 #18885 #18866 #18609)) (not (or #19090 #18853 #18242 #18857 #18885 #18866 #18618)) (not (or #19090 #18853 #18242 #18857 #18885 #18866 #18266 #18871 #18630)) (not (or #19090 #18853 #18242 #18857 #18885 #18866 #18266 #18871 #18639)) (not (or #19090 #18853 #18242 #18857 #18885 #18866 #18266 #18871 #18779 #18806 #18571)) (not (or #19090 #18853 #18242 #18857 #18885 #18866 #18266 #18871 #18779 #18806 #18785 #18579)) (not (or #19090 #18853 #18242 #18857 #18885 #18866 #18266 #18871 #18779 #18806 #18785 #18876 #18829 #18796 #18800 #18818 ...)) (not (or #19090 #18853 #18242 #18857 #18885 #18866 #18266 #18871 #18779 #18806 #18785 #18876 #18597)) (not (or #19090 #18853 #18242 #18857 #18885 #18866 #18266 #18871 #18779 #18806 #18785 #18876 #18606)) (not (or #18536 #18205)))
null (o)
  (if (or (if #4152 #19337 #19339) (not #19414)) (not (= #19349 0)) (not (or #4126 #4156 #4192 #19340 #19341 #19415 #19345 #19353 #19356 #19359))) (c)
  (not (if (or #19340 #19347) (not #19351) (not #19361))) (o)
    (= i844 1) (a)
    (not (= i844 1)) (a)

Worker 3 CUBE SIZE IN MAIN LOOP: 2
 Checking cube
(= i844 1)
(not (if (or #1504 #1788) (not #1792) (not #1801)))
with max_conflicts: 2250
Worker 1 DONE checking cube l_undef
Worker 1 found undef cube
Batch manager splitting on literal: (= (if (or #18720 #18282 #18311 #18291 #18298 #18279 #18293 #18204 #18212 #18220 #18142 #18147 #18260) (if #17882 #15859 467) (if #18281 #16077 243)) 417)
null (o)
  (if (or (if #4152 #19337 #19339) (not #19414)) (not (= #19349 0)) (not (or #4126 #4156 #4192 #19340 #19341 #19415 #19345 #19353 #19356 #19359))) (c)
  (not (if (or #19340 #19347) (not #19351) (not #19361))) (o)
    (= i844 1) (a)
    (not (= i844 1)) (a)

Worker 1 CUBE SIZE IN MAIN LOOP: 2
 Checking cube
(= i844 1)
(not (if (or #1504 #1788) (not #1792) (not #1801)))
with max_conflicts: 2250
Worker 2 DONE checking cube l_false
Worker 2 found unsat cube
Batch manager backtracking.
(not (= i844 1))

null (o)
  (if (or (if #4152 #19337 #19339) (not #19414)) (not (= #19349 0)) (not (or #4126 #4156 #4192 #19340 #19341 #19415 #19345 #19353 #19356 #19359))) (c)
  (not (if (or #19340 #19347) (not #19351) (not #19361))) (o)
    (= i844 1) (a)
    (not (= i844 1)) (c)
null (o)
  (if (or (if #4152 #19337 #19339) (not #19414)) (not (= #19349 0)) (not (or #4126 #4156 #4192 #19340 #19341 #19415 #19345 #19353 #19356 #19359))) (c)
  (not (if (or #19340 #19347) (not #19351) (not #19361))) (o)
    (= i844 1) (a)
    (not (= i844 1)) (c)

Worker 2 CUBE SIZE IN MAIN LOOP: 2
 Checking cube
(= i844 1)
(not (if (or #1504 #1788) (not #1792) (not #1801)))
with max_conflicts: 2250
Worker 3 DONE checking cube l_undef
Worker 3 found undef cube
Batch manager splitting on literal: (or (not (= i844 1)) (= i1041 0) (not (or #4126 #4151 #4182)) (if (or #4126 #4151) (not #19336) (not #19416)) (not (or #4126 #4156 #19417 #19341 #19415 #19345)) (if (or #19340 #19347) (not #19351) (not #19361)) (if (or #19340 #19347) (= #19349 0) (not #19327)) (not (or #4126 #4151 #19339 #19340 #19347 #19282)) (not (or #4126 #4151 #19339 #19282)))
null (o)
  (if (or (if #4152 #19337 #19339) (not #19414)) (not (= #19349 0)) (not (or #4126 #4156 #4192 #19340 #19341 #19415 #19345 #19353 #19356 #19359))) (c)
  (not (if (or #19340 #19347) (not #19351) (not #19361))) (o)
    (= i844 1) (o)
      (or (not (= i844 1)) (= i1041 0) (not (or #4126 #4151 #4182)) (if (or #4126 #4151) (not #19336) (not #19416)) (not (or #4126 #4156 #19417 #19341 #19415 #19345)) (if (or #19340 #19347) (not #19351) (not #19361)) (if (or #19340 #19347) (= #19349 0) (not #19327)) (not (or #4126 #4151 #19339 #19340 #19347 #19282)) (not (or #4126 #4151 #19339 #19282))) (a)
      (not (or (not #4125) (= i1041 0) (not #19416) (if #4152 #19337 #19339) (not #19414) (if #19348 #19412 #19410) (if #19348 #19351 #19281) (not #19326) (not #19283))) (o)
    (not (= i844 1)) (c)

Worker 3 CUBE SIZE IN MAIN LOOP: 3
 Checking cube
(or (not (= i844 1)) (= i1041 0) (not (or #28 #30 #37)) (if (or #28 #30) (not #1502) (not #1498)) (not (or #28 #32 #1501 #1506 #1508 #1510)) (if (or #1504 #1788) (not #1792) (not #1801)) (if (or #1504 #1788) (= #1791 0) (not #1817)) (not (or #28 #30 #1499 #1504 #1788 #1822)) (not (or #28 #30 #1499 #1822)))
(= i844 1)
(not (if (or #1504 #1788) (not #1792) (not #1801)))
with max_conflicts: 3375
Worker 0 DONE checking cube l_false
Worker 0 found unsat cube
Batch manager backtracking.
(= i844 1)

null (c)
  (if (or (if #4152 #19337 #19339) (not #19414)) (not (= #19349 0)) (not (or #4126 #4156 #4192 #19340 #19341 #19415 #19345 #19353 #19356 #19359))) (c)
  (not (if (or #19340 #19347) (not #19351) (not #19361))) (c)
    (= i844 1) (c)
      (or (not (= i844 1)) (= i1041 0) (not (or #4126 #4151 #4182)) (if (or #4126 #4151) (not #19336) (not #19416)) (not (or #4126 #4156 #19417 #19341 #19415 #19345)) (if (or #19340 #19347) (not #19351) (not #19361)) (if (or #19340 #19347) (= #19349 0) (not #19327)) (not (or #4126 #4151 #19339 #19340 #19347 #19282)) (not (or #4126 #4151 #19339 #19282))) (c)
      (not (or (not #4125) (= i1041 0) (not #19416) (if #4152 #19337 #19339) (not #19414) (if #19348 #19412 #19410) (if #19348 #19351 #19281) (not #19326) (not #19283))) (c)
    (not (= i844 1)) (c)
Canceling workers
Worker 0 canceling
Worker 1 canceling
Worker 2 canceling
Worker 3 canceling
all done
Worker 0 no more cubes
Worker 1 DONE checking cube l_undef
Batch manager setting exception msg: context cancelled.
Worker 3 DONE checking cube l_undef
Batch manager setting exception msg: context cancelled.
Worker 2 DONE checking cube l_undef
Batch manager setting exception msg: context cancelled.
unsat
(:added-eqs                   1167298
 :arith-eq-adapter            2793
 :arith-bound-propagations-lp 140723
 :arith-conflicts             479
 :arith-diseq                 90012
 :arith-fixed-eqs             141012
 :arith-lower                 85915
 :arith-make-feasible         42792
 :arith-max-columns           1655
 :arith-max-rows              675
 :arith-offset-eqs            43191
 :arith-upper                 142397
 :binary-propagations         3209366
 :conflicts                   19965
 :decisions                   456668
 :del-clause                  15256
 :max-memory                  113.57
 :memory                      19.25
 :minimized-lits              124946
 :mk-bool-var                 21566
 :mk-clause                   32185
 :mk-clause-binary            61281
 :num-allocs                  54854257
 :num-checks                  18
 :parallel-max-cube-size      3
 :parallel-num_cubes          9
 :propagations                4605366
 :restarts                    169
 :rlimit-count                13569587
 :time                        0.60
 :total-time                  2.15)
