Worker 0 created with 0 assumptions
Worker 1 created with 0 assumptions
Worker 2 created with 0 assumptions
Worker 3 created with 0 assumptions
null (a)

Worker 1 CUBE SIZE IN MAIN LOOP: 0
 Checking cube
with max_conflicts: 1000
null (a)

Worker 0 CUBE SIZE IN MAIN LOOP: 0
 Checking cube
with max_conflicts: 1000
null (a)

Worker 3 CUBE SIZE IN MAIN LOOP: 0
 Checking cube
with max_conflicts: 1000
null (a)

Worker 2 CUBE SIZE IN MAIN LOOP: 0
 Checking cube
with max_conflicts: 1000
Worker 2 DONE checking cube l_undef
Worker 2 found undef cube
Batch manager splitting on literal: (= i844 1)
null (o)
  (= i844 1) (a)
  (not (= i844 1)) (o)

Worker 2 CUBE SIZE IN MAIN LOOP: 1
 Checking cube
(= i844 1)
with max_conflicts: 1500
Worker 0 DONE checking cube l_undef
Worker 0 found undef cube
Batch manager splitting on literal: (= i844 1)
null (o)
  (= i844 1) (a)
  (not (= i844 1)) (a)

Worker 0 CUBE SIZE IN MAIN LOOP: 1
 Checking cube
(not (= i844 1))
with max_conflicts: 1500
Worker 3 DONE checking cube l_undef
Worker 3 found undef cube
Batch manager splitting on literal: (= i844 1)
null (o)
  (= i844 1) (a)
  (not (= i844 1)) (a)

Worker 3 CUBE SIZE IN MAIN LOOP: 1
 Checking cube
(= i844 1)
with max_conflicts: 1500
Worker 1 DONE checking cube l_undef
Worker 1 found undef cube
Batch manager splitting on literal: (if (or (if #4152 #19337 #19339) (not #19414)) (not (= #19349 0)) (not (or #4126 #4156 #4192 #19340 #19341 #19415 #19345 #19353 #19356 #19359)))
null (o)
  (= i844 1) (a)
  (not (= i844 1)) (a)

Worker 1 CUBE SIZE IN MAIN LOOP: 1
 Checking cube
(= i844 1)
with max_conflicts: 1500
Worker 0 DONE checking cube l_false
Worker 0 found unsat cube
Batch manager backtracking.
(not (= i844 1))

null (o)
  (= i844 1) (a)
  (not (= i844 1)) (c)
null (o)
  (= i844 1) (a)
  (not (= i844 1)) (c)

Worker 0 CUBE SIZE IN MAIN LOOP: 1
 Checking cube
(= i844 1)
with max_conflicts: 1500
Worker 2 DONE checking cube l_undef
Worker 2 found undef cube
Batch manager splitting on literal: (or (if (or #19340 #19347) (not #19351) (not #19361)) (not (or #4126 #4156 #4192 #19340 #19341 #19347 #19353 #19356 #19359 #19281 #19326 #19342 #19285)) (not (or #19362 #19286 #19300)) (not (if #19304 #19235 #19253)))
null (o)
  (= i844 1) (o)
    (or (if (or #19340 #19347) (not #19351) (not #19361)) (not (or #4126 #4156 #4192 #19340 #19341 #19347 #19353 #19356 #19359 #19281 #19326 #19342 #19285)) (not (or #19362 #19286 #19300)) (not (if #19304 #19235 #19253))) (o)
    (not (or (if #19348 #19412 #19410) (not #19346) (not #19171) (not #19168))) (a)
  (not (= i844 1)) (c)

Worker 2 CUBE SIZE IN MAIN LOOP: 2
 Checking cube
(not (or (if #1789 #1793 #1802) (not #1839) (not #1873) (not #1994)))
(= i844 1)
with max_conflicts: 2250
Worker 3 DONE checking cube l_undef
Worker 3 found undef cube
Batch manager splitting on literal: (= (if (or #19089 #18932 #18280 #18888 #18860 #18865 #18868 #18265 #18873 #18808 #18879 #18831 #18792 #18804 #18499) (if #18435 #18308 467) (if #18853 #18430 #18398)) 261)
null (o)
  (= i844 1) (o)
    (or (if (or #19340 #19347) (not #19351) (not #19361)) (not (or #4126 #4156 #4192 #19340 #19341 #19347 #19353 #19356 #19359 #19281 #19326 #19342 #19285)) (not (or #19362 #19286 #19300)) (not (if #19304 #19235 #19253))) (a)
    (not (or (if #19348 #19412 #19410) (not #19346) (not #19171) (not #19168))) (a)
  (not (= i844 1)) (c)

Worker 3 CUBE SIZE IN MAIN LOOP: 2
 Checking cube
(or (if (or #1504 #1788) (not #1792) (not #1801)) (not (or #28 #32 #48 #1504 #1506 #1788 #1796 #1798 #1800 #1819 #1824 #1836 #1838)) (not (or #1803 #1840 #1871)) (not (if #1879 #1993 #1978)))
(= i844 1)
with max_conflicts: 2250
Worker 1 DONE checking cube l_undef
Worker 1 found undef cube
Batch manager splitting on literal: (= (if (or #21081 #15866 #15906 #15916 #15720 #15561 #15572 #15582 #15389 #15398 #14406 #12234) (if #12143 #11752 467) (if #15864 #11817 224)) 417)
null (o)
  (= i844 1) (o)
    (or (if (or #19340 #19347) (not #19351) (not #19361)) (not (or #4126 #4156 #4192 #19340 #19341 #19347 #19353 #19356 #19359 #19281 #19326 #19342 #19285)) (not (or #19362 #19286 #19300)) (not (if #19304 #19235 #19253))) (a)
    (not (or (if #19348 #19412 #19410) (not #19346) (not #19171) (not #19168))) (a)
  (not (= i844 1)) (c)

Worker 1 CUBE SIZE IN MAIN LOOP: 2
 Checking cube
(or (if (or #1504 #1788) (not #1792) (not #1801)) (not (or #28 #32 #48 #1504 #1506 #1788 #1796 #1798 #1800 #1819 #1824 #1836 #1838)) (not (or #1803 #1840 #1871)) (not (if #1879 #1993 #1978)))
(= i844 1)
with max_conflicts: 2250
Worker 2 DONE checking cube l_false
Worker 2 found unsat cube
Batch manager backtracking.
(not (or (if #1789 #1793 #1802) (not #1839) (not #1873) (not #1994)))

null (o)
  (= i844 1) (o)
    (or (if (or #19340 #19347) (not #19351) (not #19361)) (not (or #4126 #4156 #4192 #19340 #19341 #19347 #19353 #19356 #19359 #19281 #19326 #19342 #19285)) (not (or #19362 #19286 #19300)) (not (if #19304 #19235 #19253))) (a)
    (not (or (if #19348 #19412 #19410) (not #19346) (not #19171) (not #19168))) (c)
  (not (= i844 1)) (c)
null (o)
  (= i844 1) (o)
    (or (if (or #19340 #19347) (not #19351) (not #19361)) (not (or #4126 #4156 #4192 #19340 #19341 #19347 #19353 #19356 #19359 #19281 #19326 #19342 #19285)) (not (or #19362 #19286 #19300)) (not (if #19304 #19235 #19253))) (a)
    (not (or (if #19348 #19412 #19410) (not #19346) (not #19171) (not #19168))) (c)
  (not (= i844 1)) (c)

Worker 2 CUBE SIZE IN MAIN LOOP: 2
 Checking cube
(or (if (or #1504 #1788) (not #1792) (not #1801)) (not (or #28 #32 #48 #1504 #1506 #1788 #1796 #1798 #1800 #1819 #1824 #1836 #1838)) (not (or #1803 #1840 #1871)) (not (if #1879 #1993 #1978)))
(= i844 1)
with max_conflicts: 2250
Worker 0 DONE checking cube l_undef
Worker 0 found undef cube
Batch manager splitting on literal: (= (if (or #18281 #21081 #21091 #21053 #21063 #20962 #20930 #20911 #20823 #20790 #20592 #14346) (if #14209 #13303 467) (if #21079 #13638 224)) 417)
null (o)
  (= i844 1) (o)
    (or (if (or #19340 #19347) (not #19351) (not #19361)) (not (or #4126 #4156 #4192 #19340 #19341 #19347 #19353 #19356 #19359 #19281 #19326 #19342 #19285)) (not (or #19362 #19286 #19300)) (not (if #19304 #19235 #19253))) (a)
    (not (or (if #19348 #19412 #19410) (not #19346) (not #19171) (not #19168))) (c)
  (not (= i844 1)) (c)

Worker 0 CUBE SIZE IN MAIN LOOP: 2
 Checking cube
(or (if (or #1504 #1788) (not #1792) (not #1801)) (not (or #28 #32 #48 #1504 #1506 #1788 #1796 #1798 #1800 #1819 #1824 #1836 #1838)) (not (or #1803 #1840 #1871)) (not (if #1879 #1993 #1978)))
(= i844 1)
with max_conflicts: 2250
Worker 2 DONE checking cube l_false
Worker 2 found unsat cube
Batch manager backtracking.
(or (if (or #1504 #1788) (not #1792) (not #1801)) (not (or #28 #32 #48 #1504 #1506 #1788 #1796 #1798 #1800 #1819 #1824 #1836 #1838)) (not (or #1803 #1840 #1871)) (not (if #1879 #1993 #1978)))

null (c)
  (= i844 1) (c)
    (or (if (or #19340 #19347) (not #19351) (not #19361)) (not (or #4126 #4156 #4192 #19340 #19341 #19347 #19353 #19356 #19359 #19281 #19326 #19342 #19285)) (not (or #19362 #19286 #19300)) (not (if #19304 #19235 #19253))) (c)
    (not (or (if #19348 #19412 #19410) (not #19346) (not #19171) (not #19168))) (c)
  (not (= i844 1)) (c)
Canceling workers
Worker 0 canceling
Worker 1 canceling
Worker 2 canceling
Worker 3 canceling
Worker 3 DONE checking cube l_undef
all done
Worker 2 no more cubes
Batch manager setting exception msg: context cancelled.
Worker 1 DONE checking cube l_undef
Batch manager setting exception msg: context cancelled.
Worker 0 DONE checking cube l_undef
Batch manager setting exception msg: context cancelled.
unsat
(:added-eqs                   1032755
 :arith-eq-adapter            2757
 :arith-bound-propagations-lp 126244
 :arith-conflicts             561
 :arith-diseq                 88799
 :arith-fixed-eqs             131021
 :arith-lower                 85001
 :arith-make-feasible         40896
 :arith-max-columns           1668
 :arith-max-rows              688
 :arith-offset-eqs            38236
 :arith-upper                 142097
 :binary-propagations         3005094
 :conflicts                   18436
 :decisions                   438065
 :del-clause                  12829
 :max-memory                  113.32
 :memory                      19.22
 :minimized-lits              107256
 :mk-bool-var                 21331
 :mk-clause                   30070
 :mk-clause-binary            61338
 :num-allocs                  50838046
 :num-checks                  15
 :parallel-max-cube-size      2
 :parallel-num_cubes          8
 :propagations                4279497
 :restarts                    160
 :rlimit-count                12716490
 :time                        0.55
 :total-time                  1.93)
