Worker 0 created with 0 assumptions
Worker 1 created with 0 assumptions
Worker 2 created with 0 assumptions
Worker 3 created with 0 assumptions
null (a)

Worker 2 CUBE SIZE IN MAIN LOOP: 0
 Checking cube
with max_conflicts: 1000
null (a)

Worker 0 CUBE SIZE IN MAIN LOOP: 0
 Checking cube
with max_conflicts: 1000
null (a)

Worker 1 CUBE SIZE IN MAIN LOOP: 0
 Checking cube
with max_conflicts: 1000
null (a)

Worker 3 CUBE SIZE IN MAIN LOOP: 0
 Checking cube
with max_conflicts: 1000
Worker 3 DONE checking cube l_undef
Worker 3 found undef cube
Batch manager splitting on literal: (if (or (if #4152 #19337 #19339) (not #19414)) (not (= #19349 0)) (not (or #4126 #4156 #4192 #19340 #19341 #19415 #19345 #19353 #19356 #19359)))
null (o)
  (if (or (if #4152 #19337 #19339) (not #19414)) (not (= #19349 0)) (not (or #4126 #4156 #4192 #19340 #19341 #19415 #19345 #19353 #19356 #19359))) (a)
  (not (if (or #19340 #19347) (not #19351) (not #19361))) (o)

Worker 3 CUBE SIZE IN MAIN LOOP: 1
 Checking cube
(if (or (if #31 #1503 #1499) (not #1787)) (not (= #1791 0)) (not (or #28 #32 #48 #1504 #1506 #1508 #1510 #1796 #1798 #1800)))
with max_conflicts: 1500
Worker 2 DONE checking cube l_undef
Worker 2 found undef cube
Batch manager splitting on literal: (= i844 1)
null (o)
  (if (or (if #4152 #19337 #19339) (not #19414)) (not (= #19349 0)) (not (or #4126 #4156 #4192 #19340 #19341 #19415 #19345 #19353 #19356 #19359))) (a)
  (not (if (or #19340 #19347) (not #19351) (not #19361))) (a)

Worker 2 CUBE SIZE IN MAIN LOOP: 1
 Checking cube
(not (if (or #1504 #1788) (not #1792) (not #1801)))
with max_conflicts: 1500
Worker 0 DONE checking cube l_undef
Worker 0 found undef cube
Batch manager splitting on literal: (= i844 1)
null (o)
  (if (or (if #4152 #19337 #19339) (not #19414)) (not (= #19349 0)) (not (or #4126 #4156 #4192 #19340 #19341 #19415 #19345 #19353 #19356 #19359))) (a)
  (not (if (or #19340 #19347) (not #19351) (not #19361))) (a)

Worker 0 CUBE SIZE IN MAIN LOOP: 1
 Checking cube
(if (or (if #31 #1503 #1499) (not #1787)) (not (= #1791 0)) (not (or #28 #32 #48 #1504 #1506 #1508 #1510 #1796 #1798 #1800)))
with max_conflicts: 1500
Worker 1 DONE checking cube l_undef
Worker 1 found undef cube
Batch manager splitting on literal: (= i844 1)
null (o)
  (if (or (if #4152 #19337 #19339) (not #19414)) (not (= #19349 0)) (not (or #4126 #4156 #4192 #19340 #19341 #19415 #19345 #19353 #19356 #19359))) (a)
  (not (if (or #19340 #19347) (not #19351) (not #19361))) (a)

Worker 1 CUBE SIZE IN MAIN LOOP: 1
 Checking cube
(if (or (if #31 #1503 #1499) (not #1787)) (not (= #1791 0)) (not (or #28 #32 #48 #1504 #1506 #1508 #1510 #1796 #1798 #1800)))
with max_conflicts: 1500
Worker 3 DONE checking cube l_false
Worker 3 found unsat cube
Batch manager backtracking.
(if (or (if #31 #1503 #1499) (not #1787)) (not (= #1791 0)) (not (or #28 #32 #48 #1504 #1506 #1508 #1510 #1796 #1798 #1800)))

null (o)
  (if (or (if #4152 #19337 #19339) (not #19414)) (not (= #19349 0)) (not (or #4126 #4156 #4192 #19340 #19341 #19415 #19345 #19353 #19356 #19359))) (c)
  (not (if (or #19340 #19347) (not #19351) (not #19361))) (a)
null (o)
  (if (or (if #4152 #19337 #19339) (not #19414)) (not (= #19349 0)) (not (or #4126 #4156 #4192 #19340 #19341 #19415 #19345 #19353 #19356 #19359))) (c)
  (not (if (or #19340 #19347) (not #19351) (not #19361))) (a)

Worker 3 CUBE SIZE IN MAIN LOOP: 1
 Checking cube
(not (if (or #1504 #1788) (not #1792) (not #1801)))
with max_conflicts: 1500
Worker 1 DONE checking cube l_false
Worker 1 found unsat cube
Batch manager backtracking.
(if (or (if #31 #1503 #1499) (not #1787)) (not (= #1791 0)) (not (or #28 #32 #48 #1504 #1506 #1508 #1510 #1796 #1798 #1800)))

null (o)
  (if (or (if #4152 #19337 #19339) (not #19414)) (not (= #19349 0)) (not (or #4126 #4156 #4192 #19340 #19341 #19415 #19345 #19353 #19356 #19359))) (c)
  (not (if (or #19340 #19347) (not #19351) (not #19361))) (a)
null (o)
  (if (or (if #4152 #19337 #19339) (not #19414)) (not (= #19349 0)) (not (or #4126 #4156 #4192 #19340 #19341 #19415 #19345 #19353 #19356 #19359))) (c)
  (not (if (or #19340 #19347) (not #19351) (not #19361))) (a)

Worker 1 CUBE SIZE IN MAIN LOOP: 1
 Checking cube
(not (if (or #1504 #1788) (not #1792) (not #1801)))
with max_conflicts: 1500
Worker 0 DONE checking cube l_false
Worker 0 found unsat cube
Batch manager backtracking.
(if (or (if #31 #1503 #1499) (not #1787)) (not (= #1791 0)) (not (or #28 #32 #48 #1504 #1506 #1508 #1510 #1796 #1798 #1800)))

null (o)
  (if (or (if #4152 #19337 #19339) (not #19414)) (not (= #19349 0)) (not (or #4126 #4156 #4192 #19340 #19341 #19415 #19345 #19353 #19356 #19359))) (c)
  (not (if (or #19340 #19347) (not #19351) (not #19361))) (a)
null (o)
  (if (or (if #4152 #19337 #19339) (not #19414)) (not (= #19349 0)) (not (or #4126 #4156 #4192 #19340 #19341 #19415 #19345 #19353 #19356 #19359))) (c)
  (not (if (or #19340 #19347) (not #19351) (not #19361))) (a)

Worker 0 CUBE SIZE IN MAIN LOOP: 1
 Checking cube
(not (if (or #1504 #1788) (not #1792) (not #1801)))
with max_conflicts: 1500
Worker 2 DONE checking cube l_undef
Worker 2 found undef cube
Batch manager splitting on literal: (or (not (or #19362 #19324 #19228 #19181 #19212 #19191 #19166 #19197 #19122)) (not (or #19362 #19324 #19228 #19181 #19212 #19191 #19166 #19197 #19122 #19210 #19204 #19112 #19061 #19159 #19070 #19142 ...)) (not (or #4126 #4151 #19339 #19340 #19347 #19362 #19334 #19282 #19324 #19289 #19301 #19306 #19228 #19242 #19246 #19256 ...)) (not (or #4126 #4151 #19339 #19340 #19347 #19362 #19334 #19282 #19324 #19289 #19301 #19306 #19228 #19242 #19246 #19256 ...)) (not (or #4126 #4151 #19339 #19340 #19347 #19362 #19334 #19282 #19324 #19289 #19301 #19306 #19228 #19242 #19246 #19256 ...)) (not (or #19166 #19210 #19005)) (not (or #19166 #19210 #19204 #19009)) (not (or #19166 #19210 #19204 #19099)) (not (or #19019 #18830)))
null (o)
  (if (or (if #4152 #19337 #19339) (not #19414)) (not (= #19349 0)) (not (or #4126 #4156 #4192 #19340 #19341 #19415 #19345 #19353 #19356 #19359))) (c)
  (not (if (or #19340 #19347) (not #19351) (not #19361))) (o)
    (or (not (or #19362 #19324 #19228 #19181 #19212 #19191 #19166 #19197 #19122)) (not (or #19362 #19324 #19228 #19181 #19212 #19191 #19166 #19197 #19122 #19210 #19204 #19112 #19061 #19159 #19070 #19142 ...)) (not (or #4126 #4151 #19339 #19340 #19347 #19362 #19334 #19282 #19324 #19289 #19301 #19306 #19228 #19242 #19246 #19256 ...)) (not (or #4126 #4151 #19339 #19340 #19347 #19362 #19334 #19282 #19324 #19289 #19301 #19306 #19228 #19242 #19246 #19256 ...)) (not (or #4126 #4151 #19339 #19340 #19347 #19362 #19334 #19282 #19324 #19289 #19301 #19306 #19228 #19242 #19246 #19256 ...)) (not (or #19166 #19210 #19005)) (not (or #19166 #19210 #19204 #19009)) (not (or #19166 #19210 #19204 #19099)) (not (or #19019 #18830))) (o)
    (not (or (not #19123) (not #19089) (not #12678) (not #19000) (not #19054) (not #19052) (not #19101) (not #19014) (not #18791))) (a)

Worker 2 CUBE SIZE IN MAIN LOOP: 2
 Checking cube
(not (or (not #2343) (not #2477) (not #2479) (not #2486) (not #2489) (not #2495) (not #2501) (not #2510) (not #3073)))
(not (if (or #1504 #1788) (not #1792) (not #1801)))
with max_conflicts: 2250
Worker 0 DONE checking cube l_undef
Worker 0 found undef cube
Batch manager splitting on literal: (<= (+ (if #4125 143 0) (* -1 #4566)) 0)
null (o)
  (if (or (if #4152 #19337 #19339) (not #19414)) (not (= #19349 0)) (not (or #4126 #4156 #4192 #19340 #19341 #19415 #19345 #19353 #19356 #19359))) (c)
  (not (if (or #19340 #19347) (not #19351) (not #19361))) (o)
    (or (not (or #19362 #19324 #19228 #19181 #19212 #19191 #19166 #19197 #19122)) (not (or #19362 #19324 #19228 #19181 #19212 #19191 #19166 #19197 #19122 #19210 #19204 #19112 #19061 #19159 #19070 #19142 ...)) (not (or #4126 #4151 #19339 #19340 #19347 #19362 #19334 #19282 #19324 #19289 #19301 #19306 #19228 #19242 #19246 #19256 ...)) (not (or #4126 #4151 #19339 #19340 #19347 #19362 #19334 #19282 #19324 #19289 #19301 #19306 #19228 #19242 #19246 #19256 ...)) (not (or #4126 #4151 #19339 #19340 #19347 #19362 #19334 #19282 #19324 #19289 #19301 #19306 #19228 #19242 #19246 #19256 ...)) (not (or #19166 #19210 #19005)) (not (or #19166 #19210 #19204 #19009)) (not (or #19166 #19210 #19204 #19099)) (not (or #19019 #18830))) (a)
    (not (or (not #19123) (not #19089) (not #12678) (not #19000) (not #19054) (not #19052) (not #19101) (not #19014) (not #18791))) (a)

Worker 0 CUBE SIZE IN MAIN LOOP: 2
 Checking cube
(or (not (or #1803 #1840 #1895 #1914 #1922 #1928 #2009 #2022 #2342)) (not (or #1803 #1840 #1895 #1914 #1922 #1928 #2009 #2022 #2342 #2344 #2368 #2382 #2399 #2407 #2414 #2421 ...)) (not (or #28 #30 #1499 #1504 #1788 #1803 #1819 #1822 #1840 #1849 #1874 #1880 #1895 #1953 #1959 #1986 ...)) (not (or #28 #30 #1499 #1504 #1788 #1803 #1819 #1822 #1840 #1849 #1874 #1880 #1895 #1953 #1959 #1986 ...)) (not (or #28 #30 #1499 #1504 #1788 #1803 #1819 #1822 #1840 #1849 #1874 #1880 #1895 #1953 #1959 #1986 ...)) (not (or #2009 #2344 #2494)) (not (or #2009 #2344 #2368 #2500)) (not (or #2009 #2344 #2368 #2509)) (not (or #2517 #3072)))
(not (if (or #1504 #1788) (not #1792) (not #1801)))
with max_conflicts: 2250
Worker 2 DONE checking cube l_false
Worker 2 found unsat cube
Batch manager backtracking.
(not (or (not #2343) (not #2477) (not #2479) (not #2486) (not #2489) (not #2495) (not #2501) (not #2510) (not #3073)))

null (o)
  (if (or (if #4152 #19337 #19339) (not #19414)) (not (= #19349 0)) (not (or #4126 #4156 #4192 #19340 #19341 #19415 #19345 #19353 #19356 #19359))) (c)
  (not (if (or #19340 #19347) (not #19351) (not #19361))) (o)
    (or (not (or #19362 #19324 #19228 #19181 #19212 #19191 #19166 #19197 #19122)) (not (or #19362 #19324 #19228 #19181 #19212 #19191 #19166 #19197 #19122 #19210 #19204 #19112 #19061 #19159 #19070 #19142 ...)) (not (or #4126 #4151 #19339 #19340 #19347 #19362 #19334 #19282 #19324 #19289 #19301 #19306 #19228 #19242 #19246 #19256 ...)) (not (or #4126 #4151 #19339 #19340 #19347 #19362 #19334 #19282 #19324 #19289 #19301 #19306 #19228 #19242 #19246 #19256 ...)) (not (or #4126 #4151 #19339 #19340 #19347 #19362 #19334 #19282 #19324 #19289 #19301 #19306 #19228 #19242 #19246 #19256 ...)) (not (or #19166 #19210 #19005)) (not (or #19166 #19210 #19204 #19009)) (not (or #19166 #19210 #19204 #19099)) (not (or #19019 #18830))) (a)
    (not (or (not #19123) (not #19089) (not #12678) (not #19000) (not #19054) (not #19052) (not #19101) (not #19014) (not #18791))) (c)
null (o)
  (if (or (if #4152 #19337 #19339) (not #19414)) (not (= #19349 0)) (not (or #4126 #4156 #4192 #19340 #19341 #19415 #19345 #19353 #19356 #19359))) (c)
  (not (if (or #19340 #19347) (not #19351) (not #19361))) (o)
    (or (not (or #19362 #19324 #19228 #19181 #19212 #19191 #19166 #19197 #19122)) (not (or #19362 #19324 #19228 #19181 #19212 #19191 #19166 #19197 #19122 #19210 #19204 #19112 #19061 #19159 #19070 #19142 ...)) (not (or #4126 #4151 #19339 #19340 #19347 #19362 #19334 #19282 #19324 #19289 #19301 #19306 #19228 #19242 #19246 #19256 ...)) (not (or #4126 #4151 #19339 #19340 #19347 #19362 #19334 #19282 #19324 #19289 #19301 #19306 #19228 #19242 #19246 #19256 ...)) (not (or #4126 #4151 #19339 #19340 #19347 #19362 #19334 #19282 #19324 #19289 #19301 #19306 #19228 #19242 #19246 #19256 ...)) (not (or #19166 #19210 #19005)) (not (or #19166 #19210 #19204 #19009)) (not (or #19166 #19210 #19204 #19099)) (not (or #19019 #18830))) (a)
    (not (or (not #19123) (not #19089) (not #12678) (not #19000) (not #19054) (not #19052) (not #19101) (not #19014) (not #18791))) (c)

Worker 2 CUBE SIZE IN MAIN LOOP: 2
 Checking cube
(or (not (or #1803 #1840 #1895 #1914 #1922 #1928 #2009 #2022 #2342)) (not (or #1803 #1840 #1895 #1914 #1922 #1928 #2009 #2022 #2342 #2344 #2368 #2382 #2399 #2407 #2414 #2421 ...)) (not (or #28 #30 #1499 #1504 #1788 #1803 #1819 #1822 #1840 #1849 #1874 #1880 #1895 #1953 #1959 #1986 ...)) (not (or #28 #30 #1499 #1504 #1788 #1803 #1819 #1822 #1840 #1849 #1874 #1880 #1895 #1953 #1959 #1986 ...)) (not (or #28 #30 #1499 #1504 #1788 #1803 #1819 #1822 #1840 #1849 #1874 #1880 #1895 #1953 #1959 #1986 ...)) (not (or #2009 #2344 #2494)) (not (or #2009 #2344 #2368 #2500)) (not (or #2009 #2344 #2368 #2509)) (not (or #2517 #3072)))
(not (if (or #1504 #1788) (not #1792) (not #1801)))
with max_conflicts: 2250
Worker 1 DONE checking cube l_undef
Worker 1 found undef cube
Batch manager splitting on literal: (= i844 1)
null (o)
  (if (or (if #4152 #19337 #19339) (not #19414)) (not (= #19349 0)) (not (or #4126 #4156 #4192 #19340 #19341 #19415 #19345 #19353 #19356 #19359))) (c)
  (not (if (or #19340 #19347) (not #19351) (not #19361))) (o)
    (or (not (or #19362 #19324 #19228 #19181 #19212 #19191 #19166 #19197 #19122)) (not (or #19362 #19324 #19228 #19181 #19212 #19191 #19166 #19197 #19122 #19210 #19204 #19112 #19061 #19159 #19070 #19142 ...)) (not (or #4126 #4151 #19339 #19340 #19347 #19362 #19334 #19282 #19324 #19289 #19301 #19306 #19228 #19242 #19246 #19256 ...)) (not (or #4126 #4151 #19339 #19340 #19347 #19362 #19334 #19282 #19324 #19289 #19301 #19306 #19228 #19242 #19246 #19256 ...)) (not (or #4126 #4151 #19339 #19340 #19347 #19362 #19334 #19282 #19324 #19289 #19301 #19306 #19228 #19242 #19246 #19256 ...)) (not (or #19166 #19210 #19005)) (not (or #19166 #19210 #19204 #19009)) (not (or #19166 #19210 #19204 #19099)) (not (or #19019 #18830))) (a)
    (not (or (not #19123) (not #19089) (not #12678) (not #19000) (not #19054) (not #19052) (not #19101) (not #19014) (not #18791))) (c)

Worker 1 CUBE SIZE IN MAIN LOOP: 2
 Checking cube
(or (not (or #1803 #1840 #1895 #1914 #1922 #1928 #2009 #2022 #2342)) (not (or #1803 #1840 #1895 #1914 #1922 #1928 #2009 #2022 #2342 #2344 #2368 #2382 #2399 #2407 #2414 #2421 ...)) (not (or #28 #30 #1499 #1504 #1788 #1803 #1819 #1822 #1840 #1849 #1874 #1880 #1895 #1953 #1959 #1986 ...)) (not (or #28 #30 #1499 #1504 #1788 #1803 #1819 #1822 #1840 #1849 #1874 #1880 #1895 #1953 #1959 #1986 ...)) (not (or #28 #30 #1499 #1504 #1788 #1803 #1819 #1822 #1840 #1849 #1874 #1880 #1895 #1953 #1959 #1986 ...)) (not (or #2009 #2344 #2494)) (not (or #2009 #2344 #2368 #2500)) (not (or #2009 #2344 #2368 #2509)) (not (or #2517 #3072)))
(not (if (or #1504 #1788) (not #1792) (not #1801)))
with max_conflicts: 2250
Worker 3 DONE checking cube l_undef
Worker 3 found undef cube
Batch manager splitting on literal: (= (if (or #21082 #15867 #15907 #15918 #15721 #15562 #15573 #15584 #15390 #15399 #14407 #12235) (if #12144 #11753 467) (if #15866 #11818 224)) 417)
null (o)
  (if (or (if #4152 #19337 #19339) (not #19414)) (not (= #19349 0)) (not (or #4126 #4156 #4192 #19340 #19341 #19415 #19345 #19353 #19356 #19359))) (c)
  (not (if (or #19340 #19347) (not #19351) (not #19361))) (o)
    (or (not (or #19362 #19324 #19228 #19181 #19212 #19191 #19166 #19197 #19122)) (not (or #19362 #19324 #19228 #19181 #19212 #19191 #19166 #19197 #19122 #19210 #19204 #19112 #19061 #19159 #19070 #19142 ...)) (not (or #4126 #4151 #19339 #19340 #19347 #19362 #19334 #19282 #19324 #19289 #19301 #19306 #19228 #19242 #19246 #19256 ...)) (not (or #4126 #4151 #19339 #19340 #19347 #19362 #19334 #19282 #19324 #19289 #19301 #19306 #19228 #19242 #19246 #19256 ...)) (not (or #4126 #4151 #19339 #19340 #19347 #19362 #19334 #19282 #19324 #19289 #19301 #19306 #19228 #19242 #19246 #19256 ...)) (not (or #19166 #19210 #19005)) (not (or #19166 #19210 #19204 #19009)) (not (or #19166 #19210 #19204 #19099)) (not (or #19019 #18830))) (a)
    (not (or (not #19123) (not #19089) (not #12678) (not #19000) (not #19054) (not #19052) (not #19101) (not #19014) (not #18791))) (c)

Worker 3 CUBE SIZE IN MAIN LOOP: 2
 Checking cube
(or (not (or #1803 #1840 #1895 #1914 #1922 #1928 #2009 #2022 #2342)) (not (or #1803 #1840 #1895 #1914 #1922 #1928 #2009 #2022 #2342 #2344 #2368 #2382 #2399 #2407 #2414 #2421 ...)) (not (or #28 #30 #1499 #1504 #1788 #1803 #1819 #1822 #1840 #1849 #1874 #1880 #1895 #1953 #1959 #1986 ...)) (not (or #28 #30 #1499 #1504 #1788 #1803 #1819 #1822 #1840 #1849 #1874 #1880 #1895 #1953 #1959 #1986 ...)) (not (or #28 #30 #1499 #1504 #1788 #1803 #1819 #1822 #1840 #1849 #1874 #1880 #1895 #1953 #1959 #1986 ...)) (not (or #2009 #2344 #2494)) (not (or #2009 #2344 #2368 #2500)) (not (or #2009 #2344 #2368 #2509)) (not (or #2517 #3072)))
(not (if (or #1504 #1788) (not #1792) (not #1801)))
with max_conflicts: 2250
Worker 2 DONE checking cube l_undef
Worker 2 found undef cube
Batch manager splitting on literal: (= (if (or #21082 #15867 #15907 #15918 #15721 #15562 #15573 #15584 #15390 #15399 #14407 #12235) (if #12144 #11753 467) (if #15866 #11818 224)) 417)
null (o)
  (if (or (if #4152 #19337 #19339) (not #19414)) (not (= #19349 0)) (not (or #4126 #4156 #4192 #19340 #19341 #19415 #19345 #19353 #19356 #19359))) (c)
  (not (if (or #19340 #19347) (not #19351) (not #19361))) (o)
    (or (not (or #19362 #19324 #19228 #19181 #19212 #19191 #19166 #19197 #19122)) (not (or #19362 #19324 #19228 #19181 #19212 #19191 #19166 #19197 #19122 #19210 #19204 #19112 #19061 #19159 #19070 #19142 ...)) (not (or #4126 #4151 #19339 #19340 #19347 #19362 #19334 #19282 #19324 #19289 #19301 #19306 #19228 #19242 #19246 #19256 ...)) (not (or #4126 #4151 #19339 #19340 #19347 #19362 #19334 #19282 #19324 #19289 #19301 #19306 #19228 #19242 #19246 #19256 ...)) (not (or #4126 #4151 #19339 #19340 #19347 #19362 #19334 #19282 #19324 #19289 #19301 #19306 #19228 #19242 #19246 #19256 ...)) (not (or #19166 #19210 #19005)) (not (or #19166 #19210 #19204 #19009)) (not (or #19166 #19210 #19204 #19099)) (not (or #19019 #18830))) (o)
      (= (if (or #21082 #15867 #15907 #15918 #15721 #15562 #15573 #15584 #15390 #15399 #14407 #12235) (if #12144 #11753 467) (if #15866 #11818 224)) 417) (a)
      (not (= (if #12237 #11754 #11819) 417)) (o)
    (not (or (not #19123) (not #19089) (not #12678) (not #19000) (not #19054) (not #19052) (not #19101) (not #19014) (not #18791))) (c)

Worker 2 CUBE SIZE IN MAIN LOOP: 3
 Checking cube
(= (if (or #4941 #5641 #5646 #5660 #5693 #5733 #5758 #5767 #6081 #6122 #6520 #6629) (if #6672 #6696 467) (if #5640 #6663 224)) 417)
(or (not (or #1803 #1840 #1895 #1914 #1922 #1928 #2009 #2022 #2342)) (not (or #1803 #1840 #1895 #1914 #1922 #1928 #2009 #2022 #2342 #2344 #2368 #2382 #2399 #2407 #2414 #2421 ...)) (not (or #28 #30 #1499 #1504 #1788 #1803 #1819 #1822 #1840 #1849 #1874 #1880 #1895 #1953 #1959 #1986 ...)) (not (or #28 #30 #1499 #1504 #1788 #1803 #1819 #1822 #1840 #1849 #1874 #1880 #1895 #1953 #1959 #1986 ...)) (not (or #28 #30 #1499 #1504 #1788 #1803 #1819 #1822 #1840 #1849 #1874 #1880 #1895 #1953 #1959 #1986 ...)) (not (or #2009 #2344 #2494)) (not (or #2009 #2344 #2368 #2500)) (not (or #2009 #2344 #2368 #2509)) (not (or #2517 #3072)))
(not (if (or #1504 #1788) (not #1792) (not #1801)))
with max_conflicts: 3375
Worker 1 DONE checking cube l_undef
Worker 1 found undef cube
Batch manager splitting on literal: (<= (+ (if #4125 143 0) (* -1 #4566)) 0)
null (o)
  (if (or (if #4152 #19337 #19339) (not #19414)) (not (= #19349 0)) (not (or #4126 #4156 #4192 #19340 #19341 #19415 #19345 #19353 #19356 #19359))) (c)
  (not (if (or #19340 #19347) (not #19351) (not #19361))) (o)
    (or (not (or #19362 #19324 #19228 #19181 #19212 #19191 #19166 #19197 #19122)) (not (or #19362 #19324 #19228 #19181 #19212 #19191 #19166 #19197 #19122 #19210 #19204 #19112 #19061 #19159 #19070 #19142 ...)) (not (or #4126 #4151 #19339 #19340 #19347 #19362 #19334 #19282 #19324 #19289 #19301 #19306 #19228 #19242 #19246 #19256 ...)) (not (or #4126 #4151 #19339 #19340 #19347 #19362 #19334 #19282 #19324 #19289 #19301 #19306 #19228 #19242 #19246 #19256 ...)) (not (or #4126 #4151 #19339 #19340 #19347 #19362 #19334 #19282 #19324 #19289 #19301 #19306 #19228 #19242 #19246 #19256 ...)) (not (or #19166 #19210 #19005)) (not (or #19166 #19210 #19204 #19009)) (not (or #19166 #19210 #19204 #19099)) (not (or #19019 #18830))) (o)
      (= (if (or #21082 #15867 #15907 #15918 #15721 #15562 #15573 #15584 #15390 #15399 #14407 #12235) (if #12144 #11753 467) (if #15866 #11818 224)) 417) (a)
      (not (= (if #12237 #11754 #11819) 417)) (a)
    (not (or (not #19123) (not #19089) (not #12678) (not #19000) (not #19054) (not #19052) (not #19101) (not #19014) (not #18791))) (c)

Worker 1 CUBE SIZE IN MAIN LOOP: 3
 Checking cube
(not (= (if #6630 #6681 #6664) 417))
(or (not (or #1803 #1840 #1895 #1914 #1922 #1928 #2009 #2022 #2342)) (not (or #1803 #1840 #1895 #1914 #1922 #1928 #2009 #2022 #2342 #2344 #2368 #2382 #2399 #2407 #2414 #2421 ...)) (not (or #28 #30 #1499 #1504 #1788 #1803 #1819 #1822 #1840 #1849 #1874 #1880 #1895 #1953 #1959 #1986 ...)) (not (or #28 #30 #1499 #1504 #1788 #1803 #1819 #1822 #1840 #1849 #1874 #1880 #1895 #1953 #1959 #1986 ...)) (not (or #28 #30 #1499 #1504 #1788 #1803 #1819 #1822 #1840 #1849 #1874 #1880 #1895 #1953 #1959 #1986 ...)) (not (or #2009 #2344 #2494)) (not (or #2009 #2344 #2368 #2500)) (not (or #2009 #2344 #2368 #2509)) (not (or #2517 #3072)))
(not (if (or #1504 #1788) (not #1792) (not #1801)))
with max_conflicts: 3375
Worker 3 DONE checking cube l_undef
Worker 3 found undef cube
Batch manager splitting on literal: (or (if (or #19340 #19347) (not #19351) (not #19361)) (not (or #4126 #4156 #4192 #19340 #19341 #19347 #19353 #19356 #19359 #19334 #19338 #19325 #19346)) (not (or #19362 #19324 #19354 #19289 #19290 #19360 #19297 #19320 #19301 #19306 #19308 #19310 #19273 #19272)) (not (or #19362 #19324 #19241)) (not (or #19362 #19324 #19245)) (not (or #19255 #19362 #19324 #19301)) (not (or #19172 #19215)))
null (o)
  (if (or (if #4152 #19337 #19339) (not #19414)) (not (= #19349 0)) (not (or #4126 #4156 #4192 #19340 #19341 #19415 #19345 #19353 #19356 #19359))) (c)
  (not (if (or #19340 #19347) (not #19351) (not #19361))) (o)
    (or (not (or #19362 #19324 #19228 #19181 #19212 #19191 #19166 #19197 #19122)) (not (or #19362 #19324 #19228 #19181 #19212 #19191 #19166 #19197 #19122 #19210 #19204 #19112 #19061 #19159 #19070 #19142 ...)) (not (or #4126 #4151 #19339 #19340 #19347 #19362 #19334 #19282 #19324 #19289 #19301 #19306 #19228 #19242 #19246 #19256 ...)) (not (or #4126 #4151 #19339 #19340 #19347 #19362 #19334 #19282 #19324 #19289 #19301 #19306 #19228 #19242 #19246 #19256 ...)) (not (or #4126 #4151 #19339 #19340 #19347 #19362 #19334 #19282 #19324 #19289 #19301 #19306 #19228 #19242 #19246 #19256 ...)) (not (or #19166 #19210 #19005)) (not (or #19166 #19210 #19204 #19009)) (not (or #19166 #19210 #19204 #19099)) (not (or #19019 #18830))) (o)
      (= (if (or #21082 #15867 #15907 #15918 #15721 #15562 #15573 #15584 #15390 #15399 #14407 #12235) (if #12144 #11753 467) (if #15866 #11818 224)) 417) (a)
      (not (= (if #12237 #11754 #11819) 417)) (a)
    (not (or (not #19123) (not #19089) (not #12678) (not #19000) (not #19054) (not #19052) (not #19101) (not #19014) (not #18791))) (c)

Worker 3 CUBE SIZE IN MAIN LOOP: 3
 Checking cube
(= (if (or #4941 #5641 #5646 #5660 #5693 #5733 #5758 #5767 #6081 #6122 #6520 #6629) (if #6672 #6696 467) (if #5640 #6663 224)) 417)
(or (not (or #1803 #1840 #1895 #1914 #1922 #1928 #2009 #2022 #2342)) (not (or #1803 #1840 #1895 #1914 #1922 #1928 #2009 #2022 #2342 #2344 #2368 #2382 #2399 #2407 #2414 #2421 ...)) (not (or #28 #30 #1499 #1504 #1788 #1803 #1819 #1822 #1840 #1849 #1874 #1880 #1895 #1953 #1959 #1986 ...)) (not (or #28 #30 #1499 #1504 #1788 #1803 #1819 #1822 #1840 #1849 #1874 #1880 #1895 #1953 #1959 #1986 ...)) (not (or #28 #30 #1499 #1504 #1788 #1803 #1819 #1822 #1840 #1849 #1874 #1880 #1895 #1953 #1959 #1986 ...)) (not (or #2009 #2344 #2494)) (not (or #2009 #2344 #2368 #2500)) (not (or #2009 #2344 #2368 #2509)) (not (or #2517 #3072)))
(not (if (or #1504 #1788) (not #1792) (not #1801)))
with max_conflicts: 3375
Worker 2 DONE checking cube l_false
Worker 2 found unsat cube
Batch manager backtracking.
(or (not (or #1803 #1840 #1895 #1914 #1922 #1928 #2009 #2022 #2342)) (not (or #1803 #1840 #1895 #1914 #1922 #1928 #2009 #2022 #2342 #2344 #2368 #2382 #2399 #2407 #2414 #2421 ...)) (not (or #28 #30 #1499 #1504 #1788 #1803 #1819 #1822 #1840 #1849 #1874 #1880 #1895 #1953 #1959 #1986 ...)) (not (or #28 #30 #1499 #1504 #1788 #1803 #1819 #1822 #1840 #1849 #1874 #1880 #1895 #1953 #1959 #1986 ...)) (not (or #28 #30 #1499 #1504 #1788 #1803 #1819 #1822 #1840 #1849 #1874 #1880 #1895 #1953 #1959 #1986 ...)) (not (or #2009 #2344 #2494)) (not (or #2009 #2344 #2368 #2500)) (not (or #2009 #2344 #2368 #2509)) (not (or #2517 #3072)))
(= (if (or #4941 #5641 #5646 #5660 #5693 #5733 #5758 #5767 #6081 #6122 #6520 #6629) (if #6672 #6696 467) (if #5640 #6663 224)) 417)

null (o)
  (if (or (if #4152 #19337 #19339) (not #19414)) (not (= #19349 0)) (not (or #4126 #4156 #4192 #19340 #19341 #19415 #19345 #19353 #19356 #19359))) (c)
  (not (if (or #19340 #19347) (not #19351) (not #19361))) (o)
    (or (not (or #19362 #19324 #19228 #19181 #19212 #19191 #19166 #19197 #19122)) (not (or #19362 #19324 #19228 #19181 #19212 #19191 #19166 #19197 #19122 #19210 #19204 #19112 #19061 #19159 #19070 #19142 ...)) (not (or #4126 #4151 #19339 #19340 #19347 #19362 #19334 #19282 #19324 #19289 #19301 #19306 #19228 #19242 #19246 #19256 ...)) (not (or #4126 #4151 #19339 #19340 #19347 #19362 #19334 #19282 #19324 #19289 #19301 #19306 #19228 #19242 #19246 #19256 ...)) (not (or #4126 #4151 #19339 #19340 #19347 #19362 #19334 #19282 #19324 #19289 #19301 #19306 #19228 #19242 #19246 #19256 ...)) (not (or #19166 #19210 #19005)) (not (or #19166 #19210 #19204 #19009)) (not (or #19166 #19210 #19204 #19099)) (not (or #19019 #18830))) (o)
      (= (if (or #21082 #15867 #15907 #15918 #15721 #15562 #15573 #15584 #15390 #15399 #14407 #12235) (if #12144 #11753 467) (if #15866 #11818 224)) 417) (c)
      (not (= (if #12237 #11754 #11819) 417)) (a)
    (not (or (not #19123) (not #19089) (not #12678) (not #19000) (not #19054) (not #19052) (not #19101) (not #19014) (not #18791))) (c)
null (o)
  (if (or (if #4152 #19337 #19339) (not #19414)) (not (= #19349 0)) (not (or #4126 #4156 #4192 #19340 #19341 #19415 #19345 #19353 #19356 #19359))) (c)
  (not (if (or #19340 #19347) (not #19351) (not #19361))) (o)
    (or (not (or #19362 #19324 #19228 #19181 #19212 #19191 #19166 #19197 #19122)) (not (or #19362 #19324 #19228 #19181 #19212 #19191 #19166 #19197 #19122 #19210 #19204 #19112 #19061 #19159 #19070 #19142 ...)) (not (or #4126 #4151 #19339 #19340 #19347 #19362 #19334 #19282 #19324 #19289 #19301 #19306 #19228 #19242 #19246 #19256 ...)) (not (or #4126 #4151 #19339 #19340 #19347 #19362 #19334 #19282 #19324 #19289 #19301 #19306 #19228 #19242 #19246 #19256 ...)) (not (or #4126 #4151 #19339 #19340 #19347 #19362 #19334 #19282 #19324 #19289 #19301 #19306 #19228 #19242 #19246 #19256 ...)) (not (or #19166 #19210 #19005)) (not (or #19166 #19210 #19204 #19009)) (not (or #19166 #19210 #19204 #19099)) (not (or #19019 #18830))) (o)
      (= (if (or #21082 #15867 #15907 #15918 #15721 #15562 #15573 #15584 #15390 #15399 #14407 #12235) (if #12144 #11753 467) (if #15866 #11818 224)) 417) (c)
      (not (= (if #12237 #11754 #11819) 417)) (a)
    (not (or (not #19123) (not #19089) (not #12678) (not #19000) (not #19054) (not #19052) (not #19101) (not #19014) (not #18791))) (c)

Worker 2 CUBE SIZE IN MAIN LOOP: 3
 Checking cube
(not (= (if #6630 #6681 #6664) 417))
(or (not (or #1803 #1840 #1895 #1914 #1922 #1928 #2009 #2022 #2342)) (not (or #1803 #1840 #1895 #1914 #1922 #1928 #2009 #2022 #2342 #2344 #2368 #2382 #2399 #2407 #2414 #2421 ...)) (not (or #28 #30 #1499 #1504 #1788 #1803 #1819 #1822 #1840 #1849 #1874 #1880 #1895 #1953 #1959 #1986 ...)) (not (or #28 #30 #1499 #1504 #1788 #1803 #1819 #1822 #1840 #1849 #1874 #1880 #1895 #1953 #1959 #1986 ...)) (not (or #28 #30 #1499 #1504 #1788 #1803 #1819 #1822 #1840 #1849 #1874 #1880 #1895 #1953 #1959 #1986 ...)) (not (or #2009 #2344 #2494)) (not (or #2009 #2344 #2368 #2500)) (not (or #2009 #2344 #2368 #2509)) (not (or #2517 #3072)))
(not (if (or #1504 #1788) (not #1792) (not #1801)))
with max_conflicts: 3375
Worker 0 DONE checking cube l_undef
Worker 0 found undef cube
Batch manager splitting on literal: (or (not (= i844 1)) (= i1041 0) (not (or #4126 #4151 #4182)) (if (or #4126 #4151) (not #19336) (not #19416)) (not (or #4126 #4156 #19417 #19341 #19415 #19345)) (if (or #19340 #19347) (not #19351) (not #19361)) (if (or #19340 #19347) (= #19349 0) (not #19327)) (not (or #4126 #4151 #19339 #19340 #19347 #19282)) (not (or #4126 #4151 #19339 #19282)))
null (o)
  (if (or (if #4152 #19337 #19339) (not #19414)) (not (= #19349 0)) (not (or #4126 #4156 #4192 #19340 #19341 #19415 #19345 #19353 #19356 #19359))) (c)
  (not (if (or #19340 #19347) (not #19351) (not #19361))) (o)
    (or (not (or #19362 #19324 #19228 #19181 #19212 #19191 #19166 #19197 #19122)) (not (or #19362 #19324 #19228 #19181 #19212 #19191 #19166 #19197 #19122 #19210 #19204 #19112 #19061 #19159 #19070 #19142 ...)) (not (or #4126 #4151 #19339 #19340 #19347 #19362 #19334 #19282 #19324 #19289 #19301 #19306 #19228 #19242 #19246 #19256 ...)) (not (or #4126 #4151 #19339 #19340 #19347 #19362 #19334 #19282 #19324 #19289 #19301 #19306 #19228 #19242 #19246 #19256 ...)) (not (or #4126 #4151 #19339 #19340 #19347 #19362 #19334 #19282 #19324 #19289 #19301 #19306 #19228 #19242 #19246 #19256 ...)) (not (or #19166 #19210 #19005)) (not (or #19166 #19210 #19204 #19009)) (not (or #19166 #19210 #19204 #19099)) (not (or #19019 #18830))) (o)
      (= (if (or #21082 #15867 #15907 #15918 #15721 #15562 #15573 #15584 #15390 #15399 #14407 #12235) (if #12144 #11753 467) (if #15866 #11818 224)) 417) (c)
      (not (= (if #12237 #11754 #11819) 417)) (a)
    (not (or (not #19123) (not #19089) (not #12678) (not #19000) (not #19054) (not #19052) (not #19101) (not #19014) (not #18791))) (c)

Worker 0 CUBE SIZE IN MAIN LOOP: 3
 Checking cube
(not (= (if #6630 #6681 #6664) 417))
(or (not (or #1803 #1840 #1895 #1914 #1922 #1928 #2009 #2022 #2342)) (not (or #1803 #1840 #1895 #1914 #1922 #1928 #2009 #2022 #2342 #2344 #2368 #2382 #2399 #2407 #2414 #2421 ...)) (not (or #28 #30 #1499 #1504 #1788 #1803 #1819 #1822 #1840 #1849 #1874 #1880 #1895 #1953 #1959 #1986 ...)) (not (or #28 #30 #1499 #1504 #1788 #1803 #1819 #1822 #1840 #1849 #1874 #1880 #1895 #1953 #1959 #1986 ...)) (not (or #28 #30 #1499 #1504 #1788 #1803 #1819 #1822 #1840 #1849 #1874 #1880 #1895 #1953 #1959 #1986 ...)) (not (or #2009 #2344 #2494)) (not (or #2009 #2344 #2368 #2500)) (not (or #2009 #2344 #2368 #2509)) (not (or #2517 #3072)))
(not (if (or #1504 #1788) (not #1792) (not #1801)))
with max_conflicts: 3375
Worker 3 DONE checking cube l_false
Worker 3 found unsat cube
Batch manager backtracking.
(or (not (or #1803 #1840 #1895 #1914 #1922 #1928 #2009 #2022 #2342)) (not (or #1803 #1840 #1895 #1914 #1922 #1928 #2009 #2022 #2342 #2344 #2368 #2382 #2399 #2407 #2414 #2421 ...)) (not (or #28 #30 #1499 #1504 #1788 #1803 #1819 #1822 #1840 #1849 #1874 #1880 #1895 #1953 #1959 #1986 ...)) (not (or #28 #30 #1499 #1504 #1788 #1803 #1819 #1822 #1840 #1849 #1874 #1880 #1895 #1953 #1959 #1986 ...)) (not (or #28 #30 #1499 #1504 #1788 #1803 #1819 #1822 #1840 #1849 #1874 #1880 #1895 #1953 #1959 #1986 ...)) (not (or #2009 #2344 #2494)) (not (or #2009 #2344 #2368 #2500)) (not (or #2009 #2344 #2368 #2509)) (not (or #2517 #3072)))
(= (if (or #4941 #5641 #5646 #5660 #5693 #5733 #5758 #5767 #6081 #6122 #6520 #6629) (if #6672 #6696 467) (if #5640 #6663 224)) 417)

null (o)
  (if (or (if #4152 #19337 #19339) (not #19414)) (not (= #19349 0)) (not (or #4126 #4156 #4192 #19340 #19341 #19415 #19345 #19353 #19356 #19359))) (c)
  (not (if (or #19340 #19347) (not #19351) (not #19361))) (o)
    (or (not (or #19362 #19324 #19228 #19181 #19212 #19191 #19166 #19197 #19122)) (not (or #19362 #19324 #19228 #19181 #19212 #19191 #19166 #19197 #19122 #19210 #19204 #19112 #19061 #19159 #19070 #19142 ...)) (not (or #4126 #4151 #19339 #19340 #19347 #19362 #19334 #19282 #19324 #19289 #19301 #19306 #19228 #19242 #19246 #19256 ...)) (not (or #4126 #4151 #19339 #19340 #19347 #19362 #19334 #19282 #19324 #19289 #19301 #19306 #19228 #19242 #19246 #19256 ...)) (not (or #4126 #4151 #19339 #19340 #19347 #19362 #19334 #19282 #19324 #19289 #19301 #19306 #19228 #19242 #19246 #19256 ...)) (not (or #19166 #19210 #19005)) (not (or #19166 #19210 #19204 #19009)) (not (or #19166 #19210 #19204 #19099)) (not (or #19019 #18830))) (o)
      (= (if (or #21082 #15867 #15907 #15918 #15721 #15562 #15573 #15584 #15390 #15399 #14407 #12235) (if #12144 #11753 467) (if #15866 #11818 224)) 417) (c)
      (not (= (if #12237 #11754 #11819) 417)) (a)
    (not (or (not #19123) (not #19089) (not #12678) (not #19000) (not #19054) (not #19052) (not #19101) (not #19014) (not #18791))) (c)
null (o)
  (if (or (if #4152 #19337 #19339) (not #19414)) (not (= #19349 0)) (not (or #4126 #4156 #4192 #19340 #19341 #19415 #19345 #19353 #19356 #19359))) (c)
  (not (if (or #19340 #19347) (not #19351) (not #19361))) (o)
    (or (not (or #19362 #19324 #19228 #19181 #19212 #19191 #19166 #19197 #19122)) (not (or #19362 #19324 #19228 #19181 #19212 #19191 #19166 #19197 #19122 #19210 #19204 #19112 #19061 #19159 #19070 #19142 ...)) (not (or #4126 #4151 #19339 #19340 #19347 #19362 #19334 #19282 #19324 #19289 #19301 #19306 #19228 #19242 #19246 #19256 ...)) (not (or #4126 #4151 #19339 #19340 #19347 #19362 #19334 #19282 #19324 #19289 #19301 #19306 #19228 #19242 #19246 #19256 ...)) (not (or #4126 #4151 #19339 #19340 #19347 #19362 #19334 #19282 #19324 #19289 #19301 #19306 #19228 #19242 #19246 #19256 ...)) (not (or #19166 #19210 #19005)) (not (or #19166 #19210 #19204 #19009)) (not (or #19166 #19210 #19204 #19099)) (not (or #19019 #18830))) (o)
      (= (if (or #21082 #15867 #15907 #15918 #15721 #15562 #15573 #15584 #15390 #15399 #14407 #12235) (if #12144 #11753 467) (if #15866 #11818 224)) 417) (c)
      (not (= (if #12237 #11754 #11819) 417)) (a)
    (not (or (not #19123) (not #19089) (not #12678) (not #19000) (not #19054) (not #19052) (not #19101) (not #19014) (not #18791))) (c)

Worker 3 CUBE SIZE IN MAIN LOOP: 3
 Checking cube
(not (= (if #6630 #6681 #6664) 417))
(or (not (or #1803 #1840 #1895 #1914 #1922 #1928 #2009 #2022 #2342)) (not (or #1803 #1840 #1895 #1914 #1922 #1928 #2009 #2022 #2342 #2344 #2368 #2382 #2399 #2407 #2414 #2421 ...)) (not (or #28 #30 #1499 #1504 #1788 #1803 #1819 #1822 #1840 #1849 #1874 #1880 #1895 #1953 #1959 #1986 ...)) (not (or #28 #30 #1499 #1504 #1788 #1803 #1819 #1822 #1840 #1849 #1874 #1880 #1895 #1953 #1959 #1986 ...)) (not (or #28 #30 #1499 #1504 #1788 #1803 #1819 #1822 #1840 #1849 #1874 #1880 #1895 #1953 #1959 #1986 ...)) (not (or #2009 #2344 #2494)) (not (or #2009 #2344 #2368 #2500)) (not (or #2009 #2344 #2368 #2509)) (not (or #2517 #3072)))
(not (if (or #1504 #1788) (not #1792) (not #1801)))
with max_conflicts: 3375
Worker 1 DONE checking cube l_false
Worker 1 found unsat cube
Batch manager backtracking.
(or (not (or #1803 #1840 #1895 #1914 #1922 #1928 #2009 #2022 #2342)) (not (or #1803 #1840 #1895 #1914 #1922 #1928 #2009 #2022 #2342 #2344 #2368 #2382 #2399 #2407 #2414 #2421 ...)) (not (or #28 #30 #1499 #1504 #1788 #1803 #1819 #1822 #1840 #1849 #1874 #1880 #1895 #1953 #1959 #1986 ...)) (not (or #28 #30 #1499 #1504 #1788 #1803 #1819 #1822 #1840 #1849 #1874 #1880 #1895 #1953 #1959 #1986 ...)) (not (or #28 #30 #1499 #1504 #1788 #1803 #1819 #1822 #1840 #1849 #1874 #1880 #1895 #1953 #1959 #1986 ...)) (not (or #2009 #2344 #2494)) (not (or #2009 #2344 #2368 #2500)) (not (or #2009 #2344 #2368 #2509)) (not (or #2517 #3072)))
(not (= (if #6630 #6681 #6664) 417))

null (o)
  (if (or (if #4152 #19337 #19339) (not #19414)) (not (= #19349 0)) (not (or #4126 #4156 #4192 #19340 #19341 #19415 #19345 #19353 #19356 #19359))) (c)
  (not (if (or #19340 #19347) (not #19351) (not #19361))) (o)
    (or (not (or #19362 #19324 #19228 #19181 #19212 #19191 #19166 #19197 #19122)) (not (or #19362 #19324 #19228 #19181 #19212 #19191 #19166 #19197 #19122 #19210 #19204 #19112 #19061 #19159 #19070 #19142 ...)) (not (or #4126 #4151 #19339 #19340 #19347 #19362 #19334 #19282 #19324 #19289 #19301 #19306 #19228 #19242 #19246 #19256 ...)) (not (or #4126 #4151 #19339 #19340 #19347 #19362 #19334 #19282 #19324 #19289 #19301 #19306 #19228 #19242 #19246 #19256 ...)) (not (or #4126 #4151 #19339 #19340 #19347 #19362 #19334 #19282 #19324 #19289 #19301 #19306 #19228 #19242 #19246 #19256 ...)) (not (or #19166 #19210 #19005)) (not (or #19166 #19210 #19204 #19009)) (not (or #19166 #19210 #19204 #19099)) (not (or #19019 #18830))) (c)
      (= (if (or #21082 #15867 #15907 #15918 #15721 #15562 #15573 #15584 #15390 #15399 #14407 #12235) (if #12144 #11753 467) (if #15866 #11818 224)) 417) (c)
      (not (= (if #12237 #11754 #11819) 417)) (c)
    (not (or (not #19123) (not #19089) (not #12678) (not #19000) (not #19054) (not #19052) (not #19101) (not #19014) (not #18791))) (c)
Worker 1 no more cubes
Worker 0 DONE checking cube l_false
Worker 0 found unsat cube
Batch manager backtracking.
(or (not (or #1803 #1840 #1895 #1914 #1922 #1928 #2009 #2022 #2342)) (not (or #1803 #1840 #1895 #1914 #1922 #1928 #2009 #2022 #2342 #2344 #2368 #2382 #2399 #2407 #2414 #2421 ...)) (not (or #28 #30 #1499 #1504 #1788 #1803 #1819 #1822 #1840 #1849 #1874 #1880 #1895 #1953 #1959 #1986 ...)) (not (or #28 #30 #1499 #1504 #1788 #1803 #1819 #1822 #1840 #1849 #1874 #1880 #1895 #1953 #1959 #1986 ...)) (not (or #28 #30 #1499 #1504 #1788 #1803 #1819 #1822 #1840 #1849 #1874 #1880 #1895 #1953 #1959 #1986 ...)) (not (or #2009 #2344 #2494)) (not (or #2009 #2344 #2368 #2500)) (not (or #2009 #2344 #2368 #2509)) (not (or #2517 #3072)))
(not (= (if #6630 #6681 #6664) 417))

null (c)
  (if (or (if #4152 #19337 #19339) (not #19414)) (not (= #19349 0)) (not (or #4126 #4156 #4192 #19340 #19341 #19415 #19345 #19353 #19356 #19359))) (c)
  (not (if (or #19340 #19347) (not #19351) (not #19361))) (c)
    (or (not (or #19362 #19324 #19228 #19181 #19212 #19191 #19166 #19197 #19122)) (not (or #19362 #19324 #19228 #19181 #19212 #19191 #19166 #19197 #19122 #19210 #19204 #19112 #19061 #19159 #19070 #19142 ...)) (not (or #4126 #4151 #19339 #19340 #19347 #19362 #19334 #19282 #19324 #19289 #19301 #19306 #19228 #19242 #19246 #19256 ...)) (not (or #4126 #4151 #19339 #19340 #19347 #19362 #19334 #19282 #19324 #19289 #19301 #19306 #19228 #19242 #19246 #19256 ...)) (not (or #4126 #4151 #19339 #19340 #19347 #19362 #19334 #19282 #19324 #19289 #19301 #19306 #19228 #19242 #19246 #19256 ...)) (not (or #19166 #19210 #19005)) (not (or #19166 #19210 #19204 #19009)) (not (or #19166 #19210 #19204 #19099)) (not (or #19019 #18830))) (c)
      (= (if (or #21082 #15867 #15907 #15918 #15721 #15562 #15573 #15584 #15390 #15399 #14407 #12235) (if #12144 #11753 467) (if #15866 #11818 224)) 417) (c)
      (not (= (if #12237 #11754 #11819) 417)) (c)
    (not (or (not #19123) (not #19089) (not #12678) (not #19000) (not #19054) (not #19052) (not #19101) (not #19014) (not #18791))) (c)
Canceling workers
Worker 0 canceling
Worker 1 canceling
Worker 2 canceling
Worker 3 canceling
Worker 2 DONE checking cube l_undef
Worker 3 DONE checking cube l_undef
all done
Worker 0 no more cubes
Batch manager setting exception msg: context cancelled.
Batch manager setting exception msg: context cancelled.
unsat
(:added-eqs                   1748296
 :arith-eq-adapter            3555
 :arith-bound-propagations-lp 204796
 :arith-conflicts             691
 :arith-diseq                 133224
 :arith-fixed-eqs             197225
 :arith-lower                 122484
 :arith-make-feasible         59209
 :arith-max-columns           1664
 :arith-max-rows              684
 :arith-offset-eqs            58896
 :arith-upper                 202039
 :binary-propagations         4564620
 :conflicts                   28118
 :decisions                   598095
 :del-clause                  23089
 :max-memory                  114.41
 :memory                      19.17
 :minimized-lits              190426
 :mk-bool-var                 23299
 :mk-clause                   42201
 :mk-clause-binary            61378
 :num-allocs                  61062002
 :num-checks                  23
 :parallel-max-cube-size      3
 :parallel-num_cubes          12
 :propagations                6601545
 :restarts                    239
 :rlimit-count                18866885
 :time                        0.82
 :total-time                  2.95)
