Worker 0 created with 0 assumptions
Worker 1 created with 0 assumptions
Worker 2 created with 0 assumptions
Worker 3 created with 0 assumptions
null (a)

Worker 2 CUBE SIZE IN MAIN LOOP: 0
 Checking cube
with max_conflicts: 1000
null (a)

Worker 0 CUBE SIZE IN MAIN LOOP: 0
 Checking cube
with max_conflicts: 1000
null (a)

Worker 3 CUBE SIZE IN MAIN LOOP: 0
 Checking cube
with max_conflicts: 1000
null (a)

Worker 1 CUBE SIZE IN MAIN LOOP: 0
 Checking cube
with max_conflicts: 1000
Worker 0 DONE checking cube l_undef
Worker 0 found undef cube
Batch manager splitting on literal: (if (or (if #4152 #19337 #19339) (not #19414)) (not (= #19349 0)) (not (or #4126 #4156 #4192 #19340 #19341 #19415 #19345 #19353 #19356 #19359)))
Worker 2 DONE checking cube l_undef
Worker 2 found undef cube
Worker 1 DONE checking cube l_undef
Worker 1 found undef cube
Batch manager splitting on literal: (or (not (or #18282 #21082 #21049 #21054 #21065 #20963 #20931 #20912 #20824 #20791 #20324 #20272 #20242 #20051 #19276 #19279 ...)) (not (or #21082 #15867 #15907 #15390 #13247)) (not (or #21082 #15867 #15907 #15918 #15390 #15399 #13160)) (not (or #21082 #15867 #15907 #15918 #15390 #15399 #13016)) (not (or #21082 #15867 #15907 #15918 #15721 #15390 #15399 #14407 #12896)) (not (or #21082 #15867 #15907 #15918 #15721 #15562 #15390 #15399 #14407 #12821)) (not (or #21082 #15867 #15907 #15918 #15721 #15562 #15573 #15390 #15399 #14407 #12829)) (not (or #21082 #15867 #15907 #15918 #15721 #15562 #15573 #15390 #15399 #14407 #12574)) (not (or #21082 #15867 #15907 #15918 #15721 #15562 #15573 #15584 #15632 #15525 #15536 #15455 #15438 #15390 #15399 #14407 ...)) (not (or #21082 #15867 #15907 #15918 #15721 #15562 #15573 #15584 #15390 #15399 #14407 #12625)) (not (or #15867 #12379)) (not (or #21082 #15867 #15907 #12273)) (not (or #21082 #15907 #15918 #15721 #15562 #15573 #15584 #15632 #15525 #15536 #15455 #15438 #15390 #15399 #14407 #12278 ...)) (not (or #21082 #15867 #15907 #15918 #15721 #15562 #15573 #15584 #15632 #15525 #15536 #15455 #15438 #15390 #15399 #14407 ...)) (not (or #21082 #15867 #15907 #15390 #12175)) (not (or #15867 #12187)) ...)
Batch manager splitting on literal: (= i844 1)
null (o)
  (if (or (if #4152 #19337 #19339) (not #19414)) (not (= #19349 0)) (not (or #4126 #4156 #4192 #19340 #19341 #19415 #19345 #19353 #19356 #19359))) (a)
  (not (if (or #19340 #19347) (not #19351) (not #19361))) (o)

Worker 3 DONE checking cube l_undef
Worker 3 found undef cube
Worker 1 CUBE SIZE IN MAIN LOOP: 1
 Checking cube
(if (or (if #31 #1503 #1499) (not #1787)) (not (= #1791 0)) (not (or #28 #32 #48 #1504 #1506 #1508 #1510 #1796 #1798 #1800)))
with max_conflicts: 1500
null (o)
  (if (or (if #4152 #19337 #19339) (not #19414)) (not (= #19349 0)) (not (or #4126 #4156 #4192 #19340 #19341 #19415 #19345 #19353 #19356 #19359))) (a)
  (not (if (or #19340 #19347) (not #19351) (not #19361))) (a)

Worker 0 CUBE SIZE IN MAIN LOOP: 1
 Checking cube
(not (if (or #1504 #1788) (not #1792) (not #1801)))
with max_conflicts: 1500
Batch manager splitting on literal: (<= (+ (if #4125 143 0) (* -1 #4566)) 0)
null (o)
  (if (or (if #4152 #19337 #19339) (not #19414)) (not (= #19349 0)) (not (or #4126 #4156 #4192 #19340 #19341 #19415 #19345 #19353 #19356 #19359))) (a)
  (not (if (or #19340 #19347) (not #19351) (not #19361))) (a)

Worker 2 CUBE SIZE IN MAIN LOOP: 1
 Checking cube
(if (or (if #31 #1503 #1499) (not #1787)) (not (= #1791 0)) (not (or #28 #32 #48 #1504 #1506 #1508 #1510 #1796 #1798 #1800)))
with max_conflicts: 1500
null (o)
  (if (or (if #4152 #19337 #19339) (not #19414)) (not (= #19349 0)) (not (or #4126 #4156 #4192 #19340 #19341 #19415 #19345 #19353 #19356 #19359))) (a)
  (not (if (or #19340 #19347) (not #19351) (not #19361))) (a)

Worker 3 CUBE SIZE IN MAIN LOOP: 1
 Checking cube
(if (or (if #31 #1503 #1499) (not #1787)) (not (= #1791 0)) (not (or #28 #32 #48 #1504 #1506 #1508 #1510 #1796 #1798 #1800)))
with max_conflicts: 1500
Worker 2 DONE checking cube l_false
Worker 2 found unsat cube
Batch manager backtracking.
(if (or (if #31 #1503 #1499) (not #1787)) (not (= #1791 0)) (not (or #28 #32 #48 #1504 #1506 #1508 #1510 #1796 #1798 #1800)))

null (o)
  (if (or (if #4152 #19337 #19339) (not #19414)) (not (= #19349 0)) (not (or #4126 #4156 #4192 #19340 #19341 #19415 #19345 #19353 #19356 #19359))) (c)
  (not (if (or #19340 #19347) (not #19351) (not #19361))) (a)
null (o)
  (if (or (if #4152 #19337 #19339) (not #19414)) (not (= #19349 0)) (not (or #4126 #4156 #4192 #19340 #19341 #19415 #19345 #19353 #19356 #19359))) (c)
  (not (if (or #19340 #19347) (not #19351) (not #19361))) (a)

Worker 2 CUBE SIZE IN MAIN LOOP: 1
 Checking cube
(not (if (or #1504 #1788) (not #1792) (not #1801)))
with max_conflicts: 1500
Worker 3 DONE checking cube l_false
Worker 3 found unsat cube
Batch manager backtracking.
(if (or (if #31 #1503 #1499) (not #1787)) (not (= #1791 0)) (not (or #28 #32 #48 #1504 #1506 #1508 #1510 #1796 #1798 #1800)))

null (o)
  (if (or (if #4152 #19337 #19339) (not #19414)) (not (= #19349 0)) (not (or #4126 #4156 #4192 #19340 #19341 #19415 #19345 #19353 #19356 #19359))) (c)
  (not (if (or #19340 #19347) (not #19351) (not #19361))) (a)
null (o)
  (if (or (if #4152 #19337 #19339) (not #19414)) (not (= #19349 0)) (not (or #4126 #4156 #4192 #19340 #19341 #19415 #19345 #19353 #19356 #19359))) (c)
  (not (if (or #19340 #19347) (not #19351) (not #19361))) (a)

Worker 3 CUBE SIZE IN MAIN LOOP: 1
 Checking cube
(not (if (or #1504 #1788) (not #1792) (not #1801)))
with max_conflicts: 1500
Worker 1 DONE checking cube l_false
Worker 1 found unsat cube
Batch manager backtracking.
(if (or (if #31 #1503 #1499) (not #1787)) (not (= #1791 0)) (not (or #28 #32 #48 #1504 #1506 #1508 #1510 #1796 #1798 #1800)))

null (o)
  (if (or (if #4152 #19337 #19339) (not #19414)) (not (= #19349 0)) (not (or #4126 #4156 #4192 #19340 #19341 #19415 #19345 #19353 #19356 #19359))) (c)
  (not (if (or #19340 #19347) (not #19351) (not #19361))) (a)
null (o)
  (if (or (if #4152 #19337 #19339) (not #19414)) (not (= #19349 0)) (not (or #4126 #4156 #4192 #19340 #19341 #19415 #19345 #19353 #19356 #19359))) (c)
  (not (if (or #19340 #19347) (not #19351) (not #19361))) (a)

Worker 1 CUBE SIZE IN MAIN LOOP: 1
 Checking cube
(not (if (or #1504 #1788) (not #1792) (not #1801)))
with max_conflicts: 1500
Worker 0 DONE checking cube l_undef
Worker 0 found undef cube
Batch manager splitting on literal: (or (if (or #19090 #18853) (not #18270) (not #18718)) (if (or #19090 #18853) (= #18855 0) (not #18651)) (not (or #19090 #18853 #18659)) (not (or #19090 #18853 #18242 #18669)) (not (or #19090 #18853 #18242 #18857 #18885 #18677)) (not (or #19090 #18853 #18242 #18857 #18885 #18866 #18609)) (not (or #19090 #18853 #18242 #18857 #18885 #18866 #18618)) (not (or #19090 #18853 #18242 #18857 #18885 #18866 #18266 #18871 #18630)) (not (or #19090 #18853 #18242 #18857 #18885 #18866 #18266 #18871 #18639)) (not (or #18573 #18140)))
null (o)
  (if (or (if #4152 #19337 #19339) (not #19414)) (not (= #19349 0)) (not (or #4126 #4156 #4192 #19340 #19341 #19415 #19345 #19353 #19356 #19359))) (c)
  (not (if (or #19340 #19347) (not #19351) (not #19361))) (o)
    (or (if (or #19090 #18853) (not #18270) (not #18718)) (if (or #19090 #18853) (= #18855 0) (not #18651)) (not (or #19090 #18853 #18659)) (not (or #19090 #18853 #18242 #18669)) (not (or #19090 #18853 #18242 #18857 #18885 #18677)) (not (or #19090 #18853 #18242 #18857 #18885 #18866 #18609)) (not (or #19090 #18853 #18242 #18857 #18885 #18866 #18618)) (not (or #19090 #18853 #18242 #18857 #18885 #18866 #18266 #18871 #18630)) (not (or #19090 #18853 #18242 #18857 #18885 #18866 #18266 #18871 #18639)) (not (or #18573 #18140))) (o)
    (not (or (if #18854 #18930 #18719) (if #18854 #18270 #18652) (not #18660) (not #18670) (not #18678) (not #18610) (not #18619) (not #18631) (not #18640) (not #18186))) (a)

Worker 0 CUBE SIZE IN MAIN LOOP: 2
 Checking cube
(not (or (if #2973 #3569 #3573) (if #2973 #3568 #3583) (not #3592) (not #3600) (not #3608) (not #3616) (not #3625) (not #3633) (not #3642) (not #4351)))
(not (if (or #1504 #1788) (not #1792) (not #1801)))
with max_conflicts: 2250
Worker 0 DONE checking cube l_false
Worker 0 found unsat cube
Batch manager backtracking.
(not (or (if #2973 #3569 #3573) (if #2973 #3568 #3583) (not #3592) (not #3600) (not #3608) (not #3616) (not #3625) (not #3633) (not #3642) (not #4351)))

null (o)
  (if (or (if #4152 #19337 #19339) (not #19414)) (not (= #19349 0)) (not (or #4126 #4156 #4192 #19340 #19341 #19415 #19345 #19353 #19356 #19359))) (c)
  (not (if (or #19340 #19347) (not #19351) (not #19361))) (o)
    (or (if (or #19090 #18853) (not #18270) (not #18718)) (if (or #19090 #18853) (= #18855 0) (not #18651)) (not (or #19090 #18853 #18659)) (not (or #19090 #18853 #18242 #18669)) (not (or #19090 #18853 #18242 #18857 #18885 #18677)) (not (or #19090 #18853 #18242 #18857 #18885 #18866 #18609)) (not (or #19090 #18853 #18242 #18857 #18885 #18866 #18618)) (not (or #19090 #18853 #18242 #18857 #18885 #18866 #18266 #18871 #18630)) (not (or #19090 #18853 #18242 #18857 #18885 #18866 #18266 #18871 #18639)) (not (or #18573 #18140))) (o)
    (not (or (if #18854 #18930 #18719) (if #18854 #18270 #18652) (not #18660) (not #18670) (not #18678) (not #18610) (not #18619) (not #18631) (not #18640) (not #18186))) (c)
null (o)
  (if (or (if #4152 #19337 #19339) (not #19414)) (not (= #19349 0)) (not (or #4126 #4156 #4192 #19340 #19341 #19415 #19345 #19353 #19356 #19359))) (c)
  (not (if (or #19340 #19347) (not #19351) (not #19361))) (o)
    (or (if (or #19090 #18853) (not #18270) (not #18718)) (if (or #19090 #18853) (= #18855 0) (not #18651)) (not (or #19090 #18853 #18659)) (not (or #19090 #18853 #18242 #18669)) (not (or #19090 #18853 #18242 #18857 #18885 #18677)) (not (or #19090 #18853 #18242 #18857 #18885 #18866 #18609)) (not (or #19090 #18853 #18242 #18857 #18885 #18866 #18618)) (not (or #19090 #18853 #18242 #18857 #18885 #18866 #18266 #18871 #18630)) (not (or #19090 #18853 #18242 #18857 #18885 #18866 #18266 #18871 #18639)) (not (or #18573 #18140))) (a)
    (not (or (if #18854 #18930 #18719) (if #18854 #18270 #18652) (not #18660) (not #18670) (not #18678) (not #18610) (not #18619) (not #18631) (not #18640) (not #18186))) (c)

Worker 0 CUBE SIZE IN MAIN LOOP: 2
 Checking cube
(or (if (or #2478 #2972) (not #3568) (not #3572)) (if (or #2478 #2972) (= #3567 0) (not #3582)) (not (or #2478 #2972 #3591)) (not (or #2478 #2972 #2985 #3596)) (not (or #2478 #2972 #2985 #2993 #3001 #3607)) (not (or #2478 #2972 #2985 #2993 #3001 #3009 #3615)) (not (or #2478 #2972 #2985 #2993 #3001 #3009 #3624)) (not (or #2478 #2972 #2985 #2993 #3001 #3009 #3013 #3020 #3632)) (not (or #2478 #2972 #2985 #2993 #3001 #3009 #3013 #3020 #3641)) (not (or #3655 #4350)))
(not (if (or #1504 #1788) (not #1792) (not #1801)))
with max_conflicts: 2250
Worker 3 DONE checking cube l_undef
Worker 3 found undef cube
Batch manager splitting on literal: (<= (+ (if #4125 143 0) (* -1 #4566)) 0)
null (o)
  (if (or (if #4152 #19337 #19339) (not #19414)) (not (= #19349 0)) (not (or #4126 #4156 #4192 #19340 #19341 #19415 #19345 #19353 #19356 #19359))) (c)
  (not (if (or #19340 #19347) (not #19351) (not #19361))) (o)
    (or (if (or #19090 #18853) (not #18270) (not #18718)) (if (or #19090 #18853) (= #18855 0) (not #18651)) (not (or #19090 #18853 #18659)) (not (or #19090 #18853 #18242 #18669)) (not (or #19090 #18853 #18242 #18857 #18885 #18677)) (not (or #19090 #18853 #18242 #18857 #18885 #18866 #18609)) (not (or #19090 #18853 #18242 #18857 #18885 #18866 #18618)) (not (or #19090 #18853 #18242 #18857 #18885 #18866 #18266 #18871 #18630)) (not (or #19090 #18853 #18242 #18857 #18885 #18866 #18266 #18871 #18639)) (not (or #18573 #18140))) (a)
    (not (or (if #18854 #18930 #18719) (if #18854 #18270 #18652) (not #18660) (not #18670) (not #18678) (not #18610) (not #18619) (not #18631) (not #18640) (not #18186))) (c)

Worker 3 CUBE SIZE IN MAIN LOOP: 2
 Checking cube
(or (if (or #2478 #2972) (not #3568) (not #3572)) (if (or #2478 #2972) (= #3567 0) (not #3582)) (not (or #2478 #2972 #3591)) (not (or #2478 #2972 #2985 #3596)) (not (or #2478 #2972 #2985 #2993 #3001 #3607)) (not (or #2478 #2972 #2985 #2993 #3001 #3009 #3615)) (not (or #2478 #2972 #2985 #2993 #3001 #3009 #3624)) (not (or #2478 #2972 #2985 #2993 #3001 #3009 #3013 #3020 #3632)) (not (or #2478 #2972 #2985 #2993 #3001 #3009 #3013 #3020 #3641)) (not (or #3655 #4350)))
(not (if (or #1504 #1788) (not #1792) (not #1801)))
with max_conflicts: 2250
Worker 1 DONE checking cube l_undef
Worker 1 found undef cube
Batch manager splitting on literal: (= i844 1)
null (o)
  (if (or (if #4152 #19337 #19339) (not #19414)) (not (= #19349 0)) (not (or #4126 #4156 #4192 #19340 #19341 #19415 #19345 #19353 #19356 #19359))) (c)
  (not (if (or #19340 #19347) (not #19351) (not #19361))) (o)
    (or (if (or #19090 #18853) (not #18270) (not #18718)) (if (or #19090 #18853) (= #18855 0) (not #18651)) (not (or #19090 #18853 #18659)) (not (or #19090 #18853 #18242 #18669)) (not (or #19090 #18853 #18242 #18857 #18885 #18677)) (not (or #19090 #18853 #18242 #18857 #18885 #18866 #18609)) (not (or #19090 #18853 #18242 #18857 #18885 #18866 #18618)) (not (or #19090 #18853 #18242 #18857 #18885 #18866 #18266 #18871 #18630)) (not (or #19090 #18853 #18242 #18857 #18885 #18866 #18266 #18871 #18639)) (not (or #18573 #18140))) (a)
    (not (or (if #18854 #18930 #18719) (if #18854 #18270 #18652) (not #18660) (not #18670) (not #18678) (not #18610) (not #18619) (not #18631) (not #18640) (not #18186))) (c)

Worker 1 CUBE SIZE IN MAIN LOOP: 2
 Checking cube
(or (if (or #2478 #2972) (not #3568) (not #3572)) (if (or #2478 #2972) (= #3567 0) (not #3582)) (not (or #2478 #2972 #3591)) (not (or #2478 #2972 #2985 #3596)) (not (or #2478 #2972 #2985 #2993 #3001 #3607)) (not (or #2478 #2972 #2985 #2993 #3001 #3009 #3615)) (not (or #2478 #2972 #2985 #2993 #3001 #3009 #3624)) (not (or #2478 #2972 #2985 #2993 #3001 #3009 #3013 #3020 #3632)) (not (or #2478 #2972 #2985 #2993 #3001 #3009 #3013 #3020 #3641)) (not (or #3655 #4350)))
(not (if (or #1504 #1788) (not #1792) (not #1801)))
with max_conflicts: 2250
Worker 2 DONE checking cube l_undef
Worker 2 found undef cube
Batch manager splitting on literal: (= i844 1)
null (o)
  (if (or (if #4152 #19337 #19339) (not #19414)) (not (= #19349 0)) (not (or #4126 #4156 #4192 #19340 #19341 #19415 #19345 #19353 #19356 #19359))) (c)
  (not (if (or #19340 #19347) (not #19351) (not #19361))) (o)
    (or (if (or #19090 #18853) (not #18270) (not #18718)) (if (or #19090 #18853) (= #18855 0) (not #18651)) (not (or #19090 #18853 #18659)) (not (or #19090 #18853 #18242 #18669)) (not (or #19090 #18853 #18242 #18857 #18885 #18677)) (not (or #19090 #18853 #18242 #18857 #18885 #18866 #18609)) (not (or #19090 #18853 #18242 #18857 #18885 #18866 #18618)) (not (or #19090 #18853 #18242 #18857 #18885 #18866 #18266 #18871 #18630)) (not (or #19090 #18853 #18242 #18857 #18885 #18866 #18266 #18871 #18639)) (not (or #18573 #18140))) (a)
    (not (or (if #18854 #18930 #18719) (if #18854 #18270 #18652) (not #18660) (not #18670) (not #18678) (not #18610) (not #18619) (not #18631) (not #18640) (not #18186))) (c)

Worker 2 CUBE SIZE IN MAIN LOOP: 2
 Checking cube
(or (if (or #2478 #2972) (not #3568) (not #3572)) (if (or #2478 #2972) (= #3567 0) (not #3582)) (not (or #2478 #2972 #3591)) (not (or #2478 #2972 #2985 #3596)) (not (or #2478 #2972 #2985 #2993 #3001 #3607)) (not (or #2478 #2972 #2985 #2993 #3001 #3009 #3615)) (not (or #2478 #2972 #2985 #2993 #3001 #3009 #3624)) (not (or #2478 #2972 #2985 #2993 #3001 #3009 #3013 #3020 #3632)) (not (or #2478 #2972 #2985 #2993 #3001 #3009 #3013 #3020 #3641)) (not (or #3655 #4350)))
(not (if (or #1504 #1788) (not #1792) (not #1801)))
with max_conflicts: 2250
Worker 0 DONE checking cube l_undef
Worker 0 found undef cube
Batch manager splitting on literal: (or (not (or #18282 #21082 #21049 #21054 #21065 #20963 #20931 #20912 #20824 #20791 #20324 #20272 #20242 #20051 #19276 #19279 ...)) (not (or #21082 #15867 #15907 #15390 #13247)) (not (or #21082 #15867 #15907 #15918 #15390 #15399 #13160)) (not (or #21082 #15867 #15907 #15918 #15390 #15399 #13016)) (not (or #21082 #15867 #15907 #15918 #15721 #15390 #15399 #14407 #12896)) (not (or #21082 #15867 #15907 #15918 #15721 #15562 #15390 #15399 #14407 #12821)) (not (or #21082 #15867 #15907 #15918 #15721 #15562 #15573 #15390 #15399 #14407 #12829)) (not (or #21082 #15867 #15907 #15918 #15721 #15562 #15573 #15390 #15399 #14407 #12574)) (not (or #21082 #15867 #15907 #15918 #15721 #15562 #15573 #15584 #15632 #15525 #15536 #15455 #15438 #15390 #15399 #14407 ...)) (not (or #21082 #15867 #15907 #15918 #15721 #15562 #15573 #15584 #15390 #15399 #14407 #12625)) (not (or #15867 #12379)) (not (or #21082 #15867 #15907 #12273)) (not (or #21082 #15907 #15918 #15721 #15562 #15573 #15584 #15632 #15525 #15536 #15455 #15438 #15390 #15399 #14407 #12278 ...)) (not (or #21082 #15867 #15907 #15918 #15721 #15562 #15573 #15584 #15632 #15525 #15536 #15455 #15438 #15390 #15399 #14407 ...)) (not (or #21082 #15867 #15907 #15390 #12175)) (not (or #15867 #12187)) ...)
null (o)
  (if (or (if #4152 #19337 #19339) (not #19414)) (not (= #19349 0)) (not (or #4126 #4156 #4192 #19340 #19341 #19415 #19345 #19353 #19356 #19359))) (c)
  (not (if (or #19340 #19347) (not #19351) (not #19361))) (o)
    (or (if (or #19090 #18853) (not #18270) (not #18718)) (if (or #19090 #18853) (= #18855 0) (not #18651)) (not (or #19090 #18853 #18659)) (not (or #19090 #18853 #18242 #18669)) (not (or #19090 #18853 #18242 #18857 #18885 #18677)) (not (or #19090 #18853 #18242 #18857 #18885 #18866 #18609)) (not (or #19090 #18853 #18242 #18857 #18885 #18866 #18618)) (not (or #19090 #18853 #18242 #18857 #18885 #18866 #18266 #18871 #18630)) (not (or #19090 #18853 #18242 #18857 #18885 #18866 #18266 #18871 #18639)) (not (or #18573 #18140))) (o)
      (or (not (or #18282 #21082 #21049 #21054 #21065 #20963 #20931 #20912 #20824 #20791 #20324 #20272 #20242 #20051 #19276 #19279 ...)) (not (or #21082 #15867 #15907 #15390 #13247)) (not (or #21082 #15867 #15907 #15918 #15390 #15399 #13160)) (not (or #21082 #15867 #15907 #15918 #15390 #15399 #13016)) (not (or #21082 #15867 #15907 #15918 #15721 #15390 #15399 #14407 #12896)) (not (or #21082 #15867 #15907 #15918 #15721 #15562 #15390 #15399 #14407 #12821)) (not (or #21082 #15867 #15907 #15918 #15721 #15562 #15573 #15390 #15399 #14407 #12829)) (not (or #21082 #15867 #15907 #15918 #15721 #15562 #15573 #15390 #15399 #14407 #12574)) (not (or #21082 #15867 #15907 #15918 #15721 #15562 #15573 #15584 #15632 #15525 #15536 #15455 #15438 #15390 #15399 #14407 ...)) (not (or #21082 #15867 #15907 #15918 #15721 #15562 #15573 #15584 #15390 #15399 #14407 #12625)) (not (or #15867 #12379)) (not (or #21082 #15867 #15907 #12273)) (not (or #21082 #15907 #15918 #15721 #15562 #15573 #15584 #15632 #15525 #15536 #15455 #15438 #15390 #15399 #14407 #12278 ...)) (not (or #21082 #15867 #15907 #15918 #15721 #15562 #15573 #15584 #15632 #15525 #15536 #15455 #15438 #15390 #15399 #14407 ...)) (not (or #21082 #15867 #15907 #15390 #12175)) (not (or #15867 #12187)) ...) (a)
      (not (or (not #15866) (not #13249) (not #13161) (not #12917) (not #12858) (not #12822) (not #12634) (not #12576) (not #12618) (not #12626) (not #12380) (not #12274) (not #12279) (not #13311) (not #12177) (not #12189) ...)) (o)
    (not (or (if #18854 #18930 #18719) (if #18854 #18270 #18652) (not #18660) (not #18670) (not #18678) (not #18610) (not #18619) (not #18631) (not #18640) (not #18186))) (c)

Worker 0 CUBE SIZE IN MAIN LOOP: 3
 Checking cube
(or (not (or #4240 #4941 #4949 #4953 #4963 #4980 #5012 #5031 #5040 #5048 #5056 #5063 #5072 #5081 #5093 #5097 ...)) (not (or #4941 #5641 #5646 #6081 #6507)) (not (or #4941 #5641 #5646 #5660 #6081 #6122 #6554)) (not (or #4941 #5641 #5646 #5660 #6081 #6122 #6574)) (not (or #4941 #5641 #5646 #5660 #5693 #6081 #6122 #6520 #6582)) (not (or #4941 #5641 #5646 #5660 #5693 #5733 #6081 #6122 #6520 #6590)) (not (or #4941 #5641 #5646 #5660 #5693 #5733 #5758 #6081 #6122 #6520 #6599)) (not (or #4941 #5641 #5646 #5660 #5693 #5733 #5758 #6081 #6122 #6520 #6608)) (not (or #4941 #5641 #5646 #5660 #5693 #5733 #5758 #5767 #5776 #5791 #5799 #5803 #5811 #6081 #6122 #6520 ...)) (not (or #4941 #5641 #5646 #5660 #5693 #5733 #5758 #5767 #6081 #6122 #6520 #6620)) (not (or #5641 #8943)) (not (or #4941 #5641 #5646 #9265)) (not (or #4941 #5646 #5660 #5693 #5733 #5758 #5767 #5776 #5791 #5799 #5803 #5811 #6081 #6122 #6520 #9231 ...)) (not (or #4941 #5641 #5646 #5660 #5693 #5733 #5758 #5767 #5776 #5791 #5799 #5803 #5811 #6081 #6122 #6520 ...)) (not (or #4941 #5641 #5646 #6081 #9181)) (not (or #5641 #8962)) ...)
(or (if (or #2478 #2972) (not #3568) (not #3572)) (if (or #2478 #2972) (= #3567 0) (not #3582)) (not (or #2478 #2972 #3591)) (not (or #2478 #2972 #2985 #3596)) (not (or #2478 #2972 #2985 #2993 #3001 #3607)) (not (or #2478 #2972 #2985 #2993 #3001 #3009 #3615)) (not (or #2478 #2972 #2985 #2993 #3001 #3009 #3624)) (not (or #2478 #2972 #2985 #2993 #3001 #3009 #3013 #3020 #3632)) (not (or #2478 #2972 #2985 #2993 #3001 #3009 #3013 #3020 #3641)) (not (or #3655 #4350)))
(not (if (or #1504 #1788) (not #1792) (not #1801)))
with max_conflicts: 3375
Worker 3 DONE checking cube l_undef
Worker 3 found undef cube
Batch manager splitting on literal: (or (not (= i844 1)) (= i1041 0) (not (or #4126 #4151 #4182)) (if (or #4126 #4151) (not #19336) (not #19416)) (not (or #4126 #4156 #19417 #19341 #19415 #19345)) (if (or #19340 #19347) (not #19351) (not #19361)) (if (or #19340 #19347) (= #19349 0) (not #19327)) (not (or #4126 #4151 #19339 #19340 #19347 #19282)) (not (or #4126 #4151 #19339 #19282)))
null (o)
  (if (or (if #4152 #19337 #19339) (not #19414)) (not (= #19349 0)) (not (or #4126 #4156 #4192 #19340 #19341 #19415 #19345 #19353 #19356 #19359))) (c)
  (not (if (or #19340 #19347) (not #19351) (not #19361))) (o)
    (or (if (or #19090 #18853) (not #18270) (not #18718)) (if (or #19090 #18853) (= #18855 0) (not #18651)) (not (or #19090 #18853 #18659)) (not (or #19090 #18853 #18242 #18669)) (not (or #19090 #18853 #18242 #18857 #18885 #18677)) (not (or #19090 #18853 #18242 #18857 #18885 #18866 #18609)) (not (or #19090 #18853 #18242 #18857 #18885 #18866 #18618)) (not (or #19090 #18853 #18242 #18857 #18885 #18866 #18266 #18871 #18630)) (not (or #19090 #18853 #18242 #18857 #18885 #18866 #18266 #18871 #18639)) (not (or #18573 #18140))) (o)
      (or (not (or #18282 #21082 #21049 #21054 #21065 #20963 #20931 #20912 #20824 #20791 #20324 #20272 #20242 #20051 #19276 #19279 ...)) (not (or #21082 #15867 #15907 #15390 #13247)) (not (or #21082 #15867 #15907 #15918 #15390 #15399 #13160)) (not (or #21082 #15867 #15907 #15918 #15390 #15399 #13016)) (not (or #21082 #15867 #15907 #15918 #15721 #15390 #15399 #14407 #12896)) (not (or #21082 #15867 #15907 #15918 #15721 #15562 #15390 #15399 #14407 #12821)) (not (or #21082 #15867 #15907 #15918 #15721 #15562 #15573 #15390 #15399 #14407 #12829)) (not (or #21082 #15867 #15907 #15918 #15721 #15562 #15573 #15390 #15399 #14407 #12574)) (not (or #21082 #15867 #15907 #15918 #15721 #15562 #15573 #15584 #15632 #15525 #15536 #15455 #15438 #15390 #15399 #14407 ...)) (not (or #21082 #15867 #15907 #15918 #15721 #15562 #15573 #15584 #15390 #15399 #14407 #12625)) (not (or #15867 #12379)) (not (or #21082 #15867 #15907 #12273)) (not (or #21082 #15907 #15918 #15721 #15562 #15573 #15584 #15632 #15525 #15536 #15455 #15438 #15390 #15399 #14407 #12278 ...)) (not (or #21082 #15867 #15907 #15918 #15721 #15562 #15573 #15584 #15632 #15525 #15536 #15455 #15438 #15390 #15399 #14407 ...)) (not (or #21082 #15867 #15907 #15390 #12175)) (not (or #15867 #12187)) ...) (a)
      (not (or (not #15866) (not #13249) (not #13161) (not #12917) (not #12858) (not #12822) (not #12634) (not #12576) (not #12618) (not #12626) (not #12380) (not #12274) (not #12279) (not #13311) (not #12177) (not #12189) ...)) (a)
    (not (or (if #18854 #18930 #18719) (if #18854 #18270 #18652) (not #18660) (not #18670) (not #18678) (not #18610) (not #18619) (not #18631) (not #18640) (not #18186))) (c)

Worker 2 DONE checking cube l_false
Worker 2 found unsat cube
Batch manager backtracking.
(not (if (or #1504 #1788) (not #1792) (not #1801)))

null (c)
  (if (or (if #4152 #19337 #19339) (not #19414)) (not (= #19349 0)) (not (or #4126 #4156 #4192 #19340 #19341 #19415 #19345 #19353 #19356 #19359))) (c)
  (not (if (or #19340 #19347) (not #19351) (not #19361))) (c)
    (or (if (or #19090 #18853) (not #18270) (not #18718)) (if (or #19090 #18853) (= #18855 0) (not #18651)) (not (or #19090 #18853 #18659)) (not (or #19090 #18853 #18242 #18669)) (not (or #19090 #18853 #18242 #18857 #18885 #18677)) (not (or #19090 #18853 #18242 #18857 #18885 #18866 #18609)) (not (or #19090 #18853 #18242 #18857 #18885 #18866 #18618)) (not (or #19090 #18853 #18242 #18857 #18885 #18866 #18266 #18871 #18630)) (not (or #19090 #18853 #18242 #18857 #18885 #18866 #18266 #18871 #18639)) (not (or #18573 #18140))) (c)
      (or (not (or #18282 #21082 #21049 #21054 #21065 #20963 #20931 #20912 #20824 #20791 #20324 #20272 #20242 #20051 #19276 #19279 ...)) (not (or #21082 #15867 #15907 #15390 #13247)) (not (or #21082 #15867 #15907 #15918 #15390 #15399 #13160)) (not (or #21082 #15867 #15907 #15918 #15390 #15399 #13016)) (not (or #21082 #15867 #15907 #15918 #15721 #15390 #15399 #14407 #12896)) (not (or #21082 #15867 #15907 #15918 #15721 #15562 #15390 #15399 #14407 #12821)) (not (or #21082 #15867 #15907 #15918 #15721 #15562 #15573 #15390 #15399 #14407 #12829)) (not (or #21082 #15867 #15907 #15918 #15721 #15562 #15573 #15390 #15399 #14407 #12574)) (not (or #21082 #15867 #15907 #15918 #15721 #15562 #15573 #15584 #15632 #15525 #15536 #15455 #15438 #15390 #15399 #14407 ...)) (not (or #21082 #15867 #15907 #15918 #15721 #15562 #15573 #15584 #15390 #15399 #14407 #12625)) (not (or #15867 #12379)) (not (or #21082 #15867 #15907 #12273)) (not (or #21082 #15907 #15918 #15721 #15562 #15573 #15584 #15632 #15525 #15536 #15455 #15438 #15390 #15399 #14407 #12278 ...)) (not (or #21082 #15867 #15907 #15918 #15721 #15562 #15573 #15584 #15632 #15525 #15536 #15455 #15438 #15390 #15399 #14407 ...)) (not (or #21082 #15867 #15907 #15390 #12175)) (not (or #15867 #12187)) ...) (c)
      (not (or (not #15866) (not #13249) (not #13161) (not #12917) (not #12858) (not #12822) (not #12634) (not #12576) (not #12618) (not #12626) (not #12380) (not #12274) (not #12279) (not #13311) (not #12177) (not #12189) ...)) (c)
    (not (or (if #18854 #18930 #18719) (if #18854 #18270 #18652) (not #18660) (not #18670) (not #18678) (not #18610) (not #18619) (not #18631) (not #18640) (not #18186))) (c)
Canceling workers
Worker 0 canceling
Worker 1 canceling
Worker 2 canceling
Worker 3 canceling
all done
Worker 2 no more cubes
Worker 3 CUBE SIZE IN MAIN LOOP: 3
 Checking cube
(not (or (not #5640) (not #6508) (not #6555) (not #6575) (not #6583) (not #6591) (not #6600) (not #6609) (not #6613) (not #6621) (not #8944) (not #9266) (not #9195) (not #9202) (not #9185) (not #9177) ...))
(or (if (or #2478 #2972) (not #3568) (not #3572)) (if (or #2478 #2972) (= #3567 0) (not #3582)) (not (or #2478 #2972 #3591)) (not (or #2478 #2972 #2985 #3596)) (not (or #2478 #2972 #2985 #2993 #3001 #3607)) (not (or #2478 #2972 #2985 #2993 #3001 #3009 #3615)) (not (or #2478 #2972 #2985 #2993 #3001 #3009 #3624)) (not (or #2478 #2972 #2985 #2993 #3001 #3009 #3013 #3020 #3632)) (not (or #2478 #2972 #2985 #2993 #3001 #3009 #3013 #3020 #3641)) (not (or #3655 #4350)))
(not (if (or #1504 #1788) (not #1792) (not #1801)))
with max_conflicts: 3375
Worker 3 DONE checking cube l_undef
Batch manager setting exception msg: context cancelled.
Worker 0 DONE checking cube l_undef
Batch manager setting exception msg: context cancelled.
Worker 1 DONE checking cube l_undef
Batch manager setting exception msg: context cancelled.
unsat
(:added-eqs                   1282929
 :arith-eq-adapter            2796
 :arith-bound-propagations-lp 144739
 :arith-conflicts             518
 :arith-diseq                 96169
 :arith-fixed-eqs             147815
 :arith-lower                 97129
 :arith-make-feasible         43548
 :arith-max-columns           1663
 :arith-max-rows              683
 :arith-offset-eqs            44011
 :arith-upper                 150912
 :binary-propagations         3396626
 :conflicts                   19747
 :decisions                   491739
 :del-clause                  14389
 :max-memory                  113.87
 :memory                      19.32
 :minimized-lits              106341
 :mk-bool-var                 21492
 :mk-clause                   31742
 :mk-clause-binary            61310
 :num-allocs                  56025806
 :num-checks                  19
 :parallel-max-cube-size      3
 :parallel-num_cubes          10
 :propagations                4851346
 :restarts                    169
 :rlimit-count                14449571
 :time                        0.63
 :total-time                  2.24)
