Worker 0 created with 0 assumptions
Worker 1 created with 0 assumptions
Worker 2 created with 0 assumptions
Worker 3 created with 0 assumptions
null (a)

Worker 3 CUBE SIZE IN MAIN LOOP: 0
 Checking cube
with max_conflicts: 1000
null (a)

Worker 1 CUBE SIZE IN MAIN LOOP: 0
 Checking cube
with max_conflicts: 1000
null (a)

Worker 0 CUBE SIZE IN MAIN LOOP: 0
 Checking cube
with max_conflicts: 1000
null (a)

Worker 2 CUBE SIZE IN MAIN LOOP: 0
 Checking cube
with max_conflicts: 1000
Worker 2 DONE checking cube l_undef
Worker 2 found undef cube
Batch manager splitting on literal: (= i844 1)
null (o)
  (= i844 1) (a)
  (not (= i844 1)) (o)

Worker 2 CUBE SIZE IN MAIN LOOP: 1
 Checking cube
(= i844 1)
with max_conflicts: 1500
Worker 3 DONE checking cube l_undef
Worker 3 found undef cube
Batch manager splitting on literal: (= i844 1)
null (o)
  (= i844 1) (a)
  (not (= i844 1)) (a)

Worker 1 DONE checking cube l_undef
Worker 1 found undef cube
Worker 3 CUBE SIZE IN MAIN LOOP: 1
 Checking cube
(not (= i844 1))
with max_conflicts: 1500
Batch manager splitting on literal: (<= (+ (if #4125 143 0) (* -1 #4566)) 0)
null (o)
  (= i844 1) (a)
  (not (= i844 1)) (a)

Worker 1 CUBE SIZE IN MAIN LOOP: 1
 Checking cube
(= i844 1)
with max_conflicts: 1500
Worker 0 DONE checking cube l_undef
Worker 0 found undef cube
Batch manager splitting on literal: (if (or (if #4152 #19337 #19339) (not #19414)) (not (= #19349 0)) (not (or #4126 #4156 #4192 #19340 #19341 #19415 #19345 #19353 #19356 #19359)))
null (o)
  (= i844 1) (a)
  (not (= i844 1)) (a)

Worker 0 CUBE SIZE IN MAIN LOOP: 1
 Checking cube
(= i844 1)
with max_conflicts: 1500
Worker 3 DONE checking cube l_false
Worker 3 found unsat cube
Batch manager backtracking.
(not (= i844 1))

null (o)
  (= i844 1) (a)
  (not (= i844 1)) (c)
null (o)
  (= i844 1) (a)
  (not (= i844 1)) (c)

Worker 3 CUBE SIZE IN MAIN LOOP: 1
 Checking cube
(= i844 1)
with max_conflicts: 1500
Worker 2 DONE checking cube l_undef
Worker 2 found undef cube
Batch manager splitting on literal: (or (if (or #19089 #18932) (not #18855) (not #18717)) (if (or #19089 #18932) (= #18931 0) (not #18650)) (not (or #19089 #18932 #18658)) (not (or #19089 #18932 #18280 #18666)) (not (or #19089 #18932 #18280 #18888 #18860 #18676)) (not (or #19089 #18932 #18280 #18888 #18860 #18865 #18608)) (not (or #19089 #18932 #18280 #18888 #18860 #18865 #18617)) (not (or #19089 #18932 #18280 #18888 #18860 #18865 #18868 #18265 #18629)) (not (or #19089 #18932 #18280 #18888 #18860 #18865 #18868 #18265 #18638)) (not (or #18572 #18193)))
null (o)
  (= i844 1) (o)
    (or (if (or #19089 #18932) (not #18855) (not #18717)) (if (or #19089 #18932) (= #18931 0) (not #18650)) (not (or #19089 #18932 #18658)) (not (or #19089 #18932 #18280 #18666)) (not (or #19089 #18932 #18280 #18888 #18860 #18676)) (not (or #19089 #18932 #18280 #18888 #18860 #18865 #18608)) (not (or #19089 #18932 #18280 #18888 #18860 #18865 #18617)) (not (or #19089 #18932 #18280 #18888 #18860 #18865 #18868 #18265 #18629)) (not (or #19089 #18932 #18280 #18888 #18860 #18865 #18868 #18265 #18638)) (not (or #18572 #18193))) (o)
    (not (or (if #18853 #18270 #18718) (if #18853 #18855 #18651) (not #18659) (not #18669) (not #18677) (not #18609) (not #18618) (not #18630) (not #18639) (not #18140))) (a)
  (not (= i844 1)) (c)

Worker 2 CUBE SIZE IN MAIN LOOP: 2
 Checking cube
(not (or (if #2973 #3569 #3573) (if #2973 #3568 #3583) (not #3592) (not #3600) (not #3608) (not #3616) (not #3625) (not #3633) (not #3642) (not #4351)))
(= i844 1)
with max_conflicts: 2250
Worker 2 DONE checking cube l_false
Worker 2 found unsat cube
Batch manager backtracking.
(not (or (if #2973 #3569 #3573) (if #2973 #3568 #3583) (not #3592) (not #3600) (not #3608) (not #3616) (not #3625) (not #3633) (not #3642) (not #4351)))

null (o)
  (= i844 1) (o)
    (or (if (or #19089 #18932) (not #18855) (not #18717)) (if (or #19089 #18932) (= #18931 0) (not #18650)) (not (or #19089 #18932 #18658)) (not (or #19089 #18932 #18280 #18666)) (not (or #19089 #18932 #18280 #18888 #18860 #18676)) (not (or #19089 #18932 #18280 #18888 #18860 #18865 #18608)) (not (or #19089 #18932 #18280 #18888 #18860 #18865 #18617)) (not (or #19089 #18932 #18280 #18888 #18860 #18865 #18868 #18265 #18629)) (not (or #19089 #18932 #18280 #18888 #18860 #18865 #18868 #18265 #18638)) (not (or #18572 #18193))) (o)
    (not (or (if #18853 #18270 #18718) (if #18853 #18855 #18651) (not #18659) (not #18669) (not #18677) (not #18609) (not #18618) (not #18630) (not #18639) (not #18140))) (c)
  (not (= i844 1)) (c)
null (o)
  (= i844 1) (o)
    (or (if (or #19089 #18932) (not #18855) (not #18717)) (if (or #19089 #18932) (= #18931 0) (not #18650)) (not (or #19089 #18932 #18658)) (not (or #19089 #18932 #18280 #18666)) (not (or #19089 #18932 #18280 #18888 #18860 #18676)) (not (or #19089 #18932 #18280 #18888 #18860 #18865 #18608)) (not (or #19089 #18932 #18280 #18888 #18860 #18865 #18617)) (not (or #19089 #18932 #18280 #18888 #18860 #18865 #18868 #18265 #18629)) (not (or #19089 #18932 #18280 #18888 #18860 #18865 #18868 #18265 #18638)) (not (or #18572 #18193))) (a)
    (not (or (if #18853 #18270 #18718) (if #18853 #18855 #18651) (not #18659) (not #18669) (not #18677) (not #18609) (not #18618) (not #18630) (not #18639) (not #18140))) (c)
  (not (= i844 1)) (c)

Worker 2 CUBE SIZE IN MAIN LOOP: 2
 Checking cube
(or (if (or #2478 #2972) (not #3568) (not #3572)) (if (or #2478 #2972) (= #3567 0) (not #3582)) (not (or #2478 #2972 #3591)) (not (or #2478 #2972 #2985 #3596)) (not (or #2478 #2972 #2985 #2993 #3001 #3607)) (not (or #2478 #2972 #2985 #2993 #3001 #3009 #3615)) (not (or #2478 #2972 #2985 #2993 #3001 #3009 #3624)) (not (or #2478 #2972 #2985 #2993 #3001 #3009 #3013 #3020 #3632)) (not (or #2478 #2972 #2985 #2993 #3001 #3009 #3013 #3020 #3641)) (not (or #3655 #4350)))
(= i844 1)
with max_conflicts: 2250
Worker 0 DONE checking cube l_undef
Worker 0 found undef cube
Batch manager splitting on literal: (or (not (= i844 1)) (= i1041 0) (not (or #4126 #4151 #4182)) (if (or #4126 #4151) (not #19336) (not #19416)) (not (or #4126 #4156 #19417 #19341 #19415 #19345)) (if (or #19340 #19347) (not #19351) (not #19361)) (if (or #19340 #19347) (= #19349 0) (not #19366)) (not (or #4126 #4151 #19339 #19340 #19347 #19334)) (not (or #4126 #4151 #19339 #19334)))
null (o)
  (= i844 1) (o)
    (or (if (or #19089 #18932) (not #18855) (not #18717)) (if (or #19089 #18932) (= #18931 0) (not #18650)) (not (or #19089 #18932 #18658)) (not (or #19089 #18932 #18280 #18666)) (not (or #19089 #18932 #18280 #18888 #18860 #18676)) (not (or #19089 #18932 #18280 #18888 #18860 #18865 #18608)) (not (or #19089 #18932 #18280 #18888 #18860 #18865 #18617)) (not (or #19089 #18932 #18280 #18888 #18860 #18865 #18868 #18265 #18629)) (not (or #19089 #18932 #18280 #18888 #18860 #18865 #18868 #18265 #18638)) (not (or #18572 #18193))) (a)
    (not (or (if #18853 #18270 #18718) (if #18853 #18855 #18651) (not #18659) (not #18669) (not #18677) (not #18609) (not #18618) (not #18630) (not #18639) (not #18140))) (c)
  (not (= i844 1)) (c)

Worker 0 CUBE SIZE IN MAIN LOOP: 2
 Checking cube
(or (if (or #2478 #2972) (not #3568) (not #3572)) (if (or #2478 #2972) (= #3567 0) (not #3582)) (not (or #2478 #2972 #3591)) (not (or #2478 #2972 #2985 #3596)) (not (or #2478 #2972 #2985 #2993 #3001 #3607)) (not (or #2478 #2972 #2985 #2993 #3001 #3009 #3615)) (not (or #2478 #2972 #2985 #2993 #3001 #3009 #3624)) (not (or #2478 #2972 #2985 #2993 #3001 #3009 #3013 #3020 #3632)) (not (or #2478 #2972 #2985 #2993 #3001 #3009 #3013 #3020 #3641)) (not (or #3655 #4350)))
(= i844 1)
with max_conflicts: 2250
Worker 1 DONE checking cube l_undef
Worker 1 found undef cube
Batch manager splitting on literal: (= (if (or #18281 #21081 #21091 #21053 #21063 #20962 #20930 #20911 #20823 #20790 #20592 #14346) (if #14209 #13303 467) (if #21079 #13638 224)) 417)
null (o)
  (= i844 1) (o)
    (or (if (or #19089 #18932) (not #18855) (not #18717)) (if (or #19089 #18932) (= #18931 0) (not #18650)) (not (or #19089 #18932 #18658)) (not (or #19089 #18932 #18280 #18666)) (not (or #19089 #18932 #18280 #18888 #18860 #18676)) (not (or #19089 #18932 #18280 #18888 #18860 #18865 #18608)) (not (or #19089 #18932 #18280 #18888 #18860 #18865 #18617)) (not (or #19089 #18932 #18280 #18888 #18860 #18865 #18868 #18265 #18629)) (not (or #19089 #18932 #18280 #18888 #18860 #18865 #18868 #18265 #18638)) (not (or #18572 #18193))) (a)
    (not (or (if #18853 #18270 #18718) (if #18853 #18855 #18651) (not #18659) (not #18669) (not #18677) (not #18609) (not #18618) (not #18630) (not #18639) (not #18140))) (c)
  (not (= i844 1)) (c)

Worker 1 CUBE SIZE IN MAIN LOOP: 2
 Checking cube
(or (if (or #2478 #2972) (not #3568) (not #3572)) (if (or #2478 #2972) (= #3567 0) (not #3582)) (not (or #2478 #2972 #3591)) (not (or #2478 #2972 #2985 #3596)) (not (or #2478 #2972 #2985 #2993 #3001 #3607)) (not (or #2478 #2972 #2985 #2993 #3001 #3009 #3615)) (not (or #2478 #2972 #2985 #2993 #3001 #3009 #3624)) (not (or #2478 #2972 #2985 #2993 #3001 #3009 #3013 #3020 #3632)) (not (or #2478 #2972 #2985 #2993 #3001 #3009 #3013 #3020 #3641)) (not (or #3655 #4350)))
(= i844 1)
with max_conflicts: 2250
Worker 3 DONE checking cube l_undef
Worker 3 found undef cube
Batch manager splitting on literal: (= (if (or #18281 #21081 #21091 #21053 #21063 #20962 #20930 #20911 #20823 #20790 #20592 #14346) (if #14209 #13303 467) (if #21079 #13638 224)) 417)
null (o)
  (= i844 1) (o)
    (or (if (or #19089 #18932) (not #18855) (not #18717)) (if (or #19089 #18932) (= #18931 0) (not #18650)) (not (or #19089 #18932 #18658)) (not (or #19089 #18932 #18280 #18666)) (not (or #19089 #18932 #18280 #18888 #18860 #18676)) (not (or #19089 #18932 #18280 #18888 #18860 #18865 #18608)) (not (or #19089 #18932 #18280 #18888 #18860 #18865 #18617)) (not (or #19089 #18932 #18280 #18888 #18860 #18865 #18868 #18265 #18629)) (not (or #19089 #18932 #18280 #18888 #18860 #18865 #18868 #18265 #18638)) (not (or #18572 #18193))) (a)
    (not (or (if #18853 #18270 #18718) (if #18853 #18855 #18651) (not #18659) (not #18669) (not #18677) (not #18609) (not #18618) (not #18630) (not #18639) (not #18140))) (c)
  (not (= i844 1)) (c)

Worker 3 CUBE SIZE IN MAIN LOOP: 2
 Checking cube
(or (if (or #2478 #2972) (not #3568) (not #3572)) (if (or #2478 #2972) (= #3567 0) (not #3582)) (not (or #2478 #2972 #3591)) (not (or #2478 #2972 #2985 #3596)) (not (or #2478 #2972 #2985 #2993 #3001 #3607)) (not (or #2478 #2972 #2985 #2993 #3001 #3009 #3615)) (not (or #2478 #2972 #2985 #2993 #3001 #3009 #3624)) (not (or #2478 #2972 #2985 #2993 #3001 #3009 #3013 #3020 #3632)) (not (or #2478 #2972 #2985 #2993 #3001 #3009 #3013 #3020 #3641)) (not (or #3655 #4350)))
(= i844 1)
with max_conflicts: 2250
Worker 2 DONE checking cube l_undef
Worker 2 found undef cube
Batch manager splitting on literal: (or (not (= i844 1)) (= i1041 0) (not (or #4126 #4151 #4182)) (if (or #4126 #4151) (not #19336) (not #19416)) (not (or #4126 #4156 #19417 #19341 #19415 #19345)) (if (or #19340 #19347) (not #19351) (not #19361)) (if (or #19340 #19347) (= #19349 0) (not #19366)) (not (or #4126 #4151 #19339 #19340 #19347 #19334)) (not (or #4126 #4151 #19339 #19334)))
null (o)
  (= i844 1) (o)
    (or (if (or #19089 #18932) (not #18855) (not #18717)) (if (or #19089 #18932) (= #18931 0) (not #18650)) (not (or #19089 #18932 #18658)) (not (or #19089 #18932 #18280 #18666)) (not (or #19089 #18932 #18280 #18888 #18860 #18676)) (not (or #19089 #18932 #18280 #18888 #18860 #18865 #18608)) (not (or #19089 #18932 #18280 #18888 #18860 #18865 #18617)) (not (or #19089 #18932 #18280 #18888 #18860 #18865 #18868 #18265 #18629)) (not (or #19089 #18932 #18280 #18888 #18860 #18865 #18868 #18265 #18638)) (not (or #18572 #18193))) (o)
      (or (not (= i844 1)) (= i1041 0) (not (or #4126 #4151 #4182)) (if (or #4126 #4151) (not #19336) (not #19416)) (not (or #4126 #4156 #19417 #19341 #19415 #19345)) (if (or #19340 #19347) (not #19351) (not #19361)) (if (or #19340 #19347) (= #19349 0) (not #19366)) (not (or #4126 #4151 #19339 #19340 #19347 #19334)) (not (or #4126 #4151 #19339 #19334))) (a)
      (not (or (not #4125) (= i1041 0) (not #19416) (if #4152 #19337 #19339) (not #19414) (if #19348 #19412 #19410) (if #19348 #19351 #19327) (not #19282) (not #19338))) (o)
    (not (or (if #18853 #18270 #18718) (if #18853 #18855 #18651) (not #18659) (not #18669) (not #18677) (not #18609) (not #18618) (not #18630) (not #18639) (not #18140))) (c)
  (not (= i844 1)) (c)

Worker 2 CUBE SIZE IN MAIN LOOP: 3
 Checking cube
(or (not (= i844 1)) (= i1041 0) (not (or #28 #30 #37)) (if (or #28 #30) (not #1502) (not #1498)) (not (or #28 #32 #1501 #1506 #1508 #1510)) (if (or #1504 #1788) (not #1792) (not #1801)) (if (or #1504 #1788) (= #1791 0) (not #1817)) (not (or #28 #30 #1499 #1504 #1788 #1822)) (not (or #28 #30 #1499 #1822)))
(or (if (or #2478 #2972) (not #3568) (not #3572)) (if (or #2478 #2972) (= #3567 0) (not #3582)) (not (or #2478 #2972 #3591)) (not (or #2478 #2972 #2985 #3596)) (not (or #2478 #2972 #2985 #2993 #3001 #3607)) (not (or #2478 #2972 #2985 #2993 #3001 #3009 #3615)) (not (or #2478 #2972 #2985 #2993 #3001 #3009 #3624)) (not (or #2478 #2972 #2985 #2993 #3001 #3009 #3013 #3020 #3632)) (not (or #2478 #2972 #2985 #2993 #3001 #3009 #3013 #3020 #3641)) (not (or #3655 #4350)))
(= i844 1)
with max_conflicts: 3375
Worker 0 DONE checking cube l_false
Worker 0 determined formula unsat
Batch manager setting UNSAT.
Canceling workers
Worker 0 canceling
Worker 1 canceling
Worker 2 canceling
Worker 3 canceling
Worker 3 DONE checking cube l_undef
Batch manager setting exception msg: context cancelled.
Worker 1 DONE checking cube l_undef
Batch manager setting exception msg: context cancelled.
Worker 2 DONE checking cube l_undef
Batch manager setting exception msg: context cancelled.
unsat
(:added-eqs                   1109931
 :arith-eq-adapter            2898
 :arith-bound-propagations-lp 133361
 :arith-conflicts             495
 :arith-diseq                 100580
 :arith-fixed-eqs             139108
 :arith-lower                 89096
 :arith-make-feasible         44390
 :arith-max-columns           1664
 :arith-max-rows              684
 :arith-offset-eqs            42828
 :arith-upper                 149659
 :binary-propagations         3136048
 :conflicts                   18908
 :decisions                   447452
 :del-clause                  14215
 :max-memory                  113.44
 :memory                      19.14
 :minimized-lits              95977
 :mk-bool-var                 21609
 :mk-clause                   30915
 :mk-clause-binary            61353
 :num-allocs                  51860126
 :num-checks                  16
 :parallel-max-cube-size      3
 :parallel-num_cubes          9
 :propagations                4499001
 :restarts                    163
 :rlimit-count                13326106
 :time                        0.57
 :total-time                  2.01)
