Worker 0 created with 0 assumptions
Worker 1 created with 0 assumptions
Worker 2 created with 0 assumptions
Worker 3 created with 0 assumptions
null (a)

Worker 0 CUBE SIZE IN MAIN LOOP: 0
 Checking cube
with max_conflicts: 1000
null (a)

Worker 1 CUBE SIZE IN MAIN LOOP: 0
 Checking cube
with max_conflicts: 1000
null (a)

Worker 3 CUBE SIZE IN MAIN LOOP: 0
 Checking cube
with max_conflicts: 1000
null (a)

Worker 2 CUBE SIZE IN MAIN LOOP: 0
 Checking cube
with max_conflicts: 1000
Worker 3 DONE checking cube l_undef
Worker 3 found undef cube
Batch manager splitting on literal: (or (not (or #18719 #18652 #18316)) (not (or #18719 #18281 #18355 #18284 #18290 #18331 #18236 #18264 #18241 #18253 #18219 #18141 #18209 #18221 #18188 #18165 ...)) (not (or #18355 #21089)) (not (or #18719 #18281 #18284 #18290 #18331 #18236 #18264 #18241 #18253 #18219 #18141 #18209 #18221 #18188 #18165 #18168 ...)) (not (or #18719 #18355 #18284 #21061)) (not (or #18719 #18355 #18284 #18290 #20959)) (not (or #18719 #18355 #18284 #18290 #20971)) (not (or #18719 #18355 #18284 #18290 #18331 #18236 #20908)) (not (or #18719 #18355 #18284 #18290 #18331 #18236 #20821)) (not (or #18719 #18355 #18284 #18290 #18331 #18236 #18264 #18241 #20788)) (not (if #20591 #15864 #15866)))
null (o)
  (or (not (or #18719 #18652 #18316)) (not (or #18719 #18281 #18355 #18284 #18290 #18331 #18236 #18264 #18241 #18253 #18219 #18141 #18209 #18221 #18188 #18165 ...)) (not (or #18355 #21089)) (not (or #18719 #18281 #18284 #18290 #18331 #18236 #18264 #18241 #18253 #18219 #18141 #18209 #18221 #18188 #18165 #18168 ...)) (not (or #18719 #18355 #18284 #21061)) (not (or #18719 #18355 #18284 #18290 #20959)) (not (or #18719 #18355 #18284 #18290 #20971)) (not (or #18719 #18355 #18284 #18290 #18331 #18236 #20908)) (not (or #18719 #18355 #18284 #18290 #18331 #18236 #20821)) (not (or #18719 #18355 #18284 #18290 #18331 #18236 #18264 #18241 #20788)) (not (if #20591 #15864 #15866))) (a)
  (not (or (not #18317) (not #21079) (not #21090) (not #21051) (not #21062) (not #20961) (not #20929) (not #20909) (not #20822) (not #20789) (not #15867))) (o)

Worker 3 CUBE SIZE IN MAIN LOOP: 1
 Checking cube
(or (not (or #3574 #3584 #4238)) (not (or #3574 #3865 #4240 #4245 #4255 #4263 #4280 #4289 #4308 #4317 #4329 #4354 #4362 #4371 #4380 #4389 ...)) (not (or #4240 #4947)) (not (or #3574 #3865 #4245 #4255 #4263 #4280 #4289 #4308 #4317 #4329 #4354 #4362 #4371 #4380 #4389 #4403 ...)) (not (or #3574 #4240 #4245 #4961)) (not (or #3574 #4240 #4245 #4255 #4978)) (not (or #3574 #4240 #4245 #4255 #4992)) (not (or #3574 #4240 #4245 #4255 #4263 #4280 #5029)) (not (or #3574 #4240 #4245 #4255 #4263 #4280 #5036)) (not (or #3574 #4240 #4245 #4255 #4263 #4280 #4289 #4308 #5046)) (not (if #5055 #5772 #5768)))
with max_conflicts: 1500
Worker 2 DONE checking cube l_undef
Worker 2 found undef cube
Batch manager splitting on literal: (= i844 1)
null (o)
  (or (not (or #18719 #18652 #18316)) (not (or #18719 #18281 #18355 #18284 #18290 #18331 #18236 #18264 #18241 #18253 #18219 #18141 #18209 #18221 #18188 #18165 ...)) (not (or #18355 #21089)) (not (or #18719 #18281 #18284 #18290 #18331 #18236 #18264 #18241 #18253 #18219 #18141 #18209 #18221 #18188 #18165 #18168 ...)) (not (or #18719 #18355 #18284 #21061)) (not (or #18719 #18355 #18284 #18290 #20959)) (not (or #18719 #18355 #18284 #18290 #20971)) (not (or #18719 #18355 #18284 #18290 #18331 #18236 #20908)) (not (or #18719 #18355 #18284 #18290 #18331 #18236 #20821)) (not (or #18719 #18355 #18284 #18290 #18331 #18236 #18264 #18241 #20788)) (not (if #20591 #15864 #15866))) (a)
  (not (or (not #18317) (not #21079) (not #21090) (not #21051) (not #21062) (not #20961) (not #20929) (not #20909) (not #20822) (not #20789) (not #15867))) (a)

Worker 2 CUBE SIZE IN MAIN LOOP: 1
 Checking cube
(not (or (not #4239) (not #4940) (not #4948) (not #4952) (not #4962) (not #4979) (not #5011) (not #5030) (not #5039) (not #5047) (not #5773)))
with max_conflicts: 1500
Worker 2 DONE checking cube l_false
Worker 2 found unsat cube
Batch manager backtracking.
(not (or (not #4239) (not #4940) (not #4948) (not #4952) (not #4962) (not #4979) (not #5011) (not #5030) (not #5039) (not #5047) (not #5773)))

null (o)
  (or (not (or #18719 #18652 #18316)) (not (or #18719 #18281 #18355 #18284 #18290 #18331 #18236 #18264 #18241 #18253 #18219 #18141 #18209 #18221 #18188 #18165 ...)) (not (or #18355 #21089)) (not (or #18719 #18281 #18284 #18290 #18331 #18236 #18264 #18241 #18253 #18219 #18141 #18209 #18221 #18188 #18165 #18168 ...)) (not (or #18719 #18355 #18284 #21061)) (not (or #18719 #18355 #18284 #18290 #20959)) (not (or #18719 #18355 #18284 #18290 #20971)) (not (or #18719 #18355 #18284 #18290 #18331 #18236 #20908)) (not (or #18719 #18355 #18284 #18290 #18331 #18236 #20821)) (not (or #18719 #18355 #18284 #18290 #18331 #18236 #18264 #18241 #20788)) (not (if #20591 #15864 #15866))) (a)
  (not (or (not #18317) (not #21079) (not #21090) (not #21051) (not #21062) (not #20961) (not #20929) (not #20909) (not #20822) (not #20789) (not #15867))) (c)
null (o)
  (or (not (or #18719 #18652 #18316)) (not (or #18719 #18281 #18355 #18284 #18290 #18331 #18236 #18264 #18241 #18253 #18219 #18141 #18209 #18221 #18188 #18165 ...)) (not (or #18355 #21089)) (not (or #18719 #18281 #18284 #18290 #18331 #18236 #18264 #18241 #18253 #18219 #18141 #18209 #18221 #18188 #18165 #18168 ...)) (not (or #18719 #18355 #18284 #21061)) (not (or #18719 #18355 #18284 #18290 #20959)) (not (or #18719 #18355 #18284 #18290 #20971)) (not (or #18719 #18355 #18284 #18290 #18331 #18236 #20908)) (not (or #18719 #18355 #18284 #18290 #18331 #18236 #20821)) (not (or #18719 #18355 #18284 #18290 #18331 #18236 #18264 #18241 #20788)) (not (if #20591 #15864 #15866))) (a)
  (not (or (not #18317) (not #21079) (not #21090) (not #21051) (not #21062) (not #20961) (not #20929) (not #20909) (not #20822) (not #20789) (not #15867))) (c)

Worker 2 CUBE SIZE IN MAIN LOOP: 1
 Checking cube
(or (not (or #3574 #3584 #4238)) (not (or #3574 #3865 #4240 #4245 #4255 #4263 #4280 #4289 #4308 #4317 #4329 #4354 #4362 #4371 #4380 #4389 ...)) (not (or #4240 #4947)) (not (or #3574 #3865 #4245 #4255 #4263 #4280 #4289 #4308 #4317 #4329 #4354 #4362 #4371 #4380 #4389 #4403 ...)) (not (or #3574 #4240 #4245 #4961)) (not (or #3574 #4240 #4245 #4255 #4978)) (not (or #3574 #4240 #4245 #4255 #4992)) (not (or #3574 #4240 #4245 #4255 #4263 #4280 #5029)) (not (or #3574 #4240 #4245 #4255 #4263 #4280 #5036)) (not (or #3574 #4240 #4245 #4255 #4263 #4280 #4289 #4308 #5046)) (not (if #5055 #5772 #5768)))
with max_conflicts: 1500
Worker 0 DONE checking cube l_undef
Worker 0 found undef cube
Batch manager splitting on literal: (= i844 1)
null (o)
  (or (not (or #18719 #18652 #18316)) (not (or #18719 #18281 #18355 #18284 #18290 #18331 #18236 #18264 #18241 #18253 #18219 #18141 #18209 #18221 #18188 #18165 ...)) (not (or #18355 #21089)) (not (or #18719 #18281 #18284 #18290 #18331 #18236 #18264 #18241 #18253 #18219 #18141 #18209 #18221 #18188 #18165 #18168 ...)) (not (or #18719 #18355 #18284 #21061)) (not (or #18719 #18355 #18284 #18290 #20959)) (not (or #18719 #18355 #18284 #18290 #20971)) (not (or #18719 #18355 #18284 #18290 #18331 #18236 #20908)) (not (or #18719 #18355 #18284 #18290 #18331 #18236 #20821)) (not (or #18719 #18355 #18284 #18290 #18331 #18236 #18264 #18241 #20788)) (not (if #20591 #15864 #15866))) (a)
  (not (or (not #18317) (not #21079) (not #21090) (not #21051) (not #21062) (not #20961) (not #20929) (not #20909) (not #20822) (not #20789) (not #15867))) (c)

Worker 0 CUBE SIZE IN MAIN LOOP: 1
 Checking cube
(or (not (or #3574 #3584 #4238)) (not (or #3574 #3865 #4240 #4245 #4255 #4263 #4280 #4289 #4308 #4317 #4329 #4354 #4362 #4371 #4380 #4389 ...)) (not (or #4240 #4947)) (not (or #3574 #3865 #4245 #4255 #4263 #4280 #4289 #4308 #4317 #4329 #4354 #4362 #4371 #4380 #4389 #4403 ...)) (not (or #3574 #4240 #4245 #4961)) (not (or #3574 #4240 #4245 #4255 #4978)) (not (or #3574 #4240 #4245 #4255 #4992)) (not (or #3574 #4240 #4245 #4255 #4263 #4280 #5029)) (not (or #3574 #4240 #4245 #4255 #4263 #4280 #5036)) (not (or #3574 #4240 #4245 #4255 #4263 #4280 #4289 #4308 #5046)) (not (if #5055 #5772 #5768)))
with max_conflicts: 1500
Worker 1 DONE checking cube l_undef
Worker 1 found undef cube
Batch manager splitting on literal: (= i844 1)
null (o)
  (or (not (or #18719 #18652 #18316)) (not (or #18719 #18281 #18355 #18284 #18290 #18331 #18236 #18264 #18241 #18253 #18219 #18141 #18209 #18221 #18188 #18165 ...)) (not (or #18355 #21089)) (not (or #18719 #18281 #18284 #18290 #18331 #18236 #18264 #18241 #18253 #18219 #18141 #18209 #18221 #18188 #18165 #18168 ...)) (not (or #18719 #18355 #18284 #21061)) (not (or #18719 #18355 #18284 #18290 #20959)) (not (or #18719 #18355 #18284 #18290 #20971)) (not (or #18719 #18355 #18284 #18290 #18331 #18236 #20908)) (not (or #18719 #18355 #18284 #18290 #18331 #18236 #20821)) (not (or #18719 #18355 #18284 #18290 #18331 #18236 #18264 #18241 #20788)) (not (if #20591 #15864 #15866))) (a)
  (not (or (not #18317) (not #21079) (not #21090) (not #21051) (not #21062) (not #20961) (not #20929) (not #20909) (not #20822) (not #20789) (not #15867))) (c)

Worker 1 CUBE SIZE IN MAIN LOOP: 1
 Checking cube
(or (not (or #3574 #3584 #4238)) (not (or #3574 #3865 #4240 #4245 #4255 #4263 #4280 #4289 #4308 #4317 #4329 #4354 #4362 #4371 #4380 #4389 ...)) (not (or #4240 #4947)) (not (or #3574 #3865 #4245 #4255 #4263 #4280 #4289 #4308 #4317 #4329 #4354 #4362 #4371 #4380 #4389 #4403 ...)) (not (or #3574 #4240 #4245 #4961)) (not (or #3574 #4240 #4245 #4255 #4978)) (not (or #3574 #4240 #4245 #4255 #4992)) (not (or #3574 #4240 #4245 #4255 #4263 #4280 #5029)) (not (or #3574 #4240 #4245 #4255 #4263 #4280 #5036)) (not (or #3574 #4240 #4245 #4255 #4263 #4280 #4289 #4308 #5046)) (not (if #5055 #5772 #5768)))
with max_conflicts: 1500
Worker 3 DONE checking cube l_undef
Worker 3 found undef cube
Batch manager splitting on literal: (= i844 1)
null (o)
  (or (not (or #18719 #18652 #18316)) (not (or #18719 #18281 #18355 #18284 #18290 #18331 #18236 #18264 #18241 #18253 #18219 #18141 #18209 #18221 #18188 #18165 ...)) (not (or #18355 #21089)) (not (or #18719 #18281 #18284 #18290 #18331 #18236 #18264 #18241 #18253 #18219 #18141 #18209 #18221 #18188 #18165 #18168 ...)) (not (or #18719 #18355 #18284 #21061)) (not (or #18719 #18355 #18284 #18290 #20959)) (not (or #18719 #18355 #18284 #18290 #20971)) (not (or #18719 #18355 #18284 #18290 #18331 #18236 #20908)) (not (or #18719 #18355 #18284 #18290 #18331 #18236 #20821)) (not (or #18719 #18355 #18284 #18290 #18331 #18236 #18264 #18241 #20788)) (not (if #20591 #15864 #15866))) (o)
    (= i844 1) (o)
    (not (= i844 1)) (a)
  (not (or (not #18317) (not #21079) (not #21090) (not #21051) (not #21062) (not #20961) (not #20929) (not #20909) (not #20822) (not #20789) (not #15867))) (c)

Worker 3 CUBE SIZE IN MAIN LOOP: 2
 Checking cube
(not (= i844 1))
(or (not (or #3574 #3584 #4238)) (not (or #3574 #3865 #4240 #4245 #4255 #4263 #4280 #4289 #4308 #4317 #4329 #4354 #4362 #4371 #4380 #4389 ...)) (not (or #4240 #4947)) (not (or #3574 #3865 #4245 #4255 #4263 #4280 #4289 #4308 #4317 #4329 #4354 #4362 #4371 #4380 #4389 #4403 ...)) (not (or #3574 #4240 #4245 #4961)) (not (or #3574 #4240 #4245 #4255 #4978)) (not (or #3574 #4240 #4245 #4255 #4992)) (not (or #3574 #4240 #4245 #4255 #4263 #4280 #5029)) (not (or #3574 #4240 #4245 #4255 #4263 #4280 #5036)) (not (or #3574 #4240 #4245 #4255 #4263 #4280 #4289 #4308 #5046)) (not (if #5055 #5772 #5768)))
with max_conflicts: 2250
Worker 3 DONE checking cube l_false
Worker 3 found unsat cube
Batch manager backtracking.
(not (= i844 1))

null (o)
  (or (not (or #18719 #18652 #18316)) (not (or #18719 #18281 #18355 #18284 #18290 #18331 #18236 #18264 #18241 #18253 #18219 #18141 #18209 #18221 #18188 #18165 ...)) (not (or #18355 #21089)) (not (or #18719 #18281 #18284 #18290 #18331 #18236 #18264 #18241 #18253 #18219 #18141 #18209 #18221 #18188 #18165 #18168 ...)) (not (or #18719 #18355 #18284 #21061)) (not (or #18719 #18355 #18284 #18290 #20959)) (not (or #18719 #18355 #18284 #18290 #20971)) (not (or #18719 #18355 #18284 #18290 #18331 #18236 #20908)) (not (or #18719 #18355 #18284 #18290 #18331 #18236 #20821)) (not (or #18719 #18355 #18284 #18290 #18331 #18236 #18264 #18241 #20788)) (not (if #20591 #15864 #15866))) (o)
    (= i844 1) (o)
    (not (= i844 1)) (c)
  (not (or (not #18317) (not #21079) (not #21090) (not #21051) (not #21062) (not #20961) (not #20929) (not #20909) (not #20822) (not #20789) (not #15867))) (c)
null (o)
  (or (not (or #18719 #18652 #18316)) (not (or #18719 #18281 #18355 #18284 #18290 #18331 #18236 #18264 #18241 #18253 #18219 #18141 #18209 #18221 #18188 #18165 ...)) (not (or #18355 #21089)) (not (or #18719 #18281 #18284 #18290 #18331 #18236 #18264 #18241 #18253 #18219 #18141 #18209 #18221 #18188 #18165 #18168 ...)) (not (or #18719 #18355 #18284 #21061)) (not (or #18719 #18355 #18284 #18290 #20959)) (not (or #18719 #18355 #18284 #18290 #20971)) (not (or #18719 #18355 #18284 #18290 #18331 #18236 #20908)) (not (or #18719 #18355 #18284 #18290 #18331 #18236 #20821)) (not (or #18719 #18355 #18284 #18290 #18331 #18236 #18264 #18241 #20788)) (not (if #20591 #15864 #15866))) (o)
    (= i844 1) (a)
    (not (= i844 1)) (c)
  (not (or (not #18317) (not #21079) (not #21090) (not #21051) (not #21062) (not #20961) (not #20929) (not #20909) (not #20822) (not #20789) (not #15867))) (c)

Worker 3 CUBE SIZE IN MAIN LOOP: 2
 Checking cube
(= i844 1)
(or (not (or #3574 #3584 #4238)) (not (or #3574 #3865 #4240 #4245 #4255 #4263 #4280 #4289 #4308 #4317 #4329 #4354 #4362 #4371 #4380 #4389 ...)) (not (or #4240 #4947)) (not (or #3574 #3865 #4245 #4255 #4263 #4280 #4289 #4308 #4317 #4329 #4354 #4362 #4371 #4380 #4389 #4403 ...)) (not (or #3574 #4240 #4245 #4961)) (not (or #3574 #4240 #4245 #4255 #4978)) (not (or #3574 #4240 #4245 #4255 #4992)) (not (or #3574 #4240 #4245 #4255 #4263 #4280 #5029)) (not (or #3574 #4240 #4245 #4255 #4263 #4280 #5036)) (not (or #3574 #4240 #4245 #4255 #4263 #4280 #4289 #4308 #5046)) (not (if #5055 #5772 #5768)))
with max_conflicts: 2250
Worker 2 DONE checking cube l_undef
Worker 2 found undef cube
Batch manager splitting on literal: (= i844 1)
null (o)
  (or (not (or #18719 #18652 #18316)) (not (or #18719 #18281 #18355 #18284 #18290 #18331 #18236 #18264 #18241 #18253 #18219 #18141 #18209 #18221 #18188 #18165 ...)) (not (or #18355 #21089)) (not (or #18719 #18281 #18284 #18290 #18331 #18236 #18264 #18241 #18253 #18219 #18141 #18209 #18221 #18188 #18165 #18168 ...)) (not (or #18719 #18355 #18284 #21061)) (not (or #18719 #18355 #18284 #18290 #20959)) (not (or #18719 #18355 #18284 #18290 #20971)) (not (or #18719 #18355 #18284 #18290 #18331 #18236 #20908)) (not (or #18719 #18355 #18284 #18290 #18331 #18236 #20821)) (not (or #18719 #18355 #18284 #18290 #18331 #18236 #18264 #18241 #20788)) (not (if #20591 #15864 #15866))) (o)
    (= i844 1) (a)
    (not (= i844 1)) (c)
  (not (or (not #18317) (not #21079) (not #21090) (not #21051) (not #21062) (not #20961) (not #20929) (not #20909) (not #20822) (not #20789) (not #15867))) (c)

Worker 2 CUBE SIZE IN MAIN LOOP: 2
 Checking cube
(= i844 1)
(or (not (or #3574 #3584 #4238)) (not (or #3574 #3865 #4240 #4245 #4255 #4263 #4280 #4289 #4308 #4317 #4329 #4354 #4362 #4371 #4380 #4389 ...)) (not (or #4240 #4947)) (not (or #3574 #3865 #4245 #4255 #4263 #4280 #4289 #4308 #4317 #4329 #4354 #4362 #4371 #4380 #4389 #4403 ...)) (not (or #3574 #4240 #4245 #4961)) (not (or #3574 #4240 #4245 #4255 #4978)) (not (or #3574 #4240 #4245 #4255 #4992)) (not (or #3574 #4240 #4245 #4255 #4263 #4280 #5029)) (not (or #3574 #4240 #4245 #4255 #4263 #4280 #5036)) (not (or #3574 #4240 #4245 #4255 #4263 #4280 #4289 #4308 #5046)) (not (if #5055 #5772 #5768)))
with max_conflicts: 2250
Worker 1 DONE checking cube l_undef
Worker 1 found undef cube
Batch manager splitting on literal: (= i844 1)
null (o)
  (or (not (or #18719 #18652 #18316)) (not (or #18719 #18281 #18355 #18284 #18290 #18331 #18236 #18264 #18241 #18253 #18219 #18141 #18209 #18221 #18188 #18165 ...)) (not (or #18355 #21089)) (not (or #18719 #18281 #18284 #18290 #18331 #18236 #18264 #18241 #18253 #18219 #18141 #18209 #18221 #18188 #18165 #18168 ...)) (not (or #18719 #18355 #18284 #21061)) (not (or #18719 #18355 #18284 #18290 #20959)) (not (or #18719 #18355 #18284 #18290 #20971)) (not (or #18719 #18355 #18284 #18290 #18331 #18236 #20908)) (not (or #18719 #18355 #18284 #18290 #18331 #18236 #20821)) (not (or #18719 #18355 #18284 #18290 #18331 #18236 #18264 #18241 #20788)) (not (if #20591 #15864 #15866))) (o)
    (= i844 1) (a)
    (not (= i844 1)) (c)
  (not (or (not #18317) (not #21079) (not #21090) (not #21051) (not #21062) (not #20961) (not #20929) (not #20909) (not #20822) (not #20789) (not #15867))) (c)

Worker 0 DONE checking cube l_undef
Worker 0 found undef cube
Worker 1 CUBE SIZE IN MAIN LOOP: 2
 Checking cube
(= i844 1)
(or (not (or #3574 #3584 #4238)) (not (or #3574 #3865 #4240 #4245 #4255 #4263 #4280 #4289 #4308 #4317 #4329 #4354 #4362 #4371 #4380 #4389 ...)) (not (or #4240 #4947)) (not (or #3574 #3865 #4245 #4255 #4263 #4280 #4289 #4308 #4317 #4329 #4354 #4362 #4371 #4380 #4389 #4403 ...)) (not (or #3574 #4240 #4245 #4961)) (not (or #3574 #4240 #4245 #4255 #4978)) (not (or #3574 #4240 #4245 #4255 #4992)) (not (or #3574 #4240 #4245 #4255 #4263 #4280 #5029)) (not (or #3574 #4240 #4245 #4255 #4263 #4280 #5036)) (not (or #3574 #4240 #4245 #4255 #4263 #4280 #4289 #4308 #5046)) (not (if #5055 #5772 #5768)))
with max_conflicts: 2250
Batch manager splitting on literal: (= (if (or #13311 #11758 #11762 #11680 #11688 #11664 #11672 #11657 #11625 #10819 #10722 #10703 #10569 #25649) (if #25669 #25965 467) (if #11757 #25860 224)) 133)
null (o)
  (or (not (or #18719 #18652 #18316)) (not (or #18719 #18281 #18355 #18284 #18290 #18331 #18236 #18264 #18241 #18253 #18219 #18141 #18209 #18221 #18188 #18165 ...)) (not (or #18355 #21089)) (not (or #18719 #18281 #18284 #18290 #18331 #18236 #18264 #18241 #18253 #18219 #18141 #18209 #18221 #18188 #18165 #18168 ...)) (not (or #18719 #18355 #18284 #21061)) (not (or #18719 #18355 #18284 #18290 #20959)) (not (or #18719 #18355 #18284 #18290 #20971)) (not (or #18719 #18355 #18284 #18290 #18331 #18236 #20908)) (not (or #18719 #18355 #18284 #18290 #18331 #18236 #20821)) (not (or #18719 #18355 #18284 #18290 #18331 #18236 #18264 #18241 #20788)) (not (if #20591 #15864 #15866))) (o)
    (= i844 1) (a)
    (not (= i844 1)) (c)
  (not (or (not #18317) (not #21079) (not #21090) (not #21051) (not #21062) (not #20961) (not #20929) (not #20909) (not #20822) (not #20789) (not #15867))) (c)

Worker 0 CUBE SIZE IN MAIN LOOP: 2
 Checking cube
(= i844 1)
(or (not (or #3574 #3584 #4238)) (not (or #3574 #3865 #4240 #4245 #4255 #4263 #4280 #4289 #4308 #4317 #4329 #4354 #4362 #4371 #4380 #4389 ...)) (not (or #4240 #4947)) (not (or #3574 #3865 #4245 #4255 #4263 #4280 #4289 #4308 #4317 #4329 #4354 #4362 #4371 #4380 #4389 #4403 ...)) (not (or #3574 #4240 #4245 #4961)) (not (or #3574 #4240 #4245 #4255 #4978)) (not (or #3574 #4240 #4245 #4255 #4992)) (not (or #3574 #4240 #4245 #4255 #4263 #4280 #5029)) (not (or #3574 #4240 #4245 #4255 #4263 #4280 #5036)) (not (or #3574 #4240 #4245 #4255 #4263 #4280 #4289 #4308 #5046)) (not (if #5055 #5772 #5768)))
with max_conflicts: 2250
Worker 3 DONE checking cube l_undef
Worker 3 found undef cube
Batch manager splitting on literal: (or (not (or #4126 #4151 #19339 #19340 #19347 #19362 #19281 #19334 #19286 #19323 #19319 #19305 #19227 #19315 #19313 #19270 ...)) (not (or #19362 #19286 #19227 #19263 #19187 #19259 #19192 #19219 #19211)) (not (or #19192 #19135)) (not (or #19192 #19113)) (not (or #19362 #19286 #19227 #19263 #19192 #19059)) (not (or #19362 #19286 #19227 #19263 #19192 #19160)) (not (or #19069 #19096)))
null (o)
  (or (not (or #18719 #18652 #18316)) (not (or #18719 #18281 #18355 #18284 #18290 #18331 #18236 #18264 #18241 #18253 #18219 #18141 #18209 #18221 #18188 #18165 ...)) (not (or #18355 #21089)) (not (or #18719 #18281 #18284 #18290 #18331 #18236 #18264 #18241 #18253 #18219 #18141 #18209 #18221 #18188 #18165 #18168 ...)) (not (or #18719 #18355 #18284 #21061)) (not (or #18719 #18355 #18284 #18290 #20959)) (not (or #18719 #18355 #18284 #18290 #20971)) (not (or #18719 #18355 #18284 #18290 #18331 #18236 #20908)) (not (or #18719 #18355 #18284 #18290 #18331 #18236 #20821)) (not (or #18719 #18355 #18284 #18290 #18331 #18236 #18264 #18241 #20788)) (not (if #20591 #15864 #15866))) (o)
    (= i844 1) (o)
      (or (not (or #4126 #4151 #19339 #19340 #19347 #19362 #19281 #19334 #19286 #19323 #19319 #19305 #19227 #19315 #19313 #19270 ...)) (not (or #19362 #19286 #19227 #19263 #19187 #19259 #19192 #19219 #19211)) (not (or #19192 #19135)) (not (or #19192 #19113)) (not (or #19362 #19286 #19227 #19263 #19192 #19059)) (not (or #19362 #19286 #19227 #19263 #19192 #19160)) (not (or #19069 #19096))) (a)
      (not (or (not #19191) (not #19122) (not #19157) (not #19138) (not #19126) (not #19064) (not #19020))) (o)
    (not (= i844 1)) (c)
  (not (or (not #18317) (not #21079) (not #21090) (not #21051) (not #21062) (not #20961) (not #20929) (not #20909) (not #20822) (not #20789) (not #15867))) (c)

Worker 3 CUBE SIZE IN MAIN LOOP: 3
 Checking cube
(or (not (or #28 #30 #1499 #1504 #1788 #1803 #1819 #1822 #1840 #1849 #1874 #1880 #1895 #1953 #1959 #1986 ...)) (not (or #1803 #1840 #1895 #1914 #1922 #1928 #2009 #2022 #2342)) (not (or #2009 #2366)) (not (or #2009 #2372)) (not (or #1803 #1840 #1895 #1914 #2009 #2397)) (not (or #1803 #1840 #1895 #1914 #2009 #2405)) (not (or #2414 #2519)))
(= i844 1)
(or (not (or #3574 #3584 #4238)) (not (or #3574 #3865 #4240 #4245 #4255 #4263 #4280 #4289 #4308 #4317 #4329 #4354 #4362 #4371 #4380 #4389 ...)) (not (or #4240 #4947)) (not (or #3574 #3865 #4245 #4255 #4263 #4280 #4289 #4308 #4317 #4329 #4354 #4362 #4371 #4380 #4389 #4403 ...)) (not (or #3574 #4240 #4245 #4961)) (not (or #3574 #4240 #4245 #4255 #4978)) (not (or #3574 #4240 #4245 #4255 #4992)) (not (or #3574 #4240 #4245 #4255 #4263 #4280 #5029)) (not (or #3574 #4240 #4245 #4255 #4263 #4280 #5036)) (not (or #3574 #4240 #4245 #4255 #4263 #4280 #4289 #4308 #5046)) (not (if #5055 #5772 #5768)))
with max_conflicts: 3375
Worker 0 DONE checking cube l_undef
Worker 0 found undef cube
Batch manager splitting on literal: (or (not (= i844 1)) (= i1041 0) (not (or #4126 #4151 #4182)) (if (or #4126 #4151) (not #19336) (not #19416)) (not (or #4126 #4156 #19417 #19341 #19415 #19345)) (if (or #19340 #19347) (not #19351) (not #19361)) (if (or #19340 #19347) (= #19349 0) (not #19366)) (not (or #4126 #4151 #19339 #19340 #19347 #19334)) (not (or #4126 #4151 #19339 #19334)))
null (o)
  (or (not (or #18719 #18652 #18316)) (not (or #18719 #18281 #18355 #18284 #18290 #18331 #18236 #18264 #18241 #18253 #18219 #18141 #18209 #18221 #18188 #18165 ...)) (not (or #18355 #21089)) (not (or #18719 #18281 #18284 #18290 #18331 #18236 #18264 #18241 #18253 #18219 #18141 #18209 #18221 #18188 #18165 #18168 ...)) (not (or #18719 #18355 #18284 #21061)) (not (or #18719 #18355 #18284 #18290 #20959)) (not (or #18719 #18355 #18284 #18290 #20971)) (not (or #18719 #18355 #18284 #18290 #18331 #18236 #20908)) (not (or #18719 #18355 #18284 #18290 #18331 #18236 #20821)) (not (or #18719 #18355 #18284 #18290 #18331 #18236 #18264 #18241 #20788)) (not (if #20591 #15864 #15866))) (o)
    (= i844 1) (o)
      (or (not (or #4126 #4151 #19339 #19340 #19347 #19362 #19281 #19334 #19286 #19323 #19319 #19305 #19227 #19315 #19313 #19270 ...)) (not (or #19362 #19286 #19227 #19263 #19187 #19259 #19192 #19219 #19211)) (not (or #19192 #19135)) (not (or #19192 #19113)) (not (or #19362 #19286 #19227 #19263 #19192 #19059)) (not (or #19362 #19286 #19227 #19263 #19192 #19160)) (not (or #19069 #19096))) (a)
      (not (or (not #19191) (not #19122) (not #19157) (not #19138) (not #19126) (not #19064) (not #19020))) (a)
    (not (= i844 1)) (c)
  (not (or (not #18317) (not #21079) (not #21090) (not #21051) (not #21062) (not #20961) (not #20929) (not #20909) (not #20822) (not #20789) (not #15867))) (c)

Worker 0 CUBE SIZE IN MAIN LOOP: 3
 Checking cube
(not (or (not #2008) (not #2343) (not #2367) (not #2373) (not #2398) (not #2406) (not #2520)))
(= i844 1)
(or (not (or #3574 #3584 #4238)) (not (or #3574 #3865 #4240 #4245 #4255 #4263 #4280 #4289 #4308 #4317 #4329 #4354 #4362 #4371 #4380 #4389 ...)) (not (or #4240 #4947)) (not (or #3574 #3865 #4245 #4255 #4263 #4280 #4289 #4308 #4317 #4329 #4354 #4362 #4371 #4380 #4389 #4403 ...)) (not (or #3574 #4240 #4245 #4961)) (not (or #3574 #4240 #4245 #4255 #4978)) (not (or #3574 #4240 #4245 #4255 #4992)) (not (or #3574 #4240 #4245 #4255 #4263 #4280 #5029)) (not (or #3574 #4240 #4245 #4255 #4263 #4280 #5036)) (not (or #3574 #4240 #4245 #4255 #4263 #4280 #4289 #4308 #5046)) (not (if #5055 #5772 #5768)))
with max_conflicts: 3375
Worker 2 DONE checking cube l_undef
Worker 2 found undef cube
Batch manager splitting on literal: (or (not (= i844 1)) (= i1041 0) (not (or #4126 #4151 #4182)) (if (or #4126 #4151) (not #19336) (not #19416)) (not (or #4126 #4156 #19417 #19341 #19415 #19345)) (if (or #19340 #19347) (not #19351) (not #19361)) (if (or #19340 #19347) (= #19349 0) (not #19366)) (not (or #4126 #4151 #19339 #19340 #19347 #19334)) (not (or #4126 #4151 #19339 #19334)))
null (o)
  (or (not (or #18719 #18652 #18316)) (not (or #18719 #18281 #18355 #18284 #18290 #18331 #18236 #18264 #18241 #18253 #18219 #18141 #18209 #18221 #18188 #18165 ...)) (not (or #18355 #21089)) (not (or #18719 #18281 #18284 #18290 #18331 #18236 #18264 #18241 #18253 #18219 #18141 #18209 #18221 #18188 #18165 #18168 ...)) (not (or #18719 #18355 #18284 #21061)) (not (or #18719 #18355 #18284 #18290 #20959)) (not (or #18719 #18355 #18284 #18290 #20971)) (not (or #18719 #18355 #18284 #18290 #18331 #18236 #20908)) (not (or #18719 #18355 #18284 #18290 #18331 #18236 #20821)) (not (or #18719 #18355 #18284 #18290 #18331 #18236 #18264 #18241 #20788)) (not (if #20591 #15864 #15866))) (o)
    (= i844 1) (o)
      (or (not (or #4126 #4151 #19339 #19340 #19347 #19362 #19281 #19334 #19286 #19323 #19319 #19305 #19227 #19315 #19313 #19270 ...)) (not (or #19362 #19286 #19227 #19263 #19187 #19259 #19192 #19219 #19211)) (not (or #19192 #19135)) (not (or #19192 #19113)) (not (or #19362 #19286 #19227 #19263 #19192 #19059)) (not (or #19362 #19286 #19227 #19263 #19192 #19160)) (not (or #19069 #19096))) (a)
      (not (or (not #19191) (not #19122) (not #19157) (not #19138) (not #19126) (not #19064) (not #19020))) (a)
    (not (= i844 1)) (c)
  (not (or (not #18317) (not #21079) (not #21090) (not #21051) (not #21062) (not #20961) (not #20929) (not #20909) (not #20822) (not #20789) (not #15867))) (c)

Worker 2 CUBE SIZE IN MAIN LOOP: 3
 Checking cube
(or (not (or #28 #30 #1499 #1504 #1788 #1803 #1819 #1822 #1840 #1849 #1874 #1880 #1895 #1953 #1959 #1986 ...)) (not (or #1803 #1840 #1895 #1914 #1922 #1928 #2009 #2022 #2342)) (not (or #2009 #2366)) (not (or #2009 #2372)) (not (or #1803 #1840 #1895 #1914 #2009 #2397)) (not (or #1803 #1840 #1895 #1914 #2009 #2405)) (not (or #2414 #2519)))
(= i844 1)
(or (not (or #3574 #3584 #4238)) (not (or #3574 #3865 #4240 #4245 #4255 #4263 #4280 #4289 #4308 #4317 #4329 #4354 #4362 #4371 #4380 #4389 ...)) (not (or #4240 #4947)) (not (or #3574 #3865 #4245 #4255 #4263 #4280 #4289 #4308 #4317 #4329 #4354 #4362 #4371 #4380 #4389 #4403 ...)) (not (or #3574 #4240 #4245 #4961)) (not (or #3574 #4240 #4245 #4255 #4978)) (not (or #3574 #4240 #4245 #4255 #4992)) (not (or #3574 #4240 #4245 #4255 #4263 #4280 #5029)) (not (or #3574 #4240 #4245 #4255 #4263 #4280 #5036)) (not (or #3574 #4240 #4245 #4255 #4263 #4280 #4289 #4308 #5046)) (not (if #5055 #5772 #5768)))
with max_conflicts: 3375
Worker 1 DONE checking cube l_undef
Worker 1 found undef cube
Batch manager splitting on literal: (or (not (= i844 1)) (= i1041 0) (not (or #4126 #4151 #4182)) (if (or #4126 #4151) (not #19336) (not #19416)) (not (or #4126 #4156 #19417 #19341 #19415 #19345)) (if (or #19340 #19347) (not #19351) (not #19361)) (if (or #19340 #19347) (= #19349 0) (not #19366)) (not (or #4126 #4151 #19339 #19340 #19347 #19334)) (not (or #4126 #4151 #19339 #19334)))
null (o)
  (or (not (or #18719 #18652 #18316)) (not (or #18719 #18281 #18355 #18284 #18290 #18331 #18236 #18264 #18241 #18253 #18219 #18141 #18209 #18221 #18188 #18165 ...)) (not (or #18355 #21089)) (not (or #18719 #18281 #18284 #18290 #18331 #18236 #18264 #18241 #18253 #18219 #18141 #18209 #18221 #18188 #18165 #18168 ...)) (not (or #18719 #18355 #18284 #21061)) (not (or #18719 #18355 #18284 #18290 #20959)) (not (or #18719 #18355 #18284 #18290 #20971)) (not (or #18719 #18355 #18284 #18290 #18331 #18236 #20908)) (not (or #18719 #18355 #18284 #18290 #18331 #18236 #20821)) (not (or #18719 #18355 #18284 #18290 #18331 #18236 #18264 #18241 #20788)) (not (if #20591 #15864 #15866))) (o)
    (= i844 1) (o)
      (or (not (or #4126 #4151 #19339 #19340 #19347 #19362 #19281 #19334 #19286 #19323 #19319 #19305 #19227 #19315 #19313 #19270 ...)) (not (or #19362 #19286 #19227 #19263 #19187 #19259 #19192 #19219 #19211)) (not (or #19192 #19135)) (not (or #19192 #19113)) (not (or #19362 #19286 #19227 #19263 #19192 #19059)) (not (or #19362 #19286 #19227 #19263 #19192 #19160)) (not (or #19069 #19096))) (a)
      (not (or (not #19191) (not #19122) (not #19157) (not #19138) (not #19126) (not #19064) (not #19020))) (a)
    (not (= i844 1)) (c)
  (not (or (not #18317) (not #21079) (not #21090) (not #21051) (not #21062) (not #20961) (not #20929) (not #20909) (not #20822) (not #20789) (not #15867))) (c)

Worker 1 CUBE SIZE IN MAIN LOOP: 3
 Checking cube
(or (not (or #28 #30 #1499 #1504 #1788 #1803 #1819 #1822 #1840 #1849 #1874 #1880 #1895 #1953 #1959 #1986 ...)) (not (or #1803 #1840 #1895 #1914 #1922 #1928 #2009 #2022 #2342)) (not (or #2009 #2366)) (not (or #2009 #2372)) (not (or #1803 #1840 #1895 #1914 #2009 #2397)) (not (or #1803 #1840 #1895 #1914 #2009 #2405)) (not (or #2414 #2519)))
(= i844 1)
(or (not (or #3574 #3584 #4238)) (not (or #3574 #3865 #4240 #4245 #4255 #4263 #4280 #4289 #4308 #4317 #4329 #4354 #4362 #4371 #4380 #4389 ...)) (not (or #4240 #4947)) (not (or #3574 #3865 #4245 #4255 #4263 #4280 #4289 #4308 #4317 #4329 #4354 #4362 #4371 #4380 #4389 #4403 ...)) (not (or #3574 #4240 #4245 #4961)) (not (or #3574 #4240 #4245 #4255 #4978)) (not (or #3574 #4240 #4245 #4255 #4992)) (not (or #3574 #4240 #4245 #4255 #4263 #4280 #5029)) (not (or #3574 #4240 #4245 #4255 #4263 #4280 #5036)) (not (or #3574 #4240 #4245 #4255 #4263 #4280 #4289 #4308 #5046)) (not (if #5055 #5772 #5768)))
with max_conflicts: 3375
Worker 0 DONE checking cube l_false
Worker 0 found unsat cube
Batch manager backtracking.
(not (or (not #2008) (not #2343) (not #2367) (not #2373) (not #2398) (not #2406) (not #2520)))

null (o)
  (or (not (or #18719 #18652 #18316)) (not (or #18719 #18281 #18355 #18284 #18290 #18331 #18236 #18264 #18241 #18253 #18219 #18141 #18209 #18221 #18188 #18165 ...)) (not (or #18355 #21089)) (not (or #18719 #18281 #18284 #18290 #18331 #18236 #18264 #18241 #18253 #18219 #18141 #18209 #18221 #18188 #18165 #18168 ...)) (not (or #18719 #18355 #18284 #21061)) (not (or #18719 #18355 #18284 #18290 #20959)) (not (or #18719 #18355 #18284 #18290 #20971)) (not (or #18719 #18355 #18284 #18290 #18331 #18236 #20908)) (not (or #18719 #18355 #18284 #18290 #18331 #18236 #20821)) (not (or #18719 #18355 #18284 #18290 #18331 #18236 #18264 #18241 #20788)) (not (if #20591 #15864 #15866))) (o)
    (= i844 1) (o)
      (or (not (or #4126 #4151 #19339 #19340 #19347 #19362 #19281 #19334 #19286 #19323 #19319 #19305 #19227 #19315 #19313 #19270 ...)) (not (or #19362 #19286 #19227 #19263 #19187 #19259 #19192 #19219 #19211)) (not (or #19192 #19135)) (not (or #19192 #19113)) (not (or #19362 #19286 #19227 #19263 #19192 #19059)) (not (or #19362 #19286 #19227 #19263 #19192 #19160)) (not (or #19069 #19096))) (a)
      (not (or (not #19191) (not #19122) (not #19157) (not #19138) (not #19126) (not #19064) (not #19020))) (c)
    (not (= i844 1)) (c)
  (not (or (not #18317) (not #21079) (not #21090) (not #21051) (not #21062) (not #20961) (not #20929) (not #20909) (not #20822) (not #20789) (not #15867))) (c)
null (o)
  (or (not (or #18719 #18652 #18316)) (not (or #18719 #18281 #18355 #18284 #18290 #18331 #18236 #18264 #18241 #18253 #18219 #18141 #18209 #18221 #18188 #18165 ...)) (not (or #18355 #21089)) (not (or #18719 #18281 #18284 #18290 #18331 #18236 #18264 #18241 #18253 #18219 #18141 #18209 #18221 #18188 #18165 #18168 ...)) (not (or #18719 #18355 #18284 #21061)) (not (or #18719 #18355 #18284 #18290 #20959)) (not (or #18719 #18355 #18284 #18290 #20971)) (not (or #18719 #18355 #18284 #18290 #18331 #18236 #20908)) (not (or #18719 #18355 #18284 #18290 #18331 #18236 #20821)) (not (or #18719 #18355 #18284 #18290 #18331 #18236 #18264 #18241 #20788)) (not (if #20591 #15864 #15866))) (o)
    (= i844 1) (o)
      (or (not (or #4126 #4151 #19339 #19340 #19347 #19362 #19281 #19334 #19286 #19323 #19319 #19305 #19227 #19315 #19313 #19270 ...)) (not (or #19362 #19286 #19227 #19263 #19187 #19259 #19192 #19219 #19211)) (not (or #19192 #19135)) (not (or #19192 #19113)) (not (or #19362 #19286 #19227 #19263 #19192 #19059)) (not (or #19362 #19286 #19227 #19263 #19192 #19160)) (not (or #19069 #19096))) (a)
      (not (or (not #19191) (not #19122) (not #19157) (not #19138) (not #19126) (not #19064) (not #19020))) (c)
    (not (= i844 1)) (c)
  (not (or (not #18317) (not #21079) (not #21090) (not #21051) (not #21062) (not #20961) (not #20929) (not #20909) (not #20822) (not #20789) (not #15867))) (c)

Worker 0 CUBE SIZE IN MAIN LOOP: 3
 Checking cube
(or (not (or #28 #30 #1499 #1504 #1788 #1803 #1819 #1822 #1840 #1849 #1874 #1880 #1895 #1953 #1959 #1986 ...)) (not (or #1803 #1840 #1895 #1914 #1922 #1928 #2009 #2022 #2342)) (not (or #2009 #2366)) (not (or #2009 #2372)) (not (or #1803 #1840 #1895 #1914 #2009 #2397)) (not (or #1803 #1840 #1895 #1914 #2009 #2405)) (not (or #2414 #2519)))
(= i844 1)
(or (not (or #3574 #3584 #4238)) (not (or #3574 #3865 #4240 #4245 #4255 #4263 #4280 #4289 #4308 #4317 #4329 #4354 #4362 #4371 #4380 #4389 ...)) (not (or #4240 #4947)) (not (or #3574 #3865 #4245 #4255 #4263 #4280 #4289 #4308 #4317 #4329 #4354 #4362 #4371 #4380 #4389 #4403 ...)) (not (or #3574 #4240 #4245 #4961)) (not (or #3574 #4240 #4245 #4255 #4978)) (not (or #3574 #4240 #4245 #4255 #4992)) (not (or #3574 #4240 #4245 #4255 #4263 #4280 #5029)) (not (or #3574 #4240 #4245 #4255 #4263 #4280 #5036)) (not (or #3574 #4240 #4245 #4255 #4263 #4280 #4289 #4308 #5046)) (not (if #5055 #5772 #5768)))
with max_conflicts: 3375
Worker 3 DONE checking cube l_false
Worker 3 found unsat cube
Batch manager backtracking.
(= i844 1)
(or (not (or #28 #30 #1499 #1504 #1788 #1803 #1819 #1822 #1840 #1849 #1874 #1880 #1895 #1953 #1959 #1986 ...)) (not (or #1803 #1840 #1895 #1914 #1922 #1928 #2009 #2022 #2342)) (not (or #2009 #2366)) (not (or #2009 #2372)) (not (or #1803 #1840 #1895 #1914 #2009 #2397)) (not (or #1803 #1840 #1895 #1914 #2009 #2405)) (not (or #2414 #2519)))

null (o)
  (or (not (or #18719 #18652 #18316)) (not (or #18719 #18281 #18355 #18284 #18290 #18331 #18236 #18264 #18241 #18253 #18219 #18141 #18209 #18221 #18188 #18165 ...)) (not (or #18355 #21089)) (not (or #18719 #18281 #18284 #18290 #18331 #18236 #18264 #18241 #18253 #18219 #18141 #18209 #18221 #18188 #18165 #18168 ...)) (not (or #18719 #18355 #18284 #21061)) (not (or #18719 #18355 #18284 #18290 #20959)) (not (or #18719 #18355 #18284 #18290 #20971)) (not (or #18719 #18355 #18284 #18290 #18331 #18236 #20908)) (not (or #18719 #18355 #18284 #18290 #18331 #18236 #20821)) (not (or #18719 #18355 #18284 #18290 #18331 #18236 #18264 #18241 #20788)) (not (if #20591 #15864 #15866))) (o)
    (= i844 1) (c)
      (or (not (or #4126 #4151 #19339 #19340 #19347 #19362 #19281 #19334 #19286 #19323 #19319 #19305 #19227 #19315 #19313 #19270 ...)) (not (or #19362 #19286 #19227 #19263 #19187 #19259 #19192 #19219 #19211)) (not (or #19192 #19135)) (not (or #19192 #19113)) (not (or #19362 #19286 #19227 #19263 #19192 #19059)) (not (or #19362 #19286 #19227 #19263 #19192 #19160)) (not (or #19069 #19096))) (c)
      (not (or (not #19191) (not #19122) (not #19157) (not #19138) (not #19126) (not #19064) (not #19020))) (c)
    (not (= i844 1)) (c)
  (not (or (not #18317) (not #21079) (not #21090) (not #21051) (not #21062) (not #20961) (not #20929) (not #20909) (not #20822) (not #20789) (not #15867))) (c)
Worker 3 no more cubes
Worker 0 DONE checking cube l_false
Worker 0 found unsat cube
Batch manager backtracking.
(or (not (or #28 #30 #1499 #1504 #1788 #1803 #1819 #1822 #1840 #1849 #1874 #1880 #1895 #1953 #1959 #1986 ...)) (not (or #1803 #1840 #1895 #1914 #1922 #1928 #2009 #2022 #2342)) (not (or #2009 #2366)) (not (or #2009 #2372)) (not (or #1803 #1840 #1895 #1914 #2009 #2397)) (not (or #1803 #1840 #1895 #1914 #2009 #2405)) (not (or #2414 #2519)))

null (c)
  (or (not (or #18719 #18652 #18316)) (not (or #18719 #18281 #18355 #18284 #18290 #18331 #18236 #18264 #18241 #18253 #18219 #18141 #18209 #18221 #18188 #18165 ...)) (not (or #18355 #21089)) (not (or #18719 #18281 #18284 #18290 #18331 #18236 #18264 #18241 #18253 #18219 #18141 #18209 #18221 #18188 #18165 #18168 ...)) (not (or #18719 #18355 #18284 #21061)) (not (or #18719 #18355 #18284 #18290 #20959)) (not (or #18719 #18355 #18284 #18290 #20971)) (not (or #18719 #18355 #18284 #18290 #18331 #18236 #20908)) (not (or #18719 #18355 #18284 #18290 #18331 #18236 #20821)) (not (or #18719 #18355 #18284 #18290 #18331 #18236 #18264 #18241 #20788)) (not (if #20591 #15864 #15866))) (c)
    (= i844 1) (c)
      (or (not (or #4126 #4151 #19339 #19340 #19347 #19362 #19281 #19334 #19286 #19323 #19319 #19305 #19227 #19315 #19313 #19270 ...)) (not (or #19362 #19286 #19227 #19263 #19187 #19259 #19192 #19219 #19211)) (not (or #19192 #19135)) (not (or #19192 #19113)) (not (or #19362 #19286 #19227 #19263 #19192 #19059)) (not (or #19362 #19286 #19227 #19263 #19192 #19160)) (not (or #19069 #19096))) (c)
      (not (or (not #19191) (not #19122) (not #19157) (not #19138) (not #19126) (not #19064) (not #19020))) (c)
    (not (= i844 1)) (c)
  (not (or (not #18317) (not #21079) (not #21090) (not #21051) (not #21062) (not #20961) (not #20929) (not #20909) (not #20822) (not #20789) (not #15867))) (c)
Canceling workers
Worker 0 canceling
Worker 1 canceling
Worker 2 canceling
Worker 3 canceling
Worker 1 DONE checking cube l_undef
all done
Worker 0 no more cubes
Worker 2 DONE checking cube l_false
Batch manager setting exception msg: context cancelled.
Batch manager setting exception msg: context cancelled.
unsat
(:added-eqs                   1565234
 :arith-eq-adapter            2988
 :arith-bound-propagations-lp 189973
 :arith-conflicts             666
 :arith-diseq                 124469
 :arith-fixed-eqs             196172
 :arith-lower                 123864
 :arith-make-feasible         58468
 :arith-max-columns           1668
 :arith-max-rows              688
 :arith-offset-eqs            59288
 :arith-upper                 201510
 :binary-propagations         4344189
 :conflicts                   26676
 :decisions                   579620
 :del-clause                  19940
 :max-memory                  113.85
 :memory                      19.19
 :minimized-lits              172683
 :mk-bool-var                 21848
 :mk-clause                   38662
 :mk-clause-binary            61326
 :num-allocs                  59238343
 :num-checks                  20
 :parallel-max-cube-size      3
 :parallel-num_cubes          12
 :propagations                6341337
 :restarts                    229
 :rlimit-count                18145045
 :time                        0.80
 :total-time                  2.90)
