Worker 0 created with 0 assumptions
Worker 1 created with 0 assumptions
Worker 2 created with 0 assumptions
Worker 3 created with 0 assumptions
null (a)

Worker 0 CUBE SIZE IN MAIN LOOP: 0
 Checking cube
with max_conflicts: 1000
null (a)

Worker 2 CUBE SIZE IN MAIN LOOP: 0
 Checking cube
with max_conflicts: 1000
null (a)

Worker 3 CUBE SIZE IN MAIN LOOP: 0
 Checking cube
with max_conflicts: 1000
null (a)

Worker 1 CUBE SIZE IN MAIN LOOP: 0
 Checking cube
with max_conflicts: 1000
Worker 2 DONE checking cube l_undef
Worker 2 found undef cube
Batch manager splitting on literal: (= (if (or #18355 #21081 #21091 #21053 #21063 #20962 #20930 #20911 #20823 #20790 #20592 #15868) (if #15712 #13712 467) (if #21079 #14053 224)) 469)
null (o)
  (= (if (or #18355 #21081 #21091 #21053 #21063 #20962 #20930 #20911 #20823 #20790 #20592 #15868) (if #15712 #13712 467) (if #21079 #14053 224)) 469) (a)
  (not (= (if #15870 #13713 #14054) 469)) (o)

Worker 2 CUBE SIZE IN MAIN LOOP: 1
 Checking cube
(= (if (or #4240 #4941 #4949 #4953 #4963 #4980 #5012 #5031 #5040 #5048 #5056 #5822) (if #5869 #5897 467) (if #4940 #5858 224)) 469)
with max_conflicts: 1500
Worker 1 DONE checking cube l_undef
Worker 1 found undef cube
Batch manager splitting on literal: (= i844 1)
null (o)
  (= (if (or #18355 #21081 #21091 #21053 #21063 #20962 #20930 #20911 #20823 #20790 #20592 #15868) (if #15712 #13712 467) (if #21079 #14053 224)) 469) (a)
  (not (= (if #15870 #13713 #14054) 469)) (a)

Worker 1 CUBE SIZE IN MAIN LOOP: 1
 Checking cube
(not (= (if #5823 #5880 #5859) 469))
with max_conflicts: 1500
Worker 3 DONE checking cube l_undef
Worker 3 found undef cube
Batch manager splitting on literal: (= i844 1)
null (o)
  (= (if (or #18355 #21081 #21091 #21053 #21063 #20962 #20930 #20911 #20823 #20790 #20592 #15868) (if #15712 #13712 467) (if #21079 #14053 224)) 469) (a)
  (not (= (if #15870 #13713 #14054) 469)) (a)

Worker 3 CUBE SIZE IN MAIN LOOP: 1
 Checking cube
(= (if (or #4240 #4941 #4949 #4953 #4963 #4980 #5012 #5031 #5040 #5048 #5056 #5822) (if #5869 #5897 467) (if #4940 #5858 224)) 469)
with max_conflicts: 1500
Worker 2 DONE checking cube l_false
Worker 2 found unsat cube
Batch manager backtracking.
(= (if (or #4240 #4941 #4949 #4953 #4963 #4980 #5012 #5031 #5040 #5048 #5056 #5822) (if #5869 #5897 467) (if #4940 #5858 224)) 469)

null (o)
  (= (if (or #18355 #21081 #21091 #21053 #21063 #20962 #20930 #20911 #20823 #20790 #20592 #15868) (if #15712 #13712 467) (if #21079 #14053 224)) 469) (c)
  (not (= (if #15870 #13713 #14054) 469)) (a)
null (o)
  (= (if (or #18355 #21081 #21091 #21053 #21063 #20962 #20930 #20911 #20823 #20790 #20592 #15868) (if #15712 #13712 467) (if #21079 #14053 224)) 469) (c)
  (not (= (if #15870 #13713 #14054) 469)) (a)

Worker 2 CUBE SIZE IN MAIN LOOP: 1
 Checking cube
(not (= (if #5823 #5880 #5859) 469))
with max_conflicts: 1500
Worker 0 DONE checking cube l_undef
Worker 0 found undef cube
Batch manager splitting on literal: (= i844 1)
null (o)
  (= (if (or #18355 #21081 #21091 #21053 #21063 #20962 #20930 #20911 #20823 #20790 #20592 #15868) (if #15712 #13712 467) (if #21079 #14053 224)) 469) (c)
  (not (= (if #15870 #13713 #14054) 469)) (a)

Worker 0 CUBE SIZE IN MAIN LOOP: 1
 Checking cube
(not (= (if #5823 #5880 #5859) 469))
with max_conflicts: 1500
Worker 3 DONE checking cube l_false
Worker 3 found unsat cube
Batch manager backtracking.
(= (if (or #4240 #4941 #4949 #4953 #4963 #4980 #5012 #5031 #5040 #5048 #5056 #5822) (if #5869 #5897 467) (if #4940 #5858 224)) 469)

null (o)
  (= (if (or #18355 #21081 #21091 #21053 #21063 #20962 #20930 #20911 #20823 #20790 #20592 #15868) (if #15712 #13712 467) (if #21079 #14053 224)) 469) (c)
  (not (= (if #15870 #13713 #14054) 469)) (a)
null (o)
  (= (if (or #18355 #21081 #21091 #21053 #21063 #20962 #20930 #20911 #20823 #20790 #20592 #15868) (if #15712 #13712 467) (if #21079 #14053 224)) 469) (c)
  (not (= (if #15870 #13713 #14054) 469)) (a)

Worker 3 CUBE SIZE IN MAIN LOOP: 1
 Checking cube
(not (= (if #5823 #5880 #5859) 469))
with max_conflicts: 1500
Worker 1 DONE checking cube l_undef
Worker 1 found undef cube
Batch manager splitting on literal: (= i844 1)
null (o)
  (= (if (or #18355 #21081 #21091 #21053 #21063 #20962 #20930 #20911 #20823 #20790 #20592 #15868) (if #15712 #13712 467) (if #21079 #14053 224)) 469) (c)
  (not (= (if #15870 #13713 #14054) 469)) (o)
    (= i844 1) (o)
    (not (= i844 1)) (a)

Worker 1 CUBE SIZE IN MAIN LOOP: 2
 Checking cube
(not (= i844 1))
(not (= (if #5823 #5880 #5859) 469))
with max_conflicts: 2250
Worker 0 DONE checking cube l_undef
Worker 0 found undef cube
Batch manager splitting on literal: (= i844 1)
null (o)
  (= (if (or #18355 #21081 #21091 #21053 #21063 #20962 #20930 #20911 #20823 #20790 #20592 #15868) (if #15712 #13712 467) (if #21079 #14053 224)) 469) (c)
  (not (= (if #15870 #13713 #14054) 469)) (o)
    (= i844 1) (a)
    (not (= i844 1)) (a)

Worker 0 CUBE SIZE IN MAIN LOOP: 2
 Checking cube
(= i844 1)
(not (= (if #5823 #5880 #5859) 469))
with max_conflicts: 2250
Worker 2 DONE checking cube l_undef
Worker 2 found undef cube
Batch manager splitting on literal: (or (not (= i844 1)) (= i1041 0) (not (or #4126 #4151 #4182)) (if (or #4126 #4151) (not #19336) (not #19416)) (not (or #4126 #4156 #19417 #19341 #19415 #19345)) (if (or #19340 #19347) (not #19351) (not #19361)) (if (or #19340 #19347) (= #19349 0) (not #19366)) (not (or #4126 #4151 #19339 #19340 #19347 #19334)) (not (or #4126 #4151 #19339 #19334)))
null (o)
  (= (if (or #18355 #21081 #21091 #21053 #21063 #20962 #20930 #20911 #20823 #20790 #20592 #15868) (if #15712 #13712 467) (if #21079 #14053 224)) 469) (c)
  (not (= (if #15870 #13713 #14054) 469)) (o)
    (= i844 1) (a)
    (not (= i844 1)) (a)

Worker 2 CUBE SIZE IN MAIN LOOP: 2
 Checking cube
(= i844 1)
(not (= (if #5823 #5880 #5859) 469))
with max_conflicts: 2250
Worker 3 DONE checking cube l_undef
Worker 3 found undef cube
Batch manager splitting on literal: (= i844 1)
null (o)
  (= (if (or #18355 #21081 #21091 #21053 #21063 #20962 #20930 #20911 #20823 #20790 #20592 #15868) (if #15712 #13712 467) (if #21079 #14053 224)) 469) (c)
  (not (= (if #15870 #13713 #14054) 469)) (o)
    (= i844 1) (a)
    (not (= i844 1)) (a)

Worker 3 CUBE SIZE IN MAIN LOOP: 2
 Checking cube
(= i844 1)
(not (= (if #5823 #5880 #5859) 469))
with max_conflicts: 2250
Worker 1 DONE checking cube l_false
Worker 1 found unsat cube
Batch manager backtracking.
(not (= i844 1))

null (o)
  (= (if (or #18355 #21081 #21091 #21053 #21063 #20962 #20930 #20911 #20823 #20790 #20592 #15868) (if #15712 #13712 467) (if #21079 #14053 224)) 469) (c)
  (not (= (if #15870 #13713 #14054) 469)) (o)
    (= i844 1) (a)
    (not (= i844 1)) (c)
null (o)
  (= (if (or #18355 #21081 #21091 #21053 #21063 #20962 #20930 #20911 #20823 #20790 #20592 #15868) (if #15712 #13712 467) (if #21079 #14053 224)) 469) (c)
  (not (= (if #15870 #13713 #14054) 469)) (o)
    (= i844 1) (a)
    (not (= i844 1)) (c)

Worker 1 CUBE SIZE IN MAIN LOOP: 2
 Checking cube
(= i844 1)
(not (= (if #5823 #5880 #5859) 469))
with max_conflicts: 2250
Worker 1 DONE checking cube l_undef
Worker 1 found undef cube
Batch manager splitting on literal: (= (if (or #21081 #13723 #13767 #13579 #13591 #13642 #13653 #13502 #13441 #13296 #13308 #12234) (if #12143 #11752 467) (if #13721 #11817 224)) 417)
null (o)
  (= (if (or #18355 #21081 #21091 #21053 #21063 #20962 #20930 #20911 #20823 #20790 #20592 #15868) (if #15712 #13712 467) (if #21079 #14053 224)) 469) (c)
  (not (= (if #15870 #13713 #14054) 469)) (o)
    (= i844 1) (o)
      (= (if (or #21081 #13723 #13767 #13579 #13591 #13642 #13653 #13502 #13441 #13296 #13308 #12234) (if #12143 #11752 467) (if #13721 #11817 224)) 417) (a)
      (not (= (if #12235 #11753 #11818) 417)) (o)
    (not (= i844 1)) (c)

Worker 1 CUBE SIZE IN MAIN LOOP: 3
 Checking cube
(= (if (or #4941 #5641 #5646 #5660 #5693 #5733 #5758 #5767 #6081 #6122 #6520 #6629) (if #6672 #6696 467) (if #5640 #6663 224)) 417)
(= i844 1)
(not (= (if #5823 #5880 #5859) 469))
with max_conflicts: 3375
Worker 0 DONE checking cube l_undef
Worker 0 found undef cube
Batch manager splitting on literal: (or (not (= i844 1)) (= i1041 0) (not (or #4126 #4151 #4182)) (if (or #4126 #4151) (not #19336) (not #19416)) (not (or #4126 #4156 #19417 #19341 #19415 #19345)) (if (or #19340 #19347) (not #19351) (not #19361)) (if (or #19340 #19347) (= #19349 0) (not #19366)) (not (or #4126 #4151 #19339 #19340 #19347 #19334)) (not (or #4126 #4151 #19339 #19334)))
null (o)
  (= (if (or #18355 #21081 #21091 #21053 #21063 #20962 #20930 #20911 #20823 #20790 #20592 #15868) (if #15712 #13712 467) (if #21079 #14053 224)) 469) (c)
  (not (= (if #15870 #13713 #14054) 469)) (o)
    (= i844 1) (o)
      (= (if (or #21081 #13723 #13767 #13579 #13591 #13642 #13653 #13502 #13441 #13296 #13308 #12234) (if #12143 #11752 467) (if #13721 #11817 224)) 417) (a)
      (not (= (if #12235 #11753 #11818) 417)) (a)
    (not (= i844 1)) (c)

Worker 0 CUBE SIZE IN MAIN LOOP: 3
 Checking cube
(not (= (if #6630 #6681 #6664) 417))
(= i844 1)
(not (= (if #5823 #5880 #5859) 469))
with max_conflicts: 3375
Worker 3 DONE checking cube l_undef
Worker 3 found undef cube
Batch manager splitting on literal: (or (not (= i844 1)) (= i1041 0) (not (or #4126 #4151 #4182)) (if (or #4126 #4151) (not #19336) (not #19416)) (not (or #4126 #4156 #19417 #19341 #19415 #19345)) (if (or #19340 #19347) (not #19351) (not #19361)) (if (or #19340 #19347) (= #19349 0) (not #19366)) (not (or #4126 #4151 #19339 #19340 #19347 #19334)) (not (or #4126 #4151 #19339 #19334)))
null (o)
  (= (if (or #18355 #21081 #21091 #21053 #21063 #20962 #20930 #20911 #20823 #20790 #20592 #15868) (if #15712 #13712 467) (if #21079 #14053 224)) 469) (c)
  (not (= (if #15870 #13713 #14054) 469)) (o)
    (= i844 1) (o)
      (= (if (or #21081 #13723 #13767 #13579 #13591 #13642 #13653 #13502 #13441 #13296 #13308 #12234) (if #12143 #11752 467) (if #13721 #11817 224)) 417) (a)
      (not (= (if #12235 #11753 #11818) 417)) (a)
    (not (= i844 1)) (c)

Worker 3 CUBE SIZE IN MAIN LOOP: 3
 Checking cube
(= (if (or #4941 #5641 #5646 #5660 #5693 #5733 #5758 #5767 #6081 #6122 #6520 #6629) (if #6672 #6696 467) (if #5640 #6663 224)) 417)
(= i844 1)
(not (= (if #5823 #5880 #5859) 469))
with max_conflicts: 3375
Worker 2 DONE checking cube l_false
Worker 2 determined formula unsat
Batch manager setting UNSAT.
Canceling workers
Worker 0 canceling
Worker 1 canceling
Worker 2 canceling
Worker 3 canceling
Worker 3 DONE checking cube l_undef
Batch manager setting exception msg: context cancelled.
Worker 1 DONE checking cube l_undef
Batch manager setting exception msg: context cancelled.
Worker 0 DONE checking cube l_undef
Batch manager setting exception msg: context cancelled.
unsat
(:added-eqs                   1224242
 :arith-eq-adapter            2918
 :arith-bound-propagations-lp 158654
 :arith-conflicts             545
 :arith-diseq                 107360
 :arith-fixed-eqs             152689
 :arith-lower                 99532
 :arith-make-feasible         45769
 :arith-max-columns           1661
 :arith-max-rows              681
 :arith-offset-eqs            46669
 :arith-upper                 167010
 :binary-propagations         3416675
 :conflicts                   20305
 :decisions                   447081
 :del-clause                  18153
 :max-memory                  113.51
 :memory                      19.36
 :minimized-lits              116327
 :mk-bool-var                 21765
 :mk-clause                   32140
 :mk-clause-binary            61403
 :num-allocs                  53916562
 :num-checks                  19
 :parallel-max-cube-size      3
 :parallel-num_cubes          11
 :propagations                4875553
 :restarts                    174
 :rlimit-count                14145869
 :time                        0.62
 :total-time                  2.21)
