Worker 0 created with 0 assumptions
Worker 1 created with 0 assumptions
Worker 2 created with 0 assumptions
Worker 3 created with 0 assumptions
null (a)

Worker 0 CUBE SIZE IN MAIN LOOP: 0
 Checking cube
with max_conflicts: 1000
null (a)

Worker 2 CUBE SIZE IN MAIN LOOP: 0
 Checking cube
with max_conflicts: 1000
null (a)

Worker 3 CUBE SIZE IN MAIN LOOP: 0
 Checking cube
with max_conflicts: 1000
null (a)

Worker 1 CUBE SIZE IN MAIN LOOP: 0
 Checking cube
with max_conflicts: 1000
Worker 1 DONE checking cube l_undef
Worker 1 found undef cube
Batch manager splitting on literal: (<= (+ (if #4125 143 0) (* -1 #4566)) 0)
null (o)
  (<= (+ (if #4125 143 0) (* -1 #4566)) 0) (a)
  (not (<= (+ #4134 #4817) 0)) (o)

Worker 1 CUBE SIZE IN MAIN LOOP: 1
 Checking cube
(<= (+ (if #27 143 0) (* -1 #104)) 0)
with max_conflicts: 1500
Worker 0 DONE checking cube l_undef
Worker 0 found undef cube
Batch manager splitting on literal: (= i844 1)
null (o)
  (<= (+ (if #4125 143 0) (* -1 #4566)) 0) (a)
  (not (<= (+ #4134 #4817) 0)) (a)

Worker 0 CUBE SIZE IN MAIN LOOP: 1
 Checking cube
(not (<= (+ #99 #363) 0))
with max_conflicts: 1500
Worker 3 DONE checking cube l_undef
Worker 3 found undef cube
Batch manager splitting on literal: (= i844 1)
null (o)
  (<= (+ (if #4125 143 0) (* -1 #4566)) 0) (a)
  (not (<= (+ #4134 #4817) 0)) (a)

Worker 3 CUBE SIZE IN MAIN LOOP: 1
 Checking cube
(<= (+ (if #27 143 0) (* -1 #104)) 0)
with max_conflicts: 1500
Worker 2 DONE checking cube l_undef
Worker 2 found undef cube
Batch manager splitting on literal: (if (or (if #4152 #19337 #19339) (not #19414)) (not (= #19349 0)) (not (or #4126 #4156 #4192 #19340 #19341 #19415 #19345 #19353 #19356 #19359)))
null (o)
  (<= (+ (if #4125 143 0) (* -1 #4566)) 0) (a)
  (not (<= (+ #4134 #4817) 0)) (a)

Worker 2 CUBE SIZE IN MAIN LOOP: 1
 Checking cube
(<= (+ (if #27 143 0) (* -1 #104)) 0)
with max_conflicts: 1500
Worker 0 DONE checking cube l_false
Worker 0 found unsat cube
Batch manager backtracking.
(not (<= (+ #99 #363) 0))

null (o)
  (<= (+ (if #4125 143 0) (* -1 #4566)) 0) (a)
  (not (<= (+ #4134 #4817) 0)) (c)
null (o)
  (<= (+ (if #4125 143 0) (* -1 #4566)) 0) (a)
  (not (<= (+ #4134 #4817) 0)) (c)

Worker 0 CUBE SIZE IN MAIN LOOP: 1
 Checking cube
(<= (+ (if #27 143 0) (* -1 #104)) 0)
with max_conflicts: 1500
Worker 2 DONE checking cube l_undef
Worker 2 found undef cube
Batch manager splitting on literal: (= (if (or #18719 #18281 #18284 #18290 #18331 #18236 #18264 #18241 #18253 #18219 #18141 #18209 #18259) (if #17946 #15858 467) (if #18375 #16076 243)) 417)
null (o)
  (<= (+ (if #4125 143 0) (* -1 #4566)) 0) (o)
    (= (if (or #18719 #18281 #18284 #18290 #18331 #18236 #18264 #18241 #18253 #18219 #18141 #18209 #18259) (if #17946 #15858 467) (if #18375 #16076 243)) 417) (o)
    (not (= (if #18260 #15859 #16077) 417)) (a)
  (not (<= (+ #4134 #4817) 0)) (c)

Worker 2 CUBE SIZE IN MAIN LOOP: 2
 Checking cube
(not (= (if #5113 #5166 #5149) 417))
(<= (+ (if #27 143 0) (* -1 #104)) 0)
with max_conflicts: 2250
Worker 3 DONE checking cube l_undef
Worker 3 found undef cube
Batch manager splitting on literal: (or (if (or #19089 #18932) (not #18855) (not #18717)) (not (or #18719 #18652 #18367)) (not (or #18548 #18652 #18660 #18670 #18678 #18610 #18619 #18631 #18640 #18572 #18580 #18321 #18598 #18531 #18535 #18544 ...)) (not (or #18719 #18288)) (not (or #18719 #18652 #18660 #18295)) (not (or #18719 #18652 #18660 #18670 #18275)) (not (or #18719 #18652 #18660 #18670 #18289)) (not (or #18719 #18652 #18660 #18670 #18678 #18610 #18202)) (not (or #18719 #18652 #18660 #18670 #18678 #18610 #18210)) (not (or #18719 #18652 #18660 #18670 #18678 #18610 #18619 #18631 #18222)) (not (if #18197 #20275 #20210)))
null (o)
  (<= (+ (if #4125 143 0) (* -1 #4566)) 0) (o)
    (= (if (or #18719 #18281 #18284 #18290 #18331 #18236 #18264 #18241 #18253 #18219 #18141 #18209 #18259) (if #17946 #15858 467) (if #18375 #16076 243)) 417) (a)
    (not (= (if #18260 #15859 #16077) 417)) (a)
  (not (<= (+ #4134 #4817) 0)) (c)

Worker 3 CUBE SIZE IN MAIN LOOP: 2
 Checking cube
(= (if (or #3574 #4240 #4245 #4255 #4263 #4280 #4289 #4308 #4317 #4329 #4354 #4362 #5112) (if #5157 #4998 467) (if #4239 #5148 243)) 417)
(<= (+ (if #27 143 0) (* -1 #104)) 0)
with max_conflicts: 2250
Worker 3 DONE checking cube l_false
Worker 3 found unsat cube
Batch manager backtracking.
(= (if (or #3574 #4240 #4245 #4255 #4263 #4280 #4289 #4308 #4317 #4329 #4354 #4362 #5112) (if #5157 #4998 467) (if #4239 #5148 243)) 417)

null (o)
  (<= (+ (if #4125 143 0) (* -1 #4566)) 0) (o)
    (= (if (or #18719 #18281 #18284 #18290 #18331 #18236 #18264 #18241 #18253 #18219 #18141 #18209 #18259) (if #17946 #15858 467) (if #18375 #16076 243)) 417) (c)
    (not (= (if #18260 #15859 #16077) 417)) (a)
  (not (<= (+ #4134 #4817) 0)) (c)
null (o)
  (<= (+ (if #4125 143 0) (* -1 #4566)) 0) (o)
    (= (if (or #18719 #18281 #18284 #18290 #18331 #18236 #18264 #18241 #18253 #18219 #18141 #18209 #18259) (if #17946 #15858 467) (if #18375 #16076 243)) 417) (c)
    (not (= (if #18260 #15859 #16077) 417)) (a)
  (not (<= (+ #4134 #4817) 0)) (c)

Worker 3 CUBE SIZE IN MAIN LOOP: 2
 Checking cube
(not (= (if #5113 #5166 #5149) 417))
(<= (+ (if #27 143 0) (* -1 #104)) 0)
with max_conflicts: 2250
Worker 1 DONE checking cube l_undef
Worker 1 found undef cube
Batch manager splitting on literal: (= (if (or #18281 #21081 #21091 #21053 #21063 #20962 #20930 #20911 #20823 #20790 #20592 #14346) (if #14209 #13303 467) (if #21079 #13638 224)) 417)
null (o)
  (<= (+ (if #4125 143 0) (* -1 #4566)) 0) (o)
    (= (if (or #18719 #18281 #18284 #18290 #18331 #18236 #18264 #18241 #18253 #18219 #18141 #18209 #18259) (if #17946 #15858 467) (if #18375 #16076 243)) 417) (c)
    (not (= (if #18260 #15859 #16077) 417)) (a)
  (not (<= (+ #4134 #4817) 0)) (c)

Worker 1 CUBE SIZE IN MAIN LOOP: 2
 Checking cube
(not (= (if #5113 #5166 #5149) 417))
(<= (+ (if #27 143 0) (* -1 #104)) 0)
with max_conflicts: 2250
Worker 0 DONE checking cube l_undef
Worker 0 found undef cube
Batch manager splitting on literal: (or (if (or #19089 #18932) (not #18855) (not #18717)) (if (or #19089 #18932) (= #18931 0) (not #18650)) (not (or #19089 #18932 #18658)) (not (or #19089 #18932 #18280 #18666)) (not (or #19089 #18932 #18280 #18888 #18860 #18676)) (not (or #19089 #18932 #18280 #18888 #18860 #18865 #18608)) (not (or #19089 #18932 #18280 #18888 #18860 #18865 #18617)) (not (or #19089 #18932 #18280 #18888 #18860 #18865 #18868 #18265 #18629)) (not (or #19089 #18932 #18280 #18888 #18860 #18865 #18868 #18265 #18638)) (not (or #19089 #18932 #18280 #18888 #18860 #18865 #18868 #18265 #18873 #18808 #18570)) (not (or #19089 #18932 #18280 #18888 #18860 #18865 #18868 #18265 #18873 #18808 #18879 #18578)) (not (or #19089 #18932 #18280 #18888 #18860 #18865 #18868 #18265 #18873 #18808 #18879 #18831 #18792 #18804 #18802 #18814 ...)) (not (or #19089 #18932 #18280 #18888 #18860 #18865 #18868 #18265 #18873 #18808 #18879 #18831 #18596)) (not (or #19089 #18932 #18280 #18888 #18860 #18865 #18868 #18265 #18873 #18808 #18879 #18831 #18605)) (not (or #18535 #18144)))
null (o)
  (<= (+ (if #4125 143 0) (* -1 #4566)) 0) (o)
    (= (if (or #18719 #18281 #18284 #18290 #18331 #18236 #18264 #18241 #18253 #18219 #18141 #18209 #18259) (if #17946 #15858 467) (if #18375 #16076 243)) 417) (c)
    (not (= (if #18260 #15859 #16077) 417)) (a)
  (not (<= (+ #4134 #4817) 0)) (c)

Worker 0 CUBE SIZE IN MAIN LOOP: 2
 Checking cube
(not (= (if #5113 #5166 #5149) 417))
(<= (+ (if #27 143 0) (* -1 #104)) 0)
with max_conflicts: 2250
Worker 3 DONE checking cube l_undef
Worker 3 found undef cube
Batch manager splitting on literal: (or (not (= i844 1)) (= i1041 0) (not (or #4126 #4151 #4182)) (if (or #4126 #4151) (not #19336) (not #19416)) (not (or #4126 #4156 #19417 #19341 #19415 #19345)) (if (or #19340 #19347) (not #19351) (not #19361)) (if (or #19340 #19347) (= #19349 0) (not #19366)) (not (or #4126 #4151 #19339 #19340 #19347 #19334)) (not (or #4126 #4151 #19339 #19334)))
null (o)
  (<= (+ (if #4125 143 0) (* -1 #4566)) 0) (o)
    (= (if (or #18719 #18281 #18284 #18290 #18331 #18236 #18264 #18241 #18253 #18219 #18141 #18209 #18259) (if #17946 #15858 467) (if #18375 #16076 243)) 417) (c)
    (not (= (if #18260 #15859 #16077) 417)) (o)
      (or (not (= i844 1)) (= i1041 0) (not (or #4126 #4151 #4182)) (if (or #4126 #4151) (not #19336) (not #19416)) (not (or #4126 #4156 #19417 #19341 #19415 #19345)) (if (or #19340 #19347) (not #19351) (not #19361)) (if (or #19340 #19347) (= #19349 0) (not #19366)) (not (or #4126 #4151 #19339 #19340 #19347 #19334)) (not (or #4126 #4151 #19339 #19334))) (a)
      (not (or (not #4125) (= i1041 0) (not #19416) (if #4152 #19337 #19339) (not #19414) (if #19348 #19412 #19410) (if #19348 #19351 #19327) (not #19282) (not #19338))) (o)
  (not (<= (+ #4134 #4817) 0)) (c)

Worker 3 CUBE SIZE IN MAIN LOOP: 3
 Checking cube
(or (not (= i844 1)) (= i1041 0) (not (or #28 #30 #37)) (if (or #28 #30) (not #1502) (not #1498)) (not (or #28 #32 #1501 #1506 #1508 #1510)) (if (or #1504 #1788) (not #1792) (not #1801)) (if (or #1504 #1788) (= #1791 0) (not #1817)) (not (or #28 #30 #1499 #1504 #1788 #1822)) (not (or #28 #30 #1499 #1822)))
(not (= (if #5113 #5166 #5149) 417))
(<= (+ (if #27 143 0) (* -1 #104)) 0)
with max_conflicts: 3375
Worker 2 DONE checking cube l_undef
Worker 2 found undef cube
Batch manager splitting on literal: (or (not (= i844 1)) (= i1041 0) (not (or #4126 #4151 #4182)) (if (or #4126 #4151) (not #19336) (not #19416)) (not (or #4126 #4156 #19417 #19341 #19415 #19345)) (if (or #19340 #19347) (not #19351) (not #19361)) (if (or #19340 #19347) (= #19349 0) (not #19366)) (not (or #4126 #4151 #19339 #19340 #19347 #19334)) (not (or #4126 #4151 #19339 #19334)))
null (o)
  (<= (+ (if #4125 143 0) (* -1 #4566)) 0) (o)
    (= (if (or #18719 #18281 #18284 #18290 #18331 #18236 #18264 #18241 #18253 #18219 #18141 #18209 #18259) (if #17946 #15858 467) (if #18375 #16076 243)) 417) (c)
    (not (= (if #18260 #15859 #16077) 417)) (o)
      (or (not (= i844 1)) (= i1041 0) (not (or #4126 #4151 #4182)) (if (or #4126 #4151) (not #19336) (not #19416)) (not (or #4126 #4156 #19417 #19341 #19415 #19345)) (if (or #19340 #19347) (not #19351) (not #19361)) (if (or #19340 #19347) (= #19349 0) (not #19366)) (not (or #4126 #4151 #19339 #19340 #19347 #19334)) (not (or #4126 #4151 #19339 #19334))) (a)
      (not (or (not #4125) (= i1041 0) (not #19416) (if #4152 #19337 #19339) (not #19414) (if #19348 #19412 #19410) (if #19348 #19351 #19327) (not #19282) (not #19338))) (a)
  (not (<= (+ #4134 #4817) 0)) (c)

Worker 2 CUBE SIZE IN MAIN LOOP: 3
 Checking cube
(not (or (not #27) (= i1041 0) (not #1498) (if #31 #1503 #1499) (not #1787) (if #1789 #1793 #1802) (if #1789 #1792 #1818) (not #1823) (not #1825)))
(not (= (if #5113 #5166 #5149) 417))
(<= (+ (if #27 143 0) (* -1 #104)) 0)
with max_conflicts: 3375
Worker 1 DONE checking cube l_false
Worker 1 determined formula unsat
Batch manager setting UNSAT.
Canceling workers
Worker 0 canceling
Worker 1 canceling
Worker 2 canceling
Worker 3 canceling
Worker 3 DONE checking cube l_undef
Batch manager setting exception msg: context cancelled.
Worker 2 DONE checking cube l_undef
Batch manager setting exception msg: context cancelled.
Worker 0 DONE checking cube l_undef
Batch manager setting exception msg: context cancelled.
unsat
(:added-eqs                   1166240
 :arith-eq-adapter            2989
 :arith-bound-propagations-lp 148198
 :arith-conflicts             543
 :arith-diseq                 108625
 :arith-fixed-eqs             146942
 :arith-lower                 92385
 :arith-make-feasible         45819
 :arith-max-columns           1666
 :arith-max-rows              686
 :arith-offset-eqs            48878
 :arith-upper                 150795
 :binary-propagations         3232597
 :conflicts                   19497
 :decisions                   459236
 :del-clause                  15834
 :max-memory                  113.55
 :memory                      19.33
 :minimized-lits              106152
 :mk-bool-var                 21764
 :mk-clause                   31279
 :mk-clause-binary            61376
 :num-allocs                  55010614
 :num-checks                  17
 :parallel-max-cube-size      3
 :parallel-num_cubes          10
 :propagations                4680001
 :restarts                    167
 :rlimit-count                13781860
 :time                        0.61
 :total-time                  2.16)
