Worker 0 created with 0 assumptions
Worker 1 created with 0 assumptions
Worker 2 created with 0 assumptions
Worker 3 created with 0 assumptions
null (a)

Worker 0 CUBE SIZE IN MAIN LOOP: 0
 Checking cube
with max_conflicts: 1000
null (a)

Worker 1 CUBE SIZE IN MAIN LOOP: 0
 Checking cube
with max_conflicts: 1000
null (a)

Worker 3 CUBE SIZE IN MAIN LOOP: 0
 Checking cube
with max_conflicts: 1000
null (a)

Worker 2 CUBE SIZE IN MAIN LOOP: 0
 Checking cube
with max_conflicts: 1000
Worker 3 DONE checking cube l_undef
Worker 3 found undef cube
Batch manager splitting on literal: (= (if (or #18355 #21081 #21091 #21053 #21063 #20962 #20930 #20911 #20823 #20790 #20592 #15868) (if #15712 #13712 467) (if #21079 #14053 224)) 417)
null (o)
  (= (if (or #18355 #21081 #21091 #21053 #21063 #20962 #20930 #20911 #20823 #20790 #20592 #15868) (if #15712 #13712 467) (if #21079 #14053 224)) 417) (a)
  (not (= (if #15870 #13713 #14054) 417)) (o)

Worker 3 CUBE SIZE IN MAIN LOOP: 1
 Checking cube
(= (if (or #4240 #4941 #4949 #4953 #4963 #4980 #5012 #5031 #5040 #5048 #5056 #5822) (if #5869 #5897 467) (if #4940 #5858 224)) 417)
with max_conflicts: 1500
Worker 1 DONE checking cube l_undef
Worker 1 found undef cube
Batch manager splitting on literal: (<= (+ (if #4125 143 0) (* -1 #4566)) 0)
Worker 2 DONE checking cube l_undef
Worker 2 found undef cube
Batch manager splitting on literal: (= i844 1)
null (o)
  (= (if (or #18355 #21081 #21091 #21053 #21063 #20962 #20930 #20911 #20823 #20790 #20592 #15868) (if #15712 #13712 467) (if #21079 #14053 224)) 417) (a)
  (not (= (if #15870 #13713 #14054) 417)) (a)

Worker 2 CUBE SIZE IN MAIN LOOP: 1
 Checking cube
(not (= (if #5823 #5880 #5859) 417))
with max_conflicts: 1500
null (o)
  (= (if (or #18355 #21081 #21091 #21053 #21063 #20962 #20930 #20911 #20823 #20790 #20592 #15868) (if #15712 #13712 467) (if #21079 #14053 224)) 417) (a)
  (not (= (if #15870 #13713 #14054) 417)) (a)

Worker 1 CUBE SIZE IN MAIN LOOP: 1
 Checking cube
(= (if (or #4240 #4941 #4949 #4953 #4963 #4980 #5012 #5031 #5040 #5048 #5056 #5822) (if #5869 #5897 467) (if #4940 #5858 224)) 417)
with max_conflicts: 1500
Worker 0 DONE checking cube l_undef
Worker 0 found undef cube
Batch manager splitting on literal: (<= (+ (if #4125 143 0) (* -1 #4566)) 0)
null (o)
  (= (if (or #18355 #21081 #21091 #21053 #21063 #20962 #20930 #20911 #20823 #20790 #20592 #15868) (if #15712 #13712 467) (if #21079 #14053 224)) 417) (a)
  (not (= (if #15870 #13713 #14054) 417)) (a)

Worker 0 CUBE SIZE IN MAIN LOOP: 1
 Checking cube
(= (if (or #4240 #4941 #4949 #4953 #4963 #4980 #5012 #5031 #5040 #5048 #5056 #5822) (if #5869 #5897 467) (if #4940 #5858 224)) 417)
with max_conflicts: 1500
Worker 3 DONE checking cube l_false
Worker 3 found unsat cube
Batch manager backtracking.
(= (if (or #4240 #4941 #4949 #4953 #4963 #4980 #5012 #5031 #5040 #5048 #5056 #5822) (if #5869 #5897 467) (if #4940 #5858 224)) 417)

null (o)
  (= (if (or #18355 #21081 #21091 #21053 #21063 #20962 #20930 #20911 #20823 #20790 #20592 #15868) (if #15712 #13712 467) (if #21079 #14053 224)) 417) (c)
  (not (= (if #15870 #13713 #14054) 417)) (a)
null (o)
  (= (if (or #18355 #21081 #21091 #21053 #21063 #20962 #20930 #20911 #20823 #20790 #20592 #15868) (if #15712 #13712 467) (if #21079 #14053 224)) 417) (c)
  (not (= (if #15870 #13713 #14054) 417)) (a)

Worker 3 CUBE SIZE IN MAIN LOOP: 1
 Checking cube
(not (= (if #5823 #5880 #5859) 417))
with max_conflicts: 1500
Worker 0 DONE checking cube l_false
Worker 0 found unsat cube
Batch manager backtracking.
(= (if (or #4240 #4941 #4949 #4953 #4963 #4980 #5012 #5031 #5040 #5048 #5056 #5822) (if #5869 #5897 467) (if #4940 #5858 224)) 417)

null (o)
  (= (if (or #18355 #21081 #21091 #21053 #21063 #20962 #20930 #20911 #20823 #20790 #20592 #15868) (if #15712 #13712 467) (if #21079 #14053 224)) 417) (c)
  (not (= (if #15870 #13713 #14054) 417)) (a)
null (o)
  (= (if (or #18355 #21081 #21091 #21053 #21063 #20962 #20930 #20911 #20823 #20790 #20592 #15868) (if #15712 #13712 467) (if #21079 #14053 224)) 417) (c)
  (not (= (if #15870 #13713 #14054) 417)) (a)

Worker 0 CUBE SIZE IN MAIN LOOP: 1
 Checking cube
(not (= (if #5823 #5880 #5859) 417))
with max_conflicts: 1500
Worker 1 DONE checking cube l_false
Worker 1 found unsat cube
Batch manager backtracking.
(= (if (or #4240 #4941 #4949 #4953 #4963 #4980 #5012 #5031 #5040 #5048 #5056 #5822) (if #5869 #5897 467) (if #4940 #5858 224)) 417)

null (o)
  (= (if (or #18355 #21081 #21091 #21053 #21063 #20962 #20930 #20911 #20823 #20790 #20592 #15868) (if #15712 #13712 467) (if #21079 #14053 224)) 417) (c)
  (not (= (if #15870 #13713 #14054) 417)) (a)
null (o)
  (= (if (or #18355 #21081 #21091 #21053 #21063 #20962 #20930 #20911 #20823 #20790 #20592 #15868) (if #15712 #13712 467) (if #21079 #14053 224)) 417) (c)
  (not (= (if #15870 #13713 #14054) 417)) (a)

Worker 1 CUBE SIZE IN MAIN LOOP: 1
 Checking cube
(not (= (if #5823 #5880 #5859) 417))
with max_conflicts: 1500
Worker 2 DONE checking cube l_undef
Worker 2 found undef cube
Batch manager splitting on literal: (= i844 1)
null (o)
  (= (if (or #18355 #21081 #21091 #21053 #21063 #20962 #20930 #20911 #20823 #20790 #20592 #15868) (if #15712 #13712 467) (if #21079 #14053 224)) 417) (c)
  (not (= (if #15870 #13713 #14054) 417)) (o)
    (= i844 1) (o)
    (not (= i844 1)) (a)

Worker 2 CUBE SIZE IN MAIN LOOP: 2
 Checking cube
(not (= i844 1))
(not (= (if #5823 #5880 #5859) 417))
with max_conflicts: 2250
Worker 2 DONE checking cube l_false
Worker 2 found unsat cube
Batch manager backtracking.
(not (= i844 1))

null (o)
  (= (if (or #18355 #21081 #21091 #21053 #21063 #20962 #20930 #20911 #20823 #20790 #20592 #15868) (if #15712 #13712 467) (if #21079 #14053 224)) 417) (c)
  (not (= (if #15870 #13713 #14054) 417)) (o)
    (= i844 1) (o)
    (not (= i844 1)) (c)
null (o)
  (= (if (or #18355 #21081 #21091 #21053 #21063 #20962 #20930 #20911 #20823 #20790 #20592 #15868) (if #15712 #13712 467) (if #21079 #14053 224)) 417) (c)
  (not (= (if #15870 #13713 #14054) 417)) (o)
    (= i844 1) (a)
    (not (= i844 1)) (c)

Worker 2 CUBE SIZE IN MAIN LOOP: 2
 Checking cube
(= i844 1)
(not (= (if #5823 #5880 #5859) 417))
with max_conflicts: 2250
Worker 3 DONE checking cube l_undef
Worker 3 found undef cube
Batch manager splitting on literal: (or (not (or #19362 #19286 #19227 #19263 #19187 #19259 #19192 #19219 #19211 #19123 #19136 #19139 #19060 #19065 #19069 #19106 ...)) (not (or #19093 #19123 #12678 #19000 #19054 #19052 #19101 #19014 #19018 #19022 #19055 #19034 #19050 #18947 #18948 #19048 ...)) (not (or #19089 #18278)) (not (or #19089 #18883)) (not (or #19123 #19089 #12678 #18886)) (not (or #19123 #19089 #12678 #19000 #18864)) (not (or #19093 #19123 #19089 #12678 #19000 #19054 #19052 #19101 #19014 #19018 #19022 #19055 #19034 #19050 #18947 #18948 ...)) (not (or #19093 #19123 #19089 #12678 #19000 #19054 #19052 #19101 #19014 #19018 #19022 #19055 #19034 #19050 #18947 #18948 ...)) (not (or #19093 #19123 #19089 #12678 #19000 #19054 #19052 #19101 #19014 #19018 #19022 #19055 #19034 #19050 #18947 #18948 ...)) (not (or #19123 #19089 #12678 #19000 #19054 #18823)) (not (or #19123 #19089 #12678 #19000 #19054 #18784)) (not (or #19123 #19089 #12678 #19000 #19054 #19052 #19101 #18877)) (not (or #19123 #19089 #12678 #19000 #19054 #19052 #19101 #19014 #18791)) (not (or #19093 #19123 #19089 #12678 #19000 #19054 #19052 #19101 #19014 #19018 #19022 #19055 #19034 #19050 #18828)) (not (or #19123 #19089 #12678 #19000 #19054 #19052 #19101 #19014 #19018 #18826)) (not (or #19123 #19089 #12678 #19000 #19054 #19052 #19101 #19014 #19018 #18819)) ...)
null (o)
  (= (if (or #18355 #21081 #21091 #21053 #21063 #20962 #20930 #20911 #20823 #20790 #20592 #15868) (if #15712 #13712 467) (if #21079 #14053 224)) 417) (c)
  (not (= (if #15870 #13713 #14054) 417)) (o)
    (= i844 1) (a)
    (not (= i844 1)) (c)

Worker 3 CUBE SIZE IN MAIN LOOP: 2
 Checking cube
(= i844 1)
(not (= (if #5823 #5880 #5859) 417))
with max_conflicts: 2250
Worker 0 DONE checking cube l_undef
Worker 0 found undef cube
Batch manager splitting on literal: (= i844 1)
null (o)
  (= (if (or #18355 #21081 #21091 #21053 #21063 #20962 #20930 #20911 #20823 #20790 #20592 #15868) (if #15712 #13712 467) (if #21079 #14053 224)) 417) (c)
  (not (= (if #15870 #13713 #14054) 417)) (o)
    (= i844 1) (a)
    (not (= i844 1)) (c)

Worker 0 CUBE SIZE IN MAIN LOOP: 2
 Checking cube
(= i844 1)
(not (= (if #5823 #5880 #5859) 417))
with max_conflicts: 2250
Worker 1 DONE checking cube l_undef
Worker 1 found undef cube
Batch manager splitting on literal: (= i844 1)
null (o)
  (= (if (or #18355 #21081 #21091 #21053 #21063 #20962 #20930 #20911 #20823 #20790 #20592 #15868) (if #15712 #13712 467) (if #21079 #14053 224)) 417) (c)
  (not (= (if #15870 #13713 #14054) 417)) (o)
    (= i844 1) (a)
    (not (= i844 1)) (c)

Worker 1 CUBE SIZE IN MAIN LOOP: 2
 Checking cube
(= i844 1)
(not (= (if #5823 #5880 #5859) 417))
with max_conflicts: 2250
Worker 2 DONE checking cube l_undef
Worker 2 found undef cube
Batch manager splitting on literal: (or (not (or #18355 #21081 #21091 #21053 #21063 #20962 #20930 #20911 #20823 #20790 #20592 #15906 #20240 #20117 #19890 #19277 ...)) (not (or #21081 #13723 #13767 #13441 #13249)) (not (or #21081 #13723 #13767 #13579 #13441 #13296 #13161)) (not (or #21081 #13723 #13767 #13579 #13441 #13296 #12917)) (not (or #21081 #13723 #13767 #13579 #13591 #13441 #13296 #13308 #12858)) (not (or #21081 #13723 #13767 #13579 #13591 #13642 #13441 #13296 #13308 #12822)) (not (or #21081 #13723 #13767 #13579 #13591 #13642 #13653 #13441 #13296 #13308 #12634)) (not (or #21081 #13723 #13767 #13579 #13591 #13642 #13653 #13441 #13296 #13308 #12576)) (not (or #21081 #13723 #13767 #13579 #13591 #13642 #13653 #13502 #13513 #13563 #13376 #13381 #13431 #13441 #13296 #13308 ...)) (not (or #21081 #13723 #13767 #13579 #13591 #13642 #13653 #13502 #13441 #13296 #13308 #12624)) (not (or #13723 #12377)) (not (or #21081 #13723 #13767 #12271)) (not (or #21081 #13767 #13579 #13591 #13642 #13653 #13502 #13513 #13563 #13376 #13381 #13431 #13441 #13296 #13308 #12277 ...)) (not (or #21081 #13723 #13767 #13579 #13591 #13642 #13653 #13502 #13513 #13563 #13376 #13381 #13431 #13441 #13296 #13308 ...)) (not (or #21081 #13723 #13767 #13441 #12289)) (not (or #13723 #12186)) ...)
null (o)
  (= (if (or #18355 #21081 #21091 #21053 #21063 #20962 #20930 #20911 #20823 #20790 #20592 #15868) (if #15712 #13712 467) (if #21079 #14053 224)) 417) (c)
  (not (= (if #15870 #13713 #14054) 417)) (o)
    (= i844 1) (o)
      (or (not (or #18355 #21081 #21091 #21053 #21063 #20962 #20930 #20911 #20823 #20790 #20592 #15906 #20240 #20117 #19890 #19277 ...)) (not (or #21081 #13723 #13767 #13441 #13249)) (not (or #21081 #13723 #13767 #13579 #13441 #13296 #13161)) (not (or #21081 #13723 #13767 #13579 #13441 #13296 #12917)) (not (or #21081 #13723 #13767 #13579 #13591 #13441 #13296 #13308 #12858)) (not (or #21081 #13723 #13767 #13579 #13591 #13642 #13441 #13296 #13308 #12822)) (not (or #21081 #13723 #13767 #13579 #13591 #13642 #13653 #13441 #13296 #13308 #12634)) (not (or #21081 #13723 #13767 #13579 #13591 #13642 #13653 #13441 #13296 #13308 #12576)) (not (or #21081 #13723 #13767 #13579 #13591 #13642 #13653 #13502 #13513 #13563 #13376 #13381 #13431 #13441 #13296 #13308 ...)) (not (or #21081 #13723 #13767 #13579 #13591 #13642 #13653 #13502 #13441 #13296 #13308 #12624)) (not (or #13723 #12377)) (not (or #21081 #13723 #13767 #12271)) (not (or #21081 #13767 #13579 #13591 #13642 #13653 #13502 #13513 #13563 #13376 #13381 #13431 #13441 #13296 #13308 #12277 ...)) (not (or #21081 #13723 #13767 #13579 #13591 #13642 #13653 #13502 #13513 #13563 #13376 #13381 #13431 #13441 #13296 #13308 ...)) (not (or #21081 #13723 #13767 #13441 #12289)) (not (or #13723 #12186)) ...) (a)
      (not (or (not #13721) (not #13250) (not #13092) (not #12919) (not #12859) (not #12823) (not #12635) (not #12616) (not #12617) (not #12625) (not #12379) (not #12273) (not #12278) (not #13312) (not #12175) (not #12187) ...)) (o)
    (not (= i844 1)) (c)

Worker 2 CUBE SIZE IN MAIN LOOP: 3
 Checking cube
(or (not (or #4240 #4941 #4949 #4953 #4963 #4980 #5012 #5031 #5040 #5048 #5056 #5063 #5072 #5081 #5093 #5097 ...)) (not (or #4941 #5641 #5646 #6081 #6507)) (not (or #4941 #5641 #5646 #5660 #6081 #6122 #6554)) (not (or #4941 #5641 #5646 #5660 #6081 #6122 #6574)) (not (or #4941 #5641 #5646 #5660 #5693 #6081 #6122 #6520 #6582)) (not (or #4941 #5641 #5646 #5660 #5693 #5733 #6081 #6122 #6520 #6590)) (not (or #4941 #5641 #5646 #5660 #5693 #5733 #5758 #6081 #6122 #6520 #6599)) (not (or #4941 #5641 #5646 #5660 #5693 #5733 #5758 #6081 #6122 #6520 #6608)) (not (or #4941 #5641 #5646 #5660 #5693 #5733 #5758 #5767 #5776 #5791 #5799 #5803 #5811 #6081 #6122 #6520 ...)) (not (or #4941 #5641 #5646 #5660 #5693 #5733 #5758 #5767 #6081 #6122 #6520 #6620)) (not (or #5641 #8943)) (not (or #4941 #5641 #5646 #9265)) (not (or #4941 #5646 #5660 #5693 #5733 #5758 #5767 #5776 #5791 #5799 #5803 #5811 #6081 #6122 #6520 #9231 ...)) (not (or #4941 #5641 #5646 #5660 #5693 #5733 #5758 #5767 #5776 #5791 #5799 #5803 #5811 #6081 #6122 #6520 ...)) (not (or #4941 #5641 #5646 #6081 #9181)) (not (or #5641 #8962)) ...)
(= i844 1)
(not (= (if #5823 #5880 #5859) 417))
with max_conflicts: 3375
Worker 0 DONE checking cube l_false
Worker 0 determined formula unsat
Batch manager setting UNSAT.
Canceling workers
Worker 0 canceling
Worker 1 canceling
Worker 2 canceling
Worker 3 canceling
Worker 3 DONE checking cube l_undef
Batch manager setting exception msg: context cancelled.
Worker 2 DONE checking cube l_undef
Batch manager setting exception msg: context cancelled.
Worker 1 DONE checking cube l_undef
Batch manager setting exception msg: context cancelled.
unsat
(:added-eqs                   1245010
 :arith-eq-adapter            3083
 :arith-bound-propagations-lp 145790
 :arith-conflicts             582
 :arith-diseq                 101405
 :arith-fixed-eqs             150983
 :arith-lower                 90852
 :arith-make-feasible         46462
 :arith-max-columns           1668
 :arith-max-rows              688
 :arith-offset-eqs            45410
 :arith-upper                 158895
 :binary-propagations         3508191
 :conflicts                   21150
 :decisions                   494166
 :del-clause                  16895
 :max-memory                  113.66
 :memory                      19.22
 :minimized-lits              132391
 :mk-bool-var                 22007
 :mk-clause                   33444
 :mk-clause-binary            61323
 :num-allocs                  54238090
 :num-checks                  18
 :parallel-max-cube-size      3
 :parallel-num_cubes          9
 :propagations                5022623
 :restarts                    181
 :rlimit-count                14659217
 :time                        0.62
 :total-time                  2.21)
