Worker 0 created with 0 assumptions
Worker 1 created with 0 assumptions
Worker 2 created with 0 assumptions
Worker 3 created with 0 assumptions
null (a)

Worker 2 CUBE SIZE IN MAIN LOOP: 0
 Checking cube
with max_conflicts: 1000
null (a)

Worker 0 CUBE SIZE IN MAIN LOOP: 0
 Checking cube
with max_conflicts: 1000
null (a)

Worker 1 CUBE SIZE IN MAIN LOOP: 0
 Checking cube
with max_conflicts: 1000
null (a)

Worker 3 CUBE SIZE IN MAIN LOOP: 0
 Checking cube
with max_conflicts: 1000
Worker 0 DONE checking cube l_undef
Worker 0 found undef cube
Batch manager splitting on literal: (= i844 1)
null (o)
  (= i844 1) (a)
  (not (= i844 1)) (o)

Worker 0 CUBE SIZE IN MAIN LOOP: 1
 Checking cube
(= i844 1)
with max_conflicts: 1500
Worker 2 DONE checking cube l_undef
Worker 2 found undef cube
Batch manager splitting on literal: (<= (+ (if #4125 143 0) (* -1 #4566)) 0)
null (o)
  (= i844 1) (a)
  (not (= i844 1)) (a)

Worker 2 CUBE SIZE IN MAIN LOOP: 1
 Checking cube
(not (= i844 1))
with max_conflicts: 1500
Worker 1 DONE checking cube l_undef
Worker 1 found undef cube
Worker 3 DONE checking cube l_undef
Worker 3 found undef cube
Batch manager splitting on literal: (= i844 1)
Batch manager splitting on literal: (= i844 1)
null (o)
  (= i844 1) (a)
  (not (= i844 1)) (a)

Worker 3 CUBE SIZE IN MAIN LOOP: 1
 Checking cube
(= i844 1)
with max_conflicts: 1500
null (o)
  (= i844 1) (a)
  (not (= i844 1)) (a)

Worker 1 CUBE SIZE IN MAIN LOOP: 1
 Checking cube
(= i844 1)
with max_conflicts: 1500
Worker 2 DONE checking cube l_false
Worker 2 found unsat cube
Batch manager backtracking.
(not (= i844 1))

null (o)
  (= i844 1) (a)
  (not (= i844 1)) (c)
null (o)
  (= i844 1) (a)
  (not (= i844 1)) (c)

Worker 2 CUBE SIZE IN MAIN LOOP: 1
 Checking cube
(= i844 1)
with max_conflicts: 1500
Worker 1 DONE checking cube l_undef
Worker 1 found undef cube
Batch manager splitting on literal: (= (if (or #18281 #21081 #21091 #21053 #21063 #20962 #20930 #20911 #20823 #20790 #20592 #14346) (if #14209 #13303 467) (if #21079 #13638 224)) 417)
null (o)
  (= i844 1) (o)
    (= (if (or #18281 #21081 #21091 #21053 #21063 #20962 #20930 #20911 #20823 #20790 #20592 #14346) (if #14209 #13303 467) (if #21079 #13638 224)) 417) (o)
    (not (= (if #14347 #13304 #13639) 417)) (a)
  (not (= i844 1)) (c)

Worker 1 CUBE SIZE IN MAIN LOOP: 2
 Checking cube
(not (= (if #5823 #5880 #5859) 417))
(= i844 1)
with max_conflicts: 2250
Worker 0 DONE checking cube l_undef
Worker 0 found undef cube
Batch manager splitting on literal: (or (not (or #19362 #19286 #19227 #19263 #19187 #19259 #19192 #19219 #19211 #19123 #19136 #19139 #19060 #19065 #19069 #19106 ...)) (not (or #19093 #19123 #12678 #19000 #19054 #19052 #19101 #19014 #19018 #19022 #19055 #19034 #19050 #18947 #18948 #19048 ...)) (not (or #19089 #18278)) (not (or #19089 #18883)) (not (or #19123 #19089 #12678 #18886)) (not (or #19123 #19089 #12678 #19000 #18864)) (not (or #19093 #19123 #19089 #12678 #19000 #19054 #19052 #19101 #19014 #19018 #19022 #19055 #19034 #19050 #18947 #18948 ...)) (not (or #19093 #19123 #19089 #12678 #19000 #19054 #19052 #19101 #19014 #19018 #19022 #19055 #19034 #19050 #18947 #18948 ...)) (not (or #19093 #19123 #19089 #12678 #19000 #19054 #19052 #19101 #19014 #19018 #19022 #19055 #19034 #19050 #18947 #18948 ...)) (not (or #19123 #19089 #12678 #19000 #19054 #18823)) (not (or #19123 #19089 #12678 #19000 #19054 #18784)) (not (or #19123 #19089 #12678 #19000 #19054 #19052 #19101 #18877)) (not (or #19123 #19089 #12678 #19000 #19054 #19052 #19101 #19014 #18791)) (not (or #19093 #19123 #19089 #12678 #19000 #19054 #19052 #19101 #19014 #19018 #19022 #19055 #19034 #19050 #18828)) (not (or #19123 #19089 #12678 #19000 #19054 #19052 #19101 #19014 #19018 #18826)) (not (or #19123 #19089 #12678 #19000 #19054 #19052 #19101 #19014 #19018 #18819)) ...)
null (o)
  (= i844 1) (o)
    (= (if (or #18281 #21081 #21091 #21053 #21063 #20962 #20930 #20911 #20823 #20790 #20592 #14346) (if #14209 #13303 467) (if #21079 #13638 224)) 417) (a)
    (not (= (if #14347 #13304 #13639) 417)) (a)
  (not (= i844 1)) (c)

Worker 3 DONE checking cube l_undef
Worker 3 found undef cube
Worker 0 CUBE SIZE IN MAIN LOOP: 2
 Checking cube
(= (if (or #4240 #4941 #4949 #4953 #4963 #4980 #5012 #5031 #5040 #5048 #5056 #5822) (if #5869 #5897 467) (if #4940 #5858 224)) 417)
(= i844 1)
with max_conflicts: 2250
Batch manager splitting on literal: (or (not (= i844 1)) (= i1041 0) (not (or #4126 #4151 #4182)) (if (or #4126 #4151) (not #19336) (not #19416)) (not (or #4126 #4156 #19417 #19341 #19415 #19345)) (if (or #19340 #19347) (not #19351) (not #19361)) (if (or #19340 #19347) (= #19349 0) (not #19366)) (not (or #4126 #4151 #19339 #19340 #19347 #19334)) (not (or #4126 #4151 #19339 #19334)))
null (o)
  (= i844 1) (o)
    (= (if (or #18281 #21081 #21091 #21053 #21063 #20962 #20930 #20911 #20823 #20790 #20592 #14346) (if #14209 #13303 467) (if #21079 #13638 224)) 417) (a)
    (not (= (if #14347 #13304 #13639) 417)) (a)
  (not (= i844 1)) (c)

Worker 3 CUBE SIZE IN MAIN LOOP: 2
 Checking cube
(= (if (or #4240 #4941 #4949 #4953 #4963 #4980 #5012 #5031 #5040 #5048 #5056 #5822) (if #5869 #5897 467) (if #4940 #5858 224)) 417)
(= i844 1)
with max_conflicts: 2250
Worker 2 DONE checking cube l_undef
Worker 2 found undef cube
Batch manager splitting on literal: (= (if (or #21081 #15866 #15906 #15916 #15720 #15561 #15572 #15582 #15389 #15398 #14406 #12234) (if #12143 #11752 467) (if #15864 #11817 224)) 417)
null (o)
  (= i844 1) (o)
    (= (if (or #18281 #21081 #21091 #21053 #21063 #20962 #20930 #20911 #20823 #20790 #20592 #14346) (if #14209 #13303 467) (if #21079 #13638 224)) 417) (a)
    (not (= (if #14347 #13304 #13639) 417)) (a)
  (not (= i844 1)) (c)

Worker 2 CUBE SIZE IN MAIN LOOP: 2
 Checking cube
(= (if (or #4240 #4941 #4949 #4953 #4963 #4980 #5012 #5031 #5040 #5048 #5056 #5822) (if #5869 #5897 467) (if #4940 #5858 224)) 417)
(= i844 1)
with max_conflicts: 2250
Worker 0 DONE checking cube l_false
Worker 0 found unsat cube
Batch manager backtracking.
(= (if (or #4240 #4941 #4949 #4953 #4963 #4980 #5012 #5031 #5040 #5048 #5056 #5822) (if #5869 #5897 467) (if #4940 #5858 224)) 417)

null (o)
  (= i844 1) (o)
    (= (if (or #18281 #21081 #21091 #21053 #21063 #20962 #20930 #20911 #20823 #20790 #20592 #14346) (if #14209 #13303 467) (if #21079 #13638 224)) 417) (c)
    (not (= (if #14347 #13304 #13639) 417)) (a)
  (not (= i844 1)) (c)
null (o)
  (= i844 1) (o)
    (= (if (or #18281 #21081 #21091 #21053 #21063 #20962 #20930 #20911 #20823 #20790 #20592 #14346) (if #14209 #13303 467) (if #21079 #13638 224)) 417) (c)
    (not (= (if #14347 #13304 #13639) 417)) (a)
  (not (= i844 1)) (c)

Worker 0 CUBE SIZE IN MAIN LOOP: 2
 Checking cube
(not (= (if #5823 #5880 #5859) 417))
(= i844 1)
with max_conflicts: 2250
Worker 3 DONE checking cube l_false
Worker 3 found unsat cube
Batch manager backtracking.
(= (if (or #4240 #4941 #4949 #4953 #4963 #4980 #5012 #5031 #5040 #5048 #5056 #5822) (if #5869 #5897 467) (if #4940 #5858 224)) 417)

null (o)
  (= i844 1) (o)
    (= (if (or #18281 #21081 #21091 #21053 #21063 #20962 #20930 #20911 #20823 #20790 #20592 #14346) (if #14209 #13303 467) (if #21079 #13638 224)) 417) (c)
    (not (= (if #14347 #13304 #13639) 417)) (a)
  (not (= i844 1)) (c)
null (o)
  (= i844 1) (o)
    (= (if (or #18281 #21081 #21091 #21053 #21063 #20962 #20930 #20911 #20823 #20790 #20592 #14346) (if #14209 #13303 467) (if #21079 #13638 224)) 417) (c)
    (not (= (if #14347 #13304 #13639) 417)) (a)
  (not (= i844 1)) (c)

Worker 3 CUBE SIZE IN MAIN LOOP: 2
 Checking cube
(not (= (if #5823 #5880 #5859) 417))
(= i844 1)
with max_conflicts: 2250
Worker 2 DONE checking cube l_false
Worker 2 found unsat cube
Batch manager backtracking.
(= i844 1)
(= (if (or #4240 #4941 #4949 #4953 #4963 #4980 #5012 #5031 #5040 #5048 #5056 #5822) (if #5869 #5897 467) (if #4940 #5858 224)) 417)

null (o)
  (= i844 1) (o)
    (= (if (or #18281 #21081 #21091 #21053 #21063 #20962 #20930 #20911 #20823 #20790 #20592 #14346) (if #14209 #13303 467) (if #21079 #13638 224)) 417) (c)
    (not (= (if #14347 #13304 #13639) 417)) (a)
  (not (= i844 1)) (c)
null (o)
  (= i844 1) (o)
    (= (if (or #18281 #21081 #21091 #21053 #21063 #20962 #20930 #20911 #20823 #20790 #20592 #14346) (if #14209 #13303 467) (if #21079 #13638 224)) 417) (c)
    (not (= (if #14347 #13304 #13639) 417)) (a)
  (not (= i844 1)) (c)

Worker 2 CUBE SIZE IN MAIN LOOP: 2
 Checking cube
(not (= (if #5823 #5880 #5859) 417))
(= i844 1)
with max_conflicts: 2250
Worker 1 DONE checking cube l_undef
Worker 1 found undef cube
Batch manager splitting on literal: (or (not (= i844 1)) (= i1041 0) (not (or #4126 #4151 #4182)) (if (or #4126 #4151) (not #19336) (not #19416)) (not (or #4126 #4156 #19417 #19341 #19415 #19345)) (if (or #19340 #19347) (not #19351) (not #19361)) (if (or #19340 #19347) (= #19349 0) (not #19366)) (not (or #4126 #4151 #19339 #19340 #19347 #19334)) (not (or #4126 #4151 #19339 #19334)))
null (o)
  (= i844 1) (o)
    (= (if (or #18281 #21081 #21091 #21053 #21063 #20962 #20930 #20911 #20823 #20790 #20592 #14346) (if #14209 #13303 467) (if #21079 #13638 224)) 417) (c)
    (not (= (if #14347 #13304 #13639) 417)) (o)
      (or (not (= i844 1)) (= i1041 0) (not (or #4126 #4151 #4182)) (if (or #4126 #4151) (not #19336) (not #19416)) (not (or #4126 #4156 #19417 #19341 #19415 #19345)) (if (or #19340 #19347) (not #19351) (not #19361)) (if (or #19340 #19347) (= #19349 0) (not #19366)) (not (or #4126 #4151 #19339 #19340 #19347 #19334)) (not (or #4126 #4151 #19339 #19334))) (a)
      (not (or (not #4125) (= i1041 0) (not #19416) (if #4152 #19337 #19339) (not #19414) (if #19348 #19412 #19410) (if #19348 #19351 #19327) (not #19282) (not #19338))) (o)
  (not (= i844 1)) (c)

Worker 1 CUBE SIZE IN MAIN LOOP: 3
 Checking cube
(or (not (= i844 1)) (= i1041 0) (not (or #28 #30 #37)) (if (or #28 #30) (not #1502) (not #1498)) (not (or #28 #32 #1501 #1506 #1508 #1510)) (if (or #1504 #1788) (not #1792) (not #1801)) (if (or #1504 #1788) (= #1791 0) (not #1817)) (not (or #28 #30 #1499 #1504 #1788 #1822)) (not (or #28 #30 #1499 #1822)))
(not (= (if #5823 #5880 #5859) 417))
(= i844 1)
with max_conflicts: 3375
Worker 0 DONE checking cube l_false
Worker 0 found unsat cube
Batch manager backtracking.
(not (= (if #5823 #5880 #5859) 417))

null (c)
  (= i844 1) (c)
    (= (if (or #18281 #21081 #21091 #21053 #21063 #20962 #20930 #20911 #20823 #20790 #20592 #14346) (if #14209 #13303 467) (if #21079 #13638 224)) 417) (c)
    (not (= (if #14347 #13304 #13639) 417)) (c)
      (or (not (= i844 1)) (= i1041 0) (not (or #4126 #4151 #4182)) (if (or #4126 #4151) (not #19336) (not #19416)) (not (or #4126 #4156 #19417 #19341 #19415 #19345)) (if (or #19340 #19347) (not #19351) (not #19361)) (if (or #19340 #19347) (= #19349 0) (not #19366)) (not (or #4126 #4151 #19339 #19340 #19347 #19334)) (not (or #4126 #4151 #19339 #19334))) (c)
      (not (or (not #4125) (= i1041 0) (not #19416) (if #4152 #19337 #19339) (not #19414) (if #19348 #19412 #19410) (if #19348 #19351 #19327) (not #19282) (not #19338))) (c)
  (not (= i844 1)) (c)
Canceling workers
Worker 0 canceling
Worker 1 canceling
Worker 2 canceling
Worker 3 canceling
all done
Worker 1 DONE checking cube l_undef
Batch manager setting exception msg: context cancelled.
Worker 2 DONE checking cube l_undef
Batch manager setting exception msg: context cancelled.
Worker 0 no more cubes
Worker 3 DONE checking cube l_undef
Batch manager setting exception msg: context cancelled.
unsat
(:added-eqs                   1222842
 :arith-eq-adapter            3037
 :arith-bound-propagations-lp 143087
 :arith-conflicts             578
 :arith-diseq                 101398
 :arith-fixed-eqs             148288
 :arith-lower                 100842
 :arith-make-feasible         47047
 :arith-max-columns           1657
 :arith-max-rows              677
 :arith-offset-eqs            44269
 :arith-upper                 166550
 :binary-propagations         3409289
 :conflicts                   20858
 :decisions                   461975
 :del-clause                  15568
 :max-memory                  113.80
 :memory                      19.38
 :minimized-lits              117397
 :mk-bool-var                 21885
 :mk-clause                   32846
 :mk-clause-binary            61242
 :num-allocs                  56568910
 :num-checks                  18
 :parallel-max-cube-size      3
 :parallel-num_cubes          9
 :propagations                4874951
 :restarts                    180
 :rlimit-count                14231145
 :time                        0.61
 :total-time                  2.17)
