Worker 0 created with 0 assumptions
Worker 1 created with 0 assumptions
Worker 2 created with 0 assumptions
Worker 3 created with 0 assumptions
null (a)

Worker 0 CUBE SIZE IN MAIN LOOP: 0
 Checking cube
with max_conflicts: 1000
null (a)

Worker 1 CUBE SIZE IN MAIN LOOP: 0
 Checking cube
with max_conflicts: 1000
null (a)

Worker 3 CUBE SIZE IN MAIN LOOP: 0
 Checking cube
with max_conflicts: 1000
null (a)

Worker 2 CUBE SIZE IN MAIN LOOP: 0
 Checking cube
with max_conflicts: 1000
Worker 0 DONE checking cube l_undef
Worker 0 found undef cube
Batch manager splitting on literal: (= i844 1)
null (o)
  (= i844 1) (a)
  (not (= i844 1)) (o)

Worker 0 CUBE SIZE IN MAIN LOOP: 1
 Checking cube
(= i844 1)
with max_conflicts: 1500
Worker 1 DONE checking cube l_undef
Worker 1 found undef cube
Batch manager splitting on literal: (<= (+ (if #4125 143 0) (* -1 #4566)) 0)
null (o)
  (= i844 1) (a)
  (not (= i844 1)) (a)

Worker 1 CUBE SIZE IN MAIN LOOP: 1
 Checking cube
(not (= i844 1))
with max_conflicts: 1500
Worker 3 DONE checking cube l_undef
Worker 3 found undef cube
Batch manager splitting on literal: (= i844 1)
null (o)
  (= i844 1) (a)
  (not (= i844 1)) (a)

Worker 3 CUBE SIZE IN MAIN LOOP: 1
 Checking cube
(= i844 1)
with max_conflicts: 1500
Worker 2 DONE checking cube l_undef
Worker 2 found undef cube
Batch manager splitting on literal: (<= (+ (if #4125 143 0) (* -1 #4566)) 0)
null (o)
  (= i844 1) (a)
  (not (= i844 1)) (a)

Worker 2 CUBE SIZE IN MAIN LOOP: 1
 Checking cube
(= i844 1)
with max_conflicts: 1500
Worker 1 DONE checking cube l_false
Worker 1 found unsat cube
Batch manager backtracking.
(not (= i844 1))

null (o)
  (= i844 1) (a)
  (not (= i844 1)) (c)
null (o)
  (= i844 1) (a)
  (not (= i844 1)) (c)

Worker 1 CUBE SIZE IN MAIN LOOP: 1
 Checking cube
(= i844 1)
with max_conflicts: 1500
Worker 0 DONE checking cube l_undef
Worker 0 found undef cube
Batch manager splitting on literal: (or (not (or #19362 #19286 #19227 #19263 #19187 #19259 #19192 #19219 #19211)) (not (or #19362 #19286 #19227 #19263 #19187 #19259 #19192 #19219 #19211 #19123 #19136 #19139 #19060 #19065 #19069 #19106 ...)) (not (or #4126 #4151 #19339 #19340 #19347 #19362 #19281 #19334 #19286 #19323 #19319 #19305 #19227 #19315 #19313 #19270 ...)) (not (or #4126 #4151 #19339 #19340 #19347 #19362 #19281 #19334 #19286 #19323 #19319 #19305 #19227 #19315 #19313 #19270 ...)) (not (or #4126 #4151 #19339 #19340 #19347 #19362 #19281 #19334 #19286 #19323 #19319 #19305 #19227 #19315 #19313 #19270 ...)) (not (or #19192 #19123 #19004)) (not (or #19192 #19123 #19136 #19008)) (not (or #19192 #19123 #19136 #19013)) (not (or #19018 #18875)))
null (o)
  (= i844 1) (o)
    (or (not (or #19362 #19286 #19227 #19263 #19187 #19259 #19192 #19219 #19211)) (not (or #19362 #19286 #19227 #19263 #19187 #19259 #19192 #19219 #19211 #19123 #19136 #19139 #19060 #19065 #19069 #19106 ...)) (not (or #4126 #4151 #19339 #19340 #19347 #19362 #19281 #19334 #19286 #19323 #19319 #19305 #19227 #19315 #19313 #19270 ...)) (not (or #4126 #4151 #19339 #19340 #19347 #19362 #19281 #19334 #19286 #19323 #19319 #19305 #19227 #19315 #19313 #19270 ...)) (not (or #4126 #4151 #19339 #19340 #19347 #19362 #19281 #19334 #19286 #19323 #19319 #19305 #19227 #19315 #19313 #19270 ...)) (not (or #19192 #19123 #19004)) (not (or #19192 #19123 #19136 #19008)) (not (or #19192 #19123 #19136 #19013)) (not (or #19018 #18875))) (o)
    (not (or (not #19122) (not #19110) (not #19094) (not #19028) (not #19105) (not #19005) (not #19009) (not #19099) (not #18830))) (a)
  (not (= i844 1)) (c)

Worker 0 CUBE SIZE IN MAIN LOOP: 2
 Checking cube
(not (or (not #2343) (not #2477) (not #2479) (not #2486) (not #2489) (not #2495) (not #2501) (not #2510) (not #3073)))
(= i844 1)
with max_conflicts: 2250
Worker 0 DONE checking cube l_false
Worker 0 found unsat cube
Batch manager backtracking.
(not (or (not #2343) (not #2477) (not #2479) (not #2486) (not #2489) (not #2495) (not #2501) (not #2510) (not #3073)))

null (o)
  (= i844 1) (o)
    (or (not (or #19362 #19286 #19227 #19263 #19187 #19259 #19192 #19219 #19211)) (not (or #19362 #19286 #19227 #19263 #19187 #19259 #19192 #19219 #19211 #19123 #19136 #19139 #19060 #19065 #19069 #19106 ...)) (not (or #4126 #4151 #19339 #19340 #19347 #19362 #19281 #19334 #19286 #19323 #19319 #19305 #19227 #19315 #19313 #19270 ...)) (not (or #4126 #4151 #19339 #19340 #19347 #19362 #19281 #19334 #19286 #19323 #19319 #19305 #19227 #19315 #19313 #19270 ...)) (not (or #4126 #4151 #19339 #19340 #19347 #19362 #19281 #19334 #19286 #19323 #19319 #19305 #19227 #19315 #19313 #19270 ...)) (not (or #19192 #19123 #19004)) (not (or #19192 #19123 #19136 #19008)) (not (or #19192 #19123 #19136 #19013)) (not (or #19018 #18875))) (o)
    (not (or (not #19122) (not #19110) (not #19094) (not #19028) (not #19105) (not #19005) (not #19009) (not #19099) (not #18830))) (c)
  (not (= i844 1)) (c)
null (o)
  (= i844 1) (o)
    (or (not (or #19362 #19286 #19227 #19263 #19187 #19259 #19192 #19219 #19211)) (not (or #19362 #19286 #19227 #19263 #19187 #19259 #19192 #19219 #19211 #19123 #19136 #19139 #19060 #19065 #19069 #19106 ...)) (not (or #4126 #4151 #19339 #19340 #19347 #19362 #19281 #19334 #19286 #19323 #19319 #19305 #19227 #19315 #19313 #19270 ...)) (not (or #4126 #4151 #19339 #19340 #19347 #19362 #19281 #19334 #19286 #19323 #19319 #19305 #19227 #19315 #19313 #19270 ...)) (not (or #4126 #4151 #19339 #19340 #19347 #19362 #19281 #19334 #19286 #19323 #19319 #19305 #19227 #19315 #19313 #19270 ...)) (not (or #19192 #19123 #19004)) (not (or #19192 #19123 #19136 #19008)) (not (or #19192 #19123 #19136 #19013)) (not (or #19018 #18875))) (a)
    (not (or (not #19122) (not #19110) (not #19094) (not #19028) (not #19105) (not #19005) (not #19009) (not #19099) (not #18830))) (c)
  (not (= i844 1)) (c)

Worker 0 CUBE SIZE IN MAIN LOOP: 2
 Checking cube
(or (not (or #1803 #1840 #1895 #1914 #1922 #1928 #2009 #2022 #2342)) (not (or #1803 #1840 #1895 #1914 #1922 #1928 #2009 #2022 #2342 #2344 #2368 #2382 #2399 #2407 #2414 #2421 ...)) (not (or #28 #30 #1499 #1504 #1788 #1803 #1819 #1822 #1840 #1849 #1874 #1880 #1895 #1953 #1959 #1986 ...)) (not (or #28 #30 #1499 #1504 #1788 #1803 #1819 #1822 #1840 #1849 #1874 #1880 #1895 #1953 #1959 #1986 ...)) (not (or #28 #30 #1499 #1504 #1788 #1803 #1819 #1822 #1840 #1849 #1874 #1880 #1895 #1953 #1959 #1986 ...)) (not (or #2009 #2344 #2494)) (not (or #2009 #2344 #2368 #2500)) (not (or #2009 #2344 #2368 #2509)) (not (or #2517 #3072)))
(= i844 1)
with max_conflicts: 2250
Worker 2 DONE checking cube l_undef
Worker 2 found undef cube
Batch manager splitting on literal: (or (not (or #18281 #21081 #21091 #21053 #21063 #20962 #20930 #20911 #20823 #20790 #20592 #20271 #20241 #20050 #19891 #19278 ...)) (not (or #21081 #15866 #15906 #15389 #13246)) (not (or #21081 #15866 #15906 #15916 #15389 #15398 #13159)) (not (or #21081 #15866 #15906 #15916 #15389 #15398 #13014)) (not (or #21081 #15866 #15906 #15916 #15720 #15389 #15398 #14406 #12895)) (not (or #21081 #15866 #15906 #15916 #15720 #15561 #15389 #15398 #14406 #12820)) (not (or #21081 #15866 #15906 #15916 #15720 #15561 #15572 #15389 #15398 #14406 #12828)) (not (or #21081 #15866 #15906 #15916 #15720 #15561 #15572 #15389 #15398 #14406 #12573)) (not (or #21081 #15866 #15906 #15916 #15720 #15561 #15572 #15582 #15630 #15524 #15534 #15540 #15437 #15389 #15398 #14406 ...)) (not (or #21081 #15866 #15906 #15916 #15720 #15561 #15572 #15582 #15389 #15398 #14406 #12624)) (not (or #15866 #12377)) (not (or #21081 #15866 #15906 #12271)) (not (or #21081 #15906 #15916 #15720 #15561 #15572 #15582 #15630 #15524 #15534 #15540 #15437 #15389 #15398 #14406 #12277 ...)) (not (or #21081 #15866 #15906 #15916 #15720 #15561 #15572 #15582 #15630 #15524 #15534 #15540 #15437 #15389 #15398 #14406 ...)) (not (or #21081 #15866 #15906 #15389 #12289)) (not (or #15866 #12186)) ...)
Worker 3 DONE checking cube l_undef
Worker 3 found undef cube
null (o)
  (= i844 1) (o)
    (or (not (or #19362 #19286 #19227 #19263 #19187 #19259 #19192 #19219 #19211)) (not (or #19362 #19286 #19227 #19263 #19187 #19259 #19192 #19219 #19211 #19123 #19136 #19139 #19060 #19065 #19069 #19106 ...)) (not (or #4126 #4151 #19339 #19340 #19347 #19362 #19281 #19334 #19286 #19323 #19319 #19305 #19227 #19315 #19313 #19270 ...)) (not (or #4126 #4151 #19339 #19340 #19347 #19362 #19281 #19334 #19286 #19323 #19319 #19305 #19227 #19315 #19313 #19270 ...)) (not (or #4126 #4151 #19339 #19340 #19347 #19362 #19281 #19334 #19286 #19323 #19319 #19305 #19227 #19315 #19313 #19270 ...)) (not (or #19192 #19123 #19004)) (not (or #19192 #19123 #19136 #19008)) (not (or #19192 #19123 #19136 #19013)) (not (or #19018 #18875))) (a)
    (not (or (not #19122) (not #19110) (not #19094) (not #19028) (not #19105) (not #19005) (not #19009) (not #19099) (not #18830))) (c)
  (not (= i844 1)) (c)

Batch manager splitting on literal: (= (if (or #21081 #15866 #15906 #15916 #15720 #15561 #15572 #15582 #15389 #15398 #14406 #12234) (if #12143 #11752 467) (if #15864 #11817 224)) 417)
Worker 2 CUBE SIZE IN MAIN LOOP: 2
 Checking cube
(or (not (or #1803 #1840 #1895 #1914 #1922 #1928 #2009 #2022 #2342)) (not (or #1803 #1840 #1895 #1914 #1922 #1928 #2009 #2022 #2342 #2344 #2368 #2382 #2399 #2407 #2414 #2421 ...)) (not (or #28 #30 #1499 #1504 #1788 #1803 #1819 #1822 #1840 #1849 #1874 #1880 #1895 #1953 #1959 #1986 ...)) (not (or #28 #30 #1499 #1504 #1788 #1803 #1819 #1822 #1840 #1849 #1874 #1880 #1895 #1953 #1959 #1986 ...)) (not (or #28 #30 #1499 #1504 #1788 #1803 #1819 #1822 #1840 #1849 #1874 #1880 #1895 #1953 #1959 #1986 ...)) (not (or #2009 #2344 #2494)) (not (or #2009 #2344 #2368 #2500)) (not (or #2009 #2344 #2368 #2509)) (not (or #2517 #3072)))
(= i844 1)
with max_conflicts: 2250
null (o)
  (= i844 1) (o)
    (or (not (or #19362 #19286 #19227 #19263 #19187 #19259 #19192 #19219 #19211)) (not (or #19362 #19286 #19227 #19263 #19187 #19259 #19192 #19219 #19211 #19123 #19136 #19139 #19060 #19065 #19069 #19106 ...)) (not (or #4126 #4151 #19339 #19340 #19347 #19362 #19281 #19334 #19286 #19323 #19319 #19305 #19227 #19315 #19313 #19270 ...)) (not (or #4126 #4151 #19339 #19340 #19347 #19362 #19281 #19334 #19286 #19323 #19319 #19305 #19227 #19315 #19313 #19270 ...)) (not (or #4126 #4151 #19339 #19340 #19347 #19362 #19281 #19334 #19286 #19323 #19319 #19305 #19227 #19315 #19313 #19270 ...)) (not (or #19192 #19123 #19004)) (not (or #19192 #19123 #19136 #19008)) (not (or #19192 #19123 #19136 #19013)) (not (or #19018 #18875))) (a)
    (not (or (not #19122) (not #19110) (not #19094) (not #19028) (not #19105) (not #19005) (not #19009) (not #19099) (not #18830))) (c)
  (not (= i844 1)) (c)

Worker 3 CUBE SIZE IN MAIN LOOP: 2
 Checking cube
(or (not (or #1803 #1840 #1895 #1914 #1922 #1928 #2009 #2022 #2342)) (not (or #1803 #1840 #1895 #1914 #1922 #1928 #2009 #2022 #2342 #2344 #2368 #2382 #2399 #2407 #2414 #2421 ...)) (not (or #28 #30 #1499 #1504 #1788 #1803 #1819 #1822 #1840 #1849 #1874 #1880 #1895 #1953 #1959 #1986 ...)) (not (or #28 #30 #1499 #1504 #1788 #1803 #1819 #1822 #1840 #1849 #1874 #1880 #1895 #1953 #1959 #1986 ...)) (not (or #28 #30 #1499 #1504 #1788 #1803 #1819 #1822 #1840 #1849 #1874 #1880 #1895 #1953 #1959 #1986 ...)) (not (or #2009 #2344 #2494)) (not (or #2009 #2344 #2368 #2500)) (not (or #2009 #2344 #2368 #2509)) (not (or #2517 #3072)))
(= i844 1)
with max_conflicts: 2250
Worker 1 DONE checking cube l_undef
Worker 1 found undef cube
Batch manager splitting on literal: (= (if (or #18281 #21081 #21091 #21053 #21063 #20962 #20930 #20911 #20823 #20790 #20592 #14346) (if #14209 #13303 467) (if #21079 #13638 224)) 417)
null (o)
  (= i844 1) (o)
    (or (not (or #19362 #19286 #19227 #19263 #19187 #19259 #19192 #19219 #19211)) (not (or #19362 #19286 #19227 #19263 #19187 #19259 #19192 #19219 #19211 #19123 #19136 #19139 #19060 #19065 #19069 #19106 ...)) (not (or #4126 #4151 #19339 #19340 #19347 #19362 #19281 #19334 #19286 #19323 #19319 #19305 #19227 #19315 #19313 #19270 ...)) (not (or #4126 #4151 #19339 #19340 #19347 #19362 #19281 #19334 #19286 #19323 #19319 #19305 #19227 #19315 #19313 #19270 ...)) (not (or #4126 #4151 #19339 #19340 #19347 #19362 #19281 #19334 #19286 #19323 #19319 #19305 #19227 #19315 #19313 #19270 ...)) (not (or #19192 #19123 #19004)) (not (or #19192 #19123 #19136 #19008)) (not (or #19192 #19123 #19136 #19013)) (not (or #19018 #18875))) (a)
    (not (or (not #19122) (not #19110) (not #19094) (not #19028) (not #19105) (not #19005) (not #19009) (not #19099) (not #18830))) (c)
  (not (= i844 1)) (c)

Worker 1 CUBE SIZE IN MAIN LOOP: 2
 Checking cube
(or (not (or #1803 #1840 #1895 #1914 #1922 #1928 #2009 #2022 #2342)) (not (or #1803 #1840 #1895 #1914 #1922 #1928 #2009 #2022 #2342 #2344 #2368 #2382 #2399 #2407 #2414 #2421 ...)) (not (or #28 #30 #1499 #1504 #1788 #1803 #1819 #1822 #1840 #1849 #1874 #1880 #1895 #1953 #1959 #1986 ...)) (not (or #28 #30 #1499 #1504 #1788 #1803 #1819 #1822 #1840 #1849 #1874 #1880 #1895 #1953 #1959 #1986 ...)) (not (or #28 #30 #1499 #1504 #1788 #1803 #1819 #1822 #1840 #1849 #1874 #1880 #1895 #1953 #1959 #1986 ...)) (not (or #2009 #2344 #2494)) (not (or #2009 #2344 #2368 #2500)) (not (or #2009 #2344 #2368 #2509)) (not (or #2517 #3072)))
(= i844 1)
with max_conflicts: 2250
Worker 3 DONE checking cube l_false
Worker 3 found unsat cube
Batch manager backtracking.
(or (not (or #1803 #1840 #1895 #1914 #1922 #1928 #2009 #2022 #2342)) (not (or #1803 #1840 #1895 #1914 #1922 #1928 #2009 #2022 #2342 #2344 #2368 #2382 #2399 #2407 #2414 #2421 ...)) (not (or #28 #30 #1499 #1504 #1788 #1803 #1819 #1822 #1840 #1849 #1874 #1880 #1895 #1953 #1959 #1986 ...)) (not (or #28 #30 #1499 #1504 #1788 #1803 #1819 #1822 #1840 #1849 #1874 #1880 #1895 #1953 #1959 #1986 ...)) (not (or #28 #30 #1499 #1504 #1788 #1803 #1819 #1822 #1840 #1849 #1874 #1880 #1895 #1953 #1959 #1986 ...)) (not (or #2009 #2344 #2494)) (not (or #2009 #2344 #2368 #2500)) (not (or #2009 #2344 #2368 #2509)) (not (or #2517 #3072)))

null (c)
  (= i844 1) (c)
    (or (not (or #19362 #19286 #19227 #19263 #19187 #19259 #19192 #19219 #19211)) (not (or #19362 #19286 #19227 #19263 #19187 #19259 #19192 #19219 #19211 #19123 #19136 #19139 #19060 #19065 #19069 #19106 ...)) (not (or #4126 #4151 #19339 #19340 #19347 #19362 #19281 #19334 #19286 #19323 #19319 #19305 #19227 #19315 #19313 #19270 ...)) (not (or #4126 #4151 #19339 #19340 #19347 #19362 #19281 #19334 #19286 #19323 #19319 #19305 #19227 #19315 #19313 #19270 ...)) (not (or #4126 #4151 #19339 #19340 #19347 #19362 #19281 #19334 #19286 #19323 #19319 #19305 #19227 #19315 #19313 #19270 ...)) (not (or #19192 #19123 #19004)) (not (or #19192 #19123 #19136 #19008)) (not (or #19192 #19123 #19136 #19013)) (not (or #19018 #18875))) (c)
    (not (or (not #19122) (not #19110) (not #19094) (not #19028) (not #19105) (not #19005) (not #19009) (not #19099) (not #18830))) (c)
  (not (= i844 1)) (c)
Canceling workers
Worker 0 canceling
Worker 1 canceling
Worker 2 canceling
Worker 3 canceling
all done
Worker 2 DONE checking cube l_undef
Batch manager setting exception msg: context cancelled.
Worker 0 DONE checking cube l_undef
Batch manager setting exception msg: context cancelled.
Worker 1 DONE checking cube l_undef
Batch manager setting exception msg: context cancelled.
Worker 3 no more cubes
unsat
(:added-eqs                   1052623
 :arith-eq-adapter            2841
 :arith-bound-propagations-lp 127031
 :arith-conflicts             488
 :arith-diseq                 96930
 :arith-fixed-eqs             133650
 :arith-lower                 90530
 :arith-make-feasible         40735
 :arith-max-columns           1657
 :arith-max-rows              677
 :arith-offset-eqs            40659
 :arith-upper                 144975
 :binary-propagations         3049914
 :conflicts                   18458
 :decisions                   431091
 :del-clause                  12719
 :max-memory                  113.12
 :memory                      19.17
 :minimized-lits              94018
 :mk-bool-var                 21592
 :mk-clause                   30512
 :mk-clause-binary            61300
 :num-allocs                  50141478
 :num-checks                  15
 :parallel-max-cube-size      2
 :parallel-num_cubes          8
 :propagations                4368871
 :restarts                    161
 :rlimit-count                12792275
 :time                        0.57
 :total-time                  2.00)
