Worker 0 created with 0 assumptions
Worker 1 created with 0 assumptions
Worker 2 created with 0 assumptions
Worker 3 created with 0 assumptions
null (a)

Worker 2 CUBE SIZE IN MAIN LOOP: 0
 Checking cube
with max_conflicts: 1000
null (a)

Worker 1 CUBE SIZE IN MAIN LOOP: 0
 Checking cube
with max_conflicts: 1000
null (a)

Worker 3 CUBE SIZE IN MAIN LOOP: 0
 Checking cube
with max_conflicts: 1000
null (a)

Worker 0 CUBE SIZE IN MAIN LOOP: 0
 Checking cube
with max_conflicts: 1000
Worker 1 DONE checking cube l_undef
Worker 1 found undef cube
Batch manager splitting on literal: (= (if (or #19092 #19123 #19093 #12678 #19000 #19054 #19052 #19101 #19014 #19018 #19022 #19055 #18854) (if #18856 #18825 467) (if #19108 #18786 224)) 455)
null (o)
  (= (if (or #19092 #19123 #19093 #12678 #19000 #19054 #19052 #19101 #19014 #19018 #19022 #19055 #18854) (if #18856 #18825 467) (if #19108 #18786 224)) 455) (a)
  (not (= (if #18931 #18801 #18878) 455)) (o)

Worker 1 CUBE SIZE IN MAIN LOOP: 1
 Checking cube
(= (if (or #2042 #2344 #2478 #2480 #2488 #2490 #2496 #2502 #2511 #2517 #2523 #2529 #3147) (if #3173 #3564 467) (if #2477 #3038 224)) 455)
with max_conflicts: 1500
Worker 0 DONE checking cube l_undef
Worker 0 found undef cube
Batch manager splitting on literal: (= i844 1)
null (o)
  (= (if (or #19092 #19123 #19093 #12678 #19000 #19054 #19052 #19101 #19014 #19018 #19022 #19055 #18854) (if #18856 #18825 467) (if #19108 #18786 224)) 455) (a)
  (not (= (if #18931 #18801 #18878) 455)) (a)

Worker 0 CUBE SIZE IN MAIN LOOP: 1
 Checking cube
(not (= (if #3148 #3182 #3039) 455))
with max_conflicts: 1500
Worker 3 DONE checking cube l_undef
Worker 3 found undef cube
Batch manager splitting on literal: (= i844 1)
null (o)
  (= (if (or #19092 #19123 #19093 #12678 #19000 #19054 #19052 #19101 #19014 #19018 #19022 #19055 #18854) (if #18856 #18825 467) (if #19108 #18786 224)) 455) (a)
  (not (= (if #18931 #18801 #18878) 455)) (a)

Worker 1 DONE checking cube l_false
Worker 1 found unsat cube
Worker 3 CUBE SIZE IN MAIN LOOP: 1
 Checking cube
(= (if (or #2042 #2344 #2478 #2480 #2488 #2490 #2496 #2502 #2511 #2517 #2523 #2529 #3147) (if #3173 #3564 467) (if #2477 #3038 224)) 455)
with max_conflicts: 1500
Batch manager backtracking.
(= (if (or #2042 #2344 #2478 #2480 #2488 #2490 #2496 #2502 #2511 #2517 #2523 #2529 #3147) (if #3173 #3564 467) (if #2477 #3038 224)) 455)

null (o)
  (= (if (or #19092 #19123 #19093 #12678 #19000 #19054 #19052 #19101 #19014 #19018 #19022 #19055 #18854) (if #18856 #18825 467) (if #19108 #18786 224)) 455) (c)
  (not (= (if #18931 #18801 #18878) 455)) (a)
null (o)
  (= (if (or #19092 #19123 #19093 #12678 #19000 #19054 #19052 #19101 #19014 #19018 #19022 #19055 #18854) (if #18856 #18825 467) (if #19108 #18786 224)) 455) (c)
  (not (= (if #18931 #18801 #18878) 455)) (a)

Worker 1 CUBE SIZE IN MAIN LOOP: 1
 Checking cube
(not (= (if #3148 #3182 #3039) 455))
with max_conflicts: 1500
Worker 2 DONE checking cube l_undef
Worker 2 found undef cube
Batch manager splitting on literal: (= i844 1)
Worker 3 DONE checking cube l_false
Worker 3 found unsat cube
Batch manager backtracking.
(= (if (or #2042 #2344 #2478 #2480 #2488 #2490 #2496 #2502 #2511 #2517 #2523 #2529 #3147) (if #3173 #3564 467) (if #2477 #3038 224)) 455)

null (o)
  (= (if (or #19092 #19123 #19093 #12678 #19000 #19054 #19052 #19101 #19014 #19018 #19022 #19055 #18854) (if #18856 #18825 467) (if #19108 #18786 224)) 455) (c)
  (not (= (if #18931 #18801 #18878) 455)) (a)
null (o)
  (= (if (or #19092 #19123 #19093 #12678 #19000 #19054 #19052 #19101 #19014 #19018 #19022 #19055 #18854) (if #18856 #18825 467) (if #19108 #18786 224)) 455) (c)
  (not (= (if #18931 #18801 #18878) 455)) (a)

Worker 3 CUBE SIZE IN MAIN LOOP: 1
 Checking cube
(not (= (if #3148 #3182 #3039) 455))
with max_conflicts: 1500
null (o)
  (= (if (or #19092 #19123 #19093 #12678 #19000 #19054 #19052 #19101 #19014 #19018 #19022 #19055 #18854) (if #18856 #18825 467) (if #19108 #18786 224)) 455) (c)
  (not (= (if #18931 #18801 #18878) 455)) (a)

Worker 2 CUBE SIZE IN MAIN LOOP: 1
 Checking cube
(not (= (if #3148 #3182 #3039) 455))
with max_conflicts: 1500
Worker 1 DONE checking cube l_undef
Worker 1 found undef cube
Batch manager splitting on literal: (= i844 1)
null (o)
  (= (if (or #19092 #19123 #19093 #12678 #19000 #19054 #19052 #19101 #19014 #19018 #19022 #19055 #18854) (if #18856 #18825 467) (if #19108 #18786 224)) 455) (c)
  (not (= (if #18931 #18801 #18878) 455)) (o)
    (= i844 1) (o)
    (not (= i844 1)) (a)

Worker 1 CUBE SIZE IN MAIN LOOP: 2
 Checking cube
(not (= i844 1))
(not (= (if #3148 #3182 #3039) 455))
with max_conflicts: 2250
Worker 1 DONE checking cube l_false
Worker 1 found unsat cube
Batch manager backtracking.
(not (= i844 1))
(not (= (if #3148 #3182 #3039) 455))

null (o)
  (= (if (or #19092 #19123 #19093 #12678 #19000 #19054 #19052 #19101 #19014 #19018 #19022 #19055 #18854) (if #18856 #18825 467) (if #19108 #18786 224)) 455) (c)
  (not (= (if #18931 #18801 #18878) 455)) (o)
    (= i844 1) (o)
    (not (= i844 1)) (c)
null (o)
  (= (if (or #19092 #19123 #19093 #12678 #19000 #19054 #19052 #19101 #19014 #19018 #19022 #19055 #18854) (if #18856 #18825 467) (if #19108 #18786 224)) 455) (c)
  (not (= (if #18931 #18801 #18878) 455)) (o)
    (= i844 1) (a)
    (not (= i844 1)) (c)

Worker 1 CUBE SIZE IN MAIN LOOP: 2
 Checking cube
(= i844 1)
(not (= (if #3148 #3182 #3039) 455))
with max_conflicts: 2250
Worker 2 DONE checking cube l_undef
Worker 2 found undef cube
Batch manager splitting on literal: (= i844 1)
null (o)
  (= (if (or #19092 #19123 #19093 #12678 #19000 #19054 #19052 #19101 #19014 #19018 #19022 #19055 #18854) (if #18856 #18825 467) (if #19108 #18786 224)) 455) (c)
  (not (= (if #18931 #18801 #18878) 455)) (o)
    (= i844 1) (a)
    (not (= i844 1)) (c)

Worker 2 CUBE SIZE IN MAIN LOOP: 2
 Checking cube
(= i844 1)
(not (= (if #3148 #3182 #3039) 455))
with max_conflicts: 2250
Worker 0 DONE checking cube l_undef
Worker 0 found undef cube
Batch manager splitting on literal: (= (if (or #21082 #15867 #15907 #15918 #15721 #15562 #15573 #15584 #15390 #15399 #14407 #12235) (if #12144 #11753 467) (if #15866 #11818 224)) 417)
null (o)
  (= (if (or #19092 #19123 #19093 #12678 #19000 #19054 #19052 #19101 #19014 #19018 #19022 #19055 #18854) (if #18856 #18825 467) (if #19108 #18786 224)) 455) (c)
  (not (= (if #18931 #18801 #18878) 455)) (o)
    (= i844 1) (a)
    (not (= i844 1)) (c)

Worker 0 CUBE SIZE IN MAIN LOOP: 2
 Checking cube
(= i844 1)
(not (= (if #3148 #3182 #3039) 455))
with max_conflicts: 2250
Worker 3 DONE checking cube l_undef
Worker 3 found undef cube
Batch manager splitting on literal: (= (if (or #21082 #15867 #15907 #15918 #15721 #15562 #15573 #15584 #15390 #15399 #14407 #12235) (if #12144 #11753 467) (if #15866 #11818 224)) 417)
null (o)
  (= (if (or #19092 #19123 #19093 #12678 #19000 #19054 #19052 #19101 #19014 #19018 #19022 #19055 #18854) (if #18856 #18825 467) (if #19108 #18786 224)) 455) (c)
  (not (= (if #18931 #18801 #18878) 455)) (o)
    (= i844 1) (a)
    (not (= i844 1)) (c)

Worker 3 CUBE SIZE IN MAIN LOOP: 2
 Checking cube
(= i844 1)
(not (= (if #3148 #3182 #3039) 455))
with max_conflicts: 2250
Worker 1 DONE checking cube l_undef
Worker 1 found undef cube
Batch manager splitting on literal: (or (not (or #4126 #4151 #19417 #19340 #19347 #19362 #19281 #19334 #19286 #19323 #19319 #19305 #19227 #19268 #19244 #19261 ...)) (not (or #19362 #19286 #19227 #19182 #19188 #19192 #19265 #19219 #19211)) (not (or #19265 #19135)) (not (or #19265 #19113)) (not (or #19362 #19286 #19227 #19182 #19265 #19059)) (not (or #19362 #19286 #19227 #19182 #19265 #19160)) (not (or #19069 #19096)))
null (o)
  (= (if (or #19092 #19123 #19093 #12678 #19000 #19054 #19052 #19101 #19014 #19018 #19022 #19055 #18854) (if #18856 #18825 467) (if #19108 #18786 224)) 455) (c)
  (not (= (if #18931 #18801 #18878) 455)) (o)
    (= i844 1) (o)
      (or (not (or #4126 #4151 #19417 #19340 #19347 #19362 #19281 #19334 #19286 #19323 #19319 #19305 #19227 #19268 #19244 #19261 ...)) (not (or #19362 #19286 #19227 #19182 #19188 #19192 #19265 #19219 #19211)) (not (or #19265 #19135)) (not (or #19265 #19113)) (not (or #19362 #19286 #19227 #19182 #19265 #19059)) (not (or #19362 #19286 #19227 #19182 #19265 #19160)) (not (or #19069 #19096))) (a)
      (not (or (not #19175) (not #19122) (not #19157) (not #19138) (not #19126) (not #19064) (not #19020))) (o)
    (not (= i844 1)) (c)

Worker 1 CUBE SIZE IN MAIN LOOP: 3
 Checking cube
(or (not (or #28 #30 #1499 #1504 #1788 #1803 #1819 #1822 #1840 #1849 #1874 #1880 #1895 #1953 #1959 #1986 ...)) (not (or #1803 #1840 #1895 #1914 #1922 #1928 #2009 #2022 #2342)) (not (or #2009 #2366)) (not (or #2009 #2372)) (not (or #1803 #1840 #1895 #1914 #2009 #2397)) (not (or #1803 #1840 #1895 #1914 #2009 #2405)) (not (or #2414 #2519)))
(= i844 1)
(not (= (if #3148 #3182 #3039) 455))
with max_conflicts: 3375
Worker 2 DONE checking cube l_undef
Worker 2 found undef cube
Batch manager splitting on literal: (= (if (or #13312 #11759 #11763 #11681 #11689 #11665 #11673 #11658 #11626 #10803 #10723 #10660 #10570 #25650) (if #25670 #25966 467) (if #11758 #25861 224)) 133)
null (o)
  (= (if (or #19092 #19123 #19093 #12678 #19000 #19054 #19052 #19101 #19014 #19018 #19022 #19055 #18854) (if #18856 #18825 467) (if #19108 #18786 224)) 455) (c)
  (not (= (if #18931 #18801 #18878) 455)) (o)
    (= i844 1) (o)
      (or (not (or #4126 #4151 #19417 #19340 #19347 #19362 #19281 #19334 #19286 #19323 #19319 #19305 #19227 #19268 #19244 #19261 ...)) (not (or #19362 #19286 #19227 #19182 #19188 #19192 #19265 #19219 #19211)) (not (or #19265 #19135)) (not (or #19265 #19113)) (not (or #19362 #19286 #19227 #19182 #19265 #19059)) (not (or #19362 #19286 #19227 #19182 #19265 #19160)) (not (or #19069 #19096))) (a)
      (not (or (not #19175) (not #19122) (not #19157) (not #19138) (not #19126) (not #19064) (not #19020))) (a)
    (not (= i844 1)) (c)

Worker 2 CUBE SIZE IN MAIN LOOP: 3
 Checking cube
(not (or (not #2008) (not #2343) (not #2367) (not #2373) (not #2398) (not #2406) (not #2520)))
(= i844 1)
(not (= (if #3148 #3182 #3039) 455))
with max_conflicts: 3375
Worker 0 DONE checking cube l_undef
Worker 0 found undef cube
Batch manager splitting on literal: (or (not (= i844 1)) (= i1041 0) (not (or #4126 #4151 #4182)) (if (or #4126 #4151) (not #19416) (not #19335)) (not (or #4126 #4156 #19337 #19341 #19415 #19345)) (if (or #19340 #19347) (not #19351) (not #19361)) (if (or #19340 #19347) (= #19349 0) (not #19366)) (not (or #4126 #4151 #19417 #19340 #19347 #19334)) (not (or #4126 #4151 #19417 #19334)))
null (o)
  (= (if (or #19092 #19123 #19093 #12678 #19000 #19054 #19052 #19101 #19014 #19018 #19022 #19055 #18854) (if #18856 #18825 467) (if #19108 #18786 224)) 455) (c)
  (not (= (if #18931 #18801 #18878) 455)) (o)
    (= i844 1) (o)
      (or (not (or #4126 #4151 #19417 #19340 #19347 #19362 #19281 #19334 #19286 #19323 #19319 #19305 #19227 #19268 #19244 #19261 ...)) (not (or #19362 #19286 #19227 #19182 #19188 #19192 #19265 #19219 #19211)) (not (or #19265 #19135)) (not (or #19265 #19113)) (not (or #19362 #19286 #19227 #19182 #19265 #19059)) (not (or #19362 #19286 #19227 #19182 #19265 #19160)) (not (or #19069 #19096))) (a)
      (not (or (not #19175) (not #19122) (not #19157) (not #19138) (not #19126) (not #19064) (not #19020))) (a)
    (not (= i844 1)) (c)

Worker 0 CUBE SIZE IN MAIN LOOP: 3
 Checking cube
(or (not (or #28 #30 #1499 #1504 #1788 #1803 #1819 #1822 #1840 #1849 #1874 #1880 #1895 #1953 #1959 #1986 ...)) (not (or #1803 #1840 #1895 #1914 #1922 #1928 #2009 #2022 #2342)) (not (or #2009 #2366)) (not (or #2009 #2372)) (not (or #1803 #1840 #1895 #1914 #2009 #2397)) (not (or #1803 #1840 #1895 #1914 #2009 #2405)) (not (or #2414 #2519)))
(= i844 1)
(not (= (if #3148 #3182 #3039) 455))
with max_conflicts: 3375
Worker 2 DONE checking cube l_false
Worker 2 found unsat cube
Batch manager backtracking.
(not (or (not #2008) (not #2343) (not #2367) (not #2373) (not #2398) (not #2406) (not #2520)))

null (o)
  (= (if (or #19092 #19123 #19093 #12678 #19000 #19054 #19052 #19101 #19014 #19018 #19022 #19055 #18854) (if #18856 #18825 467) (if #19108 #18786 224)) 455) (c)
  (not (= (if #18931 #18801 #18878) 455)) (o)
    (= i844 1) (o)
      (or (not (or #4126 #4151 #19417 #19340 #19347 #19362 #19281 #19334 #19286 #19323 #19319 #19305 #19227 #19268 #19244 #19261 ...)) (not (or #19362 #19286 #19227 #19182 #19188 #19192 #19265 #19219 #19211)) (not (or #19265 #19135)) (not (or #19265 #19113)) (not (or #19362 #19286 #19227 #19182 #19265 #19059)) (not (or #19362 #19286 #19227 #19182 #19265 #19160)) (not (or #19069 #19096))) (a)
      (not (or (not #19175) (not #19122) (not #19157) (not #19138) (not #19126) (not #19064) (not #19020))) (c)
    (not (= i844 1)) (c)
null (o)
  (= (if (or #19092 #19123 #19093 #12678 #19000 #19054 #19052 #19101 #19014 #19018 #19022 #19055 #18854) (if #18856 #18825 467) (if #19108 #18786 224)) 455) (c)
  (not (= (if #18931 #18801 #18878) 455)) (o)
    (= i844 1) (o)
      (or (not (or #4126 #4151 #19417 #19340 #19347 #19362 #19281 #19334 #19286 #19323 #19319 #19305 #19227 #19268 #19244 #19261 ...)) (not (or #19362 #19286 #19227 #19182 #19188 #19192 #19265 #19219 #19211)) (not (or #19265 #19135)) (not (or #19265 #19113)) (not (or #19362 #19286 #19227 #19182 #19265 #19059)) (not (or #19362 #19286 #19227 #19182 #19265 #19160)) (not (or #19069 #19096))) (a)
      (not (or (not #19175) (not #19122) (not #19157) (not #19138) (not #19126) (not #19064) (not #19020))) (c)
    (not (= i844 1)) (c)

Worker 2 CUBE SIZE IN MAIN LOOP: 3
 Checking cube
(or (not (or #28 #30 #1499 #1504 #1788 #1803 #1819 #1822 #1840 #1849 #1874 #1880 #1895 #1953 #1959 #1986 ...)) (not (or #1803 #1840 #1895 #1914 #1922 #1928 #2009 #2022 #2342)) (not (or #2009 #2366)) (not (or #2009 #2372)) (not (or #1803 #1840 #1895 #1914 #2009 #2397)) (not (or #1803 #1840 #1895 #1914 #2009 #2405)) (not (or #2414 #2519)))
(= i844 1)
(not (= (if #3148 #3182 #3039) 455))
with max_conflicts: 3375
Worker 3 DONE checking cube l_undef
Worker 3 found undef cube
Batch manager splitting on literal: (= (if (or #13312 #11759 #11763 #11681 #11689 #11665 #11673 #11658 #11626 #10803 #10723 #10660 #10570 #25650) (if #25670 #25966 467) (if #11758 #25861 224)) 133)
null (o)
  (= (if (or #19092 #19123 #19093 #12678 #19000 #19054 #19052 #19101 #19014 #19018 #19022 #19055 #18854) (if #18856 #18825 467) (if #19108 #18786 224)) 455) (c)
  (not (= (if #18931 #18801 #18878) 455)) (o)
    (= i844 1) (o)
      (or (not (or #4126 #4151 #19417 #19340 #19347 #19362 #19281 #19334 #19286 #19323 #19319 #19305 #19227 #19268 #19244 #19261 ...)) (not (or #19362 #19286 #19227 #19182 #19188 #19192 #19265 #19219 #19211)) (not (or #19265 #19135)) (not (or #19265 #19113)) (not (or #19362 #19286 #19227 #19182 #19265 #19059)) (not (or #19362 #19286 #19227 #19182 #19265 #19160)) (not (or #19069 #19096))) (a)
      (not (or (not #19175) (not #19122) (not #19157) (not #19138) (not #19126) (not #19064) (not #19020))) (c)
    (not (= i844 1)) (c)

Worker 3 CUBE SIZE IN MAIN LOOP: 3
 Checking cube
(or (not (or #28 #30 #1499 #1504 #1788 #1803 #1819 #1822 #1840 #1849 #1874 #1880 #1895 #1953 #1959 #1986 ...)) (not (or #1803 #1840 #1895 #1914 #1922 #1928 #2009 #2022 #2342)) (not (or #2009 #2366)) (not (or #2009 #2372)) (not (or #1803 #1840 #1895 #1914 #2009 #2397)) (not (or #1803 #1840 #1895 #1914 #2009 #2405)) (not (or #2414 #2519)))
(= i844 1)
(not (= (if #3148 #3182 #3039) 455))
with max_conflicts: 3375
Worker 0 DONE checking cube l_false
Worker 0 found unsat cube
Batch manager backtracking.
(or (not (or #28 #30 #1499 #1504 #1788 #1803 #1819 #1822 #1840 #1849 #1874 #1880 #1895 #1953 #1959 #1986 ...)) (not (or #1803 #1840 #1895 #1914 #1922 #1928 #2009 #2022 #2342)) (not (or #2009 #2366)) (not (or #2009 #2372)) (not (or #1803 #1840 #1895 #1914 #2009 #2397)) (not (or #1803 #1840 #1895 #1914 #2009 #2405)) (not (or #2414 #2519)))

null (c)
  (= (if (or #19092 #19123 #19093 #12678 #19000 #19054 #19052 #19101 #19014 #19018 #19022 #19055 #18854) (if #18856 #18825 467) (if #19108 #18786 224)) 455) (c)
  (not (= (if #18931 #18801 #18878) 455)) (c)
    (= i844 1) (c)
      (or (not (or #4126 #4151 #19417 #19340 #19347 #19362 #19281 #19334 #19286 #19323 #19319 #19305 #19227 #19268 #19244 #19261 ...)) (not (or #19362 #19286 #19227 #19182 #19188 #19192 #19265 #19219 #19211)) (not (or #19265 #19135)) (not (or #19265 #19113)) (not (or #19362 #19286 #19227 #19182 #19265 #19059)) (not (or #19362 #19286 #19227 #19182 #19265 #19160)) (not (or #19069 #19096))) (c)
      (not (or (not #19175) (not #19122) (not #19157) (not #19138) (not #19126) (not #19064) (not #19020))) (c)
    (not (= i844 1)) (c)
Canceling workers
Worker 0 canceling
Worker 1 canceling
Worker 2 canceling
Worker 3 canceling
Worker 1 DONE checking cube l_undef
Worker 3 DONE checking cube l_undef
all done
Worker 0 no more cubes
Worker 2 DONE checking cube l_undef
Batch manager setting exception msg: context cancelled.
Batch manager setting exception msg: context cancelled.
Batch manager setting exception msg: context cancelled.
unsat
(:added-eqs                   1637854
 :arith-eq-adapter            3352
 :arith-bound-propagations-lp 183749
 :arith-conflicts             571
 :arith-diseq                 132955
 :arith-fixed-eqs             206059
 :arith-lower                 122603
 :arith-make-feasible         58247
 :arith-max-columns           1665
 :arith-max-rows              685
 :arith-offset-eqs            60582
 :arith-upper                 205504
 :binary-propagations         4423829
 :conflicts                   26296
 :decisions                   594581
 :del-clause                  20742
 :max-memory                  113.58
 :memory                      19.02
 :minimized-lits              171920
 :mk-bool-var                 22658
 :mk-clause                   39485
 :mk-clause-binary            61233
 :num-allocs                  53507678
 :num-checks                  21
 :parallel-max-cube-size      3
 :parallel-num_cubes          12
 :propagations                6458326
 :restarts                    225
 :rlimit-count                18550991
 :time                        0.76
 :total-time                  2.78)
