Worker 0 created with 0 assumptions
Worker 1 created with 0 assumptions
Worker 2 created with 0 assumptions
Worker 3 created with 0 assumptions
null (a)

Worker 0 CUBE SIZE IN MAIN LOOP: 0
 Checking cube
with max_conflicts: 1000
null (a)

Worker 2 CUBE SIZE IN MAIN LOOP: 0
 Checking cube
with max_conflicts: 1000
null (a)

Worker 3 CUBE SIZE IN MAIN LOOP: 0
 Checking cube
with max_conflicts: 1000
null (a)

Worker 1 CUBE SIZE IN MAIN LOOP: 0
 Checking cube
with max_conflicts: 1000
Worker 2 DONE checking cube l_undef
Worker 2 found undef cube
Batch manager splitting on literal: (<= (+ (if #4125 143 0) (* -1 #4566)) 0)
null (o)
  (<= (+ (if #4125 143 0) (* -1 #4566)) 0) (a)
  (not (<= (+ #4134 #4817) 0)) (o)

Worker 2 CUBE SIZE IN MAIN LOOP: 1
 Checking cube
(<= (+ (if #27 143 0) (* -1 #104)) 0)
with max_conflicts: 1500
Worker 0 DONE checking cube l_undef
Worker 0 found undef cube
Batch manager splitting on literal: (= i844 1)
null (o)
  (<= (+ (if #4125 143 0) (* -1 #4566)) 0) (a)
  (not (<= (+ #4134 #4817) 0)) (a)

Worker 0 CUBE SIZE IN MAIN LOOP: 1
 Checking cube
(not (<= (+ #99 #363) 0))
with max_conflicts: 1500
Worker 3 DONE checking cube l_undef
Worker 3 found undef cube
Batch manager splitting on literal: (= i844 1)
null (o)
  (<= (+ (if #4125 143 0) (* -1 #4566)) 0) (a)
  (not (<= (+ #4134 #4817) 0)) (a)

Worker 3 CUBE SIZE IN MAIN LOOP: 1
 Checking cube
(<= (+ (if #27 143 0) (* -1 #104)) 0)
with max_conflicts: 1500
Worker 1 DONE checking cube l_undef
Worker 1 found undef cube
Batch manager splitting on literal: (if (or (if #4152 #19337 #19339) (not #19414)) (not (= #19349 0)) (not (or #4126 #4156 #4192 #19340 #19341 #19415 #19345 #19353 #19356 #19359)))
null (o)
  (<= (+ (if #4125 143 0) (* -1 #4566)) 0) (a)
  (not (<= (+ #4134 #4817) 0)) (a)

Worker 1 CUBE SIZE IN MAIN LOOP: 1
 Checking cube
(<= (+ (if #27 143 0) (* -1 #104)) 0)
with max_conflicts: 1500
Worker 0 DONE checking cube l_false
Worker 0 found unsat cube
Batch manager backtracking.
(not (<= (+ #99 #363) 0))

null (o)
  (<= (+ (if #4125 143 0) (* -1 #4566)) 0) (a)
  (not (<= (+ #4134 #4817) 0)) (c)
null (o)
  (<= (+ (if #4125 143 0) (* -1 #4566)) 0) (a)
  (not (<= (+ #4134 #4817) 0)) (c)

Worker 0 CUBE SIZE IN MAIN LOOP: 1
 Checking cube
(<= (+ (if #27 143 0) (* -1 #104)) 0)
with max_conflicts: 1500
Worker 2 DONE checking cube l_undef
Worker 2 found undef cube
Batch manager splitting on literal: (= (if (or #19089 #18932 #18280 #18888 #18860 #18865 #18868 #18265 #18873 #18808 #18879 #18831 #18792 #18804 #18499) (if #18435 #18308 467) (if #18853 #18430 #18398)) 455)
null (o)
  (<= (+ (if #4125 143 0) (* -1 #4566)) 0) (o)
    (= (if (or #19089 #18932 #18280 #18888 #18860 #18865 #18868 #18265 #18873 #18808 #18879 #18831 #18792 #18804 #18499) (if #18435 #18308 467) (if #18853 #18430 #18398)) 455) (o)
    (not (= (if #18500 #18309 #18433) 455)) (a)
  (not (<= (+ #4134 #4817) 0)) (c)

Worker 2 CUBE SIZE IN MAIN LOOP: 2
 Checking cube
(not (= (if #3750 #3805 #3788) 455))
(<= (+ (if #27 143 0) (* -1 #104)) 0)
with max_conflicts: 2250
Worker 1 DONE checking cube l_undef
Worker 1 found undef cube
Batch manager splitting on literal: (or (not (= i844 1)) (= i1041 0) (not (or #4126 #4151 #4182)) (if (or #4126 #4151) (not #19336) (not #19416)) (not (or #4126 #4156 #19417 #19341 #19415 #19345)) (if (or #19340 #19347) (not #19351) (not #19361)) (if (or #19340 #19347) (= #19349 0) (not #19366)) (not (or #4126 #4151 #19339 #19340 #19347 #19334)) (not (or #4126 #4151 #19339 #19334)))
null (o)
  (<= (+ (if #4125 143 0) (* -1 #4566)) 0) (o)
    (= (if (or #19089 #18932 #18280 #18888 #18860 #18865 #18868 #18265 #18873 #18808 #18879 #18831 #18792 #18804 #18499) (if #18435 #18308 467) (if #18853 #18430 #18398)) 455) (a)
    (not (= (if #18500 #18309 #18433) 455)) (a)
  (not (<= (+ #4134 #4817) 0)) (c)

Worker 1 CUBE SIZE IN MAIN LOOP: 2
 Checking cube
(= (if (or #2478 #2972 #2985 #2993 #3001 #3009 #3013 #3020 #3025 #3051 #3060 #3068 #3076 #3084 #3749) (if #3796 #3814 467) (if #2973 #3752 #3787)) 455)
(<= (+ (if #27 143 0) (* -1 #104)) 0)
with max_conflicts: 2250
Worker 1 DONE checking cube l_false
Worker 1 found unsat cube
Batch manager backtracking.
(= (if (or #2478 #2972 #2985 #2993 #3001 #3009 #3013 #3020 #3025 #3051 #3060 #3068 #3076 #3084 #3749) (if #3796 #3814 467) (if #2973 #3752 #3787)) 455)

null (o)
  (<= (+ (if #4125 143 0) (* -1 #4566)) 0) (o)
    (= (if (or #19089 #18932 #18280 #18888 #18860 #18865 #18868 #18265 #18873 #18808 #18879 #18831 #18792 #18804 #18499) (if #18435 #18308 467) (if #18853 #18430 #18398)) 455) (c)
    (not (= (if #18500 #18309 #18433) 455)) (a)
  (not (<= (+ #4134 #4817) 0)) (c)
null (o)
  (<= (+ (if #4125 143 0) (* -1 #4566)) 0) (o)
    (= (if (or #19089 #18932 #18280 #18888 #18860 #18865 #18868 #18265 #18873 #18808 #18879 #18831 #18792 #18804 #18499) (if #18435 #18308 467) (if #18853 #18430 #18398)) 455) (c)
    (not (= (if #18500 #18309 #18433) 455)) (a)
  (not (<= (+ #4134 #4817) 0)) (c)

Worker 1 CUBE SIZE IN MAIN LOOP: 2
 Checking cube
(not (= (if #3750 #3805 #3788) 455))
(<= (+ (if #27 143 0) (* -1 #104)) 0)
with max_conflicts: 2250
Worker 3 DONE checking cube l_undef
Worker 3 found undef cube
Batch manager splitting on literal: (or (if (or #19089 #18932) (not #18855) (not #18717)) (if (or #19089 #18932) (= #18931 0) (not #18650)) (not (or #19089 #18932 #18658)) (not (or #19089 #18932 #18280 #18666)) (not (or #19089 #18932 #18280 #18888 #18860 #18676)) (not (or #19089 #18932 #18280 #18888 #18860 #18865 #18608)) (not (or #19089 #18932 #18280 #18888 #18860 #18865 #18617)) (not (or #19089 #18932 #18280 #18888 #18860 #18865 #18868 #18265 #18629)) (not (or #19089 #18932 #18280 #18888 #18860 #18865 #18868 #18265 #18638)) (not (or #18572 #18193)))
null (o)
  (<= (+ (if #4125 143 0) (* -1 #4566)) 0) (o)
    (= (if (or #19089 #18932 #18280 #18888 #18860 #18865 #18868 #18265 #18873 #18808 #18879 #18831 #18792 #18804 #18499) (if #18435 #18308 467) (if #18853 #18430 #18398)) 455) (c)
    (not (= (if #18500 #18309 #18433) 455)) (a)
  (not (<= (+ #4134 #4817) 0)) (c)

Worker 3 CUBE SIZE IN MAIN LOOP: 2
 Checking cube
(not (= (if #3750 #3805 #3788) 455))
(<= (+ (if #27 143 0) (* -1 #104)) 0)
with max_conflicts: 2250
Worker 0 DONE checking cube l_undef
Worker 0 found undef cube
Batch manager splitting on literal: (= (if (or #21081 #15866 #15906 #15916 #15720 #15561 #15572 #15582 #15389 #15398 #14406 #12234) (if #12143 #11752 467) (if #15864 #11817 224)) 417)
null (o)
  (<= (+ (if #4125 143 0) (* -1 #4566)) 0) (o)
    (= (if (or #19089 #18932 #18280 #18888 #18860 #18865 #18868 #18265 #18873 #18808 #18879 #18831 #18792 #18804 #18499) (if #18435 #18308 467) (if #18853 #18430 #18398)) 455) (c)
    (not (= (if #18500 #18309 #18433) 455)) (a)
  (not (<= (+ #4134 #4817) 0)) (c)

Worker 0 CUBE SIZE IN MAIN LOOP: 2
 Checking cube
(not (= (if #3750 #3805 #3788) 455))
(<= (+ (if #27 143 0) (* -1 #104)) 0)
with max_conflicts: 2250
Worker 2 DONE checking cube l_undef
Worker 2 found undef cube
Batch manager splitting on literal: (or (not (= i844 1)) (= i1041 0) (not (or #4126 #4151 #4182)) (if (or #4126 #4151) (not #19336) (not #19416)) (not (or #4126 #4156 #19417 #19341 #19415 #19345)) (if (or #19340 #19347) (not #19351) (not #19361)) (if (or #19340 #19347) (= #19349 0) (not #19366)) (not (or #4126 #4151 #19339 #19340 #19347 #19334)) (not (or #4126 #4151 #19339 #19334)))
null (o)
  (<= (+ (if #4125 143 0) (* -1 #4566)) 0) (o)
    (= (if (or #19089 #18932 #18280 #18888 #18860 #18865 #18868 #18265 #18873 #18808 #18879 #18831 #18792 #18804 #18499) (if #18435 #18308 467) (if #18853 #18430 #18398)) 455) (c)
    (not (= (if #18500 #18309 #18433) 455)) (o)
      (or (not (= i844 1)) (= i1041 0) (not (or #4126 #4151 #4182)) (if (or #4126 #4151) (not #19336) (not #19416)) (not (or #4126 #4156 #19417 #19341 #19415 #19345)) (if (or #19340 #19347) (not #19351) (not #19361)) (if (or #19340 #19347) (= #19349 0) (not #19366)) (not (or #4126 #4151 #19339 #19340 #19347 #19334)) (not (or #4126 #4151 #19339 #19334))) (a)
      (not (or (not #4125) (= i1041 0) (not #19416) (if #4152 #19337 #19339) (not #19414) (if #19348 #19412 #19410) (if #19348 #19351 #19327) (not #19282) (not #19338))) (o)
  (not (<= (+ #4134 #4817) 0)) (c)

Worker 2 CUBE SIZE IN MAIN LOOP: 3
 Checking cube
(or (not (= i844 1)) (= i1041 0) (not (or #28 #30 #37)) (if (or #28 #30) (not #1502) (not #1498)) (not (or #28 #32 #1501 #1506 #1508 #1510)) (if (or #1504 #1788) (not #1792) (not #1801)) (if (or #1504 #1788) (= #1791 0) (not #1817)) (not (or #28 #30 #1499 #1504 #1788 #1822)) (not (or #28 #30 #1499 #1822)))
(not (= (if #3750 #3805 #3788) 455))
(<= (+ (if #27 143 0) (* -1 #104)) 0)
with max_conflicts: 3375
Worker 0 DONE checking cube l_false
Worker 0 found unsat cube
Batch manager backtracking.
(<= (+ (if #27 143 0) (* -1 #104)) 0)

null (c)
  (<= (+ (if #4125 143 0) (* -1 #4566)) 0) (c)
    (= (if (or #19089 #18932 #18280 #18888 #18860 #18865 #18868 #18265 #18873 #18808 #18879 #18831 #18792 #18804 #18499) (if #18435 #18308 467) (if #18853 #18430 #18398)) 455) (c)
    (not (= (if #18500 #18309 #18433) 455)) (c)
      (or (not (= i844 1)) (= i1041 0) (not (or #4126 #4151 #4182)) (if (or #4126 #4151) (not #19336) (not #19416)) (not (or #4126 #4156 #19417 #19341 #19415 #19345)) (if (or #19340 #19347) (not #19351) (not #19361)) (if (or #19340 #19347) (= #19349 0) (not #19366)) (not (or #4126 #4151 #19339 #19340 #19347 #19334)) (not (or #4126 #4151 #19339 #19334))) (c)
      (not (or (not #4125) (= i1041 0) (not #19416) (if #4152 #19337 #19339) (not #19414) (if #19348 #19412 #19410) (if #19348 #19351 #19327) (not #19282) (not #19338))) (c)
  (not (<= (+ #4134 #4817) 0)) (c)
Canceling workers
Worker 0 canceling
Worker 1 canceling
Worker 2 canceling
Worker 3 canceling
Worker 3 DONE checking cube l_undef
all done
Worker 0 no more cubes
Worker 1 DONE checking cube l_undef
Batch manager setting exception msg: context cancelled.
Worker 2 DONE checking cube l_undef
Batch manager setting exception msg: context cancelled.
Batch manager setting exception msg: context cancelled.
unsat
(:added-eqs                   1181970
 :arith-eq-adapter            3172
 :arith-bound-propagations-lp 145755
 :arith-conflicts             491
 :arith-diseq                 112869
 :arith-fixed-eqs             152687
 :arith-lower                 92536
 :arith-make-feasible         48947
 :arith-max-columns           1665
 :arith-max-rows              685
 :arith-offset-eqs            44913
 :arith-upper                 165720
 :binary-propagations         3436201
 :conflicts                   19630
 :decisions                   457981
 :del-clause                  14156
 :max-memory                  113.31
 :memory                      19.15
 :minimized-lits              103716
 :mk-bool-var                 22259
 :mk-clause                   31734
 :mk-clause-binary            61374
 :num-allocs                  51819011
 :num-checks                  16
 :parallel-max-cube-size      3
 :parallel-num_cubes          9
 :propagations                4950631
 :restarts                    168
 :rlimit-count                14177447
 :time                        0.59
 :total-time                  2.13)
