Worker 0 created with 0 assumptions
Worker 1 created with 0 assumptions
Worker 2 created with 0 assumptions
Worker 3 created with 0 assumptions
null (a)

Worker 0 CUBE SIZE IN MAIN LOOP: 0
 Checking cube
with max_conflicts: 1000
null (a)

Worker 1 CUBE SIZE IN MAIN LOOP: 0
 Checking cube
with max_conflicts: 1000
null (a)

Worker 2 CUBE SIZE IN MAIN LOOP: 0
 Checking cube
with max_conflicts: 1000
null (a)

Worker 3 CUBE SIZE IN MAIN LOOP: 0
 Checking cube
with max_conflicts: 1000
Worker 2 DONE checking cube l_undef
Worker 2 found undef cube
Batch manager splitting on literal: (= i844 1)
null (o)
  (= i844 1) (a)
  (not (= i844 1)) (o)

Worker 2 CUBE SIZE IN MAIN LOOP: 1
 Checking cube
(= i844 1)
with max_conflicts: 1500
Worker 1 DONE checking cube l_undef
Worker 1 found undef cube
Batch manager splitting on literal: (= (if (or #18719 #18281 #18284 #18290 #18331 #18236 #18264 #18241 #18253 #18219 #18141 #18209 #18259) (if #17946 #15858 467) (if #18375 #16076 243)) 469)
null (o)
  (= i844 1) (a)
  (not (= i844 1)) (a)

Worker 0 DONE checking cube l_undef
Worker 0 found undef cube
Worker 1 CUBE SIZE IN MAIN LOOP: 1
 Checking cube
(not (= i844 1))
with max_conflicts: 1500
Batch manager splitting on literal: (= i844 1)
null (o)
  (= i844 1) (a)
  (not (= i844 1)) (a)

Worker 3 DONE checking cube l_undef
Worker 3 found undef cube
Worker 0 CUBE SIZE IN MAIN LOOP: 1
 Checking cube
(= i844 1)
with max_conflicts: 1500
Batch manager splitting on literal: (= i844 1)
null (o)
  (= i844 1) (a)
  (not (= i844 1)) (a)

Worker 3 CUBE SIZE IN MAIN LOOP: 1
 Checking cube
(= i844 1)
with max_conflicts: 1500
Worker 1 DONE checking cube l_false
Worker 1 found unsat cube
Batch manager backtracking.
(not (= i844 1))

null (o)
  (= i844 1) (a)
  (not (= i844 1)) (c)
null (o)
  (= i844 1) (a)
  (not (= i844 1)) (c)

Worker 1 CUBE SIZE IN MAIN LOOP: 1
 Checking cube
(= i844 1)
with max_conflicts: 1500
Worker 0 DONE checking cube l_undef
Worker 0 found undef cube
Batch manager splitting on literal: (or (if (or #19089 #18932) (not #18855) (not #18717)) (if (or #19089 #18932) (= #18931 0) (not #18650)) (not (or #19089 #18932 #18658)) (not (or #19089 #18932 #18280 #18666)) (not (or #19089 #18932 #18280 #18888 #18860 #18676)) (not (or #19089 #18932 #18280 #18888 #18860 #18865 #18608)) (not (or #19089 #18932 #18280 #18888 #18860 #18865 #18617)) (not (or #19089 #18932 #18280 #18888 #18860 #18865 #18868 #18265 #18629)) (not (or #19089 #18932 #18280 #18888 #18860 #18865 #18868 #18265 #18638)) (not (or #19089 #18932 #18280 #18888 #18860 #18865 #18868 #18265 #18873 #18808 #18570)) (not (or #19089 #18932 #18280 #18888 #18860 #18865 #18868 #18265 #18873 #18808 #18879 #18578)) (not (or #19089 #18932 #18280 #18888 #18860 #18865 #18868 #18265 #18873 #18808 #18879 #18831 #18792 #18804 #18802 #18814 ...)) (not (or #19089 #18932 #18280 #18888 #18860 #18865 #18868 #18265 #18873 #18808 #18879 #18831 #18596)) (not (or #19089 #18932 #18280 #18888 #18860 #18865 #18868 #18265 #18873 #18808 #18879 #18831 #18605)) (not (or #18535 #18144)))
null (o)
  (= i844 1) (o)
    (or (if (or #19089 #18932) (not #18855) (not #18717)) (if (or #19089 #18932) (= #18931 0) (not #18650)) (not (or #19089 #18932 #18658)) (not (or #19089 #18932 #18280 #18666)) (not (or #19089 #18932 #18280 #18888 #18860 #18676)) (not (or #19089 #18932 #18280 #18888 #18860 #18865 #18608)) (not (or #19089 #18932 #18280 #18888 #18860 #18865 #18617)) (not (or #19089 #18932 #18280 #18888 #18860 #18865 #18868 #18265 #18629)) (not (or #19089 #18932 #18280 #18888 #18860 #18865 #18868 #18265 #18638)) (not (or #19089 #18932 #18280 #18888 #18860 #18865 #18868 #18265 #18873 #18808 #18570)) (not (or #19089 #18932 #18280 #18888 #18860 #18865 #18868 #18265 #18873 #18808 #18879 #18578)) (not (or #19089 #18932 #18280 #18888 #18860 #18865 #18868 #18265 #18873 #18808 #18879 #18831 #18792 #18804 #18802 #18814 ...)) (not (or #19089 #18932 #18280 #18888 #18860 #18865 #18868 #18265 #18873 #18808 #18879 #18831 #18596)) (not (or #19089 #18932 #18280 #18888 #18860 #18865 #18868 #18265 #18873 #18808 #18879 #18831 #18605)) (not (or #18535 #18144))) (o)
    (not (or (if #18853 #18270 #18718) (if #18853 #18855 #18651) (not #18659) (not #18669) (not #18677) (not #18609) (not #18618) (not #18630) (not #18639) (not #18571) (not #18579) (not #18589) (not #18597) (not #18606) (not #18205))) (a)
  (not (= i844 1)) (c)

Worker 0 CUBE SIZE IN MAIN LOOP: 2
 Checking cube
(not (or (if #2973 #3569 #3573) (if #2973 #3568 #3583) (not #3592) (not #3600) (not #3608) (not #3616) (not #3625) (not #3633) (not #3642) (not #3654) (not #3680) (not #3688) (not #3697) (not #3706) (not #4359)))
(= i844 1)
with max_conflicts: 2250
Worker 0 DONE checking cube l_false
Worker 0 found unsat cube
Batch manager backtracking.
(not (or (if #2973 #3569 #3573) (if #2973 #3568 #3583) (not #3592) (not #3600) (not #3608) (not #3616) (not #3625) (not #3633) (not #3642) (not #3654) (not #3680) (not #3688) (not #3697) (not #3706) (not #4359)))

null (o)
  (= i844 1) (o)
    (or (if (or #19089 #18932) (not #18855) (not #18717)) (if (or #19089 #18932) (= #18931 0) (not #18650)) (not (or #19089 #18932 #18658)) (not (or #19089 #18932 #18280 #18666)) (not (or #19089 #18932 #18280 #18888 #18860 #18676)) (not (or #19089 #18932 #18280 #18888 #18860 #18865 #18608)) (not (or #19089 #18932 #18280 #18888 #18860 #18865 #18617)) (not (or #19089 #18932 #18280 #18888 #18860 #18865 #18868 #18265 #18629)) (not (or #19089 #18932 #18280 #18888 #18860 #18865 #18868 #18265 #18638)) (not (or #19089 #18932 #18280 #18888 #18860 #18865 #18868 #18265 #18873 #18808 #18570)) (not (or #19089 #18932 #18280 #18888 #18860 #18865 #18868 #18265 #18873 #18808 #18879 #18578)) (not (or #19089 #18932 #18280 #18888 #18860 #18865 #18868 #18265 #18873 #18808 #18879 #18831 #18792 #18804 #18802 #18814 ...)) (not (or #19089 #18932 #18280 #18888 #18860 #18865 #18868 #18265 #18873 #18808 #18879 #18831 #18596)) (not (or #19089 #18932 #18280 #18888 #18860 #18865 #18868 #18265 #18873 #18808 #18879 #18831 #18605)) (not (or #18535 #18144))) (o)
    (not (or (if #18853 #18270 #18718) (if #18853 #18855 #18651) (not #18659) (not #18669) (not #18677) (not #18609) (not #18618) (not #18630) (not #18639) (not #18571) (not #18579) (not #18589) (not #18597) (not #18606) (not #18205))) (c)
  (not (= i844 1)) (c)
null (o)
  (= i844 1) (o)
    (or (if (or #19089 #18932) (not #18855) (not #18717)) (if (or #19089 #18932) (= #18931 0) (not #18650)) (not (or #19089 #18932 #18658)) (not (or #19089 #18932 #18280 #18666)) (not (or #19089 #18932 #18280 #18888 #18860 #18676)) (not (or #19089 #18932 #18280 #18888 #18860 #18865 #18608)) (not (or #19089 #18932 #18280 #18888 #18860 #18865 #18617)) (not (or #19089 #18932 #18280 #18888 #18860 #18865 #18868 #18265 #18629)) (not (or #19089 #18932 #18280 #18888 #18860 #18865 #18868 #18265 #18638)) (not (or #19089 #18932 #18280 #18888 #18860 #18865 #18868 #18265 #18873 #18808 #18570)) (not (or #19089 #18932 #18280 #18888 #18860 #18865 #18868 #18265 #18873 #18808 #18879 #18578)) (not (or #19089 #18932 #18280 #18888 #18860 #18865 #18868 #18265 #18873 #18808 #18879 #18831 #18792 #18804 #18802 #18814 ...)) (not (or #19089 #18932 #18280 #18888 #18860 #18865 #18868 #18265 #18873 #18808 #18879 #18831 #18596)) (not (or #19089 #18932 #18280 #18888 #18860 #18865 #18868 #18265 #18873 #18808 #18879 #18831 #18605)) (not (or #18535 #18144))) (a)
    (not (or (if #18853 #18270 #18718) (if #18853 #18855 #18651) (not #18659) (not #18669) (not #18677) (not #18609) (not #18618) (not #18630) (not #18639) (not #18571) (not #18579) (not #18589) (not #18597) (not #18606) (not #18205))) (c)
  (not (= i844 1)) (c)

Worker 0 CUBE SIZE IN MAIN LOOP: 2
 Checking cube
(or (if (or #2478 #2972) (not #3568) (not #3572)) (if (or #2478 #2972) (= #3567 0) (not #3582)) (not (or #2478 #2972 #3591)) (not (or #2478 #2972 #2985 #3596)) (not (or #2478 #2972 #2985 #2993 #3001 #3607)) (not (or #2478 #2972 #2985 #2993 #3001 #3009 #3615)) (not (or #2478 #2972 #2985 #2993 #3001 #3009 #3624)) (not (or #2478 #2972 #2985 #2993 #3001 #3009 #3013 #3020 #3632)) (not (or #2478 #2972 #2985 #2993 #3001 #3009 #3013 #3020 #3641)) (not (or #2478 #2972 #2985 #2993 #3001 #3009 #3013 #3020 #3025 #3051 #3653)) (not (or #2478 #2972 #2985 #2993 #3001 #3009 #3013 #3020 #3025 #3051 #3060 #3679)) (not (or #2478 #2972 #2985 #2993 #3001 #3009 #3013 #3020 #3025 #3051 #3060 #3068 #3076 #3084 #3093 #3102 ...)) (not (or #2478 #2972 #2985 #2993 #3001 #3009 #3013 #3020 #3025 #3051 #3060 #3068 #3696)) (not (or #2478 #2972 #2985 #2993 #3001 #3009 #3013 #3020 #3025 #3051 #3060 #3068 #3705)) (not (or #3709 #4358)))
(= i844 1)
with max_conflicts: 2250
Worker 3 DONE checking cube l_undef
Worker 3 found undef cube
Batch manager splitting on literal: (= (if (or #21081 #15866 #15906 #15916 #15720 #15561 #15572 #15582 #15389 #15398 #14406 #12234) (if #12143 #11752 467) (if #15864 #11817 224)) 417)
null (o)
  (= i844 1) (o)
    (or (if (or #19089 #18932) (not #18855) (not #18717)) (if (or #19089 #18932) (= #18931 0) (not #18650)) (not (or #19089 #18932 #18658)) (not (or #19089 #18932 #18280 #18666)) (not (or #19089 #18932 #18280 #18888 #18860 #18676)) (not (or #19089 #18932 #18280 #18888 #18860 #18865 #18608)) (not (or #19089 #18932 #18280 #18888 #18860 #18865 #18617)) (not (or #19089 #18932 #18280 #18888 #18860 #18865 #18868 #18265 #18629)) (not (or #19089 #18932 #18280 #18888 #18860 #18865 #18868 #18265 #18638)) (not (or #19089 #18932 #18280 #18888 #18860 #18865 #18868 #18265 #18873 #18808 #18570)) (not (or #19089 #18932 #18280 #18888 #18860 #18865 #18868 #18265 #18873 #18808 #18879 #18578)) (not (or #19089 #18932 #18280 #18888 #18860 #18865 #18868 #18265 #18873 #18808 #18879 #18831 #18792 #18804 #18802 #18814 ...)) (not (or #19089 #18932 #18280 #18888 #18860 #18865 #18868 #18265 #18873 #18808 #18879 #18831 #18596)) (not (or #19089 #18932 #18280 #18888 #18860 #18865 #18868 #18265 #18873 #18808 #18879 #18831 #18605)) (not (or #18535 #18144))) (a)
    (not (or (if #18853 #18270 #18718) (if #18853 #18855 #18651) (not #18659) (not #18669) (not #18677) (not #18609) (not #18618) (not #18630) (not #18639) (not #18571) (not #18579) (not #18589) (not #18597) (not #18606) (not #18205))) (c)
  (not (= i844 1)) (c)

Worker 3 CUBE SIZE IN MAIN LOOP: 2
 Checking cube
(or (if (or #2478 #2972) (not #3568) (not #3572)) (if (or #2478 #2972) (= #3567 0) (not #3582)) (not (or #2478 #2972 #3591)) (not (or #2478 #2972 #2985 #3596)) (not (or #2478 #2972 #2985 #2993 #3001 #3607)) (not (or #2478 #2972 #2985 #2993 #3001 #3009 #3615)) (not (or #2478 #2972 #2985 #2993 #3001 #3009 #3624)) (not (or #2478 #2972 #2985 #2993 #3001 #3009 #3013 #3020 #3632)) (not (or #2478 #2972 #2985 #2993 #3001 #3009 #3013 #3020 #3641)) (not (or #2478 #2972 #2985 #2993 #3001 #3009 #3013 #3020 #3025 #3051 #3653)) (not (or #2478 #2972 #2985 #2993 #3001 #3009 #3013 #3020 #3025 #3051 #3060 #3679)) (not (or #2478 #2972 #2985 #2993 #3001 #3009 #3013 #3020 #3025 #3051 #3060 #3068 #3076 #3084 #3093 #3102 ...)) (not (or #2478 #2972 #2985 #2993 #3001 #3009 #3013 #3020 #3025 #3051 #3060 #3068 #3696)) (not (or #2478 #2972 #2985 #2993 #3001 #3009 #3013 #3020 #3025 #3051 #3060 #3068 #3705)) (not (or #3709 #4358)))
(= i844 1)
with max_conflicts: 2250
Worker 2 DONE checking cube l_undef
Worker 2 found undef cube
Batch manager splitting on literal: (or (not (or #4126 #4151 #19339 #19340 #19347 #19362 #19281 #19334 #19286 #19323 #19319 #19305 #19227 #19315 #19313 #19270 ...)) (not (or #19362 #19286 #19227 #19263 #19187 #19259 #19192 #19219 #19211)) (not (or #19192 #19135)) (not (or #19192 #19113)) (not (or #19362 #19286 #19227 #19263 #19192 #19059)) (not (or #19065 #19098)))
null (o)
  (= i844 1) (o)
    (or (if (or #19089 #18932) (not #18855) (not #18717)) (if (or #19089 #18932) (= #18931 0) (not #18650)) (not (or #19089 #18932 #18658)) (not (or #19089 #18932 #18280 #18666)) (not (or #19089 #18932 #18280 #18888 #18860 #18676)) (not (or #19089 #18932 #18280 #18888 #18860 #18865 #18608)) (not (or #19089 #18932 #18280 #18888 #18860 #18865 #18617)) (not (or #19089 #18932 #18280 #18888 #18860 #18865 #18868 #18265 #18629)) (not (or #19089 #18932 #18280 #18888 #18860 #18865 #18868 #18265 #18638)) (not (or #19089 #18932 #18280 #18888 #18860 #18865 #18868 #18265 #18873 #18808 #18570)) (not (or #19089 #18932 #18280 #18888 #18860 #18865 #18868 #18265 #18873 #18808 #18879 #18578)) (not (or #19089 #18932 #18280 #18888 #18860 #18865 #18868 #18265 #18873 #18808 #18879 #18831 #18792 #18804 #18802 #18814 ...)) (not (or #19089 #18932 #18280 #18888 #18860 #18865 #18868 #18265 #18873 #18808 #18879 #18831 #18596)) (not (or #19089 #18932 #18280 #18888 #18860 #18865 #18868 #18265 #18873 #18808 #18879 #18831 #18605)) (not (or #18535 #18144))) (a)
    (not (or (if #18853 #18270 #18718) (if #18853 #18855 #18651) (not #18659) (not #18669) (not #18677) (not #18609) (not #18618) (not #18630) (not #18639) (not #18571) (not #18579) (not #18589) (not #18597) (not #18606) (not #18205))) (c)
  (not (= i844 1)) (c)

Worker 2 CUBE SIZE IN MAIN LOOP: 2
 Checking cube
(or (if (or #2478 #2972) (not #3568) (not #3572)) (if (or #2478 #2972) (= #3567 0) (not #3582)) (not (or #2478 #2972 #3591)) (not (or #2478 #2972 #2985 #3596)) (not (or #2478 #2972 #2985 #2993 #3001 #3607)) (not (or #2478 #2972 #2985 #2993 #3001 #3009 #3615)) (not (or #2478 #2972 #2985 #2993 #3001 #3009 #3624)) (not (or #2478 #2972 #2985 #2993 #3001 #3009 #3013 #3020 #3632)) (not (or #2478 #2972 #2985 #2993 #3001 #3009 #3013 #3020 #3641)) (not (or #2478 #2972 #2985 #2993 #3001 #3009 #3013 #3020 #3025 #3051 #3653)) (not (or #2478 #2972 #2985 #2993 #3001 #3009 #3013 #3020 #3025 #3051 #3060 #3679)) (not (or #2478 #2972 #2985 #2993 #3001 #3009 #3013 #3020 #3025 #3051 #3060 #3068 #3076 #3084 #3093 #3102 ...)) (not (or #2478 #2972 #2985 #2993 #3001 #3009 #3013 #3020 #3025 #3051 #3060 #3068 #3696)) (not (or #2478 #2972 #2985 #2993 #3001 #3009 #3013 #3020 #3025 #3051 #3060 #3068 #3705)) (not (or #3709 #4358)))
(= i844 1)
with max_conflicts: 2250
Worker 1 DONE checking cube l_undef
Worker 1 found undef cube
Batch manager splitting on literal: (or (not (or #19362 #19286 #19227 #19263 #19187 #19259 #19192 #19219 #19211 #19123 #19136 #19139 #19060 #19065 #19069 #19106 ...)) (not (or #19093 #19123 #12678 #19000 #19054 #19052 #19101 #19014 #19018 #19022 #19055 #19034 #19050 #18947 #18948 #19048 ...)) (not (or #19089 #18278)) (not (or #19089 #18883)) (not (or #19123 #19089 #12678 #18886)) (not (or #19123 #19089 #12678 #19000 #18864)) (not (or #19093 #19123 #19089 #12678 #19000 #19054 #19052 #19101 #19014 #19018 #19022 #19055 #19034 #19050 #18947 #18948 ...)) (not (or #19093 #19123 #19089 #12678 #19000 #19054 #19052 #19101 #19014 #19018 #19022 #19055 #19034 #19050 #18947 #18948 ...)) (not (or #19093 #19123 #19089 #12678 #19000 #19054 #19052 #19101 #19014 #19018 #19022 #19055 #19034 #19050 #18947 #18948 ...)) (not (or #19123 #19089 #12678 #19000 #19054 #18823)) (not (or #19123 #19089 #12678 #19000 #19054 #18784)) (not (or #19123 #19089 #12678 #19000 #19054 #19052 #19101 #18877)) (not (if #18874 #18593 #18594)))
null (o)
  (= i844 1) (o)
    (or (if (or #19089 #18932) (not #18855) (not #18717)) (if (or #19089 #18932) (= #18931 0) (not #18650)) (not (or #19089 #18932 #18658)) (not (or #19089 #18932 #18280 #18666)) (not (or #19089 #18932 #18280 #18888 #18860 #18676)) (not (or #19089 #18932 #18280 #18888 #18860 #18865 #18608)) (not (or #19089 #18932 #18280 #18888 #18860 #18865 #18617)) (not (or #19089 #18932 #18280 #18888 #18860 #18865 #18868 #18265 #18629)) (not (or #19089 #18932 #18280 #18888 #18860 #18865 #18868 #18265 #18638)) (not (or #19089 #18932 #18280 #18888 #18860 #18865 #18868 #18265 #18873 #18808 #18570)) (not (or #19089 #18932 #18280 #18888 #18860 #18865 #18868 #18265 #18873 #18808 #18879 #18578)) (not (or #19089 #18932 #18280 #18888 #18860 #18865 #18868 #18265 #18873 #18808 #18879 #18831 #18792 #18804 #18802 #18814 ...)) (not (or #19089 #18932 #18280 #18888 #18860 #18865 #18868 #18265 #18873 #18808 #18879 #18831 #18596)) (not (or #19089 #18932 #18280 #18888 #18860 #18865 #18868 #18265 #18873 #18808 #18879 #18831 #18605)) (not (or #18535 #18144))) (a)
    (not (or (if #18853 #18270 #18718) (if #18853 #18855 #18651) (not #18659) (not #18669) (not #18677) (not #18609) (not #18618) (not #18630) (not #18639) (not #18571) (not #18579) (not #18589) (not #18597) (not #18606) (not #18205))) (c)
  (not (= i844 1)) (c)

Worker 1 CUBE SIZE IN MAIN LOOP: 2
 Checking cube
(or (if (or #2478 #2972) (not #3568) (not #3572)) (if (or #2478 #2972) (= #3567 0) (not #3582)) (not (or #2478 #2972 #3591)) (not (or #2478 #2972 #2985 #3596)) (not (or #2478 #2972 #2985 #2993 #3001 #3607)) (not (or #2478 #2972 #2985 #2993 #3001 #3009 #3615)) (not (or #2478 #2972 #2985 #2993 #3001 #3009 #3624)) (not (or #2478 #2972 #2985 #2993 #3001 #3009 #3013 #3020 #3632)) (not (or #2478 #2972 #2985 #2993 #3001 #3009 #3013 #3020 #3641)) (not (or #2478 #2972 #2985 #2993 #3001 #3009 #3013 #3020 #3025 #3051 #3653)) (not (or #2478 #2972 #2985 #2993 #3001 #3009 #3013 #3020 #3025 #3051 #3060 #3679)) (not (or #2478 #2972 #2985 #2993 #3001 #3009 #3013 #3020 #3025 #3051 #3060 #3068 #3076 #3084 #3093 #3102 ...)) (not (or #2478 #2972 #2985 #2993 #3001 #3009 #3013 #3020 #3025 #3051 #3060 #3068 #3696)) (not (or #2478 #2972 #2985 #2993 #3001 #3009 #3013 #3020 #3025 #3051 #3060 #3068 #3705)) (not (or #3709 #4358)))
(= i844 1)
with max_conflicts: 2250
Worker 3 DONE checking cube l_undef
Worker 3 found undef cube
Batch manager splitting on literal: (= (if (or #13311 #11758 #11762 #11680 #11688 #11664 #11672 #11657 #11625 #10819 #10722 #10703 #10569 #25649) (if #25669 #25965 467) (if #11757 #25860 224)) 133)
null (o)
  (= i844 1) (o)
    (or (if (or #19089 #18932) (not #18855) (not #18717)) (if (or #19089 #18932) (= #18931 0) (not #18650)) (not (or #19089 #18932 #18658)) (not (or #19089 #18932 #18280 #18666)) (not (or #19089 #18932 #18280 #18888 #18860 #18676)) (not (or #19089 #18932 #18280 #18888 #18860 #18865 #18608)) (not (or #19089 #18932 #18280 #18888 #18860 #18865 #18617)) (not (or #19089 #18932 #18280 #18888 #18860 #18865 #18868 #18265 #18629)) (not (or #19089 #18932 #18280 #18888 #18860 #18865 #18868 #18265 #18638)) (not (or #19089 #18932 #18280 #18888 #18860 #18865 #18868 #18265 #18873 #18808 #18570)) (not (or #19089 #18932 #18280 #18888 #18860 #18865 #18868 #18265 #18873 #18808 #18879 #18578)) (not (or #19089 #18932 #18280 #18888 #18860 #18865 #18868 #18265 #18873 #18808 #18879 #18831 #18792 #18804 #18802 #18814 ...)) (not (or #19089 #18932 #18280 #18888 #18860 #18865 #18868 #18265 #18873 #18808 #18879 #18831 #18596)) (not (or #19089 #18932 #18280 #18888 #18860 #18865 #18868 #18265 #18873 #18808 #18879 #18831 #18605)) (not (or #18535 #18144))) (o)
      (= (if (or #13311 #11758 #11762 #11680 #11688 #11664 #11672 #11657 #11625 #10819 #10722 #10703 #10569 #25649) (if #25669 #25965 467) (if #11757 #25860 224)) 133) (a)
      (not (= (if #25650 #25966 #25861) 133)) (o)
    (not (or (if #18853 #18270 #18718) (if #18853 #18855 #18651) (not #18659) (not #18669) (not #18677) (not #18609) (not #18618) (not #18630) (not #18639) (not #18571) (not #18579) (not #18589) (not #18597) (not #18606) (not #18205))) (c)
  (not (= i844 1)) (c)

Worker 3 CUBE SIZE IN MAIN LOOP: 3
 Checking cube
(= (if (or #9203 #9437 #9441 #9454 #9462 #9470 #9478 #9495 #9504 #9523 #9532 #9540 #9548 #10022) (if #10063 #10087 467) (if #9436 #10054 224)) 133)
(or (if (or #2478 #2972) (not #3568) (not #3572)) (if (or #2478 #2972) (= #3567 0) (not #3582)) (not (or #2478 #2972 #3591)) (not (or #2478 #2972 #2985 #3596)) (not (or #2478 #2972 #2985 #2993 #3001 #3607)) (not (or #2478 #2972 #2985 #2993 #3001 #3009 #3615)) (not (or #2478 #2972 #2985 #2993 #3001 #3009 #3624)) (not (or #2478 #2972 #2985 #2993 #3001 #3009 #3013 #3020 #3632)) (not (or #2478 #2972 #2985 #2993 #3001 #3009 #3013 #3020 #3641)) (not (or #2478 #2972 #2985 #2993 #3001 #3009 #3013 #3020 #3025 #3051 #3653)) (not (or #2478 #2972 #2985 #2993 #3001 #3009 #3013 #3020 #3025 #3051 #3060 #3679)) (not (or #2478 #2972 #2985 #2993 #3001 #3009 #3013 #3020 #3025 #3051 #3060 #3068 #3076 #3084 #3093 #3102 ...)) (not (or #2478 #2972 #2985 #2993 #3001 #3009 #3013 #3020 #3025 #3051 #3060 #3068 #3696)) (not (or #2478 #2972 #2985 #2993 #3001 #3009 #3013 #3020 #3025 #3051 #3060 #3068 #3705)) (not (or #3709 #4358)))
(= i844 1)
with max_conflicts: 3375
Worker 2 DONE checking cube l_undef
Worker 2 found undef cube
Worker 0 DONE checking cube l_undef
Worker 0 found undef cube
Batch manager splitting on literal: (= (if (or #21081 #15866 #15906 #15916 #15720 #15561 #15572 #15582 #15389 #15398 #14406 #12234) (if #12143 #11752 467) (if #15864 #11817 224)) 417)
null (o)
  (= i844 1) (o)
    (or (if (or #19089 #18932) (not #18855) (not #18717)) (if (or #19089 #18932) (= #18931 0) (not #18650)) (not (or #19089 #18932 #18658)) (not (or #19089 #18932 #18280 #18666)) (not (or #19089 #18932 #18280 #18888 #18860 #18676)) (not (or #19089 #18932 #18280 #18888 #18860 #18865 #18608)) (not (or #19089 #18932 #18280 #18888 #18860 #18865 #18617)) (not (or #19089 #18932 #18280 #18888 #18860 #18865 #18868 #18265 #18629)) (not (or #19089 #18932 #18280 #18888 #18860 #18865 #18868 #18265 #18638)) (not (or #19089 #18932 #18280 #18888 #18860 #18865 #18868 #18265 #18873 #18808 #18570)) (not (or #19089 #18932 #18280 #18888 #18860 #18865 #18868 #18265 #18873 #18808 #18879 #18578)) (not (or #19089 #18932 #18280 #18888 #18860 #18865 #18868 #18265 #18873 #18808 #18879 #18831 #18792 #18804 #18802 #18814 ...)) (not (or #19089 #18932 #18280 #18888 #18860 #18865 #18868 #18265 #18873 #18808 #18879 #18831 #18596)) (not (or #19089 #18932 #18280 #18888 #18860 #18865 #18868 #18265 #18873 #18808 #18879 #18831 #18605)) (not (or #18535 #18144))) (o)
      (= (if (or #13311 #11758 #11762 #11680 #11688 #11664 #11672 #11657 #11625 #10819 #10722 #10703 #10569 #25649) (if #25669 #25965 467) (if #11757 #25860 224)) 133) (a)
      (not (= (if #25650 #25966 #25861) 133)) (a)
    (not (or (if #18853 #18270 #18718) (if #18853 #18855 #18651) (not #18659) (not #18669) (not #18677) (not #18609) (not #18618) (not #18630) (not #18639) (not #18571) (not #18579) (not #18589) (not #18597) (not #18606) (not #18205))) (c)
  (not (= i844 1)) (c)

Worker 2 CUBE SIZE IN MAIN LOOP: 3
 Checking cube
(not (= (if #10023 #10072 #10055) 133))
(or (if (or #2478 #2972) (not #3568) (not #3572)) (if (or #2478 #2972) (= #3567 0) (not #3582)) (not (or #2478 #2972 #3591)) (not (or #2478 #2972 #2985 #3596)) (not (or #2478 #2972 #2985 #2993 #3001 #3607)) (not (or #2478 #2972 #2985 #2993 #3001 #3009 #3615)) (not (or #2478 #2972 #2985 #2993 #3001 #3009 #3624)) (not (or #2478 #2972 #2985 #2993 #3001 #3009 #3013 #3020 #3632)) (not (or #2478 #2972 #2985 #2993 #3001 #3009 #3013 #3020 #3641)) (not (or #2478 #2972 #2985 #2993 #3001 #3009 #3013 #3020 #3025 #3051 #3653)) (not (or #2478 #2972 #2985 #2993 #3001 #3009 #3013 #3020 #3025 #3051 #3060 #3679)) (not (or #2478 #2972 #2985 #2993 #3001 #3009 #3013 #3020 #3025 #3051 #3060 #3068 #3076 #3084 #3093 #3102 ...)) (not (or #2478 #2972 #2985 #2993 #3001 #3009 #3013 #3020 #3025 #3051 #3060 #3068 #3696)) (not (or #2478 #2972 #2985 #2993 #3001 #3009 #3013 #3020 #3025 #3051 #3060 #3068 #3705)) (not (or #3709 #4358)))
(= i844 1)
with max_conflicts: 3375
Batch manager splitting on literal: (or (not (= i844 1)) (= i1041 0) (not (or #4126 #4151 #4182)) (if (or #4126 #4151) (not #19336) (not #19416)) (not (or #4126 #4156 #19417 #19341 #19415 #19345)) (if (or #19340 #19347) (not #19351) (not #19361)) (if (or #19340 #19347) (= #19349 0) (not #19366)) (not (or #4126 #4151 #19339 #19340 #19347 #19334)) (not (or #4126 #4151 #19339 #19334)))
null (o)
  (= i844 1) (o)
    (or (if (or #19089 #18932) (not #18855) (not #18717)) (if (or #19089 #18932) (= #18931 0) (not #18650)) (not (or #19089 #18932 #18658)) (not (or #19089 #18932 #18280 #18666)) (not (or #19089 #18932 #18280 #18888 #18860 #18676)) (not (or #19089 #18932 #18280 #18888 #18860 #18865 #18608)) (not (or #19089 #18932 #18280 #18888 #18860 #18865 #18617)) (not (or #19089 #18932 #18280 #18888 #18860 #18865 #18868 #18265 #18629)) (not (or #19089 #18932 #18280 #18888 #18860 #18865 #18868 #18265 #18638)) (not (or #19089 #18932 #18280 #18888 #18860 #18865 #18868 #18265 #18873 #18808 #18570)) (not (or #19089 #18932 #18280 #18888 #18860 #18865 #18868 #18265 #18873 #18808 #18879 #18578)) (not (or #19089 #18932 #18280 #18888 #18860 #18865 #18868 #18265 #18873 #18808 #18879 #18831 #18792 #18804 #18802 #18814 ...)) (not (or #19089 #18932 #18280 #18888 #18860 #18865 #18868 #18265 #18873 #18808 #18879 #18831 #18596)) (not (or #19089 #18932 #18280 #18888 #18860 #18865 #18868 #18265 #18873 #18808 #18879 #18831 #18605)) (not (or #18535 #18144))) (o)
      (= (if (or #13311 #11758 #11762 #11680 #11688 #11664 #11672 #11657 #11625 #10819 #10722 #10703 #10569 #25649) (if #25669 #25965 467) (if #11757 #25860 224)) 133) (a)
      (not (= (if #25650 #25966 #25861) 133)) (a)
    (not (or (if #18853 #18270 #18718) (if #18853 #18855 #18651) (not #18659) (not #18669) (not #18677) (not #18609) (not #18618) (not #18630) (not #18639) (not #18571) (not #18579) (not #18589) (not #18597) (not #18606) (not #18205))) (c)
  (not (= i844 1)) (c)

Worker 0 CUBE SIZE IN MAIN LOOP: 3
 Checking cube
(= (if (or #9203 #9437 #9441 #9454 #9462 #9470 #9478 #9495 #9504 #9523 #9532 #9540 #9548 #10022) (if #10063 #10087 467) (if #9436 #10054 224)) 133)
(or (if (or #2478 #2972) (not #3568) (not #3572)) (if (or #2478 #2972) (= #3567 0) (not #3582)) (not (or #2478 #2972 #3591)) (not (or #2478 #2972 #2985 #3596)) (not (or #2478 #2972 #2985 #2993 #3001 #3607)) (not (or #2478 #2972 #2985 #2993 #3001 #3009 #3615)) (not (or #2478 #2972 #2985 #2993 #3001 #3009 #3624)) (not (or #2478 #2972 #2985 #2993 #3001 #3009 #3013 #3020 #3632)) (not (or #2478 #2972 #2985 #2993 #3001 #3009 #3013 #3020 #3641)) (not (or #2478 #2972 #2985 #2993 #3001 #3009 #3013 #3020 #3025 #3051 #3653)) (not (or #2478 #2972 #2985 #2993 #3001 #3009 #3013 #3020 #3025 #3051 #3060 #3679)) (not (or #2478 #2972 #2985 #2993 #3001 #3009 #3013 #3020 #3025 #3051 #3060 #3068 #3076 #3084 #3093 #3102 ...)) (not (or #2478 #2972 #2985 #2993 #3001 #3009 #3013 #3020 #3025 #3051 #3060 #3068 #3696)) (not (or #2478 #2972 #2985 #2993 #3001 #3009 #3013 #3020 #3025 #3051 #3060 #3068 #3705)) (not (or #3709 #4358)))
(= i844 1)
with max_conflicts: 3375
Worker 1 DONE checking cube l_undef
Worker 1 found undef cube
Batch manager splitting on literal: (or (not (= i844 1)) (= i1041 0) (not (or #4126 #4151 #4182)) (if (or #4126 #4151) (not #19336) (not #19416)) (not (or #4126 #4156 #19417 #19341 #19415 #19345)) (if (or #19340 #19347) (not #19351) (not #19361)) (if (or #19340 #19347) (= #19349 0) (not #19366)) (not (or #4126 #4151 #19339 #19340 #19347 #19334)) (not (or #4126 #4151 #19339 #19334)))
null (o)
  (= i844 1) (o)
    (or (if (or #19089 #18932) (not #18855) (not #18717)) (if (or #19089 #18932) (= #18931 0) (not #18650)) (not (or #19089 #18932 #18658)) (not (or #19089 #18932 #18280 #18666)) (not (or #19089 #18932 #18280 #18888 #18860 #18676)) (not (or #19089 #18932 #18280 #18888 #18860 #18865 #18608)) (not (or #19089 #18932 #18280 #18888 #18860 #18865 #18617)) (not (or #19089 #18932 #18280 #18888 #18860 #18865 #18868 #18265 #18629)) (not (or #19089 #18932 #18280 #18888 #18860 #18865 #18868 #18265 #18638)) (not (or #19089 #18932 #18280 #18888 #18860 #18865 #18868 #18265 #18873 #18808 #18570)) (not (or #19089 #18932 #18280 #18888 #18860 #18865 #18868 #18265 #18873 #18808 #18879 #18578)) (not (or #19089 #18932 #18280 #18888 #18860 #18865 #18868 #18265 #18873 #18808 #18879 #18831 #18792 #18804 #18802 #18814 ...)) (not (or #19089 #18932 #18280 #18888 #18860 #18865 #18868 #18265 #18873 #18808 #18879 #18831 #18596)) (not (or #19089 #18932 #18280 #18888 #18860 #18865 #18868 #18265 #18873 #18808 #18879 #18831 #18605)) (not (or #18535 #18144))) (o)
      (= (if (or #13311 #11758 #11762 #11680 #11688 #11664 #11672 #11657 #11625 #10819 #10722 #10703 #10569 #25649) (if #25669 #25965 467) (if #11757 #25860 224)) 133) (a)
      (not (= (if #25650 #25966 #25861) 133)) (a)
    (not (or (if #18853 #18270 #18718) (if #18853 #18855 #18651) (not #18659) (not #18669) (not #18677) (not #18609) (not #18618) (not #18630) (not #18639) (not #18571) (not #18579) (not #18589) (not #18597) (not #18606) (not #18205))) (c)
  (not (= i844 1)) (c)

Worker 1 CUBE SIZE IN MAIN LOOP: 3
 Checking cube
(= (if (or #9203 #9437 #9441 #9454 #9462 #9470 #9478 #9495 #9504 #9523 #9532 #9540 #9548 #10022) (if #10063 #10087 467) (if #9436 #10054 224)) 133)
(or (if (or #2478 #2972) (not #3568) (not #3572)) (if (or #2478 #2972) (= #3567 0) (not #3582)) (not (or #2478 #2972 #3591)) (not (or #2478 #2972 #2985 #3596)) (not (or #2478 #2972 #2985 #2993 #3001 #3607)) (not (or #2478 #2972 #2985 #2993 #3001 #3009 #3615)) (not (or #2478 #2972 #2985 #2993 #3001 #3009 #3624)) (not (or #2478 #2972 #2985 #2993 #3001 #3009 #3013 #3020 #3632)) (not (or #2478 #2972 #2985 #2993 #3001 #3009 #3013 #3020 #3641)) (not (or #2478 #2972 #2985 #2993 #3001 #3009 #3013 #3020 #3025 #3051 #3653)) (not (or #2478 #2972 #2985 #2993 #3001 #3009 #3013 #3020 #3025 #3051 #3060 #3679)) (not (or #2478 #2972 #2985 #2993 #3001 #3009 #3013 #3020 #3025 #3051 #3060 #3068 #3076 #3084 #3093 #3102 ...)) (not (or #2478 #2972 #2985 #2993 #3001 #3009 #3013 #3020 #3025 #3051 #3060 #3068 #3696)) (not (or #2478 #2972 #2985 #2993 #3001 #3009 #3013 #3020 #3025 #3051 #3060 #3068 #3705)) (not (or #3709 #4358)))
(= i844 1)
with max_conflicts: 3375
Worker 3 DONE checking cube l_false
Worker 3 found unsat cube
Batch manager backtracking.
(or (if (or #2478 #2972) (not #3568) (not #3572)) (if (or #2478 #2972) (= #3567 0) (not #3582)) (not (or #2478 #2972 #3591)) (not (or #2478 #2972 #2985 #3596)) (not (or #2478 #2972 #2985 #2993 #3001 #3607)) (not (or #2478 #2972 #2985 #2993 #3001 #3009 #3615)) (not (or #2478 #2972 #2985 #2993 #3001 #3009 #3624)) (not (or #2478 #2972 #2985 #2993 #3001 #3009 #3013 #3020 #3632)) (not (or #2478 #2972 #2985 #2993 #3001 #3009 #3013 #3020 #3641)) (not (or #2478 #2972 #2985 #2993 #3001 #3009 #3013 #3020 #3025 #3051 #3653)) (not (or #2478 #2972 #2985 #2993 #3001 #3009 #3013 #3020 #3025 #3051 #3060 #3679)) (not (or #2478 #2972 #2985 #2993 #3001 #3009 #3013 #3020 #3025 #3051 #3060 #3068 #3076 #3084 #3093 #3102 ...)) (not (or #2478 #2972 #2985 #2993 #3001 #3009 #3013 #3020 #3025 #3051 #3060 #3068 #3696)) (not (or #2478 #2972 #2985 #2993 #3001 #3009 #3013 #3020 #3025 #3051 #3060 #3068 #3705)) (not (or #3709 #4358)))
(= (if (or #9203 #9437 #9441 #9454 #9462 #9470 #9478 #9495 #9504 #9523 #9532 #9540 #9548 #10022) (if #10063 #10087 467) (if #9436 #10054 224)) 133)

null (o)
  (= i844 1) (o)
    (or (if (or #19089 #18932) (not #18855) (not #18717)) (if (or #19089 #18932) (= #18931 0) (not #18650)) (not (or #19089 #18932 #18658)) (not (or #19089 #18932 #18280 #18666)) (not (or #19089 #18932 #18280 #18888 #18860 #18676)) (not (or #19089 #18932 #18280 #18888 #18860 #18865 #18608)) (not (or #19089 #18932 #18280 #18888 #18860 #18865 #18617)) (not (or #19089 #18932 #18280 #18888 #18860 #18865 #18868 #18265 #18629)) (not (or #19089 #18932 #18280 #18888 #18860 #18865 #18868 #18265 #18638)) (not (or #19089 #18932 #18280 #18888 #18860 #18865 #18868 #18265 #18873 #18808 #18570)) (not (or #19089 #18932 #18280 #18888 #18860 #18865 #18868 #18265 #18873 #18808 #18879 #18578)) (not (or #19089 #18932 #18280 #18888 #18860 #18865 #18868 #18265 #18873 #18808 #18879 #18831 #18792 #18804 #18802 #18814 ...)) (not (or #19089 #18932 #18280 #18888 #18860 #18865 #18868 #18265 #18873 #18808 #18879 #18831 #18596)) (not (or #19089 #18932 #18280 #18888 #18860 #18865 #18868 #18265 #18873 #18808 #18879 #18831 #18605)) (not (or #18535 #18144))) (o)
      (= (if (or #13311 #11758 #11762 #11680 #11688 #11664 #11672 #11657 #11625 #10819 #10722 #10703 #10569 #25649) (if #25669 #25965 467) (if #11757 #25860 224)) 133) (c)
      (not (= (if #25650 #25966 #25861) 133)) (a)
    (not (or (if #18853 #18270 #18718) (if #18853 #18855 #18651) (not #18659) (not #18669) (not #18677) (not #18609) (not #18618) (not #18630) (not #18639) (not #18571) (not #18579) (not #18589) (not #18597) (not #18606) (not #18205))) (c)
  (not (= i844 1)) (c)
null (o)
  (= i844 1) (o)
    (or (if (or #19089 #18932) (not #18855) (not #18717)) (if (or #19089 #18932) (= #18931 0) (not #18650)) (not (or #19089 #18932 #18658)) (not (or #19089 #18932 #18280 #18666)) (not (or #19089 #18932 #18280 #18888 #18860 #18676)) (not (or #19089 #18932 #18280 #18888 #18860 #18865 #18608)) (not (or #19089 #18932 #18280 #18888 #18860 #18865 #18617)) (not (or #19089 #18932 #18280 #18888 #18860 #18865 #18868 #18265 #18629)) (not (or #19089 #18932 #18280 #18888 #18860 #18865 #18868 #18265 #18638)) (not (or #19089 #18932 #18280 #18888 #18860 #18865 #18868 #18265 #18873 #18808 #18570)) (not (or #19089 #18932 #18280 #18888 #18860 #18865 #18868 #18265 #18873 #18808 #18879 #18578)) (not (or #19089 #18932 #18280 #18888 #18860 #18865 #18868 #18265 #18873 #18808 #18879 #18831 #18792 #18804 #18802 #18814 ...)) (not (or #19089 #18932 #18280 #18888 #18860 #18865 #18868 #18265 #18873 #18808 #18879 #18831 #18596)) (not (or #19089 #18932 #18280 #18888 #18860 #18865 #18868 #18265 #18873 #18808 #18879 #18831 #18605)) (not (or #18535 #18144))) (o)
      (= (if (or #13311 #11758 #11762 #11680 #11688 #11664 #11672 #11657 #11625 #10819 #10722 #10703 #10569 #25649) (if #25669 #25965 467) (if #11757 #25860 224)) 133) (c)
      (not (= (if #25650 #25966 #25861) 133)) (a)
    (not (or (if #18853 #18270 #18718) (if #18853 #18855 #18651) (not #18659) (not #18669) (not #18677) (not #18609) (not #18618) (not #18630) (not #18639) (not #18571) (not #18579) (not #18589) (not #18597) (not #18606) (not #18205))) (c)
  (not (= i844 1)) (c)

Worker 3 CUBE SIZE IN MAIN LOOP: 3
 Checking cube
(not (= (if #10023 #10072 #10055) 133))
(or (if (or #2478 #2972) (not #3568) (not #3572)) (if (or #2478 #2972) (= #3567 0) (not #3582)) (not (or #2478 #2972 #3591)) (not (or #2478 #2972 #2985 #3596)) (not (or #2478 #2972 #2985 #2993 #3001 #3607)) (not (or #2478 #2972 #2985 #2993 #3001 #3009 #3615)) (not (or #2478 #2972 #2985 #2993 #3001 #3009 #3624)) (not (or #2478 #2972 #2985 #2993 #3001 #3009 #3013 #3020 #3632)) (not (or #2478 #2972 #2985 #2993 #3001 #3009 #3013 #3020 #3641)) (not (or #2478 #2972 #2985 #2993 #3001 #3009 #3013 #3020 #3025 #3051 #3653)) (not (or #2478 #2972 #2985 #2993 #3001 #3009 #3013 #3020 #3025 #3051 #3060 #3679)) (not (or #2478 #2972 #2985 #2993 #3001 #3009 #3013 #3020 #3025 #3051 #3060 #3068 #3076 #3084 #3093 #3102 ...)) (not (or #2478 #2972 #2985 #2993 #3001 #3009 #3013 #3020 #3025 #3051 #3060 #3068 #3696)) (not (or #2478 #2972 #2985 #2993 #3001 #3009 #3013 #3020 #3025 #3051 #3060 #3068 #3705)) (not (or #3709 #4358)))
(= i844 1)
with max_conflicts: 3375
Worker 0 DONE checking cube l_false
Worker 0 found unsat cube
Batch manager backtracking.
(or (if (or #2478 #2972) (not #3568) (not #3572)) (if (or #2478 #2972) (= #3567 0) (not #3582)) (not (or #2478 #2972 #3591)) (not (or #2478 #2972 #2985 #3596)) (not (or #2478 #2972 #2985 #2993 #3001 #3607)) (not (or #2478 #2972 #2985 #2993 #3001 #3009 #3615)) (not (or #2478 #2972 #2985 #2993 #3001 #3009 #3624)) (not (or #2478 #2972 #2985 #2993 #3001 #3009 #3013 #3020 #3632)) (not (or #2478 #2972 #2985 #2993 #3001 #3009 #3013 #3020 #3641)) (not (or #2478 #2972 #2985 #2993 #3001 #3009 #3013 #3020 #3025 #3051 #3653)) (not (or #2478 #2972 #2985 #2993 #3001 #3009 #3013 #3020 #3025 #3051 #3060 #3679)) (not (or #2478 #2972 #2985 #2993 #3001 #3009 #3013 #3020 #3025 #3051 #3060 #3068 #3076 #3084 #3093 #3102 ...)) (not (or #2478 #2972 #2985 #2993 #3001 #3009 #3013 #3020 #3025 #3051 #3060 #3068 #3696)) (not (or #2478 #2972 #2985 #2993 #3001 #3009 #3013 #3020 #3025 #3051 #3060 #3068 #3705)) (not (or #3709 #4358)))
(= (if (or #9203 #9437 #9441 #9454 #9462 #9470 #9478 #9495 #9504 #9523 #9532 #9540 #9548 #10022) (if #10063 #10087 467) (if #9436 #10054 224)) 133)

null (o)
  (= i844 1) (o)
    (or (if (or #19089 #18932) (not #18855) (not #18717)) (if (or #19089 #18932) (= #18931 0) (not #18650)) (not (or #19089 #18932 #18658)) (not (or #19089 #18932 #18280 #18666)) (not (or #19089 #18932 #18280 #18888 #18860 #18676)) (not (or #19089 #18932 #18280 #18888 #18860 #18865 #18608)) (not (or #19089 #18932 #18280 #18888 #18860 #18865 #18617)) (not (or #19089 #18932 #18280 #18888 #18860 #18865 #18868 #18265 #18629)) (not (or #19089 #18932 #18280 #18888 #18860 #18865 #18868 #18265 #18638)) (not (or #19089 #18932 #18280 #18888 #18860 #18865 #18868 #18265 #18873 #18808 #18570)) (not (or #19089 #18932 #18280 #18888 #18860 #18865 #18868 #18265 #18873 #18808 #18879 #18578)) (not (or #19089 #18932 #18280 #18888 #18860 #18865 #18868 #18265 #18873 #18808 #18879 #18831 #18792 #18804 #18802 #18814 ...)) (not (or #19089 #18932 #18280 #18888 #18860 #18865 #18868 #18265 #18873 #18808 #18879 #18831 #18596)) (not (or #19089 #18932 #18280 #18888 #18860 #18865 #18868 #18265 #18873 #18808 #18879 #18831 #18605)) (not (or #18535 #18144))) (o)
      (= (if (or #13311 #11758 #11762 #11680 #11688 #11664 #11672 #11657 #11625 #10819 #10722 #10703 #10569 #25649) (if #25669 #25965 467) (if #11757 #25860 224)) 133) (c)
      (not (= (if #25650 #25966 #25861) 133)) (a)
    (not (or (if #18853 #18270 #18718) (if #18853 #18855 #18651) (not #18659) (not #18669) (not #18677) (not #18609) (not #18618) (not #18630) (not #18639) (not #18571) (not #18579) (not #18589) (not #18597) (not #18606) (not #18205))) (c)
  (not (= i844 1)) (c)
null (o)
  (= i844 1) (o)
    (or (if (or #19089 #18932) (not #18855) (not #18717)) (if (or #19089 #18932) (= #18931 0) (not #18650)) (not (or #19089 #18932 #18658)) (not (or #19089 #18932 #18280 #18666)) (not (or #19089 #18932 #18280 #18888 #18860 #18676)) (not (or #19089 #18932 #18280 #18888 #18860 #18865 #18608)) (not (or #19089 #18932 #18280 #18888 #18860 #18865 #18617)) (not (or #19089 #18932 #18280 #18888 #18860 #18865 #18868 #18265 #18629)) (not (or #19089 #18932 #18280 #18888 #18860 #18865 #18868 #18265 #18638)) (not (or #19089 #18932 #18280 #18888 #18860 #18865 #18868 #18265 #18873 #18808 #18570)) (not (or #19089 #18932 #18280 #18888 #18860 #18865 #18868 #18265 #18873 #18808 #18879 #18578)) (not (or #19089 #18932 #18280 #18888 #18860 #18865 #18868 #18265 #18873 #18808 #18879 #18831 #18792 #18804 #18802 #18814 ...)) (not (or #19089 #18932 #18280 #18888 #18860 #18865 #18868 #18265 #18873 #18808 #18879 #18831 #18596)) (not (or #19089 #18932 #18280 #18888 #18860 #18865 #18868 #18265 #18873 #18808 #18879 #18831 #18605)) (not (or #18535 #18144))) (o)
      (= (if (or #13311 #11758 #11762 #11680 #11688 #11664 #11672 #11657 #11625 #10819 #10722 #10703 #10569 #25649) (if #25669 #25965 467) (if #11757 #25860 224)) 133) (c)
      (not (= (if #25650 #25966 #25861) 133)) (a)
    (not (or (if #18853 #18270 #18718) (if #18853 #18855 #18651) (not #18659) (not #18669) (not #18677) (not #18609) (not #18618) (not #18630) (not #18639) (not #18571) (not #18579) (not #18589) (not #18597) (not #18606) (not #18205))) (c)
  (not (= i844 1)) (c)

Worker 0 CUBE SIZE IN MAIN LOOP: 3
 Checking cube
(not (= (if #10023 #10072 #10055) 133))
(or (if (or #2478 #2972) (not #3568) (not #3572)) (if (or #2478 #2972) (= #3567 0) (not #3582)) (not (or #2478 #2972 #3591)) (not (or #2478 #2972 #2985 #3596)) (not (or #2478 #2972 #2985 #2993 #3001 #3607)) (not (or #2478 #2972 #2985 #2993 #3001 #3009 #3615)) (not (or #2478 #2972 #2985 #2993 #3001 #3009 #3624)) (not (or #2478 #2972 #2985 #2993 #3001 #3009 #3013 #3020 #3632)) (not (or #2478 #2972 #2985 #2993 #3001 #3009 #3013 #3020 #3641)) (not (or #2478 #2972 #2985 #2993 #3001 #3009 #3013 #3020 #3025 #3051 #3653)) (not (or #2478 #2972 #2985 #2993 #3001 #3009 #3013 #3020 #3025 #3051 #3060 #3679)) (not (or #2478 #2972 #2985 #2993 #3001 #3009 #3013 #3020 #3025 #3051 #3060 #3068 #3076 #3084 #3093 #3102 ...)) (not (or #2478 #2972 #2985 #2993 #3001 #3009 #3013 #3020 #3025 #3051 #3060 #3068 #3696)) (not (or #2478 #2972 #2985 #2993 #3001 #3009 #3013 #3020 #3025 #3051 #3060 #3068 #3705)) (not (or #3709 #4358)))
(= i844 1)
with max_conflicts: 3375
Worker 2 DONE checking cube l_false
Worker 2 found unsat cube
Batch manager backtracking.
(or (if (or #2478 #2972) (not #3568) (not #3572)) (if (or #2478 #2972) (= #3567 0) (not #3582)) (not (or #2478 #2972 #3591)) (not (or #2478 #2972 #2985 #3596)) (not (or #2478 #2972 #2985 #2993 #3001 #3607)) (not (or #2478 #2972 #2985 #2993 #3001 #3009 #3615)) (not (or #2478 #2972 #2985 #2993 #3001 #3009 #3624)) (not (or #2478 #2972 #2985 #2993 #3001 #3009 #3013 #3020 #3632)) (not (or #2478 #2972 #2985 #2993 #3001 #3009 #3013 #3020 #3641)) (not (or #2478 #2972 #2985 #2993 #3001 #3009 #3013 #3020 #3025 #3051 #3653)) (not (or #2478 #2972 #2985 #2993 #3001 #3009 #3013 #3020 #3025 #3051 #3060 #3679)) (not (or #2478 #2972 #2985 #2993 #3001 #3009 #3013 #3020 #3025 #3051 #3060 #3068 #3076 #3084 #3093 #3102 ...)) (not (or #2478 #2972 #2985 #2993 #3001 #3009 #3013 #3020 #3025 #3051 #3060 #3068 #3696)) (not (or #2478 #2972 #2985 #2993 #3001 #3009 #3013 #3020 #3025 #3051 #3060 #3068 #3705)) (not (or #3709 #4358)))
(not (= (if #10023 #10072 #10055) 133))

null (o)
  (= i844 1) (o)
    (or (if (or #19089 #18932) (not #18855) (not #18717)) (if (or #19089 #18932) (= #18931 0) (not #18650)) (not (or #19089 #18932 #18658)) (not (or #19089 #18932 #18280 #18666)) (not (or #19089 #18932 #18280 #18888 #18860 #18676)) (not (or #19089 #18932 #18280 #18888 #18860 #18865 #18608)) (not (or #19089 #18932 #18280 #18888 #18860 #18865 #18617)) (not (or #19089 #18932 #18280 #18888 #18860 #18865 #18868 #18265 #18629)) (not (or #19089 #18932 #18280 #18888 #18860 #18865 #18868 #18265 #18638)) (not (or #19089 #18932 #18280 #18888 #18860 #18865 #18868 #18265 #18873 #18808 #18570)) (not (or #19089 #18932 #18280 #18888 #18860 #18865 #18868 #18265 #18873 #18808 #18879 #18578)) (not (or #19089 #18932 #18280 #18888 #18860 #18865 #18868 #18265 #18873 #18808 #18879 #18831 #18792 #18804 #18802 #18814 ...)) (not (or #19089 #18932 #18280 #18888 #18860 #18865 #18868 #18265 #18873 #18808 #18879 #18831 #18596)) (not (or #19089 #18932 #18280 #18888 #18860 #18865 #18868 #18265 #18873 #18808 #18879 #18831 #18605)) (not (or #18535 #18144))) (c)
      (= (if (or #13311 #11758 #11762 #11680 #11688 #11664 #11672 #11657 #11625 #10819 #10722 #10703 #10569 #25649) (if #25669 #25965 467) (if #11757 #25860 224)) 133) (c)
      (not (= (if #25650 #25966 #25861) 133)) (c)
    (not (or (if #18853 #18270 #18718) (if #18853 #18855 #18651) (not #18659) (not #18669) (not #18677) (not #18609) (not #18618) (not #18630) (not #18639) (not #18571) (not #18579) (not #18589) (not #18597) (not #18606) (not #18205))) (c)
  (not (= i844 1)) (c)
Worker 2 no more cubes
Worker 3 DONE checking cube l_false
Worker 3 found unsat cube
Batch manager backtracking.
(or (if (or #2478 #2972) (not #3568) (not #3572)) (if (or #2478 #2972) (= #3567 0) (not #3582)) (not (or #2478 #2972 #3591)) (not (or #2478 #2972 #2985 #3596)) (not (or #2478 #2972 #2985 #2993 #3001 #3607)) (not (or #2478 #2972 #2985 #2993 #3001 #3009 #3615)) (not (or #2478 #2972 #2985 #2993 #3001 #3009 #3624)) (not (or #2478 #2972 #2985 #2993 #3001 #3009 #3013 #3020 #3632)) (not (or #2478 #2972 #2985 #2993 #3001 #3009 #3013 #3020 #3641)) (not (or #2478 #2972 #2985 #2993 #3001 #3009 #3013 #3020 #3025 #3051 #3653)) (not (or #2478 #2972 #2985 #2993 #3001 #3009 #3013 #3020 #3025 #3051 #3060 #3679)) (not (or #2478 #2972 #2985 #2993 #3001 #3009 #3013 #3020 #3025 #3051 #3060 #3068 #3076 #3084 #3093 #3102 ...)) (not (or #2478 #2972 #2985 #2993 #3001 #3009 #3013 #3020 #3025 #3051 #3060 #3068 #3696)) (not (or #2478 #2972 #2985 #2993 #3001 #3009 #3013 #3020 #3025 #3051 #3060 #3068 #3705)) (not (or #3709 #4358)))
(not (= (if #10023 #10072 #10055) 133))

null (c)
  (= i844 1) (c)
    (or (if (or #19089 #18932) (not #18855) (not #18717)) (if (or #19089 #18932) (= #18931 0) (not #18650)) (not (or #19089 #18932 #18658)) (not (or #19089 #18932 #18280 #18666)) (not (or #19089 #18932 #18280 #18888 #18860 #18676)) (not (or #19089 #18932 #18280 #18888 #18860 #18865 #18608)) (not (or #19089 #18932 #18280 #18888 #18860 #18865 #18617)) (not (or #19089 #18932 #18280 #18888 #18860 #18865 #18868 #18265 #18629)) (not (or #19089 #18932 #18280 #18888 #18860 #18865 #18868 #18265 #18638)) (not (or #19089 #18932 #18280 #18888 #18860 #18865 #18868 #18265 #18873 #18808 #18570)) (not (or #19089 #18932 #18280 #18888 #18860 #18865 #18868 #18265 #18873 #18808 #18879 #18578)) (not (or #19089 #18932 #18280 #18888 #18860 #18865 #18868 #18265 #18873 #18808 #18879 #18831 #18792 #18804 #18802 #18814 ...)) (not (or #19089 #18932 #18280 #18888 #18860 #18865 #18868 #18265 #18873 #18808 #18879 #18831 #18596)) (not (or #19089 #18932 #18280 #18888 #18860 #18865 #18868 #18265 #18873 #18808 #18879 #18831 #18605)) (not (or #18535 #18144))) (c)
      (= (if (or #13311 #11758 #11762 #11680 #11688 #11664 #11672 #11657 #11625 #10819 #10722 #10703 #10569 #25649) (if #25669 #25965 467) (if #11757 #25860 224)) 133) (c)
      (not (= (if #25650 #25966 #25861) 133)) (c)
    (not (or (if #18853 #18270 #18718) (if #18853 #18855 #18651) (not #18659) (not #18669) (not #18677) (not #18609) (not #18618) (not #18630) (not #18639) (not #18571) (not #18579) (not #18589) (not #18597) (not #18606) (not #18205))) (c)
  (not (= i844 1)) (c)
Canceling workers
Worker 0 canceling
Worker 1 canceling
Worker 2 canceling
Worker 3 canceling
all done
Worker 3 no more cubes
Worker 0 DONE checking cube l_undef
Batch manager setting exception msg: context cancelled.
Worker 1 DONE checking cube l_undef
Batch manager setting exception msg: context cancelled.
unsat
(:added-eqs                   1447768
 :arith-eq-adapter            3617
 :arith-bound-propagations-lp 195455
 :arith-conflicts             653
 :arith-diseq                 132948
 :arith-fixed-eqs             196106
 :arith-lower                 118368
 :arith-make-feasible         60863
 :arith-max-columns           1670
 :arith-max-rows              690
 :arith-offset-eqs            55573
 :arith-upper                 205504
 :binary-propagations         4109571
 :conflicts                   24834
 :decisions                   571507
 :del-clause                  23330
 :max-memory                  113.65
 :memory                      19.17
 :minimized-lits              146637
 :mk-bool-var                 23432
 :mk-clause                   38786
 :mk-clause-binary            61334
 :num-allocs                  56387828
 :num-checks                  21
 :parallel-max-cube-size      3
 :parallel-num_cubes          12
 :propagations                5928184
 :restarts                    214
 :rlimit-count                17477442
 :time                        0.77
 :total-time                  2.77)
