Worker 0 created with 0 assumptions
Worker 1 created with 0 assumptions
Worker 2 created with 0 assumptions
Worker 3 created with 0 assumptions
null (a)

Worker 0 CUBE SIZE IN MAIN LOOP: 0
 Checking cube
with max_conflicts: 1000
null (a)

Worker 1 CUBE SIZE IN MAIN LOOP: 0
 Checking cube
with max_conflicts: 1000
null (a)

Worker 3 CUBE SIZE IN MAIN LOOP: 0
 Checking cube
with max_conflicts: 1000
null (a)

Worker 2 CUBE SIZE IN MAIN LOOP: 0
 Checking cube
with max_conflicts: 1000
Worker 1 DONE checking cube l_undef
Worker 1 found undef cube
Batch manager splitting on literal: (= i844 1)
null (o)
  (= i844 1) (a)
  (not (= i844 1)) (o)

Worker 1 CUBE SIZE IN MAIN LOOP: 1
 Checking cube
(= i844 1)
with max_conflicts: 1500
Worker 2 DONE checking cube l_undef
Worker 2 found undef cube
Batch manager splitting on literal: (if (or (if #4152 #19337 #19339) (not #19414)) (not (= #19349 0)) (not (or #4126 #4156 #4192 #19340 #19341 #19415 #19345 #19353 #19356 #19359)))
Worker 3 DONE checking cube l_undef
Worker 3 found undef cube
Batch manager splitting on literal: (= (if (or #18281 #21081 #21091 #21053 #21063 #20962 #20930 #20911 #20823 #20790 #20592 #14346) (if #14209 #13303 467) (if #21079 #13638 224)) 417)
null (o)
  (= i844 1) (a)
  (not (= i844 1)) (a)

Worker 2 CUBE SIZE IN MAIN LOOP: 1
 Checking cube
(not (= i844 1))
with max_conflicts: 1500
null (o)
  (= i844 1) (a)
  (not (= i844 1)) (a)

Worker 3 CUBE SIZE IN MAIN LOOP: 1
 Checking cube
(= i844 1)
with max_conflicts: 1500
Worker 0 DONE checking cube l_undef
Worker 0 found undef cube
Batch manager splitting on literal: (= i844 1)
null (o)
  (= i844 1) (a)
  (not (= i844 1)) (a)

Worker 0 CUBE SIZE IN MAIN LOOP: 1
 Checking cube
(= i844 1)
with max_conflicts: 1500
Worker 2 DONE checking cube l_false
Worker 2 found unsat cube
Batch manager backtracking.
(not (= i844 1))

null (o)
  (= i844 1) (a)
  (not (= i844 1)) (c)
null (o)
  (= i844 1) (a)
  (not (= i844 1)) (c)

Worker 2 CUBE SIZE IN MAIN LOOP: 1
 Checking cube
(= i844 1)
with max_conflicts: 1500
Worker 1 DONE checking cube l_undef
Worker 1 found undef cube
Batch manager splitting on literal: (or (not (or #18719 #18652 #18367)) (not (or #18719 #18359 #18281 #18284 #18290 #18331 #18236 #18264 #18241 #18253 #18219 #18141 #18209 #18221 #18188 #18165 ...)) (not (or #18281 #21089)) (not (or #18719 #18359 #18284 #18290 #18331 #18236 #18264 #18241 #18253 #18219 #18141 #18209 #18221 #18188 #18165 #18168 ...)) (not (or #18719 #18281 #18284 #21061)) (not (or #18719 #18281 #18284 #18290 #20959)) (not (or #18719 #18281 #18284 #18290 #20971)) (not (or #18719 #18281 #18284 #18290 #18331 #18236 #20908)) (not (or #18719 #18281 #18284 #18290 #18331 #18236 #20821)) (not (or #18719 #18281 #18284 #18290 #18331 #18236 #18264 #18241 #20788)) (not (if #20591 #15636 #15637)))
null (o)
  (= i844 1) (o)
    (or (not (or #18719 #18652 #18367)) (not (or #18719 #18359 #18281 #18284 #18290 #18331 #18236 #18264 #18241 #18253 #18219 #18141 #18209 #18221 #18188 #18165 ...)) (not (or #18281 #21089)) (not (or #18719 #18359 #18284 #18290 #18331 #18236 #18264 #18241 #18253 #18219 #18141 #18209 #18221 #18188 #18165 #18168 ...)) (not (or #18719 #18281 #18284 #21061)) (not (or #18719 #18281 #18284 #18290 #20959)) (not (or #18719 #18281 #18284 #18290 #20971)) (not (or #18719 #18281 #18284 #18290 #18331 #18236 #20908)) (not (or #18719 #18281 #18284 #18290 #18331 #18236 #20821)) (not (or #18719 #18281 #18284 #18290 #18331 #18236 #18264 #18241 #20788)) (not (if #20591 #15636 #15637))) (o)
    (not (or (not #18375) (not #21079) (not #21090) (not #21051) (not #21062) (not #20961) (not #20929) (not #20909) (not #20822) (not #20789) (not #15638))) (a)
  (not (= i844 1)) (c)

Worker 1 CUBE SIZE IN MAIN LOOP: 2
 Checking cube
(not (or (not #4239) (not #4940) (not #4948) (not #4952) (not #4962) (not #4979) (not #5011) (not #5030) (not #5039) (not #5047) (not #5788)))
(= i844 1)
with max_conflicts: 2250
Worker 1 DONE checking cube l_false
Worker 1 found unsat cube
Batch manager backtracking.
(not (or (not #4239) (not #4940) (not #4948) (not #4952) (not #4962) (not #4979) (not #5011) (not #5030) (not #5039) (not #5047) (not #5788)))

null (o)
  (= i844 1) (o)
    (or (not (or #18719 #18652 #18367)) (not (or #18719 #18359 #18281 #18284 #18290 #18331 #18236 #18264 #18241 #18253 #18219 #18141 #18209 #18221 #18188 #18165 ...)) (not (or #18281 #21089)) (not (or #18719 #18359 #18284 #18290 #18331 #18236 #18264 #18241 #18253 #18219 #18141 #18209 #18221 #18188 #18165 #18168 ...)) (not (or #18719 #18281 #18284 #21061)) (not (or #18719 #18281 #18284 #18290 #20959)) (not (or #18719 #18281 #18284 #18290 #20971)) (not (or #18719 #18281 #18284 #18290 #18331 #18236 #20908)) (not (or #18719 #18281 #18284 #18290 #18331 #18236 #20821)) (not (or #18719 #18281 #18284 #18290 #18331 #18236 #18264 #18241 #20788)) (not (if #20591 #15636 #15637))) (o)
    (not (or (not #18375) (not #21079) (not #21090) (not #21051) (not #21062) (not #20961) (not #20929) (not #20909) (not #20822) (not #20789) (not #15638))) (c)
  (not (= i844 1)) (c)
null (o)
  (= i844 1) (o)
    (or (not (or #18719 #18652 #18367)) (not (or #18719 #18359 #18281 #18284 #18290 #18331 #18236 #18264 #18241 #18253 #18219 #18141 #18209 #18221 #18188 #18165 ...)) (not (or #18281 #21089)) (not (or #18719 #18359 #18284 #18290 #18331 #18236 #18264 #18241 #18253 #18219 #18141 #18209 #18221 #18188 #18165 #18168 ...)) (not (or #18719 #18281 #18284 #21061)) (not (or #18719 #18281 #18284 #18290 #20959)) (not (or #18719 #18281 #18284 #18290 #20971)) (not (or #18719 #18281 #18284 #18290 #18331 #18236 #20908)) (not (or #18719 #18281 #18284 #18290 #18331 #18236 #20821)) (not (or #18719 #18281 #18284 #18290 #18331 #18236 #18264 #18241 #20788)) (not (if #20591 #15636 #15637))) (a)
    (not (or (not #18375) (not #21079) (not #21090) (not #21051) (not #21062) (not #20961) (not #20929) (not #20909) (not #20822) (not #20789) (not #15638))) (c)
  (not (= i844 1)) (c)

Worker 1 CUBE SIZE IN MAIN LOOP: 2
 Checking cube
(or (not (or #3574 #3584 #4238)) (not (or #3574 #3865 #4240 #4245 #4255 #4263 #4280 #4289 #4308 #4317 #4329 #4354 #4362 #4371 #4380 #4389 ...)) (not (or #4240 #4947)) (not (or #3574 #3865 #4245 #4255 #4263 #4280 #4289 #4308 #4317 #4329 #4354 #4362 #4371 #4380 #4389 #4403 ...)) (not (or #3574 #4240 #4245 #4961)) (not (or #3574 #4240 #4245 #4255 #4978)) (not (or #3574 #4240 #4245 #4255 #4992)) (not (or #3574 #4240 #4245 #4255 #4263 #4280 #5029)) (not (or #3574 #4240 #4245 #4255 #4263 #4280 #5036)) (not (or #3574 #4240 #4245 #4255 #4263 #4280 #4289 #4308 #5046)) (not (if #5055 #5787 #5783)))
(= i844 1)
with max_conflicts: 2250
Worker 0 DONE checking cube l_undef
Worker 0 found undef cube
Batch manager splitting on literal: (= (if (or #18281 #21081 #21091 #21053 #21063 #20962 #20930 #20911 #20823 #20790 #20592 #14346) (if #14209 #13303 467) (if #21079 #13638 224)) 417)
null (o)
  (= i844 1) (o)
    (or (not (or #18719 #18652 #18367)) (not (or #18719 #18359 #18281 #18284 #18290 #18331 #18236 #18264 #18241 #18253 #18219 #18141 #18209 #18221 #18188 #18165 ...)) (not (or #18281 #21089)) (not (or #18719 #18359 #18284 #18290 #18331 #18236 #18264 #18241 #18253 #18219 #18141 #18209 #18221 #18188 #18165 #18168 ...)) (not (or #18719 #18281 #18284 #21061)) (not (or #18719 #18281 #18284 #18290 #20959)) (not (or #18719 #18281 #18284 #18290 #20971)) (not (or #18719 #18281 #18284 #18290 #18331 #18236 #20908)) (not (or #18719 #18281 #18284 #18290 #18331 #18236 #20821)) (not (or #18719 #18281 #18284 #18290 #18331 #18236 #18264 #18241 #20788)) (not (if #20591 #15636 #15637))) (a)
    (not (or (not #18375) (not #21079) (not #21090) (not #21051) (not #21062) (not #20961) (not #20929) (not #20909) (not #20822) (not #20789) (not #15638))) (c)
  (not (= i844 1)) (c)

Worker 0 CUBE SIZE IN MAIN LOOP: 2
 Checking cube
(or (not (or #3574 #3584 #4238)) (not (or #3574 #3865 #4240 #4245 #4255 #4263 #4280 #4289 #4308 #4317 #4329 #4354 #4362 #4371 #4380 #4389 ...)) (not (or #4240 #4947)) (not (or #3574 #3865 #4245 #4255 #4263 #4280 #4289 #4308 #4317 #4329 #4354 #4362 #4371 #4380 #4389 #4403 ...)) (not (or #3574 #4240 #4245 #4961)) (not (or #3574 #4240 #4245 #4255 #4978)) (not (or #3574 #4240 #4245 #4255 #4992)) (not (or #3574 #4240 #4245 #4255 #4263 #4280 #5029)) (not (or #3574 #4240 #4245 #4255 #4263 #4280 #5036)) (not (or #3574 #4240 #4245 #4255 #4263 #4280 #4289 #4308 #5046)) (not (if #5055 #5787 #5783)))
(= i844 1)
with max_conflicts: 2250
Worker 3 DONE checking cube l_undef
Worker 3 found undef cube
Batch manager splitting on literal: (= (if (or #18281 #21081 #21091 #21053 #21063 #20962 #20930 #20911 #20823 #20790 #20592 #14346) (if #14209 #13303 467) (if #21079 #13638 224)) 417)
null (o)
  (= i844 1) (o)
    (or (not (or #18719 #18652 #18367)) (not (or #18719 #18359 #18281 #18284 #18290 #18331 #18236 #18264 #18241 #18253 #18219 #18141 #18209 #18221 #18188 #18165 ...)) (not (or #18281 #21089)) (not (or #18719 #18359 #18284 #18290 #18331 #18236 #18264 #18241 #18253 #18219 #18141 #18209 #18221 #18188 #18165 #18168 ...)) (not (or #18719 #18281 #18284 #21061)) (not (or #18719 #18281 #18284 #18290 #20959)) (not (or #18719 #18281 #18284 #18290 #20971)) (not (or #18719 #18281 #18284 #18290 #18331 #18236 #20908)) (not (or #18719 #18281 #18284 #18290 #18331 #18236 #20821)) (not (or #18719 #18281 #18284 #18290 #18331 #18236 #18264 #18241 #20788)) (not (if #20591 #15636 #15637))) (a)
    (not (or (not #18375) (not #21079) (not #21090) (not #21051) (not #21062) (not #20961) (not #20929) (not #20909) (not #20822) (not #20789) (not #15638))) (c)
  (not (= i844 1)) (c)

Worker 3 CUBE SIZE IN MAIN LOOP: 2
 Checking cube
(or (not (or #3574 #3584 #4238)) (not (or #3574 #3865 #4240 #4245 #4255 #4263 #4280 #4289 #4308 #4317 #4329 #4354 #4362 #4371 #4380 #4389 ...)) (not (or #4240 #4947)) (not (or #3574 #3865 #4245 #4255 #4263 #4280 #4289 #4308 #4317 #4329 #4354 #4362 #4371 #4380 #4389 #4403 ...)) (not (or #3574 #4240 #4245 #4961)) (not (or #3574 #4240 #4245 #4255 #4978)) (not (or #3574 #4240 #4245 #4255 #4992)) (not (or #3574 #4240 #4245 #4255 #4263 #4280 #5029)) (not (or #3574 #4240 #4245 #4255 #4263 #4280 #5036)) (not (or #3574 #4240 #4245 #4255 #4263 #4280 #4289 #4308 #5046)) (not (if #5055 #5787 #5783)))
(= i844 1)
with max_conflicts: 2250
Worker 2 DONE checking cube l_undef
Worker 2 found undef cube
Batch manager splitting on literal: (or (not (or #19362 #19286 #19227 #19263 #19187 #19259 #19192 #19219 #19211 #19123 #19136 #19139 #19060 #19065 #19069 #19106 ...)) (not (or #19093 #19123 #12678 #19000 #19054 #19052 #19101 #19014 #19018 #19022 #19055 #19034 #19050 #18947 #18948 #19048 ...)) (not (or #19089 #18278)) (not (or #19089 #18883)) (not (or #19123 #19089 #12678 #18886)) (not (or #19123 #19089 #12678 #19000 #18864)) (not (or #19093 #19123 #19089 #12678 #19000 #19054 #19052 #19101 #19014 #19018 #19022 #19055 #19034 #19050 #18947 #18948 ...)) (not (or #19093 #19123 #19089 #12678 #19000 #19054 #19052 #19101 #19014 #19018 #19022 #19055 #19034 #19050 #18947 #18948 ...)) (not (or #19093 #19123 #19089 #12678 #19000 #19054 #19052 #19101 #19014 #19018 #19022 #19055 #19034 #19050 #18947 #18948 ...)) (not (or #19123 #19089 #12678 #19000 #19054 #18823)) (not (or #19123 #19089 #12678 #19000 #19054 #18784)) (not (or #18831 #18576)))
null (o)
  (= i844 1) (o)
    (or (not (or #18719 #18652 #18367)) (not (or #18719 #18359 #18281 #18284 #18290 #18331 #18236 #18264 #18241 #18253 #18219 #18141 #18209 #18221 #18188 #18165 ...)) (not (or #18281 #21089)) (not (or #18719 #18359 #18284 #18290 #18331 #18236 #18264 #18241 #18253 #18219 #18141 #18209 #18221 #18188 #18165 #18168 ...)) (not (or #18719 #18281 #18284 #21061)) (not (or #18719 #18281 #18284 #18290 #20959)) (not (or #18719 #18281 #18284 #18290 #20971)) (not (or #18719 #18281 #18284 #18290 #18331 #18236 #20908)) (not (or #18719 #18281 #18284 #18290 #18331 #18236 #20821)) (not (or #18719 #18281 #18284 #18290 #18331 #18236 #18264 #18241 #20788)) (not (if #20591 #15636 #15637))) (a)
    (not (or (not #18375) (not #21079) (not #21090) (not #21051) (not #21062) (not #20961) (not #20929) (not #20909) (not #20822) (not #20789) (not #15638))) (c)
  (not (= i844 1)) (c)

Worker 2 CUBE SIZE IN MAIN LOOP: 2
 Checking cube
(or (not (or #3574 #3584 #4238)) (not (or #3574 #3865 #4240 #4245 #4255 #4263 #4280 #4289 #4308 #4317 #4329 #4354 #4362 #4371 #4380 #4389 ...)) (not (or #4240 #4947)) (not (or #3574 #3865 #4245 #4255 #4263 #4280 #4289 #4308 #4317 #4329 #4354 #4362 #4371 #4380 #4389 #4403 ...)) (not (or #3574 #4240 #4245 #4961)) (not (or #3574 #4240 #4245 #4255 #4978)) (not (or #3574 #4240 #4245 #4255 #4992)) (not (or #3574 #4240 #4245 #4255 #4263 #4280 #5029)) (not (or #3574 #4240 #4245 #4255 #4263 #4280 #5036)) (not (or #3574 #4240 #4245 #4255 #4263 #4280 #4289 #4308 #5046)) (not (if #5055 #5787 #5783)))
(= i844 1)
with max_conflicts: 2250
Worker 3 DONE checking cube l_undef
Worker 3 found undef cube
Batch manager splitting on literal: (= (if (or #18281 #21081 #21091 #21053 #21063 #20962 #20930 #20911 #20823 #20790 #20592 #14346) (if #14209 #13303 467) (if #21079 #13638 224)) 417)
null (o)
  (= i844 1) (o)
    (or (not (or #18719 #18652 #18367)) (not (or #18719 #18359 #18281 #18284 #18290 #18331 #18236 #18264 #18241 #18253 #18219 #18141 #18209 #18221 #18188 #18165 ...)) (not (or #18281 #21089)) (not (or #18719 #18359 #18284 #18290 #18331 #18236 #18264 #18241 #18253 #18219 #18141 #18209 #18221 #18188 #18165 #18168 ...)) (not (or #18719 #18281 #18284 #21061)) (not (or #18719 #18281 #18284 #18290 #20959)) (not (or #18719 #18281 #18284 #18290 #20971)) (not (or #18719 #18281 #18284 #18290 #18331 #18236 #20908)) (not (or #18719 #18281 #18284 #18290 #18331 #18236 #20821)) (not (or #18719 #18281 #18284 #18290 #18331 #18236 #18264 #18241 #20788)) (not (if #20591 #15636 #15637))) (o)
      (= (if (or #18281 #21081 #21091 #21053 #21063 #20962 #20930 #20911 #20823 #20790 #20592 #14346) (if #14209 #13303 467) (if #21079 #13638 224)) 417) (a)
      (not (= (if #14347 #13304 #13639) 417)) (o)
    (not (or (not #18375) (not #21079) (not #21090) (not #21051) (not #21062) (not #20961) (not #20929) (not #20909) (not #20822) (not #20789) (not #15638))) (c)
  (not (= i844 1)) (c)

Worker 3 CUBE SIZE IN MAIN LOOP: 3
 Checking cube
(= (if (or #4240 #4941 #4949 #4953 #4963 #4980 #5012 #5031 #5040 #5048 #5056 #5822) (if #5869 #5897 467) (if #4940 #5858 224)) 417)
(or (not (or #3574 #3584 #4238)) (not (or #3574 #3865 #4240 #4245 #4255 #4263 #4280 #4289 #4308 #4317 #4329 #4354 #4362 #4371 #4380 #4389 ...)) (not (or #4240 #4947)) (not (or #3574 #3865 #4245 #4255 #4263 #4280 #4289 #4308 #4317 #4329 #4354 #4362 #4371 #4380 #4389 #4403 ...)) (not (or #3574 #4240 #4245 #4961)) (not (or #3574 #4240 #4245 #4255 #4978)) (not (or #3574 #4240 #4245 #4255 #4992)) (not (or #3574 #4240 #4245 #4255 #4263 #4280 #5029)) (not (or #3574 #4240 #4245 #4255 #4263 #4280 #5036)) (not (or #3574 #4240 #4245 #4255 #4263 #4280 #4289 #4308 #5046)) (not (if #5055 #5787 #5783)))
(= i844 1)
with max_conflicts: 3375
Worker 0 DONE checking cube l_undef
Worker 0 found undef cube
Batch manager splitting on literal: (or (not (= i844 1)) (= i1041 0) (not (or #4126 #4151 #4182)) (if (or #4126 #4151) (not #19336) (not #19416)) (not (or #4126 #4156 #19417 #19341 #19415 #19345)) (if (or #19340 #19347) (not #19351) (not #19361)) (if (or #19340 #19347) (= #19349 0) (not #19366)) (not (or #4126 #4151 #19339 #19340 #19347 #19334)) (not (or #4126 #4151 #19339 #19334)))
null (o)
  (= i844 1) (o)
    (or (not (or #18719 #18652 #18367)) (not (or #18719 #18359 #18281 #18284 #18290 #18331 #18236 #18264 #18241 #18253 #18219 #18141 #18209 #18221 #18188 #18165 ...)) (not (or #18281 #21089)) (not (or #18719 #18359 #18284 #18290 #18331 #18236 #18264 #18241 #18253 #18219 #18141 #18209 #18221 #18188 #18165 #18168 ...)) (not (or #18719 #18281 #18284 #21061)) (not (or #18719 #18281 #18284 #18290 #20959)) (not (or #18719 #18281 #18284 #18290 #20971)) (not (or #18719 #18281 #18284 #18290 #18331 #18236 #20908)) (not (or #18719 #18281 #18284 #18290 #18331 #18236 #20821)) (not (or #18719 #18281 #18284 #18290 #18331 #18236 #18264 #18241 #20788)) (not (if #20591 #15636 #15637))) (o)
      (= (if (or #18281 #21081 #21091 #21053 #21063 #20962 #20930 #20911 #20823 #20790 #20592 #14346) (if #14209 #13303 467) (if #21079 #13638 224)) 417) (a)
      (not (= (if #14347 #13304 #13639) 417)) (a)
    (not (or (not #18375) (not #21079) (not #21090) (not #21051) (not #21062) (not #20961) (not #20929) (not #20909) (not #20822) (not #20789) (not #15638))) (c)
  (not (= i844 1)) (c)

Worker 0 CUBE SIZE IN MAIN LOOP: 3
 Checking cube
(not (= (if #5823 #5880 #5859) 417))
(or (not (or #3574 #3584 #4238)) (not (or #3574 #3865 #4240 #4245 #4255 #4263 #4280 #4289 #4308 #4317 #4329 #4354 #4362 #4371 #4380 #4389 ...)) (not (or #4240 #4947)) (not (or #3574 #3865 #4245 #4255 #4263 #4280 #4289 #4308 #4317 #4329 #4354 #4362 #4371 #4380 #4389 #4403 ...)) (not (or #3574 #4240 #4245 #4961)) (not (or #3574 #4240 #4245 #4255 #4978)) (not (or #3574 #4240 #4245 #4255 #4992)) (not (or #3574 #4240 #4245 #4255 #4263 #4280 #5029)) (not (or #3574 #4240 #4245 #4255 #4263 #4280 #5036)) (not (or #3574 #4240 #4245 #4255 #4263 #4280 #4289 #4308 #5046)) (not (if #5055 #5787 #5783)))
(= i844 1)
with max_conflicts: 3375
Worker 1 DONE checking cube l_undef
Worker 1 found undef cube
Batch manager splitting on literal: (or (not (= i844 1)) (= i1041 0) (not (or #4126 #4151 #4182)) (if (or #4126 #4151) (not #19336) (not #19416)) (not (or #4126 #4156 #19417 #19341 #19415 #19345)) (if (or #19340 #19347) (not #19351) (not #19361)) (if (or #19340 #19347) (= #19349 0) (not #19366)) (not (or #4126 #4151 #19339 #19340 #19347 #19334)) (not (or #4126 #4151 #19339 #19334)))
null (o)
  (= i844 1) (o)
    (or (not (or #18719 #18652 #18367)) (not (or #18719 #18359 #18281 #18284 #18290 #18331 #18236 #18264 #18241 #18253 #18219 #18141 #18209 #18221 #18188 #18165 ...)) (not (or #18281 #21089)) (not (or #18719 #18359 #18284 #18290 #18331 #18236 #18264 #18241 #18253 #18219 #18141 #18209 #18221 #18188 #18165 #18168 ...)) (not (or #18719 #18281 #18284 #21061)) (not (or #18719 #18281 #18284 #18290 #20959)) (not (or #18719 #18281 #18284 #18290 #20971)) (not (or #18719 #18281 #18284 #18290 #18331 #18236 #20908)) (not (or #18719 #18281 #18284 #18290 #18331 #18236 #20821)) (not (or #18719 #18281 #18284 #18290 #18331 #18236 #18264 #18241 #20788)) (not (if #20591 #15636 #15637))) (o)
      (= (if (or #18281 #21081 #21091 #21053 #21063 #20962 #20930 #20911 #20823 #20790 #20592 #14346) (if #14209 #13303 467) (if #21079 #13638 224)) 417) (a)
      (not (= (if #14347 #13304 #13639) 417)) (a)
    (not (or (not #18375) (not #21079) (not #21090) (not #21051) (not #21062) (not #20961) (not #20929) (not #20909) (not #20822) (not #20789) (not #15638))) (c)
  (not (= i844 1)) (c)

Worker 1 CUBE SIZE IN MAIN LOOP: 3
 Checking cube
(= (if (or #4240 #4941 #4949 #4953 #4963 #4980 #5012 #5031 #5040 #5048 #5056 #5822) (if #5869 #5897 467) (if #4940 #5858 224)) 417)
(or (not (or #3574 #3584 #4238)) (not (or #3574 #3865 #4240 #4245 #4255 #4263 #4280 #4289 #4308 #4317 #4329 #4354 #4362 #4371 #4380 #4389 ...)) (not (or #4240 #4947)) (not (or #3574 #3865 #4245 #4255 #4263 #4280 #4289 #4308 #4317 #4329 #4354 #4362 #4371 #4380 #4389 #4403 ...)) (not (or #3574 #4240 #4245 #4961)) (not (or #3574 #4240 #4245 #4255 #4978)) (not (or #3574 #4240 #4245 #4255 #4992)) (not (or #3574 #4240 #4245 #4255 #4263 #4280 #5029)) (not (or #3574 #4240 #4245 #4255 #4263 #4280 #5036)) (not (or #3574 #4240 #4245 #4255 #4263 #4280 #4289 #4308 #5046)) (not (if #5055 #5787 #5783)))
(= i844 1)
with max_conflicts: 3375
Worker 3 DONE checking cube l_false
Worker 3 found unsat cube
Batch manager backtracking.
(= (if (or #4240 #4941 #4949 #4953 #4963 #4980 #5012 #5031 #5040 #5048 #5056 #5822) (if #5869 #5897 467) (if #4940 #5858 224)) 417)

null (o)
  (= i844 1) (o)
    (or (not (or #18719 #18652 #18367)) (not (or #18719 #18359 #18281 #18284 #18290 #18331 #18236 #18264 #18241 #18253 #18219 #18141 #18209 #18221 #18188 #18165 ...)) (not (or #18281 #21089)) (not (or #18719 #18359 #18284 #18290 #18331 #18236 #18264 #18241 #18253 #18219 #18141 #18209 #18221 #18188 #18165 #18168 ...)) (not (or #18719 #18281 #18284 #21061)) (not (or #18719 #18281 #18284 #18290 #20959)) (not (or #18719 #18281 #18284 #18290 #20971)) (not (or #18719 #18281 #18284 #18290 #18331 #18236 #20908)) (not (or #18719 #18281 #18284 #18290 #18331 #18236 #20821)) (not (or #18719 #18281 #18284 #18290 #18331 #18236 #18264 #18241 #20788)) (not (if #20591 #15636 #15637))) (o)
      (= (if (or #18281 #21081 #21091 #21053 #21063 #20962 #20930 #20911 #20823 #20790 #20592 #14346) (if #14209 #13303 467) (if #21079 #13638 224)) 417) (c)
      (not (= (if #14347 #13304 #13639) 417)) (a)
    (not (or (not #18375) (not #21079) (not #21090) (not #21051) (not #21062) (not #20961) (not #20929) (not #20909) (not #20822) (not #20789) (not #15638))) (c)
  (not (= i844 1)) (c)
null (o)
  (= i844 1) (o)
    (or (not (or #18719 #18652 #18367)) (not (or #18719 #18359 #18281 #18284 #18290 #18331 #18236 #18264 #18241 #18253 #18219 #18141 #18209 #18221 #18188 #18165 ...)) (not (or #18281 #21089)) (not (or #18719 #18359 #18284 #18290 #18331 #18236 #18264 #18241 #18253 #18219 #18141 #18209 #18221 #18188 #18165 #18168 ...)) (not (or #18719 #18281 #18284 #21061)) (not (or #18719 #18281 #18284 #18290 #20959)) (not (or #18719 #18281 #18284 #18290 #20971)) (not (or #18719 #18281 #18284 #18290 #18331 #18236 #20908)) (not (or #18719 #18281 #18284 #18290 #18331 #18236 #20821)) (not (or #18719 #18281 #18284 #18290 #18331 #18236 #18264 #18241 #20788)) (not (if #20591 #15636 #15637))) (o)
      (= (if (or #18281 #21081 #21091 #21053 #21063 #20962 #20930 #20911 #20823 #20790 #20592 #14346) (if #14209 #13303 467) (if #21079 #13638 224)) 417) (c)
      (not (= (if #14347 #13304 #13639) 417)) (a)
    (not (or (not #18375) (not #21079) (not #21090) (not #21051) (not #21062) (not #20961) (not #20929) (not #20909) (not #20822) (not #20789) (not #15638))) (c)
  (not (= i844 1)) (c)

Worker 3 CUBE SIZE IN MAIN LOOP: 3
 Checking cube
(not (= (if #5823 #5880 #5859) 417))
(or (not (or #3574 #3584 #4238)) (not (or #3574 #3865 #4240 #4245 #4255 #4263 #4280 #4289 #4308 #4317 #4329 #4354 #4362 #4371 #4380 #4389 ...)) (not (or #4240 #4947)) (not (or #3574 #3865 #4245 #4255 #4263 #4280 #4289 #4308 #4317 #4329 #4354 #4362 #4371 #4380 #4389 #4403 ...)) (not (or #3574 #4240 #4245 #4961)) (not (or #3574 #4240 #4245 #4255 #4978)) (not (or #3574 #4240 #4245 #4255 #4992)) (not (or #3574 #4240 #4245 #4255 #4263 #4280 #5029)) (not (or #3574 #4240 #4245 #4255 #4263 #4280 #5036)) (not (or #3574 #4240 #4245 #4255 #4263 #4280 #4289 #4308 #5046)) (not (if #5055 #5787 #5783)))
(= i844 1)
with max_conflicts: 3375
Worker 1 DONE checking cube l_false
Worker 1 found unsat cube
Batch manager backtracking.
(or (not (or #3574 #3584 #4238)) (not (or #3574 #3865 #4240 #4245 #4255 #4263 #4280 #4289 #4308 #4317 #4329 #4354 #4362 #4371 #4380 #4389 ...)) (not (or #4240 #4947)) (not (or #3574 #3865 #4245 #4255 #4263 #4280 #4289 #4308 #4317 #4329 #4354 #4362 #4371 #4380 #4389 #4403 ...)) (not (or #3574 #4240 #4245 #4961)) (not (or #3574 #4240 #4245 #4255 #4978)) (not (or #3574 #4240 #4245 #4255 #4992)) (not (or #3574 #4240 #4245 #4255 #4263 #4280 #5029)) (not (or #3574 #4240 #4245 #4255 #4263 #4280 #5036)) (not (or #3574 #4240 #4245 #4255 #4263 #4280 #4289 #4308 #5046)) (not (if #5055 #5787 #5783)))
(= (if (or #4240 #4941 #4949 #4953 #4963 #4980 #5012 #5031 #5040 #5048 #5056 #5822) (if #5869 #5897 467) (if #4940 #5858 224)) 417)

null (o)
  (= i844 1) (o)
    (or (not (or #18719 #18652 #18367)) (not (or #18719 #18359 #18281 #18284 #18290 #18331 #18236 #18264 #18241 #18253 #18219 #18141 #18209 #18221 #18188 #18165 ...)) (not (or #18281 #21089)) (not (or #18719 #18359 #18284 #18290 #18331 #18236 #18264 #18241 #18253 #18219 #18141 #18209 #18221 #18188 #18165 #18168 ...)) (not (or #18719 #18281 #18284 #21061)) (not (or #18719 #18281 #18284 #18290 #20959)) (not (or #18719 #18281 #18284 #18290 #20971)) (not (or #18719 #18281 #18284 #18290 #18331 #18236 #20908)) (not (or #18719 #18281 #18284 #18290 #18331 #18236 #20821)) (not (or #18719 #18281 #18284 #18290 #18331 #18236 #18264 #18241 #20788)) (not (if #20591 #15636 #15637))) (o)
      (= (if (or #18281 #21081 #21091 #21053 #21063 #20962 #20930 #20911 #20823 #20790 #20592 #14346) (if #14209 #13303 467) (if #21079 #13638 224)) 417) (c)
      (not (= (if #14347 #13304 #13639) 417)) (a)
    (not (or (not #18375) (not #21079) (not #21090) (not #21051) (not #21062) (not #20961) (not #20929) (not #20909) (not #20822) (not #20789) (not #15638))) (c)
  (not (= i844 1)) (c)
null (o)
  (= i844 1) (o)
    (or (not (or #18719 #18652 #18367)) (not (or #18719 #18359 #18281 #18284 #18290 #18331 #18236 #18264 #18241 #18253 #18219 #18141 #18209 #18221 #18188 #18165 ...)) (not (or #18281 #21089)) (not (or #18719 #18359 #18284 #18290 #18331 #18236 #18264 #18241 #18253 #18219 #18141 #18209 #18221 #18188 #18165 #18168 ...)) (not (or #18719 #18281 #18284 #21061)) (not (or #18719 #18281 #18284 #18290 #20959)) (not (or #18719 #18281 #18284 #18290 #20971)) (not (or #18719 #18281 #18284 #18290 #18331 #18236 #20908)) (not (or #18719 #18281 #18284 #18290 #18331 #18236 #20821)) (not (or #18719 #18281 #18284 #18290 #18331 #18236 #18264 #18241 #20788)) (not (if #20591 #15636 #15637))) (o)
      (= (if (or #18281 #21081 #21091 #21053 #21063 #20962 #20930 #20911 #20823 #20790 #20592 #14346) (if #14209 #13303 467) (if #21079 #13638 224)) 417) (c)
      (not (= (if #14347 #13304 #13639) 417)) (a)
    (not (or (not #18375) (not #21079) (not #21090) (not #21051) (not #21062) (not #20961) (not #20929) (not #20909) (not #20822) (not #20789) (not #15638))) (c)
  (not (= i844 1)) (c)

Worker 1 CUBE SIZE IN MAIN LOOP: 3
 Checking cube
(not (= (if #5823 #5880 #5859) 417))
(or (not (or #3574 #3584 #4238)) (not (or #3574 #3865 #4240 #4245 #4255 #4263 #4280 #4289 #4308 #4317 #4329 #4354 #4362 #4371 #4380 #4389 ...)) (not (or #4240 #4947)) (not (or #3574 #3865 #4245 #4255 #4263 #4280 #4289 #4308 #4317 #4329 #4354 #4362 #4371 #4380 #4389 #4403 ...)) (not (or #3574 #4240 #4245 #4961)) (not (or #3574 #4240 #4245 #4255 #4978)) (not (or #3574 #4240 #4245 #4255 #4992)) (not (or #3574 #4240 #4245 #4255 #4263 #4280 #5029)) (not (or #3574 #4240 #4245 #4255 #4263 #4280 #5036)) (not (or #3574 #4240 #4245 #4255 #4263 #4280 #4289 #4308 #5046)) (not (if #5055 #5787 #5783)))
(= i844 1)
with max_conflicts: 3375
Worker 2 DONE checking cube l_false
Worker 2 found unsat cube
Batch manager backtracking.
(= i844 1)

null (c)
  (= i844 1) (c)
    (or (not (or #18719 #18652 #18367)) (not (or #18719 #18359 #18281 #18284 #18290 #18331 #18236 #18264 #18241 #18253 #18219 #18141 #18209 #18221 #18188 #18165 ...)) (not (or #18281 #21089)) (not (or #18719 #18359 #18284 #18290 #18331 #18236 #18264 #18241 #18253 #18219 #18141 #18209 #18221 #18188 #18165 #18168 ...)) (not (or #18719 #18281 #18284 #21061)) (not (or #18719 #18281 #18284 #18290 #20959)) (not (or #18719 #18281 #18284 #18290 #20971)) (not (or #18719 #18281 #18284 #18290 #18331 #18236 #20908)) (not (or #18719 #18281 #18284 #18290 #18331 #18236 #20821)) (not (or #18719 #18281 #18284 #18290 #18331 #18236 #18264 #18241 #20788)) (not (if #20591 #15636 #15637))) (c)
      (= (if (or #18281 #21081 #21091 #21053 #21063 #20962 #20930 #20911 #20823 #20790 #20592 #14346) (if #14209 #13303 467) (if #21079 #13638 224)) 417) (c)
      (not (= (if #14347 #13304 #13639) 417)) (c)
    (not (or (not #18375) (not #21079) (not #21090) (not #21051) (not #21062) (not #20961) (not #20929) (not #20909) (not #20822) (not #20789) (not #15638))) (c)
  (not (= i844 1)) (c)
Canceling workers
Worker 0 canceling
Worker 1 canceling
Worker 2 canceling
Worker 3 canceling
all done
Worker 2 no more cubes
Worker 1 DONE checking cube l_undef
Batch manager setting exception msg: context cancelled.
Worker 0 DONE checking cube l_undef
Batch manager setting exception msg: context cancelled.
Worker 3 DONE checking cube l_undef
Batch manager setting exception msg: context cancelled.
unsat
(:added-eqs                   1284076
 :arith-eq-adapter            2833
 :arith-bound-propagations-lp 159965
 :arith-conflicts             630
 :arith-diseq                 115970
 :arith-fixed-eqs             167590
 :arith-lower                 104364
 :arith-make-feasible         50235
 :arith-max-columns           1664
 :arith-max-rows              684
 :arith-offset-eqs            50393
 :arith-upper                 178544
 :binary-propagations         3634052
 :conflicts                   21780
 :decisions                   499283
 :del-clause                  17902
 :max-memory                  113.51
 :memory                      19.27
 :minimized-lits              119703
 :mk-bool-var                 21492
 :mk-clause                   33169
 :mk-clause-binary            61416
 :num-allocs                  54152861
 :num-checks                  20
 :parallel-max-cube-size      3
 :parallel-num_cubes          11
 :propagations                5204610
 :restarts                    188
 :rlimit-count                15282805
 :time                        0.67
 :total-time                  2.42)
