Worker 0 created with 0 assumptions
Worker 1 created with 0 assumptions
Worker 2 created with 0 assumptions
Worker 3 created with 0 assumptions
null (a)

Worker 2 CUBE SIZE IN MAIN LOOP: 0
 Checking cube
with max_conflicts: 1000
null (a)

Worker 0 CUBE SIZE IN MAIN LOOP: 0
 Checking cube
with max_conflicts: 1000
null (a)

Worker 3 CUBE SIZE IN MAIN LOOP: 0
 Checking cube
with max_conflicts: 1000
null (a)

Worker 1 CUBE SIZE IN MAIN LOOP: 0
 Checking cube
with max_conflicts: 1000
Worker 2 DONE checking cube l_undef
Worker 2 found undef cube
Batch manager splitting on literal: (= i844 1)
null (o)
  (= i844 1) (a)
  (not (= i844 1)) (o)

Worker 2 CUBE SIZE IN MAIN LOOP: 1
 Checking cube
(= i844 1)
with max_conflicts: 1500
Worker 0 DONE checking cube l_undef
Worker 0 found undef cube
Batch manager splitting on literal: (= (if (or #18719 #18281 #18284 #18290 #18331 #18236 #18264 #18241 #18253 #18219 #18141 #18209 #18259) (if #17946 #15858 467) (if #18375 #16076 243)) 469)
Worker 1 DONE checking cube l_undef
Worker 1 found undef cube
Batch manager splitting on literal: (or (not (= i844 1)) (= i1041 0) (not (or #4126 #4151 #4182)) (if (or #4126 #4151) (not #19336) (not #19416)) (not (or #4126 #4156 #19417 #19341 #19415 #19345)) (if (or #19340 #19347) (not #19351) (not #19361)) (if (or #19340 #19347) (= #19349 0) (not #19366)) (not (or #4126 #4151 #19339 #19340 #19347 #19334)) (not (or #4126 #4151 #19339 #19334)))
null (o)
  (= i844 1) (a)
  (not (= i844 1)) (a)

Worker 1 CUBE SIZE IN MAIN LOOP: 1
 Checking cube
(not (= i844 1))
with max_conflicts: 1500
null (o)
  (= i844 1) (a)
  (not (= i844 1)) (a)

Worker 0 CUBE SIZE IN MAIN LOOP: 1
 Checking cube
(= i844 1)
with max_conflicts: 1500
Worker 3 DONE checking cube l_undef
Worker 3 found undef cube
Batch manager splitting on literal: (= i844 1)
null (o)
  (= i844 1) (a)
  (not (= i844 1)) (a)

Worker 3 CUBE SIZE IN MAIN LOOP: 1
 Checking cube
(= i844 1)
with max_conflicts: 1500
Worker 1 DONE checking cube l_false
Worker 1 found unsat cube
Batch manager backtracking.
(not (= i844 1))

null (o)
  (= i844 1) (a)
  (not (= i844 1)) (c)
null (o)
  (= i844 1) (a)
  (not (= i844 1)) (c)

Worker 1 CUBE SIZE IN MAIN LOOP: 1
 Checking cube
(= i844 1)
with max_conflicts: 1500
Worker 2 DONE checking cube l_undef
Worker 2 found undef cube
Batch manager splitting on literal: (or (not (or #19362 #19286 #19227 #19263 #19187 #19259 #19192 #19219 #19211 #19123 #19136 #19139 #19060 #19065 #19069 #19106 ...)) (not (or #19093 #19123 #12678 #19000 #19054 #19052 #19101 #19014 #19018 #19022 #19055 #19034 #19050 #18947 #18948 #19048 ...)) (not (or #19089 #18278)) (not (or #19089 #18883)) (not (or #19123 #19089 #12678 #18886)) (not (or #19123 #19089 #12678 #19000 #18864)) (not (or #19093 #19123 #19089 #12678 #19000 #19054 #19052 #19101 #19014 #19018 #19022 #19055 #19034 #19050 #18947 #18948 ...)) (not (or #19093 #19123 #19089 #12678 #19000 #19054 #19052 #19101 #19014 #19018 #19022 #19055 #19034 #19050 #18947 #18948 ...)) (not (or #19093 #19123 #19089 #12678 #19000 #19054 #19052 #19101 #19014 #19018 #19022 #19055 #19034 #19050 #18947 #18948 ...)) (not (or #19123 #19089 #12678 #19000 #19054 #18823)) (not (or #19123 #19089 #12678 #19000 #19054 #18784)) (not (or #19123 #19089 #12678 #19000 #19054 #19052 #19101 #18877)) (not (or #19123 #19089 #12678 #19000 #19054 #19052 #19101 #19014 #18791)) (not (or #19093 #19123 #19089 #12678 #19000 #19054 #19052 #19101 #19014 #19018 #19022 #19055 #19034 #19050 #18828)) (not (or #19123 #19089 #12678 #19000 #19054 #19052 #19101 #19014 #19018 #18826)) (not (or #19123 #19089 #12678 #19000 #19054 #19052 #19101 #19014 #19018 #18819)) ...)
null (o)
  (= i844 1) (o)
    (or (not (or #19362 #19286 #19227 #19263 #19187 #19259 #19192 #19219 #19211 #19123 #19136 #19139 #19060 #19065 #19069 #19106 ...)) (not (or #19093 #19123 #12678 #19000 #19054 #19052 #19101 #19014 #19018 #19022 #19055 #19034 #19050 #18947 #18948 #19048 ...)) (not (or #19089 #18278)) (not (or #19089 #18883)) (not (or #19123 #19089 #12678 #18886)) (not (or #19123 #19089 #12678 #19000 #18864)) (not (or #19093 #19123 #19089 #12678 #19000 #19054 #19052 #19101 #19014 #19018 #19022 #19055 #19034 #19050 #18947 #18948 ...)) (not (or #19093 #19123 #19089 #12678 #19000 #19054 #19052 #19101 #19014 #19018 #19022 #19055 #19034 #19050 #18947 #18948 ...)) (not (or #19093 #19123 #19089 #12678 #19000 #19054 #19052 #19101 #19014 #19018 #19022 #19055 #19034 #19050 #18947 #18948 ...)) (not (or #19123 #19089 #12678 #19000 #19054 #18823)) (not (or #19123 #19089 #12678 #19000 #19054 #18784)) (not (or #19123 #19089 #12678 #19000 #19054 #19052 #19101 #18877)) (not (or #19123 #19089 #12678 #19000 #19054 #19052 #19101 #19014 #18791)) (not (or #19093 #19123 #19089 #12678 #19000 #19054 #19052 #19101 #19014 #19018 #19022 #19055 #19034 #19050 #18828)) (not (or #19123 #19089 #12678 #19000 #19054 #19052 #19101 #19014 #19018 #18826)) (not (or #19123 #19089 #12678 #19000 #19054 #19052 #19101 #19014 #19018 #18819)) ...) (o)
    (not (or (not #19110) (not #18852) (not #18835) (not #18856) (not #18881) (not #18269) (not #18867) (not #18870) (not #18810) (not #18805) (not #18833) (not #18788) (not #18874) (not #18795) (not #18799) (not #18813) ...)) (a)
  (not (= i844 1)) (c)

Worker 2 CUBE SIZE IN MAIN LOOP: 2
 Checking cube
(not (or (not #2477) (not #2971) (not #2984) (not #2992) (not #3000) (not #3008) (not #3012) (not #3016) (not #3023) (not #3050) (not #3059) (not #3067) (not #3075) (not #3083) (not #3092) (not #3101) ...))
(= i844 1)
with max_conflicts: 2250
Worker 2 DONE checking cube l_false
Worker 2 found unsat cube
Batch manager backtracking.
(not (or (not #2477) (not #2971) (not #2984) (not #2992) (not #3000) (not #3008) (not #3012) (not #3016) (not #3023) (not #3050) (not #3059) (not #3067) (not #3075) (not #3083) (not #3092) (not #3101) ...))

null (o)
  (= i844 1) (o)
    (or (not (or #19362 #19286 #19227 #19263 #19187 #19259 #19192 #19219 #19211 #19123 #19136 #19139 #19060 #19065 #19069 #19106 ...)) (not (or #19093 #19123 #12678 #19000 #19054 #19052 #19101 #19014 #19018 #19022 #19055 #19034 #19050 #18947 #18948 #19048 ...)) (not (or #19089 #18278)) (not (or #19089 #18883)) (not (or #19123 #19089 #12678 #18886)) (not (or #19123 #19089 #12678 #19000 #18864)) (not (or #19093 #19123 #19089 #12678 #19000 #19054 #19052 #19101 #19014 #19018 #19022 #19055 #19034 #19050 #18947 #18948 ...)) (not (or #19093 #19123 #19089 #12678 #19000 #19054 #19052 #19101 #19014 #19018 #19022 #19055 #19034 #19050 #18947 #18948 ...)) (not (or #19093 #19123 #19089 #12678 #19000 #19054 #19052 #19101 #19014 #19018 #19022 #19055 #19034 #19050 #18947 #18948 ...)) (not (or #19123 #19089 #12678 #19000 #19054 #18823)) (not (or #19123 #19089 #12678 #19000 #19054 #18784)) (not (or #19123 #19089 #12678 #19000 #19054 #19052 #19101 #18877)) (not (or #19123 #19089 #12678 #19000 #19054 #19052 #19101 #19014 #18791)) (not (or #19093 #19123 #19089 #12678 #19000 #19054 #19052 #19101 #19014 #19018 #19022 #19055 #19034 #19050 #18828)) (not (or #19123 #19089 #12678 #19000 #19054 #19052 #19101 #19014 #19018 #18826)) (not (or #19123 #19089 #12678 #19000 #19054 #19052 #19101 #19014 #19018 #18819)) ...) (o)
    (not (or (not #19110) (not #18852) (not #18835) (not #18856) (not #18881) (not #18269) (not #18867) (not #18870) (not #18810) (not #18805) (not #18833) (not #18788) (not #18874) (not #18795) (not #18799) (not #18813) ...)) (c)
  (not (= i844 1)) (c)
null (o)
  (= i844 1) (o)
    (or (not (or #19362 #19286 #19227 #19263 #19187 #19259 #19192 #19219 #19211 #19123 #19136 #19139 #19060 #19065 #19069 #19106 ...)) (not (or #19093 #19123 #12678 #19000 #19054 #19052 #19101 #19014 #19018 #19022 #19055 #19034 #19050 #18947 #18948 #19048 ...)) (not (or #19089 #18278)) (not (or #19089 #18883)) (not (or #19123 #19089 #12678 #18886)) (not (or #19123 #19089 #12678 #19000 #18864)) (not (or #19093 #19123 #19089 #12678 #19000 #19054 #19052 #19101 #19014 #19018 #19022 #19055 #19034 #19050 #18947 #18948 ...)) (not (or #19093 #19123 #19089 #12678 #19000 #19054 #19052 #19101 #19014 #19018 #19022 #19055 #19034 #19050 #18947 #18948 ...)) (not (or #19093 #19123 #19089 #12678 #19000 #19054 #19052 #19101 #19014 #19018 #19022 #19055 #19034 #19050 #18947 #18948 ...)) (not (or #19123 #19089 #12678 #19000 #19054 #18823)) (not (or #19123 #19089 #12678 #19000 #19054 #18784)) (not (or #19123 #19089 #12678 #19000 #19054 #19052 #19101 #18877)) (not (or #19123 #19089 #12678 #19000 #19054 #19052 #19101 #19014 #18791)) (not (or #19093 #19123 #19089 #12678 #19000 #19054 #19052 #19101 #19014 #19018 #19022 #19055 #19034 #19050 #18828)) (not (or #19123 #19089 #12678 #19000 #19054 #19052 #19101 #19014 #19018 #18826)) (not (or #19123 #19089 #12678 #19000 #19054 #19052 #19101 #19014 #19018 #18819)) ...) (a)
    (not (or (not #19110) (not #18852) (not #18835) (not #18856) (not #18881) (not #18269) (not #18867) (not #18870) (not #18810) (not #18805) (not #18833) (not #18788) (not #18874) (not #18795) (not #18799) (not #18813) ...)) (c)
  (not (= i844 1)) (c)

Worker 2 CUBE SIZE IN MAIN LOOP: 2
 Checking cube
(or (not (or #1803 #1840 #1895 #1914 #1922 #1928 #2009 #2022 #2342 #2344 #2368 #2382 #2399 #2407 #2414 #2421 ...)) (not (or #2042 #2344 #2480 #2488 #2490 #2496 #2502 #2511 #2517 #2523 #2529 #2538 #2545 #2547 #2549 #2551 ...)) (not (or #2478 #2983)) (not (or #2478 #2991)) (not (or #2344 #2478 #2480 #2999)) (not (or #2344 #2478 #2480 #2488 #3007)) (not (or #2042 #2344 #2478 #2480 #2488 #2490 #2496 #2502 #2511 #2517 #2523 #2529 #2538 #2545 #2547 #2549 ...)) (not (or #2042 #2344 #2478 #2480 #2488 #2490 #2496 #2502 #2511 #2517 #2523 #2529 #2538 #2545 #2547 #2549 ...)) (not (or #2042 #2344 #2478 #2480 #2488 #2490 #2496 #2502 #2511 #2517 #2523 #2529 #2538 #2545 #2547 #2549 ...)) (not (or #2344 #2478 #2480 #2488 #2490 #3049)) (not (or #2344 #2478 #2480 #2488 #2490 #3058)) (not (or #2344 #2478 #2480 #2488 #2490 #2496 #2502 #3066)) (not (or #2344 #2478 #2480 #2488 #2490 #2496 #2502 #2511 #3074)) (not (or #2042 #2344 #2478 #2480 #2488 #2490 #2496 #2502 #2511 #2517 #2523 #2529 #2538 #2545 #3082)) (not (or #2344 #2478 #2480 #2488 #2490 #2496 #2502 #2511 #2517 #3091)) (not (or #2344 #2478 #2480 #2488 #2490 #2496 #2502 #2511 #2517 #3100)) ...)
(= i844 1)
with max_conflicts: 2250
Worker 0 DONE checking cube l_undef
Worker 0 found undef cube
Batch manager splitting on literal: (or (not (or #18719 #18359 #18281 #18284 #18290 #18331 #18236 #18264 #18241 #18253 #18219 #18141 #18209 #18221 #18188 #18165 ...)) (not (or #18281 #21081 #21091 #21053 #21063 #20962 #20930 #20911 #20823 #20790 #20592 #20271 #20241 #20050 #19891 #19278 ...)) (not (or #18281 #21091 #21053 #21063 #20962 #20930 #20911 #20823 #20790 #20592 #20271 #20241 #20050 #19891 #19278 #18969 ...)) (not (or #21081 #21091 #15914)) (not (or #18281 #21081 #21091 #21053 #15717)) (not (or #18281 #21081 #21091 #21053 #21063 #20962 #15781)) (not (or #18281 #21081 #21091 #21053 #21063 #20962 #20930 #20911 #15569)) (not (or #18281 #21081 #21091 #21053 #21063 #20962 #20930 #20911 #20823 #15580)) (not (or #18281 #21081 #21091 #21053 #21063 #20962 #20930 #20911 #20823 #20790 #15628)) (not (or #18281 #21081 #21091 #21053 #21063 #20962 #20930 #20911 #20823 #20790 #15640)) (not (or #18281 #21081 #21091 #21053 #21063 #20962 #20930 #20911 #20823 #20790 #20592 #20271 #20241 #15532)) (not (or #18281 #21081 #21091 #21053 #21063 #20962 #20930 #20911 #20823 #20790 #20592 #20271 #20241 #20050 #19891 #19278 ...)) (not (or #18281 #21081 #21091 #21053 #21063 #20962 #20930 #20911 #20823 #20790 #20592 #15435)) (not (or #21081 #15387)) (not (or #18281 #21081 #21091 #21053 #15396)) (not (or #18281 #21081 #21091 #21053 #21063 #20962 #14403)) ...)
null (o)
  (= i844 1) (o)
    (or (not (or #19362 #19286 #19227 #19263 #19187 #19259 #19192 #19219 #19211 #19123 #19136 #19139 #19060 #19065 #19069 #19106 ...)) (not (or #19093 #19123 #12678 #19000 #19054 #19052 #19101 #19014 #19018 #19022 #19055 #19034 #19050 #18947 #18948 #19048 ...)) (not (or #19089 #18278)) (not (or #19089 #18883)) (not (or #19123 #19089 #12678 #18886)) (not (or #19123 #19089 #12678 #19000 #18864)) (not (or #19093 #19123 #19089 #12678 #19000 #19054 #19052 #19101 #19014 #19018 #19022 #19055 #19034 #19050 #18947 #18948 ...)) (not (or #19093 #19123 #19089 #12678 #19000 #19054 #19052 #19101 #19014 #19018 #19022 #19055 #19034 #19050 #18947 #18948 ...)) (not (or #19093 #19123 #19089 #12678 #19000 #19054 #19052 #19101 #19014 #19018 #19022 #19055 #19034 #19050 #18947 #18948 ...)) (not (or #19123 #19089 #12678 #19000 #19054 #18823)) (not (or #19123 #19089 #12678 #19000 #19054 #18784)) (not (or #19123 #19089 #12678 #19000 #19054 #19052 #19101 #18877)) (not (or #19123 #19089 #12678 #19000 #19054 #19052 #19101 #19014 #18791)) (not (or #19093 #19123 #19089 #12678 #19000 #19054 #19052 #19101 #19014 #19018 #19022 #19055 #19034 #19050 #18828)) (not (or #19123 #19089 #12678 #19000 #19054 #19052 #19101 #19014 #19018 #18826)) (not (or #19123 #19089 #12678 #19000 #19054 #19052 #19101 #19014 #19018 #18819)) ...) (a)
    (not (or (not #19110) (not #18852) (not #18835) (not #18856) (not #18881) (not #18269) (not #18867) (not #18870) (not #18810) (not #18805) (not #18833) (not #18788) (not #18874) (not #18795) (not #18799) (not #18813) ...)) (c)
  (not (= i844 1)) (c)

Worker 0 CUBE SIZE IN MAIN LOOP: 2
 Checking cube
(or (not (or #1803 #1840 #1895 #1914 #1922 #1928 #2009 #2022 #2342 #2344 #2368 #2382 #2399 #2407 #2414 #2421 ...)) (not (or #2042 #2344 #2480 #2488 #2490 #2496 #2502 #2511 #2517 #2523 #2529 #2538 #2545 #2547 #2549 #2551 ...)) (not (or #2478 #2983)) (not (or #2478 #2991)) (not (or #2344 #2478 #2480 #2999)) (not (or #2344 #2478 #2480 #2488 #3007)) (not (or #2042 #2344 #2478 #2480 #2488 #2490 #2496 #2502 #2511 #2517 #2523 #2529 #2538 #2545 #2547 #2549 ...)) (not (or #2042 #2344 #2478 #2480 #2488 #2490 #2496 #2502 #2511 #2517 #2523 #2529 #2538 #2545 #2547 #2549 ...)) (not (or #2042 #2344 #2478 #2480 #2488 #2490 #2496 #2502 #2511 #2517 #2523 #2529 #2538 #2545 #2547 #2549 ...)) (not (or #2344 #2478 #2480 #2488 #2490 #3049)) (not (or #2344 #2478 #2480 #2488 #2490 #3058)) (not (or #2344 #2478 #2480 #2488 #2490 #2496 #2502 #3066)) (not (or #2344 #2478 #2480 #2488 #2490 #2496 #2502 #2511 #3074)) (not (or #2042 #2344 #2478 #2480 #2488 #2490 #2496 #2502 #2511 #2517 #2523 #2529 #2538 #2545 #3082)) (not (or #2344 #2478 #2480 #2488 #2490 #2496 #2502 #2511 #2517 #3091)) (not (or #2344 #2478 #2480 #2488 #2490 #2496 #2502 #2511 #2517 #3100)) ...)
(= i844 1)
with max_conflicts: 2250
Worker 3 DONE checking cube l_undef
Worker 3 found undef cube
Batch manager splitting on literal: (or (not (= i844 1)) (= i1041 0) (not (or #4126 #4151 #4182)) (if (or #4126 #4151) (not #19336) (not #19416)) (not (or #4126 #4156 #19417 #19341 #19415 #19345)) (if (or #19340 #19347) (not #19351) (not #19361)) (if (or #19340 #19347) (= #19349 0) (not #19366)) (not (or #4126 #4151 #19339 #19340 #19347 #19334)) (not (or #4126 #4151 #19339 #19334)))
null (o)
  (= i844 1) (o)
    (or (not (or #19362 #19286 #19227 #19263 #19187 #19259 #19192 #19219 #19211 #19123 #19136 #19139 #19060 #19065 #19069 #19106 ...)) (not (or #19093 #19123 #12678 #19000 #19054 #19052 #19101 #19014 #19018 #19022 #19055 #19034 #19050 #18947 #18948 #19048 ...)) (not (or #19089 #18278)) (not (or #19089 #18883)) (not (or #19123 #19089 #12678 #18886)) (not (or #19123 #19089 #12678 #19000 #18864)) (not (or #19093 #19123 #19089 #12678 #19000 #19054 #19052 #19101 #19014 #19018 #19022 #19055 #19034 #19050 #18947 #18948 ...)) (not (or #19093 #19123 #19089 #12678 #19000 #19054 #19052 #19101 #19014 #19018 #19022 #19055 #19034 #19050 #18947 #18948 ...)) (not (or #19093 #19123 #19089 #12678 #19000 #19054 #19052 #19101 #19014 #19018 #19022 #19055 #19034 #19050 #18947 #18948 ...)) (not (or #19123 #19089 #12678 #19000 #19054 #18823)) (not (or #19123 #19089 #12678 #19000 #19054 #18784)) (not (or #19123 #19089 #12678 #19000 #19054 #19052 #19101 #18877)) (not (or #19123 #19089 #12678 #19000 #19054 #19052 #19101 #19014 #18791)) (not (or #19093 #19123 #19089 #12678 #19000 #19054 #19052 #19101 #19014 #19018 #19022 #19055 #19034 #19050 #18828)) (not (or #19123 #19089 #12678 #19000 #19054 #19052 #19101 #19014 #19018 #18826)) (not (or #19123 #19089 #12678 #19000 #19054 #19052 #19101 #19014 #19018 #18819)) ...) (a)
    (not (or (not #19110) (not #18852) (not #18835) (not #18856) (not #18881) (not #18269) (not #18867) (not #18870) (not #18810) (not #18805) (not #18833) (not #18788) (not #18874) (not #18795) (not #18799) (not #18813) ...)) (c)
  (not (= i844 1)) (c)

Worker 3 CUBE SIZE IN MAIN LOOP: 2
 Checking cube
(or (not (or #1803 #1840 #1895 #1914 #1922 #1928 #2009 #2022 #2342 #2344 #2368 #2382 #2399 #2407 #2414 #2421 ...)) (not (or #2042 #2344 #2480 #2488 #2490 #2496 #2502 #2511 #2517 #2523 #2529 #2538 #2545 #2547 #2549 #2551 ...)) (not (or #2478 #2983)) (not (or #2478 #2991)) (not (or #2344 #2478 #2480 #2999)) (not (or #2344 #2478 #2480 #2488 #3007)) (not (or #2042 #2344 #2478 #2480 #2488 #2490 #2496 #2502 #2511 #2517 #2523 #2529 #2538 #2545 #2547 #2549 ...)) (not (or #2042 #2344 #2478 #2480 #2488 #2490 #2496 #2502 #2511 #2517 #2523 #2529 #2538 #2545 #2547 #2549 ...)) (not (or #2042 #2344 #2478 #2480 #2488 #2490 #2496 #2502 #2511 #2517 #2523 #2529 #2538 #2545 #2547 #2549 ...)) (not (or #2344 #2478 #2480 #2488 #2490 #3049)) (not (or #2344 #2478 #2480 #2488 #2490 #3058)) (not (or #2344 #2478 #2480 #2488 #2490 #2496 #2502 #3066)) (not (or #2344 #2478 #2480 #2488 #2490 #2496 #2502 #2511 #3074)) (not (or #2042 #2344 #2478 #2480 #2488 #2490 #2496 #2502 #2511 #2517 #2523 #2529 #2538 #2545 #3082)) (not (or #2344 #2478 #2480 #2488 #2490 #2496 #2502 #2511 #2517 #3091)) (not (or #2344 #2478 #2480 #2488 #2490 #2496 #2502 #2511 #2517 #3100)) ...)
(= i844 1)
with max_conflicts: 2250
Worker 1 DONE checking cube l_undef
Worker 1 found undef cube
Batch manager splitting on literal: (or (not (= i844 1)) (= i1041 0) (not (or #4126 #4151 #4182)) (if (or #4126 #4151) (not #19336) (not #19416)) (not (or #4126 #4156 #19417 #19341 #19415 #19345)) (if (or #19340 #19347) (not #19351) (not #19361)) (if (or #19340 #19347) (= #19349 0) (not #19366)) (not (or #4126 #4151 #19339 #19340 #19347 #19334)) (not (or #4126 #4151 #19339 #19334)))
null (o)
  (= i844 1) (o)
    (or (not (or #19362 #19286 #19227 #19263 #19187 #19259 #19192 #19219 #19211 #19123 #19136 #19139 #19060 #19065 #19069 #19106 ...)) (not (or #19093 #19123 #12678 #19000 #19054 #19052 #19101 #19014 #19018 #19022 #19055 #19034 #19050 #18947 #18948 #19048 ...)) (not (or #19089 #18278)) (not (or #19089 #18883)) (not (or #19123 #19089 #12678 #18886)) (not (or #19123 #19089 #12678 #19000 #18864)) (not (or #19093 #19123 #19089 #12678 #19000 #19054 #19052 #19101 #19014 #19018 #19022 #19055 #19034 #19050 #18947 #18948 ...)) (not (or #19093 #19123 #19089 #12678 #19000 #19054 #19052 #19101 #19014 #19018 #19022 #19055 #19034 #19050 #18947 #18948 ...)) (not (or #19093 #19123 #19089 #12678 #19000 #19054 #19052 #19101 #19014 #19018 #19022 #19055 #19034 #19050 #18947 #18948 ...)) (not (or #19123 #19089 #12678 #19000 #19054 #18823)) (not (or #19123 #19089 #12678 #19000 #19054 #18784)) (not (or #19123 #19089 #12678 #19000 #19054 #19052 #19101 #18877)) (not (or #19123 #19089 #12678 #19000 #19054 #19052 #19101 #19014 #18791)) (not (or #19093 #19123 #19089 #12678 #19000 #19054 #19052 #19101 #19014 #19018 #19022 #19055 #19034 #19050 #18828)) (not (or #19123 #19089 #12678 #19000 #19054 #19052 #19101 #19014 #19018 #18826)) (not (or #19123 #19089 #12678 #19000 #19054 #19052 #19101 #19014 #19018 #18819)) ...) (a)
    (not (or (not #19110) (not #18852) (not #18835) (not #18856) (not #18881) (not #18269) (not #18867) (not #18870) (not #18810) (not #18805) (not #18833) (not #18788) (not #18874) (not #18795) (not #18799) (not #18813) ...)) (c)
  (not (= i844 1)) (c)

Worker 1 CUBE SIZE IN MAIN LOOP: 2
 Checking cube
(or (not (or #1803 #1840 #1895 #1914 #1922 #1928 #2009 #2022 #2342 #2344 #2368 #2382 #2399 #2407 #2414 #2421 ...)) (not (or #2042 #2344 #2480 #2488 #2490 #2496 #2502 #2511 #2517 #2523 #2529 #2538 #2545 #2547 #2549 #2551 ...)) (not (or #2478 #2983)) (not (or #2478 #2991)) (not (or #2344 #2478 #2480 #2999)) (not (or #2344 #2478 #2480 #2488 #3007)) (not (or #2042 #2344 #2478 #2480 #2488 #2490 #2496 #2502 #2511 #2517 #2523 #2529 #2538 #2545 #2547 #2549 ...)) (not (or #2042 #2344 #2478 #2480 #2488 #2490 #2496 #2502 #2511 #2517 #2523 #2529 #2538 #2545 #2547 #2549 ...)) (not (or #2042 #2344 #2478 #2480 #2488 #2490 #2496 #2502 #2511 #2517 #2523 #2529 #2538 #2545 #2547 #2549 ...)) (not (or #2344 #2478 #2480 #2488 #2490 #3049)) (not (or #2344 #2478 #2480 #2488 #2490 #3058)) (not (or #2344 #2478 #2480 #2488 #2490 #2496 #2502 #3066)) (not (or #2344 #2478 #2480 #2488 #2490 #2496 #2502 #2511 #3074)) (not (or #2042 #2344 #2478 #2480 #2488 #2490 #2496 #2502 #2511 #2517 #2523 #2529 #2538 #2545 #3082)) (not (or #2344 #2478 #2480 #2488 #2490 #2496 #2502 #2511 #2517 #3091)) (not (or #2344 #2478 #2480 #2488 #2490 #2496 #2502 #2511 #2517 #3100)) ...)
(= i844 1)
with max_conflicts: 2250
Worker 2 DONE checking cube l_undef
Worker 2 found undef cube
Batch manager splitting on literal: (or (not (= i844 1)) (= i1041 0) (not (or #4126 #4151 #4182)) (if (or #4126 #4151) (not #19336) (not #19416)) (not (or #4126 #4156 #19417 #19341 #19415 #19345)) (if (or #19340 #19347) (not #19351) (not #19361)) (if (or #19340 #19347) (= #19349 0) (not #19366)) (not (or #4126 #4151 #19339 #19340 #19347 #19334)) (not (or #4126 #4151 #19339 #19334)))
null (o)
  (= i844 1) (o)
    (or (not (or #19362 #19286 #19227 #19263 #19187 #19259 #19192 #19219 #19211 #19123 #19136 #19139 #19060 #19065 #19069 #19106 ...)) (not (or #19093 #19123 #12678 #19000 #19054 #19052 #19101 #19014 #19018 #19022 #19055 #19034 #19050 #18947 #18948 #19048 ...)) (not (or #19089 #18278)) (not (or #19089 #18883)) (not (or #19123 #19089 #12678 #18886)) (not (or #19123 #19089 #12678 #19000 #18864)) (not (or #19093 #19123 #19089 #12678 #19000 #19054 #19052 #19101 #19014 #19018 #19022 #19055 #19034 #19050 #18947 #18948 ...)) (not (or #19093 #19123 #19089 #12678 #19000 #19054 #19052 #19101 #19014 #19018 #19022 #19055 #19034 #19050 #18947 #18948 ...)) (not (or #19093 #19123 #19089 #12678 #19000 #19054 #19052 #19101 #19014 #19018 #19022 #19055 #19034 #19050 #18947 #18948 ...)) (not (or #19123 #19089 #12678 #19000 #19054 #18823)) (not (or #19123 #19089 #12678 #19000 #19054 #18784)) (not (or #19123 #19089 #12678 #19000 #19054 #19052 #19101 #18877)) (not (or #19123 #19089 #12678 #19000 #19054 #19052 #19101 #19014 #18791)) (not (or #19093 #19123 #19089 #12678 #19000 #19054 #19052 #19101 #19014 #19018 #19022 #19055 #19034 #19050 #18828)) (not (or #19123 #19089 #12678 #19000 #19054 #19052 #19101 #19014 #19018 #18826)) (not (or #19123 #19089 #12678 #19000 #19054 #19052 #19101 #19014 #19018 #18819)) ...) (o)
      (or (not (= i844 1)) (= i1041 0) (not (or #4126 #4151 #4182)) (if (or #4126 #4151) (not #19336) (not #19416)) (not (or #4126 #4156 #19417 #19341 #19415 #19345)) (if (or #19340 #19347) (not #19351) (not #19361)) (if (or #19340 #19347) (= #19349 0) (not #19366)) (not (or #4126 #4151 #19339 #19340 #19347 #19334)) (not (or #4126 #4151 #19339 #19334))) (a)
      (not (or (not #4125) (= i1041 0) (not #19416) (if #4152 #19337 #19339) (not #19414) (if #19348 #19412 #19410) (if #19348 #19351 #19327) (not #19282) (not #19338))) (o)
    (not (or (not #19110) (not #18852) (not #18835) (not #18856) (not #18881) (not #18269) (not #18867) (not #18870) (not #18810) (not #18805) (not #18833) (not #18788) (not #18874) (not #18795) (not #18799) (not #18813) ...)) (c)
  (not (= i844 1)) (c)

Worker 2 CUBE SIZE IN MAIN LOOP: 3
 Checking cube
(or (not (= i844 1)) (= i1041 0) (not (or #28 #30 #37)) (if (or #28 #30) (not #1502) (not #1498)) (not (or #28 #32 #1501 #1506 #1508 #1510)) (if (or #1504 #1788) (not #1792) (not #1801)) (if (or #1504 #1788) (= #1791 0) (not #1817)) (not (or #28 #30 #1499 #1504 #1788 #1822)) (not (or #28 #30 #1499 #1822)))
(or (not (or #1803 #1840 #1895 #1914 #1922 #1928 #2009 #2022 #2342 #2344 #2368 #2382 #2399 #2407 #2414 #2421 ...)) (not (or #2042 #2344 #2480 #2488 #2490 #2496 #2502 #2511 #2517 #2523 #2529 #2538 #2545 #2547 #2549 #2551 ...)) (not (or #2478 #2983)) (not (or #2478 #2991)) (not (or #2344 #2478 #2480 #2999)) (not (or #2344 #2478 #2480 #2488 #3007)) (not (or #2042 #2344 #2478 #2480 #2488 #2490 #2496 #2502 #2511 #2517 #2523 #2529 #2538 #2545 #2547 #2549 ...)) (not (or #2042 #2344 #2478 #2480 #2488 #2490 #2496 #2502 #2511 #2517 #2523 #2529 #2538 #2545 #2547 #2549 ...)) (not (or #2042 #2344 #2478 #2480 #2488 #2490 #2496 #2502 #2511 #2517 #2523 #2529 #2538 #2545 #2547 #2549 ...)) (not (or #2344 #2478 #2480 #2488 #2490 #3049)) (not (or #2344 #2478 #2480 #2488 #2490 #3058)) (not (or #2344 #2478 #2480 #2488 #2490 #2496 #2502 #3066)) (not (or #2344 #2478 #2480 #2488 #2490 #2496 #2502 #2511 #3074)) (not (or #2042 #2344 #2478 #2480 #2488 #2490 #2496 #2502 #2511 #2517 #2523 #2529 #2538 #2545 #3082)) (not (or #2344 #2478 #2480 #2488 #2490 #2496 #2502 #2511 #2517 #3091)) (not (or #2344 #2478 #2480 #2488 #2490 #2496 #2502 #2511 #2517 #3100)) ...)
(= i844 1)
with max_conflicts: 3375
Worker 0 DONE checking cube l_undef
Worker 0 found undef cube
Batch manager splitting on literal: (= (if (or #18719 #18281 #18284 #18290 #18331 #18236 #18264 #18241 #18253 #18219 #18141 #18209 #18259) (if #17946 #15858 467) (if #18375 #16076 243)) 139)
null (o)
  (= i844 1) (o)
    (or (not (or #19362 #19286 #19227 #19263 #19187 #19259 #19192 #19219 #19211 #19123 #19136 #19139 #19060 #19065 #19069 #19106 ...)) (not (or #19093 #19123 #12678 #19000 #19054 #19052 #19101 #19014 #19018 #19022 #19055 #19034 #19050 #18947 #18948 #19048 ...)) (not (or #19089 #18278)) (not (or #19089 #18883)) (not (or #19123 #19089 #12678 #18886)) (not (or #19123 #19089 #12678 #19000 #18864)) (not (or #19093 #19123 #19089 #12678 #19000 #19054 #19052 #19101 #19014 #19018 #19022 #19055 #19034 #19050 #18947 #18948 ...)) (not (or #19093 #19123 #19089 #12678 #19000 #19054 #19052 #19101 #19014 #19018 #19022 #19055 #19034 #19050 #18947 #18948 ...)) (not (or #19093 #19123 #19089 #12678 #19000 #19054 #19052 #19101 #19014 #19018 #19022 #19055 #19034 #19050 #18947 #18948 ...)) (not (or #19123 #19089 #12678 #19000 #19054 #18823)) (not (or #19123 #19089 #12678 #19000 #19054 #18784)) (not (or #19123 #19089 #12678 #19000 #19054 #19052 #19101 #18877)) (not (or #19123 #19089 #12678 #19000 #19054 #19052 #19101 #19014 #18791)) (not (or #19093 #19123 #19089 #12678 #19000 #19054 #19052 #19101 #19014 #19018 #19022 #19055 #19034 #19050 #18828)) (not (or #19123 #19089 #12678 #19000 #19054 #19052 #19101 #19014 #19018 #18826)) (not (or #19123 #19089 #12678 #19000 #19054 #19052 #19101 #19014 #19018 #18819)) ...) (o)
      (or (not (= i844 1)) (= i1041 0) (not (or #4126 #4151 #4182)) (if (or #4126 #4151) (not #19336) (not #19416)) (not (or #4126 #4156 #19417 #19341 #19415 #19345)) (if (or #19340 #19347) (not #19351) (not #19361)) (if (or #19340 #19347) (= #19349 0) (not #19366)) (not (or #4126 #4151 #19339 #19340 #19347 #19334)) (not (or #4126 #4151 #19339 #19334))) (a)
      (not (or (not #4125) (= i1041 0) (not #19416) (if #4152 #19337 #19339) (not #19414) (if #19348 #19412 #19410) (if #19348 #19351 #19327) (not #19282) (not #19338))) (a)
    (not (or (not #19110) (not #18852) (not #18835) (not #18856) (not #18881) (not #18269) (not #18867) (not #18870) (not #18810) (not #18805) (not #18833) (not #18788) (not #18874) (not #18795) (not #18799) (not #18813) ...)) (c)
  (not (= i844 1)) (c)

Worker 0 CUBE SIZE IN MAIN LOOP: 3
 Checking cube
(not (or (not #27) (= i1041 0) (not #1498) (if #31 #1503 #1499) (not #1787) (if #1789 #1793 #1802) (if #1789 #1792 #1818) (not #1823) (not #1825)))
(or (not (or #1803 #1840 #1895 #1914 #1922 #1928 #2009 #2022 #2342 #2344 #2368 #2382 #2399 #2407 #2414 #2421 ...)) (not (or #2042 #2344 #2480 #2488 #2490 #2496 #2502 #2511 #2517 #2523 #2529 #2538 #2545 #2547 #2549 #2551 ...)) (not (or #2478 #2983)) (not (or #2478 #2991)) (not (or #2344 #2478 #2480 #2999)) (not (or #2344 #2478 #2480 #2488 #3007)) (not (or #2042 #2344 #2478 #2480 #2488 #2490 #2496 #2502 #2511 #2517 #2523 #2529 #2538 #2545 #2547 #2549 ...)) (not (or #2042 #2344 #2478 #2480 #2488 #2490 #2496 #2502 #2511 #2517 #2523 #2529 #2538 #2545 #2547 #2549 ...)) (not (or #2042 #2344 #2478 #2480 #2488 #2490 #2496 #2502 #2511 #2517 #2523 #2529 #2538 #2545 #2547 #2549 ...)) (not (or #2344 #2478 #2480 #2488 #2490 #3049)) (not (or #2344 #2478 #2480 #2488 #2490 #3058)) (not (or #2344 #2478 #2480 #2488 #2490 #2496 #2502 #3066)) (not (or #2344 #2478 #2480 #2488 #2490 #2496 #2502 #2511 #3074)) (not (or #2042 #2344 #2478 #2480 #2488 #2490 #2496 #2502 #2511 #2517 #2523 #2529 #2538 #2545 #3082)) (not (or #2344 #2478 #2480 #2488 #2490 #2496 #2502 #2511 #2517 #3091)) (not (or #2344 #2478 #2480 #2488 #2490 #2496 #2502 #2511 #2517 #3100)) ...)
(= i844 1)
with max_conflicts: 3375
Worker 3 DONE checking cube l_undef
Worker 3 found undef cube
Batch manager splitting on literal: (or (not (= i844 1)) (= i1041 0) (not (or #4126 #4151 #4182)) (if (or #4126 #4151) (not #19336) (not #19416)) (not (or #4126 #4156 #19417 #19341 #19415 #19345)) (if (or #19340 #19347) (not #19351) (not #19361)) (if (or #19340 #19347) (= #19349 0) (not #19366)) (not (or #4126 #4151 #19339 #19340 #19347 #19334)) (not (or #4126 #4151 #19339 #19334)))
null (o)
  (= i844 1) (o)
    (or (not (or #19362 #19286 #19227 #19263 #19187 #19259 #19192 #19219 #19211 #19123 #19136 #19139 #19060 #19065 #19069 #19106 ...)) (not (or #19093 #19123 #12678 #19000 #19054 #19052 #19101 #19014 #19018 #19022 #19055 #19034 #19050 #18947 #18948 #19048 ...)) (not (or #19089 #18278)) (not (or #19089 #18883)) (not (or #19123 #19089 #12678 #18886)) (not (or #19123 #19089 #12678 #19000 #18864)) (not (or #19093 #19123 #19089 #12678 #19000 #19054 #19052 #19101 #19014 #19018 #19022 #19055 #19034 #19050 #18947 #18948 ...)) (not (or #19093 #19123 #19089 #12678 #19000 #19054 #19052 #19101 #19014 #19018 #19022 #19055 #19034 #19050 #18947 #18948 ...)) (not (or #19093 #19123 #19089 #12678 #19000 #19054 #19052 #19101 #19014 #19018 #19022 #19055 #19034 #19050 #18947 #18948 ...)) (not (or #19123 #19089 #12678 #19000 #19054 #18823)) (not (or #19123 #19089 #12678 #19000 #19054 #18784)) (not (or #19123 #19089 #12678 #19000 #19054 #19052 #19101 #18877)) (not (or #19123 #19089 #12678 #19000 #19054 #19052 #19101 #19014 #18791)) (not (or #19093 #19123 #19089 #12678 #19000 #19054 #19052 #19101 #19014 #19018 #19022 #19055 #19034 #19050 #18828)) (not (or #19123 #19089 #12678 #19000 #19054 #19052 #19101 #19014 #19018 #18826)) (not (or #19123 #19089 #12678 #19000 #19054 #19052 #19101 #19014 #19018 #18819)) ...) (o)
      (or (not (= i844 1)) (= i1041 0) (not (or #4126 #4151 #4182)) (if (or #4126 #4151) (not #19336) (not #19416)) (not (or #4126 #4156 #19417 #19341 #19415 #19345)) (if (or #19340 #19347) (not #19351) (not #19361)) (if (or #19340 #19347) (= #19349 0) (not #19366)) (not (or #4126 #4151 #19339 #19340 #19347 #19334)) (not (or #4126 #4151 #19339 #19334))) (a)
      (not (or (not #4125) (= i1041 0) (not #19416) (if #4152 #19337 #19339) (not #19414) (if #19348 #19412 #19410) (if #19348 #19351 #19327) (not #19282) (not #19338))) (a)
    (not (or (not #19110) (not #18852) (not #18835) (not #18856) (not #18881) (not #18269) (not #18867) (not #18870) (not #18810) (not #18805) (not #18833) (not #18788) (not #18874) (not #18795) (not #18799) (not #18813) ...)) (c)
  (not (= i844 1)) (c)

Worker 3 CUBE SIZE IN MAIN LOOP: 3
 Checking cube
(or (not (= i844 1)) (= i1041 0) (not (or #28 #30 #37)) (if (or #28 #30) (not #1502) (not #1498)) (not (or #28 #32 #1501 #1506 #1508 #1510)) (if (or #1504 #1788) (not #1792) (not #1801)) (if (or #1504 #1788) (= #1791 0) (not #1817)) (not (or #28 #30 #1499 #1504 #1788 #1822)) (not (or #28 #30 #1499 #1822)))
(or (not (or #1803 #1840 #1895 #1914 #1922 #1928 #2009 #2022 #2342 #2344 #2368 #2382 #2399 #2407 #2414 #2421 ...)) (not (or #2042 #2344 #2480 #2488 #2490 #2496 #2502 #2511 #2517 #2523 #2529 #2538 #2545 #2547 #2549 #2551 ...)) (not (or #2478 #2983)) (not (or #2478 #2991)) (not (or #2344 #2478 #2480 #2999)) (not (or #2344 #2478 #2480 #2488 #3007)) (not (or #2042 #2344 #2478 #2480 #2488 #2490 #2496 #2502 #2511 #2517 #2523 #2529 #2538 #2545 #2547 #2549 ...)) (not (or #2042 #2344 #2478 #2480 #2488 #2490 #2496 #2502 #2511 #2517 #2523 #2529 #2538 #2545 #2547 #2549 ...)) (not (or #2042 #2344 #2478 #2480 #2488 #2490 #2496 #2502 #2511 #2517 #2523 #2529 #2538 #2545 #2547 #2549 ...)) (not (or #2344 #2478 #2480 #2488 #2490 #3049)) (not (or #2344 #2478 #2480 #2488 #2490 #3058)) (not (or #2344 #2478 #2480 #2488 #2490 #2496 #2502 #3066)) (not (or #2344 #2478 #2480 #2488 #2490 #2496 #2502 #2511 #3074)) (not (or #2042 #2344 #2478 #2480 #2488 #2490 #2496 #2502 #2511 #2517 #2523 #2529 #2538 #2545 #3082)) (not (or #2344 #2478 #2480 #2488 #2490 #2496 #2502 #2511 #2517 #3091)) (not (or #2344 #2478 #2480 #2488 #2490 #2496 #2502 #2511 #2517 #3100)) ...)
(= i844 1)
with max_conflicts: 3375
Worker 1 DONE checking cube l_false
Worker 1 found unsat cube
Batch manager backtracking.
(= i844 1)
(or (not (or #1803 #1840 #1895 #1914 #1922 #1928 #2009 #2022 #2342 #2344 #2368 #2382 #2399 #2407 #2414 #2421 ...)) (not (or #2042 #2344 #2480 #2488 #2490 #2496 #2502 #2511 #2517 #2523 #2529 #2538 #2545 #2547 #2549 #2551 ...)) (not (or #2478 #2983)) (not (or #2478 #2991)) (not (or #2344 #2478 #2480 #2999)) (not (or #2344 #2478 #2480 #2488 #3007)) (not (or #2042 #2344 #2478 #2480 #2488 #2490 #2496 #2502 #2511 #2517 #2523 #2529 #2538 #2545 #2547 #2549 ...)) (not (or #2042 #2344 #2478 #2480 #2488 #2490 #2496 #2502 #2511 #2517 #2523 #2529 #2538 #2545 #2547 #2549 ...)) (not (or #2042 #2344 #2478 #2480 #2488 #2490 #2496 #2502 #2511 #2517 #2523 #2529 #2538 #2545 #2547 #2549 ...)) (not (or #2344 #2478 #2480 #2488 #2490 #3049)) (not (or #2344 #2478 #2480 #2488 #2490 #3058)) (not (or #2344 #2478 #2480 #2488 #2490 #2496 #2502 #3066)) (not (or #2344 #2478 #2480 #2488 #2490 #2496 #2502 #2511 #3074)) (not (or #2042 #2344 #2478 #2480 #2488 #2490 #2496 #2502 #2511 #2517 #2523 #2529 #2538 #2545 #3082)) (not (or #2344 #2478 #2480 #2488 #2490 #2496 #2502 #2511 #2517 #3091)) (not (or #2344 #2478 #2480 #2488 #2490 #2496 #2502 #2511 #2517 #3100)) ...)

null (o)
  (= i844 1) (c)
    (or (not (or #19362 #19286 #19227 #19263 #19187 #19259 #19192 #19219 #19211 #19123 #19136 #19139 #19060 #19065 #19069 #19106 ...)) (not (or #19093 #19123 #12678 #19000 #19054 #19052 #19101 #19014 #19018 #19022 #19055 #19034 #19050 #18947 #18948 #19048 ...)) (not (or #19089 #18278)) (not (or #19089 #18883)) (not (or #19123 #19089 #12678 #18886)) (not (or #19123 #19089 #12678 #19000 #18864)) (not (or #19093 #19123 #19089 #12678 #19000 #19054 #19052 #19101 #19014 #19018 #19022 #19055 #19034 #19050 #18947 #18948 ...)) (not (or #19093 #19123 #19089 #12678 #19000 #19054 #19052 #19101 #19014 #19018 #19022 #19055 #19034 #19050 #18947 #18948 ...)) (not (or #19093 #19123 #19089 #12678 #19000 #19054 #19052 #19101 #19014 #19018 #19022 #19055 #19034 #19050 #18947 #18948 ...)) (not (or #19123 #19089 #12678 #19000 #19054 #18823)) (not (or #19123 #19089 #12678 #19000 #19054 #18784)) (not (or #19123 #19089 #12678 #19000 #19054 #19052 #19101 #18877)) (not (or #19123 #19089 #12678 #19000 #19054 #19052 #19101 #19014 #18791)) (not (or #19093 #19123 #19089 #12678 #19000 #19054 #19052 #19101 #19014 #19018 #19022 #19055 #19034 #19050 #18828)) (not (or #19123 #19089 #12678 #19000 #19054 #19052 #19101 #19014 #19018 #18826)) (not (or #19123 #19089 #12678 #19000 #19054 #19052 #19101 #19014 #19018 #18819)) ...) (c)
      (or (not (= i844 1)) (= i1041 0) (not (or #4126 #4151 #4182)) (if (or #4126 #4151) (not #19336) (not #19416)) (not (or #4126 #4156 #19417 #19341 #19415 #19345)) (if (or #19340 #19347) (not #19351) (not #19361)) (if (or #19340 #19347) (= #19349 0) (not #19366)) (not (or #4126 #4151 #19339 #19340 #19347 #19334)) (not (or #4126 #4151 #19339 #19334))) (c)
      (not (or (not #4125) (= i1041 0) (not #19416) (if #4152 #19337 #19339) (not #19414) (if #19348 #19412 #19410) (if #19348 #19351 #19327) (not #19282) (not #19338))) (c)
    (not (or (not #19110) (not #18852) (not #18835) (not #18856) (not #18881) (not #18269) (not #18867) (not #18870) (not #18810) (not #18805) (not #18833) (not #18788) (not #18874) (not #18795) (not #18799) (not #18813) ...)) (c)
  (not (= i844 1)) (c)
Worker 1 no more cubes
Worker 2 DONE checking cube l_false
Worker 2 found unsat cube
Batch manager backtracking.
(or (not (= i844 1)) (= i1041 0) (not (or #28 #30 #37)) (if (or #28 #30) (not #1502) (not #1498)) (not (or #28 #32 #1501 #1506 #1508 #1510)) (if (or #1504 #1788) (not #1792) (not #1801)) (if (or #1504 #1788) (= #1791 0) (not #1817)) (not (or #28 #30 #1499 #1504 #1788 #1822)) (not (or #28 #30 #1499 #1822)))
(or (not (or #1803 #1840 #1895 #1914 #1922 #1928 #2009 #2022 #2342 #2344 #2368 #2382 #2399 #2407 #2414 #2421 ...)) (not (or #2042 #2344 #2480 #2488 #2490 #2496 #2502 #2511 #2517 #2523 #2529 #2538 #2545 #2547 #2549 #2551 ...)) (not (or #2478 #2983)) (not (or #2478 #2991)) (not (or #2344 #2478 #2480 #2999)) (not (or #2344 #2478 #2480 #2488 #3007)) (not (or #2042 #2344 #2478 #2480 #2488 #2490 #2496 #2502 #2511 #2517 #2523 #2529 #2538 #2545 #2547 #2549 ...)) (not (or #2042 #2344 #2478 #2480 #2488 #2490 #2496 #2502 #2511 #2517 #2523 #2529 #2538 #2545 #2547 #2549 ...)) (not (or #2042 #2344 #2478 #2480 #2488 #2490 #2496 #2502 #2511 #2517 #2523 #2529 #2538 #2545 #2547 #2549 ...)) (not (or #2344 #2478 #2480 #2488 #2490 #3049)) (not (or #2344 #2478 #2480 #2488 #2490 #3058)) (not (or #2344 #2478 #2480 #2488 #2490 #2496 #2502 #3066)) (not (or #2344 #2478 #2480 #2488 #2490 #2496 #2502 #2511 #3074)) (not (or #2042 #2344 #2478 #2480 #2488 #2490 #2496 #2502 #2511 #2517 #2523 #2529 #2538 #2545 #3082)) (not (or #2344 #2478 #2480 #2488 #2490 #2496 #2502 #2511 #2517 #3091)) (not (or #2344 #2478 #2480 #2488 #2490 #2496 #2502 #2511 #2517 #3100)) ...)

null (c)
  (= i844 1) (c)
    (or (not (or #19362 #19286 #19227 #19263 #19187 #19259 #19192 #19219 #19211 #19123 #19136 #19139 #19060 #19065 #19069 #19106 ...)) (not (or #19093 #19123 #12678 #19000 #19054 #19052 #19101 #19014 #19018 #19022 #19055 #19034 #19050 #18947 #18948 #19048 ...)) (not (or #19089 #18278)) (not (or #19089 #18883)) (not (or #19123 #19089 #12678 #18886)) (not (or #19123 #19089 #12678 #19000 #18864)) (not (or #19093 #19123 #19089 #12678 #19000 #19054 #19052 #19101 #19014 #19018 #19022 #19055 #19034 #19050 #18947 #18948 ...)) (not (or #19093 #19123 #19089 #12678 #19000 #19054 #19052 #19101 #19014 #19018 #19022 #19055 #19034 #19050 #18947 #18948 ...)) (not (or #19093 #19123 #19089 #12678 #19000 #19054 #19052 #19101 #19014 #19018 #19022 #19055 #19034 #19050 #18947 #18948 ...)) (not (or #19123 #19089 #12678 #19000 #19054 #18823)) (not (or #19123 #19089 #12678 #19000 #19054 #18784)) (not (or #19123 #19089 #12678 #19000 #19054 #19052 #19101 #18877)) (not (or #19123 #19089 #12678 #19000 #19054 #19052 #19101 #19014 #18791)) (not (or #19093 #19123 #19089 #12678 #19000 #19054 #19052 #19101 #19014 #19018 #19022 #19055 #19034 #19050 #18828)) (not (or #19123 #19089 #12678 #19000 #19054 #19052 #19101 #19014 #19018 #18826)) (not (or #19123 #19089 #12678 #19000 #19054 #19052 #19101 #19014 #19018 #18819)) ...) (c)
      (or (not (= i844 1)) (= i1041 0) (not (or #4126 #4151 #4182)) (if (or #4126 #4151) (not #19336) (not #19416)) (not (or #4126 #4156 #19417 #19341 #19415 #19345)) (if (or #19340 #19347) (not #19351) (not #19361)) (if (or #19340 #19347) (= #19349 0) (not #19366)) (not (or #4126 #4151 #19339 #19340 #19347 #19334)) (not (or #4126 #4151 #19339 #19334))) (c)
      (not (or (not #4125) (= i1041 0) (not #19416) (if #4152 #19337 #19339) (not #19414) (if #19348 #19412 #19410) (if #19348 #19351 #19327) (not #19282) (not #19338))) (c)
    (not (or (not #19110) (not #18852) (not #18835) (not #18856) (not #18881) (not #18269) (not #18867) (not #18870) (not #18810) (not #18805) (not #18833) (not #18788) (not #18874) (not #18795) (not #18799) (not #18813) ...)) (c)
  (not (= i844 1)) (c)
Canceling workers
Worker 0 canceling
Worker 1 canceling
Worker 2 canceling
Worker 3 canceling
Worker 3 DONE checking cube l_undef
all done
Worker 2 no more cubes
Batch manager setting exception msg: context cancelled.
Worker 0 DONE checking cube l_undef
Batch manager setting exception msg: context cancelled.
unsat
(:added-eqs                   1319515
 :arith-eq-adapter            2949
 :arith-bound-propagations-lp 162627
 :arith-conflicts             555
 :arith-diseq                 123078
 :arith-fixed-eqs             170802
 :arith-lower                 107358
 :arith-make-feasible         52344
 :arith-max-columns           1659
 :arith-max-rows              679
 :arith-offset-eqs            52560
 :arith-upper                 179949
 :binary-propagations         3670146
 :conflicts                   22816
 :decisions                   515938
 :del-clause                  18558
 :max-memory                  113.53
 :memory                      19.22
 :minimized-lits              122868
 :mk-bool-var                 21668
 :mk-clause                   35120
 :mk-clause-binary            61283
 :num-allocs                  55100069
 :num-checks                  18
 :parallel-max-cube-size      3
 :parallel-num_cubes          11
 :propagations                5323753
 :restarts                    197
 :rlimit-count                15640668
 :time                        0.70
 :total-time                  2.49)
