Worker 0 created with 0 assumptions
Worker 1 created with 0 assumptions
Worker 2 created with 0 assumptions
Worker 3 created with 0 assumptions
null (a)

Worker 2 CUBE SIZE IN MAIN LOOP: 0
 Checking cube
with max_conflicts: 1000
null (a)

Worker 1 CUBE SIZE IN MAIN LOOP: 0
 Checking cube
with max_conflicts: 1000
null (a)

Worker 3 CUBE SIZE IN MAIN LOOP: 0
 Checking cube
with max_conflicts: 1000
null (a)

Worker 0 CUBE SIZE IN MAIN LOOP: 0
 Checking cube
with max_conflicts: 1000
Worker 1 DONE checking cube l_undef
Worker 1 found undef cube
Batch manager splitting on literal: (or (if (or #19089 #18932) (not #18855) (not #18717)) (not (or #18719 #18652 #18316)) (not (or #18664 #18652 #18660 #18674 #18682 #18614 #18627 #18635 #18644 #18576 #18586 #18594 #18603 #18536 #18540 #18549 ...)) (not (or #18719 #18367)) (not (or #18719 #18652 #18660 #18285)) (not (or #18719 #18652 #18660 #18674 #18335)) (not (or #18719 #18652 #18660 #18674 #18271)) (not (or #18719 #18652 #18660 #18674 #18682 #18614 #18191)) (not (or #18719 #18652 #18660 #18674 #18682 #18614 #18199)) (not (or #18719 #18652 #18660 #18674 #18682 #18614 #18627 #18635 #18245)) (not (if #18257 #21079 #21081)))
null (o)
  (or (if (or #19089 #18932) (not #18855) (not #18717)) (not (or #18719 #18652 #18316)) (not (or #18664 #18652 #18660 #18674 #18682 #18614 #18627 #18635 #18644 #18576 #18586 #18594 #18603 #18536 #18540 #18549 ...)) (not (or #18719 #18367)) (not (or #18719 #18652 #18660 #18285)) (not (or #18719 #18652 #18660 #18674 #18335)) (not (or #18719 #18652 #18660 #18674 #18271)) (not (or #18719 #18652 #18660 #18674 #18682 #18614 #18191)) (not (or #18719 #18652 #18660 #18674 #18682 #18614 #18199)) (not (or #18719 #18652 #18660 #18674 #18682 #18614 #18627 #18635 #18245)) (not (if #18257 #21079 #21081))) (a)
  (not (or (if #18853 #18270 #18718) (not #18317) (not #18359) (not #18375) (not #18286) (not #18300) (not #18232) (not #18192) (not #18200) (not #18207) (not #21082))) (o)

Worker 1 CUBE SIZE IN MAIN LOOP: 1
 Checking cube
(or (if (or #2478 #2972) (not #3568) (not #3572)) (not (or #3574 #3584 #4238)) (not (or #3211 #3584 #3593 #3601 #3609 #3617 #3626 #3634 #3643 #3655 #3681 #3689 #3698 #3707 #3709 #3720 ...)) (not (or #3574 #4253)) (not (or #3574 #3584 #3593 #4261)) (not (or #3574 #3584 #3593 #3601 #4278)) (not (or #3574 #3584 #3593 #3601 #4287)) (not (or #3574 #3584 #3593 #3601 #3609 #3617 #4306)) (not (or #3574 #3584 #3593 #3601 #3609 #3617 #4315)) (not (or #3574 #3584 #3593 #3601 #3609 #3617 #3626 #3634 #4327)) (not (if #4353 #5061 #5057)))
with max_conflicts: 1500
Worker 3 DONE checking cube l_undef
Worker 3 found undef cube
Batch manager splitting on literal: (<= (+ (if #4125 143 0) (* -1 #4566)) 0)
null (o)
  (or (if (or #19089 #18932) (not #18855) (not #18717)) (not (or #18719 #18652 #18316)) (not (or #18664 #18652 #18660 #18674 #18682 #18614 #18627 #18635 #18644 #18576 #18586 #18594 #18603 #18536 #18540 #18549 ...)) (not (or #18719 #18367)) (not (or #18719 #18652 #18660 #18285)) (not (or #18719 #18652 #18660 #18674 #18335)) (not (or #18719 #18652 #18660 #18674 #18271)) (not (or #18719 #18652 #18660 #18674 #18682 #18614 #18191)) (not (or #18719 #18652 #18660 #18674 #18682 #18614 #18199)) (not (or #18719 #18652 #18660 #18674 #18682 #18614 #18627 #18635 #18245)) (not (if #18257 #21079 #21081))) (a)
  (not (or (if #18853 #18270 #18718) (not #18317) (not #18359) (not #18375) (not #18286) (not #18300) (not #18232) (not #18192) (not #18200) (not #18207) (not #21082))) (a)

Worker 3 CUBE SIZE IN MAIN LOOP: 1
 Checking cube
(not (or (if #2973 #3569 #3573) (not #4239) (not #4243) (not #4254) (not #4262) (not #4279) (not #4288) (not #4307) (not #4316) (not #4328) (not #4543)))
with max_conflicts: 1500
Worker 0 DONE checking cube l_undef
Worker 0 found undef cube
Batch manager splitting on literal: (= i844 1)
Worker 3 DONE checking cube l_false
Worker 3 found unsat cube
Batch manager backtracking.
(not (or (if #2973 #3569 #3573) (not #4239) (not #4243) (not #4254) (not #4262) (not #4279) (not #4288) (not #4307) (not #4316) (not #4328) (not #4543)))

null (o)
  (or (if (or #19089 #18932) (not #18855) (not #18717)) (not (or #18719 #18652 #18316)) (not (or #18664 #18652 #18660 #18674 #18682 #18614 #18627 #18635 #18644 #18576 #18586 #18594 #18603 #18536 #18540 #18549 ...)) (not (or #18719 #18367)) (not (or #18719 #18652 #18660 #18285)) (not (or #18719 #18652 #18660 #18674 #18335)) (not (or #18719 #18652 #18660 #18674 #18271)) (not (or #18719 #18652 #18660 #18674 #18682 #18614 #18191)) (not (or #18719 #18652 #18660 #18674 #18682 #18614 #18199)) (not (or #18719 #18652 #18660 #18674 #18682 #18614 #18627 #18635 #18245)) (not (if #18257 #21079 #21081))) (a)
  (not (or (if #18853 #18270 #18718) (not #18317) (not #18359) (not #18375) (not #18286) (not #18300) (not #18232) (not #18192) (not #18200) (not #18207) (not #21082))) (c)
null (o)
  (or (if (or #19089 #18932) (not #18855) (not #18717)) (not (or #18719 #18652 #18316)) (not (or #18664 #18652 #18660 #18674 #18682 #18614 #18627 #18635 #18644 #18576 #18586 #18594 #18603 #18536 #18540 #18549 ...)) (not (or #18719 #18367)) (not (or #18719 #18652 #18660 #18285)) (not (or #18719 #18652 #18660 #18674 #18335)) (not (or #18719 #18652 #18660 #18674 #18271)) (not (or #18719 #18652 #18660 #18674 #18682 #18614 #18191)) (not (or #18719 #18652 #18660 #18674 #18682 #18614 #18199)) (not (or #18719 #18652 #18660 #18674 #18682 #18614 #18627 #18635 #18245)) (not (if #18257 #21079 #21081))) (a)
  (not (or (if #18853 #18270 #18718) (not #18317) (not #18359) (not #18375) (not #18286) (not #18300) (not #18232) (not #18192) (not #18200) (not #18207) (not #21082))) (c)

Worker 3 CUBE SIZE IN MAIN LOOP: 1
 Checking cube
(or (if (or #2478 #2972) (not #3568) (not #3572)) (not (or #3574 #3584 #4238)) (not (or #3211 #3584 #3593 #3601 #3609 #3617 #3626 #3634 #3643 #3655 #3681 #3689 #3698 #3707 #3709 #3720 ...)) (not (or #3574 #4253)) (not (or #3574 #3584 #3593 #4261)) (not (or #3574 #3584 #3593 #3601 #4278)) (not (or #3574 #3584 #3593 #3601 #4287)) (not (or #3574 #3584 #3593 #3601 #3609 #3617 #4306)) (not (or #3574 #3584 #3593 #3601 #3609 #3617 #4315)) (not (or #3574 #3584 #3593 #3601 #3609 #3617 #3626 #3634 #4327)) (not (if #4353 #5061 #5057)))
with max_conflicts: 1500
null (o)
  (or (if (or #19089 #18932) (not #18855) (not #18717)) (not (or #18719 #18652 #18316)) (not (or #18664 #18652 #18660 #18674 #18682 #18614 #18627 #18635 #18644 #18576 #18586 #18594 #18603 #18536 #18540 #18549 ...)) (not (or #18719 #18367)) (not (or #18719 #18652 #18660 #18285)) (not (or #18719 #18652 #18660 #18674 #18335)) (not (or #18719 #18652 #18660 #18674 #18271)) (not (or #18719 #18652 #18660 #18674 #18682 #18614 #18191)) (not (or #18719 #18652 #18660 #18674 #18682 #18614 #18199)) (not (or #18719 #18652 #18660 #18674 #18682 #18614 #18627 #18635 #18245)) (not (if #18257 #21079 #21081))) (a)
  (not (or (if #18853 #18270 #18718) (not #18317) (not #18359) (not #18375) (not #18286) (not #18300) (not #18232) (not #18192) (not #18200) (not #18207) (not #21082))) (c)

Worker 0 CUBE SIZE IN MAIN LOOP: 1
 Checking cube
(or (if (or #2478 #2972) (not #3568) (not #3572)) (not (or #3574 #3584 #4238)) (not (or #3211 #3584 #3593 #3601 #3609 #3617 #3626 #3634 #3643 #3655 #3681 #3689 #3698 #3707 #3709 #3720 ...)) (not (or #3574 #4253)) (not (or #3574 #3584 #3593 #4261)) (not (or #3574 #3584 #3593 #3601 #4278)) (not (or #3574 #3584 #3593 #3601 #4287)) (not (or #3574 #3584 #3593 #3601 #3609 #3617 #4306)) (not (or #3574 #3584 #3593 #3601 #3609 #3617 #4315)) (not (or #3574 #3584 #3593 #3601 #3609 #3617 #3626 #3634 #4327)) (not (if #4353 #5061 #5057)))
with max_conflicts: 1500
Worker 2 DONE checking cube l_undef
Worker 2 found undef cube
Batch manager splitting on literal: (= i844 1)
null (o)
  (or (if (or #19089 #18932) (not #18855) (not #18717)) (not (or #18719 #18652 #18316)) (not (or #18664 #18652 #18660 #18674 #18682 #18614 #18627 #18635 #18644 #18576 #18586 #18594 #18603 #18536 #18540 #18549 ...)) (not (or #18719 #18367)) (not (or #18719 #18652 #18660 #18285)) (not (or #18719 #18652 #18660 #18674 #18335)) (not (or #18719 #18652 #18660 #18674 #18271)) (not (or #18719 #18652 #18660 #18674 #18682 #18614 #18191)) (not (or #18719 #18652 #18660 #18674 #18682 #18614 #18199)) (not (or #18719 #18652 #18660 #18674 #18682 #18614 #18627 #18635 #18245)) (not (if #18257 #21079 #21081))) (a)
  (not (or (if #18853 #18270 #18718) (not #18317) (not #18359) (not #18375) (not #18286) (not #18300) (not #18232) (not #18192) (not #18200) (not #18207) (not #21082))) (c)

Worker 2 CUBE SIZE IN MAIN LOOP: 1
 Checking cube
(or (if (or #2478 #2972) (not #3568) (not #3572)) (not (or #3574 #3584 #4238)) (not (or #3211 #3584 #3593 #3601 #3609 #3617 #3626 #3634 #3643 #3655 #3681 #3689 #3698 #3707 #3709 #3720 ...)) (not (or #3574 #4253)) (not (or #3574 #3584 #3593 #4261)) (not (or #3574 #3584 #3593 #3601 #4278)) (not (or #3574 #3584 #3593 #3601 #4287)) (not (or #3574 #3584 #3593 #3601 #3609 #3617 #4306)) (not (or #3574 #3584 #3593 #3601 #3609 #3617 #4315)) (not (or #3574 #3584 #3593 #3601 #3609 #3617 #3626 #3634 #4327)) (not (if #4353 #5061 #5057)))
with max_conflicts: 1500
Worker 1 DONE checking cube l_undef
Worker 1 found undef cube
Batch manager splitting on literal: (= i844 1)
null (o)
  (or (if (or #19089 #18932) (not #18855) (not #18717)) (not (or #18719 #18652 #18316)) (not (or #18664 #18652 #18660 #18674 #18682 #18614 #18627 #18635 #18644 #18576 #18586 #18594 #18603 #18536 #18540 #18549 ...)) (not (or #18719 #18367)) (not (or #18719 #18652 #18660 #18285)) (not (or #18719 #18652 #18660 #18674 #18335)) (not (or #18719 #18652 #18660 #18674 #18271)) (not (or #18719 #18652 #18660 #18674 #18682 #18614 #18191)) (not (or #18719 #18652 #18660 #18674 #18682 #18614 #18199)) (not (or #18719 #18652 #18660 #18674 #18682 #18614 #18627 #18635 #18245)) (not (if #18257 #21079 #21081))) (o)
    (= i844 1) (o)
    (not (= i844 1)) (a)
  (not (or (if #18853 #18270 #18718) (not #18317) (not #18359) (not #18375) (not #18286) (not #18300) (not #18232) (not #18192) (not #18200) (not #18207) (not #21082))) (c)

Worker 1 CUBE SIZE IN MAIN LOOP: 2
 Checking cube
(not (= i844 1))
(or (if (or #2478 #2972) (not #3568) (not #3572)) (not (or #3574 #3584 #4238)) (not (or #3211 #3584 #3593 #3601 #3609 #3617 #3626 #3634 #3643 #3655 #3681 #3689 #3698 #3707 #3709 #3720 ...)) (not (or #3574 #4253)) (not (or #3574 #3584 #3593 #4261)) (not (or #3574 #3584 #3593 #3601 #4278)) (not (or #3574 #3584 #3593 #3601 #4287)) (not (or #3574 #3584 #3593 #3601 #3609 #3617 #4306)) (not (or #3574 #3584 #3593 #3601 #3609 #3617 #4315)) (not (or #3574 #3584 #3593 #3601 #3609 #3617 #3626 #3634 #4327)) (not (if #4353 #5061 #5057)))
with max_conflicts: 2250
Worker 1 DONE checking cube l_false
Worker 1 found unsat cube
Batch manager backtracking.
(not (= i844 1))

null (o)
  (or (if (or #19089 #18932) (not #18855) (not #18717)) (not (or #18719 #18652 #18316)) (not (or #18664 #18652 #18660 #18674 #18682 #18614 #18627 #18635 #18644 #18576 #18586 #18594 #18603 #18536 #18540 #18549 ...)) (not (or #18719 #18367)) (not (or #18719 #18652 #18660 #18285)) (not (or #18719 #18652 #18660 #18674 #18335)) (not (or #18719 #18652 #18660 #18674 #18271)) (not (or #18719 #18652 #18660 #18674 #18682 #18614 #18191)) (not (or #18719 #18652 #18660 #18674 #18682 #18614 #18199)) (not (or #18719 #18652 #18660 #18674 #18682 #18614 #18627 #18635 #18245)) (not (if #18257 #21079 #21081))) (o)
    (= i844 1) (o)
    (not (= i844 1)) (c)
  (not (or (if #18853 #18270 #18718) (not #18317) (not #18359) (not #18375) (not #18286) (not #18300) (not #18232) (not #18192) (not #18200) (not #18207) (not #21082))) (c)
null (o)
  (or (if (or #19089 #18932) (not #18855) (not #18717)) (not (or #18719 #18652 #18316)) (not (or #18664 #18652 #18660 #18674 #18682 #18614 #18627 #18635 #18644 #18576 #18586 #18594 #18603 #18536 #18540 #18549 ...)) (not (or #18719 #18367)) (not (or #18719 #18652 #18660 #18285)) (not (or #18719 #18652 #18660 #18674 #18335)) (not (or #18719 #18652 #18660 #18674 #18271)) (not (or #18719 #18652 #18660 #18674 #18682 #18614 #18191)) (not (or #18719 #18652 #18660 #18674 #18682 #18614 #18199)) (not (or #18719 #18652 #18660 #18674 #18682 #18614 #18627 #18635 #18245)) (not (if #18257 #21079 #21081))) (o)
    (= i844 1) (a)
    (not (= i844 1)) (c)
  (not (or (if #18853 #18270 #18718) (not #18317) (not #18359) (not #18375) (not #18286) (not #18300) (not #18232) (not #18192) (not #18200) (not #18207) (not #21082))) (c)

Worker 1 CUBE SIZE IN MAIN LOOP: 2
 Checking cube
(= i844 1)
(or (if (or #2478 #2972) (not #3568) (not #3572)) (not (or #3574 #3584 #4238)) (not (or #3211 #3584 #3593 #3601 #3609 #3617 #3626 #3634 #3643 #3655 #3681 #3689 #3698 #3707 #3709 #3720 ...)) (not (or #3574 #4253)) (not (or #3574 #3584 #3593 #4261)) (not (or #3574 #3584 #3593 #3601 #4278)) (not (or #3574 #3584 #3593 #3601 #4287)) (not (or #3574 #3584 #3593 #3601 #3609 #3617 #4306)) (not (or #3574 #3584 #3593 #3601 #3609 #3617 #4315)) (not (or #3574 #3584 #3593 #3601 #3609 #3617 #3626 #3634 #4327)) (not (if #4353 #5061 #5057)))
with max_conflicts: 2250
Worker 3 DONE checking cube l_undef
Worker 3 found undef cube
Batch manager splitting on literal: (= (if (or #18355 #21049 #21059 #21065 #21031 #20930 #20942 #20823 #20791 #20324 #20271 #14346) (if #14209 #13303 467) (if #21091 #13638 224)) 417)
null (o)
  (or (if (or #19089 #18932) (not #18855) (not #18717)) (not (or #18719 #18652 #18316)) (not (or #18664 #18652 #18660 #18674 #18682 #18614 #18627 #18635 #18644 #18576 #18586 #18594 #18603 #18536 #18540 #18549 ...)) (not (or #18719 #18367)) (not (or #18719 #18652 #18660 #18285)) (not (or #18719 #18652 #18660 #18674 #18335)) (not (or #18719 #18652 #18660 #18674 #18271)) (not (or #18719 #18652 #18660 #18674 #18682 #18614 #18191)) (not (or #18719 #18652 #18660 #18674 #18682 #18614 #18199)) (not (or #18719 #18652 #18660 #18674 #18682 #18614 #18627 #18635 #18245)) (not (if #18257 #21079 #21081))) (o)
    (= i844 1) (a)
    (not (= i844 1)) (c)
  (not (or (if #18853 #18270 #18718) (not #18317) (not #18359) (not #18375) (not #18286) (not #18300) (not #18232) (not #18192) (not #18200) (not #18207) (not #21082))) (c)

Worker 3 CUBE SIZE IN MAIN LOOP: 2
 Checking cube
(= i844 1)
(or (if (or #2478 #2972) (not #3568) (not #3572)) (not (or #3574 #3584 #4238)) (not (or #3211 #3584 #3593 #3601 #3609 #3617 #3626 #3634 #3643 #3655 #3681 #3689 #3698 #3707 #3709 #3720 ...)) (not (or #3574 #4253)) (not (or #3574 #3584 #3593 #4261)) (not (or #3574 #3584 #3593 #3601 #4278)) (not (or #3574 #3584 #3593 #3601 #4287)) (not (or #3574 #3584 #3593 #3601 #3609 #3617 #4306)) (not (or #3574 #3584 #3593 #3601 #3609 #3617 #4315)) (not (or #3574 #3584 #3593 #3601 #3609 #3617 #3626 #3634 #4327)) (not (if #4353 #5061 #5057)))
with max_conflicts: 2250
Worker 2 DONE checking cube l_undef
Worker 2 found undef cube
Batch manager splitting on literal: (or (not (or #19362 #19286 #19227 #19263 #19187 #19259 #19192 #19219 #19211)) (not (or #19362 #19286 #19227 #19263 #19187 #19259 #19192 #19219 #19211 #19123 #19136 #19139 #19060 #19065 #19069 #19106 ...)) (not (or #4126 #4151 #19339 #19340 #19347 #19362 #19281 #19334 #19286 #19323 #19319 #19305 #19227 #19315 #19313 #19270 ...)) (not (or #4126 #4151 #19339 #19340 #19347 #19362 #19281 #19334 #19286 #19323 #19319 #19305 #19227 #19315 #19313 #19270 ...)) (not (or #4126 #4151 #19339 #19340 #19347 #19362 #19281 #19334 #19286 #19323 #19319 #19305 #19227 #19315 #19313 #19270 ...)) (not (or #19192 #19123 #19004)) (not (or #19192 #19123 #19136 #19008)) (not (or #19192 #19123 #19136 #19013)) (not (or #19018 #18875)))
null (o)
  (or (if (or #19089 #18932) (not #18855) (not #18717)) (not (or #18719 #18652 #18316)) (not (or #18664 #18652 #18660 #18674 #18682 #18614 #18627 #18635 #18644 #18576 #18586 #18594 #18603 #18536 #18540 #18549 ...)) (not (or #18719 #18367)) (not (or #18719 #18652 #18660 #18285)) (not (or #18719 #18652 #18660 #18674 #18335)) (not (or #18719 #18652 #18660 #18674 #18271)) (not (or #18719 #18652 #18660 #18674 #18682 #18614 #18191)) (not (or #18719 #18652 #18660 #18674 #18682 #18614 #18199)) (not (or #18719 #18652 #18660 #18674 #18682 #18614 #18627 #18635 #18245)) (not (if #18257 #21079 #21081))) (o)
    (= i844 1) (a)
    (not (= i844 1)) (c)
  (not (or (if #18853 #18270 #18718) (not #18317) (not #18359) (not #18375) (not #18286) (not #18300) (not #18232) (not #18192) (not #18200) (not #18207) (not #21082))) (c)

Worker 2 CUBE SIZE IN MAIN LOOP: 2
 Checking cube
(= i844 1)
(or (if (or #2478 #2972) (not #3568) (not #3572)) (not (or #3574 #3584 #4238)) (not (or #3211 #3584 #3593 #3601 #3609 #3617 #3626 #3634 #3643 #3655 #3681 #3689 #3698 #3707 #3709 #3720 ...)) (not (or #3574 #4253)) (not (or #3574 #3584 #3593 #4261)) (not (or #3574 #3584 #3593 #3601 #4278)) (not (or #3574 #3584 #3593 #3601 #4287)) (not (or #3574 #3584 #3593 #3601 #3609 #3617 #4306)) (not (or #3574 #3584 #3593 #3601 #3609 #3617 #4315)) (not (or #3574 #3584 #3593 #3601 #3609 #3617 #3626 #3634 #4327)) (not (if #4353 #5061 #5057)))
with max_conflicts: 2250
Worker 0 DONE checking cube l_undef
Worker 0 found undef cube
Batch manager splitting on literal: (= i844 1)
null (o)
  (or (if (or #19089 #18932) (not #18855) (not #18717)) (not (or #18719 #18652 #18316)) (not (or #18664 #18652 #18660 #18674 #18682 #18614 #18627 #18635 #18644 #18576 #18586 #18594 #18603 #18536 #18540 #18549 ...)) (not (or #18719 #18367)) (not (or #18719 #18652 #18660 #18285)) (not (or #18719 #18652 #18660 #18674 #18335)) (not (or #18719 #18652 #18660 #18674 #18271)) (not (or #18719 #18652 #18660 #18674 #18682 #18614 #18191)) (not (or #18719 #18652 #18660 #18674 #18682 #18614 #18199)) (not (or #18719 #18652 #18660 #18674 #18682 #18614 #18627 #18635 #18245)) (not (if #18257 #21079 #21081))) (o)
    (= i844 1) (a)
    (not (= i844 1)) (c)
  (not (or (if #18853 #18270 #18718) (not #18317) (not #18359) (not #18375) (not #18286) (not #18300) (not #18232) (not #18192) (not #18200) (not #18207) (not #21082))) (c)

Worker 0 CUBE SIZE IN MAIN LOOP: 2
 Checking cube
(= i844 1)
(or (if (or #2478 #2972) (not #3568) (not #3572)) (not (or #3574 #3584 #4238)) (not (or #3211 #3584 #3593 #3601 #3609 #3617 #3626 #3634 #3643 #3655 #3681 #3689 #3698 #3707 #3709 #3720 ...)) (not (or #3574 #4253)) (not (or #3574 #3584 #3593 #4261)) (not (or #3574 #3584 #3593 #3601 #4278)) (not (or #3574 #3584 #3593 #3601 #4287)) (not (or #3574 #3584 #3593 #3601 #3609 #3617 #4306)) (not (or #3574 #3584 #3593 #3601 #3609 #3617 #4315)) (not (or #3574 #3584 #3593 #3601 #3609 #3617 #3626 #3634 #4327)) (not (if #4353 #5061 #5057)))
with max_conflicts: 2250
Worker 1 DONE checking cube l_undef
Worker 1 found undef cube
Batch manager splitting on literal: (or (not (= i844 1)) (= i1041 0) (not (or #4126 #4151 #4182)) (if (or #4126 #4151) (not #19336) (not #19416)) (not (or #4126 #4156 #19417 #19341 #19415 #19345)) (if (or #19340 #19347) (not #19351) (not #19361)) (if (or #19340 #19347) (= #19349 0) (not #19366)) (not (or #4126 #4151 #19339 #19340 #19347 #19334)) (not (or #4126 #4151 #19339 #19334)))
null (o)
  (or (if (or #19089 #18932) (not #18855) (not #18717)) (not (or #18719 #18652 #18316)) (not (or #18664 #18652 #18660 #18674 #18682 #18614 #18627 #18635 #18644 #18576 #18586 #18594 #18603 #18536 #18540 #18549 ...)) (not (or #18719 #18367)) (not (or #18719 #18652 #18660 #18285)) (not (or #18719 #18652 #18660 #18674 #18335)) (not (or #18719 #18652 #18660 #18674 #18271)) (not (or #18719 #18652 #18660 #18674 #18682 #18614 #18191)) (not (or #18719 #18652 #18660 #18674 #18682 #18614 #18199)) (not (or #18719 #18652 #18660 #18674 #18682 #18614 #18627 #18635 #18245)) (not (if #18257 #21079 #21081))) (o)
    (= i844 1) (o)
      (or (not (= i844 1)) (= i1041 0) (not (or #4126 #4151 #4182)) (if (or #4126 #4151) (not #19336) (not #19416)) (not (or #4126 #4156 #19417 #19341 #19415 #19345)) (if (or #19340 #19347) (not #19351) (not #19361)) (if (or #19340 #19347) (= #19349 0) (not #19366)) (not (or #4126 #4151 #19339 #19340 #19347 #19334)) (not (or #4126 #4151 #19339 #19334))) (a)
      (not (or (not #4125) (= i1041 0) (not #19416) (if #4152 #19337 #19339) (not #19414) (if #19348 #19412 #19410) (if #19348 #19351 #19327) (not #19282) (not #19338))) (o)
    (not (= i844 1)) (c)
  (not (or (if #18853 #18270 #18718) (not #18317) (not #18359) (not #18375) (not #18286) (not #18300) (not #18232) (not #18192) (not #18200) (not #18207) (not #21082))) (c)

Worker 1 CUBE SIZE IN MAIN LOOP: 3
 Checking cube
(or (not (= i844 1)) (= i1041 0) (not (or #28 #30 #37)) (if (or #28 #30) (not #1502) (not #1498)) (not (or #28 #32 #1501 #1506 #1508 #1510)) (if (or #1504 #1788) (not #1792) (not #1801)) (if (or #1504 #1788) (= #1791 0) (not #1817)) (not (or #28 #30 #1499 #1504 #1788 #1822)) (not (or #28 #30 #1499 #1822)))
(= i844 1)
(or (if (or #2478 #2972) (not #3568) (not #3572)) (not (or #3574 #3584 #4238)) (not (or #3211 #3584 #3593 #3601 #3609 #3617 #3626 #3634 #3643 #3655 #3681 #3689 #3698 #3707 #3709 #3720 ...)) (not (or #3574 #4253)) (not (or #3574 #3584 #3593 #4261)) (not (or #3574 #3584 #3593 #3601 #4278)) (not (or #3574 #3584 #3593 #3601 #4287)) (not (or #3574 #3584 #3593 #3601 #3609 #3617 #4306)) (not (or #3574 #3584 #3593 #3601 #3609 #3617 #4315)) (not (or #3574 #3584 #3593 #3601 #3609 #3617 #3626 #3634 #4327)) (not (if #4353 #5061 #5057)))
with max_conflicts: 3375
Worker 2 DONE checking cube l_undef
Worker 2 found undef cube
Batch manager splitting on literal: (= (if (or #18355 #21049 #21059 #21065 #21031 #20930 #20942 #20823 #20791 #20324 #20271 #14346) (if #14209 #13303 467) (if #21091 #13638 224)) 417)
null (o)
  (or (if (or #19089 #18932) (not #18855) (not #18717)) (not (or #18719 #18652 #18316)) (not (or #18664 #18652 #18660 #18674 #18682 #18614 #18627 #18635 #18644 #18576 #18586 #18594 #18603 #18536 #18540 #18549 ...)) (not (or #18719 #18367)) (not (or #18719 #18652 #18660 #18285)) (not (or #18719 #18652 #18660 #18674 #18335)) (not (or #18719 #18652 #18660 #18674 #18271)) (not (or #18719 #18652 #18660 #18674 #18682 #18614 #18191)) (not (or #18719 #18652 #18660 #18674 #18682 #18614 #18199)) (not (or #18719 #18652 #18660 #18674 #18682 #18614 #18627 #18635 #18245)) (not (if #18257 #21079 #21081))) (o)
    (= i844 1) (o)
      (or (not (= i844 1)) (= i1041 0) (not (or #4126 #4151 #4182)) (if (or #4126 #4151) (not #19336) (not #19416)) (not (or #4126 #4156 #19417 #19341 #19415 #19345)) (if (or #19340 #19347) (not #19351) (not #19361)) (if (or #19340 #19347) (= #19349 0) (not #19366)) (not (or #4126 #4151 #19339 #19340 #19347 #19334)) (not (or #4126 #4151 #19339 #19334))) (a)
      (not (or (not #4125) (= i1041 0) (not #19416) (if #4152 #19337 #19339) (not #19414) (if #19348 #19412 #19410) (if #19348 #19351 #19327) (not #19282) (not #19338))) (a)
    (not (= i844 1)) (c)
  (not (or (if #18853 #18270 #18718) (not #18317) (not #18359) (not #18375) (not #18286) (not #18300) (not #18232) (not #18192) (not #18200) (not #18207) (not #21082))) (c)

Worker 2 CUBE SIZE IN MAIN LOOP: 3
 Checking cube
(not (or (not #27) (= i1041 0) (not #1498) (if #31 #1503 #1499) (not #1787) (if #1789 #1793 #1802) (if #1789 #1792 #1818) (not #1823) (not #1825)))
(= i844 1)
(or (if (or #2478 #2972) (not #3568) (not #3572)) (not (or #3574 #3584 #4238)) (not (or #3211 #3584 #3593 #3601 #3609 #3617 #3626 #3634 #3643 #3655 #3681 #3689 #3698 #3707 #3709 #3720 ...)) (not (or #3574 #4253)) (not (or #3574 #3584 #3593 #4261)) (not (or #3574 #3584 #3593 #3601 #4278)) (not (or #3574 #3584 #3593 #3601 #4287)) (not (or #3574 #3584 #3593 #3601 #3609 #3617 #4306)) (not (or #3574 #3584 #3593 #3601 #3609 #3617 #4315)) (not (or #3574 #3584 #3593 #3601 #3609 #3617 #3626 #3634 #4327)) (not (if #4353 #5061 #5057)))
with max_conflicts: 3375
Worker 0 DONE checking cube l_undef
Worker 0 found undef cube
Batch manager splitting on literal: (or (not (= i844 1)) (= i1041 0) (not (or #4126 #4151 #4182)) (if (or #4126 #4151) (not #19336) (not #19416)) (not (or #4126 #4156 #19417 #19341 #19415 #19345)) (if (or #19340 #19347) (not #19351) (not #19361)) (if (or #19340 #19347) (= #19349 0) (not #19366)) (not (or #4126 #4151 #19339 #19340 #19347 #19334)) (not (or #4126 #4151 #19339 #19334)))
null (o)
  (or (if (or #19089 #18932) (not #18855) (not #18717)) (not (or #18719 #18652 #18316)) (not (or #18664 #18652 #18660 #18674 #18682 #18614 #18627 #18635 #18644 #18576 #18586 #18594 #18603 #18536 #18540 #18549 ...)) (not (or #18719 #18367)) (not (or #18719 #18652 #18660 #18285)) (not (or #18719 #18652 #18660 #18674 #18335)) (not (or #18719 #18652 #18660 #18674 #18271)) (not (or #18719 #18652 #18660 #18674 #18682 #18614 #18191)) (not (or #18719 #18652 #18660 #18674 #18682 #18614 #18199)) (not (or #18719 #18652 #18660 #18674 #18682 #18614 #18627 #18635 #18245)) (not (if #18257 #21079 #21081))) (o)
    (= i844 1) (o)
      (or (not (= i844 1)) (= i1041 0) (not (or #4126 #4151 #4182)) (if (or #4126 #4151) (not #19336) (not #19416)) (not (or #4126 #4156 #19417 #19341 #19415 #19345)) (if (or #19340 #19347) (not #19351) (not #19361)) (if (or #19340 #19347) (= #19349 0) (not #19366)) (not (or #4126 #4151 #19339 #19340 #19347 #19334)) (not (or #4126 #4151 #19339 #19334))) (a)
      (not (or (not #4125) (= i1041 0) (not #19416) (if #4152 #19337 #19339) (not #19414) (if #19348 #19412 #19410) (if #19348 #19351 #19327) (not #19282) (not #19338))) (a)
    (not (= i844 1)) (c)
  (not (or (if #18853 #18270 #18718) (not #18317) (not #18359) (not #18375) (not #18286) (not #18300) (not #18232) (not #18192) (not #18200) (not #18207) (not #21082))) (c)

Worker 0 CUBE SIZE IN MAIN LOOP: 3
 Checking cube
(or (not (= i844 1)) (= i1041 0) (not (or #28 #30 #37)) (if (or #28 #30) (not #1502) (not #1498)) (not (or #28 #32 #1501 #1506 #1508 #1510)) (if (or #1504 #1788) (not #1792) (not #1801)) (if (or #1504 #1788) (= #1791 0) (not #1817)) (not (or #28 #30 #1499 #1504 #1788 #1822)) (not (or #28 #30 #1499 #1822)))
(= i844 1)
(or (if (or #2478 #2972) (not #3568) (not #3572)) (not (or #3574 #3584 #4238)) (not (or #3211 #3584 #3593 #3601 #3609 #3617 #3626 #3634 #3643 #3655 #3681 #3689 #3698 #3707 #3709 #3720 ...)) (not (or #3574 #4253)) (not (or #3574 #3584 #3593 #4261)) (not (or #3574 #3584 #3593 #3601 #4278)) (not (or #3574 #3584 #3593 #3601 #4287)) (not (or #3574 #3584 #3593 #3601 #3609 #3617 #4306)) (not (or #3574 #3584 #3593 #3601 #3609 #3617 #4315)) (not (or #3574 #3584 #3593 #3601 #3609 #3617 #3626 #3634 #4327)) (not (if #4353 #5061 #5057)))
with max_conflicts: 3375
Worker 3 DONE checking cube l_undef
Worker 3 found undef cube
Batch manager splitting on literal: (or (not (= i844 1)) (= i1041 0) (not (or #4126 #4151 #4182)) (if (or #4126 #4151) (not #19336) (not #19416)) (not (or #4126 #4156 #19417 #19341 #19415 #19345)) (if (or #19340 #19347) (not #19351) (not #19361)) (if (or #19340 #19347) (= #19349 0) (not #19366)) (not (or #4126 #4151 #19339 #19340 #19347 #19334)) (not (or #4126 #4151 #19339 #19334)))
null (o)
  (or (if (or #19089 #18932) (not #18855) (not #18717)) (not (or #18719 #18652 #18316)) (not (or #18664 #18652 #18660 #18674 #18682 #18614 #18627 #18635 #18644 #18576 #18586 #18594 #18603 #18536 #18540 #18549 ...)) (not (or #18719 #18367)) (not (or #18719 #18652 #18660 #18285)) (not (or #18719 #18652 #18660 #18674 #18335)) (not (or #18719 #18652 #18660 #18674 #18271)) (not (or #18719 #18652 #18660 #18674 #18682 #18614 #18191)) (not (or #18719 #18652 #18660 #18674 #18682 #18614 #18199)) (not (or #18719 #18652 #18660 #18674 #18682 #18614 #18627 #18635 #18245)) (not (if #18257 #21079 #21081))) (o)
    (= i844 1) (o)
      (or (not (= i844 1)) (= i1041 0) (not (or #4126 #4151 #4182)) (if (or #4126 #4151) (not #19336) (not #19416)) (not (or #4126 #4156 #19417 #19341 #19415 #19345)) (if (or #19340 #19347) (not #19351) (not #19361)) (if (or #19340 #19347) (= #19349 0) (not #19366)) (not (or #4126 #4151 #19339 #19340 #19347 #19334)) (not (or #4126 #4151 #19339 #19334))) (a)
      (not (or (not #4125) (= i1041 0) (not #19416) (if #4152 #19337 #19339) (not #19414) (if #19348 #19412 #19410) (if #19348 #19351 #19327) (not #19282) (not #19338))) (a)
    (not (= i844 1)) (c)
  (not (or (if #18853 #18270 #18718) (not #18317) (not #18359) (not #18375) (not #18286) (not #18300) (not #18232) (not #18192) (not #18200) (not #18207) (not #21082))) (c)

Worker 3 CUBE SIZE IN MAIN LOOP: 3
 Checking cube
(or (not (= i844 1)) (= i1041 0) (not (or #28 #30 #37)) (if (or #28 #30) (not #1502) (not #1498)) (not (or #28 #32 #1501 #1506 #1508 #1510)) (if (or #1504 #1788) (not #1792) (not #1801)) (if (or #1504 #1788) (= #1791 0) (not #1817)) (not (or #28 #30 #1499 #1504 #1788 #1822)) (not (or #28 #30 #1499 #1822)))
(= i844 1)
(or (if (or #2478 #2972) (not #3568) (not #3572)) (not (or #3574 #3584 #4238)) (not (or #3211 #3584 #3593 #3601 #3609 #3617 #3626 #3634 #3643 #3655 #3681 #3689 #3698 #3707 #3709 #3720 ...)) (not (or #3574 #4253)) (not (or #3574 #3584 #3593 #4261)) (not (or #3574 #3584 #3593 #3601 #4278)) (not (or #3574 #3584 #3593 #3601 #4287)) (not (or #3574 #3584 #3593 #3601 #3609 #3617 #4306)) (not (or #3574 #3584 #3593 #3601 #3609 #3617 #4315)) (not (or #3574 #3584 #3593 #3601 #3609 #3617 #3626 #3634 #4327)) (not (if #4353 #5061 #5057)))
with max_conflicts: 3375
Worker 1 DONE checking cube l_false
Worker 1 found unsat cube
Batch manager backtracking.
(= i844 1)
(or (not (= i844 1)) (= i1041 0) (not (or #28 #30 #37)) (if (or #28 #30) (not #1502) (not #1498)) (not (or #28 #32 #1501 #1506 #1508 #1510)) (if (or #1504 #1788) (not #1792) (not #1801)) (if (or #1504 #1788) (= #1791 0) (not #1817)) (not (or #28 #30 #1499 #1504 #1788 #1822)) (not (or #28 #30 #1499 #1822)))

null (o)
  (or (if (or #19089 #18932) (not #18855) (not #18717)) (not (or #18719 #18652 #18316)) (not (or #18664 #18652 #18660 #18674 #18682 #18614 #18627 #18635 #18644 #18576 #18586 #18594 #18603 #18536 #18540 #18549 ...)) (not (or #18719 #18367)) (not (or #18719 #18652 #18660 #18285)) (not (or #18719 #18652 #18660 #18674 #18335)) (not (or #18719 #18652 #18660 #18674 #18271)) (not (or #18719 #18652 #18660 #18674 #18682 #18614 #18191)) (not (or #18719 #18652 #18660 #18674 #18682 #18614 #18199)) (not (or #18719 #18652 #18660 #18674 #18682 #18614 #18627 #18635 #18245)) (not (if #18257 #21079 #21081))) (o)
    (= i844 1) (o)
      (or (not (= i844 1)) (= i1041 0) (not (or #4126 #4151 #4182)) (if (or #4126 #4151) (not #19336) (not #19416)) (not (or #4126 #4156 #19417 #19341 #19415 #19345)) (if (or #19340 #19347) (not #19351) (not #19361)) (if (or #19340 #19347) (= #19349 0) (not #19366)) (not (or #4126 #4151 #19339 #19340 #19347 #19334)) (not (or #4126 #4151 #19339 #19334))) (c)
      (not (or (not #4125) (= i1041 0) (not #19416) (if #4152 #19337 #19339) (not #19414) (if #19348 #19412 #19410) (if #19348 #19351 #19327) (not #19282) (not #19338))) (a)
    (not (= i844 1)) (c)
  (not (or (if #18853 #18270 #18718) (not #18317) (not #18359) (not #18375) (not #18286) (not #18300) (not #18232) (not #18192) (not #18200) (not #18207) (not #21082))) (c)
null (o)
  (or (if (or #19089 #18932) (not #18855) (not #18717)) (not (or #18719 #18652 #18316)) (not (or #18664 #18652 #18660 #18674 #18682 #18614 #18627 #18635 #18644 #18576 #18586 #18594 #18603 #18536 #18540 #18549 ...)) (not (or #18719 #18367)) (not (or #18719 #18652 #18660 #18285)) (not (or #18719 #18652 #18660 #18674 #18335)) (not (or #18719 #18652 #18660 #18674 #18271)) (not (or #18719 #18652 #18660 #18674 #18682 #18614 #18191)) (not (or #18719 #18652 #18660 #18674 #18682 #18614 #18199)) (not (or #18719 #18652 #18660 #18674 #18682 #18614 #18627 #18635 #18245)) (not (if #18257 #21079 #21081))) (o)
    (= i844 1) (o)
      (or (not (= i844 1)) (= i1041 0) (not (or #4126 #4151 #4182)) (if (or #4126 #4151) (not #19336) (not #19416)) (not (or #4126 #4156 #19417 #19341 #19415 #19345)) (if (or #19340 #19347) (not #19351) (not #19361)) (if (or #19340 #19347) (= #19349 0) (not #19366)) (not (or #4126 #4151 #19339 #19340 #19347 #19334)) (not (or #4126 #4151 #19339 #19334))) (c)
      (not (or (not #4125) (= i1041 0) (not #19416) (if #4152 #19337 #19339) (not #19414) (if #19348 #19412 #19410) (if #19348 #19351 #19327) (not #19282) (not #19338))) (a)
    (not (= i844 1)) (c)
  (not (or (if #18853 #18270 #18718) (not #18317) (not #18359) (not #18375) (not #18286) (not #18300) (not #18232) (not #18192) (not #18200) (not #18207) (not #21082))) (c)

Worker 1 CUBE SIZE IN MAIN LOOP: 3
 Checking cube
(not (or (not #27) (= i1041 0) (not #1498) (if #31 #1503 #1499) (not #1787) (if #1789 #1793 #1802) (if #1789 #1792 #1818) (not #1823) (not #1825)))
(= i844 1)
(or (if (or #2478 #2972) (not #3568) (not #3572)) (not (or #3574 #3584 #4238)) (not (or #3211 #3584 #3593 #3601 #3609 #3617 #3626 #3634 #3643 #3655 #3681 #3689 #3698 #3707 #3709 #3720 ...)) (not (or #3574 #4253)) (not (or #3574 #3584 #3593 #4261)) (not (or #3574 #3584 #3593 #3601 #4278)) (not (or #3574 #3584 #3593 #3601 #4287)) (not (or #3574 #3584 #3593 #3601 #3609 #3617 #4306)) (not (or #3574 #3584 #3593 #3601 #3609 #3617 #4315)) (not (or #3574 #3584 #3593 #3601 #3609 #3617 #3626 #3634 #4327)) (not (if #4353 #5061 #5057)))
with max_conflicts: 3375
Worker 3 DONE checking cube l_false
Worker 3 found unsat cube
Batch manager backtracking.
(or (not (= i844 1)) (= i1041 0) (not (or #28 #30 #37)) (if (or #28 #30) (not #1502) (not #1498)) (not (or #28 #32 #1501 #1506 #1508 #1510)) (if (or #1504 #1788) (not #1792) (not #1801)) (if (or #1504 #1788) (= #1791 0) (not #1817)) (not (or #28 #30 #1499 #1504 #1788 #1822)) (not (or #28 #30 #1499 #1822)))

null (o)
  (or (if (or #19089 #18932) (not #18855) (not #18717)) (not (or #18719 #18652 #18316)) (not (or #18664 #18652 #18660 #18674 #18682 #18614 #18627 #18635 #18644 #18576 #18586 #18594 #18603 #18536 #18540 #18549 ...)) (not (or #18719 #18367)) (not (or #18719 #18652 #18660 #18285)) (not (or #18719 #18652 #18660 #18674 #18335)) (not (or #18719 #18652 #18660 #18674 #18271)) (not (or #18719 #18652 #18660 #18674 #18682 #18614 #18191)) (not (or #18719 #18652 #18660 #18674 #18682 #18614 #18199)) (not (or #18719 #18652 #18660 #18674 #18682 #18614 #18627 #18635 #18245)) (not (if #18257 #21079 #21081))) (o)
    (= i844 1) (o)
      (or (not (= i844 1)) (= i1041 0) (not (or #4126 #4151 #4182)) (if (or #4126 #4151) (not #19336) (not #19416)) (not (or #4126 #4156 #19417 #19341 #19415 #19345)) (if (or #19340 #19347) (not #19351) (not #19361)) (if (or #19340 #19347) (= #19349 0) (not #19366)) (not (or #4126 #4151 #19339 #19340 #19347 #19334)) (not (or #4126 #4151 #19339 #19334))) (c)
      (not (or (not #4125) (= i1041 0) (not #19416) (if #4152 #19337 #19339) (not #19414) (if #19348 #19412 #19410) (if #19348 #19351 #19327) (not #19282) (not #19338))) (a)
    (not (= i844 1)) (c)
  (not (or (if #18853 #18270 #18718) (not #18317) (not #18359) (not #18375) (not #18286) (not #18300) (not #18232) (not #18192) (not #18200) (not #18207) (not #21082))) (c)
null (o)
  (or (if (or #19089 #18932) (not #18855) (not #18717)) (not (or #18719 #18652 #18316)) (not (or #18664 #18652 #18660 #18674 #18682 #18614 #18627 #18635 #18644 #18576 #18586 #18594 #18603 #18536 #18540 #18549 ...)) (not (or #18719 #18367)) (not (or #18719 #18652 #18660 #18285)) (not (or #18719 #18652 #18660 #18674 #18335)) (not (or #18719 #18652 #18660 #18674 #18271)) (not (or #18719 #18652 #18660 #18674 #18682 #18614 #18191)) (not (or #18719 #18652 #18660 #18674 #18682 #18614 #18199)) (not (or #18719 #18652 #18660 #18674 #18682 #18614 #18627 #18635 #18245)) (not (if #18257 #21079 #21081))) (o)
    (= i844 1) (o)
      (or (not (= i844 1)) (= i1041 0) (not (or #4126 #4151 #4182)) (if (or #4126 #4151) (not #19336) (not #19416)) (not (or #4126 #4156 #19417 #19341 #19415 #19345)) (if (or #19340 #19347) (not #19351) (not #19361)) (if (or #19340 #19347) (= #19349 0) (not #19366)) (not (or #4126 #4151 #19339 #19340 #19347 #19334)) (not (or #4126 #4151 #19339 #19334))) (c)
      (not (or (not #4125) (= i1041 0) (not #19416) (if #4152 #19337 #19339) (not #19414) (if #19348 #19412 #19410) (if #19348 #19351 #19327) (not #19282) (not #19338))) (a)
    (not (= i844 1)) (c)
  (not (or (if #18853 #18270 #18718) (not #18317) (not #18359) (not #18375) (not #18286) (not #18300) (not #18232) (not #18192) (not #18200) (not #18207) (not #21082))) (c)

Worker 3 CUBE SIZE IN MAIN LOOP: 3
 Checking cube
(not (or (not #27) (= i1041 0) (not #1498) (if #31 #1503 #1499) (not #1787) (if #1789 #1793 #1802) (if #1789 #1792 #1818) (not #1823) (not #1825)))
(= i844 1)
(or (if (or #2478 #2972) (not #3568) (not #3572)) (not (or #3574 #3584 #4238)) (not (or #3211 #3584 #3593 #3601 #3609 #3617 #3626 #3634 #3643 #3655 #3681 #3689 #3698 #3707 #3709 #3720 ...)) (not (or #3574 #4253)) (not (or #3574 #3584 #3593 #4261)) (not (or #3574 #3584 #3593 #3601 #4278)) (not (or #3574 #3584 #3593 #3601 #4287)) (not (or #3574 #3584 #3593 #3601 #3609 #3617 #4306)) (not (or #3574 #3584 #3593 #3601 #3609 #3617 #4315)) (not (or #3574 #3584 #3593 #3601 #3609 #3617 #3626 #3634 #4327)) (not (if #4353 #5061 #5057)))
with max_conflicts: 3375
Worker 2 DONE checking cube l_false
Worker 2 found unsat cube
Batch manager backtracking.
(not (or (not #27) (= i1041 0) (not #1498) (if #31 #1503 #1499) (not #1787) (if #1789 #1793 #1802) (if #1789 #1792 #1818) (not #1823) (not #1825)))

null (o)
  (or (if (or #19089 #18932) (not #18855) (not #18717)) (not (or #18719 #18652 #18316)) (not (or #18664 #18652 #18660 #18674 #18682 #18614 #18627 #18635 #18644 #18576 #18586 #18594 #18603 #18536 #18540 #18549 ...)) (not (or #18719 #18367)) (not (or #18719 #18652 #18660 #18285)) (not (or #18719 #18652 #18660 #18674 #18335)) (not (or #18719 #18652 #18660 #18674 #18271)) (not (or #18719 #18652 #18660 #18674 #18682 #18614 #18191)) (not (or #18719 #18652 #18660 #18674 #18682 #18614 #18199)) (not (or #18719 #18652 #18660 #18674 #18682 #18614 #18627 #18635 #18245)) (not (if #18257 #21079 #21081))) (o)
    (= i844 1) (c)
      (or (not (= i844 1)) (= i1041 0) (not (or #4126 #4151 #4182)) (if (or #4126 #4151) (not #19336) (not #19416)) (not (or #4126 #4156 #19417 #19341 #19415 #19345)) (if (or #19340 #19347) (not #19351) (not #19361)) (if (or #19340 #19347) (= #19349 0) (not #19366)) (not (or #4126 #4151 #19339 #19340 #19347 #19334)) (not (or #4126 #4151 #19339 #19334))) (c)
      (not (or (not #4125) (= i1041 0) (not #19416) (if #4152 #19337 #19339) (not #19414) (if #19348 #19412 #19410) (if #19348 #19351 #19327) (not #19282) (not #19338))) (c)
    (not (= i844 1)) (c)
  (not (or (if #18853 #18270 #18718) (not #18317) (not #18359) (not #18375) (not #18286) (not #18300) (not #18232) (not #18192) (not #18200) (not #18207) (not #21082))) (c)
Worker 2 no more cubes
Worker 0 DONE checking cube l_false
Worker 0 found unsat cube
Batch manager backtracking.
(or (not (= i844 1)) (= i1041 0) (not (or #28 #30 #37)) (if (or #28 #30) (not #1502) (not #1498)) (not (or #28 #32 #1501 #1506 #1508 #1510)) (if (or #1504 #1788) (not #1792) (not #1801)) (if (or #1504 #1788) (= #1791 0) (not #1817)) (not (or #28 #30 #1499 #1504 #1788 #1822)) (not (or #28 #30 #1499 #1822)))

null (c)
  (or (if (or #19089 #18932) (not #18855) (not #18717)) (not (or #18719 #18652 #18316)) (not (or #18664 #18652 #18660 #18674 #18682 #18614 #18627 #18635 #18644 #18576 #18586 #18594 #18603 #18536 #18540 #18549 ...)) (not (or #18719 #18367)) (not (or #18719 #18652 #18660 #18285)) (not (or #18719 #18652 #18660 #18674 #18335)) (not (or #18719 #18652 #18660 #18674 #18271)) (not (or #18719 #18652 #18660 #18674 #18682 #18614 #18191)) (not (or #18719 #18652 #18660 #18674 #18682 #18614 #18199)) (not (or #18719 #18652 #18660 #18674 #18682 #18614 #18627 #18635 #18245)) (not (if #18257 #21079 #21081))) (c)
    (= i844 1) (c)
      (or (not (= i844 1)) (= i1041 0) (not (or #4126 #4151 #4182)) (if (or #4126 #4151) (not #19336) (not #19416)) (not (or #4126 #4156 #19417 #19341 #19415 #19345)) (if (or #19340 #19347) (not #19351) (not #19361)) (if (or #19340 #19347) (= #19349 0) (not #19366)) (not (or #4126 #4151 #19339 #19340 #19347 #19334)) (not (or #4126 #4151 #19339 #19334))) (c)
      (not (or (not #4125) (= i1041 0) (not #19416) (if #4152 #19337 #19339) (not #19414) (if #19348 #19412 #19410) (if #19348 #19351 #19327) (not #19282) (not #19338))) (c)
    (not (= i844 1)) (c)
  (not (or (if #18853 #18270 #18718) (not #18317) (not #18359) (not #18375) (not #18286) (not #18300) (not #18232) (not #18192) (not #18200) (not #18207) (not #21082))) (c)
Canceling workers
Worker 0 canceling
Worker 1 canceling
Worker 2 canceling
Worker 3 canceling
Worker 3 DONE checking cube l_undef
all done
Worker 0 no more cubes
Worker 1 DONE checking cube l_undef
Batch manager setting exception msg: context cancelled.
Batch manager setting exception msg: context cancelled.
unsat
(:added-eqs                   1449350
 :arith-eq-adapter            3467
 :arith-bound-propagations-lp 161380
 :arith-conflicts             616
 :arith-diseq                 121819
 :arith-fixed-eqs             175587
 :arith-lower                 106990
 :arith-make-feasible         53758
 :arith-max-columns           1659
 :arith-max-rows              679
 :arith-offset-eqs            50787
 :arith-upper                 186987
 :binary-propagations         3951385
 :conflicts                   25261
 :decisions                   520413
 :del-clause                  22766
 :max-memory                  114.02
 :memory                      19.23
 :minimized-lits              161239
 :mk-bool-var                 22884
 :mk-clause                   38354
 :mk-clause-binary            61322
 :num-allocs                  56444625
 :num-checks                  21
 :parallel-max-cube-size      3
 :parallel-num_cubes          12
 :propagations                5723681
 :restarts                    215
 :rlimit-count                16410107
 :time                        0.74
 :total-time                  2.64)
