Worker 0 created with 0 assumptions
Worker 1 created with 0 assumptions
Worker 2 created with 0 assumptions
Worker 3 created with 0 assumptions
null (a)

Worker 0 CUBE SIZE IN MAIN LOOP: 0
 Checking cube
with max_conflicts: 1000
null (a)

Worker 2 CUBE SIZE IN MAIN LOOP: 0
 Checking cube
with max_conflicts: 1000
null (a)

Worker 1 CUBE SIZE IN MAIN LOOP: 0
 Checking cube
with max_conflicts: 1000
null (a)

Worker 3 CUBE SIZE IN MAIN LOOP: 0
 Checking cube
with max_conflicts: 1000
Worker 2 DONE checking cube l_undef
Worker 2 found undef cube
Batch manager splitting on literal: (= i844 1)
Worker 3 DONE checking cube l_undef
Worker 3 found undef cube
Batch manager splitting on literal: (= i844 1)
Worker 0 DONE checking cube l_undef
Worker 0 found undef cube
Batch manager splitting on literal: (= i844 1)
null (o)
  (= i844 1) (a)
  (not (= i844 1)) (o)

Worker 3 CUBE SIZE IN MAIN LOOP: 1
 Checking cube
(= i844 1)
with max_conflicts: 1500
null (o)
  (= i844 1) (a)
  (not (= i844 1)) (a)

Worker 2 CUBE SIZE IN MAIN LOOP: 1
 Checking cube
(not (= i844 1))
with max_conflicts: 1500
null (o)
  (= i844 1) (a)
  (not (= i844 1)) (a)

Worker 0 CUBE SIZE IN MAIN LOOP: 1
 Checking cube
(= i844 1)
with max_conflicts: 1500
Worker 1 DONE checking cube l_undef
Worker 1 found undef cube
Batch manager splitting on literal: (= i844 1)
null (o)
  (= i844 1) (a)
  (not (= i844 1)) (a)

Worker 1 CUBE SIZE IN MAIN LOOP: 1
 Checking cube
(= i844 1)
with max_conflicts: 1500
Worker 2 DONE checking cube l_false
Worker 2 found unsat cube
Batch manager backtracking.
(not (= i844 1))

null (o)
  (= i844 1) (a)
  (not (= i844 1)) (c)
null (o)
  (= i844 1) (a)
  (not (= i844 1)) (c)

Worker 2 CUBE SIZE IN MAIN LOOP: 1
 Checking cube
(= i844 1)
with max_conflicts: 1500
Worker 0 DONE checking cube l_undef
Worker 0 found undef cube
Batch manager splitting on literal: (or (if (or #19089 #18932) (not #18855) (not #18717)) (not (or #18719 #18652 #18367)) (not (or #18548 #18652 #18660 #18670 #18678 #18610 #18619 #18631 #18640 #18572 #18580 #18321 #18598 #18531 #18535 #18544 ...)) (not (or #18719 #18288)) (not (or #18719 #18652 #18660 #18295)) (not (or #18719 #18652 #18660 #18670 #18275)) (not (or #18719 #18652 #18660 #18670 #18289)) (not (or #18719 #18652 #18660 #18670 #18678 #18610 #18202)) (not (or #18719 #18652 #18660 #18670 #18678 #18610 #18210)) (not (or #18719 #18652 #18660 #18670 #18678 #18610 #18619 #18631 #18222)) (not (if #18197 #20275 #20210)))
null (o)
  (= i844 1) (o)
    (or (if (or #19089 #18932) (not #18855) (not #18717)) (not (or #18719 #18652 #18367)) (not (or #18548 #18652 #18660 #18670 #18678 #18610 #18619 #18631 #18640 #18572 #18580 #18321 #18598 #18531 #18535 #18544 ...)) (not (or #18719 #18288)) (not (or #18719 #18652 #18660 #18295)) (not (or #18719 #18652 #18660 #18670 #18275)) (not (or #18719 #18652 #18660 #18670 #18289)) (not (or #18719 #18652 #18660 #18670 #18678 #18610 #18202)) (not (or #18719 #18652 #18660 #18670 #18678 #18610 #18210)) (not (or #18719 #18652 #18660 #18670 #18678 #18610 #18619 #18631 #18222)) (not (if #18197 #20275 #20210))) (o)
    (not (or (if #18853 #18270 #18718) (not #18375) (not #18283) (not #18319) (not #18296) (not #18235) (not #18263) (not #18203) (not #18211) (not #18218) (not #20211))) (a)
  (not (= i844 1)) (c)

Worker 0 CUBE SIZE IN MAIN LOOP: 2
 Checking cube
(not (or (if #2973 #3569 #3573) (not #4239) (not #4243) (not #4254) (not #4262) (not #4279) (not #4288) (not #4307) (not #4316) (not #4328) (not #5069)))
(= i844 1)
with max_conflicts: 2250
Worker 0 DONE checking cube l_false
Worker 0 found unsat cube
Batch manager backtracking.
(not (or (if #2973 #3569 #3573) (not #4239) (not #4243) (not #4254) (not #4262) (not #4279) (not #4288) (not #4307) (not #4316) (not #4328) (not #5069)))

null (o)
  (= i844 1) (o)
    (or (if (or #19089 #18932) (not #18855) (not #18717)) (not (or #18719 #18652 #18367)) (not (or #18548 #18652 #18660 #18670 #18678 #18610 #18619 #18631 #18640 #18572 #18580 #18321 #18598 #18531 #18535 #18544 ...)) (not (or #18719 #18288)) (not (or #18719 #18652 #18660 #18295)) (not (or #18719 #18652 #18660 #18670 #18275)) (not (or #18719 #18652 #18660 #18670 #18289)) (not (or #18719 #18652 #18660 #18670 #18678 #18610 #18202)) (not (or #18719 #18652 #18660 #18670 #18678 #18610 #18210)) (not (or #18719 #18652 #18660 #18670 #18678 #18610 #18619 #18631 #18222)) (not (if #18197 #20275 #20210))) (o)
    (not (or (if #18853 #18270 #18718) (not #18375) (not #18283) (not #18319) (not #18296) (not #18235) (not #18263) (not #18203) (not #18211) (not #18218) (not #20211))) (c)
  (not (= i844 1)) (c)
null (o)
  (= i844 1) (o)
    (or (if (or #19089 #18932) (not #18855) (not #18717)) (not (or #18719 #18652 #18367)) (not (or #18548 #18652 #18660 #18670 #18678 #18610 #18619 #18631 #18640 #18572 #18580 #18321 #18598 #18531 #18535 #18544 ...)) (not (or #18719 #18288)) (not (or #18719 #18652 #18660 #18295)) (not (or #18719 #18652 #18660 #18670 #18275)) (not (or #18719 #18652 #18660 #18670 #18289)) (not (or #18719 #18652 #18660 #18670 #18678 #18610 #18202)) (not (or #18719 #18652 #18660 #18670 #18678 #18610 #18210)) (not (or #18719 #18652 #18660 #18670 #18678 #18610 #18619 #18631 #18222)) (not (if #18197 #20275 #20210))) (a)
    (not (or (if #18853 #18270 #18718) (not #18375) (not #18283) (not #18319) (not #18296) (not #18235) (not #18263) (not #18203) (not #18211) (not #18218) (not #20211))) (c)
  (not (= i844 1)) (c)

Worker 0 CUBE SIZE IN MAIN LOOP: 2
 Checking cube
(or (if (or #2478 #2972) (not #3568) (not #3572)) (not (or #3574 #3584 #4238)) (not (or #3211 #3584 #3593 #3601 #3609 #3617 #3626 #3634 #3643 #3655 #3681 #3689 #3698 #3707 #3709 #3720 ...)) (not (or #3574 #4253)) (not (or #3574 #3584 #3593 #4261)) (not (or #3574 #3584 #3593 #3601 #4278)) (not (or #3574 #3584 #3593 #3601 #4287)) (not (or #3574 #3584 #3593 #3601 #3609 #3617 #4306)) (not (or #3574 #3584 #3593 #3601 #3609 #3617 #4315)) (not (or #3574 #3584 #3593 #3601 #3609 #3617 #3626 #3634 #4327)) (not (if #4353 #5068 #5064)))
(= i844 1)
with max_conflicts: 2250
Worker 1 DONE checking cube l_undef
Worker 1 found undef cube
Batch manager splitting on literal: (= (if (or #18281 #21081 #21091 #21053 #21063 #20962 #20930 #20911 #20823 #20790 #20592 #14346) (if #14209 #13303 467) (if #21079 #13638 224)) 417)
null (o)
  (= i844 1) (o)
    (or (if (or #19089 #18932) (not #18855) (not #18717)) (not (or #18719 #18652 #18367)) (not (or #18548 #18652 #18660 #18670 #18678 #18610 #18619 #18631 #18640 #18572 #18580 #18321 #18598 #18531 #18535 #18544 ...)) (not (or #18719 #18288)) (not (or #18719 #18652 #18660 #18295)) (not (or #18719 #18652 #18660 #18670 #18275)) (not (or #18719 #18652 #18660 #18670 #18289)) (not (or #18719 #18652 #18660 #18670 #18678 #18610 #18202)) (not (or #18719 #18652 #18660 #18670 #18678 #18610 #18210)) (not (or #18719 #18652 #18660 #18670 #18678 #18610 #18619 #18631 #18222)) (not (if #18197 #20275 #20210))) (a)
    (not (or (if #18853 #18270 #18718) (not #18375) (not #18283) (not #18319) (not #18296) (not #18235) (not #18263) (not #18203) (not #18211) (not #18218) (not #20211))) (c)
  (not (= i844 1)) (c)

Worker 1 CUBE SIZE IN MAIN LOOP: 2
 Checking cube
(or (if (or #2478 #2972) (not #3568) (not #3572)) (not (or #3574 #3584 #4238)) (not (or #3211 #3584 #3593 #3601 #3609 #3617 #3626 #3634 #3643 #3655 #3681 #3689 #3698 #3707 #3709 #3720 ...)) (not (or #3574 #4253)) (not (or #3574 #3584 #3593 #4261)) (not (or #3574 #3584 #3593 #3601 #4278)) (not (or #3574 #3584 #3593 #3601 #4287)) (not (or #3574 #3584 #3593 #3601 #3609 #3617 #4306)) (not (or #3574 #3584 #3593 #3601 #3609 #3617 #4315)) (not (or #3574 #3584 #3593 #3601 #3609 #3617 #3626 #3634 #4327)) (not (if #4353 #5068 #5064)))
(= i844 1)
with max_conflicts: 2250
Worker 3 DONE checking cube l_undef
Worker 3 found undef cube
Batch manager splitting on literal: (or (not (or #19192 #19123 #19136 #19139 #19060 #19065 #19069 #19106 #19092)) (not (or #19362 #19286 #19227 #19263 #19187 #19259 #19192 #19219 #19211)) (not (or #19362 #19286 #19227 #19263 #19187 #19259 #19192 #19219 #19211 #19123 #19136 #19139 #19060 #19065 #19069 #19106 ...)) (not (or #4126 #4151 #19339 #19340 #19347 #19362 #19281 #19334 #19286 #19323 #19319 #19305 #19227 #19315 #19313 #19270 ...)) (not (or #4126 #4151 #19339 #19340 #19347 #19362 #19281 #19334 #19286 #19323 #19319 #19305 #19227 #19315 #19313 #19270 ...)) (not (or #4126 #4151 #19339 #19340 #19347 #19362 #19281 #19334 #19286 #19323 #19319 #19305 #19227 #19315 #19313 #19270 ...)) (not (or #19192 #19123 #19004)) (not (or #19192 #19123 #19136 #19008)) (not (or #19192 #19123 #19136 #19013)) (not (or #19192 #19123 #19136 #19139 #19060 #19017)) (not (or #19192 #19123 #19136 #19139 #19060 #19065 #19021)) (not (or #4126 #4151 #19339 #19340 #19347 #19362 #19281 #19326 #19283 #19286 #19323 #19358 #19319 #19305 #19307 #19227 ...)) (not (or #19192 #19123 #19136 #19139 #19060 #19065 #19069 #19033)) (not (or #19192 #19123 #19136 #19139 #19060 #19065 #19069 #19037)) (not (or #18947 #18794)))
null (o)
  (= i844 1) (o)
    (or (if (or #19089 #18932) (not #18855) (not #18717)) (not (or #18719 #18652 #18367)) (not (or #18548 #18652 #18660 #18670 #18678 #18610 #18619 #18631 #18640 #18572 #18580 #18321 #18598 #18531 #18535 #18544 ...)) (not (or #18719 #18288)) (not (or #18719 #18652 #18660 #18295)) (not (or #18719 #18652 #18660 #18670 #18275)) (not (or #18719 #18652 #18660 #18670 #18289)) (not (or #18719 #18652 #18660 #18670 #18678 #18610 #18202)) (not (or #18719 #18652 #18660 #18670 #18678 #18610 #18210)) (not (or #18719 #18652 #18660 #18670 #18678 #18610 #18619 #18631 #18222)) (not (if #18197 #20275 #20210))) (a)
    (not (or (if #18853 #18270 #18718) (not #18375) (not #18283) (not #18319) (not #18296) (not #18235) (not #18263) (not #18203) (not #18211) (not #18218) (not #20211))) (c)
  (not (= i844 1)) (c)

Worker 3 CUBE SIZE IN MAIN LOOP: 2
 Checking cube
(or (if (or #2478 #2972) (not #3568) (not #3572)) (not (or #3574 #3584 #4238)) (not (or #3211 #3584 #3593 #3601 #3609 #3617 #3626 #3634 #3643 #3655 #3681 #3689 #3698 #3707 #3709 #3720 ...)) (not (or #3574 #4253)) (not (or #3574 #3584 #3593 #4261)) (not (or #3574 #3584 #3593 #3601 #4278)) (not (or #3574 #3584 #3593 #3601 #4287)) (not (or #3574 #3584 #3593 #3601 #3609 #3617 #4306)) (not (or #3574 #3584 #3593 #3601 #3609 #3617 #4315)) (not (or #3574 #3584 #3593 #3601 #3609 #3617 #3626 #3634 #4327)) (not (if #4353 #5068 #5064)))
(= i844 1)
with max_conflicts: 2250
Worker 2 DONE checking cube l_undef
Worker 2 found undef cube
Batch manager splitting on literal: (or (not (or #19362 #19286 #19227 #19263 #19187 #19259 #19192 #19219 #19211)) (not (or #19362 #19286 #19227 #19263 #19187 #19259 #19192 #19219 #19211 #19123 #19136 #19139 #19060 #19065 #19069 #19106 ...)) (not (or #4126 #4151 #19339 #19340 #19347 #19362 #19281 #19334 #19286 #19323 #19319 #19305 #19227 #19315 #19313 #19270 ...)) (not (or #4126 #4151 #19339 #19340 #19347 #19362 #19281 #19334 #19286 #19323 #19319 #19305 #19227 #19315 #19313 #19270 ...)) (not (or #4126 #4151 #19339 #19340 #19347 #19362 #19281 #19334 #19286 #19323 #19319 #19305 #19227 #19315 #19313 #19270 ...)) (not (or #19192 #19123 #19004)) (not (or #19192 #19123 #19136 #19008)) (not (or #19192 #19123 #19136 #19013)) (not (or #19018 #18875)))
null (o)
  (= i844 1) (o)
    (or (if (or #19089 #18932) (not #18855) (not #18717)) (not (or #18719 #18652 #18367)) (not (or #18548 #18652 #18660 #18670 #18678 #18610 #18619 #18631 #18640 #18572 #18580 #18321 #18598 #18531 #18535 #18544 ...)) (not (or #18719 #18288)) (not (or #18719 #18652 #18660 #18295)) (not (or #18719 #18652 #18660 #18670 #18275)) (not (or #18719 #18652 #18660 #18670 #18289)) (not (or #18719 #18652 #18660 #18670 #18678 #18610 #18202)) (not (or #18719 #18652 #18660 #18670 #18678 #18610 #18210)) (not (or #18719 #18652 #18660 #18670 #18678 #18610 #18619 #18631 #18222)) (not (if #18197 #20275 #20210))) (a)
    (not (or (if #18853 #18270 #18718) (not #18375) (not #18283) (not #18319) (not #18296) (not #18235) (not #18263) (not #18203) (not #18211) (not #18218) (not #20211))) (c)
  (not (= i844 1)) (c)

Worker 2 CUBE SIZE IN MAIN LOOP: 2
 Checking cube
(or (if (or #2478 #2972) (not #3568) (not #3572)) (not (or #3574 #3584 #4238)) (not (or #3211 #3584 #3593 #3601 #3609 #3617 #3626 #3634 #3643 #3655 #3681 #3689 #3698 #3707 #3709 #3720 ...)) (not (or #3574 #4253)) (not (or #3574 #3584 #3593 #4261)) (not (or #3574 #3584 #3593 #3601 #4278)) (not (or #3574 #3584 #3593 #3601 #4287)) (not (or #3574 #3584 #3593 #3601 #3609 #3617 #4306)) (not (or #3574 #3584 #3593 #3601 #3609 #3617 #4315)) (not (or #3574 #3584 #3593 #3601 #3609 #3617 #3626 #3634 #4327)) (not (if #4353 #5068 #5064)))
(= i844 1)
with max_conflicts: 2250
Worker 0 DONE checking cube l_undef
Worker 0 found undef cube
Batch manager splitting on literal: (= (if (or #13311 #11758 #11762 #11680 #11688 #11664 #11672 #11657 #11625 #10819 #10722 #10703 #10569 #25649) (if #25669 #25965 467) (if #11757 #25860 224)) 133)
null (o)
  (= i844 1) (o)
    (or (if (or #19089 #18932) (not #18855) (not #18717)) (not (or #18719 #18652 #18367)) (not (or #18548 #18652 #18660 #18670 #18678 #18610 #18619 #18631 #18640 #18572 #18580 #18321 #18598 #18531 #18535 #18544 ...)) (not (or #18719 #18288)) (not (or #18719 #18652 #18660 #18295)) (not (or #18719 #18652 #18660 #18670 #18275)) (not (or #18719 #18652 #18660 #18670 #18289)) (not (or #18719 #18652 #18660 #18670 #18678 #18610 #18202)) (not (or #18719 #18652 #18660 #18670 #18678 #18610 #18210)) (not (or #18719 #18652 #18660 #18670 #18678 #18610 #18619 #18631 #18222)) (not (if #18197 #20275 #20210))) (o)
      (= (if (or #13311 #11758 #11762 #11680 #11688 #11664 #11672 #11657 #11625 #10819 #10722 #10703 #10569 #25649) (if #25669 #25965 467) (if #11757 #25860 224)) 133) (a)
      (not (= (if #25650 #25966 #25861) 133)) (o)
    (not (or (if #18853 #18270 #18718) (not #18375) (not #18283) (not #18319) (not #18296) (not #18235) (not #18263) (not #18203) (not #18211) (not #18218) (not #20211))) (c)
  (not (= i844 1)) (c)

Worker 0 CUBE SIZE IN MAIN LOOP: 3
 Checking cube
(= (if (or #9203 #9437 #9441 #9454 #9462 #9470 #9478 #9495 #9504 #9523 #9532 #9540 #9548 #10022) (if #10063 #10087 467) (if #9436 #10054 224)) 133)
(or (if (or #2478 #2972) (not #3568) (not #3572)) (not (or #3574 #3584 #4238)) (not (or #3211 #3584 #3593 #3601 #3609 #3617 #3626 #3634 #3643 #3655 #3681 #3689 #3698 #3707 #3709 #3720 ...)) (not (or #3574 #4253)) (not (or #3574 #3584 #3593 #4261)) (not (or #3574 #3584 #3593 #3601 #4278)) (not (or #3574 #3584 #3593 #3601 #4287)) (not (or #3574 #3584 #3593 #3601 #3609 #3617 #4306)) (not (or #3574 #3584 #3593 #3601 #3609 #3617 #4315)) (not (or #3574 #3584 #3593 #3601 #3609 #3617 #3626 #3634 #4327)) (not (if #4353 #5068 #5064)))
(= i844 1)
with max_conflicts: 3375
Worker 1 DONE checking cube l_undef
Worker 1 found undef cube
Batch manager splitting on literal: (or (not (= i844 1)) (= i1041 0) (not (or #4126 #4151 #4182)) (if (or #4126 #4151) (not #19336) (not #19416)) (not (or #4126 #4156 #19417 #19341 #19415 #19345)) (if (or #19340 #19347) (not #19351) (not #19361)) (if (or #19340 #19347) (= #19349 0) (not #19366)) (not (or #4126 #4151 #19339 #19340 #19347 #19334)) (not (or #4126 #4151 #19339 #19334)))
null (o)
  (= i844 1) (o)
    (or (if (or #19089 #18932) (not #18855) (not #18717)) (not (or #18719 #18652 #18367)) (not (or #18548 #18652 #18660 #18670 #18678 #18610 #18619 #18631 #18640 #18572 #18580 #18321 #18598 #18531 #18535 #18544 ...)) (not (or #18719 #18288)) (not (or #18719 #18652 #18660 #18295)) (not (or #18719 #18652 #18660 #18670 #18275)) (not (or #18719 #18652 #18660 #18670 #18289)) (not (or #18719 #18652 #18660 #18670 #18678 #18610 #18202)) (not (or #18719 #18652 #18660 #18670 #18678 #18610 #18210)) (not (or #18719 #18652 #18660 #18670 #18678 #18610 #18619 #18631 #18222)) (not (if #18197 #20275 #20210))) (o)
      (= (if (or #13311 #11758 #11762 #11680 #11688 #11664 #11672 #11657 #11625 #10819 #10722 #10703 #10569 #25649) (if #25669 #25965 467) (if #11757 #25860 224)) 133) (a)
      (not (= (if #25650 #25966 #25861) 133)) (a)
    (not (or (if #18853 #18270 #18718) (not #18375) (not #18283) (not #18319) (not #18296) (not #18235) (not #18263) (not #18203) (not #18211) (not #18218) (not #20211))) (c)
  (not (= i844 1)) (c)

Worker 1 CUBE SIZE IN MAIN LOOP: 3
 Checking cube
(not (= (if #10023 #10072 #10055) 133))
(or (if (or #2478 #2972) (not #3568) (not #3572)) (not (or #3574 #3584 #4238)) (not (or #3211 #3584 #3593 #3601 #3609 #3617 #3626 #3634 #3643 #3655 #3681 #3689 #3698 #3707 #3709 #3720 ...)) (not (or #3574 #4253)) (not (or #3574 #3584 #3593 #4261)) (not (or #3574 #3584 #3593 #3601 #4278)) (not (or #3574 #3584 #3593 #3601 #4287)) (not (or #3574 #3584 #3593 #3601 #3609 #3617 #4306)) (not (or #3574 #3584 #3593 #3601 #3609 #3617 #4315)) (not (or #3574 #3584 #3593 #3601 #3609 #3617 #3626 #3634 #4327)) (not (if #4353 #5068 #5064)))
(= i844 1)
with max_conflicts: 3375
Worker 3 DONE checking cube l_false
Worker 3 determined formula unsat
Batch manager setting UNSAT.
Canceling workers
Worker 0 canceling
Worker 1 canceling
Worker 2 canceling
Worker 3 canceling
Worker 0 DONE checking cube l_undef
Batch manager setting exception msg: context cancelled.
Worker 1 DONE checking cube l_undef
Batch manager setting exception msg: context cancelled.
Worker 2 DONE checking cube l_undef
Batch manager setting exception msg: context cancelled.
unsat
(:added-eqs                   1138722
 :arith-eq-adapter            2937
 :arith-bound-propagations-lp 148958
 :arith-conflicts             565
 :arith-diseq                 112440
 :arith-fixed-eqs             152892
 :arith-lower                 103438
 :arith-make-feasible         44305
 :arith-max-columns           1664
 :arith-max-rows              684
 :arith-offset-eqs            42994
 :arith-upper                 168529
 :binary-propagations         3248030
 :conflicts                   19112
 :decisions                   445288
 :del-clause                  13963
 :max-memory                  113.29
 :memory                      19.15
 :minimized-lits              107339
 :mk-bool-var                 21677
 :mk-clause                   30906
 :mk-clause-binary            61378
 :num-allocs                  51681799
 :num-checks                  17
 :parallel-max-cube-size      3
 :parallel-num_cubes          10
 :propagations                4612237
 :restarts                    164
 :rlimit-count                13640120
 :time                        0.59
 :total-time                  2.12)
