Worker 0 created with 0 assumptions
Worker 1 created with 0 assumptions
Worker 2 created with 0 assumptions
Worker 3 created with 0 assumptions
null (a)

Worker 0 CUBE SIZE IN MAIN LOOP: 0
 Checking cube
with max_conflicts: 1000
null (a)

Worker 2 CUBE SIZE IN MAIN LOOP: 0
 Checking cube
with max_conflicts: 1000
null (a)

Worker 3 CUBE SIZE IN MAIN LOOP: 0
 Checking cube
with max_conflicts: 1000
null (a)

Worker 1 CUBE SIZE IN MAIN LOOP: 0
 Checking cube
with max_conflicts: 1000
Worker 1 DONE checking cube l_undef
Worker 1 found undef cube
Batch manager splitting on literal: (or (not (or #19362 #19286 #19227 #19263 #19187 #19259 #19192 #19219 #19211 #19123 #19136 #19139 #19060 #19065 #19069 #19106 ...)) (not (or #19093 #19123 #12678 #19000 #19054 #19052 #19101 #19014 #19018 #19022 #19055 #19034 #19050 #18947 #18948 #19048 ...)) (not (or #19089 #18274)) (not (or #19089 #18838)) (not (or #19123 #19089 #12678 #18882)) (not (or #19123 #19089 #12678 #19000 #18861)) (not (or #19093 #19123 #19089 #12678 #19000 #19054 #19052 #19101 #19014 #19018 #19022 #19055 #19034 #19050 #18947 #18948 ...)) (not (or #19093 #19123 #19089 #12678 #19000 #19054 #19052 #19101 #19014 #19018 #19022 #19055 #19034 #19050 #18947 #18948 ...)) (not (or #19093 #19123 #19089 #12678 #19000 #19054 #19052 #19101 #19014 #19018 #19022 #19055 #19034 #19050 #18947 #18948 ...)) (not (or #19123 #19089 #12678 #19000 #19054 #18809)) (not (or #19123 #19089 #12678 #19000 #19054 #18807)) (not (or #18832 #18714)))
null (o)
  (or (not (or #19362 #19286 #19227 #19263 #19187 #19259 #19192 #19219 #19211 #19123 #19136 #19139 #19060 #19065 #19069 #19106 ...)) (not (or #19093 #19123 #12678 #19000 #19054 #19052 #19101 #19014 #19018 #19022 #19055 #19034 #19050 #18947 #18948 #19048 ...)) (not (or #19089 #18274)) (not (or #19089 #18838)) (not (or #19123 #19089 #12678 #18882)) (not (or #19123 #19089 #12678 #19000 #18861)) (not (or #19093 #19123 #19089 #12678 #19000 #19054 #19052 #19101 #19014 #19018 #19022 #19055 #19034 #19050 #18947 #18948 ...)) (not (or #19093 #19123 #19089 #12678 #19000 #19054 #19052 #19101 #19014 #19018 #19022 #19055 #19034 #19050 #18947 #18948 ...)) (not (or #19093 #19123 #19089 #12678 #19000 #19054 #19052 #19101 #19014 #19018 #19022 #19055 #19034 #19050 #18947 #18948 ...)) (not (or #19123 #19089 #12678 #19000 #19054 #18809)) (not (or #19123 #19089 #12678 #19000 #19054 #18807)) (not (or #18832 #18714))) (a)
  (not (or (not #19110) (not #18852) (not #18276) (not #18243) (not #18887) (not #18862) (not #18269) (not #18867) (not #18870) (not #18780) (not #18834) (not #18715))) (o)

Worker 1 CUBE SIZE IN MAIN LOOP: 1
 Checking cube
(or (not (or #1803 #1840 #1895 #1914 #1922 #1928 #2009 #2022 #2342 #2344 #2368 #2382 #2399 #2407 #2414 #2421 ...)) (not (or #2042 #2344 #2480 #2488 #2490 #2496 #2502 #2511 #2517 #2523 #2529 #2538 #2545 #2547 #2549 #2551 ...)) (not (or #2478 #2983)) (not (or #2478 #2991)) (not (or #2344 #2478 #2480 #2999)) (not (or #2344 #2478 #2480 #2488 #3007)) (not (or #2042 #2344 #2478 #2480 #2488 #2490 #2496 #2502 #2511 #2517 #2523 #2529 #2538 #2545 #2547 #2549 ...)) (not (or #2042 #2344 #2478 #2480 #2488 #2490 #2496 #2502 #2511 #2517 #2523 #2529 #2538 #2545 #2547 #2549 ...)) (not (or #2042 #2344 #2478 #2480 #2488 #2490 #2496 #2502 #2511 #2517 #2523 #2529 #2538 #2545 #2547 #2549 ...)) (not (or #2344 #2478 #2480 #2488 #2490 #3049)) (not (or #2344 #2478 #2480 #2488 #2490 #3058)) (not (or #3068 #3677)))
with max_conflicts: 1500
Worker 2 DONE checking cube l_undef
Worker 2 found undef cube
Batch manager splitting on literal: (= i844 1)
null (o)
  (or (not (or #19362 #19286 #19227 #19263 #19187 #19259 #19192 #19219 #19211 #19123 #19136 #19139 #19060 #19065 #19069 #19106 ...)) (not (or #19093 #19123 #12678 #19000 #19054 #19052 #19101 #19014 #19018 #19022 #19055 #19034 #19050 #18947 #18948 #19048 ...)) (not (or #19089 #18274)) (not (or #19089 #18838)) (not (or #19123 #19089 #12678 #18882)) (not (or #19123 #19089 #12678 #19000 #18861)) (not (or #19093 #19123 #19089 #12678 #19000 #19054 #19052 #19101 #19014 #19018 #19022 #19055 #19034 #19050 #18947 #18948 ...)) (not (or #19093 #19123 #19089 #12678 #19000 #19054 #19052 #19101 #19014 #19018 #19022 #19055 #19034 #19050 #18947 #18948 ...)) (not (or #19093 #19123 #19089 #12678 #19000 #19054 #19052 #19101 #19014 #19018 #19022 #19055 #19034 #19050 #18947 #18948 ...)) (not (or #19123 #19089 #12678 #19000 #19054 #18809)) (not (or #19123 #19089 #12678 #19000 #19054 #18807)) (not (or #18832 #18714))) (a)
  (not (or (not #19110) (not #18852) (not #18276) (not #18243) (not #18887) (not #18862) (not #18269) (not #18867) (not #18870) (not #18780) (not #18834) (not #18715))) (a)

Worker 2 CUBE SIZE IN MAIN LOOP: 1
 Checking cube
(not (or (not #2477) (not #2971) (not #2984) (not #2992) (not #3000) (not #3008) (not #3012) (not #3016) (not #3023) (not #3050) (not #3059) (not #3678)))
with max_conflicts: 1500
Worker 0 DONE checking cube l_undef
Worker 0 found undef cube
Batch manager splitting on literal: (= i844 1)
null (o)
  (or (not (or #19362 #19286 #19227 #19263 #19187 #19259 #19192 #19219 #19211 #19123 #19136 #19139 #19060 #19065 #19069 #19106 ...)) (not (or #19093 #19123 #12678 #19000 #19054 #19052 #19101 #19014 #19018 #19022 #19055 #19034 #19050 #18947 #18948 #19048 ...)) (not (or #19089 #18274)) (not (or #19089 #18838)) (not (or #19123 #19089 #12678 #18882)) (not (or #19123 #19089 #12678 #19000 #18861)) (not (or #19093 #19123 #19089 #12678 #19000 #19054 #19052 #19101 #19014 #19018 #19022 #19055 #19034 #19050 #18947 #18948 ...)) (not (or #19093 #19123 #19089 #12678 #19000 #19054 #19052 #19101 #19014 #19018 #19022 #19055 #19034 #19050 #18947 #18948 ...)) (not (or #19093 #19123 #19089 #12678 #19000 #19054 #19052 #19101 #19014 #19018 #19022 #19055 #19034 #19050 #18947 #18948 ...)) (not (or #19123 #19089 #12678 #19000 #19054 #18809)) (not (or #19123 #19089 #12678 #19000 #19054 #18807)) (not (or #18832 #18714))) (a)
  (not (or (not #19110) (not #18852) (not #18276) (not #18243) (not #18887) (not #18862) (not #18269) (not #18867) (not #18870) (not #18780) (not #18834) (not #18715))) (a)

Worker 0 CUBE SIZE IN MAIN LOOP: 1
 Checking cube
(or (not (or #1803 #1840 #1895 #1914 #1922 #1928 #2009 #2022 #2342 #2344 #2368 #2382 #2399 #2407 #2414 #2421 ...)) (not (or #2042 #2344 #2480 #2488 #2490 #2496 #2502 #2511 #2517 #2523 #2529 #2538 #2545 #2547 #2549 #2551 ...)) (not (or #2478 #2983)) (not (or #2478 #2991)) (not (or #2344 #2478 #2480 #2999)) (not (or #2344 #2478 #2480 #2488 #3007)) (not (or #2042 #2344 #2478 #2480 #2488 #2490 #2496 #2502 #2511 #2517 #2523 #2529 #2538 #2545 #2547 #2549 ...)) (not (or #2042 #2344 #2478 #2480 #2488 #2490 #2496 #2502 #2511 #2517 #2523 #2529 #2538 #2545 #2547 #2549 ...)) (not (or #2042 #2344 #2478 #2480 #2488 #2490 #2496 #2502 #2511 #2517 #2523 #2529 #2538 #2545 #2547 #2549 ...)) (not (or #2344 #2478 #2480 #2488 #2490 #3049)) (not (or #2344 #2478 #2480 #2488 #2490 #3058)) (not (or #3068 #3677)))
with max_conflicts: 1500
Worker 3 DONE checking cube l_undef
Worker 3 found undef cube
Batch manager splitting on literal: (= i844 1)
null (o)
  (or (not (or #19362 #19286 #19227 #19263 #19187 #19259 #19192 #19219 #19211 #19123 #19136 #19139 #19060 #19065 #19069 #19106 ...)) (not (or #19093 #19123 #12678 #19000 #19054 #19052 #19101 #19014 #19018 #19022 #19055 #19034 #19050 #18947 #18948 #19048 ...)) (not (or #19089 #18274)) (not (or #19089 #18838)) (not (or #19123 #19089 #12678 #18882)) (not (or #19123 #19089 #12678 #19000 #18861)) (not (or #19093 #19123 #19089 #12678 #19000 #19054 #19052 #19101 #19014 #19018 #19022 #19055 #19034 #19050 #18947 #18948 ...)) (not (or #19093 #19123 #19089 #12678 #19000 #19054 #19052 #19101 #19014 #19018 #19022 #19055 #19034 #19050 #18947 #18948 ...)) (not (or #19093 #19123 #19089 #12678 #19000 #19054 #19052 #19101 #19014 #19018 #19022 #19055 #19034 #19050 #18947 #18948 ...)) (not (or #19123 #19089 #12678 #19000 #19054 #18809)) (not (or #19123 #19089 #12678 #19000 #19054 #18807)) (not (or #18832 #18714))) (a)
  (not (or (not #19110) (not #18852) (not #18276) (not #18243) (not #18887) (not #18862) (not #18269) (not #18867) (not #18870) (not #18780) (not #18834) (not #18715))) (a)

Worker 3 CUBE SIZE IN MAIN LOOP: 1
 Checking cube
(or (not (or #1803 #1840 #1895 #1914 #1922 #1928 #2009 #2022 #2342 #2344 #2368 #2382 #2399 #2407 #2414 #2421 ...)) (not (or #2042 #2344 #2480 #2488 #2490 #2496 #2502 #2511 #2517 #2523 #2529 #2538 #2545 #2547 #2549 #2551 ...)) (not (or #2478 #2983)) (not (or #2478 #2991)) (not (or #2344 #2478 #2480 #2999)) (not (or #2344 #2478 #2480 #2488 #3007)) (not (or #2042 #2344 #2478 #2480 #2488 #2490 #2496 #2502 #2511 #2517 #2523 #2529 #2538 #2545 #2547 #2549 ...)) (not (or #2042 #2344 #2478 #2480 #2488 #2490 #2496 #2502 #2511 #2517 #2523 #2529 #2538 #2545 #2547 #2549 ...)) (not (or #2042 #2344 #2478 #2480 #2488 #2490 #2496 #2502 #2511 #2517 #2523 #2529 #2538 #2545 #2547 #2549 ...)) (not (or #2344 #2478 #2480 #2488 #2490 #3049)) (not (or #2344 #2478 #2480 #2488 #2490 #3058)) (not (or #3068 #3677)))
with max_conflicts: 1500
Worker 2 DONE checking cube l_false
Worker 2 found unsat cube
Batch manager backtracking.
(not (or (not #2477) (not #2971) (not #2984) (not #2992) (not #3000) (not #3008) (not #3012) (not #3016) (not #3023) (not #3050) (not #3059) (not #3678)))

null (o)
  (or (not (or #19362 #19286 #19227 #19263 #19187 #19259 #19192 #19219 #19211 #19123 #19136 #19139 #19060 #19065 #19069 #19106 ...)) (not (or #19093 #19123 #12678 #19000 #19054 #19052 #19101 #19014 #19018 #19022 #19055 #19034 #19050 #18947 #18948 #19048 ...)) (not (or #19089 #18274)) (not (or #19089 #18838)) (not (or #19123 #19089 #12678 #18882)) (not (or #19123 #19089 #12678 #19000 #18861)) (not (or #19093 #19123 #19089 #12678 #19000 #19054 #19052 #19101 #19014 #19018 #19022 #19055 #19034 #19050 #18947 #18948 ...)) (not (or #19093 #19123 #19089 #12678 #19000 #19054 #19052 #19101 #19014 #19018 #19022 #19055 #19034 #19050 #18947 #18948 ...)) (not (or #19093 #19123 #19089 #12678 #19000 #19054 #19052 #19101 #19014 #19018 #19022 #19055 #19034 #19050 #18947 #18948 ...)) (not (or #19123 #19089 #12678 #19000 #19054 #18809)) (not (or #19123 #19089 #12678 #19000 #19054 #18807)) (not (or #18832 #18714))) (a)
  (not (or (not #19110) (not #18852) (not #18276) (not #18243) (not #18887) (not #18862) (not #18269) (not #18867) (not #18870) (not #18780) (not #18834) (not #18715))) (c)
null (o)
  (or (not (or #19362 #19286 #19227 #19263 #19187 #19259 #19192 #19219 #19211 #19123 #19136 #19139 #19060 #19065 #19069 #19106 ...)) (not (or #19093 #19123 #12678 #19000 #19054 #19052 #19101 #19014 #19018 #19022 #19055 #19034 #19050 #18947 #18948 #19048 ...)) (not (or #19089 #18274)) (not (or #19089 #18838)) (not (or #19123 #19089 #12678 #18882)) (not (or #19123 #19089 #12678 #19000 #18861)) (not (or #19093 #19123 #19089 #12678 #19000 #19054 #19052 #19101 #19014 #19018 #19022 #19055 #19034 #19050 #18947 #18948 ...)) (not (or #19093 #19123 #19089 #12678 #19000 #19054 #19052 #19101 #19014 #19018 #19022 #19055 #19034 #19050 #18947 #18948 ...)) (not (or #19093 #19123 #19089 #12678 #19000 #19054 #19052 #19101 #19014 #19018 #19022 #19055 #19034 #19050 #18947 #18948 ...)) (not (or #19123 #19089 #12678 #19000 #19054 #18809)) (not (or #19123 #19089 #12678 #19000 #19054 #18807)) (not (or #18832 #18714))) (a)
  (not (or (not #19110) (not #18852) (not #18276) (not #18243) (not #18887) (not #18862) (not #18269) (not #18867) (not #18870) (not #18780) (not #18834) (not #18715))) (c)

Worker 2 CUBE SIZE IN MAIN LOOP: 1
 Checking cube
(or (not (or #1803 #1840 #1895 #1914 #1922 #1928 #2009 #2022 #2342 #2344 #2368 #2382 #2399 #2407 #2414 #2421 ...)) (not (or #2042 #2344 #2480 #2488 #2490 #2496 #2502 #2511 #2517 #2523 #2529 #2538 #2545 #2547 #2549 #2551 ...)) (not (or #2478 #2983)) (not (or #2478 #2991)) (not (or #2344 #2478 #2480 #2999)) (not (or #2344 #2478 #2480 #2488 #3007)) (not (or #2042 #2344 #2478 #2480 #2488 #2490 #2496 #2502 #2511 #2517 #2523 #2529 #2538 #2545 #2547 #2549 ...)) (not (or #2042 #2344 #2478 #2480 #2488 #2490 #2496 #2502 #2511 #2517 #2523 #2529 #2538 #2545 #2547 #2549 ...)) (not (or #2042 #2344 #2478 #2480 #2488 #2490 #2496 #2502 #2511 #2517 #2523 #2529 #2538 #2545 #2547 #2549 ...)) (not (or #2344 #2478 #2480 #2488 #2490 #3049)) (not (or #2344 #2478 #2480 #2488 #2490 #3058)) (not (or #3068 #3677)))
with max_conflicts: 1500
Worker 3 DONE checking cube l_undef
Worker 3 found undef cube
Batch manager splitting on literal: (or (if (or #19089 #18932) (not #18645) (not #18649)) (if (or #19089 #18932) (= #18720 0) (not #18658)) (not (or #19089 #18932 #18666)) (not (or #19089 #18932 #18928 #18676)) (not (or #19089 #18932 #18928 #18244 #18858 #18608)) (not (or #19089 #18932 #18928 #18244 #18858 #18884 #18616)) (not (or #19089 #18932 #18928 #18244 #18858 #18884 #18629)) (not (or #19089 #18932 #18928 #18244 #18858 #18884 #18865 #18868 #18637)) (not (or #19089 #18932 #18928 #18244 #18858 #18884 #18865 #18868 #18570)) (not (or #19089 #18932 #18928 #18244 #18858 #18884 #18865 #18868 #18265 #18782 #18578)) (not (or #19089 #18932 #18928 #18244 #18858 #18884 #18865 #18868 #18265 #18782 #18783 #18716)) (not (or #19089 #18932 #18928 #18244 #18858 #18884 #18865 #18868 #18265 #18782 #18783 #18832 #18875 #18794 #18798 #18811 ...)) (not (or #19089 #18932 #18928 #18244 #18858 #18884 #18865 #18868 #18265 #18782 #18783 #18832 #18596)) (not (or #19089 #18932 #18928 #18244 #18858 #18884 #18865 #18868 #18265 #18782 #18783 #18832 #18605)) (not (or #18535 #18144)))
null (o)
  (or (not (or #19362 #19286 #19227 #19263 #19187 #19259 #19192 #19219 #19211 #19123 #19136 #19139 #19060 #19065 #19069 #19106 ...)) (not (or #19093 #19123 #12678 #19000 #19054 #19052 #19101 #19014 #19018 #19022 #19055 #19034 #19050 #18947 #18948 #19048 ...)) (not (or #19089 #18274)) (not (or #19089 #18838)) (not (or #19123 #19089 #12678 #18882)) (not (or #19123 #19089 #12678 #19000 #18861)) (not (or #19093 #19123 #19089 #12678 #19000 #19054 #19052 #19101 #19014 #19018 #19022 #19055 #19034 #19050 #18947 #18948 ...)) (not (or #19093 #19123 #19089 #12678 #19000 #19054 #19052 #19101 #19014 #19018 #19022 #19055 #19034 #19050 #18947 #18948 ...)) (not (or #19093 #19123 #19089 #12678 #19000 #19054 #19052 #19101 #19014 #19018 #19022 #19055 #19034 #19050 #18947 #18948 ...)) (not (or #19123 #19089 #12678 #19000 #19054 #18809)) (not (or #19123 #19089 #12678 #19000 #19054 #18807)) (not (or #18832 #18714))) (o)
    (or (if (or #19089 #18932) (not #18645) (not #18649)) (if (or #19089 #18932) (= #18720 0) (not #18658)) (not (or #19089 #18932 #18666)) (not (or #19089 #18932 #18928 #18676)) (not (or #19089 #18932 #18928 #18244 #18858 #18608)) (not (or #19089 #18932 #18928 #18244 #18858 #18884 #18616)) (not (or #19089 #18932 #18928 #18244 #18858 #18884 #18629)) (not (or #19089 #18932 #18928 #18244 #18858 #18884 #18865 #18868 #18637)) (not (or #19089 #18932 #18928 #18244 #18858 #18884 #18865 #18868 #18570)) (not (or #19089 #18932 #18928 #18244 #18858 #18884 #18865 #18868 #18265 #18782 #18578)) (not (or #19089 #18932 #18928 #18244 #18858 #18884 #18865 #18868 #18265 #18782 #18783 #18716)) (not (or #19089 #18932 #18928 #18244 #18858 #18884 #18865 #18868 #18265 #18782 #18783 #18832 #18875 #18794 #18798 #18811 ...)) (not (or #19089 #18932 #18928 #18244 #18858 #18884 #18865 #18868 #18265 #18782 #18783 #18832 #18596)) (not (or #19089 #18932 #18928 #18244 #18858 #18884 #18865 #18868 #18265 #18782 #18783 #18832 #18605)) (not (or #18535 #18144))) (o)
    (not (or (if #18719 #18646 #18650) (if #18719 #18645 #18659) (not #18669) (not #18677) (not #18609) (not #18617) (not #18630) (not #18638) (not #18571) (not #18579) (not #18717) (not #18589) (not #18597) (not #18606) (not #18205))) (a)
  (not (or (not #19110) (not #18852) (not #18276) (not #18243) (not #18887) (not #18862) (not #18269) (not #18867) (not #18870) (not #18780) (not #18834) (not #18715))) (c)

Worker 3 CUBE SIZE IN MAIN LOOP: 2
 Checking cube
(not (or (if #2973 #3569 #3573) (if #2973 #3568 #3583) (not #3592) (not #3600) (not #3608) (not #3616) (not #3625) (not #3633) (not #3642) (not #3654) (not #3680) (not #3688) (not #3697) (not #3706) (not #4359)))
(or (not (or #1803 #1840 #1895 #1914 #1922 #1928 #2009 #2022 #2342 #2344 #2368 #2382 #2399 #2407 #2414 #2421 ...)) (not (or #2042 #2344 #2480 #2488 #2490 #2496 #2502 #2511 #2517 #2523 #2529 #2538 #2545 #2547 #2549 #2551 ...)) (not (or #2478 #2983)) (not (or #2478 #2991)) (not (or #2344 #2478 #2480 #2999)) (not (or #2344 #2478 #2480 #2488 #3007)) (not (or #2042 #2344 #2478 #2480 #2488 #2490 #2496 #2502 #2511 #2517 #2523 #2529 #2538 #2545 #2547 #2549 ...)) (not (or #2042 #2344 #2478 #2480 #2488 #2490 #2496 #2502 #2511 #2517 #2523 #2529 #2538 #2545 #2547 #2549 ...)) (not (or #2042 #2344 #2478 #2480 #2488 #2490 #2496 #2502 #2511 #2517 #2523 #2529 #2538 #2545 #2547 #2549 ...)) (not (or #2344 #2478 #2480 #2488 #2490 #3049)) (not (or #2344 #2478 #2480 #2488 #2490 #3058)) (not (or #3068 #3677)))
with max_conflicts: 2250
Worker 3 DONE checking cube l_false
Worker 3 found unsat cube
Batch manager backtracking.
(or (not (or #1803 #1840 #1895 #1914 #1922 #1928 #2009 #2022 #2342 #2344 #2368 #2382 #2399 #2407 #2414 #2421 ...)) (not (or #2042 #2344 #2480 #2488 #2490 #2496 #2502 #2511 #2517 #2523 #2529 #2538 #2545 #2547 #2549 #2551 ...)) (not (or #2478 #2983)) (not (or #2478 #2991)) (not (or #2344 #2478 #2480 #2999)) (not (or #2344 #2478 #2480 #2488 #3007)) (not (or #2042 #2344 #2478 #2480 #2488 #2490 #2496 #2502 #2511 #2517 #2523 #2529 #2538 #2545 #2547 #2549 ...)) (not (or #2042 #2344 #2478 #2480 #2488 #2490 #2496 #2502 #2511 #2517 #2523 #2529 #2538 #2545 #2547 #2549 ...)) (not (or #2042 #2344 #2478 #2480 #2488 #2490 #2496 #2502 #2511 #2517 #2523 #2529 #2538 #2545 #2547 #2549 ...)) (not (or #2344 #2478 #2480 #2488 #2490 #3049)) (not (or #2344 #2478 #2480 #2488 #2490 #3058)) (not (or #3068 #3677)))
(not (or (if #2973 #3569 #3573) (if #2973 #3568 #3583) (not #3592) (not #3600) (not #3608) (not #3616) (not #3625) (not #3633) (not #3642) (not #3654) (not #3680) (not #3688) (not #3697) (not #3706) (not #4359)))

null (o)
  (or (not (or #19362 #19286 #19227 #19263 #19187 #19259 #19192 #19219 #19211 #19123 #19136 #19139 #19060 #19065 #19069 #19106 ...)) (not (or #19093 #19123 #12678 #19000 #19054 #19052 #19101 #19014 #19018 #19022 #19055 #19034 #19050 #18947 #18948 #19048 ...)) (not (or #19089 #18274)) (not (or #19089 #18838)) (not (or #19123 #19089 #12678 #18882)) (not (or #19123 #19089 #12678 #19000 #18861)) (not (or #19093 #19123 #19089 #12678 #19000 #19054 #19052 #19101 #19014 #19018 #19022 #19055 #19034 #19050 #18947 #18948 ...)) (not (or #19093 #19123 #19089 #12678 #19000 #19054 #19052 #19101 #19014 #19018 #19022 #19055 #19034 #19050 #18947 #18948 ...)) (not (or #19093 #19123 #19089 #12678 #19000 #19054 #19052 #19101 #19014 #19018 #19022 #19055 #19034 #19050 #18947 #18948 ...)) (not (or #19123 #19089 #12678 #19000 #19054 #18809)) (not (or #19123 #19089 #12678 #19000 #19054 #18807)) (not (or #18832 #18714))) (o)
    (or (if (or #19089 #18932) (not #18645) (not #18649)) (if (or #19089 #18932) (= #18720 0) (not #18658)) (not (or #19089 #18932 #18666)) (not (or #19089 #18932 #18928 #18676)) (not (or #19089 #18932 #18928 #18244 #18858 #18608)) (not (or #19089 #18932 #18928 #18244 #18858 #18884 #18616)) (not (or #19089 #18932 #18928 #18244 #18858 #18884 #18629)) (not (or #19089 #18932 #18928 #18244 #18858 #18884 #18865 #18868 #18637)) (not (or #19089 #18932 #18928 #18244 #18858 #18884 #18865 #18868 #18570)) (not (or #19089 #18932 #18928 #18244 #18858 #18884 #18865 #18868 #18265 #18782 #18578)) (not (or #19089 #18932 #18928 #18244 #18858 #18884 #18865 #18868 #18265 #18782 #18783 #18716)) (not (or #19089 #18932 #18928 #18244 #18858 #18884 #18865 #18868 #18265 #18782 #18783 #18832 #18875 #18794 #18798 #18811 ...)) (not (or #19089 #18932 #18928 #18244 #18858 #18884 #18865 #18868 #18265 #18782 #18783 #18832 #18596)) (not (or #19089 #18932 #18928 #18244 #18858 #18884 #18865 #18868 #18265 #18782 #18783 #18832 #18605)) (not (or #18535 #18144))) (o)
    (not (or (if #18719 #18646 #18650) (if #18719 #18645 #18659) (not #18669) (not #18677) (not #18609) (not #18617) (not #18630) (not #18638) (not #18571) (not #18579) (not #18717) (not #18589) (not #18597) (not #18606) (not #18205))) (c)
  (not (or (not #19110) (not #18852) (not #18276) (not #18243) (not #18887) (not #18862) (not #18269) (not #18867) (not #18870) (not #18780) (not #18834) (not #18715))) (c)
null (o)
  (or (not (or #19362 #19286 #19227 #19263 #19187 #19259 #19192 #19219 #19211 #19123 #19136 #19139 #19060 #19065 #19069 #19106 ...)) (not (or #19093 #19123 #12678 #19000 #19054 #19052 #19101 #19014 #19018 #19022 #19055 #19034 #19050 #18947 #18948 #19048 ...)) (not (or #19089 #18274)) (not (or #19089 #18838)) (not (or #19123 #19089 #12678 #18882)) (not (or #19123 #19089 #12678 #19000 #18861)) (not (or #19093 #19123 #19089 #12678 #19000 #19054 #19052 #19101 #19014 #19018 #19022 #19055 #19034 #19050 #18947 #18948 ...)) (not (or #19093 #19123 #19089 #12678 #19000 #19054 #19052 #19101 #19014 #19018 #19022 #19055 #19034 #19050 #18947 #18948 ...)) (not (or #19093 #19123 #19089 #12678 #19000 #19054 #19052 #19101 #19014 #19018 #19022 #19055 #19034 #19050 #18947 #18948 ...)) (not (or #19123 #19089 #12678 #19000 #19054 #18809)) (not (or #19123 #19089 #12678 #19000 #19054 #18807)) (not (or #18832 #18714))) (o)
    (or (if (or #19089 #18932) (not #18645) (not #18649)) (if (or #19089 #18932) (= #18720 0) (not #18658)) (not (or #19089 #18932 #18666)) (not (or #19089 #18932 #18928 #18676)) (not (or #19089 #18932 #18928 #18244 #18858 #18608)) (not (or #19089 #18932 #18928 #18244 #18858 #18884 #18616)) (not (or #19089 #18932 #18928 #18244 #18858 #18884 #18629)) (not (or #19089 #18932 #18928 #18244 #18858 #18884 #18865 #18868 #18637)) (not (or #19089 #18932 #18928 #18244 #18858 #18884 #18865 #18868 #18570)) (not (or #19089 #18932 #18928 #18244 #18858 #18884 #18865 #18868 #18265 #18782 #18578)) (not (or #19089 #18932 #18928 #18244 #18858 #18884 #18865 #18868 #18265 #18782 #18783 #18716)) (not (or #19089 #18932 #18928 #18244 #18858 #18884 #18865 #18868 #18265 #18782 #18783 #18832 #18875 #18794 #18798 #18811 ...)) (not (or #19089 #18932 #18928 #18244 #18858 #18884 #18865 #18868 #18265 #18782 #18783 #18832 #18596)) (not (or #19089 #18932 #18928 #18244 #18858 #18884 #18865 #18868 #18265 #18782 #18783 #18832 #18605)) (not (or #18535 #18144))) (a)
    (not (or (if #18719 #18646 #18650) (if #18719 #18645 #18659) (not #18669) (not #18677) (not #18609) (not #18617) (not #18630) (not #18638) (not #18571) (not #18579) (not #18717) (not #18589) (not #18597) (not #18606) (not #18205))) (c)
  (not (or (not #19110) (not #18852) (not #18276) (not #18243) (not #18887) (not #18862) (not #18269) (not #18867) (not #18870) (not #18780) (not #18834) (not #18715))) (c)

Worker 3 CUBE SIZE IN MAIN LOOP: 2
 Checking cube
(or (if (or #2478 #2972) (not #3568) (not #3572)) (if (or #2478 #2972) (= #3567 0) (not #3582)) (not (or #2478 #2972 #3591)) (not (or #2478 #2972 #2985 #3596)) (not (or #2478 #2972 #2985 #2993 #3001 #3607)) (not (or #2478 #2972 #2985 #2993 #3001 #3009 #3615)) (not (or #2478 #2972 #2985 #2993 #3001 #3009 #3624)) (not (or #2478 #2972 #2985 #2993 #3001 #3009 #3013 #3020 #3632)) (not (or #2478 #2972 #2985 #2993 #3001 #3009 #3013 #3020 #3641)) (not (or #2478 #2972 #2985 #2993 #3001 #3009 #3013 #3020 #3025 #3051 #3653)) (not (or #2478 #2972 #2985 #2993 #3001 #3009 #3013 #3020 #3025 #3051 #3060 #3679)) (not (or #2478 #2972 #2985 #2993 #3001 #3009 #3013 #3020 #3025 #3051 #3060 #3068 #3076 #3084 #3093 #3102 ...)) (not (or #2478 #2972 #2985 #2993 #3001 #3009 #3013 #3020 #3025 #3051 #3060 #3068 #3696)) (not (or #2478 #2972 #2985 #2993 #3001 #3009 #3013 #3020 #3025 #3051 #3060 #3068 #3705)) (not (or #3709 #4358)))
(or (not (or #1803 #1840 #1895 #1914 #1922 #1928 #2009 #2022 #2342 #2344 #2368 #2382 #2399 #2407 #2414 #2421 ...)) (not (or #2042 #2344 #2480 #2488 #2490 #2496 #2502 #2511 #2517 #2523 #2529 #2538 #2545 #2547 #2549 #2551 ...)) (not (or #2478 #2983)) (not (or #2478 #2991)) (not (or #2344 #2478 #2480 #2999)) (not (or #2344 #2478 #2480 #2488 #3007)) (not (or #2042 #2344 #2478 #2480 #2488 #2490 #2496 #2502 #2511 #2517 #2523 #2529 #2538 #2545 #2547 #2549 ...)) (not (or #2042 #2344 #2478 #2480 #2488 #2490 #2496 #2502 #2511 #2517 #2523 #2529 #2538 #2545 #2547 #2549 ...)) (not (or #2042 #2344 #2478 #2480 #2488 #2490 #2496 #2502 #2511 #2517 #2523 #2529 #2538 #2545 #2547 #2549 ...)) (not (or #2344 #2478 #2480 #2488 #2490 #3049)) (not (or #2344 #2478 #2480 #2488 #2490 #3058)) (not (or #3068 #3677)))
with max_conflicts: 2250
Worker 1 DONE checking cube l_undef
Worker 1 found undef cube
Batch manager splitting on literal: (<= (+ (if #4125 143 0) (* -1 #4566)) 0)
null (o)
  (or (not (or #19362 #19286 #19227 #19263 #19187 #19259 #19192 #19219 #19211 #19123 #19136 #19139 #19060 #19065 #19069 #19106 ...)) (not (or #19093 #19123 #12678 #19000 #19054 #19052 #19101 #19014 #19018 #19022 #19055 #19034 #19050 #18947 #18948 #19048 ...)) (not (or #19089 #18274)) (not (or #19089 #18838)) (not (or #19123 #19089 #12678 #18882)) (not (or #19123 #19089 #12678 #19000 #18861)) (not (or #19093 #19123 #19089 #12678 #19000 #19054 #19052 #19101 #19014 #19018 #19022 #19055 #19034 #19050 #18947 #18948 ...)) (not (or #19093 #19123 #19089 #12678 #19000 #19054 #19052 #19101 #19014 #19018 #19022 #19055 #19034 #19050 #18947 #18948 ...)) (not (or #19093 #19123 #19089 #12678 #19000 #19054 #19052 #19101 #19014 #19018 #19022 #19055 #19034 #19050 #18947 #18948 ...)) (not (or #19123 #19089 #12678 #19000 #19054 #18809)) (not (or #19123 #19089 #12678 #19000 #19054 #18807)) (not (or #18832 #18714))) (o)
    (or (if (or #19089 #18932) (not #18645) (not #18649)) (if (or #19089 #18932) (= #18720 0) (not #18658)) (not (or #19089 #18932 #18666)) (not (or #19089 #18932 #18928 #18676)) (not (or #19089 #18932 #18928 #18244 #18858 #18608)) (not (or #19089 #18932 #18928 #18244 #18858 #18884 #18616)) (not (or #19089 #18932 #18928 #18244 #18858 #18884 #18629)) (not (or #19089 #18932 #18928 #18244 #18858 #18884 #18865 #18868 #18637)) (not (or #19089 #18932 #18928 #18244 #18858 #18884 #18865 #18868 #18570)) (not (or #19089 #18932 #18928 #18244 #18858 #18884 #18865 #18868 #18265 #18782 #18578)) (not (or #19089 #18932 #18928 #18244 #18858 #18884 #18865 #18868 #18265 #18782 #18783 #18716)) (not (or #19089 #18932 #18928 #18244 #18858 #18884 #18865 #18868 #18265 #18782 #18783 #18832 #18875 #18794 #18798 #18811 ...)) (not (or #19089 #18932 #18928 #18244 #18858 #18884 #18865 #18868 #18265 #18782 #18783 #18832 #18596)) (not (or #19089 #18932 #18928 #18244 #18858 #18884 #18865 #18868 #18265 #18782 #18783 #18832 #18605)) (not (or #18535 #18144))) (a)
    (not (or (if #18719 #18646 #18650) (if #18719 #18645 #18659) (not #18669) (not #18677) (not #18609) (not #18617) (not #18630) (not #18638) (not #18571) (not #18579) (not #18717) (not #18589) (not #18597) (not #18606) (not #18205))) (c)
  (not (or (not #19110) (not #18852) (not #18276) (not #18243) (not #18887) (not #18862) (not #18269) (not #18867) (not #18870) (not #18780) (not #18834) (not #18715))) (c)

Worker 1 CUBE SIZE IN MAIN LOOP: 2
 Checking cube
(or (if (or #2478 #2972) (not #3568) (not #3572)) (if (or #2478 #2972) (= #3567 0) (not #3582)) (not (or #2478 #2972 #3591)) (not (or #2478 #2972 #2985 #3596)) (not (or #2478 #2972 #2985 #2993 #3001 #3607)) (not (or #2478 #2972 #2985 #2993 #3001 #3009 #3615)) (not (or #2478 #2972 #2985 #2993 #3001 #3009 #3624)) (not (or #2478 #2972 #2985 #2993 #3001 #3009 #3013 #3020 #3632)) (not (or #2478 #2972 #2985 #2993 #3001 #3009 #3013 #3020 #3641)) (not (or #2478 #2972 #2985 #2993 #3001 #3009 #3013 #3020 #3025 #3051 #3653)) (not (or #2478 #2972 #2985 #2993 #3001 #3009 #3013 #3020 #3025 #3051 #3060 #3679)) (not (or #2478 #2972 #2985 #2993 #3001 #3009 #3013 #3020 #3025 #3051 #3060 #3068 #3076 #3084 #3093 #3102 ...)) (not (or #2478 #2972 #2985 #2993 #3001 #3009 #3013 #3020 #3025 #3051 #3060 #3068 #3696)) (not (or #2478 #2972 #2985 #2993 #3001 #3009 #3013 #3020 #3025 #3051 #3060 #3068 #3705)) (not (or #3709 #4358)))
(or (not (or #1803 #1840 #1895 #1914 #1922 #1928 #2009 #2022 #2342 #2344 #2368 #2382 #2399 #2407 #2414 #2421 ...)) (not (or #2042 #2344 #2480 #2488 #2490 #2496 #2502 #2511 #2517 #2523 #2529 #2538 #2545 #2547 #2549 #2551 ...)) (not (or #2478 #2983)) (not (or #2478 #2991)) (not (or #2344 #2478 #2480 #2999)) (not (or #2344 #2478 #2480 #2488 #3007)) (not (or #2042 #2344 #2478 #2480 #2488 #2490 #2496 #2502 #2511 #2517 #2523 #2529 #2538 #2545 #2547 #2549 ...)) (not (or #2042 #2344 #2478 #2480 #2488 #2490 #2496 #2502 #2511 #2517 #2523 #2529 #2538 #2545 #2547 #2549 ...)) (not (or #2042 #2344 #2478 #2480 #2488 #2490 #2496 #2502 #2511 #2517 #2523 #2529 #2538 #2545 #2547 #2549 ...)) (not (or #2344 #2478 #2480 #2488 #2490 #3049)) (not (or #2344 #2478 #2480 #2488 #2490 #3058)) (not (or #3068 #3677)))
with max_conflicts: 2250
Worker 0 DONE checking cube l_undef
Worker 0 found undef cube
Batch manager splitting on literal: (= i844 1)
null (o)
  (or (not (or #19362 #19286 #19227 #19263 #19187 #19259 #19192 #19219 #19211 #19123 #19136 #19139 #19060 #19065 #19069 #19106 ...)) (not (or #19093 #19123 #12678 #19000 #19054 #19052 #19101 #19014 #19018 #19022 #19055 #19034 #19050 #18947 #18948 #19048 ...)) (not (or #19089 #18274)) (not (or #19089 #18838)) (not (or #19123 #19089 #12678 #18882)) (not (or #19123 #19089 #12678 #19000 #18861)) (not (or #19093 #19123 #19089 #12678 #19000 #19054 #19052 #19101 #19014 #19018 #19022 #19055 #19034 #19050 #18947 #18948 ...)) (not (or #19093 #19123 #19089 #12678 #19000 #19054 #19052 #19101 #19014 #19018 #19022 #19055 #19034 #19050 #18947 #18948 ...)) (not (or #19093 #19123 #19089 #12678 #19000 #19054 #19052 #19101 #19014 #19018 #19022 #19055 #19034 #19050 #18947 #18948 ...)) (not (or #19123 #19089 #12678 #19000 #19054 #18809)) (not (or #19123 #19089 #12678 #19000 #19054 #18807)) (not (or #18832 #18714))) (o)
    (or (if (or #19089 #18932) (not #18645) (not #18649)) (if (or #19089 #18932) (= #18720 0) (not #18658)) (not (or #19089 #18932 #18666)) (not (or #19089 #18932 #18928 #18676)) (not (or #19089 #18932 #18928 #18244 #18858 #18608)) (not (or #19089 #18932 #18928 #18244 #18858 #18884 #18616)) (not (or #19089 #18932 #18928 #18244 #18858 #18884 #18629)) (not (or #19089 #18932 #18928 #18244 #18858 #18884 #18865 #18868 #18637)) (not (or #19089 #18932 #18928 #18244 #18858 #18884 #18865 #18868 #18570)) (not (or #19089 #18932 #18928 #18244 #18858 #18884 #18865 #18868 #18265 #18782 #18578)) (not (or #19089 #18932 #18928 #18244 #18858 #18884 #18865 #18868 #18265 #18782 #18783 #18716)) (not (or #19089 #18932 #18928 #18244 #18858 #18884 #18865 #18868 #18265 #18782 #18783 #18832 #18875 #18794 #18798 #18811 ...)) (not (or #19089 #18932 #18928 #18244 #18858 #18884 #18865 #18868 #18265 #18782 #18783 #18832 #18596)) (not (or #19089 #18932 #18928 #18244 #18858 #18884 #18865 #18868 #18265 #18782 #18783 #18832 #18605)) (not (or #18535 #18144))) (a)
    (not (or (if #18719 #18646 #18650) (if #18719 #18645 #18659) (not #18669) (not #18677) (not #18609) (not #18617) (not #18630) (not #18638) (not #18571) (not #18579) (not #18717) (not #18589) (not #18597) (not #18606) (not #18205))) (c)
  (not (or (not #19110) (not #18852) (not #18276) (not #18243) (not #18887) (not #18862) (not #18269) (not #18867) (not #18870) (not #18780) (not #18834) (not #18715))) (c)

Worker 0 CUBE SIZE IN MAIN LOOP: 2
 Checking cube
(or (if (or #2478 #2972) (not #3568) (not #3572)) (if (or #2478 #2972) (= #3567 0) (not #3582)) (not (or #2478 #2972 #3591)) (not (or #2478 #2972 #2985 #3596)) (not (or #2478 #2972 #2985 #2993 #3001 #3607)) (not (or #2478 #2972 #2985 #2993 #3001 #3009 #3615)) (not (or #2478 #2972 #2985 #2993 #3001 #3009 #3624)) (not (or #2478 #2972 #2985 #2993 #3001 #3009 #3013 #3020 #3632)) (not (or #2478 #2972 #2985 #2993 #3001 #3009 #3013 #3020 #3641)) (not (or #2478 #2972 #2985 #2993 #3001 #3009 #3013 #3020 #3025 #3051 #3653)) (not (or #2478 #2972 #2985 #2993 #3001 #3009 #3013 #3020 #3025 #3051 #3060 #3679)) (not (or #2478 #2972 #2985 #2993 #3001 #3009 #3013 #3020 #3025 #3051 #3060 #3068 #3076 #3084 #3093 #3102 ...)) (not (or #2478 #2972 #2985 #2993 #3001 #3009 #3013 #3020 #3025 #3051 #3060 #3068 #3696)) (not (or #2478 #2972 #2985 #2993 #3001 #3009 #3013 #3020 #3025 #3051 #3060 #3068 #3705)) (not (or #3709 #4358)))
(or (not (or #1803 #1840 #1895 #1914 #1922 #1928 #2009 #2022 #2342 #2344 #2368 #2382 #2399 #2407 #2414 #2421 ...)) (not (or #2042 #2344 #2480 #2488 #2490 #2496 #2502 #2511 #2517 #2523 #2529 #2538 #2545 #2547 #2549 #2551 ...)) (not (or #2478 #2983)) (not (or #2478 #2991)) (not (or #2344 #2478 #2480 #2999)) (not (or #2344 #2478 #2480 #2488 #3007)) (not (or #2042 #2344 #2478 #2480 #2488 #2490 #2496 #2502 #2511 #2517 #2523 #2529 #2538 #2545 #2547 #2549 ...)) (not (or #2042 #2344 #2478 #2480 #2488 #2490 #2496 #2502 #2511 #2517 #2523 #2529 #2538 #2545 #2547 #2549 ...)) (not (or #2042 #2344 #2478 #2480 #2488 #2490 #2496 #2502 #2511 #2517 #2523 #2529 #2538 #2545 #2547 #2549 ...)) (not (or #2344 #2478 #2480 #2488 #2490 #3049)) (not (or #2344 #2478 #2480 #2488 #2490 #3058)) (not (or #3068 #3677)))
with max_conflicts: 2250
Worker 2 DONE checking cube l_undef
Worker 2 found undef cube
Batch manager splitting on literal: (= i844 1)
null (o)
  (or (not (or #19362 #19286 #19227 #19263 #19187 #19259 #19192 #19219 #19211 #19123 #19136 #19139 #19060 #19065 #19069 #19106 ...)) (not (or #19093 #19123 #12678 #19000 #19054 #19052 #19101 #19014 #19018 #19022 #19055 #19034 #19050 #18947 #18948 #19048 ...)) (not (or #19089 #18274)) (not (or #19089 #18838)) (not (or #19123 #19089 #12678 #18882)) (not (or #19123 #19089 #12678 #19000 #18861)) (not (or #19093 #19123 #19089 #12678 #19000 #19054 #19052 #19101 #19014 #19018 #19022 #19055 #19034 #19050 #18947 #18948 ...)) (not (or #19093 #19123 #19089 #12678 #19000 #19054 #19052 #19101 #19014 #19018 #19022 #19055 #19034 #19050 #18947 #18948 ...)) (not (or #19093 #19123 #19089 #12678 #19000 #19054 #19052 #19101 #19014 #19018 #19022 #19055 #19034 #19050 #18947 #18948 ...)) (not (or #19123 #19089 #12678 #19000 #19054 #18809)) (not (or #19123 #19089 #12678 #19000 #19054 #18807)) (not (or #18832 #18714))) (o)
    (or (if (or #19089 #18932) (not #18645) (not #18649)) (if (or #19089 #18932) (= #18720 0) (not #18658)) (not (or #19089 #18932 #18666)) (not (or #19089 #18932 #18928 #18676)) (not (or #19089 #18932 #18928 #18244 #18858 #18608)) (not (or #19089 #18932 #18928 #18244 #18858 #18884 #18616)) (not (or #19089 #18932 #18928 #18244 #18858 #18884 #18629)) (not (or #19089 #18932 #18928 #18244 #18858 #18884 #18865 #18868 #18637)) (not (or #19089 #18932 #18928 #18244 #18858 #18884 #18865 #18868 #18570)) (not (or #19089 #18932 #18928 #18244 #18858 #18884 #18865 #18868 #18265 #18782 #18578)) (not (or #19089 #18932 #18928 #18244 #18858 #18884 #18865 #18868 #18265 #18782 #18783 #18716)) (not (or #19089 #18932 #18928 #18244 #18858 #18884 #18865 #18868 #18265 #18782 #18783 #18832 #18875 #18794 #18798 #18811 ...)) (not (or #19089 #18932 #18928 #18244 #18858 #18884 #18865 #18868 #18265 #18782 #18783 #18832 #18596)) (not (or #19089 #18932 #18928 #18244 #18858 #18884 #18865 #18868 #18265 #18782 #18783 #18832 #18605)) (not (or #18535 #18144))) (a)
    (not (or (if #18719 #18646 #18650) (if #18719 #18645 #18659) (not #18669) (not #18677) (not #18609) (not #18617) (not #18630) (not #18638) (not #18571) (not #18579) (not #18717) (not #18589) (not #18597) (not #18606) (not #18205))) (c)
  (not (or (not #19110) (not #18852) (not #18276) (not #18243) (not #18887) (not #18862) (not #18269) (not #18867) (not #18870) (not #18780) (not #18834) (not #18715))) (c)

Worker 2 CUBE SIZE IN MAIN LOOP: 2
 Checking cube
(or (if (or #2478 #2972) (not #3568) (not #3572)) (if (or #2478 #2972) (= #3567 0) (not #3582)) (not (or #2478 #2972 #3591)) (not (or #2478 #2972 #2985 #3596)) (not (or #2478 #2972 #2985 #2993 #3001 #3607)) (not (or #2478 #2972 #2985 #2993 #3001 #3009 #3615)) (not (or #2478 #2972 #2985 #2993 #3001 #3009 #3624)) (not (or #2478 #2972 #2985 #2993 #3001 #3009 #3013 #3020 #3632)) (not (or #2478 #2972 #2985 #2993 #3001 #3009 #3013 #3020 #3641)) (not (or #2478 #2972 #2985 #2993 #3001 #3009 #3013 #3020 #3025 #3051 #3653)) (not (or #2478 #2972 #2985 #2993 #3001 #3009 #3013 #3020 #3025 #3051 #3060 #3679)) (not (or #2478 #2972 #2985 #2993 #3001 #3009 #3013 #3020 #3025 #3051 #3060 #3068 #3076 #3084 #3093 #3102 ...)) (not (or #2478 #2972 #2985 #2993 #3001 #3009 #3013 #3020 #3025 #3051 #3060 #3068 #3696)) (not (or #2478 #2972 #2985 #2993 #3001 #3009 #3013 #3020 #3025 #3051 #3060 #3068 #3705)) (not (or #3709 #4358)))
(or (not (or #1803 #1840 #1895 #1914 #1922 #1928 #2009 #2022 #2342 #2344 #2368 #2382 #2399 #2407 #2414 #2421 ...)) (not (or #2042 #2344 #2480 #2488 #2490 #2496 #2502 #2511 #2517 #2523 #2529 #2538 #2545 #2547 #2549 #2551 ...)) (not (or #2478 #2983)) (not (or #2478 #2991)) (not (or #2344 #2478 #2480 #2999)) (not (or #2344 #2478 #2480 #2488 #3007)) (not (or #2042 #2344 #2478 #2480 #2488 #2490 #2496 #2502 #2511 #2517 #2523 #2529 #2538 #2545 #2547 #2549 ...)) (not (or #2042 #2344 #2478 #2480 #2488 #2490 #2496 #2502 #2511 #2517 #2523 #2529 #2538 #2545 #2547 #2549 ...)) (not (or #2042 #2344 #2478 #2480 #2488 #2490 #2496 #2502 #2511 #2517 #2523 #2529 #2538 #2545 #2547 #2549 ...)) (not (or #2344 #2478 #2480 #2488 #2490 #3049)) (not (or #2344 #2478 #2480 #2488 #2490 #3058)) (not (or #3068 #3677)))
with max_conflicts: 2250
Worker 1 DONE checking cube l_undef
Worker 1 found undef cube
Batch manager splitting on literal: (= (if (or #18281 #21081 #21091 #21053 #21063 #20962 #20930 #20911 #20823 #20790 #20592 #14346) (if #14209 #13303 467) (if #21079 #13638 224)) 417)
null (o)
  (or (not (or #19362 #19286 #19227 #19263 #19187 #19259 #19192 #19219 #19211 #19123 #19136 #19139 #19060 #19065 #19069 #19106 ...)) (not (or #19093 #19123 #12678 #19000 #19054 #19052 #19101 #19014 #19018 #19022 #19055 #19034 #19050 #18947 #18948 #19048 ...)) (not (or #19089 #18274)) (not (or #19089 #18838)) (not (or #19123 #19089 #12678 #18882)) (not (or #19123 #19089 #12678 #19000 #18861)) (not (or #19093 #19123 #19089 #12678 #19000 #19054 #19052 #19101 #19014 #19018 #19022 #19055 #19034 #19050 #18947 #18948 ...)) (not (or #19093 #19123 #19089 #12678 #19000 #19054 #19052 #19101 #19014 #19018 #19022 #19055 #19034 #19050 #18947 #18948 ...)) (not (or #19093 #19123 #19089 #12678 #19000 #19054 #19052 #19101 #19014 #19018 #19022 #19055 #19034 #19050 #18947 #18948 ...)) (not (or #19123 #19089 #12678 #19000 #19054 #18809)) (not (or #19123 #19089 #12678 #19000 #19054 #18807)) (not (or #18832 #18714))) (o)
    (or (if (or #19089 #18932) (not #18645) (not #18649)) (if (or #19089 #18932) (= #18720 0) (not #18658)) (not (or #19089 #18932 #18666)) (not (or #19089 #18932 #18928 #18676)) (not (or #19089 #18932 #18928 #18244 #18858 #18608)) (not (or #19089 #18932 #18928 #18244 #18858 #18884 #18616)) (not (or #19089 #18932 #18928 #18244 #18858 #18884 #18629)) (not (or #19089 #18932 #18928 #18244 #18858 #18884 #18865 #18868 #18637)) (not (or #19089 #18932 #18928 #18244 #18858 #18884 #18865 #18868 #18570)) (not (or #19089 #18932 #18928 #18244 #18858 #18884 #18865 #18868 #18265 #18782 #18578)) (not (or #19089 #18932 #18928 #18244 #18858 #18884 #18865 #18868 #18265 #18782 #18783 #18716)) (not (or #19089 #18932 #18928 #18244 #18858 #18884 #18865 #18868 #18265 #18782 #18783 #18832 #18875 #18794 #18798 #18811 ...)) (not (or #19089 #18932 #18928 #18244 #18858 #18884 #18865 #18868 #18265 #18782 #18783 #18832 #18596)) (not (or #19089 #18932 #18928 #18244 #18858 #18884 #18865 #18868 #18265 #18782 #18783 #18832 #18605)) (not (or #18535 #18144))) (o)
      (= (if (or #18281 #21081 #21091 #21053 #21063 #20962 #20930 #20911 #20823 #20790 #20592 #14346) (if #14209 #13303 467) (if #21079 #13638 224)) 417) (a)
      (not (= (if #14347 #13304 #13639) 417)) (o)
    (not (or (if #18719 #18646 #18650) (if #18719 #18645 #18659) (not #18669) (not #18677) (not #18609) (not #18617) (not #18630) (not #18638) (not #18571) (not #18579) (not #18717) (not #18589) (not #18597) (not #18606) (not #18205))) (c)
  (not (or (not #19110) (not #18852) (not #18276) (not #18243) (not #18887) (not #18862) (not #18269) (not #18867) (not #18870) (not #18780) (not #18834) (not #18715))) (c)

Worker 1 CUBE SIZE IN MAIN LOOP: 3
 Checking cube
(= (if (or #4240 #4941 #4949 #4953 #4963 #4980 #5012 #5031 #5040 #5048 #5056 #5822) (if #5869 #5897 467) (if #4940 #5858 224)) 417)
(or (if (or #2478 #2972) (not #3568) (not #3572)) (if (or #2478 #2972) (= #3567 0) (not #3582)) (not (or #2478 #2972 #3591)) (not (or #2478 #2972 #2985 #3596)) (not (or #2478 #2972 #2985 #2993 #3001 #3607)) (not (or #2478 #2972 #2985 #2993 #3001 #3009 #3615)) (not (or #2478 #2972 #2985 #2993 #3001 #3009 #3624)) (not (or #2478 #2972 #2985 #2993 #3001 #3009 #3013 #3020 #3632)) (not (or #2478 #2972 #2985 #2993 #3001 #3009 #3013 #3020 #3641)) (not (or #2478 #2972 #2985 #2993 #3001 #3009 #3013 #3020 #3025 #3051 #3653)) (not (or #2478 #2972 #2985 #2993 #3001 #3009 #3013 #3020 #3025 #3051 #3060 #3679)) (not (or #2478 #2972 #2985 #2993 #3001 #3009 #3013 #3020 #3025 #3051 #3060 #3068 #3076 #3084 #3093 #3102 ...)) (not (or #2478 #2972 #2985 #2993 #3001 #3009 #3013 #3020 #3025 #3051 #3060 #3068 #3696)) (not (or #2478 #2972 #2985 #2993 #3001 #3009 #3013 #3020 #3025 #3051 #3060 #3068 #3705)) (not (or #3709 #4358)))
(or (not (or #1803 #1840 #1895 #1914 #1922 #1928 #2009 #2022 #2342 #2344 #2368 #2382 #2399 #2407 #2414 #2421 ...)) (not (or #2042 #2344 #2480 #2488 #2490 #2496 #2502 #2511 #2517 #2523 #2529 #2538 #2545 #2547 #2549 #2551 ...)) (not (or #2478 #2983)) (not (or #2478 #2991)) (not (or #2344 #2478 #2480 #2999)) (not (or #2344 #2478 #2480 #2488 #3007)) (not (or #2042 #2344 #2478 #2480 #2488 #2490 #2496 #2502 #2511 #2517 #2523 #2529 #2538 #2545 #2547 #2549 ...)) (not (or #2042 #2344 #2478 #2480 #2488 #2490 #2496 #2502 #2511 #2517 #2523 #2529 #2538 #2545 #2547 #2549 ...)) (not (or #2042 #2344 #2478 #2480 #2488 #2490 #2496 #2502 #2511 #2517 #2523 #2529 #2538 #2545 #2547 #2549 ...)) (not (or #2344 #2478 #2480 #2488 #2490 #3049)) (not (or #2344 #2478 #2480 #2488 #2490 #3058)) (not (or #3068 #3677)))
with max_conflicts: 3375
Worker 0 DONE checking cube l_undef
Worker 0 found undef cube
Batch manager splitting on literal: (or (not (= i844 1)) (= i1041 0) (not (or #4126 #4151 #4182)) (if (or #4126 #4151) (not #19336) (not #19416)) (not (or #4126 #4156 #19417 #19341 #19415 #19345)) (if (or #19340 #19347) (not #19351) (not #19361)) (if (or #19340 #19347) (= #19349 0) (not #19366)) (not (or #4126 #4151 #19339 #19340 #19347 #19334)) (not (or #4126 #4151 #19339 #19334)))
null (o)
  (or (not (or #19362 #19286 #19227 #19263 #19187 #19259 #19192 #19219 #19211 #19123 #19136 #19139 #19060 #19065 #19069 #19106 ...)) (not (or #19093 #19123 #12678 #19000 #19054 #19052 #19101 #19014 #19018 #19022 #19055 #19034 #19050 #18947 #18948 #19048 ...)) (not (or #19089 #18274)) (not (or #19089 #18838)) (not (or #19123 #19089 #12678 #18882)) (not (or #19123 #19089 #12678 #19000 #18861)) (not (or #19093 #19123 #19089 #12678 #19000 #19054 #19052 #19101 #19014 #19018 #19022 #19055 #19034 #19050 #18947 #18948 ...)) (not (or #19093 #19123 #19089 #12678 #19000 #19054 #19052 #19101 #19014 #19018 #19022 #19055 #19034 #19050 #18947 #18948 ...)) (not (or #19093 #19123 #19089 #12678 #19000 #19054 #19052 #19101 #19014 #19018 #19022 #19055 #19034 #19050 #18947 #18948 ...)) (not (or #19123 #19089 #12678 #19000 #19054 #18809)) (not (or #19123 #19089 #12678 #19000 #19054 #18807)) (not (or #18832 #18714))) (o)
    (or (if (or #19089 #18932) (not #18645) (not #18649)) (if (or #19089 #18932) (= #18720 0) (not #18658)) (not (or #19089 #18932 #18666)) (not (or #19089 #18932 #18928 #18676)) (not (or #19089 #18932 #18928 #18244 #18858 #18608)) (not (or #19089 #18932 #18928 #18244 #18858 #18884 #18616)) (not (or #19089 #18932 #18928 #18244 #18858 #18884 #18629)) (not (or #19089 #18932 #18928 #18244 #18858 #18884 #18865 #18868 #18637)) (not (or #19089 #18932 #18928 #18244 #18858 #18884 #18865 #18868 #18570)) (not (or #19089 #18932 #18928 #18244 #18858 #18884 #18865 #18868 #18265 #18782 #18578)) (not (or #19089 #18932 #18928 #18244 #18858 #18884 #18865 #18868 #18265 #18782 #18783 #18716)) (not (or #19089 #18932 #18928 #18244 #18858 #18884 #18865 #18868 #18265 #18782 #18783 #18832 #18875 #18794 #18798 #18811 ...)) (not (or #19089 #18932 #18928 #18244 #18858 #18884 #18865 #18868 #18265 #18782 #18783 #18832 #18596)) (not (or #19089 #18932 #18928 #18244 #18858 #18884 #18865 #18868 #18265 #18782 #18783 #18832 #18605)) (not (or #18535 #18144))) (o)
      (= (if (or #18281 #21081 #21091 #21053 #21063 #20962 #20930 #20911 #20823 #20790 #20592 #14346) (if #14209 #13303 467) (if #21079 #13638 224)) 417) (a)
      (not (= (if #14347 #13304 #13639) 417)) (a)
    (not (or (if #18719 #18646 #18650) (if #18719 #18645 #18659) (not #18669) (not #18677) (not #18609) (not #18617) (not #18630) (not #18638) (not #18571) (not #18579) (not #18717) (not #18589) (not #18597) (not #18606) (not #18205))) (c)
  (not (or (not #19110) (not #18852) (not #18276) (not #18243) (not #18887) (not #18862) (not #18269) (not #18867) (not #18870) (not #18780) (not #18834) (not #18715))) (c)

Worker 2 DONE checking cube l_undef
Worker 2 found undef cube
Batch manager splitting on literal: (or (not (or #18651 #18359 #18281 #18284 #18290 #18331 #18236 #18264 #18241 #18253 #18219 #18141 #18209 #18221 #18188 #18165 ...)) (not (or #18281 #21081 #21091 #21053 #21063 #20962 #20930 #20911 #20823 #20790 #20592 #20271 #20241 #20050 #19891 #19278 ...)) (not (or #18281 #21091 #21053 #21063 #20962 #20930 #20911 #20823 #20790 #20592 #20271 #20241 #20050 #19891 #19278 #18969 ...)) (not (or #21081 #21091 #15914)) (not (or #18281 #21081 #21091 #21053 #15717)) (not (or #18281 #21081 #21091 #21053 #21063 #20962 #15781)) (not (or #18281 #21081 #21091 #21053 #21063 #20962 #20930 #20911 #15569)) (not (or #18281 #21081 #21091 #21053 #21063 #20962 #20930 #20911 #20823 #15580)) (not (or #18281 #21081 #21091 #21053 #21063 #20962 #20930 #20911 #20823 #20790 #15628)) (not (or #18281 #21081 #21091 #21053 #21063 #20962 #20930 #20911 #20823 #20790 #15640)) (not (or #18281 #21081 #21091 #21053 #21063 #20962 #20930 #20911 #20823 #20790 #20592 #20271 #20241 #15532)) (not (or #18281 #21081 #21091 #21053 #21063 #20962 #20930 #20911 #20823 #20790 #20592 #20271 #20241 #20050 #19891 #19278 ...)) (not (or #18281 #21081 #21091 #21053 #21063 #20962 #20930 #20911 #20823 #20790 #20592 #15435)) (not (or #21081 #15387)) (not (or #18281 #21081 #21091 #21053 #15396)) (not (or #18281 #21081 #21091 #21053 #21063 #20962 #14403)) ...)
null (o)
  (or (not (or #19362 #19286 #19227 #19263 #19187 #19259 #19192 #19219 #19211 #19123 #19136 #19139 #19060 #19065 #19069 #19106 ...)) (not (or #19093 #19123 #12678 #19000 #19054 #19052 #19101 #19014 #19018 #19022 #19055 #19034 #19050 #18947 #18948 #19048 ...)) (not (or #19089 #18274)) (not (or #19089 #18838)) (not (or #19123 #19089 #12678 #18882)) (not (or #19123 #19089 #12678 #19000 #18861)) (not (or #19093 #19123 #19089 #12678 #19000 #19054 #19052 #19101 #19014 #19018 #19022 #19055 #19034 #19050 #18947 #18948 ...)) (not (or #19093 #19123 #19089 #12678 #19000 #19054 #19052 #19101 #19014 #19018 #19022 #19055 #19034 #19050 #18947 #18948 ...)) (not (or #19093 #19123 #19089 #12678 #19000 #19054 #19052 #19101 #19014 #19018 #19022 #19055 #19034 #19050 #18947 #18948 ...)) (not (or #19123 #19089 #12678 #19000 #19054 #18809)) (not (or #19123 #19089 #12678 #19000 #19054 #18807)) (not (or #18832 #18714))) (o)
    (or (if (or #19089 #18932) (not #18645) (not #18649)) (if (or #19089 #18932) (= #18720 0) (not #18658)) (not (or #19089 #18932 #18666)) (not (or #19089 #18932 #18928 #18676)) (not (or #19089 #18932 #18928 #18244 #18858 #18608)) (not (or #19089 #18932 #18928 #18244 #18858 #18884 #18616)) (not (or #19089 #18932 #18928 #18244 #18858 #18884 #18629)) (not (or #19089 #18932 #18928 #18244 #18858 #18884 #18865 #18868 #18637)) (not (or #19089 #18932 #18928 #18244 #18858 #18884 #18865 #18868 #18570)) (not (or #19089 #18932 #18928 #18244 #18858 #18884 #18865 #18868 #18265 #18782 #18578)) (not (or #19089 #18932 #18928 #18244 #18858 #18884 #18865 #18868 #18265 #18782 #18783 #18716)) (not (or #19089 #18932 #18928 #18244 #18858 #18884 #18865 #18868 #18265 #18782 #18783 #18832 #18875 #18794 #18798 #18811 ...)) (not (or #19089 #18932 #18928 #18244 #18858 #18884 #18865 #18868 #18265 #18782 #18783 #18832 #18596)) (not (or #19089 #18932 #18928 #18244 #18858 #18884 #18865 #18868 #18265 #18782 #18783 #18832 #18605)) (not (or #18535 #18144))) (o)
      (= (if (or #18281 #21081 #21091 #21053 #21063 #20962 #20930 #20911 #20823 #20790 #20592 #14346) (if #14209 #13303 467) (if #21079 #13638 224)) 417) (a)
      (not (= (if #14347 #13304 #13639) 417)) (a)
    (not (or (if #18719 #18646 #18650) (if #18719 #18645 #18659) (not #18669) (not #18677) (not #18609) (not #18617) (not #18630) (not #18638) (not #18571) (not #18579) (not #18717) (not #18589) (not #18597) (not #18606) (not #18205))) (c)
  (not (or (not #19110) (not #18852) (not #18276) (not #18243) (not #18887) (not #18862) (not #18269) (not #18867) (not #18870) (not #18780) (not #18834) (not #18715))) (c)

Worker 2 CUBE SIZE IN MAIN LOOP: 3
 Checking cube
(= (if (or #4240 #4941 #4949 #4953 #4963 #4980 #5012 #5031 #5040 #5048 #5056 #5822) (if #5869 #5897 467) (if #4940 #5858 224)) 417)
(or (if (or #2478 #2972) (not #3568) (not #3572)) (if (or #2478 #2972) (= #3567 0) (not #3582)) (not (or #2478 #2972 #3591)) (not (or #2478 #2972 #2985 #3596)) (not (or #2478 #2972 #2985 #2993 #3001 #3607)) (not (or #2478 #2972 #2985 #2993 #3001 #3009 #3615)) (not (or #2478 #2972 #2985 #2993 #3001 #3009 #3624)) (not (or #2478 #2972 #2985 #2993 #3001 #3009 #3013 #3020 #3632)) (not (or #2478 #2972 #2985 #2993 #3001 #3009 #3013 #3020 #3641)) (not (or #2478 #2972 #2985 #2993 #3001 #3009 #3013 #3020 #3025 #3051 #3653)) (not (or #2478 #2972 #2985 #2993 #3001 #3009 #3013 #3020 #3025 #3051 #3060 #3679)) (not (or #2478 #2972 #2985 #2993 #3001 #3009 #3013 #3020 #3025 #3051 #3060 #3068 #3076 #3084 #3093 #3102 ...)) (not (or #2478 #2972 #2985 #2993 #3001 #3009 #3013 #3020 #3025 #3051 #3060 #3068 #3696)) (not (or #2478 #2972 #2985 #2993 #3001 #3009 #3013 #3020 #3025 #3051 #3060 #3068 #3705)) (not (or #3709 #4358)))
(or (not (or #1803 #1840 #1895 #1914 #1922 #1928 #2009 #2022 #2342 #2344 #2368 #2382 #2399 #2407 #2414 #2421 ...)) (not (or #2042 #2344 #2480 #2488 #2490 #2496 #2502 #2511 #2517 #2523 #2529 #2538 #2545 #2547 #2549 #2551 ...)) (not (or #2478 #2983)) (not (or #2478 #2991)) (not (or #2344 #2478 #2480 #2999)) (not (or #2344 #2478 #2480 #2488 #3007)) (not (or #2042 #2344 #2478 #2480 #2488 #2490 #2496 #2502 #2511 #2517 #2523 #2529 #2538 #2545 #2547 #2549 ...)) (not (or #2042 #2344 #2478 #2480 #2488 #2490 #2496 #2502 #2511 #2517 #2523 #2529 #2538 #2545 #2547 #2549 ...)) (not (or #2042 #2344 #2478 #2480 #2488 #2490 #2496 #2502 #2511 #2517 #2523 #2529 #2538 #2545 #2547 #2549 ...)) (not (or #2344 #2478 #2480 #2488 #2490 #3049)) (not (or #2344 #2478 #2480 #2488 #2490 #3058)) (not (or #3068 #3677)))
with max_conflicts: 3375
Worker 0 CUBE SIZE IN MAIN LOOP: 3
 Checking cube
(not (= (if #5823 #5880 #5859) 417))
(or (if (or #2478 #2972) (not #3568) (not #3572)) (if (or #2478 #2972) (= #3567 0) (not #3582)) (not (or #2478 #2972 #3591)) (not (or #2478 #2972 #2985 #3596)) (not (or #2478 #2972 #2985 #2993 #3001 #3607)) (not (or #2478 #2972 #2985 #2993 #3001 #3009 #3615)) (not (or #2478 #2972 #2985 #2993 #3001 #3009 #3624)) (not (or #2478 #2972 #2985 #2993 #3001 #3009 #3013 #3020 #3632)) (not (or #2478 #2972 #2985 #2993 #3001 #3009 #3013 #3020 #3641)) (not (or #2478 #2972 #2985 #2993 #3001 #3009 #3013 #3020 #3025 #3051 #3653)) (not (or #2478 #2972 #2985 #2993 #3001 #3009 #3013 #3020 #3025 #3051 #3060 #3679)) (not (or #2478 #2972 #2985 #2993 #3001 #3009 #3013 #3020 #3025 #3051 #3060 #3068 #3076 #3084 #3093 #3102 ...)) (not (or #2478 #2972 #2985 #2993 #3001 #3009 #3013 #3020 #3025 #3051 #3060 #3068 #3696)) (not (or #2478 #2972 #2985 #2993 #3001 #3009 #3013 #3020 #3025 #3051 #3060 #3068 #3705)) (not (or #3709 #4358)))
(or (not (or #1803 #1840 #1895 #1914 #1922 #1928 #2009 #2022 #2342 #2344 #2368 #2382 #2399 #2407 #2414 #2421 ...)) (not (or #2042 #2344 #2480 #2488 #2490 #2496 #2502 #2511 #2517 #2523 #2529 #2538 #2545 #2547 #2549 #2551 ...)) (not (or #2478 #2983)) (not (or #2478 #2991)) (not (or #2344 #2478 #2480 #2999)) (not (or #2344 #2478 #2480 #2488 #3007)) (not (or #2042 #2344 #2478 #2480 #2488 #2490 #2496 #2502 #2511 #2517 #2523 #2529 #2538 #2545 #2547 #2549 ...)) (not (or #2042 #2344 #2478 #2480 #2488 #2490 #2496 #2502 #2511 #2517 #2523 #2529 #2538 #2545 #2547 #2549 ...)) (not (or #2042 #2344 #2478 #2480 #2488 #2490 #2496 #2502 #2511 #2517 #2523 #2529 #2538 #2545 #2547 #2549 ...)) (not (or #2344 #2478 #2480 #2488 #2490 #3049)) (not (or #2344 #2478 #2480 #2488 #2490 #3058)) (not (or #3068 #3677)))
with max_conflicts: 3375
Worker 3 DONE checking cube l_undef
Worker 3 found undef cube
Batch manager splitting on literal: (<= (+ (if #19290 0 143) (* -1 #13499)) 0)
null (o)
  (or (not (or #19362 #19286 #19227 #19263 #19187 #19259 #19192 #19219 #19211 #19123 #19136 #19139 #19060 #19065 #19069 #19106 ...)) (not (or #19093 #19123 #12678 #19000 #19054 #19052 #19101 #19014 #19018 #19022 #19055 #19034 #19050 #18947 #18948 #19048 ...)) (not (or #19089 #18274)) (not (or #19089 #18838)) (not (or #19123 #19089 #12678 #18882)) (not (or #19123 #19089 #12678 #19000 #18861)) (not (or #19093 #19123 #19089 #12678 #19000 #19054 #19052 #19101 #19014 #19018 #19022 #19055 #19034 #19050 #18947 #18948 ...)) (not (or #19093 #19123 #19089 #12678 #19000 #19054 #19052 #19101 #19014 #19018 #19022 #19055 #19034 #19050 #18947 #18948 ...)) (not (or #19093 #19123 #19089 #12678 #19000 #19054 #19052 #19101 #19014 #19018 #19022 #19055 #19034 #19050 #18947 #18948 ...)) (not (or #19123 #19089 #12678 #19000 #19054 #18809)) (not (or #19123 #19089 #12678 #19000 #19054 #18807)) (not (or #18832 #18714))) (o)
    (or (if (or #19089 #18932) (not #18645) (not #18649)) (if (or #19089 #18932) (= #18720 0) (not #18658)) (not (or #19089 #18932 #18666)) (not (or #19089 #18932 #18928 #18676)) (not (or #19089 #18932 #18928 #18244 #18858 #18608)) (not (or #19089 #18932 #18928 #18244 #18858 #18884 #18616)) (not (or #19089 #18932 #18928 #18244 #18858 #18884 #18629)) (not (or #19089 #18932 #18928 #18244 #18858 #18884 #18865 #18868 #18637)) (not (or #19089 #18932 #18928 #18244 #18858 #18884 #18865 #18868 #18570)) (not (or #19089 #18932 #18928 #18244 #18858 #18884 #18865 #18868 #18265 #18782 #18578)) (not (or #19089 #18932 #18928 #18244 #18858 #18884 #18865 #18868 #18265 #18782 #18783 #18716)) (not (or #19089 #18932 #18928 #18244 #18858 #18884 #18865 #18868 #18265 #18782 #18783 #18832 #18875 #18794 #18798 #18811 ...)) (not (or #19089 #18932 #18928 #18244 #18858 #18884 #18865 #18868 #18265 #18782 #18783 #18832 #18596)) (not (or #19089 #18932 #18928 #18244 #18858 #18884 #18865 #18868 #18265 #18782 #18783 #18832 #18605)) (not (or #18535 #18144))) (o)
      (= (if (or #18281 #21081 #21091 #21053 #21063 #20962 #20930 #20911 #20823 #20790 #20592 #14346) (if #14209 #13303 467) (if #21079 #13638 224)) 417) (a)
      (not (= (if #14347 #13304 #13639) 417)) (a)
    (not (or (if #18719 #18646 #18650) (if #18719 #18645 #18659) (not #18669) (not #18677) (not #18609) (not #18617) (not #18630) (not #18638) (not #18571) (not #18579) (not #18717) (not #18589) (not #18597) (not #18606) (not #18205))) (c)
  (not (or (not #19110) (not #18852) (not #18276) (not #18243) (not #18887) (not #18862) (not #18269) (not #18867) (not #18870) (not #18780) (not #18834) (not #18715))) (c)

Worker 3 CUBE SIZE IN MAIN LOOP: 3
 Checking cube
(= (if (or #4240 #4941 #4949 #4953 #4963 #4980 #5012 #5031 #5040 #5048 #5056 #5822) (if #5869 #5897 467) (if #4940 #5858 224)) 417)
(or (if (or #2478 #2972) (not #3568) (not #3572)) (if (or #2478 #2972) (= #3567 0) (not #3582)) (not (or #2478 #2972 #3591)) (not (or #2478 #2972 #2985 #3596)) (not (or #2478 #2972 #2985 #2993 #3001 #3607)) (not (or #2478 #2972 #2985 #2993 #3001 #3009 #3615)) (not (or #2478 #2972 #2985 #2993 #3001 #3009 #3624)) (not (or #2478 #2972 #2985 #2993 #3001 #3009 #3013 #3020 #3632)) (not (or #2478 #2972 #2985 #2993 #3001 #3009 #3013 #3020 #3641)) (not (or #2478 #2972 #2985 #2993 #3001 #3009 #3013 #3020 #3025 #3051 #3653)) (not (or #2478 #2972 #2985 #2993 #3001 #3009 #3013 #3020 #3025 #3051 #3060 #3679)) (not (or #2478 #2972 #2985 #2993 #3001 #3009 #3013 #3020 #3025 #3051 #3060 #3068 #3076 #3084 #3093 #3102 ...)) (not (or #2478 #2972 #2985 #2993 #3001 #3009 #3013 #3020 #3025 #3051 #3060 #3068 #3696)) (not (or #2478 #2972 #2985 #2993 #3001 #3009 #3013 #3020 #3025 #3051 #3060 #3068 #3705)) (not (or #3709 #4358)))
(or (not (or #1803 #1840 #1895 #1914 #1922 #1928 #2009 #2022 #2342 #2344 #2368 #2382 #2399 #2407 #2414 #2421 ...)) (not (or #2042 #2344 #2480 #2488 #2490 #2496 #2502 #2511 #2517 #2523 #2529 #2538 #2545 #2547 #2549 #2551 ...)) (not (or #2478 #2983)) (not (or #2478 #2991)) (not (or #2344 #2478 #2480 #2999)) (not (or #2344 #2478 #2480 #2488 #3007)) (not (or #2042 #2344 #2478 #2480 #2488 #2490 #2496 #2502 #2511 #2517 #2523 #2529 #2538 #2545 #2547 #2549 ...)) (not (or #2042 #2344 #2478 #2480 #2488 #2490 #2496 #2502 #2511 #2517 #2523 #2529 #2538 #2545 #2547 #2549 ...)) (not (or #2042 #2344 #2478 #2480 #2488 #2490 #2496 #2502 #2511 #2517 #2523 #2529 #2538 #2545 #2547 #2549 ...)) (not (or #2344 #2478 #2480 #2488 #2490 #3049)) (not (or #2344 #2478 #2480 #2488 #2490 #3058)) (not (or #3068 #3677)))
with max_conflicts: 3375
Worker 1 DONE checking cube l_false
Worker 1 found unsat cube
Batch manager backtracking.
(or (not (or #1803 #1840 #1895 #1914 #1922 #1928 #2009 #2022 #2342 #2344 #2368 #2382 #2399 #2407 #2414 #2421 ...)) (not (or #2042 #2344 #2480 #2488 #2490 #2496 #2502 #2511 #2517 #2523 #2529 #2538 #2545 #2547 #2549 #2551 ...)) (not (or #2478 #2983)) (not (or #2478 #2991)) (not (or #2344 #2478 #2480 #2999)) (not (or #2344 #2478 #2480 #2488 #3007)) (not (or #2042 #2344 #2478 #2480 #2488 #2490 #2496 #2502 #2511 #2517 #2523 #2529 #2538 #2545 #2547 #2549 ...)) (not (or #2042 #2344 #2478 #2480 #2488 #2490 #2496 #2502 #2511 #2517 #2523 #2529 #2538 #2545 #2547 #2549 ...)) (not (or #2042 #2344 #2478 #2480 #2488 #2490 #2496 #2502 #2511 #2517 #2523 #2529 #2538 #2545 #2547 #2549 ...)) (not (or #2344 #2478 #2480 #2488 #2490 #3049)) (not (or #2344 #2478 #2480 #2488 #2490 #3058)) (not (or #3068 #3677)))
(or (if (or #2478 #2972) (not #3568) (not #3572)) (if (or #2478 #2972) (= #3567 0) (not #3582)) (not (or #2478 #2972 #3591)) (not (or #2478 #2972 #2985 #3596)) (not (or #2478 #2972 #2985 #2993 #3001 #3607)) (not (or #2478 #2972 #2985 #2993 #3001 #3009 #3615)) (not (or #2478 #2972 #2985 #2993 #3001 #3009 #3624)) (not (or #2478 #2972 #2985 #2993 #3001 #3009 #3013 #3020 #3632)) (not (or #2478 #2972 #2985 #2993 #3001 #3009 #3013 #3020 #3641)) (not (or #2478 #2972 #2985 #2993 #3001 #3009 #3013 #3020 #3025 #3051 #3653)) (not (or #2478 #2972 #2985 #2993 #3001 #3009 #3013 #3020 #3025 #3051 #3060 #3679)) (not (or #2478 #2972 #2985 #2993 #3001 #3009 #3013 #3020 #3025 #3051 #3060 #3068 #3076 #3084 #3093 #3102 ...)) (not (or #2478 #2972 #2985 #2993 #3001 #3009 #3013 #3020 #3025 #3051 #3060 #3068 #3696)) (not (or #2478 #2972 #2985 #2993 #3001 #3009 #3013 #3020 #3025 #3051 #3060 #3068 #3705)) (not (or #3709 #4358)))
(= (if (or #4240 #4941 #4949 #4953 #4963 #4980 #5012 #5031 #5040 #5048 #5056 #5822) (if #5869 #5897 467) (if #4940 #5858 224)) 417)

null (o)
  (or (not (or #19362 #19286 #19227 #19263 #19187 #19259 #19192 #19219 #19211 #19123 #19136 #19139 #19060 #19065 #19069 #19106 ...)) (not (or #19093 #19123 #12678 #19000 #19054 #19052 #19101 #19014 #19018 #19022 #19055 #19034 #19050 #18947 #18948 #19048 ...)) (not (or #19089 #18274)) (not (or #19089 #18838)) (not (or #19123 #19089 #12678 #18882)) (not (or #19123 #19089 #12678 #19000 #18861)) (not (or #19093 #19123 #19089 #12678 #19000 #19054 #19052 #19101 #19014 #19018 #19022 #19055 #19034 #19050 #18947 #18948 ...)) (not (or #19093 #19123 #19089 #12678 #19000 #19054 #19052 #19101 #19014 #19018 #19022 #19055 #19034 #19050 #18947 #18948 ...)) (not (or #19093 #19123 #19089 #12678 #19000 #19054 #19052 #19101 #19014 #19018 #19022 #19055 #19034 #19050 #18947 #18948 ...)) (not (or #19123 #19089 #12678 #19000 #19054 #18809)) (not (or #19123 #19089 #12678 #19000 #19054 #18807)) (not (or #18832 #18714))) (o)
    (or (if (or #19089 #18932) (not #18645) (not #18649)) (if (or #19089 #18932) (= #18720 0) (not #18658)) (not (or #19089 #18932 #18666)) (not (or #19089 #18932 #18928 #18676)) (not (or #19089 #18932 #18928 #18244 #18858 #18608)) (not (or #19089 #18932 #18928 #18244 #18858 #18884 #18616)) (not (or #19089 #18932 #18928 #18244 #18858 #18884 #18629)) (not (or #19089 #18932 #18928 #18244 #18858 #18884 #18865 #18868 #18637)) (not (or #19089 #18932 #18928 #18244 #18858 #18884 #18865 #18868 #18570)) (not (or #19089 #18932 #18928 #18244 #18858 #18884 #18865 #18868 #18265 #18782 #18578)) (not (or #19089 #18932 #18928 #18244 #18858 #18884 #18865 #18868 #18265 #18782 #18783 #18716)) (not (or #19089 #18932 #18928 #18244 #18858 #18884 #18865 #18868 #18265 #18782 #18783 #18832 #18875 #18794 #18798 #18811 ...)) (not (or #19089 #18932 #18928 #18244 #18858 #18884 #18865 #18868 #18265 #18782 #18783 #18832 #18596)) (not (or #19089 #18932 #18928 #18244 #18858 #18884 #18865 #18868 #18265 #18782 #18783 #18832 #18605)) (not (or #18535 #18144))) (o)
      (= (if (or #18281 #21081 #21091 #21053 #21063 #20962 #20930 #20911 #20823 #20790 #20592 #14346) (if #14209 #13303 467) (if #21079 #13638 224)) 417) (c)
      (not (= (if #14347 #13304 #13639) 417)) (a)
    (not (or (if #18719 #18646 #18650) (if #18719 #18645 #18659) (not #18669) (not #18677) (not #18609) (not #18617) (not #18630) (not #18638) (not #18571) (not #18579) (not #18717) (not #18589) (not #18597) (not #18606) (not #18205))) (c)
  (not (or (not #19110) (not #18852) (not #18276) (not #18243) (not #18887) (not #18862) (not #18269) (not #18867) (not #18870) (not #18780) (not #18834) (not #18715))) (c)
null (o)
  (or (not (or #19362 #19286 #19227 #19263 #19187 #19259 #19192 #19219 #19211 #19123 #19136 #19139 #19060 #19065 #19069 #19106 ...)) (not (or #19093 #19123 #12678 #19000 #19054 #19052 #19101 #19014 #19018 #19022 #19055 #19034 #19050 #18947 #18948 #19048 ...)) (not (or #19089 #18274)) (not (or #19089 #18838)) (not (or #19123 #19089 #12678 #18882)) (not (or #19123 #19089 #12678 #19000 #18861)) (not (or #19093 #19123 #19089 #12678 #19000 #19054 #19052 #19101 #19014 #19018 #19022 #19055 #19034 #19050 #18947 #18948 ...)) (not (or #19093 #19123 #19089 #12678 #19000 #19054 #19052 #19101 #19014 #19018 #19022 #19055 #19034 #19050 #18947 #18948 ...)) (not (or #19093 #19123 #19089 #12678 #19000 #19054 #19052 #19101 #19014 #19018 #19022 #19055 #19034 #19050 #18947 #18948 ...)) (not (or #19123 #19089 #12678 #19000 #19054 #18809)) (not (or #19123 #19089 #12678 #19000 #19054 #18807)) (not (or #18832 #18714))) (o)
    (or (if (or #19089 #18932) (not #18645) (not #18649)) (if (or #19089 #18932) (= #18720 0) (not #18658)) (not (or #19089 #18932 #18666)) (not (or #19089 #18932 #18928 #18676)) (not (or #19089 #18932 #18928 #18244 #18858 #18608)) (not (or #19089 #18932 #18928 #18244 #18858 #18884 #18616)) (not (or #19089 #18932 #18928 #18244 #18858 #18884 #18629)) (not (or #19089 #18932 #18928 #18244 #18858 #18884 #18865 #18868 #18637)) (not (or #19089 #18932 #18928 #18244 #18858 #18884 #18865 #18868 #18570)) (not (or #19089 #18932 #18928 #18244 #18858 #18884 #18865 #18868 #18265 #18782 #18578)) (not (or #19089 #18932 #18928 #18244 #18858 #18884 #18865 #18868 #18265 #18782 #18783 #18716)) (not (or #19089 #18932 #18928 #18244 #18858 #18884 #18865 #18868 #18265 #18782 #18783 #18832 #18875 #18794 #18798 #18811 ...)) (not (or #19089 #18932 #18928 #18244 #18858 #18884 #18865 #18868 #18265 #18782 #18783 #18832 #18596)) (not (or #19089 #18932 #18928 #18244 #18858 #18884 #18865 #18868 #18265 #18782 #18783 #18832 #18605)) (not (or #18535 #18144))) (o)
      (= (if (or #18281 #21081 #21091 #21053 #21063 #20962 #20930 #20911 #20823 #20790 #20592 #14346) (if #14209 #13303 467) (if #21079 #13638 224)) 417) (c)
      (not (= (if #14347 #13304 #13639) 417)) (a)
    (not (or (if #18719 #18646 #18650) (if #18719 #18645 #18659) (not #18669) (not #18677) (not #18609) (not #18617) (not #18630) (not #18638) (not #18571) (not #18579) (not #18717) (not #18589) (not #18597) (not #18606) (not #18205))) (c)
  (not (or (not #19110) (not #18852) (not #18276) (not #18243) (not #18887) (not #18862) (not #18269) (not #18867) (not #18870) (not #18780) (not #18834) (not #18715))) (c)

Worker 1 CUBE SIZE IN MAIN LOOP: 3
 Checking cube
(not (= (if #5823 #5880 #5859) 417))
(or (if (or #2478 #2972) (not #3568) (not #3572)) (if (or #2478 #2972) (= #3567 0) (not #3582)) (not (or #2478 #2972 #3591)) (not (or #2478 #2972 #2985 #3596)) (not (or #2478 #2972 #2985 #2993 #3001 #3607)) (not (or #2478 #2972 #2985 #2993 #3001 #3009 #3615)) (not (or #2478 #2972 #2985 #2993 #3001 #3009 #3624)) (not (or #2478 #2972 #2985 #2993 #3001 #3009 #3013 #3020 #3632)) (not (or #2478 #2972 #2985 #2993 #3001 #3009 #3013 #3020 #3641)) (not (or #2478 #2972 #2985 #2993 #3001 #3009 #3013 #3020 #3025 #3051 #3653)) (not (or #2478 #2972 #2985 #2993 #3001 #3009 #3013 #3020 #3025 #3051 #3060 #3679)) (not (or #2478 #2972 #2985 #2993 #3001 #3009 #3013 #3020 #3025 #3051 #3060 #3068 #3076 #3084 #3093 #3102 ...)) (not (or #2478 #2972 #2985 #2993 #3001 #3009 #3013 #3020 #3025 #3051 #3060 #3068 #3696)) (not (or #2478 #2972 #2985 #2993 #3001 #3009 #3013 #3020 #3025 #3051 #3060 #3068 #3705)) (not (or #3709 #4358)))
(or (not (or #1803 #1840 #1895 #1914 #1922 #1928 #2009 #2022 #2342 #2344 #2368 #2382 #2399 #2407 #2414 #2421 ...)) (not (or #2042 #2344 #2480 #2488 #2490 #2496 #2502 #2511 #2517 #2523 #2529 #2538 #2545 #2547 #2549 #2551 ...)) (not (or #2478 #2983)) (not (or #2478 #2991)) (not (or #2344 #2478 #2480 #2999)) (not (or #2344 #2478 #2480 #2488 #3007)) (not (or #2042 #2344 #2478 #2480 #2488 #2490 #2496 #2502 #2511 #2517 #2523 #2529 #2538 #2545 #2547 #2549 ...)) (not (or #2042 #2344 #2478 #2480 #2488 #2490 #2496 #2502 #2511 #2517 #2523 #2529 #2538 #2545 #2547 #2549 ...)) (not (or #2042 #2344 #2478 #2480 #2488 #2490 #2496 #2502 #2511 #2517 #2523 #2529 #2538 #2545 #2547 #2549 ...)) (not (or #2344 #2478 #2480 #2488 #2490 #3049)) (not (or #2344 #2478 #2480 #2488 #2490 #3058)) (not (or #3068 #3677)))
with max_conflicts: 3375
Worker 3 DONE checking cube l_false
Worker 3 found unsat cube
Batch manager backtracking.
(or (not (or #1803 #1840 #1895 #1914 #1922 #1928 #2009 #2022 #2342 #2344 #2368 #2382 #2399 #2407 #2414 #2421 ...)) (not (or #2042 #2344 #2480 #2488 #2490 #2496 #2502 #2511 #2517 #2523 #2529 #2538 #2545 #2547 #2549 #2551 ...)) (not (or #2478 #2983)) (not (or #2478 #2991)) (not (or #2344 #2478 #2480 #2999)) (not (or #2344 #2478 #2480 #2488 #3007)) (not (or #2042 #2344 #2478 #2480 #2488 #2490 #2496 #2502 #2511 #2517 #2523 #2529 #2538 #2545 #2547 #2549 ...)) (not (or #2042 #2344 #2478 #2480 #2488 #2490 #2496 #2502 #2511 #2517 #2523 #2529 #2538 #2545 #2547 #2549 ...)) (not (or #2042 #2344 #2478 #2480 #2488 #2490 #2496 #2502 #2511 #2517 #2523 #2529 #2538 #2545 #2547 #2549 ...)) (not (or #2344 #2478 #2480 #2488 #2490 #3049)) (not (or #2344 #2478 #2480 #2488 #2490 #3058)) (not (or #3068 #3677)))
(or (if (or #2478 #2972) (not #3568) (not #3572)) (if (or #2478 #2972) (= #3567 0) (not #3582)) (not (or #2478 #2972 #3591)) (not (or #2478 #2972 #2985 #3596)) (not (or #2478 #2972 #2985 #2993 #3001 #3607)) (not (or #2478 #2972 #2985 #2993 #3001 #3009 #3615)) (not (or #2478 #2972 #2985 #2993 #3001 #3009 #3624)) (not (or #2478 #2972 #2985 #2993 #3001 #3009 #3013 #3020 #3632)) (not (or #2478 #2972 #2985 #2993 #3001 #3009 #3013 #3020 #3641)) (not (or #2478 #2972 #2985 #2993 #3001 #3009 #3013 #3020 #3025 #3051 #3653)) (not (or #2478 #2972 #2985 #2993 #3001 #3009 #3013 #3020 #3025 #3051 #3060 #3679)) (not (or #2478 #2972 #2985 #2993 #3001 #3009 #3013 #3020 #3025 #3051 #3060 #3068 #3076 #3084 #3093 #3102 ...)) (not (or #2478 #2972 #2985 #2993 #3001 #3009 #3013 #3020 #3025 #3051 #3060 #3068 #3696)) (not (or #2478 #2972 #2985 #2993 #3001 #3009 #3013 #3020 #3025 #3051 #3060 #3068 #3705)) (not (or #3709 #4358)))
(= (if (or #4240 #4941 #4949 #4953 #4963 #4980 #5012 #5031 #5040 #5048 #5056 #5822) (if #5869 #5897 467) (if #4940 #5858 224)) 417)

null (o)
  (or (not (or #19362 #19286 #19227 #19263 #19187 #19259 #19192 #19219 #19211 #19123 #19136 #19139 #19060 #19065 #19069 #19106 ...)) (not (or #19093 #19123 #12678 #19000 #19054 #19052 #19101 #19014 #19018 #19022 #19055 #19034 #19050 #18947 #18948 #19048 ...)) (not (or #19089 #18274)) (not (or #19089 #18838)) (not (or #19123 #19089 #12678 #18882)) (not (or #19123 #19089 #12678 #19000 #18861)) (not (or #19093 #19123 #19089 #12678 #19000 #19054 #19052 #19101 #19014 #19018 #19022 #19055 #19034 #19050 #18947 #18948 ...)) (not (or #19093 #19123 #19089 #12678 #19000 #19054 #19052 #19101 #19014 #19018 #19022 #19055 #19034 #19050 #18947 #18948 ...)) (not (or #19093 #19123 #19089 #12678 #19000 #19054 #19052 #19101 #19014 #19018 #19022 #19055 #19034 #19050 #18947 #18948 ...)) (not (or #19123 #19089 #12678 #19000 #19054 #18809)) (not (or #19123 #19089 #12678 #19000 #19054 #18807)) (not (or #18832 #18714))) (o)
    (or (if (or #19089 #18932) (not #18645) (not #18649)) (if (or #19089 #18932) (= #18720 0) (not #18658)) (not (or #19089 #18932 #18666)) (not (or #19089 #18932 #18928 #18676)) (not (or #19089 #18932 #18928 #18244 #18858 #18608)) (not (or #19089 #18932 #18928 #18244 #18858 #18884 #18616)) (not (or #19089 #18932 #18928 #18244 #18858 #18884 #18629)) (not (or #19089 #18932 #18928 #18244 #18858 #18884 #18865 #18868 #18637)) (not (or #19089 #18932 #18928 #18244 #18858 #18884 #18865 #18868 #18570)) (not (or #19089 #18932 #18928 #18244 #18858 #18884 #18865 #18868 #18265 #18782 #18578)) (not (or #19089 #18932 #18928 #18244 #18858 #18884 #18865 #18868 #18265 #18782 #18783 #18716)) (not (or #19089 #18932 #18928 #18244 #18858 #18884 #18865 #18868 #18265 #18782 #18783 #18832 #18875 #18794 #18798 #18811 ...)) (not (or #19089 #18932 #18928 #18244 #18858 #18884 #18865 #18868 #18265 #18782 #18783 #18832 #18596)) (not (or #19089 #18932 #18928 #18244 #18858 #18884 #18865 #18868 #18265 #18782 #18783 #18832 #18605)) (not (or #18535 #18144))) (o)
      (= (if (or #18281 #21081 #21091 #21053 #21063 #20962 #20930 #20911 #20823 #20790 #20592 #14346) (if #14209 #13303 467) (if #21079 #13638 224)) 417) (c)
      (not (= (if #14347 #13304 #13639) 417)) (a)
    (not (or (if #18719 #18646 #18650) (if #18719 #18645 #18659) (not #18669) (not #18677) (not #18609) (not #18617) (not #18630) (not #18638) (not #18571) (not #18579) (not #18717) (not #18589) (not #18597) (not #18606) (not #18205))) (c)
  (not (or (not #19110) (not #18852) (not #18276) (not #18243) (not #18887) (not #18862) (not #18269) (not #18867) (not #18870) (not #18780) (not #18834) (not #18715))) (c)
null (o)
  (or (not (or #19362 #19286 #19227 #19263 #19187 #19259 #19192 #19219 #19211 #19123 #19136 #19139 #19060 #19065 #19069 #19106 ...)) (not (or #19093 #19123 #12678 #19000 #19054 #19052 #19101 #19014 #19018 #19022 #19055 #19034 #19050 #18947 #18948 #19048 ...)) (not (or #19089 #18274)) (not (or #19089 #18838)) (not (or #19123 #19089 #12678 #18882)) (not (or #19123 #19089 #12678 #19000 #18861)) (not (or #19093 #19123 #19089 #12678 #19000 #19054 #19052 #19101 #19014 #19018 #19022 #19055 #19034 #19050 #18947 #18948 ...)) (not (or #19093 #19123 #19089 #12678 #19000 #19054 #19052 #19101 #19014 #19018 #19022 #19055 #19034 #19050 #18947 #18948 ...)) (not (or #19093 #19123 #19089 #12678 #19000 #19054 #19052 #19101 #19014 #19018 #19022 #19055 #19034 #19050 #18947 #18948 ...)) (not (or #19123 #19089 #12678 #19000 #19054 #18809)) (not (or #19123 #19089 #12678 #19000 #19054 #18807)) (not (or #18832 #18714))) (o)
    (or (if (or #19089 #18932) (not #18645) (not #18649)) (if (or #19089 #18932) (= #18720 0) (not #18658)) (not (or #19089 #18932 #18666)) (not (or #19089 #18932 #18928 #18676)) (not (or #19089 #18932 #18928 #18244 #18858 #18608)) (not (or #19089 #18932 #18928 #18244 #18858 #18884 #18616)) (not (or #19089 #18932 #18928 #18244 #18858 #18884 #18629)) (not (or #19089 #18932 #18928 #18244 #18858 #18884 #18865 #18868 #18637)) (not (or #19089 #18932 #18928 #18244 #18858 #18884 #18865 #18868 #18570)) (not (or #19089 #18932 #18928 #18244 #18858 #18884 #18865 #18868 #18265 #18782 #18578)) (not (or #19089 #18932 #18928 #18244 #18858 #18884 #18865 #18868 #18265 #18782 #18783 #18716)) (not (or #19089 #18932 #18928 #18244 #18858 #18884 #18865 #18868 #18265 #18782 #18783 #18832 #18875 #18794 #18798 #18811 ...)) (not (or #19089 #18932 #18928 #18244 #18858 #18884 #18865 #18868 #18265 #18782 #18783 #18832 #18596)) (not (or #19089 #18932 #18928 #18244 #18858 #18884 #18865 #18868 #18265 #18782 #18783 #18832 #18605)) (not (or #18535 #18144))) (o)
      (= (if (or #18281 #21081 #21091 #21053 #21063 #20962 #20930 #20911 #20823 #20790 #20592 #14346) (if #14209 #13303 467) (if #21079 #13638 224)) 417) (c)
      (not (= (if #14347 #13304 #13639) 417)) (a)
    (not (or (if #18719 #18646 #18650) (if #18719 #18645 #18659) (not #18669) (not #18677) (not #18609) (not #18617) (not #18630) (not #18638) (not #18571) (not #18579) (not #18717) (not #18589) (not #18597) (not #18606) (not #18205))) (c)
  (not (or (not #19110) (not #18852) (not #18276) (not #18243) (not #18887) (not #18862) (not #18269) (not #18867) (not #18870) (not #18780) (not #18834) (not #18715))) (c)

Worker 3 CUBE SIZE IN MAIN LOOP: 3
 Checking cube
(not (= (if #5823 #5880 #5859) 417))
(or (if (or #2478 #2972) (not #3568) (not #3572)) (if (or #2478 #2972) (= #3567 0) (not #3582)) (not (or #2478 #2972 #3591)) (not (or #2478 #2972 #2985 #3596)) (not (or #2478 #2972 #2985 #2993 #3001 #3607)) (not (or #2478 #2972 #2985 #2993 #3001 #3009 #3615)) (not (or #2478 #2972 #2985 #2993 #3001 #3009 #3624)) (not (or #2478 #2972 #2985 #2993 #3001 #3009 #3013 #3020 #3632)) (not (or #2478 #2972 #2985 #2993 #3001 #3009 #3013 #3020 #3641)) (not (or #2478 #2972 #2985 #2993 #3001 #3009 #3013 #3020 #3025 #3051 #3653)) (not (or #2478 #2972 #2985 #2993 #3001 #3009 #3013 #3020 #3025 #3051 #3060 #3679)) (not (or #2478 #2972 #2985 #2993 #3001 #3009 #3013 #3020 #3025 #3051 #3060 #3068 #3076 #3084 #3093 #3102 ...)) (not (or #2478 #2972 #2985 #2993 #3001 #3009 #3013 #3020 #3025 #3051 #3060 #3068 #3696)) (not (or #2478 #2972 #2985 #2993 #3001 #3009 #3013 #3020 #3025 #3051 #3060 #3068 #3705)) (not (or #3709 #4358)))
(or (not (or #1803 #1840 #1895 #1914 #1922 #1928 #2009 #2022 #2342 #2344 #2368 #2382 #2399 #2407 #2414 #2421 ...)) (not (or #2042 #2344 #2480 #2488 #2490 #2496 #2502 #2511 #2517 #2523 #2529 #2538 #2545 #2547 #2549 #2551 ...)) (not (or #2478 #2983)) (not (or #2478 #2991)) (not (or #2344 #2478 #2480 #2999)) (not (or #2344 #2478 #2480 #2488 #3007)) (not (or #2042 #2344 #2478 #2480 #2488 #2490 #2496 #2502 #2511 #2517 #2523 #2529 #2538 #2545 #2547 #2549 ...)) (not (or #2042 #2344 #2478 #2480 #2488 #2490 #2496 #2502 #2511 #2517 #2523 #2529 #2538 #2545 #2547 #2549 ...)) (not (or #2042 #2344 #2478 #2480 #2488 #2490 #2496 #2502 #2511 #2517 #2523 #2529 #2538 #2545 #2547 #2549 ...)) (not (or #2344 #2478 #2480 #2488 #2490 #3049)) (not (or #2344 #2478 #2480 #2488 #2490 #3058)) (not (or #3068 #3677)))
with max_conflicts: 3375
Worker 2 DONE checking cube l_false
Worker 2 found unsat cube
Batch manager backtracking.
(or (not (or #1803 #1840 #1895 #1914 #1922 #1928 #2009 #2022 #2342 #2344 #2368 #2382 #2399 #2407 #2414 #2421 ...)) (not (or #2042 #2344 #2480 #2488 #2490 #2496 #2502 #2511 #2517 #2523 #2529 #2538 #2545 #2547 #2549 #2551 ...)) (not (or #2478 #2983)) (not (or #2478 #2991)) (not (or #2344 #2478 #2480 #2999)) (not (or #2344 #2478 #2480 #2488 #3007)) (not (or #2042 #2344 #2478 #2480 #2488 #2490 #2496 #2502 #2511 #2517 #2523 #2529 #2538 #2545 #2547 #2549 ...)) (not (or #2042 #2344 #2478 #2480 #2488 #2490 #2496 #2502 #2511 #2517 #2523 #2529 #2538 #2545 #2547 #2549 ...)) (not (or #2042 #2344 #2478 #2480 #2488 #2490 #2496 #2502 #2511 #2517 #2523 #2529 #2538 #2545 #2547 #2549 ...)) (not (or #2344 #2478 #2480 #2488 #2490 #3049)) (not (or #2344 #2478 #2480 #2488 #2490 #3058)) (not (or #3068 #3677)))
(or (if (or #2478 #2972) (not #3568) (not #3572)) (if (or #2478 #2972) (= #3567 0) (not #3582)) (not (or #2478 #2972 #3591)) (not (or #2478 #2972 #2985 #3596)) (not (or #2478 #2972 #2985 #2993 #3001 #3607)) (not (or #2478 #2972 #2985 #2993 #3001 #3009 #3615)) (not (or #2478 #2972 #2985 #2993 #3001 #3009 #3624)) (not (or #2478 #2972 #2985 #2993 #3001 #3009 #3013 #3020 #3632)) (not (or #2478 #2972 #2985 #2993 #3001 #3009 #3013 #3020 #3641)) (not (or #2478 #2972 #2985 #2993 #3001 #3009 #3013 #3020 #3025 #3051 #3653)) (not (or #2478 #2972 #2985 #2993 #3001 #3009 #3013 #3020 #3025 #3051 #3060 #3679)) (not (or #2478 #2972 #2985 #2993 #3001 #3009 #3013 #3020 #3025 #3051 #3060 #3068 #3076 #3084 #3093 #3102 ...)) (not (or #2478 #2972 #2985 #2993 #3001 #3009 #3013 #3020 #3025 #3051 #3060 #3068 #3696)) (not (or #2478 #2972 #2985 #2993 #3001 #3009 #3013 #3020 #3025 #3051 #3060 #3068 #3705)) (not (or #3709 #4358)))
(= (if (or #4240 #4941 #4949 #4953 #4963 #4980 #5012 #5031 #5040 #5048 #5056 #5822) (if #5869 #5897 467) (if #4940 #5858 224)) 417)

null (o)
  (or (not (or #19362 #19286 #19227 #19263 #19187 #19259 #19192 #19219 #19211 #19123 #19136 #19139 #19060 #19065 #19069 #19106 ...)) (not (or #19093 #19123 #12678 #19000 #19054 #19052 #19101 #19014 #19018 #19022 #19055 #19034 #19050 #18947 #18948 #19048 ...)) (not (or #19089 #18274)) (not (or #19089 #18838)) (not (or #19123 #19089 #12678 #18882)) (not (or #19123 #19089 #12678 #19000 #18861)) (not (or #19093 #19123 #19089 #12678 #19000 #19054 #19052 #19101 #19014 #19018 #19022 #19055 #19034 #19050 #18947 #18948 ...)) (not (or #19093 #19123 #19089 #12678 #19000 #19054 #19052 #19101 #19014 #19018 #19022 #19055 #19034 #19050 #18947 #18948 ...)) (not (or #19093 #19123 #19089 #12678 #19000 #19054 #19052 #19101 #19014 #19018 #19022 #19055 #19034 #19050 #18947 #18948 ...)) (not (or #19123 #19089 #12678 #19000 #19054 #18809)) (not (or #19123 #19089 #12678 #19000 #19054 #18807)) (not (or #18832 #18714))) (o)
    (or (if (or #19089 #18932) (not #18645) (not #18649)) (if (or #19089 #18932) (= #18720 0) (not #18658)) (not (or #19089 #18932 #18666)) (not (or #19089 #18932 #18928 #18676)) (not (or #19089 #18932 #18928 #18244 #18858 #18608)) (not (or #19089 #18932 #18928 #18244 #18858 #18884 #18616)) (not (or #19089 #18932 #18928 #18244 #18858 #18884 #18629)) (not (or #19089 #18932 #18928 #18244 #18858 #18884 #18865 #18868 #18637)) (not (or #19089 #18932 #18928 #18244 #18858 #18884 #18865 #18868 #18570)) (not (or #19089 #18932 #18928 #18244 #18858 #18884 #18865 #18868 #18265 #18782 #18578)) (not (or #19089 #18932 #18928 #18244 #18858 #18884 #18865 #18868 #18265 #18782 #18783 #18716)) (not (or #19089 #18932 #18928 #18244 #18858 #18884 #18865 #18868 #18265 #18782 #18783 #18832 #18875 #18794 #18798 #18811 ...)) (not (or #19089 #18932 #18928 #18244 #18858 #18884 #18865 #18868 #18265 #18782 #18783 #18832 #18596)) (not (or #19089 #18932 #18928 #18244 #18858 #18884 #18865 #18868 #18265 #18782 #18783 #18832 #18605)) (not (or #18535 #18144))) (o)
      (= (if (or #18281 #21081 #21091 #21053 #21063 #20962 #20930 #20911 #20823 #20790 #20592 #14346) (if #14209 #13303 467) (if #21079 #13638 224)) 417) (c)
      (not (= (if #14347 #13304 #13639) 417)) (a)
    (not (or (if #18719 #18646 #18650) (if #18719 #18645 #18659) (not #18669) (not #18677) (not #18609) (not #18617) (not #18630) (not #18638) (not #18571) (not #18579) (not #18717) (not #18589) (not #18597) (not #18606) (not #18205))) (c)
  (not (or (not #19110) (not #18852) (not #18276) (not #18243) (not #18887) (not #18862) (not #18269) (not #18867) (not #18870) (not #18780) (not #18834) (not #18715))) (c)
null (o)
  (or (not (or #19362 #19286 #19227 #19263 #19187 #19259 #19192 #19219 #19211 #19123 #19136 #19139 #19060 #19065 #19069 #19106 ...)) (not (or #19093 #19123 #12678 #19000 #19054 #19052 #19101 #19014 #19018 #19022 #19055 #19034 #19050 #18947 #18948 #19048 ...)) (not (or #19089 #18274)) (not (or #19089 #18838)) (not (or #19123 #19089 #12678 #18882)) (not (or #19123 #19089 #12678 #19000 #18861)) (not (or #19093 #19123 #19089 #12678 #19000 #19054 #19052 #19101 #19014 #19018 #19022 #19055 #19034 #19050 #18947 #18948 ...)) (not (or #19093 #19123 #19089 #12678 #19000 #19054 #19052 #19101 #19014 #19018 #19022 #19055 #19034 #19050 #18947 #18948 ...)) (not (or #19093 #19123 #19089 #12678 #19000 #19054 #19052 #19101 #19014 #19018 #19022 #19055 #19034 #19050 #18947 #18948 ...)) (not (or #19123 #19089 #12678 #19000 #19054 #18809)) (not (or #19123 #19089 #12678 #19000 #19054 #18807)) (not (or #18832 #18714))) (o)
    (or (if (or #19089 #18932) (not #18645) (not #18649)) (if (or #19089 #18932) (= #18720 0) (not #18658)) (not (or #19089 #18932 #18666)) (not (or #19089 #18932 #18928 #18676)) (not (or #19089 #18932 #18928 #18244 #18858 #18608)) (not (or #19089 #18932 #18928 #18244 #18858 #18884 #18616)) (not (or #19089 #18932 #18928 #18244 #18858 #18884 #18629)) (not (or #19089 #18932 #18928 #18244 #18858 #18884 #18865 #18868 #18637)) (not (or #19089 #18932 #18928 #18244 #18858 #18884 #18865 #18868 #18570)) (not (or #19089 #18932 #18928 #18244 #18858 #18884 #18865 #18868 #18265 #18782 #18578)) (not (or #19089 #18932 #18928 #18244 #18858 #18884 #18865 #18868 #18265 #18782 #18783 #18716)) (not (or #19089 #18932 #18928 #18244 #18858 #18884 #18865 #18868 #18265 #18782 #18783 #18832 #18875 #18794 #18798 #18811 ...)) (not (or #19089 #18932 #18928 #18244 #18858 #18884 #18865 #18868 #18265 #18782 #18783 #18832 #18596)) (not (or #19089 #18932 #18928 #18244 #18858 #18884 #18865 #18868 #18265 #18782 #18783 #18832 #18605)) (not (or #18535 #18144))) (o)
      (= (if (or #18281 #21081 #21091 #21053 #21063 #20962 #20930 #20911 #20823 #20790 #20592 #14346) (if #14209 #13303 467) (if #21079 #13638 224)) 417) (c)
      (not (= (if #14347 #13304 #13639) 417)) (a)
    (not (or (if #18719 #18646 #18650) (if #18719 #18645 #18659) (not #18669) (not #18677) (not #18609) (not #18617) (not #18630) (not #18638) (not #18571) (not #18579) (not #18717) (not #18589) (not #18597) (not #18606) (not #18205))) (c)
  (not (or (not #19110) (not #18852) (not #18276) (not #18243) (not #18887) (not #18862) (not #18269) (not #18867) (not #18870) (not #18780) (not #18834) (not #18715))) (c)

Worker 2 CUBE SIZE IN MAIN LOOP: 3
 Checking cube
(not (= (if #5823 #5880 #5859) 417))
(or (if (or #2478 #2972) (not #3568) (not #3572)) (if (or #2478 #2972) (= #3567 0) (not #3582)) (not (or #2478 #2972 #3591)) (not (or #2478 #2972 #2985 #3596)) (not (or #2478 #2972 #2985 #2993 #3001 #3607)) (not (or #2478 #2972 #2985 #2993 #3001 #3009 #3615)) (not (or #2478 #2972 #2985 #2993 #3001 #3009 #3624)) (not (or #2478 #2972 #2985 #2993 #3001 #3009 #3013 #3020 #3632)) (not (or #2478 #2972 #2985 #2993 #3001 #3009 #3013 #3020 #3641)) (not (or #2478 #2972 #2985 #2993 #3001 #3009 #3013 #3020 #3025 #3051 #3653)) (not (or #2478 #2972 #2985 #2993 #3001 #3009 #3013 #3020 #3025 #3051 #3060 #3679)) (not (or #2478 #2972 #2985 #2993 #3001 #3009 #3013 #3020 #3025 #3051 #3060 #3068 #3076 #3084 #3093 #3102 ...)) (not (or #2478 #2972 #2985 #2993 #3001 #3009 #3013 #3020 #3025 #3051 #3060 #3068 #3696)) (not (or #2478 #2972 #2985 #2993 #3001 #3009 #3013 #3020 #3025 #3051 #3060 #3068 #3705)) (not (or #3709 #4358)))
(or (not (or #1803 #1840 #1895 #1914 #1922 #1928 #2009 #2022 #2342 #2344 #2368 #2382 #2399 #2407 #2414 #2421 ...)) (not (or #2042 #2344 #2480 #2488 #2490 #2496 #2502 #2511 #2517 #2523 #2529 #2538 #2545 #2547 #2549 #2551 ...)) (not (or #2478 #2983)) (not (or #2478 #2991)) (not (or #2344 #2478 #2480 #2999)) (not (or #2344 #2478 #2480 #2488 #3007)) (not (or #2042 #2344 #2478 #2480 #2488 #2490 #2496 #2502 #2511 #2517 #2523 #2529 #2538 #2545 #2547 #2549 ...)) (not (or #2042 #2344 #2478 #2480 #2488 #2490 #2496 #2502 #2511 #2517 #2523 #2529 #2538 #2545 #2547 #2549 ...)) (not (or #2042 #2344 #2478 #2480 #2488 #2490 #2496 #2502 #2511 #2517 #2523 #2529 #2538 #2545 #2547 #2549 ...)) (not (or #2344 #2478 #2480 #2488 #2490 #3049)) (not (or #2344 #2478 #2480 #2488 #2490 #3058)) (not (or #3068 #3677)))
with max_conflicts: 3375
Worker 0 DONE checking cube l_false
Worker 0 found unsat cube
Batch manager backtracking.
(or (not (or #1803 #1840 #1895 #1914 #1922 #1928 #2009 #2022 #2342 #2344 #2368 #2382 #2399 #2407 #2414 #2421 ...)) (not (or #2042 #2344 #2480 #2488 #2490 #2496 #2502 #2511 #2517 #2523 #2529 #2538 #2545 #2547 #2549 #2551 ...)) (not (or #2478 #2983)) (not (or #2478 #2991)) (not (or #2344 #2478 #2480 #2999)) (not (or #2344 #2478 #2480 #2488 #3007)) (not (or #2042 #2344 #2478 #2480 #2488 #2490 #2496 #2502 #2511 #2517 #2523 #2529 #2538 #2545 #2547 #2549 ...)) (not (or #2042 #2344 #2478 #2480 #2488 #2490 #2496 #2502 #2511 #2517 #2523 #2529 #2538 #2545 #2547 #2549 ...)) (not (or #2042 #2344 #2478 #2480 #2488 #2490 #2496 #2502 #2511 #2517 #2523 #2529 #2538 #2545 #2547 #2549 ...)) (not (or #2344 #2478 #2480 #2488 #2490 #3049)) (not (or #2344 #2478 #2480 #2488 #2490 #3058)) (not (or #3068 #3677)))
(or (if (or #2478 #2972) (not #3568) (not #3572)) (if (or #2478 #2972) (= #3567 0) (not #3582)) (not (or #2478 #2972 #3591)) (not (or #2478 #2972 #2985 #3596)) (not (or #2478 #2972 #2985 #2993 #3001 #3607)) (not (or #2478 #2972 #2985 #2993 #3001 #3009 #3615)) (not (or #2478 #2972 #2985 #2993 #3001 #3009 #3624)) (not (or #2478 #2972 #2985 #2993 #3001 #3009 #3013 #3020 #3632)) (not (or #2478 #2972 #2985 #2993 #3001 #3009 #3013 #3020 #3641)) (not (or #2478 #2972 #2985 #2993 #3001 #3009 #3013 #3020 #3025 #3051 #3653)) (not (or #2478 #2972 #2985 #2993 #3001 #3009 #3013 #3020 #3025 #3051 #3060 #3679)) (not (or #2478 #2972 #2985 #2993 #3001 #3009 #3013 #3020 #3025 #3051 #3060 #3068 #3076 #3084 #3093 #3102 ...)) (not (or #2478 #2972 #2985 #2993 #3001 #3009 #3013 #3020 #3025 #3051 #3060 #3068 #3696)) (not (or #2478 #2972 #2985 #2993 #3001 #3009 #3013 #3020 #3025 #3051 #3060 #3068 #3705)) (not (or #3709 #4358)))
(not (= (if #5823 #5880 #5859) 417))

null (o)
  (or (not (or #19362 #19286 #19227 #19263 #19187 #19259 #19192 #19219 #19211 #19123 #19136 #19139 #19060 #19065 #19069 #19106 ...)) (not (or #19093 #19123 #12678 #19000 #19054 #19052 #19101 #19014 #19018 #19022 #19055 #19034 #19050 #18947 #18948 #19048 ...)) (not (or #19089 #18274)) (not (or #19089 #18838)) (not (or #19123 #19089 #12678 #18882)) (not (or #19123 #19089 #12678 #19000 #18861)) (not (or #19093 #19123 #19089 #12678 #19000 #19054 #19052 #19101 #19014 #19018 #19022 #19055 #19034 #19050 #18947 #18948 ...)) (not (or #19093 #19123 #19089 #12678 #19000 #19054 #19052 #19101 #19014 #19018 #19022 #19055 #19034 #19050 #18947 #18948 ...)) (not (or #19093 #19123 #19089 #12678 #19000 #19054 #19052 #19101 #19014 #19018 #19022 #19055 #19034 #19050 #18947 #18948 ...)) (not (or #19123 #19089 #12678 #19000 #19054 #18809)) (not (or #19123 #19089 #12678 #19000 #19054 #18807)) (not (or #18832 #18714))) (o)
    (or (if (or #19089 #18932) (not #18645) (not #18649)) (if (or #19089 #18932) (= #18720 0) (not #18658)) (not (or #19089 #18932 #18666)) (not (or #19089 #18932 #18928 #18676)) (not (or #19089 #18932 #18928 #18244 #18858 #18608)) (not (or #19089 #18932 #18928 #18244 #18858 #18884 #18616)) (not (or #19089 #18932 #18928 #18244 #18858 #18884 #18629)) (not (or #19089 #18932 #18928 #18244 #18858 #18884 #18865 #18868 #18637)) (not (or #19089 #18932 #18928 #18244 #18858 #18884 #18865 #18868 #18570)) (not (or #19089 #18932 #18928 #18244 #18858 #18884 #18865 #18868 #18265 #18782 #18578)) (not (or #19089 #18932 #18928 #18244 #18858 #18884 #18865 #18868 #18265 #18782 #18783 #18716)) (not (or #19089 #18932 #18928 #18244 #18858 #18884 #18865 #18868 #18265 #18782 #18783 #18832 #18875 #18794 #18798 #18811 ...)) (not (or #19089 #18932 #18928 #18244 #18858 #18884 #18865 #18868 #18265 #18782 #18783 #18832 #18596)) (not (or #19089 #18932 #18928 #18244 #18858 #18884 #18865 #18868 #18265 #18782 #18783 #18832 #18605)) (not (or #18535 #18144))) (c)
      (= (if (or #18281 #21081 #21091 #21053 #21063 #20962 #20930 #20911 #20823 #20790 #20592 #14346) (if #14209 #13303 467) (if #21079 #13638 224)) 417) (c)
      (not (= (if #14347 #13304 #13639) 417)) (c)
    (not (or (if #18719 #18646 #18650) (if #18719 #18645 #18659) (not #18669) (not #18677) (not #18609) (not #18617) (not #18630) (not #18638) (not #18571) (not #18579) (not #18717) (not #18589) (not #18597) (not #18606) (not #18205))) (c)
  (not (or (not #19110) (not #18852) (not #18276) (not #18243) (not #18887) (not #18862) (not #18269) (not #18867) (not #18870) (not #18780) (not #18834) (not #18715))) (c)
Worker 0 no more cubes
Worker 2 DONE checking cube l_false
Worker 2 found unsat cube
Batch manager backtracking.
(or (not (or #1803 #1840 #1895 #1914 #1922 #1928 #2009 #2022 #2342 #2344 #2368 #2382 #2399 #2407 #2414 #2421 ...)) (not (or #2042 #2344 #2480 #2488 #2490 #2496 #2502 #2511 #2517 #2523 #2529 #2538 #2545 #2547 #2549 #2551 ...)) (not (or #2478 #2983)) (not (or #2478 #2991)) (not (or #2344 #2478 #2480 #2999)) (not (or #2344 #2478 #2480 #2488 #3007)) (not (or #2042 #2344 #2478 #2480 #2488 #2490 #2496 #2502 #2511 #2517 #2523 #2529 #2538 #2545 #2547 #2549 ...)) (not (or #2042 #2344 #2478 #2480 #2488 #2490 #2496 #2502 #2511 #2517 #2523 #2529 #2538 #2545 #2547 #2549 ...)) (not (or #2042 #2344 #2478 #2480 #2488 #2490 #2496 #2502 #2511 #2517 #2523 #2529 #2538 #2545 #2547 #2549 ...)) (not (or #2344 #2478 #2480 #2488 #2490 #3049)) (not (or #2344 #2478 #2480 #2488 #2490 #3058)) (not (or #3068 #3677)))
(or (if (or #2478 #2972) (not #3568) (not #3572)) (if (or #2478 #2972) (= #3567 0) (not #3582)) (not (or #2478 #2972 #3591)) (not (or #2478 #2972 #2985 #3596)) (not (or #2478 #2972 #2985 #2993 #3001 #3607)) (not (or #2478 #2972 #2985 #2993 #3001 #3009 #3615)) (not (or #2478 #2972 #2985 #2993 #3001 #3009 #3624)) (not (or #2478 #2972 #2985 #2993 #3001 #3009 #3013 #3020 #3632)) (not (or #2478 #2972 #2985 #2993 #3001 #3009 #3013 #3020 #3641)) (not (or #2478 #2972 #2985 #2993 #3001 #3009 #3013 #3020 #3025 #3051 #3653)) (not (or #2478 #2972 #2985 #2993 #3001 #3009 #3013 #3020 #3025 #3051 #3060 #3679)) (not (or #2478 #2972 #2985 #2993 #3001 #3009 #3013 #3020 #3025 #3051 #3060 #3068 #3076 #3084 #3093 #3102 ...)) (not (or #2478 #2972 #2985 #2993 #3001 #3009 #3013 #3020 #3025 #3051 #3060 #3068 #3696)) (not (or #2478 #2972 #2985 #2993 #3001 #3009 #3013 #3020 #3025 #3051 #3060 #3068 #3705)) (not (or #3709 #4358)))
(not (= (if #5823 #5880 #5859) 417))

null (c)
  (or (not (or #19362 #19286 #19227 #19263 #19187 #19259 #19192 #19219 #19211 #19123 #19136 #19139 #19060 #19065 #19069 #19106 ...)) (not (or #19093 #19123 #12678 #19000 #19054 #19052 #19101 #19014 #19018 #19022 #19055 #19034 #19050 #18947 #18948 #19048 ...)) (not (or #19089 #18274)) (not (or #19089 #18838)) (not (or #19123 #19089 #12678 #18882)) (not (or #19123 #19089 #12678 #19000 #18861)) (not (or #19093 #19123 #19089 #12678 #19000 #19054 #19052 #19101 #19014 #19018 #19022 #19055 #19034 #19050 #18947 #18948 ...)) (not (or #19093 #19123 #19089 #12678 #19000 #19054 #19052 #19101 #19014 #19018 #19022 #19055 #19034 #19050 #18947 #18948 ...)) (not (or #19093 #19123 #19089 #12678 #19000 #19054 #19052 #19101 #19014 #19018 #19022 #19055 #19034 #19050 #18947 #18948 ...)) (not (or #19123 #19089 #12678 #19000 #19054 #18809)) (not (or #19123 #19089 #12678 #19000 #19054 #18807)) (not (or #18832 #18714))) (c)
    (or (if (or #19089 #18932) (not #18645) (not #18649)) (if (or #19089 #18932) (= #18720 0) (not #18658)) (not (or #19089 #18932 #18666)) (not (or #19089 #18932 #18928 #18676)) (not (or #19089 #18932 #18928 #18244 #18858 #18608)) (not (or #19089 #18932 #18928 #18244 #18858 #18884 #18616)) (not (or #19089 #18932 #18928 #18244 #18858 #18884 #18629)) (not (or #19089 #18932 #18928 #18244 #18858 #18884 #18865 #18868 #18637)) (not (or #19089 #18932 #18928 #18244 #18858 #18884 #18865 #18868 #18570)) (not (or #19089 #18932 #18928 #18244 #18858 #18884 #18865 #18868 #18265 #18782 #18578)) (not (or #19089 #18932 #18928 #18244 #18858 #18884 #18865 #18868 #18265 #18782 #18783 #18716)) (not (or #19089 #18932 #18928 #18244 #18858 #18884 #18865 #18868 #18265 #18782 #18783 #18832 #18875 #18794 #18798 #18811 ...)) (not (or #19089 #18932 #18928 #18244 #18858 #18884 #18865 #18868 #18265 #18782 #18783 #18832 #18596)) (not (or #19089 #18932 #18928 #18244 #18858 #18884 #18865 #18868 #18265 #18782 #18783 #18832 #18605)) (not (or #18535 #18144))) (c)
      (= (if (or #18281 #21081 #21091 #21053 #21063 #20962 #20930 #20911 #20823 #20790 #20592 #14346) (if #14209 #13303 467) (if #21079 #13638 224)) 417) (c)
      (not (= (if #14347 #13304 #13639) 417)) (c)
    (not (or (if #18719 #18646 #18650) (if #18719 #18645 #18659) (not #18669) (not #18677) (not #18609) (not #18617) (not #18630) (not #18638) (not #18571) (not #18579) (not #18717) (not #18589) (not #18597) (not #18606) (not #18205))) (c)
  (not (or (not #19110) (not #18852) (not #18276) (not #18243) (not #18887) (not #18862) (not #18269) (not #18867) (not #18870) (not #18780) (not #18834) (not #18715))) (c)
Canceling workers
Worker 0 canceling
Worker 1 canceling
Worker 2 canceling
Worker 3 canceling
Worker 1 DONE checking cube l_undef
Worker 3 DONE checking cube l_undef
all done
Worker 2 no more cubes
Batch manager setting exception msg: context cancelled.
Batch manager setting exception msg: context cancelled.
unsat
(:added-eqs                   1853681
 :arith-eq-adapter            3110
 :arith-bound-propagations-lp 216312
 :arith-conflicts             646
 :arith-diseq                 143639
 :arith-fixed-eqs             226443
 :arith-lower                 124045
 :arith-make-feasible         63381
 :arith-max-columns           1671
 :arith-max-rows              691
 :arith-offset-eqs            69428
 :arith-upper                 220151
 :binary-propagations         4757914
 :conflicts                   28680
 :decisions                   616544
 :del-clause                  21601
 :max-memory                  114.67
 :memory                      19.31
 :minimized-lits              222301
 :mk-bool-var                 22151
 :mk-clause                   41403
 :mk-clause-binary            61266
 :num-allocs                  69267542
 :num-checks                  22
 :parallel-max-cube-size      3
 :parallel-num_cubes          12
 :propagations                6917964
 :restarts                    244
 :rlimit-count                19918909
 :time                        0.92
 :total-time                  3.30)
