Worker 0 created with 0 assumptions
Worker 1 created with 0 assumptions
Worker 2 created with 0 assumptions
Worker 3 created with 0 assumptions
null (a)

Worker 1 CUBE SIZE IN MAIN LOOP: 0
 Checking cube
with max_conflicts: 1000
null (a)

Worker 0 CUBE SIZE IN MAIN LOOP: 0
 Checking cube
with max_conflicts: 1000
null (a)

Worker 3 CUBE SIZE IN MAIN LOOP: 0
 Checking cube
with max_conflicts: 1000
null (a)

Worker 2 CUBE SIZE IN MAIN LOOP: 0
 Checking cube
with max_conflicts: 1000
Worker 3 DONE checking cube l_undef
Worker 3 found undef cube
Batch manager splitting on literal: (= (if (or #18719 #18355 #18321 #18281 #18315 #18302 #18234 #18301 #18237 #18208 #18215 #18193 #21083) (if #21067 #16985 467) (if #18317 #17769 243)) 417)
null (o)
  (= (if (or #18719 #18355 #18321 #18281 #18315 #18302 #18234 #18301 #18237 #18208 #18215 #18193 #21083) (if #21067 #16985 467) (if #18317 #17769 243)) 417) (a)
  (not (= (if #21085 #16986 #17770) 417)) (o)

Worker 3 CUBE SIZE IN MAIN LOOP: 1
 Checking cube
(= (if (or #3574 #4240 #4245 #4255 #4263 #4280 #4289 #4308 #4317 #4329 #4354 #4362 #5112) (if #5157 #4998 467) (if #4239 #5148 243)) 417)
with max_conflicts: 1500
Worker 2 DONE checking cube l_undef
Worker 2 found undef cube
Batch manager splitting on literal: (if (or (if #4152 #19337 #19339) (not #19414)) (not (= #19349 0)) (not (or #4126 #4156 #4192 #19340 #19341 #19415 #19345 #19353 #19356 #19359)))
null (o)
  (= (if (or #18719 #18355 #18321 #18281 #18315 #18302 #18234 #18301 #18237 #18208 #18215 #18193 #21083) (if #21067 #16985 467) (if #18317 #17769 243)) 417) (a)
  (not (= (if #21085 #16986 #17770) 417)) (a)

Worker 2 CUBE SIZE IN MAIN LOOP: 1
 Checking cube
(not (= (if #5113 #5166 #5149) 417))
with max_conflicts: 1500
Worker 1 DONE checking cube l_undef
Worker 1 found undef cube
Batch manager splitting on literal: (if (or (if #4152 #19337 #19339) (not #19414)) (not (= #19349 0)) (not (or #4126 #4156 #4192 #19340 #19341 #19415 #19345 #19353 #19356 #19359)))
null (o)
  (= (if (or #18719 #18355 #18321 #18281 #18315 #18302 #18234 #18301 #18237 #18208 #18215 #18193 #21083) (if #21067 #16985 467) (if #18317 #17769 243)) 417) (a)
  (not (= (if #21085 #16986 #17770) 417)) (a)

Worker 1 CUBE SIZE IN MAIN LOOP: 1
 Checking cube
(= (if (or #3574 #4240 #4245 #4255 #4263 #4280 #4289 #4308 #4317 #4329 #4354 #4362 #5112) (if #5157 #4998 467) (if #4239 #5148 243)) 417)
with max_conflicts: 1500
Worker 0 DONE checking cube l_undef
Worker 0 found undef cube
Batch manager splitting on literal: (= i844 1)
null (o)
  (= (if (or #18719 #18355 #18321 #18281 #18315 #18302 #18234 #18301 #18237 #18208 #18215 #18193 #21083) (if #21067 #16985 467) (if #18317 #17769 243)) 417) (a)
  (not (= (if #21085 #16986 #17770) 417)) (a)

Worker 0 CUBE SIZE IN MAIN LOOP: 1
 Checking cube
(= (if (or #3574 #4240 #4245 #4255 #4263 #4280 #4289 #4308 #4317 #4329 #4354 #4362 #5112) (if #5157 #4998 467) (if #4239 #5148 243)) 417)
with max_conflicts: 1500
Worker 1 DONE checking cube l_false
Worker 1 found unsat cube
Batch manager backtracking.
(= (if (or #3574 #4240 #4245 #4255 #4263 #4280 #4289 #4308 #4317 #4329 #4354 #4362 #5112) (if #5157 #4998 467) (if #4239 #5148 243)) 417)

null (o)
  (= (if (or #18719 #18355 #18321 #18281 #18315 #18302 #18234 #18301 #18237 #18208 #18215 #18193 #21083) (if #21067 #16985 467) (if #18317 #17769 243)) 417) (c)
  (not (= (if #21085 #16986 #17770) 417)) (a)
null (o)
  (= (if (or #18719 #18355 #18321 #18281 #18315 #18302 #18234 #18301 #18237 #18208 #18215 #18193 #21083) (if #21067 #16985 467) (if #18317 #17769 243)) 417) (c)
  (not (= (if #21085 #16986 #17770) 417)) (a)

Worker 1 CUBE SIZE IN MAIN LOOP: 1
 Checking cube
(not (= (if #5113 #5166 #5149) 417))
with max_conflicts: 1500
Worker 3 DONE checking cube l_false
Worker 3 found unsat cube
Batch manager backtracking.
(= (if (or #3574 #4240 #4245 #4255 #4263 #4280 #4289 #4308 #4317 #4329 #4354 #4362 #5112) (if #5157 #4998 467) (if #4239 #5148 243)) 417)

null (o)
  (= (if (or #18719 #18355 #18321 #18281 #18315 #18302 #18234 #18301 #18237 #18208 #18215 #18193 #21083) (if #21067 #16985 467) (if #18317 #17769 243)) 417) (c)
  (not (= (if #21085 #16986 #17770) 417)) (a)
null (o)
  (= (if (or #18719 #18355 #18321 #18281 #18315 #18302 #18234 #18301 #18237 #18208 #18215 #18193 #21083) (if #21067 #16985 467) (if #18317 #17769 243)) 417) (c)
  (not (= (if #21085 #16986 #17770) 417)) (a)

Worker 3 CUBE SIZE IN MAIN LOOP: 1
 Checking cube
(not (= (if #5113 #5166 #5149) 417))
with max_conflicts: 1500
Worker 0 DONE checking cube l_false
Worker 0 found unsat cube
Batch manager backtracking.
(= (if (or #3574 #4240 #4245 #4255 #4263 #4280 #4289 #4308 #4317 #4329 #4354 #4362 #5112) (if #5157 #4998 467) (if #4239 #5148 243)) 417)

null (o)
  (= (if (or #18719 #18355 #18321 #18281 #18315 #18302 #18234 #18301 #18237 #18208 #18215 #18193 #21083) (if #21067 #16985 467) (if #18317 #17769 243)) 417) (c)
  (not (= (if #21085 #16986 #17770) 417)) (a)
null (o)
  (= (if (or #18719 #18355 #18321 #18281 #18315 #18302 #18234 #18301 #18237 #18208 #18215 #18193 #21083) (if #21067 #16985 467) (if #18317 #17769 243)) 417) (c)
  (not (= (if #21085 #16986 #17770) 417)) (a)

Worker 0 CUBE SIZE IN MAIN LOOP: 1
 Checking cube
(not (= (if #5113 #5166 #5149) 417))
with max_conflicts: 1500
Worker 2 DONE checking cube l_undef
Worker 2 found undef cube
Batch manager splitting on literal: (= i844 1)
null (o)
  (= (if (or #18719 #18355 #18321 #18281 #18315 #18302 #18234 #18301 #18237 #18208 #18215 #18193 #21083) (if #21067 #16985 467) (if #18317 #17769 243)) 417) (c)
  (not (= (if #21085 #16986 #17770) 417)) (o)
    (= i844 1) (o)
    (not (= i844 1)) (a)

Worker 2 CUBE SIZE IN MAIN LOOP: 2
 Checking cube
(not (= i844 1))
(not (= (if #5113 #5166 #5149) 417))
with max_conflicts: 2250
Worker 1 DONE checking cube l_undef
Worker 1 found undef cube
Batch manager splitting on literal: (= i844 1)
null (o)
  (= (if (or #18719 #18355 #18321 #18281 #18315 #18302 #18234 #18301 #18237 #18208 #18215 #18193 #21083) (if #21067 #16985 467) (if #18317 #17769 243)) 417) (c)
  (not (= (if #21085 #16986 #17770) 417)) (o)
    (= i844 1) (a)
    (not (= i844 1)) (a)

Worker 1 CUBE SIZE IN MAIN LOOP: 2
 Checking cube
(= i844 1)
(not (= (if #5113 #5166 #5149) 417))
with max_conflicts: 2250
Worker 3 DONE checking cube l_undef
Worker 3 found undef cube
Batch manager splitting on literal: (= i844 1)
null (o)
  (= (if (or #18719 #18355 #18321 #18281 #18315 #18302 #18234 #18301 #18237 #18208 #18215 #18193 #21083) (if #21067 #16985 467) (if #18317 #17769 243)) 417) (c)
  (not (= (if #21085 #16986 #17770) 417)) (o)
    (= i844 1) (a)
    (not (= i844 1)) (a)

Worker 3 CUBE SIZE IN MAIN LOOP: 2
 Checking cube
(= i844 1)
(not (= (if #5113 #5166 #5149) 417))
with max_conflicts: 2250
Worker 2 DONE checking cube l_false
Worker 2 found unsat cube
Batch manager backtracking.
(not (= i844 1))

null (o)
  (= (if (or #18719 #18355 #18321 #18281 #18315 #18302 #18234 #18301 #18237 #18208 #18215 #18193 #21083) (if #21067 #16985 467) (if #18317 #17769 243)) 417) (c)
  (not (= (if #21085 #16986 #17770) 417)) (o)
    (= i844 1) (a)
    (not (= i844 1)) (c)
null (o)
  (= (if (or #18719 #18355 #18321 #18281 #18315 #18302 #18234 #18301 #18237 #18208 #18215 #18193 #21083) (if #21067 #16985 467) (if #18317 #17769 243)) 417) (c)
  (not (= (if #21085 #16986 #17770) 417)) (o)
    (= i844 1) (a)
    (not (= i844 1)) (c)

Worker 2 CUBE SIZE IN MAIN LOOP: 2
 Checking cube
(= i844 1)
(not (= (if #5113 #5166 #5149) 417))
with max_conflicts: 2250
Worker 0 DONE checking cube l_undef
Worker 0 found undef cube
Batch manager splitting on literal: (= i844 1)
null (o)
  (= (if (or #18719 #18355 #18321 #18281 #18315 #18302 #18234 #18301 #18237 #18208 #18215 #18193 #21083) (if #21067 #16985 467) (if #18317 #17769 243)) 417) (c)
  (not (= (if #21085 #16986 #17770) 417)) (o)
    (= i844 1) (a)
    (not (= i844 1)) (c)

Worker 0 CUBE SIZE IN MAIN LOOP: 2
 Checking cube
(= i844 1)
(not (= (if #5113 #5166 #5149) 417))
with max_conflicts: 2250
Worker 3 DONE checking cube l_undef
Worker 3 found undef cube
Batch manager splitting on literal: (= (if (or #13311 #11758 #11762 #11680 #11688 #11664 #11672 #11657 #11625 #10819 #10722 #10703 #10569 #25649) (if #25669 #25965 467) (if #11757 #25860 224)) 133)
null (o)
  (= (if (or #18719 #18355 #18321 #18281 #18315 #18302 #18234 #18301 #18237 #18208 #18215 #18193 #21083) (if #21067 #16985 467) (if #18317 #17769 243)) 417) (c)
  (not (= (if #21085 #16986 #17770) 417)) (o)
    (= i844 1) (o)
      (= (if (or #13311 #11758 #11762 #11680 #11688 #11664 #11672 #11657 #11625 #10819 #10722 #10703 #10569 #25649) (if #25669 #25965 467) (if #11757 #25860 224)) 133) (a)
      (not (= (if #25650 #25966 #25861) 133)) (o)
    (not (= i844 1)) (c)

Worker 3 CUBE SIZE IN MAIN LOOP: 3
 Checking cube
(= (if (or #9203 #9437 #9441 #9454 #9462 #9470 #9478 #9495 #9504 #9523 #9532 #9540 #9548 #10022) (if #10063 #10087 467) (if #9436 #10054 224)) 133)
(= i844 1)
(not (= (if #5113 #5166 #5149) 417))
with max_conflicts: 3375
Worker 2 DONE checking cube l_false
Worker 2 found unsat cube
Batch manager backtracking.
(= i844 1)

null (c)
  (= (if (or #18719 #18355 #18321 #18281 #18315 #18302 #18234 #18301 #18237 #18208 #18215 #18193 #21083) (if #21067 #16985 467) (if #18317 #17769 243)) 417) (c)
  (not (= (if #21085 #16986 #17770) 417)) (c)
    (= i844 1) (c)
      (= (if (or #13311 #11758 #11762 #11680 #11688 #11664 #11672 #11657 #11625 #10819 #10722 #10703 #10569 #25649) (if #25669 #25965 467) (if #11757 #25860 224)) 133) (c)
      (not (= (if #25650 #25966 #25861) 133)) (c)
    (not (= i844 1)) (c)
Canceling workers
Worker 0 canceling
Worker 1 canceling
Worker 2 canceling
Worker 3 canceling
all done
Worker 2 no more cubes
Worker 3 DONE checking cube l_undef
Batch manager setting exception msg: context cancelled.
Worker 0 DONE checking cube l_undef
Batch manager setting exception msg: context cancelled.
Worker 1 DONE checking cube l_undef
Batch manager setting exception msg: context cancelled.
unsat
(:added-eqs                   1241933
 :arith-eq-adapter            2612
 :arith-bound-propagations-lp 143088
 :arith-conflicts             551
 :arith-diseq                 95172
 :arith-fixed-eqs             149672
 :arith-lower                 85637
 :arith-make-feasible         45065
 :arith-max-columns           1663
 :arith-max-rows              683
 :arith-offset-eqs            44839
 :arith-upper                 147368
 :binary-propagations         3328032
 :conflicts                   21004
 :decisions                   457537
 :del-clause                  14750
 :max-memory                  113.55
 :memory                      19.23
 :minimized-lits              111869
 :mk-bool-var                 20958
 :mk-clause                   32425
 :mk-clause-binary            61321
 :num-allocs                  54444081
 :num-checks                  18
 :parallel-max-cube-size      3
 :parallel-num_cubes          9
 :propagations                4778611
 :restarts                    181
 :rlimit-count                13983293
 :time                        0.61
 :total-time                  2.17)
