Worker 0 created with 0 assumptions
Worker 1 created with 0 assumptions
Worker 2 created with 0 assumptions
Worker 3 created with 0 assumptions
null (a)

Worker 0 CUBE SIZE IN MAIN LOOP: 0
 Checking cube
with max_conflicts: 1000
null (a)

Worker 2 CUBE SIZE IN MAIN LOOP: 0
 Checking cube
with max_conflicts: 1000
null (a)

Worker 3 CUBE SIZE IN MAIN LOOP: 0
 Checking cube
with max_conflicts: 1000
null (a)

Worker 1 CUBE SIZE IN MAIN LOOP: 0
 Checking cube
with max_conflicts: 1000
Worker 3 DONE checking cube l_undef
Worker 3 found undef cube
Batch manager splitting on literal: (= i844 1)
null (o)
  (= i844 1) (a)
  (not (= i844 1)) (o)

Worker 3 CUBE SIZE IN MAIN LOOP: 1
 Checking cube
(= i844 1)
with max_conflicts: 1500
Worker 1 DONE checking cube l_undef
Worker 1 found undef cube
Batch manager splitting on literal: (= (if (or #18281 #21081 #21091 #21053 #21063 #20962 #20930 #20911 #20823 #20790 #20592 #14346) (if #14209 #13303 467) (if #21079 #13638 224)) 469)
null (o)
  (= i844 1) (a)
  (not (= i844 1)) (a)

Worker 1 CUBE SIZE IN MAIN LOOP: 1
 Checking cube
(not (= i844 1))
with max_conflicts: 1500
Worker 0 DONE checking cube l_undef
Worker 0 found undef cube
Batch manager splitting on literal: (= i844 1)
null (o)
  (= i844 1) (a)
  (not (= i844 1)) (a)

Worker 0 CUBE SIZE IN MAIN LOOP: 1
 Checking cube
(= i844 1)
with max_conflicts: 1500
Worker 2 DONE checking cube l_undef
Worker 2 found undef cube
Batch manager splitting on literal: (= i844 1)
null (o)
  (= i844 1) (a)
  (not (= i844 1)) (a)

Worker 2 CUBE SIZE IN MAIN LOOP: 1
 Checking cube
(= i844 1)
with max_conflicts: 1500
Worker 1 DONE checking cube l_false
Worker 1 found unsat cube
Batch manager backtracking.
(not (= i844 1))

null (o)
  (= i844 1) (a)
  (not (= i844 1)) (c)
null (o)
  (= i844 1) (a)
  (not (= i844 1)) (c)

Worker 1 CUBE SIZE IN MAIN LOOP: 1
 Checking cube
(= i844 1)
with max_conflicts: 1500
Worker 3 DONE checking cube l_undef
Worker 3 found undef cube
Batch manager splitting on literal: (or (not (or #4126 #4151 #19339 #19340 #19347 #19362 #19281 #19334 #19286 #19323 #19319 #19305 #19227 #19315 #19313 #19270 ...)) (not (or #19362 #19286 #19227 #19263 #19187 #19259 #19192 #19219 #19211)) (not (or #19192 #19135)) (not (or #19192 #19113)) (not (or #19362 #19286 #19227 #19263 #19192 #19059)) (not (or #19362 #19286 #19227 #19263 #19192 #19160)) (not (or #19069 #19096)))
null (o)
  (= i844 1) (o)
    (or (not (or #4126 #4151 #19339 #19340 #19347 #19362 #19281 #19334 #19286 #19323 #19319 #19305 #19227 #19315 #19313 #19270 ...)) (not (or #19362 #19286 #19227 #19263 #19187 #19259 #19192 #19219 #19211)) (not (or #19192 #19135)) (not (or #19192 #19113)) (not (or #19362 #19286 #19227 #19263 #19192 #19059)) (not (or #19362 #19286 #19227 #19263 #19192 #19160)) (not (or #19069 #19096))) (o)
    (not (or (not #19191) (not #19122) (not #19157) (not #19138) (not #19126) (not #19064) (not #19020))) (a)
  (not (= i844 1)) (c)

Worker 3 CUBE SIZE IN MAIN LOOP: 2
 Checking cube
(not (or (not #2008) (not #2343) (not #2367) (not #2373) (not #2398) (not #2406) (not #2520)))
(= i844 1)
with max_conflicts: 2250
Worker 3 DONE checking cube l_false
Worker 3 found unsat cube
Batch manager backtracking.
(not (or (not #2008) (not #2343) (not #2367) (not #2373) (not #2398) (not #2406) (not #2520)))

null (o)
  (= i844 1) (o)
    (or (not (or #4126 #4151 #19339 #19340 #19347 #19362 #19281 #19334 #19286 #19323 #19319 #19305 #19227 #19315 #19313 #19270 ...)) (not (or #19362 #19286 #19227 #19263 #19187 #19259 #19192 #19219 #19211)) (not (or #19192 #19135)) (not (or #19192 #19113)) (not (or #19362 #19286 #19227 #19263 #19192 #19059)) (not (or #19362 #19286 #19227 #19263 #19192 #19160)) (not (or #19069 #19096))) (o)
    (not (or (not #19191) (not #19122) (not #19157) (not #19138) (not #19126) (not #19064) (not #19020))) (c)
  (not (= i844 1)) (c)
null (o)
  (= i844 1) (o)
    (or (not (or #4126 #4151 #19339 #19340 #19347 #19362 #19281 #19334 #19286 #19323 #19319 #19305 #19227 #19315 #19313 #19270 ...)) (not (or #19362 #19286 #19227 #19263 #19187 #19259 #19192 #19219 #19211)) (not (or #19192 #19135)) (not (or #19192 #19113)) (not (or #19362 #19286 #19227 #19263 #19192 #19059)) (not (or #19362 #19286 #19227 #19263 #19192 #19160)) (not (or #19069 #19096))) (a)
    (not (or (not #19191) (not #19122) (not #19157) (not #19138) (not #19126) (not #19064) (not #19020))) (c)
  (not (= i844 1)) (c)

Worker 3 CUBE SIZE IN MAIN LOOP: 2
 Checking cube
(or (not (or #28 #30 #1499 #1504 #1788 #1803 #1819 #1822 #1840 #1849 #1874 #1880 #1895 #1953 #1959 #1986 ...)) (not (or #1803 #1840 #1895 #1914 #1922 #1928 #2009 #2022 #2342)) (not (or #2009 #2366)) (not (or #2009 #2372)) (not (or #1803 #1840 #1895 #1914 #2009 #2397)) (not (or #1803 #1840 #1895 #1914 #2009 #2405)) (not (or #2414 #2519)))
(= i844 1)
with max_conflicts: 2250
Worker 2 DONE checking cube l_undef
Worker 2 found undef cube
Batch manager splitting on literal: (= (if (or #18281 #21081 #21091 #21053 #21063 #20962 #20930 #20911 #20823 #20790 #20592 #14346) (if #14209 #13303 467) (if #21079 #13638 224)) 417)
null (o)
  (= i844 1) (o)
    (or (not (or #4126 #4151 #19339 #19340 #19347 #19362 #19281 #19334 #19286 #19323 #19319 #19305 #19227 #19315 #19313 #19270 ...)) (not (or #19362 #19286 #19227 #19263 #19187 #19259 #19192 #19219 #19211)) (not (or #19192 #19135)) (not (or #19192 #19113)) (not (or #19362 #19286 #19227 #19263 #19192 #19059)) (not (or #19362 #19286 #19227 #19263 #19192 #19160)) (not (or #19069 #19096))) (a)
    (not (or (not #19191) (not #19122) (not #19157) (not #19138) (not #19126) (not #19064) (not #19020))) (c)
  (not (= i844 1)) (c)

Worker 2 CUBE SIZE IN MAIN LOOP: 2
 Checking cube
(or (not (or #28 #30 #1499 #1504 #1788 #1803 #1819 #1822 #1840 #1849 #1874 #1880 #1895 #1953 #1959 #1986 ...)) (not (or #1803 #1840 #1895 #1914 #1922 #1928 #2009 #2022 #2342)) (not (or #2009 #2366)) (not (or #2009 #2372)) (not (or #1803 #1840 #1895 #1914 #2009 #2397)) (not (or #1803 #1840 #1895 #1914 #2009 #2405)) (not (or #2414 #2519)))
(= i844 1)
with max_conflicts: 2250
Worker 0 DONE checking cube l_undef
Worker 0 found undef cube
Batch manager splitting on literal: (or (not (or #18719 #18359 #18281 #18284 #18290 #18331 #18236 #18264 #18241 #18253 #18219 #18141 #18209 #18221 #18188 #18165 ...)) (not (or #18281 #21081 #21091 #21053 #21063 #20962 #20930 #20911 #20823 #20790 #20592 #20271 #20241 #20050 #19891 #19278 ...)) (not (or #18281 #21091 #21053 #21063 #20962 #20930 #20911 #20823 #20790 #20592 #20271 #20241 #20050 #19891 #19278 #18969 ...)) (not (or #21081 #21091 #15914)) (not (or #18281 #21081 #21091 #21053 #15717)) (not (or #18281 #21081 #21091 #21053 #21063 #20962 #15781)) (not (or #18281 #21081 #21091 #21053 #21063 #20962 #20930 #20911 #15569)) (not (or #18281 #21081 #21091 #21053 #21063 #20962 #20930 #20911 #20823 #15580)) (not (or #18281 #21081 #21091 #21053 #21063 #20962 #20930 #20911 #20823 #20790 #15628)) (not (or #18281 #21081 #21091 #21053 #21063 #20962 #20930 #20911 #20823 #20790 #15640)) (not (or #18281 #21081 #21091 #21053 #21063 #20962 #20930 #20911 #20823 #20790 #20592 #20271 #20241 #15532)) (not (or #18281 #21081 #21091 #21053 #21063 #20962 #20930 #20911 #20823 #20790 #20592 #20271 #20241 #20050 #19891 #19278 ...)) (not (or #18281 #21081 #21091 #21053 #21063 #20962 #20930 #20911 #20823 #20790 #20592 #15435)) (not (or #21081 #15387)) (not (or #18281 #21081 #21091 #21053 #15396)) (not (or #18281 #21081 #21091 #21053 #21063 #20962 #14403)) ...)
null (o)
  (= i844 1) (o)
    (or (not (or #4126 #4151 #19339 #19340 #19347 #19362 #19281 #19334 #19286 #19323 #19319 #19305 #19227 #19315 #19313 #19270 ...)) (not (or #19362 #19286 #19227 #19263 #19187 #19259 #19192 #19219 #19211)) (not (or #19192 #19135)) (not (or #19192 #19113)) (not (or #19362 #19286 #19227 #19263 #19192 #19059)) (not (or #19362 #19286 #19227 #19263 #19192 #19160)) (not (or #19069 #19096))) (a)
    (not (or (not #19191) (not #19122) (not #19157) (not #19138) (not #19126) (not #19064) (not #19020))) (c)
  (not (= i844 1)) (c)

Worker 0 CUBE SIZE IN MAIN LOOP: 2
 Checking cube
(or (not (or #28 #30 #1499 #1504 #1788 #1803 #1819 #1822 #1840 #1849 #1874 #1880 #1895 #1953 #1959 #1986 ...)) (not (or #1803 #1840 #1895 #1914 #1922 #1928 #2009 #2022 #2342)) (not (or #2009 #2366)) (not (or #2009 #2372)) (not (or #1803 #1840 #1895 #1914 #2009 #2397)) (not (or #1803 #1840 #1895 #1914 #2009 #2405)) (not (or #2414 #2519)))
(= i844 1)
with max_conflicts: 2250
Worker 1 DONE checking cube l_undef
Worker 1 found undef cube
Batch manager splitting on literal: (= (if (or #18281 #21081 #21091 #21053 #21063 #20962 #20930 #20911 #20823 #20790 #20592 #14346) (if #14209 #13303 467) (if #21079 #13638 224)) 417)
null (o)
  (= i844 1) (o)
    (or (not (or #4126 #4151 #19339 #19340 #19347 #19362 #19281 #19334 #19286 #19323 #19319 #19305 #19227 #19315 #19313 #19270 ...)) (not (or #19362 #19286 #19227 #19263 #19187 #19259 #19192 #19219 #19211)) (not (or #19192 #19135)) (not (or #19192 #19113)) (not (or #19362 #19286 #19227 #19263 #19192 #19059)) (not (or #19362 #19286 #19227 #19263 #19192 #19160)) (not (or #19069 #19096))) (a)
    (not (or (not #19191) (not #19122) (not #19157) (not #19138) (not #19126) (not #19064) (not #19020))) (c)
  (not (= i844 1)) (c)

Worker 1 CUBE SIZE IN MAIN LOOP: 2
 Checking cube
(or (not (or #28 #30 #1499 #1504 #1788 #1803 #1819 #1822 #1840 #1849 #1874 #1880 #1895 #1953 #1959 #1986 ...)) (not (or #1803 #1840 #1895 #1914 #1922 #1928 #2009 #2022 #2342)) (not (or #2009 #2366)) (not (or #2009 #2372)) (not (or #1803 #1840 #1895 #1914 #2009 #2397)) (not (or #1803 #1840 #1895 #1914 #2009 #2405)) (not (or #2414 #2519)))
(= i844 1)
with max_conflicts: 2250
Worker 0 DONE checking cube l_false
Worker 0 found unsat cube
Batch manager backtracking.
(or (not (or #28 #30 #1499 #1504 #1788 #1803 #1819 #1822 #1840 #1849 #1874 #1880 #1895 #1953 #1959 #1986 ...)) (not (or #1803 #1840 #1895 #1914 #1922 #1928 #2009 #2022 #2342)) (not (or #2009 #2366)) (not (or #2009 #2372)) (not (or #1803 #1840 #1895 #1914 #2009 #2397)) (not (or #1803 #1840 #1895 #1914 #2009 #2405)) (not (or #2414 #2519)))

null (c)
  (= i844 1) (c)
    (or (not (or #4126 #4151 #19339 #19340 #19347 #19362 #19281 #19334 #19286 #19323 #19319 #19305 #19227 #19315 #19313 #19270 ...)) (not (or #19362 #19286 #19227 #19263 #19187 #19259 #19192 #19219 #19211)) (not (or #19192 #19135)) (not (or #19192 #19113)) (not (or #19362 #19286 #19227 #19263 #19192 #19059)) (not (or #19362 #19286 #19227 #19263 #19192 #19160)) (not (or #19069 #19096))) (c)
    (not (or (not #19191) (not #19122) (not #19157) (not #19138) (not #19126) (not #19064) (not #19020))) (c)
  (not (= i844 1)) (c)
Canceling workers
Worker 0 canceling
Worker 1 canceling
Worker 2 canceling
Worker 3 canceling
Worker 3 DONE checking cube l_undef
Worker 2 DONE checking cube l_undef
all done
Worker 0 no more cubes
Batch manager setting exception msg: context cancelled.
Worker 1 DONE checking cube l_undef
Batch manager setting exception msg: context cancelled.
Batch manager setting exception msg: context cancelled.
unsat
(:added-eqs                   1049092
 :arith-eq-adapter            2941
 :arith-bound-propagations-lp 121205
 :arith-conflicts             510
 :arith-diseq                 86964
 :arith-fixed-eqs             129436
 :arith-lower                 76010
 :arith-make-feasible         40205
 :arith-max-columns           1661
 :arith-max-rows              681
 :arith-offset-eqs            42022
 :arith-upper                 132939
 :binary-propagations         2928238
 :conflicts                   18340
 :decisions                   434400
 :del-clause                  13022
 :max-memory                  113.13
 :memory                      19.16
 :minimized-lits              95131
 :mk-bool-var                 21651
 :mk-clause                   30209
 :mk-clause-binary            61303
 :num-allocs                  50180094
 :num-checks                  15
 :parallel-max-cube-size      2
 :parallel-num_cubes          8
 :propagations                4185338
 :restarts                    158
 :rlimit-count                12520631
 :time                        0.54
 :total-time                  1.91)
