Worker 0 created with 0 assumptions
Worker 1 created with 0 assumptions
Worker 2 created with 0 assumptions
Worker 3 created with 0 assumptions
null (a)

Worker 0 CUBE SIZE IN MAIN LOOP: 0
 Checking cube
with max_conflicts: 1000
null (a)

Worker 2 CUBE SIZE IN MAIN LOOP: 0
 Checking cube
with max_conflicts: 1000
null (a)

Worker 3 CUBE SIZE IN MAIN LOOP: 0
 Checking cube
with max_conflicts: 1000
null (a)

Worker 1 CUBE SIZE IN MAIN LOOP: 0
 Checking cube
with max_conflicts: 1000
Worker 0 DONE checking cube l_undef
Worker 0 found undef cube
Batch manager splitting on literal: (= i844 1)
null (o)
  (= i844 1) (a)
  (not (= i844 1)) (o)

Worker 0 CUBE SIZE IN MAIN LOOP: 1
 Checking cube
(= i844 1)
with max_conflicts: 1500
Worker 3 DONE checking cube l_undef
Worker 3 found undef cube
Batch manager splitting on literal: (= i844 1)
null (o)
  (= i844 1) (a)
  (not (= i844 1)) (a)

Worker 3 CUBE SIZE IN MAIN LOOP: 1
 Checking cube
(not (= i844 1))
with max_conflicts: 1500
Worker 2 DONE checking cube l_undef
Worker 2 found undef cube
Batch manager splitting on literal: (= i844 1)
null (o)
  (= i844 1) (a)
  (not (= i844 1)) (a)

Worker 1 DONE checking cube l_undef
Worker 1 found undef cube
Worker 2 CUBE SIZE IN MAIN LOOP: 1
 Checking cube
(= i844 1)
with max_conflicts: 1500
Batch manager splitting on literal: (= i844 1)
null (o)
  (= i844 1) (a)
  (not (= i844 1)) (a)

Worker 1 CUBE SIZE IN MAIN LOOP: 1
 Checking cube
(= i844 1)
with max_conflicts: 1500
Worker 3 DONE checking cube l_false
Worker 3 found unsat cube
Batch manager backtracking.
(not (= i844 1))

null (o)
  (= i844 1) (a)
  (not (= i844 1)) (c)
null (o)
  (= i844 1) (a)
  (not (= i844 1)) (c)

Worker 3 CUBE SIZE IN MAIN LOOP: 1
 Checking cube
(= i844 1)
with max_conflicts: 1500
Worker 0 DONE checking cube l_undef
Worker 0 found undef cube
Batch manager splitting on literal: (= (if (or #18719 #18281 #18284 #18290 #18331 #18236 #18264 #18241 #18253 #18219 #18141 #18209 #18259) (if #17946 #15858 467) (if #18375 #16076 243)) (if (or #18719 #18281 #18284 #18290 #18331 #18236 #18264 #18241 #18253 #18219 #18141 #18209 #18221 #17945) (if #17824 #15812 #15856) 467))
null (o)
  (= i844 1) (o)
    (= (if (or #18719 #18281 #18284 #18290 #18331 #18236 #18264 #18241 #18253 #18219 #18141 #18209 #18259) (if #17946 #15858 467) (if #18375 #16076 243)) (if (or #18719 #18281 #18284 #18290 #18331 #18236 #18264 #18241 #18253 #18219 #18141 #18209 #18221 #17945) (if #17824 #15812 #15856) 467)) (o)
    (not (= (if #18260 #15859 #16077) (if #17946 #15858 467))) (a)
  (not (= i844 1)) (c)

Worker 0 CUBE SIZE IN MAIN LOOP: 2
 Checking cube
(not (= (if #5113 #5166 #5149) (if #5157 #4998 467)))
(= i844 1)
with max_conflicts: 2250
Worker 0 DONE checking cube l_false
Worker 0 found unsat cube
Batch manager backtracking.
(not (= (if #5113 #5166 #5149) (if #5157 #4998 467)))

null (o)
  (= i844 1) (o)
    (= (if (or #18719 #18281 #18284 #18290 #18331 #18236 #18264 #18241 #18253 #18219 #18141 #18209 #18259) (if #17946 #15858 467) (if #18375 #16076 243)) (if (or #18719 #18281 #18284 #18290 #18331 #18236 #18264 #18241 #18253 #18219 #18141 #18209 #18221 #17945) (if #17824 #15812 #15856) 467)) (o)
    (not (= (if #18260 #15859 #16077) (if #17946 #15858 467))) (c)
  (not (= i844 1)) (c)
null (o)
  (= i844 1) (o)
    (= (if (or #18719 #18281 #18284 #18290 #18331 #18236 #18264 #18241 #18253 #18219 #18141 #18209 #18259) (if #17946 #15858 467) (if #18375 #16076 243)) (if (or #18719 #18281 #18284 #18290 #18331 #18236 #18264 #18241 #18253 #18219 #18141 #18209 #18221 #17945) (if #17824 #15812 #15856) 467)) (a)
    (not (= (if #18260 #15859 #16077) (if #17946 #15858 467))) (c)
  (not (= i844 1)) (c)

Worker 0 CUBE SIZE IN MAIN LOOP: 2
 Checking cube
(= (if (or #3574 #4240 #4245 #4255 #4263 #4280 #4289 #4308 #4317 #4329 #4354 #4362 #5112) (if #5157 #4998 467) (if #4239 #5148 243)) (if (or #3574 #4240 #4245 #4255 #4263 #4280 #4289 #4308 #4317 #4329 #4354 #4362 #4371 #5156) (if #5165 #5626 #5172) 467))
(= i844 1)
with max_conflicts: 2250
Worker 1 DONE checking cube l_undef
Worker 1 found undef cube
Batch manager splitting on literal: (= (if (or #18719 #18652 #18660 #18670 #18678 #18610 #18619 #18631 #18640 #18572 #18580 #18321 #18090) (if #17954 #21153 467) (if #18719 229 #12434)) 417)
null (o)
  (= i844 1) (o)
    (= (if (or #18719 #18281 #18284 #18290 #18331 #18236 #18264 #18241 #18253 #18219 #18141 #18209 #18259) (if #17946 #15858 467) (if #18375 #16076 243)) (if (or #18719 #18281 #18284 #18290 #18331 #18236 #18264 #18241 #18253 #18219 #18141 #18209 #18221 #17945) (if #17824 #15812 #15856) 467)) (a)
    (not (= (if #18260 #15859 #16077) (if #17946 #15858 467))) (c)
  (not (= i844 1)) (c)

Worker 1 CUBE SIZE IN MAIN LOOP: 2
 Checking cube
(= (if (or #3574 #4240 #4245 #4255 #4263 #4280 #4289 #4308 #4317 #4329 #4354 #4362 #5112) (if #5157 #4998 467) (if #4239 #5148 243)) (if (or #3574 #4240 #4245 #4255 #4263 #4280 #4289 #4308 #4317 #4329 #4354 #4362 #4371 #5156) (if #5165 #5626 #5172) 467))
(= i844 1)
with max_conflicts: 2250
Worker 2 DONE checking cube l_undef
Worker 2 found undef cube
Batch manager splitting on literal: (or (if (or #19340 #19347) (not #19351) (not #19361)) (not (or #4126 #4156 #4192 #19340 #19341 #19347 #19353 #19356 #19359 #19281 #19326 #19342 #19285)) (not (or #19362 #19286 #19288 #19323 #19358 #19322 #19321 #19298 #19319 #19305 #19307 #19309 #19224 #19226)) (not (or #19362 #19286 #19268)) (not (or #19362 #19286 #19244)) (not (or #19261 #19362 #19286 #19319)) (not (or #19218 #19205)))
null (o)
  (= i844 1) (o)
    (= (if (or #18719 #18281 #18284 #18290 #18331 #18236 #18264 #18241 #18253 #18219 #18141 #18209 #18259) (if #17946 #15858 467) (if #18375 #16076 243)) (if (or #18719 #18281 #18284 #18290 #18331 #18236 #18264 #18241 #18253 #18219 #18141 #18209 #18221 #17945) (if #17824 #15812 #15856) 467)) (a)
    (not (= (if #18260 #15859 #16077) (if #17946 #15858 467))) (c)
  (not (= i844 1)) (c)

Worker 2 CUBE SIZE IN MAIN LOOP: 2
 Checking cube
(= (if (or #3574 #4240 #4245 #4255 #4263 #4280 #4289 #4308 #4317 #4329 #4354 #4362 #5112) (if #5157 #4998 467) (if #4239 #5148 243)) (if (or #3574 #4240 #4245 #4255 #4263 #4280 #4289 #4308 #4317 #4329 #4354 #4362 #4371 #5156) (if #5165 #5626 #5172) 467))
(= i844 1)
with max_conflicts: 2250
Worker 3 DONE checking cube l_undef
Worker 3 found undef cube
Batch manager splitting on literal: (= (if (or #18719 #18281 #18284 #18290 #18331 #18236 #18264 #18241 #18253 #18219 #18141 #18209 #18259) (if #17946 #15858 467) (if #18375 #16076 243)) 417)
null (o)
  (= i844 1) (o)
    (= (if (or #18719 #18281 #18284 #18290 #18331 #18236 #18264 #18241 #18253 #18219 #18141 #18209 #18259) (if #17946 #15858 467) (if #18375 #16076 243)) (if (or #18719 #18281 #18284 #18290 #18331 #18236 #18264 #18241 #18253 #18219 #18141 #18209 #18221 #17945) (if #17824 #15812 #15856) 467)) (a)
    (not (= (if #18260 #15859 #16077) (if #17946 #15858 467))) (c)
  (not (= i844 1)) (c)

Worker 3 CUBE SIZE IN MAIN LOOP: 2
 Checking cube
(= (if (or #3574 #4240 #4245 #4255 #4263 #4280 #4289 #4308 #4317 #4329 #4354 #4362 #5112) (if #5157 #4998 467) (if #4239 #5148 243)) (if (or #3574 #4240 #4245 #4255 #4263 #4280 #4289 #4308 #4317 #4329 #4354 #4362 #4371 #5156) (if #5165 #5626 #5172) 467))
(= i844 1)
with max_conflicts: 2250
Worker 2 DONE checking cube l_undef
Worker 2 found undef cube
Batch manager splitting on literal: (or (if (or #19340 #19347) (not #19351) (not #19361)) (not (or #4126 #4156 #4192 #19340 #19341 #19347 #19353 #19356 #19359 #19281 #19326 #19342 #19285)) (not (or #19362 #19286 #19288 #19323 #19358 #19322 #19321 #19298 #19319 #19305 #19307 #19309 #19224 #19226)) (not (or #19362 #19286 #19268)) (not (or #19362 #19286 #19244)) (not (or #19261 #19362 #19286 #19319)) (not (or #19218 #19205)))
null (o)
  (= i844 1) (o)
    (= (if (or #18719 #18281 #18284 #18290 #18331 #18236 #18264 #18241 #18253 #18219 #18141 #18209 #18259) (if #17946 #15858 467) (if #18375 #16076 243)) (if (or #18719 #18281 #18284 #18290 #18331 #18236 #18264 #18241 #18253 #18219 #18141 #18209 #18221 #17945) (if #17824 #15812 #15856) 467)) (o)
      (or (if (or #19340 #19347) (not #19351) (not #19361)) (not (or #4126 #4156 #4192 #19340 #19341 #19347 #19353 #19356 #19359 #19281 #19326 #19342 #19285)) (not (or #19362 #19286 #19288 #19323 #19358 #19322 #19321 #19298 #19319 #19305 #19307 #19309 #19224 #19226)) (not (or #19362 #19286 #19268)) (not (or #19362 #19286 #19244)) (not (or #19261 #19362 #19286 #19319)) (not (or #19218 #19205))) (a)
      (not (or (if #19348 #19412 #19410) (not #19346) (not #19272) (not #19241) (not #19245) (not #19255) (not #19215))) (o)
    (not (= (if #18260 #15859 #16077) (if #17946 #15858 467))) (c)
  (not (= i844 1)) (c)

Worker 2 CUBE SIZE IN MAIN LOOP: 3
 Checking cube
(or (if (or #1504 #1788) (not #1792) (not #1801)) (not (or #28 #32 #48 #1504 #1506 #1788 #1796 #1798 #1800 #1819 #1824 #1836 #1838)) (not (or #1803 #1840 #1847 #1849 #1851 #1853 #1864 #1867 #1874 #1880 #1882 #1884 #1891 #1893)) (not (or #1803 #1840 #1951)) (not (or #1803 #1840 #1957)) (not (or #1511 #1803 #1840 #1874)) (not (or #1997 #2030)))
(= (if (or #3574 #4240 #4245 #4255 #4263 #4280 #4289 #4308 #4317 #4329 #4354 #4362 #5112) (if #5157 #4998 467) (if #4239 #5148 243)) (if (or #3574 #4240 #4245 #4255 #4263 #4280 #4289 #4308 #4317 #4329 #4354 #4362 #4371 #5156) (if #5165 #5626 #5172) 467))
(= i844 1)
with max_conflicts: 3375
Worker 1 DONE checking cube l_undef
Worker 1 found undef cube
Batch manager splitting on literal: (= (if (or #18719 #18281 #18284 #18290 #18331 #18236 #18264 #18241 #18253 #18219 #18141 #18209 #18259) (if #17946 #15858 467) (if #18375 #16076 243)) 139)
null (o)
  (= i844 1) (o)
    (= (if (or #18719 #18281 #18284 #18290 #18331 #18236 #18264 #18241 #18253 #18219 #18141 #18209 #18259) (if #17946 #15858 467) (if #18375 #16076 243)) (if (or #18719 #18281 #18284 #18290 #18331 #18236 #18264 #18241 #18253 #18219 #18141 #18209 #18221 #17945) (if #17824 #15812 #15856) 467)) (o)
      (or (if (or #19340 #19347) (not #19351) (not #19361)) (not (or #4126 #4156 #4192 #19340 #19341 #19347 #19353 #19356 #19359 #19281 #19326 #19342 #19285)) (not (or #19362 #19286 #19288 #19323 #19358 #19322 #19321 #19298 #19319 #19305 #19307 #19309 #19224 #19226)) (not (or #19362 #19286 #19268)) (not (or #19362 #19286 #19244)) (not (or #19261 #19362 #19286 #19319)) (not (or #19218 #19205))) (a)
      (not (or (if #19348 #19412 #19410) (not #19346) (not #19272) (not #19241) (not #19245) (not #19255) (not #19215))) (a)
    (not (= (if #18260 #15859 #16077) (if #17946 #15858 467))) (c)
  (not (= i844 1)) (c)

Worker 1 CUBE SIZE IN MAIN LOOP: 3
 Checking cube
(not (or (if #1789 #1793 #1802) (not #1839) (not #1894) (not #1952) (not #1958) (not #1512) (not #2031)))
(= (if (or #3574 #4240 #4245 #4255 #4263 #4280 #4289 #4308 #4317 #4329 #4354 #4362 #5112) (if #5157 #4998 467) (if #4239 #5148 243)) (if (or #3574 #4240 #4245 #4255 #4263 #4280 #4289 #4308 #4317 #4329 #4354 #4362 #4371 #5156) (if #5165 #5626 #5172) 467))
(= i844 1)
with max_conflicts: 3375
Worker 0 DONE checking cube l_undef
Worker 0 found undef cube
Batch manager splitting on literal: (or (if (or #19340 #19347) (not #19351) (not #19361)) (not (or #4126 #4156 #4192 #19340 #19341 #19347 #19353 #19356 #19359 #19281 #19326 #19342 #19285)) (not (or #19362 #19286 #19288 #19323 #19358 #19322 #19321 #19298 #19319 #19305 #19307 #19309 #19224 #19226)) (not (or #19362 #19286 #19268)) (not (or #19362 #19286 #19244)) (not (or #19261 #19362 #19286 #19319)) (not (or #19218 #19205)))
null (o)
  (= i844 1) (o)
    (= (if (or #18719 #18281 #18284 #18290 #18331 #18236 #18264 #18241 #18253 #18219 #18141 #18209 #18259) (if #17946 #15858 467) (if #18375 #16076 243)) (if (or #18719 #18281 #18284 #18290 #18331 #18236 #18264 #18241 #18253 #18219 #18141 #18209 #18221 #17945) (if #17824 #15812 #15856) 467)) (o)
      (or (if (or #19340 #19347) (not #19351) (not #19361)) (not (or #4126 #4156 #4192 #19340 #19341 #19347 #19353 #19356 #19359 #19281 #19326 #19342 #19285)) (not (or #19362 #19286 #19288 #19323 #19358 #19322 #19321 #19298 #19319 #19305 #19307 #19309 #19224 #19226)) (not (or #19362 #19286 #19268)) (not (or #19362 #19286 #19244)) (not (or #19261 #19362 #19286 #19319)) (not (or #19218 #19205))) (a)
      (not (or (if #19348 #19412 #19410) (not #19346) (not #19272) (not #19241) (not #19245) (not #19255) (not #19215))) (a)
    (not (= (if #18260 #15859 #16077) (if #17946 #15858 467))) (c)
  (not (= i844 1)) (c)

Worker 0 CUBE SIZE IN MAIN LOOP: 3
 Checking cube
(or (if (or #1504 #1788) (not #1792) (not #1801)) (not (or #28 #32 #48 #1504 #1506 #1788 #1796 #1798 #1800 #1819 #1824 #1836 #1838)) (not (or #1803 #1840 #1847 #1849 #1851 #1853 #1864 #1867 #1874 #1880 #1882 #1884 #1891 #1893)) (not (or #1803 #1840 #1951)) (not (or #1803 #1840 #1957)) (not (or #1511 #1803 #1840 #1874)) (not (or #1997 #2030)))
(= (if (or #3574 #4240 #4245 #4255 #4263 #4280 #4289 #4308 #4317 #4329 #4354 #4362 #5112) (if #5157 #4998 467) (if #4239 #5148 243)) (if (or #3574 #4240 #4245 #4255 #4263 #4280 #4289 #4308 #4317 #4329 #4354 #4362 #4371 #5156) (if #5165 #5626 #5172) 467))
(= i844 1)
with max_conflicts: 3375
Worker 3 DONE checking cube l_false
Worker 3 found unsat cube
Batch manager backtracking.
(= i844 1)

null (c)
  (= i844 1) (c)
    (= (if (or #18719 #18281 #18284 #18290 #18331 #18236 #18264 #18241 #18253 #18219 #18141 #18209 #18259) (if #17946 #15858 467) (if #18375 #16076 243)) (if (or #18719 #18281 #18284 #18290 #18331 #18236 #18264 #18241 #18253 #18219 #18141 #18209 #18221 #17945) (if #17824 #15812 #15856) 467)) (c)
      (or (if (or #19340 #19347) (not #19351) (not #19361)) (not (or #4126 #4156 #4192 #19340 #19341 #19347 #19353 #19356 #19359 #19281 #19326 #19342 #19285)) (not (or #19362 #19286 #19288 #19323 #19358 #19322 #19321 #19298 #19319 #19305 #19307 #19309 #19224 #19226)) (not (or #19362 #19286 #19268)) (not (or #19362 #19286 #19244)) (not (or #19261 #19362 #19286 #19319)) (not (or #19218 #19205))) (c)
      (not (or (if #19348 #19412 #19410) (not #19346) (not #19272) (not #19241) (not #19245) (not #19255) (not #19215))) (c)
    (not (= (if #18260 #15859 #16077) (if #17946 #15858 467))) (c)
  (not (= i844 1)) (c)
Canceling workers
Worker 0 canceling
Worker 1 canceling
Worker 2 canceling
Worker 3 canceling
all done
Worker 3 no more cubes
Worker 1 DONE checking cube l_undef
Batch manager setting exception msg: context cancelled.
Worker 0 DONE checking cube l_undef
Batch manager setting exception msg: context cancelled.
Worker 2 DONE checking cube l_undef
Batch manager setting exception msg: context cancelled.
unsat
(:added-eqs                   1140972
 :arith-eq-adapter            2983
 :arith-bound-propagations-lp 150864
 :arith-conflicts             584
 :arith-diseq                 105853
 :arith-fixed-eqs             149152
 :arith-lower                 101265
 :arith-make-feasible         46195
 :arith-max-columns           1655
 :arith-max-rows              675
 :arith-offset-eqs            45517
 :arith-upper                 168275
 :binary-propagations         3497177
 :conflicts                   19691
 :decisions                   444139
 :del-clause                  17905
 :max-memory                  113.48
 :memory                      19.30
 :minimized-lits              104671
 :mk-bool-var                 21807
 :mk-clause                   31659
 :mk-clause-binary            61461
 :num-allocs                  53632448
 :num-checks                  18
 :parallel-max-cube-size      3
 :parallel-num_cubes          11
 :propagations                5004080
 :restarts                    169
 :rlimit-count                14081720
 :time                        0.62
 :total-time                  2.21)
