Worker 0 created with 0 assumptions
Worker 1 created with 0 assumptions
Worker 2 created with 0 assumptions
Worker 3 created with 0 assumptions
null (a)

Worker 2 CUBE SIZE IN MAIN LOOP: 0
 Checking cube
with max_conflicts: 1000
null (a)

Worker 0 CUBE SIZE IN MAIN LOOP: 0
 Checking cube
with max_conflicts: 1000
null (a)

Worker 1 CUBE SIZE IN MAIN LOOP: 0
 Checking cube
with max_conflicts: 1000
null (a)

Worker 3 CUBE SIZE IN MAIN LOOP: 0
 Checking cube
with max_conflicts: 1000
Worker 0 DONE checking cube l_undef
Worker 0 found undef cube
Batch manager splitting on literal: (= (if (or #18355 #21081 #21091 #21053 #21063 #20962 #20930 #20911 #20823 #20790 #20592 #15868) (if #15712 #13712 467) (if #21079 #14053 224)) 417)
Worker 1 DONE checking cube l_undef
Worker 1 found undef cube
Batch manager splitting on literal: (= i844 1)
null (o)
  (= (if (or #18355 #21081 #21091 #21053 #21063 #20962 #20930 #20911 #20823 #20790 #20592 #15868) (if #15712 #13712 467) (if #21079 #14053 224)) 417) (a)
  (not (= (if #15870 #13713 #14054) 417)) (o)

Worker 0 CUBE SIZE IN MAIN LOOP: 1
 Checking cube
(= (if (or #4240 #4941 #4949 #4953 #4963 #4980 #5012 #5031 #5040 #5048 #5056 #5822) (if #5869 #5897 467) (if #4940 #5858 224)) 417)
with max_conflicts: 1500
null (o)
  (= (if (or #18355 #21081 #21091 #21053 #21063 #20962 #20930 #20911 #20823 #20790 #20592 #15868) (if #15712 #13712 467) (if #21079 #14053 224)) 417) (a)
  (not (= (if #15870 #13713 #14054) 417)) (a)

Worker 1 CUBE SIZE IN MAIN LOOP: 1
 Checking cube
(not (= (if #5823 #5880 #5859) 417))
with max_conflicts: 1500
Worker 3 DONE checking cube l_undef
Worker 3 found undef cube
Batch manager splitting on literal: (= i844 1)
null (o)
  (= (if (or #18355 #21081 #21091 #21053 #21063 #20962 #20930 #20911 #20823 #20790 #20592 #15868) (if #15712 #13712 467) (if #21079 #14053 224)) 417) (a)
  (not (= (if #15870 #13713 #14054) 417)) (a)

Worker 3 CUBE SIZE IN MAIN LOOP: 1
 Checking cube
(= (if (or #4240 #4941 #4949 #4953 #4963 #4980 #5012 #5031 #5040 #5048 #5056 #5822) (if #5869 #5897 467) (if #4940 #5858 224)) 417)
with max_conflicts: 1500
Worker 2 DONE checking cube l_undef
Worker 2 found undef cube
Batch manager splitting on literal: (<= (+ (if #4125 143 0) (* -1 #4566)) 0)
null (o)
  (= (if (or #18355 #21081 #21091 #21053 #21063 #20962 #20930 #20911 #20823 #20790 #20592 #15868) (if #15712 #13712 467) (if #21079 #14053 224)) 417) (a)
  (not (= (if #15870 #13713 #14054) 417)) (a)

Worker 2 CUBE SIZE IN MAIN LOOP: 1
 Checking cube
(= (if (or #4240 #4941 #4949 #4953 #4963 #4980 #5012 #5031 #5040 #5048 #5056 #5822) (if #5869 #5897 467) (if #4940 #5858 224)) 417)
with max_conflicts: 1500
Worker 0 DONE checking cube l_false
Worker 0 found unsat cube
Batch manager backtracking.
(= (if (or #4240 #4941 #4949 #4953 #4963 #4980 #5012 #5031 #5040 #5048 #5056 #5822) (if #5869 #5897 467) (if #4940 #5858 224)) 417)

null (o)
  (= (if (or #18355 #21081 #21091 #21053 #21063 #20962 #20930 #20911 #20823 #20790 #20592 #15868) (if #15712 #13712 467) (if #21079 #14053 224)) 417) (c)
  (not (= (if #15870 #13713 #14054) 417)) (a)
null (o)
  (= (if (or #18355 #21081 #21091 #21053 #21063 #20962 #20930 #20911 #20823 #20790 #20592 #15868) (if #15712 #13712 467) (if #21079 #14053 224)) 417) (c)
  (not (= (if #15870 #13713 #14054) 417)) (a)

Worker 0 CUBE SIZE IN MAIN LOOP: 1
 Checking cube
(not (= (if #5823 #5880 #5859) 417))
with max_conflicts: 1500
Worker 3 DONE checking cube l_false
Worker 3 found unsat cube
Batch manager backtracking.
(= (if (or #4240 #4941 #4949 #4953 #4963 #4980 #5012 #5031 #5040 #5048 #5056 #5822) (if #5869 #5897 467) (if #4940 #5858 224)) 417)

null (o)
  (= (if (or #18355 #21081 #21091 #21053 #21063 #20962 #20930 #20911 #20823 #20790 #20592 #15868) (if #15712 #13712 467) (if #21079 #14053 224)) 417) (c)
  (not (= (if #15870 #13713 #14054) 417)) (a)
null (o)
  (= (if (or #18355 #21081 #21091 #21053 #21063 #20962 #20930 #20911 #20823 #20790 #20592 #15868) (if #15712 #13712 467) (if #21079 #14053 224)) 417) (c)
  (not (= (if #15870 #13713 #14054) 417)) (a)

Worker 3 CUBE SIZE IN MAIN LOOP: 1
 Checking cube
(not (= (if #5823 #5880 #5859) 417))
with max_conflicts: 1500
Worker 2 DONE checking cube l_false
Worker 2 found unsat cube
Batch manager backtracking.
(= (if (or #4240 #4941 #4949 #4953 #4963 #4980 #5012 #5031 #5040 #5048 #5056 #5822) (if #5869 #5897 467) (if #4940 #5858 224)) 417)

null (o)
  (= (if (or #18355 #21081 #21091 #21053 #21063 #20962 #20930 #20911 #20823 #20790 #20592 #15868) (if #15712 #13712 467) (if #21079 #14053 224)) 417) (c)
  (not (= (if #15870 #13713 #14054) 417)) (a)
null (o)
  (= (if (or #18355 #21081 #21091 #21053 #21063 #20962 #20930 #20911 #20823 #20790 #20592 #15868) (if #15712 #13712 467) (if #21079 #14053 224)) 417) (c)
  (not (= (if #15870 #13713 #14054) 417)) (a)

Worker 2 CUBE SIZE IN MAIN LOOP: 1
 Checking cube
(not (= (if #5823 #5880 #5859) 417))
with max_conflicts: 1500
Worker 1 DONE checking cube l_undef
Worker 1 found undef cube
Batch manager splitting on literal: (= i844 1)
null (o)
  (= (if (or #18355 #21081 #21091 #21053 #21063 #20962 #20930 #20911 #20823 #20790 #20592 #15868) (if #15712 #13712 467) (if #21079 #14053 224)) 417) (c)
  (not (= (if #15870 #13713 #14054) 417)) (o)
    (= i844 1) (o)
    (not (= i844 1)) (a)

Worker 1 CUBE SIZE IN MAIN LOOP: 2
 Checking cube
(not (= i844 1))
(not (= (if #5823 #5880 #5859) 417))
with max_conflicts: 2250
Worker 1 DONE checking cube l_false
Worker 1 found unsat cube
Batch manager backtracking.
(not (= i844 1))

null (o)
  (= (if (or #18355 #21081 #21091 #21053 #21063 #20962 #20930 #20911 #20823 #20790 #20592 #15868) (if #15712 #13712 467) (if #21079 #14053 224)) 417) (c)
  (not (= (if #15870 #13713 #14054) 417)) (o)
    (= i844 1) (o)
    (not (= i844 1)) (c)
null (o)
  (= (if (or #18355 #21081 #21091 #21053 #21063 #20962 #20930 #20911 #20823 #20790 #20592 #15868) (if #15712 #13712 467) (if #21079 #14053 224)) 417) (c)
  (not (= (if #15870 #13713 #14054) 417)) (o)
    (= i844 1) (a)
    (not (= i844 1)) (c)

Worker 1 CUBE SIZE IN MAIN LOOP: 2
 Checking cube
(= i844 1)
(not (= (if #5823 #5880 #5859) 417))
with max_conflicts: 2250
Worker 0 DONE checking cube l_undef
Worker 0 found undef cube
Batch manager splitting on literal: (= i844 1)
null (o)
  (= (if (or #18355 #21081 #21091 #21053 #21063 #20962 #20930 #20911 #20823 #20790 #20592 #15868) (if #15712 #13712 467) (if #21079 #14053 224)) 417) (c)
  (not (= (if #15870 #13713 #14054) 417)) (o)
    (= i844 1) (a)
    (not (= i844 1)) (c)

Worker 0 CUBE SIZE IN MAIN LOOP: 2
 Checking cube
(= i844 1)
(not (= (if #5823 #5880 #5859) 417))
with max_conflicts: 2250
Worker 3 DONE checking cube l_undef
Worker 3 found undef cube
Batch manager splitting on literal: (= i844 1)
null (o)
  (= (if (or #18355 #21081 #21091 #21053 #21063 #20962 #20930 #20911 #20823 #20790 #20592 #15868) (if #15712 #13712 467) (if #21079 #14053 224)) 417) (c)
  (not (= (if #15870 #13713 #14054) 417)) (o)
    (= i844 1) (a)
    (not (= i844 1)) (c)

Worker 3 CUBE SIZE IN MAIN LOOP: 2
 Checking cube
(= i844 1)
(not (= (if #5823 #5880 #5859) 417))
with max_conflicts: 2250
Worker 2 DONE checking cube l_undef
Worker 2 found undef cube
Batch manager splitting on literal: (<= (+ (if #4125 143 0) (* -1 #4566)) 0)
null (o)
  (= (if (or #18355 #21081 #21091 #21053 #21063 #20962 #20930 #20911 #20823 #20790 #20592 #15868) (if #15712 #13712 467) (if #21079 #14053 224)) 417) (c)
  (not (= (if #15870 #13713 #14054) 417)) (o)
    (= i844 1) (a)
    (not (= i844 1)) (c)

Worker 2 CUBE SIZE IN MAIN LOOP: 2
 Checking cube
(= i844 1)
(not (= (if #5823 #5880 #5859) 417))
with max_conflicts: 2250
Worker 1 DONE checking cube l_undef
Worker 1 found undef cube
Batch manager splitting on literal: (= (if (or #13313 #11758 #11762 #11680 #11688 #11664 #11672 #11657 #11625 #10819 #10722 #10703 #10569 #25649) (if #25669 #25965 467) (if #11757 #25860 224)) 133)
null (o)
  (= (if (or #18355 #21081 #21091 #21053 #21063 #20962 #20930 #20911 #20823 #20790 #20592 #15868) (if #15712 #13712 467) (if #21079 #14053 224)) 417) (c)
  (not (= (if #15870 #13713 #14054) 417)) (o)
    (= i844 1) (o)
      (= (if (or #13313 #11758 #11762 #11680 #11688 #11664 #11672 #11657 #11625 #10819 #10722 #10703 #10569 #25649) (if #25669 #25965 467) (if #11757 #25860 224)) 133) (a)
      (not (= (if #25650 #25966 #25861) 133)) (o)
    (not (= i844 1)) (c)

Worker 1 CUBE SIZE IN MAIN LOOP: 3
 Checking cube
(= (if (or #9203 #9437 #9441 #9454 #9462 #9470 #9478 #9495 #9504 #9523 #9532 #9540 #9548 #10022) (if #10063 #10087 467) (if #9436 #10054 224)) 133)
(= i844 1)
(not (= (if #5823 #5880 #5859) 417))
with max_conflicts: 3375
Worker 0 DONE checking cube l_false
Worker 0 found unsat cube
Batch manager backtracking.
(not (= (if #5823 #5880 #5859) 417))

null (c)
  (= (if (or #18355 #21081 #21091 #21053 #21063 #20962 #20930 #20911 #20823 #20790 #20592 #15868) (if #15712 #13712 467) (if #21079 #14053 224)) 417) (c)
  (not (= (if #15870 #13713 #14054) 417)) (c)
    (= i844 1) (c)
      (= (if (or #13313 #11758 #11762 #11680 #11688 #11664 #11672 #11657 #11625 #10819 #10722 #10703 #10569 #25649) (if #25669 #25965 467) (if #11757 #25860 224)) 133) (c)
      (not (= (if #25650 #25966 #25861) 133)) (c)
    (not (= i844 1)) (c)
Canceling workers
Worker 0 canceling
Worker 1 canceling
Worker 2 canceling
Worker 3 canceling
Worker 3 DONE checking cube l_undef
Worker 2 DONE checking cube l_undef
all done
Worker 0 no more cubes
Batch manager setting exception msg: context cancelled.
Batch manager setting exception msg: context cancelled.
Worker 1 DONE checking cube l_undef
Batch manager setting exception msg: context cancelled.
unsat
(:added-eqs                   1277769
 :arith-eq-adapter            3232
 :arith-bound-propagations-lp 151361
 :arith-conflicts             573
 :arith-diseq                 99053
 :arith-fixed-eqs             155313
 :arith-lower                 92529
 :arith-make-feasible         47395
 :arith-max-columns           1660
 :arith-max-rows              680
 :arith-offset-eqs            46306
 :arith-upper                 158641
 :binary-propagations         3526402
 :conflicts                   21237
 :decisions                   483398
 :del-clause                  17622
 :max-memory                  113.69
 :memory                      19.36
 :minimized-lits              119302
 :mk-bool-var                 22573
 :mk-clause                   33897
 :mk-clause-binary            61317
 :num-allocs                  55034140
 :num-checks                  18
 :parallel-max-cube-size      3
 :parallel-num_cubes          9
 :propagations                4996204
 :restarts                    183
 :rlimit-count                14645978
 :time                        0.62
 :total-time                  2.23)
