Worker 0 created with 0 assumptions
Worker 1 created with 0 assumptions
Worker 2 created with 0 assumptions
Worker 3 created with 0 assumptions
null (a)

Worker 0 CUBE SIZE IN MAIN LOOP: 0
 Checking cube
with max_conflicts: 1000
null (a)

Worker 1 CUBE SIZE IN MAIN LOOP: 0
 Checking cube
with max_conflicts: 1000
null (a)

Worker 3 CUBE SIZE IN MAIN LOOP: 0
 Checking cube
with max_conflicts: 1000
null (a)

Worker 2 CUBE SIZE IN MAIN LOOP: 0
 Checking cube
with max_conflicts: 1000
Worker 3 DONE checking cube l_undef
Worker 3 found undef cube
Batch manager splitting on literal: (= i844 1)
null (o)
  (= i844 1) (a)
  (not (= i844 1)) (o)

Worker 3 CUBE SIZE IN MAIN LOOP: 1
 Checking cube
(= i844 1)
with max_conflicts: 1500
Worker 2 DONE checking cube l_undef
Worker 2 found undef cube
Batch manager splitting on literal: (= i844 1)
null (o)
  (= i844 1) (a)
  (not (= i844 1)) (a)

Worker 2 CUBE SIZE IN MAIN LOOP: 1
 Checking cube
(not (= i844 1))
with max_conflicts: 1500
Worker 0 DONE checking cube l_undef
Worker 0 found undef cube
Batch manager splitting on literal: (= i844 1)
null (o)
  (= i844 1) (a)
  (not (= i844 1)) (a)

Worker 1 DONE checking cube l_undef
Worker 1 found undef cube
Worker 0 CUBE SIZE IN MAIN LOOP: 1
 Checking cube
(= i844 1)
with max_conflicts: 1500
Batch manager splitting on literal: (<= (+ (if #4125 143 0) (* -1 #4566)) 0)
null (o)
  (= i844 1) (a)
  (not (= i844 1)) (a)

Worker 1 CUBE SIZE IN MAIN LOOP: 1
 Checking cube
(= i844 1)
with max_conflicts: 1500
Worker 2 DONE checking cube l_false
Worker 2 found unsat cube
Batch manager backtracking.
(not (= i844 1))

null (o)
  (= i844 1) (a)
  (not (= i844 1)) (c)
null (o)
  (= i844 1) (a)
  (not (= i844 1)) (c)

Worker 2 CUBE SIZE IN MAIN LOOP: 1
 Checking cube
(= i844 1)
with max_conflicts: 1500
Worker 3 DONE checking cube l_undef
Worker 3 found undef cube
Batch manager splitting on literal: (= (if (or #18281 #21081 #21091 #21053 #21063 #20962 #20930 #20911 #20823 #20790 #20592 #14346) (if #14209 #13303 467) (if #21079 #13638 224)) 417)
null (o)
  (= i844 1) (o)
    (= (if (or #18281 #21081 #21091 #21053 #21063 #20962 #20930 #20911 #20823 #20790 #20592 #14346) (if #14209 #13303 467) (if #21079 #13638 224)) 417) (o)
    (not (= (if #14347 #13304 #13639) 417)) (a)
  (not (= i844 1)) (c)

Worker 3 CUBE SIZE IN MAIN LOOP: 2
 Checking cube
(not (= (if #5823 #5880 #5859) 417))
(= i844 1)
with max_conflicts: 2250
Worker 1 DONE checking cube l_undef
Worker 1 found undef cube
Batch manager splitting on literal: (or (not (= i844 1)) (= i1041 0) (not (or #4126 #4151 #4182)) (if (or #4126 #4151) (not #19336) (not #19416)) (not (or #4126 #4156 #19417 #19341 #19415 #19345)) (if (or #19340 #19347) (not #19351) (not #19361)) (if (or #19340 #19347) (= #19349 0) (not #19366)) (not (or #4126 #4151 #19339 #19340 #19347 #19334)) (not (or #4126 #4151 #19339 #19334)))
null (o)
  (= i844 1) (o)
    (= (if (or #18281 #21081 #21091 #21053 #21063 #20962 #20930 #20911 #20823 #20790 #20592 #14346) (if #14209 #13303 467) (if #21079 #13638 224)) 417) (a)
    (not (= (if #14347 #13304 #13639) 417)) (a)
  (not (= i844 1)) (c)

Worker 1 CUBE SIZE IN MAIN LOOP: 2
 Checking cube
(= (if (or #4240 #4941 #4949 #4953 #4963 #4980 #5012 #5031 #5040 #5048 #5056 #5822) (if #5869 #5897 467) (if #4940 #5858 224)) 417)
(= i844 1)
with max_conflicts: 2250
Worker 0 DONE checking cube l_undef
Worker 0 found undef cube
Batch manager splitting on literal: (= (if (or #19089 #18932 #18280 #18888 #18860 #18865 #18868 #18265 #18873 #18808 #18879 #18831 #18792 #18804 #18499) (if #18435 #18308 467) (if #18853 #18430 #18398)) 261)
null (o)
  (= i844 1) (o)
    (= (if (or #18281 #21081 #21091 #21053 #21063 #20962 #20930 #20911 #20823 #20790 #20592 #14346) (if #14209 #13303 467) (if #21079 #13638 224)) 417) (a)
    (not (= (if #14347 #13304 #13639) 417)) (a)
  (not (= i844 1)) (c)

Worker 0 CUBE SIZE IN MAIN LOOP: 2
 Checking cube
(= (if (or #4240 #4941 #4949 #4953 #4963 #4980 #5012 #5031 #5040 #5048 #5056 #5822) (if #5869 #5897 467) (if #4940 #5858 224)) 417)
(= i844 1)
with max_conflicts: 2250
Worker 1 DONE checking cube l_false
Worker 1 found unsat cube
Batch manager backtracking.
(= (if (or #4240 #4941 #4949 #4953 #4963 #4980 #5012 #5031 #5040 #5048 #5056 #5822) (if #5869 #5897 467) (if #4940 #5858 224)) 417)

null (o)
  (= i844 1) (o)
    (= (if (or #18281 #21081 #21091 #21053 #21063 #20962 #20930 #20911 #20823 #20790 #20592 #14346) (if #14209 #13303 467) (if #21079 #13638 224)) 417) (c)
    (not (= (if #14347 #13304 #13639) 417)) (a)
  (not (= i844 1)) (c)
null (o)
  (= i844 1) (o)
    (= (if (or #18281 #21081 #21091 #21053 #21063 #20962 #20930 #20911 #20823 #20790 #20592 #14346) (if #14209 #13303 467) (if #21079 #13638 224)) 417) (c)
    (not (= (if #14347 #13304 #13639) 417)) (a)
  (not (= i844 1)) (c)

Worker 1 CUBE SIZE IN MAIN LOOP: 2
 Checking cube
(not (= (if #5823 #5880 #5859) 417))
(= i844 1)
with max_conflicts: 2250
Worker 2 DONE checking cube l_undef
Worker 2 found undef cube
Batch manager splitting on literal: (= (if (or #18281 #21081 #21091 #21053 #21063 #20962 #20930 #20911 #20823 #20790 #20592 #14346) (if #14209 #13303 467) (if #21079 #13638 224)) 417)
null (o)
  (= i844 1) (o)
    (= (if (or #18281 #21081 #21091 #21053 #21063 #20962 #20930 #20911 #20823 #20790 #20592 #14346) (if #14209 #13303 467) (if #21079 #13638 224)) 417) (c)
    (not (= (if #14347 #13304 #13639) 417)) (a)
  (not (= i844 1)) (c)

Worker 2 CUBE SIZE IN MAIN LOOP: 2
 Checking cube
(not (= (if #5823 #5880 #5859) 417))
(= i844 1)
with max_conflicts: 2250
Worker 0 DONE checking cube l_false
Worker 0 found unsat cube
Batch manager backtracking.
(= (if (or #4240 #4941 #4949 #4953 #4963 #4980 #5012 #5031 #5040 #5048 #5056 #5822) (if #5869 #5897 467) (if #4940 #5858 224)) 417)

null (o)
  (= i844 1) (o)
    (= (if (or #18281 #21081 #21091 #21053 #21063 #20962 #20930 #20911 #20823 #20790 #20592 #14346) (if #14209 #13303 467) (if #21079 #13638 224)) 417) (c)
    (not (= (if #14347 #13304 #13639) 417)) (a)
  (not (= i844 1)) (c)
null (o)
  (= i844 1) (o)
    (= (if (or #18281 #21081 #21091 #21053 #21063 #20962 #20930 #20911 #20823 #20790 #20592 #14346) (if #14209 #13303 467) (if #21079 #13638 224)) 417) (c)
    (not (= (if #14347 #13304 #13639) 417)) (a)
  (not (= i844 1)) (c)

Worker 0 CUBE SIZE IN MAIN LOOP: 2
 Checking cube
(not (= (if #5823 #5880 #5859) 417))
(= i844 1)
with max_conflicts: 2250
Worker 3 DONE checking cube l_undef
Worker 3 found undef cube
Batch manager splitting on literal: (= (if (or #21081 #15866 #15906 #15916 #15720 #15561 #15572 #15582 #15389 #15398 #14406 #12234) (if #12143 #11752 467) (if #15864 #11817 224)) 417)
null (o)
  (= i844 1) (o)
    (= (if (or #18281 #21081 #21091 #21053 #21063 #20962 #20930 #20911 #20823 #20790 #20592 #14346) (if #14209 #13303 467) (if #21079 #13638 224)) 417) (c)
    (not (= (if #14347 #13304 #13639) 417)) (o)
      (= (if (or #21081 #15866 #15906 #15916 #15720 #15561 #15572 #15582 #15389 #15398 #14406 #12234) (if #12143 #11752 467) (if #15864 #11817 224)) 417) (a)
      (not (= (if #12235 #11753 #11818) 417)) (o)
  (not (= i844 1)) (c)

Worker 3 CUBE SIZE IN MAIN LOOP: 3
 Checking cube
(= (if (or #4941 #5641 #5646 #5660 #5693 #5733 #5758 #5767 #6081 #6122 #6520 #6629) (if #6672 #6696 467) (if #5640 #6663 224)) 417)
(not (= (if #5823 #5880 #5859) 417))
(= i844 1)
with max_conflicts: 3375
Worker 3 DONE checking cube l_false
Worker 3 found unsat cube
Batch manager backtracking.
(= (if (or #4941 #5641 #5646 #5660 #5693 #5733 #5758 #5767 #6081 #6122 #6520 #6629) (if #6672 #6696 467) (if #5640 #6663 224)) 417)

null (o)
  (= i844 1) (o)
    (= (if (or #18281 #21081 #21091 #21053 #21063 #20962 #20930 #20911 #20823 #20790 #20592 #14346) (if #14209 #13303 467) (if #21079 #13638 224)) 417) (c)
    (not (= (if #14347 #13304 #13639) 417)) (o)
      (= (if (or #21081 #15866 #15906 #15916 #15720 #15561 #15572 #15582 #15389 #15398 #14406 #12234) (if #12143 #11752 467) (if #15864 #11817 224)) 417) (c)
      (not (= (if #12235 #11753 #11818) 417)) (o)
  (not (= i844 1)) (c)
null (o)
  (= i844 1) (o)
    (= (if (or #18281 #21081 #21091 #21053 #21063 #20962 #20930 #20911 #20823 #20790 #20592 #14346) (if #14209 #13303 467) (if #21079 #13638 224)) 417) (c)
    (not (= (if #14347 #13304 #13639) 417)) (o)
      (= (if (or #21081 #15866 #15906 #15916 #15720 #15561 #15572 #15582 #15389 #15398 #14406 #12234) (if #12143 #11752 467) (if #15864 #11817 224)) 417) (c)
      (not (= (if #12235 #11753 #11818) 417)) (a)
  (not (= i844 1)) (c)

Worker 3 CUBE SIZE IN MAIN LOOP: 3
 Checking cube
(not (= (if #6630 #6681 #6664) 417))
(not (= (if #5823 #5880 #5859) 417))
(= i844 1)
with max_conflicts: 3375
Worker 1 DONE checking cube l_undef
Worker 1 found undef cube
Batch manager splitting on literal: (or (not (= i844 1)) (= i1041 0) (not (or #4126 #4151 #4182)) (if (or #4126 #4151) (not #19336) (not #19416)) (not (or #4126 #4156 #19417 #19341 #19415 #19345)) (if (or #19340 #19347) (not #19351) (not #19361)) (if (or #19340 #19347) (= #19349 0) (not #19366)) (not (or #4126 #4151 #19339 #19340 #19347 #19334)) (not (or #4126 #4151 #19339 #19334)))
null (o)
  (= i844 1) (o)
    (= (if (or #18281 #21081 #21091 #21053 #21063 #20962 #20930 #20911 #20823 #20790 #20592 #14346) (if #14209 #13303 467) (if #21079 #13638 224)) 417) (c)
    (not (= (if #14347 #13304 #13639) 417)) (o)
      (= (if (or #21081 #15866 #15906 #15916 #15720 #15561 #15572 #15582 #15389 #15398 #14406 #12234) (if #12143 #11752 467) (if #15864 #11817 224)) 417) (c)
      (not (= (if #12235 #11753 #11818) 417)) (a)
  (not (= i844 1)) (c)

Worker 1 CUBE SIZE IN MAIN LOOP: 3
 Checking cube
(not (= (if #6630 #6681 #6664) 417))
(not (= (if #5823 #5880 #5859) 417))
(= i844 1)
with max_conflicts: 3375
Worker 0 DONE checking cube l_false
Worker 0 determined formula unsat
Batch manager setting UNSAT.
Canceling workers
Worker 0 canceling
Worker 1 canceling
Worker 2 canceling
Worker 3 canceling
Worker 2 DONE checking cube l_undef
Batch manager setting exception msg: context cancelled.
Worker 1 DONE checking cube l_undef
Batch manager setting exception msg: context cancelled.
Worker 3 DONE checking cube l_undef
Batch manager setting exception msg: context cancelled.
unsat
(:added-eqs                   1211005
 :arith-eq-adapter            3255
 :arith-bound-propagations-lp 141236
 :arith-conflicts             568
 :arith-diseq                 104515
 :arith-fixed-eqs             154532
 :arith-lower                 95333
 :arith-make-feasible         50720
 :arith-max-columns           1672
 :arith-max-rows              692
 :arith-offset-eqs            47081
 :arith-upper                 153030
 :binary-propagations         3368925
 :conflicts                   20486
 :decisions                   443374
 :del-clause                  17480
 :max-memory                  113.63
 :memory                      19.32
 :minimized-lits              116242
 :mk-bool-var                 22416
 :mk-clause                   33263
 :mk-clause-binary            61316
 :num-allocs                  55809376
 :num-checks                  19
 :parallel-max-cube-size      3
 :parallel-num_cubes          10
 :propagations                4850620
 :restarts                    176
 :rlimit-count                14009616
 :time                        0.64
 :total-time                  2.25)
