Worker 0 created with 0 assumptions
Worker 1 created with 0 assumptions
Worker 2 created with 0 assumptions
Worker 3 created with 0 assumptions
null (a)

Worker 0 CUBE SIZE IN MAIN LOOP: 0
 Checking cube
with max_conflicts: 1000
null (a)

Worker 1 CUBE SIZE IN MAIN LOOP: 0
 Checking cube
with max_conflicts: 1000
null (a)

Worker 3 CUBE SIZE IN MAIN LOOP: 0
 Checking cube
with max_conflicts: 1000
null (a)

Worker 2 CUBE SIZE IN MAIN LOOP: 0
 Checking cube
with max_conflicts: 1000
Worker 2 DONE checking cube l_undef
Worker 2 found undef cube
Batch manager splitting on literal: (= i844 1)
null (o)
  (= i844 1) (a)
  (not (= i844 1)) (o)

Worker 2 CUBE SIZE IN MAIN LOOP: 1
 Checking cube
(= i844 1)
with max_conflicts: 1500
Worker 3 DONE checking cube l_undef
Worker 3 found undef cube
Batch manager splitting on literal: (= i844 1)
null (o)
  (= i844 1) (a)
  (not (= i844 1)) (a)

Worker 3 CUBE SIZE IN MAIN LOOP: 1
 Checking cube
(not (= i844 1))
with max_conflicts: 1500
Worker 0 DONE checking cube l_undef
Worker 0 found undef cube
Batch manager splitting on literal: (= i844 1)
null (o)
  (= i844 1) (a)
  (not (= i844 1)) (a)

Worker 0 CUBE SIZE IN MAIN LOOP: 1
 Checking cube
(= i844 1)
with max_conflicts: 1500
Worker 1 DONE checking cube l_undef
Worker 1 found undef cube
Batch manager splitting on literal: (= i844 1)
null (o)
  (= i844 1) (a)
  (not (= i844 1)) (a)

Worker 1 CUBE SIZE IN MAIN LOOP: 1
 Checking cube
(= i844 1)
with max_conflicts: 1500
Worker 3 DONE checking cube l_false
Worker 3 found unsat cube
Batch manager backtracking.
(not (= i844 1))

null (o)
  (= i844 1) (a)
  (not (= i844 1)) (c)
null (o)
  (= i844 1) (a)
  (not (= i844 1)) (c)

Worker 3 CUBE SIZE IN MAIN LOOP: 1
 Checking cube
(= i844 1)
with max_conflicts: 1500
Worker 2 DONE checking cube l_undef
Worker 2 found undef cube
Batch manager splitting on literal: (or (not (or #19192 #19123 #19136 #19139 #19060 #19065 #19069 #19106 #19092)) (not (or #19362 #19286 #19227 #19263 #19187 #19259 #19192 #19219 #19211)) (not (or #19362 #19286 #19227 #19263 #19187 #19259 #19192 #19219 #19211 #19123 #19136 #19139 #19060 #19065 #19069 #19106 ...)) (not (or #4126 #4151 #19339 #19340 #19347 #19362 #19281 #19334 #19286 #19323 #19319 #19305 #19227 #19315 #19313 #19270 ...)) (not (or #4126 #4151 #19339 #19340 #19347 #19362 #19281 #19334 #19286 #19323 #19319 #19305 #19227 #19315 #19313 #19270 ...)) (not (or #4126 #4151 #19339 #19340 #19347 #19362 #19281 #19334 #19286 #19323 #19319 #19305 #19227 #19315 #19313 #19270 ...)) (not (or #19192 #19123 #19004)) (not (or #19192 #19123 #19136 #19008)) (not (or #19192 #19123 #19136 #19013)) (not (or #19192 #19123 #19136 #19139 #19060 #19017)) (not (or #19192 #19123 #19136 #19139 #19060 #19065 #19021)) (not (or #4126 #4151 #19339 #19340 #19347 #19362 #19281 #19326 #19283 #19286 #19323 #19358 #19319 #19305 #19307 #19227 ...)) (not (or #19192 #19123 #19136 #19139 #19060 #19065 #19069 #19033)) (not (or #19192 #19123 #19136 #19139 #19060 #19065 #19069 #19037)) (not (or #18947 #18794)))
null (o)
  (= i844 1) (o)
    (or (not (or #19192 #19123 #19136 #19139 #19060 #19065 #19069 #19106 #19092)) (not (or #19362 #19286 #19227 #19263 #19187 #19259 #19192 #19219 #19211)) (not (or #19362 #19286 #19227 #19263 #19187 #19259 #19192 #19219 #19211 #19123 #19136 #19139 #19060 #19065 #19069 #19106 ...)) (not (or #4126 #4151 #19339 #19340 #19347 #19362 #19281 #19334 #19286 #19323 #19319 #19305 #19227 #19315 #19313 #19270 ...)) (not (or #4126 #4151 #19339 #19340 #19347 #19362 #19281 #19334 #19286 #19323 #19319 #19305 #19227 #19315 #19313 #19270 ...)) (not (or #4126 #4151 #19339 #19340 #19347 #19362 #19281 #19334 #19286 #19323 #19319 #19305 #19227 #19315 #19313 #19270 ...)) (not (or #19192 #19123 #19004)) (not (or #19192 #19123 #19136 #19008)) (not (or #19192 #19123 #19136 #19013)) (not (or #19192 #19123 #19136 #19139 #19060 #19017)) (not (or #19192 #19123 #19136 #19139 #19060 #19065 #19021)) (not (or #4126 #4151 #19339 #19340 #19347 #19362 #19281 #19326 #19283 #19286 #19323 #19358 #19319 #19305 #19307 #19227 ...)) (not (or #19192 #19123 #19136 #19139 #19060 #19065 #19069 #19033)) (not (or #19192 #19123 #19136 #19139 #19060 #19065 #19069 #19037)) (not (or #18947 #18794))) (o)
    (not (or (not #19108) (not #19122) (not #19110) (not #19094) (not #19028) (not #19105) (not #19005) (not #19009) (not #19099) (not #19097) (not #19095) (not #19023) (not #19040) (not #19038) (not #18781))) (a)
  (not (= i844 1)) (c)

Worker 2 CUBE SIZE IN MAIN LOOP: 2
 Checking cube
(not (or (not #2528) (not #2343) (not #2477) (not #2479) (not #2486) (not #2489) (not #2495) (not #2501) (not #2510) (not #2516) (not #2522) (not #2043) (not #2537) (not #2544) (not #3080)))
(= i844 1)
with max_conflicts: 2250
Worker 2 DONE checking cube l_false
Worker 2 found unsat cube
Batch manager backtracking.
(not (or (not #2528) (not #2343) (not #2477) (not #2479) (not #2486) (not #2489) (not #2495) (not #2501) (not #2510) (not #2516) (not #2522) (not #2043) (not #2537) (not #2544) (not #3080)))

null (o)
  (= i844 1) (o)
    (or (not (or #19192 #19123 #19136 #19139 #19060 #19065 #19069 #19106 #19092)) (not (or #19362 #19286 #19227 #19263 #19187 #19259 #19192 #19219 #19211)) (not (or #19362 #19286 #19227 #19263 #19187 #19259 #19192 #19219 #19211 #19123 #19136 #19139 #19060 #19065 #19069 #19106 ...)) (not (or #4126 #4151 #19339 #19340 #19347 #19362 #19281 #19334 #19286 #19323 #19319 #19305 #19227 #19315 #19313 #19270 ...)) (not (or #4126 #4151 #19339 #19340 #19347 #19362 #19281 #19334 #19286 #19323 #19319 #19305 #19227 #19315 #19313 #19270 ...)) (not (or #4126 #4151 #19339 #19340 #19347 #19362 #19281 #19334 #19286 #19323 #19319 #19305 #19227 #19315 #19313 #19270 ...)) (not (or #19192 #19123 #19004)) (not (or #19192 #19123 #19136 #19008)) (not (or #19192 #19123 #19136 #19013)) (not (or #19192 #19123 #19136 #19139 #19060 #19017)) (not (or #19192 #19123 #19136 #19139 #19060 #19065 #19021)) (not (or #4126 #4151 #19339 #19340 #19347 #19362 #19281 #19326 #19283 #19286 #19323 #19358 #19319 #19305 #19307 #19227 ...)) (not (or #19192 #19123 #19136 #19139 #19060 #19065 #19069 #19033)) (not (or #19192 #19123 #19136 #19139 #19060 #19065 #19069 #19037)) (not (or #18947 #18794))) (o)
    (not (or (not #19108) (not #19122) (not #19110) (not #19094) (not #19028) (not #19105) (not #19005) (not #19009) (not #19099) (not #19097) (not #19095) (not #19023) (not #19040) (not #19038) (not #18781))) (c)
  (not (= i844 1)) (c)
null (o)
  (= i844 1) (o)
    (or (not (or #19192 #19123 #19136 #19139 #19060 #19065 #19069 #19106 #19092)) (not (or #19362 #19286 #19227 #19263 #19187 #19259 #19192 #19219 #19211)) (not (or #19362 #19286 #19227 #19263 #19187 #19259 #19192 #19219 #19211 #19123 #19136 #19139 #19060 #19065 #19069 #19106 ...)) (not (or #4126 #4151 #19339 #19340 #19347 #19362 #19281 #19334 #19286 #19323 #19319 #19305 #19227 #19315 #19313 #19270 ...)) (not (or #4126 #4151 #19339 #19340 #19347 #19362 #19281 #19334 #19286 #19323 #19319 #19305 #19227 #19315 #19313 #19270 ...)) (not (or #4126 #4151 #19339 #19340 #19347 #19362 #19281 #19334 #19286 #19323 #19319 #19305 #19227 #19315 #19313 #19270 ...)) (not (or #19192 #19123 #19004)) (not (or #19192 #19123 #19136 #19008)) (not (or #19192 #19123 #19136 #19013)) (not (or #19192 #19123 #19136 #19139 #19060 #19017)) (not (or #19192 #19123 #19136 #19139 #19060 #19065 #19021)) (not (or #4126 #4151 #19339 #19340 #19347 #19362 #19281 #19326 #19283 #19286 #19323 #19358 #19319 #19305 #19307 #19227 ...)) (not (or #19192 #19123 #19136 #19139 #19060 #19065 #19069 #19033)) (not (or #19192 #19123 #19136 #19139 #19060 #19065 #19069 #19037)) (not (or #18947 #18794))) (a)
    (not (or (not #19108) (not #19122) (not #19110) (not #19094) (not #19028) (not #19105) (not #19005) (not #19009) (not #19099) (not #19097) (not #19095) (not #19023) (not #19040) (not #19038) (not #18781))) (c)
  (not (= i844 1)) (c)

Worker 2 CUBE SIZE IN MAIN LOOP: 2
 Checking cube
(or (not (or #2009 #2344 #2368 #2382 #2399 #2407 #2414 #2421 #2527)) (not (or #1803 #1840 #1895 #1914 #1922 #1928 #2009 #2022 #2342)) (not (or #1803 #1840 #1895 #1914 #1922 #1928 #2009 #2022 #2342 #2344 #2368 #2382 #2399 #2407 #2414 #2421 ...)) (not (or #28 #30 #1499 #1504 #1788 #1803 #1819 #1822 #1840 #1849 #1874 #1880 #1895 #1953 #1959 #1986 ...)) (not (or #28 #30 #1499 #1504 #1788 #1803 #1819 #1822 #1840 #1849 #1874 #1880 #1895 #1953 #1959 #1986 ...)) (not (or #28 #30 #1499 #1504 #1788 #1803 #1819 #1822 #1840 #1849 #1874 #1880 #1895 #1953 #1959 #1986 ...)) (not (or #2009 #2344 #2494)) (not (or #2009 #2344 #2368 #2500)) (not (or #2009 #2344 #2368 #2509)) (not (or #2009 #2344 #2368 #2382 #2399 #2515)) (not (or #2009 #2344 #2368 #2382 #2399 #2407 #2521)) (not (or #28 #30 #1499 #1504 #1788 #1803 #1819 #1824 #1834 #1840 #1849 #1851 #1874 #1880 #1882 #1895 ...)) (not (or #2009 #2344 #2368 #2382 #2399 #2407 #2414 #2536)) (not (or #2009 #2344 #2368 #2382 #2399 #2407 #2414 #2543)) (not (or #2547 #3081)))
(= i844 1)
with max_conflicts: 2250
Worker 1 DONE checking cube l_undef
Worker 1 found undef cube
Batch manager splitting on literal: (= (if (or #21081 #15866 #15906 #15916 #15720 #15561 #15572 #15582 #15389 #15398 #14406 #12234) (if #12143 #11752 467) (if #15864 #11817 224)) 417)
null (o)
  (= i844 1) (o)
    (or (not (or #19192 #19123 #19136 #19139 #19060 #19065 #19069 #19106 #19092)) (not (or #19362 #19286 #19227 #19263 #19187 #19259 #19192 #19219 #19211)) (not (or #19362 #19286 #19227 #19263 #19187 #19259 #19192 #19219 #19211 #19123 #19136 #19139 #19060 #19065 #19069 #19106 ...)) (not (or #4126 #4151 #19339 #19340 #19347 #19362 #19281 #19334 #19286 #19323 #19319 #19305 #19227 #19315 #19313 #19270 ...)) (not (or #4126 #4151 #19339 #19340 #19347 #19362 #19281 #19334 #19286 #19323 #19319 #19305 #19227 #19315 #19313 #19270 ...)) (not (or #4126 #4151 #19339 #19340 #19347 #19362 #19281 #19334 #19286 #19323 #19319 #19305 #19227 #19315 #19313 #19270 ...)) (not (or #19192 #19123 #19004)) (not (or #19192 #19123 #19136 #19008)) (not (or #19192 #19123 #19136 #19013)) (not (or #19192 #19123 #19136 #19139 #19060 #19017)) (not (or #19192 #19123 #19136 #19139 #19060 #19065 #19021)) (not (or #4126 #4151 #19339 #19340 #19347 #19362 #19281 #19326 #19283 #19286 #19323 #19358 #19319 #19305 #19307 #19227 ...)) (not (or #19192 #19123 #19136 #19139 #19060 #19065 #19069 #19033)) (not (or #19192 #19123 #19136 #19139 #19060 #19065 #19069 #19037)) (not (or #18947 #18794))) (a)
    (not (or (not #19108) (not #19122) (not #19110) (not #19094) (not #19028) (not #19105) (not #19005) (not #19009) (not #19099) (not #19097) (not #19095) (not #19023) (not #19040) (not #19038) (not #18781))) (c)
  (not (= i844 1)) (c)

Worker 1 CUBE SIZE IN MAIN LOOP: 2
 Checking cube
(or (not (or #2009 #2344 #2368 #2382 #2399 #2407 #2414 #2421 #2527)) (not (or #1803 #1840 #1895 #1914 #1922 #1928 #2009 #2022 #2342)) (not (or #1803 #1840 #1895 #1914 #1922 #1928 #2009 #2022 #2342 #2344 #2368 #2382 #2399 #2407 #2414 #2421 ...)) (not (or #28 #30 #1499 #1504 #1788 #1803 #1819 #1822 #1840 #1849 #1874 #1880 #1895 #1953 #1959 #1986 ...)) (not (or #28 #30 #1499 #1504 #1788 #1803 #1819 #1822 #1840 #1849 #1874 #1880 #1895 #1953 #1959 #1986 ...)) (not (or #28 #30 #1499 #1504 #1788 #1803 #1819 #1822 #1840 #1849 #1874 #1880 #1895 #1953 #1959 #1986 ...)) (not (or #2009 #2344 #2494)) (not (or #2009 #2344 #2368 #2500)) (not (or #2009 #2344 #2368 #2509)) (not (or #2009 #2344 #2368 #2382 #2399 #2515)) (not (or #2009 #2344 #2368 #2382 #2399 #2407 #2521)) (not (or #28 #30 #1499 #1504 #1788 #1803 #1819 #1824 #1834 #1840 #1849 #1851 #1874 #1880 #1882 #1895 ...)) (not (or #2009 #2344 #2368 #2382 #2399 #2407 #2414 #2536)) (not (or #2009 #2344 #2368 #2382 #2399 #2407 #2414 #2543)) (not (or #2547 #3081)))
(= i844 1)
with max_conflicts: 2250
Worker 0 DONE checking cube l_undef
Worker 0 found undef cube
Batch manager splitting on literal: (or (if (or #19340 #19347) (not #19351) (not #19361)) (not (or #4126 #4156 #4192 #19340 #19341 #19347 #19353 #19356 #19359 #19281 #19326 #19342 #19285)) (not (or #19323 #19030)))
null (o)
  (= i844 1) (o)
    (or (not (or #19192 #19123 #19136 #19139 #19060 #19065 #19069 #19106 #19092)) (not (or #19362 #19286 #19227 #19263 #19187 #19259 #19192 #19219 #19211)) (not (or #19362 #19286 #19227 #19263 #19187 #19259 #19192 #19219 #19211 #19123 #19136 #19139 #19060 #19065 #19069 #19106 ...)) (not (or #4126 #4151 #19339 #19340 #19347 #19362 #19281 #19334 #19286 #19323 #19319 #19305 #19227 #19315 #19313 #19270 ...)) (not (or #4126 #4151 #19339 #19340 #19347 #19362 #19281 #19334 #19286 #19323 #19319 #19305 #19227 #19315 #19313 #19270 ...)) (not (or #4126 #4151 #19339 #19340 #19347 #19362 #19281 #19334 #19286 #19323 #19319 #19305 #19227 #19315 #19313 #19270 ...)) (not (or #19192 #19123 #19004)) (not (or #19192 #19123 #19136 #19008)) (not (or #19192 #19123 #19136 #19013)) (not (or #19192 #19123 #19136 #19139 #19060 #19017)) (not (or #19192 #19123 #19136 #19139 #19060 #19065 #19021)) (not (or #4126 #4151 #19339 #19340 #19347 #19362 #19281 #19326 #19283 #19286 #19323 #19358 #19319 #19305 #19307 #19227 ...)) (not (or #19192 #19123 #19136 #19139 #19060 #19065 #19069 #19033)) (not (or #19192 #19123 #19136 #19139 #19060 #19065 #19069 #19037)) (not (or #18947 #18794))) (a)
    (not (or (not #19108) (not #19122) (not #19110) (not #19094) (not #19028) (not #19105) (not #19005) (not #19009) (not #19099) (not #19097) (not #19095) (not #19023) (not #19040) (not #19038) (not #18781))) (c)
  (not (= i844 1)) (c)

Worker 0 CUBE SIZE IN MAIN LOOP: 2
 Checking cube
(or (not (or #2009 #2344 #2368 #2382 #2399 #2407 #2414 #2421 #2527)) (not (or #1803 #1840 #1895 #1914 #1922 #1928 #2009 #2022 #2342)) (not (or #1803 #1840 #1895 #1914 #1922 #1928 #2009 #2022 #2342 #2344 #2368 #2382 #2399 #2407 #2414 #2421 ...)) (not (or #28 #30 #1499 #1504 #1788 #1803 #1819 #1822 #1840 #1849 #1874 #1880 #1895 #1953 #1959 #1986 ...)) (not (or #28 #30 #1499 #1504 #1788 #1803 #1819 #1822 #1840 #1849 #1874 #1880 #1895 #1953 #1959 #1986 ...)) (not (or #28 #30 #1499 #1504 #1788 #1803 #1819 #1822 #1840 #1849 #1874 #1880 #1895 #1953 #1959 #1986 ...)) (not (or #2009 #2344 #2494)) (not (or #2009 #2344 #2368 #2500)) (not (or #2009 #2344 #2368 #2509)) (not (or #2009 #2344 #2368 #2382 #2399 #2515)) (not (or #2009 #2344 #2368 #2382 #2399 #2407 #2521)) (not (or #28 #30 #1499 #1504 #1788 #1803 #1819 #1824 #1834 #1840 #1849 #1851 #1874 #1880 #1882 #1895 ...)) (not (or #2009 #2344 #2368 #2382 #2399 #2407 #2414 #2536)) (not (or #2009 #2344 #2368 #2382 #2399 #2407 #2414 #2543)) (not (or #2547 #3081)))
(= i844 1)
with max_conflicts: 2250
Worker 3 DONE checking cube l_undef
Worker 3 found undef cube
Batch manager splitting on literal: (or (not (or #19362 #19286 #19227 #19263 #19187 #19259 #19192 #19219 #19211)) (not (or #19362 #19286 #19227 #19263 #19187 #19259 #19192 #19219 #19211 #19123 #19136 #19139 #19060 #19065 #19069 #19106 ...)) (not (or #4126 #4151 #19339 #19340 #19347 #19362 #19281 #19334 #19286 #19323 #19319 #19305 #19227 #19315 #19313 #19270 ...)) (not (or #4126 #4151 #19339 #19340 #19347 #19362 #19281 #19334 #19286 #19323 #19319 #19305 #19227 #19315 #19313 #19270 ...)) (not (or #4126 #4151 #19339 #19340 #19347 #19362 #19281 #19334 #19286 #19323 #19319 #19305 #19227 #19315 #19313 #19270 ...)) (not (or #19192 #19123 #19004)) (not (or #19192 #19123 #19136 #19008)) (not (or #19192 #19123 #19136 #19013)) (not (or #19018 #18875)))
null (o)
  (= i844 1) (o)
    (or (not (or #19192 #19123 #19136 #19139 #19060 #19065 #19069 #19106 #19092)) (not (or #19362 #19286 #19227 #19263 #19187 #19259 #19192 #19219 #19211)) (not (or #19362 #19286 #19227 #19263 #19187 #19259 #19192 #19219 #19211 #19123 #19136 #19139 #19060 #19065 #19069 #19106 ...)) (not (or #4126 #4151 #19339 #19340 #19347 #19362 #19281 #19334 #19286 #19323 #19319 #19305 #19227 #19315 #19313 #19270 ...)) (not (or #4126 #4151 #19339 #19340 #19347 #19362 #19281 #19334 #19286 #19323 #19319 #19305 #19227 #19315 #19313 #19270 ...)) (not (or #4126 #4151 #19339 #19340 #19347 #19362 #19281 #19334 #19286 #19323 #19319 #19305 #19227 #19315 #19313 #19270 ...)) (not (or #19192 #19123 #19004)) (not (or #19192 #19123 #19136 #19008)) (not (or #19192 #19123 #19136 #19013)) (not (or #19192 #19123 #19136 #19139 #19060 #19017)) (not (or #19192 #19123 #19136 #19139 #19060 #19065 #19021)) (not (or #4126 #4151 #19339 #19340 #19347 #19362 #19281 #19326 #19283 #19286 #19323 #19358 #19319 #19305 #19307 #19227 ...)) (not (or #19192 #19123 #19136 #19139 #19060 #19065 #19069 #19033)) (not (or #19192 #19123 #19136 #19139 #19060 #19065 #19069 #19037)) (not (or #18947 #18794))) (a)
    (not (or (not #19108) (not #19122) (not #19110) (not #19094) (not #19028) (not #19105) (not #19005) (not #19009) (not #19099) (not #19097) (not #19095) (not #19023) (not #19040) (not #19038) (not #18781))) (c)
  (not (= i844 1)) (c)

Worker 3 CUBE SIZE IN MAIN LOOP: 2
 Checking cube
(or (not (or #2009 #2344 #2368 #2382 #2399 #2407 #2414 #2421 #2527)) (not (or #1803 #1840 #1895 #1914 #1922 #1928 #2009 #2022 #2342)) (not (or #1803 #1840 #1895 #1914 #1922 #1928 #2009 #2022 #2342 #2344 #2368 #2382 #2399 #2407 #2414 #2421 ...)) (not (or #28 #30 #1499 #1504 #1788 #1803 #1819 #1822 #1840 #1849 #1874 #1880 #1895 #1953 #1959 #1986 ...)) (not (or #28 #30 #1499 #1504 #1788 #1803 #1819 #1822 #1840 #1849 #1874 #1880 #1895 #1953 #1959 #1986 ...)) (not (or #28 #30 #1499 #1504 #1788 #1803 #1819 #1822 #1840 #1849 #1874 #1880 #1895 #1953 #1959 #1986 ...)) (not (or #2009 #2344 #2494)) (not (or #2009 #2344 #2368 #2500)) (not (or #2009 #2344 #2368 #2509)) (not (or #2009 #2344 #2368 #2382 #2399 #2515)) (not (or #2009 #2344 #2368 #2382 #2399 #2407 #2521)) (not (or #28 #30 #1499 #1504 #1788 #1803 #1819 #1824 #1834 #1840 #1849 #1851 #1874 #1880 #1882 #1895 ...)) (not (or #2009 #2344 #2368 #2382 #2399 #2407 #2414 #2536)) (not (or #2009 #2344 #2368 #2382 #2399 #2407 #2414 #2543)) (not (or #2547 #3081)))
(= i844 1)
with max_conflicts: 2250
Worker 0 DONE checking cube l_false
Worker 0 found unsat cube
Batch manager backtracking.
(or (not (or #2009 #2344 #2368 #2382 #2399 #2407 #2414 #2421 #2527)) (not (or #1803 #1840 #1895 #1914 #1922 #1928 #2009 #2022 #2342)) (not (or #1803 #1840 #1895 #1914 #1922 #1928 #2009 #2022 #2342 #2344 #2368 #2382 #2399 #2407 #2414 #2421 ...)) (not (or #28 #30 #1499 #1504 #1788 #1803 #1819 #1822 #1840 #1849 #1874 #1880 #1895 #1953 #1959 #1986 ...)) (not (or #28 #30 #1499 #1504 #1788 #1803 #1819 #1822 #1840 #1849 #1874 #1880 #1895 #1953 #1959 #1986 ...)) (not (or #28 #30 #1499 #1504 #1788 #1803 #1819 #1822 #1840 #1849 #1874 #1880 #1895 #1953 #1959 #1986 ...)) (not (or #2009 #2344 #2494)) (not (or #2009 #2344 #2368 #2500)) (not (or #2009 #2344 #2368 #2509)) (not (or #2009 #2344 #2368 #2382 #2399 #2515)) (not (or #2009 #2344 #2368 #2382 #2399 #2407 #2521)) (not (or #28 #30 #1499 #1504 #1788 #1803 #1819 #1824 #1834 #1840 #1849 #1851 #1874 #1880 #1882 #1895 ...)) (not (or #2009 #2344 #2368 #2382 #2399 #2407 #2414 #2536)) (not (or #2009 #2344 #2368 #2382 #2399 #2407 #2414 #2543)) (not (or #2547 #3081)))

null (c)
  (= i844 1) (c)
    (or (not (or #19192 #19123 #19136 #19139 #19060 #19065 #19069 #19106 #19092)) (not (or #19362 #19286 #19227 #19263 #19187 #19259 #19192 #19219 #19211)) (not (or #19362 #19286 #19227 #19263 #19187 #19259 #19192 #19219 #19211 #19123 #19136 #19139 #19060 #19065 #19069 #19106 ...)) (not (or #4126 #4151 #19339 #19340 #19347 #19362 #19281 #19334 #19286 #19323 #19319 #19305 #19227 #19315 #19313 #19270 ...)) (not (or #4126 #4151 #19339 #19340 #19347 #19362 #19281 #19334 #19286 #19323 #19319 #19305 #19227 #19315 #19313 #19270 ...)) (not (or #4126 #4151 #19339 #19340 #19347 #19362 #19281 #19334 #19286 #19323 #19319 #19305 #19227 #19315 #19313 #19270 ...)) (not (or #19192 #19123 #19004)) (not (or #19192 #19123 #19136 #19008)) (not (or #19192 #19123 #19136 #19013)) (not (or #19192 #19123 #19136 #19139 #19060 #19017)) (not (or #19192 #19123 #19136 #19139 #19060 #19065 #19021)) (not (or #4126 #4151 #19339 #19340 #19347 #19362 #19281 #19326 #19283 #19286 #19323 #19358 #19319 #19305 #19307 #19227 ...)) (not (or #19192 #19123 #19136 #19139 #19060 #19065 #19069 #19033)) (not (or #19192 #19123 #19136 #19139 #19060 #19065 #19069 #19037)) (not (or #18947 #18794))) (c)
    (not (or (not #19108) (not #19122) (not #19110) (not #19094) (not #19028) (not #19105) (not #19005) (not #19009) (not #19099) (not #19097) (not #19095) (not #19023) (not #19040) (not #19038) (not #18781))) (c)
  (not (= i844 1)) (c)
Canceling workers
Worker 0 canceling
Worker 1 canceling
Worker 2 canceling
Worker 3 canceling
Worker 3 DONE checking cube l_undef
all done
Worker 0 no more cubes
Batch manager setting exception msg: context cancelled.
Worker 1 DONE checking cube l_undef
Batch manager setting exception msg: context cancelled.
Worker 2 DONE checking cube l_undef
Batch manager setting exception msg: context cancelled.
unsat
(:added-eqs                   1041489
 :arith-eq-adapter            2937
 :arith-bound-propagations-lp 127134
 :arith-conflicts             578
 :arith-diseq                 92367
 :arith-fixed-eqs             131467
 :arith-lower                 88362
 :arith-make-feasible         41180
 :arith-max-columns           1669
 :arith-max-rows              689
 :arith-offset-eqs            39014
 :arith-upper                 144638
 :binary-propagations         3201433
 :conflicts                   18571
 :decisions                   459458
 :del-clause                  12332
 :max-memory                  113.39
 :memory                      19.17
 :minimized-lits              97083
 :mk-bool-var                 21743
 :mk-clause                   30500
 :mk-clause-binary            61316
 :num-allocs                  52209345
 :num-checks                  15
 :parallel-max-cube-size      2
 :parallel-num_cubes          8
 :propagations                4577383
 :restarts                    161
 :rlimit-count                13278257
 :time                        0.57
 :total-time                  2.02)
