Worker 0 created with 0 assumptions
Worker 1 created with 0 assumptions
Worker 2 created with 0 assumptions
Worker 3 created with 0 assumptions
null (a)

Worker 0 CUBE SIZE IN MAIN LOOP: 0
 Checking cube
with max_conflicts: 1000
null (a)

Worker 2 CUBE SIZE IN MAIN LOOP: 0
 Checking cube
with max_conflicts: 1000
null (a)

Worker 1 CUBE SIZE IN MAIN LOOP: 0
 Checking cube
with max_conflicts: 1000
null (a)

Worker 3 CUBE SIZE IN MAIN LOOP: 0
 Checking cube
with max_conflicts: 1000
Worker 2 DONE checking cube l_undef
Worker 2 found undef cube
Worker 3 DONE checking cube l_undef
Worker 3 found undef cube
Batch manager splitting on literal: (= (if (or #21081 #15866 #15906 #15916 #15720 #15561 #15572 #15582 #15629 #15678 #15534 #13313) (if #13182 #11794 467) (if #15864 #11861 224)) 417)
Batch manager splitting on literal: (= i844 1)
Worker 1 DONE checking cube l_undef
Worker 1 found undef cube
Batch manager splitting on literal: (= i844 1)
null (o)
  (= (if (or #21081 #15866 #15906 #15916 #15720 #15561 #15572 #15582 #15629 #15678 #15534 #13313) (if #13182 #11794 467) (if #15864 #11861 224)) 417) (a)
  (not (= (if #13315 #11795 #11862) 417)) (o)

Worker 1 CUBE SIZE IN MAIN LOOP: 1
 Checking cube
(= (if (or #4941 #5641 #5646 #5660 #5693 #5733 #5758 #5767 #6081 #6122 #6520 #6629) (if #6672 #6696 467) (if #5640 #6663 224)) 417)
with max_conflicts: 1500
null (o)
  (= (if (or #21081 #15866 #15906 #15916 #15720 #15561 #15572 #15582 #15629 #15678 #15534 #13313) (if #13182 #11794 467) (if #15864 #11861 224)) 417) (a)
  (not (= (if #13315 #11795 #11862) 417)) (a)

Worker 3 CUBE SIZE IN MAIN LOOP: 1
 Checking cube
(not (= (if #6630 #6681 #6664) 417))
with max_conflicts: 1500
null (o)
  (= (if (or #21081 #15866 #15906 #15916 #15720 #15561 #15572 #15582 #15629 #15678 #15534 #13313) (if #13182 #11794 467) (if #15864 #11861 224)) 417) (a)
  (not (= (if #13315 #11795 #11862) 417)) (a)

Worker 2 CUBE SIZE IN MAIN LOOP: 1
 Checking cube
(= (if (or #4941 #5641 #5646 #5660 #5693 #5733 #5758 #5767 #6081 #6122 #6520 #6629) (if #6672 #6696 467) (if #5640 #6663 224)) 417)
with max_conflicts: 1500
Worker 0 DONE checking cube l_undef
Worker 0 found undef cube
Batch manager splitting on literal: (= i844 1)
null (o)
  (= (if (or #21081 #15866 #15906 #15916 #15720 #15561 #15572 #15582 #15629 #15678 #15534 #13313) (if #13182 #11794 467) (if #15864 #11861 224)) 417) (a)
  (not (= (if #13315 #11795 #11862) 417)) (a)

Worker 0 CUBE SIZE IN MAIN LOOP: 1
 Checking cube
(= (if (or #4941 #5641 #5646 #5660 #5693 #5733 #5758 #5767 #6081 #6122 #6520 #6629) (if #6672 #6696 467) (if #5640 #6663 224)) 417)
with max_conflicts: 1500
Worker 1 DONE checking cube l_false
Worker 1 found unsat cube
Batch manager backtracking.
(= (if (or #4941 #5641 #5646 #5660 #5693 #5733 #5758 #5767 #6081 #6122 #6520 #6629) (if #6672 #6696 467) (if #5640 #6663 224)) 417)

null (o)
  (= (if (or #21081 #15866 #15906 #15916 #15720 #15561 #15572 #15582 #15629 #15678 #15534 #13313) (if #13182 #11794 467) (if #15864 #11861 224)) 417) (c)
  (not (= (if #13315 #11795 #11862) 417)) (a)
null (o)
  (= (if (or #21081 #15866 #15906 #15916 #15720 #15561 #15572 #15582 #15629 #15678 #15534 #13313) (if #13182 #11794 467) (if #15864 #11861 224)) 417) (c)
  (not (= (if #13315 #11795 #11862) 417)) (a)

Worker 1 CUBE SIZE IN MAIN LOOP: 1
 Checking cube
(not (= (if #6630 #6681 #6664) 417))
with max_conflicts: 1500
Worker 2 DONE checking cube l_false
Worker 2 found unsat cube
Batch manager backtracking.
(= (if (or #4941 #5641 #5646 #5660 #5693 #5733 #5758 #5767 #6081 #6122 #6520 #6629) (if #6672 #6696 467) (if #5640 #6663 224)) 417)

null (o)
  (= (if (or #21081 #15866 #15906 #15916 #15720 #15561 #15572 #15582 #15629 #15678 #15534 #13313) (if #13182 #11794 467) (if #15864 #11861 224)) 417) (c)
  (not (= (if #13315 #11795 #11862) 417)) (a)
null (o)
  (= (if (or #21081 #15866 #15906 #15916 #15720 #15561 #15572 #15582 #15629 #15678 #15534 #13313) (if #13182 #11794 467) (if #15864 #11861 224)) 417) (c)
  (not (= (if #13315 #11795 #11862) 417)) (a)

Worker 2 CUBE SIZE IN MAIN LOOP: 1
 Checking cube
(not (= (if #6630 #6681 #6664) 417))
with max_conflicts: 1500
Worker 3 DONE checking cube l_undef
Worker 3 found undef cube
Batch manager splitting on literal: (= i844 1)
null (o)
  (= (if (or #21081 #15866 #15906 #15916 #15720 #15561 #15572 #15582 #15629 #15678 #15534 #13313) (if #13182 #11794 467) (if #15864 #11861 224)) 417) (c)
  (not (= (if #13315 #11795 #11862) 417)) (o)
    (= i844 1) (o)
    (not (= i844 1)) (a)

Worker 3 CUBE SIZE IN MAIN LOOP: 2
 Checking cube
(not (= i844 1))
(not (= (if #6630 #6681 #6664) 417))
with max_conflicts: 2250
Worker 0 DONE checking cube l_false
Worker 0 found unsat cube
Batch manager backtracking.
(= (if (or #4941 #5641 #5646 #5660 #5693 #5733 #5758 #5767 #6081 #6122 #6520 #6629) (if #6672 #6696 467) (if #5640 #6663 224)) 417)

null (o)
  (= (if (or #21081 #15866 #15906 #15916 #15720 #15561 #15572 #15582 #15629 #15678 #15534 #13313) (if #13182 #11794 467) (if #15864 #11861 224)) 417) (c)
  (not (= (if #13315 #11795 #11862) 417)) (o)
    (= i844 1) (o)
    (not (= i844 1)) (a)
null (o)
  (= (if (or #21081 #15866 #15906 #15916 #15720 #15561 #15572 #15582 #15629 #15678 #15534 #13313) (if #13182 #11794 467) (if #15864 #11861 224)) 417) (c)
  (not (= (if #13315 #11795 #11862) 417)) (o)
    (= i844 1) (a)
    (not (= i844 1)) (a)

Worker 0 CUBE SIZE IN MAIN LOOP: 2
 Checking cube
(= i844 1)
(not (= (if #6630 #6681 #6664) 417))
with max_conflicts: 1500
Worker 3 DONE checking cube l_false
Worker 3 found unsat cube
Batch manager backtracking.
(not (= i844 1))

null (o)
  (= (if (or #21081 #15866 #15906 #15916 #15720 #15561 #15572 #15582 #15629 #15678 #15534 #13313) (if #13182 #11794 467) (if #15864 #11861 224)) 417) (c)
  (not (= (if #13315 #11795 #11862) 417)) (o)
    (= i844 1) (a)
    (not (= i844 1)) (c)
null (o)
  (= (if (or #21081 #15866 #15906 #15916 #15720 #15561 #15572 #15582 #15629 #15678 #15534 #13313) (if #13182 #11794 467) (if #15864 #11861 224)) 417) (c)
  (not (= (if #13315 #11795 #11862) 417)) (o)
    (= i844 1) (a)
    (not (= i844 1)) (c)

Worker 3 CUBE SIZE IN MAIN LOOP: 2
 Checking cube
(= i844 1)
(not (= (if #6630 #6681 #6664) 417))
with max_conflicts: 2250
Worker 1 DONE checking cube l_undef
Worker 1 found undef cube
Batch manager splitting on literal: (= i844 1)
null (o)
  (= (if (or #21081 #15866 #15906 #15916 #15720 #15561 #15572 #15582 #15629 #15678 #15534 #13313) (if #13182 #11794 467) (if #15864 #11861 224)) 417) (c)
  (not (= (if #13315 #11795 #11862) 417)) (o)
    (= i844 1) (a)
    (not (= i844 1)) (c)

Worker 1 CUBE SIZE IN MAIN LOOP: 2
 Checking cube
(= i844 1)
(not (= (if #6630 #6681 #6664) 417))
with max_conflicts: 2250
Worker 2 DONE checking cube l_undef
Worker 2 found undef cube
Batch manager splitting on literal: (= i844 1)
null (o)
  (= (if (or #21081 #15866 #15906 #15916 #15720 #15561 #15572 #15582 #15629 #15678 #15534 #13313) (if #13182 #11794 467) (if #15864 #11861 224)) 417) (c)
  (not (= (if #13315 #11795 #11862) 417)) (o)
    (= i844 1) (a)
    (not (= i844 1)) (c)

Worker 2 CUBE SIZE IN MAIN LOOP: 2
 Checking cube
(= i844 1)
(not (= (if #6630 #6681 #6664) 417))
with max_conflicts: 2250
Worker 0 DONE checking cube l_undef
Worker 0 found undef cube
Batch manager splitting on literal: (or (not (= i844 1)) (= i1041 0) (not (or #4126 #4151 #4182)) (if (or #4126 #4151) (not #19336) (not #19416)) (not (or #4126 #4156 #19417 #19341 #19415 #19345)) (if (or #19340 #19347) (not #19351) (not #19361)) (if (or #19340 #19347) (= #19349 0) (not #19366)) (not (or #4126 #4151 #19339 #19340 #19347 #19334)) (not (or #4126 #4151 #19339 #19334)))
null (o)
  (= (if (or #21081 #15866 #15906 #15916 #15720 #15561 #15572 #15582 #15629 #15678 #15534 #13313) (if #13182 #11794 467) (if #15864 #11861 224)) 417) (c)
  (not (= (if #13315 #11795 #11862) 417)) (o)
    (= i844 1) (o)
      (or (not (= i844 1)) (= i1041 0) (not (or #4126 #4151 #4182)) (if (or #4126 #4151) (not #19336) (not #19416)) (not (or #4126 #4156 #19417 #19341 #19415 #19345)) (if (or #19340 #19347) (not #19351) (not #19361)) (if (or #19340 #19347) (= #19349 0) (not #19366)) (not (or #4126 #4151 #19339 #19340 #19347 #19334)) (not (or #4126 #4151 #19339 #19334))) (a)
      (not (or (not #4125) (= i1041 0) (not #19416) (if #4152 #19337 #19339) (not #19414) (if #19348 #19412 #19410) (if #19348 #19351 #19327) (not #19282) (not #19338))) (o)
    (not (= i844 1)) (c)

Worker 0 CUBE SIZE IN MAIN LOOP: 3
 Checking cube
(or (not (= i844 1)) (= i1041 0) (not (or #28 #30 #37)) (if (or #28 #30) (not #1502) (not #1498)) (not (or #28 #32 #1501 #1506 #1508 #1510)) (if (or #1504 #1788) (not #1792) (not #1801)) (if (or #1504 #1788) (= #1791 0) (not #1817)) (not (or #28 #30 #1499 #1504 #1788 #1822)) (not (or #28 #30 #1499 #1822)))
(= i844 1)
(not (= (if #6630 #6681 #6664) 417))
with max_conflicts: 2250
Worker 0 DONE checking cube l_false
Worker 0 found unsat cube
Batch manager backtracking.
(or (not (= i844 1)) (= i1041 0) (not (or #28 #30 #37)) (if (or #28 #30) (not #1502) (not #1498)) (not (or #28 #32 #1501 #1506 #1508 #1510)) (if (or #1504 #1788) (not #1792) (not #1801)) (if (or #1504 #1788) (= #1791 0) (not #1817)) (not (or #28 #30 #1499 #1504 #1788 #1822)) (not (or #28 #30 #1499 #1822)))

null (o)
  (= (if (or #21081 #15866 #15906 #15916 #15720 #15561 #15572 #15582 #15629 #15678 #15534 #13313) (if #13182 #11794 467) (if #15864 #11861 224)) 417) (c)
  (not (= (if #13315 #11795 #11862) 417)) (o)
    (= i844 1) (o)
      (or (not (= i844 1)) (= i1041 0) (not (or #4126 #4151 #4182)) (if (or #4126 #4151) (not #19336) (not #19416)) (not (or #4126 #4156 #19417 #19341 #19415 #19345)) (if (or #19340 #19347) (not #19351) (not #19361)) (if (or #19340 #19347) (= #19349 0) (not #19366)) (not (or #4126 #4151 #19339 #19340 #19347 #19334)) (not (or #4126 #4151 #19339 #19334))) (c)
      (not (or (not #4125) (= i1041 0) (not #19416) (if #4152 #19337 #19339) (not #19414) (if #19348 #19412 #19410) (if #19348 #19351 #19327) (not #19282) (not #19338))) (o)
    (not (= i844 1)) (c)
null (o)
  (= (if (or #21081 #15866 #15906 #15916 #15720 #15561 #15572 #15582 #15629 #15678 #15534 #13313) (if #13182 #11794 467) (if #15864 #11861 224)) 417) (c)
  (not (= (if #13315 #11795 #11862) 417)) (o)
    (= i844 1) (o)
      (or (not (= i844 1)) (= i1041 0) (not (or #4126 #4151 #4182)) (if (or #4126 #4151) (not #19336) (not #19416)) (not (or #4126 #4156 #19417 #19341 #19415 #19345)) (if (or #19340 #19347) (not #19351) (not #19361)) (if (or #19340 #19347) (= #19349 0) (not #19366)) (not (or #4126 #4151 #19339 #19340 #19347 #19334)) (not (or #4126 #4151 #19339 #19334))) (c)
      (not (or (not #4125) (= i1041 0) (not #19416) (if #4152 #19337 #19339) (not #19414) (if #19348 #19412 #19410) (if #19348 #19351 #19327) (not #19282) (not #19338))) (a)
    (not (= i844 1)) (c)

Worker 0 CUBE SIZE IN MAIN LOOP: 3
 Checking cube
(not (or (not #27) (= i1041 0) (not #1498) (if #31 #1503 #1499) (not #1787) (if #1789 #1793 #1802) (if #1789 #1792 #1818) (not #1823) (not #1825)))
(= i844 1)
(not (= (if #6630 #6681 #6664) 417))
with max_conflicts: 2250
Worker 3 DONE checking cube l_undef
Worker 3 found undef cube
Batch manager splitting on literal: (or (not (= i844 1)) (= i1041 0) (not (or #4126 #4151 #4182)) (if (or #4126 #4151) (not #19336) (not #19416)) (not (or #4126 #4156 #19417 #19341 #19415 #19345)) (if (or #19340 #19347) (not #19351) (not #19361)) (if (or #19340 #19347) (= #19349 0) (not #19366)) (not (or #4126 #4151 #19339 #19340 #19347 #19334)) (not (or #4126 #4151 #19339 #19334)))
null (o)
  (= (if (or #21081 #15866 #15906 #15916 #15720 #15561 #15572 #15582 #15629 #15678 #15534 #13313) (if #13182 #11794 467) (if #15864 #11861 224)) 417) (c)
  (not (= (if #13315 #11795 #11862) 417)) (o)
    (= i844 1) (o)
      (or (not (= i844 1)) (= i1041 0) (not (or #4126 #4151 #4182)) (if (or #4126 #4151) (not #19336) (not #19416)) (not (or #4126 #4156 #19417 #19341 #19415 #19345)) (if (or #19340 #19347) (not #19351) (not #19361)) (if (or #19340 #19347) (= #19349 0) (not #19366)) (not (or #4126 #4151 #19339 #19340 #19347 #19334)) (not (or #4126 #4151 #19339 #19334))) (c)
      (not (or (not #4125) (= i1041 0) (not #19416) (if #4152 #19337 #19339) (not #19414) (if #19348 #19412 #19410) (if #19348 #19351 #19327) (not #19282) (not #19338))) (a)
    (not (= i844 1)) (c)

Worker 3 CUBE SIZE IN MAIN LOOP: 3
 Checking cube
(not (or (not #27) (= i1041 0) (not #1498) (if #31 #1503 #1499) (not #1787) (if #1789 #1793 #1802) (if #1789 #1792 #1818) (not #1823) (not #1825)))
(= i844 1)
(not (= (if #6630 #6681 #6664) 417))
with max_conflicts: 3375
Worker 1 DONE checking cube l_false
Worker 1 found unsat cube
Batch manager backtracking.
(not (= (if #6630 #6681 #6664) 417))

null (c)
  (= (if (or #21081 #15866 #15906 #15916 #15720 #15561 #15572 #15582 #15629 #15678 #15534 #13313) (if #13182 #11794 467) (if #15864 #11861 224)) 417) (c)
  (not (= (if #13315 #11795 #11862) 417)) (c)
    (= i844 1) (c)
      (or (not (= i844 1)) (= i1041 0) (not (or #4126 #4151 #4182)) (if (or #4126 #4151) (not #19336) (not #19416)) (not (or #4126 #4156 #19417 #19341 #19415 #19345)) (if (or #19340 #19347) (not #19351) (not #19361)) (if (or #19340 #19347) (= #19349 0) (not #19366)) (not (or #4126 #4151 #19339 #19340 #19347 #19334)) (not (or #4126 #4151 #19339 #19334))) (c)
      (not (or (not #4125) (= i1041 0) (not #19416) (if #4152 #19337 #19339) (not #19414) (if #19348 #19412 #19410) (if #19348 #19351 #19327) (not #19282) (not #19338))) (c)
    (not (= i844 1)) (c)
Canceling workers
Worker 0 canceling
Worker 1 canceling
Worker 2 canceling
Worker 3 canceling
Worker 0 DONE checking cube l_undef
Worker 3 DONE checking cube l_undef
all done
Worker 1 no more cubes
Worker 2 DONE checking cube l_undef
Batch manager setting exception msg: context cancelled.
Batch manager setting exception msg: context cancelled.
Batch manager setting exception msg: context cancelled.
unsat
(:added-eqs                   1303492
 :arith-eq-adapter            3105
 :arith-bound-propagations-lp 152278
 :arith-conflicts             599
 :arith-diseq                 104976
 :arith-fixed-eqs             152179
 :arith-lower                 100633
 :arith-make-feasible         48532
 :arith-max-columns           1667
 :arith-max-rows              687
 :arith-offset-eqs            45030
 :arith-upper                 162269
 :binary-propagations         3623865
 :conflicts                   23126
 :decisions                   530514
 :del-clause                  18523
 :max-memory                  113.63
 :memory                      19.21
 :minimized-lits              131281
 :mk-bool-var                 22225
 :mk-clause                   35903
 :mk-clause-binary            61375
 :num-allocs                  53600111
 :num-checks                  19
 :parallel-max-cube-size      3
 :parallel-num_cubes          9
 :propagations                5180783
 :restarts                    199
 :rlimit-count                15359719
 :time                        0.63
 :total-time                  2.26)
