Worker 0 created with 0 assumptions
Worker 1 created with 0 assumptions
Worker 2 created with 0 assumptions
Worker 3 created with 0 assumptions
null (a)

Worker 0 CUBE SIZE IN MAIN LOOP: 0
 Checking cube
with max_conflicts: 1000
null (a)

Worker 2 CUBE SIZE IN MAIN LOOP: 0
 Checking cube
with max_conflicts: 1000
null (a)

Worker 3 CUBE SIZE IN MAIN LOOP: 0
 Checking cube
with max_conflicts: 1000
null (a)

Worker 1 CUBE SIZE IN MAIN LOOP: 0
 Checking cube
with max_conflicts: 1000
Worker 2 DONE checking cube l_undef
Worker 2 found undef cube
Batch manager splitting on literal: (or (if (or #19089 #18932) (not #18855) (not #18717)) (not (or #18719 #18652 #18316)) (not (or #18664 #18652 #18660 #18674 #18682 #18614 #18627 #18635 #18644 #18576 #18586 #18594 #18603 #18536 #18540 #18549 ...)) (not (or #18719 #18367)) (not (or #18719 #18652 #18660 #18285)) (not (or #18719 #18652 #18660 #18674 #18335)) (not (or #18719 #18652 #18660 #18674 #18271)) (not (or #18719 #18652 #18660 #18674 #18682 #18614 #18191)) (not (or #18719 #18652 #18660 #18674 #18682 #18614 #18199)) (not (or #18208 #21081)))
null (o)
  (or (if (or #19089 #18932) (not #18855) (not #18717)) (not (or #18719 #18652 #18316)) (not (or #18664 #18652 #18660 #18674 #18682 #18614 #18627 #18635 #18644 #18576 #18586 #18594 #18603 #18536 #18540 #18549 ...)) (not (or #18719 #18367)) (not (or #18719 #18652 #18660 #18285)) (not (or #18719 #18652 #18660 #18674 #18335)) (not (or #18719 #18652 #18660 #18674 #18271)) (not (or #18719 #18652 #18660 #18674 #18682 #18614 #18191)) (not (or #18719 #18652 #18660 #18674 #18682 #18614 #18199)) (not (or #18208 #21081))) (a)
  (not (or (if #18853 #18270 #18718) (not #18317) (not #18359) (not #18375) (not #18286) (not #18300) (not #18232) (not #18192) (not #18200) (not #21082))) (o)

Worker 2 CUBE SIZE IN MAIN LOOP: 1
 Checking cube
(or (if (or #2478 #2972) (not #3568) (not #3572)) (not (or #3574 #3584 #4238)) (not (or #3211 #3584 #3593 #3601 #3609 #3617 #3626 #3634 #3643 #3655 #3681 #3689 #3698 #3707 #3709 #3720 ...)) (not (or #3574 #4253)) (not (or #3574 #3584 #3593 #4261)) (not (or #3574 #3584 #3593 #3601 #4278)) (not (or #3574 #3584 #3593 #3601 #4287)) (not (or #3574 #3584 #3593 #3601 #3609 #3617 #4306)) (not (or #3574 #3584 #3593 #3601 #3609 #3617 #4315)) (not (or #4329 #5052)))
with max_conflicts: 1500
Worker 1 DONE checking cube l_undef
Worker 1 found undef cube
Batch manager splitting on literal: (= i844 1)
Worker 3 DONE checking cube l_undef
Worker 3 found undef cube
Batch manager splitting on literal: (= i844 1)
null (o)
  (or (if (or #19089 #18932) (not #18855) (not #18717)) (not (or #18719 #18652 #18316)) (not (or #18664 #18652 #18660 #18674 #18682 #18614 #18627 #18635 #18644 #18576 #18586 #18594 #18603 #18536 #18540 #18549 ...)) (not (or #18719 #18367)) (not (or #18719 #18652 #18660 #18285)) (not (or #18719 #18652 #18660 #18674 #18335)) (not (or #18719 #18652 #18660 #18674 #18271)) (not (or #18719 #18652 #18660 #18674 #18682 #18614 #18191)) (not (or #18719 #18652 #18660 #18674 #18682 #18614 #18199)) (not (or #18208 #21081))) (a)
  (not (or (if #18853 #18270 #18718) (not #18317) (not #18359) (not #18375) (not #18286) (not #18300) (not #18232) (not #18192) (not #18200) (not #21082))) (a)

Worker 1 CUBE SIZE IN MAIN LOOP: 1
 Checking cube
(not (or (if #2973 #3569 #3573) (not #4239) (not #4243) (not #4254) (not #4262) (not #4279) (not #4288) (not #4307) (not #4316) (not #5053)))
with max_conflicts: 1500
null (o)
  (or (if (or #19089 #18932) (not #18855) (not #18717)) (not (or #18719 #18652 #18316)) (not (or #18664 #18652 #18660 #18674 #18682 #18614 #18627 #18635 #18644 #18576 #18586 #18594 #18603 #18536 #18540 #18549 ...)) (not (or #18719 #18367)) (not (or #18719 #18652 #18660 #18285)) (not (or #18719 #18652 #18660 #18674 #18335)) (not (or #18719 #18652 #18660 #18674 #18271)) (not (or #18719 #18652 #18660 #18674 #18682 #18614 #18191)) (not (or #18719 #18652 #18660 #18674 #18682 #18614 #18199)) (not (or #18208 #21081))) (a)
  (not (or (if #18853 #18270 #18718) (not #18317) (not #18359) (not #18375) (not #18286) (not #18300) (not #18232) (not #18192) (not #18200) (not #21082))) (a)

Worker 1 DONE checking cube l_false
Worker 1 found unsat cube
Batch manager backtracking.
(not (or (if #2973 #3569 #3573) (not #4239) (not #4243) (not #4254) (not #4262) (not #4279) (not #4288) (not #4307) (not #4316) (not #5053)))

null (o)
  (or (if (or #19089 #18932) (not #18855) (not #18717)) (not (or #18719 #18652 #18316)) (not (or #18664 #18652 #18660 #18674 #18682 #18614 #18627 #18635 #18644 #18576 #18586 #18594 #18603 #18536 #18540 #18549 ...)) (not (or #18719 #18367)) (not (or #18719 #18652 #18660 #18285)) (not (or #18719 #18652 #18660 #18674 #18335)) (not (or #18719 #18652 #18660 #18674 #18271)) (not (or #18719 #18652 #18660 #18674 #18682 #18614 #18191)) (not (or #18719 #18652 #18660 #18674 #18682 #18614 #18199)) (not (or #18208 #21081))) (a)
  (not (or (if #18853 #18270 #18718) (not #18317) (not #18359) (not #18375) (not #18286) (not #18300) (not #18232) (not #18192) (not #18200) (not #21082))) (c)
null (o)
  (or (if (or #19089 #18932) (not #18855) (not #18717)) (not (or #18719 #18652 #18316)) (not (or #18664 #18652 #18660 #18674 #18682 #18614 #18627 #18635 #18644 #18576 #18586 #18594 #18603 #18536 #18540 #18549 ...)) (not (or #18719 #18367)) (not (or #18719 #18652 #18660 #18285)) (not (or #18719 #18652 #18660 #18674 #18335)) (not (or #18719 #18652 #18660 #18674 #18271)) (not (or #18719 #18652 #18660 #18674 #18682 #18614 #18191)) (not (or #18719 #18652 #18660 #18674 #18682 #18614 #18199)) (not (or #18208 #21081))) (a)
  (not (or (if #18853 #18270 #18718) (not #18317) (not #18359) (not #18375) (not #18286) (not #18300) (not #18232) (not #18192) (not #18200) (not #21082))) (c)

Worker 1 CUBE SIZE IN MAIN LOOP: 1
 Checking cube
(or (if (or #2478 #2972) (not #3568) (not #3572)) (not (or #3574 #3584 #4238)) (not (or #3211 #3584 #3593 #3601 #3609 #3617 #3626 #3634 #3643 #3655 #3681 #3689 #3698 #3707 #3709 #3720 ...)) (not (or #3574 #4253)) (not (or #3574 #3584 #3593 #4261)) (not (or #3574 #3584 #3593 #3601 #4278)) (not (or #3574 #3584 #3593 #3601 #4287)) (not (or #3574 #3584 #3593 #3601 #3609 #3617 #4306)) (not (or #3574 #3584 #3593 #3601 #3609 #3617 #4315)) (not (or #4329 #5052)))
with max_conflicts: 1500
Worker 3 CUBE SIZE IN MAIN LOOP: 1
 Checking cube
(or (if (or #2478 #2972) (not #3568) (not #3572)) (not (or #3574 #3584 #4238)) (not (or #3211 #3584 #3593 #3601 #3609 #3617 #3626 #3634 #3643 #3655 #3681 #3689 #3698 #3707 #3709 #3720 ...)) (not (or #3574 #4253)) (not (or #3574 #3584 #3593 #4261)) (not (or #3574 #3584 #3593 #3601 #4278)) (not (or #3574 #3584 #3593 #3601 #4287)) (not (or #3574 #3584 #3593 #3601 #3609 #3617 #4306)) (not (or #3574 #3584 #3593 #3601 #3609 #3617 #4315)) (not (or #4329 #5052)))
with max_conflicts: 1500
Worker 0 DONE checking cube l_undef
Worker 0 found undef cube
Batch manager splitting on literal: (<= (+ (if #4125 143 0) (* -1 #4566)) 0)
null (o)
  (or (if (or #19089 #18932) (not #18855) (not #18717)) (not (or #18719 #18652 #18316)) (not (or #18664 #18652 #18660 #18674 #18682 #18614 #18627 #18635 #18644 #18576 #18586 #18594 #18603 #18536 #18540 #18549 ...)) (not (or #18719 #18367)) (not (or #18719 #18652 #18660 #18285)) (not (or #18719 #18652 #18660 #18674 #18335)) (not (or #18719 #18652 #18660 #18674 #18271)) (not (or #18719 #18652 #18660 #18674 #18682 #18614 #18191)) (not (or #18719 #18652 #18660 #18674 #18682 #18614 #18199)) (not (or #18208 #21081))) (a)
  (not (or (if #18853 #18270 #18718) (not #18317) (not #18359) (not #18375) (not #18286) (not #18300) (not #18232) (not #18192) (not #18200) (not #21082))) (c)

Worker 0 CUBE SIZE IN MAIN LOOP: 1
 Checking cube
(or (if (or #2478 #2972) (not #3568) (not #3572)) (not (or #3574 #3584 #4238)) (not (or #3211 #3584 #3593 #3601 #3609 #3617 #3626 #3634 #3643 #3655 #3681 #3689 #3698 #3707 #3709 #3720 ...)) (not (or #3574 #4253)) (not (or #3574 #3584 #3593 #4261)) (not (or #3574 #3584 #3593 #3601 #4278)) (not (or #3574 #3584 #3593 #3601 #4287)) (not (or #3574 #3584 #3593 #3601 #3609 #3617 #4306)) (not (or #3574 #3584 #3593 #3601 #3609 #3617 #4315)) (not (or #4329 #5052)))
with max_conflicts: 1500
Worker 3 DONE checking cube l_undef
Worker 3 found undef cube
Batch manager splitting on literal: (= i844 1)
null (o)
  (or (if (or #19089 #18932) (not #18855) (not #18717)) (not (or #18719 #18652 #18316)) (not (or #18664 #18652 #18660 #18674 #18682 #18614 #18627 #18635 #18644 #18576 #18586 #18594 #18603 #18536 #18540 #18549 ...)) (not (or #18719 #18367)) (not (or #18719 #18652 #18660 #18285)) (not (or #18719 #18652 #18660 #18674 #18335)) (not (or #18719 #18652 #18660 #18674 #18271)) (not (or #18719 #18652 #18660 #18674 #18682 #18614 #18191)) (not (or #18719 #18652 #18660 #18674 #18682 #18614 #18199)) (not (or #18208 #21081))) (o)
    (= i844 1) (o)
    (not (= i844 1)) (a)
  (not (or (if #18853 #18270 #18718) (not #18317) (not #18359) (not #18375) (not #18286) (not #18300) (not #18232) (not #18192) (not #18200) (not #21082))) (c)

Worker 3 CUBE SIZE IN MAIN LOOP: 2
 Checking cube
(not (= i844 1))
(or (if (or #2478 #2972) (not #3568) (not #3572)) (not (or #3574 #3584 #4238)) (not (or #3211 #3584 #3593 #3601 #3609 #3617 #3626 #3634 #3643 #3655 #3681 #3689 #3698 #3707 #3709 #3720 ...)) (not (or #3574 #4253)) (not (or #3574 #3584 #3593 #4261)) (not (or #3574 #3584 #3593 #3601 #4278)) (not (or #3574 #3584 #3593 #3601 #4287)) (not (or #3574 #3584 #3593 #3601 #3609 #3617 #4306)) (not (or #3574 #3584 #3593 #3601 #3609 #3617 #4315)) (not (or #4329 #5052)))
with max_conflicts: 2250
Worker 1 DONE checking cube l_undef
Worker 1 found undef cube
Batch manager splitting on literal: (= (if (or #21091 #15866 #15906 #15916 #15720 #15561 #15572 #15582 #15389 #15398 #14406 #12234) (if #12143 #11752 467) (if #15864 #11817 224)) 417)
null (o)
  (or (if (or #19089 #18932) (not #18855) (not #18717)) (not (or #18719 #18652 #18316)) (not (or #18664 #18652 #18660 #18674 #18682 #18614 #18627 #18635 #18644 #18576 #18586 #18594 #18603 #18536 #18540 #18549 ...)) (not (or #18719 #18367)) (not (or #18719 #18652 #18660 #18285)) (not (or #18719 #18652 #18660 #18674 #18335)) (not (or #18719 #18652 #18660 #18674 #18271)) (not (or #18719 #18652 #18660 #18674 #18682 #18614 #18191)) (not (or #18719 #18652 #18660 #18674 #18682 #18614 #18199)) (not (or #18208 #21081))) (o)
    (= i844 1) (a)
    (not (= i844 1)) (a)
  (not (or (if #18853 #18270 #18718) (not #18317) (not #18359) (not #18375) (not #18286) (not #18300) (not #18232) (not #18192) (not #18200) (not #21082))) (c)

Worker 1 CUBE SIZE IN MAIN LOOP: 2
 Checking cube
(= i844 1)
(or (if (or #2478 #2972) (not #3568) (not #3572)) (not (or #3574 #3584 #4238)) (not (or #3211 #3584 #3593 #3601 #3609 #3617 #3626 #3634 #3643 #3655 #3681 #3689 #3698 #3707 #3709 #3720 ...)) (not (or #3574 #4253)) (not (or #3574 #3584 #3593 #4261)) (not (or #3574 #3584 #3593 #3601 #4278)) (not (or #3574 #3584 #3593 #3601 #4287)) (not (or #3574 #3584 #3593 #3601 #3609 #3617 #4306)) (not (or #3574 #3584 #3593 #3601 #3609 #3617 #4315)) (not (or #4329 #5052)))
with max_conflicts: 2250
Worker 2 DONE checking cube l_undef
Worker 2 found undef cube
Batch manager splitting on literal: (= (if (or #18355 #21091 #21058 #21063 #21030 #20929 #20941 #20822 #20790 #20592 #21086 #14346) (if #14209 #13303 467) (if #21090 #13638 224)) 417)
null (o)
  (or (if (or #19089 #18932) (not #18855) (not #18717)) (not (or #18719 #18652 #18316)) (not (or #18664 #18652 #18660 #18674 #18682 #18614 #18627 #18635 #18644 #18576 #18586 #18594 #18603 #18536 #18540 #18549 ...)) (not (or #18719 #18367)) (not (or #18719 #18652 #18660 #18285)) (not (or #18719 #18652 #18660 #18674 #18335)) (not (or #18719 #18652 #18660 #18674 #18271)) (not (or #18719 #18652 #18660 #18674 #18682 #18614 #18191)) (not (or #18719 #18652 #18660 #18674 #18682 #18614 #18199)) (not (or #18208 #21081))) (o)
    (= i844 1) (a)
    (not (= i844 1)) (a)
  (not (or (if #18853 #18270 #18718) (not #18317) (not #18359) (not #18375) (not #18286) (not #18300) (not #18232) (not #18192) (not #18200) (not #21082))) (c)

Worker 2 CUBE SIZE IN MAIN LOOP: 2
 Checking cube
(= i844 1)
(or (if (or #2478 #2972) (not #3568) (not #3572)) (not (or #3574 #3584 #4238)) (not (or #3211 #3584 #3593 #3601 #3609 #3617 #3626 #3634 #3643 #3655 #3681 #3689 #3698 #3707 #3709 #3720 ...)) (not (or #3574 #4253)) (not (or #3574 #3584 #3593 #4261)) (not (or #3574 #3584 #3593 #3601 #4278)) (not (or #3574 #3584 #3593 #3601 #4287)) (not (or #3574 #3584 #3593 #3601 #3609 #3617 #4306)) (not (or #3574 #3584 #3593 #3601 #3609 #3617 #4315)) (not (or #4329 #5052)))
with max_conflicts: 2250
Worker 0 DONE checking cube l_undef
Worker 0 found undef cube
Batch manager splitting on literal: (= i844 1)
null (o)
  (or (if (or #19089 #18932) (not #18855) (not #18717)) (not (or #18719 #18652 #18316)) (not (or #18664 #18652 #18660 #18674 #18682 #18614 #18627 #18635 #18644 #18576 #18586 #18594 #18603 #18536 #18540 #18549 ...)) (not (or #18719 #18367)) (not (or #18719 #18652 #18660 #18285)) (not (or #18719 #18652 #18660 #18674 #18335)) (not (or #18719 #18652 #18660 #18674 #18271)) (not (or #18719 #18652 #18660 #18674 #18682 #18614 #18191)) (not (or #18719 #18652 #18660 #18674 #18682 #18614 #18199)) (not (or #18208 #21081))) (o)
    (= i844 1) (a)
    (not (= i844 1)) (a)
  (not (or (if #18853 #18270 #18718) (not #18317) (not #18359) (not #18375) (not #18286) (not #18300) (not #18232) (not #18192) (not #18200) (not #21082))) (c)

Worker 0 CUBE SIZE IN MAIN LOOP: 2
 Checking cube
(= i844 1)
(or (if (or #2478 #2972) (not #3568) (not #3572)) (not (or #3574 #3584 #4238)) (not (or #3211 #3584 #3593 #3601 #3609 #3617 #3626 #3634 #3643 #3655 #3681 #3689 #3698 #3707 #3709 #3720 ...)) (not (or #3574 #4253)) (not (or #3574 #3584 #3593 #4261)) (not (or #3574 #3584 #3593 #3601 #4278)) (not (or #3574 #3584 #3593 #3601 #4287)) (not (or #3574 #3584 #3593 #3601 #3609 #3617 #4306)) (not (or #3574 #3584 #3593 #3601 #3609 #3617 #4315)) (not (or #4329 #5052)))
with max_conflicts: 2250
Worker 3 DONE checking cube l_false
Worker 3 found unsat cube
Batch manager backtracking.
(not (= i844 1))

null (o)
  (or (if (or #19089 #18932) (not #18855) (not #18717)) (not (or #18719 #18652 #18316)) (not (or #18664 #18652 #18660 #18674 #18682 #18614 #18627 #18635 #18644 #18576 #18586 #18594 #18603 #18536 #18540 #18549 ...)) (not (or #18719 #18367)) (not (or #18719 #18652 #18660 #18285)) (not (or #18719 #18652 #18660 #18674 #18335)) (not (or #18719 #18652 #18660 #18674 #18271)) (not (or #18719 #18652 #18660 #18674 #18682 #18614 #18191)) (not (or #18719 #18652 #18660 #18674 #18682 #18614 #18199)) (not (or #18208 #21081))) (o)
    (= i844 1) (a)
    (not (= i844 1)) (c)
  (not (or (if #18853 #18270 #18718) (not #18317) (not #18359) (not #18375) (not #18286) (not #18300) (not #18232) (not #18192) (not #18200) (not #21082))) (c)
null (o)
  (or (if (or #19089 #18932) (not #18855) (not #18717)) (not (or #18719 #18652 #18316)) (not (or #18664 #18652 #18660 #18674 #18682 #18614 #18627 #18635 #18644 #18576 #18586 #18594 #18603 #18536 #18540 #18549 ...)) (not (or #18719 #18367)) (not (or #18719 #18652 #18660 #18285)) (not (or #18719 #18652 #18660 #18674 #18335)) (not (or #18719 #18652 #18660 #18674 #18271)) (not (or #18719 #18652 #18660 #18674 #18682 #18614 #18191)) (not (or #18719 #18652 #18660 #18674 #18682 #18614 #18199)) (not (or #18208 #21081))) (o)
    (= i844 1) (a)
    (not (= i844 1)) (c)
  (not (or (if #18853 #18270 #18718) (not #18317) (not #18359) (not #18375) (not #18286) (not #18300) (not #18232) (not #18192) (not #18200) (not #21082))) (c)

Worker 3 CUBE SIZE IN MAIN LOOP: 2
 Checking cube
(= i844 1)
(or (if (or #2478 #2972) (not #3568) (not #3572)) (not (or #3574 #3584 #4238)) (not (or #3211 #3584 #3593 #3601 #3609 #3617 #3626 #3634 #3643 #3655 #3681 #3689 #3698 #3707 #3709 #3720 ...)) (not (or #3574 #4253)) (not (or #3574 #3584 #3593 #4261)) (not (or #3574 #3584 #3593 #3601 #4278)) (not (or #3574 #3584 #3593 #3601 #4287)) (not (or #3574 #3584 #3593 #3601 #3609 #3617 #4306)) (not (or #3574 #3584 #3593 #3601 #3609 #3617 #4315)) (not (or #4329 #5052)))
with max_conflicts: 2250
Worker 1 DONE checking cube l_undef
Worker 1 found undef cube
Batch manager splitting on literal: (or (not (or #19362 #19286 #19227 #19263 #19187 #19259 #19192 #19219 #19211)) (not (or #19362 #19286 #19227 #19263 #19187 #19259 #19192 #19219 #19211 #19123 #19136 #19139 #19060 #19065 #19069 #19106 ...)) (not (or #4126 #4151 #19339 #19340 #19347 #19362 #19281 #19334 #19286 #19323 #19319 #19305 #19227 #19315 #19313 #19270 ...)) (not (or #4126 #4151 #19339 #19340 #19347 #19362 #19281 #19334 #19286 #19323 #19319 #19305 #19227 #19315 #19313 #19270 ...)) (not (or #4126 #4151 #19339 #19340 #19347 #19362 #19281 #19334 #19286 #19323 #19319 #19305 #19227 #19315 #19313 #19270 ...)) (not (or #19192 #19123 #19004)) (not (or #19192 #19123 #19136 #19008)) (not (or #19192 #19123 #19136 #19013)) (not (or #19018 #18875)))
null (o)
  (or (if (or #19089 #18932) (not #18855) (not #18717)) (not (or #18719 #18652 #18316)) (not (or #18664 #18652 #18660 #18674 #18682 #18614 #18627 #18635 #18644 #18576 #18586 #18594 #18603 #18536 #18540 #18549 ...)) (not (or #18719 #18367)) (not (or #18719 #18652 #18660 #18285)) (not (or #18719 #18652 #18660 #18674 #18335)) (not (or #18719 #18652 #18660 #18674 #18271)) (not (or #18719 #18652 #18660 #18674 #18682 #18614 #18191)) (not (or #18719 #18652 #18660 #18674 #18682 #18614 #18199)) (not (or #18208 #21081))) (o)
    (= i844 1) (o)
      (or (not (or #19362 #19286 #19227 #19263 #19187 #19259 #19192 #19219 #19211)) (not (or #19362 #19286 #19227 #19263 #19187 #19259 #19192 #19219 #19211 #19123 #19136 #19139 #19060 #19065 #19069 #19106 ...)) (not (or #4126 #4151 #19339 #19340 #19347 #19362 #19281 #19334 #19286 #19323 #19319 #19305 #19227 #19315 #19313 #19270 ...)) (not (or #4126 #4151 #19339 #19340 #19347 #19362 #19281 #19334 #19286 #19323 #19319 #19305 #19227 #19315 #19313 #19270 ...)) (not (or #4126 #4151 #19339 #19340 #19347 #19362 #19281 #19334 #19286 #19323 #19319 #19305 #19227 #19315 #19313 #19270 ...)) (not (or #19192 #19123 #19004)) (not (or #19192 #19123 #19136 #19008)) (not (or #19192 #19123 #19136 #19013)) (not (or #19018 #18875))) (a)
      (not (or (not #19122) (not #19110) (not #19094) (not #19028) (not #19105) (not #19005) (not #19009) (not #19099) (not #18830))) (o)
    (not (= i844 1)) (c)
  (not (or (if #18853 #18270 #18718) (not #18317) (not #18359) (not #18375) (not #18286) (not #18300) (not #18232) (not #18192) (not #18200) (not #21082))) (c)

Worker 1 CUBE SIZE IN MAIN LOOP: 3
 Checking cube
(or (not (or #1803 #1840 #1895 #1914 #1922 #1928 #2009 #2022 #2342)) (not (or #1803 #1840 #1895 #1914 #1922 #1928 #2009 #2022 #2342 #2344 #2368 #2382 #2399 #2407 #2414 #2421 ...)) (not (or #28 #30 #1499 #1504 #1788 #1803 #1819 #1822 #1840 #1849 #1874 #1880 #1895 #1953 #1959 #1986 ...)) (not (or #28 #30 #1499 #1504 #1788 #1803 #1819 #1822 #1840 #1849 #1874 #1880 #1895 #1953 #1959 #1986 ...)) (not (or #28 #30 #1499 #1504 #1788 #1803 #1819 #1822 #1840 #1849 #1874 #1880 #1895 #1953 #1959 #1986 ...)) (not (or #2009 #2344 #2494)) (not (or #2009 #2344 #2368 #2500)) (not (or #2009 #2344 #2368 #2509)) (not (or #2517 #3072)))
(= i844 1)
(or (if (or #2478 #2972) (not #3568) (not #3572)) (not (or #3574 #3584 #4238)) (not (or #3211 #3584 #3593 #3601 #3609 #3617 #3626 #3634 #3643 #3655 #3681 #3689 #3698 #3707 #3709 #3720 ...)) (not (or #3574 #4253)) (not (or #3574 #3584 #3593 #4261)) (not (or #3574 #3584 #3593 #3601 #4278)) (not (or #3574 #3584 #3593 #3601 #4287)) (not (or #3574 #3584 #3593 #3601 #3609 #3617 #4306)) (not (or #3574 #3584 #3593 #3601 #3609 #3617 #4315)) (not (or #4329 #5052)))
with max_conflicts: 3375
Worker 2 DONE checking cube l_undef
Worker 2 found undef cube
Batch manager splitting on literal: (= (if (or #18719 #18652 #18660 #18674 #18682 #18614 #18627 #18635 #18644 #18576 #18586 #18594 #18090) (if #17954 #21153 467) (if #18719 229 #12434)) 139)
null (o)
  (or (if (or #19089 #18932) (not #18855) (not #18717)) (not (or #18719 #18652 #18316)) (not (or #18664 #18652 #18660 #18674 #18682 #18614 #18627 #18635 #18644 #18576 #18586 #18594 #18603 #18536 #18540 #18549 ...)) (not (or #18719 #18367)) (not (or #18719 #18652 #18660 #18285)) (not (or #18719 #18652 #18660 #18674 #18335)) (not (or #18719 #18652 #18660 #18674 #18271)) (not (or #18719 #18652 #18660 #18674 #18682 #18614 #18191)) (not (or #18719 #18652 #18660 #18674 #18682 #18614 #18199)) (not (or #18208 #21081))) (o)
    (= i844 1) (o)
      (or (not (or #19362 #19286 #19227 #19263 #19187 #19259 #19192 #19219 #19211)) (not (or #19362 #19286 #19227 #19263 #19187 #19259 #19192 #19219 #19211 #19123 #19136 #19139 #19060 #19065 #19069 #19106 ...)) (not (or #4126 #4151 #19339 #19340 #19347 #19362 #19281 #19334 #19286 #19323 #19319 #19305 #19227 #19315 #19313 #19270 ...)) (not (or #4126 #4151 #19339 #19340 #19347 #19362 #19281 #19334 #19286 #19323 #19319 #19305 #19227 #19315 #19313 #19270 ...)) (not (or #4126 #4151 #19339 #19340 #19347 #19362 #19281 #19334 #19286 #19323 #19319 #19305 #19227 #19315 #19313 #19270 ...)) (not (or #19192 #19123 #19004)) (not (or #19192 #19123 #19136 #19008)) (not (or #19192 #19123 #19136 #19013)) (not (or #19018 #18875))) (a)
      (not (or (not #19122) (not #19110) (not #19094) (not #19028) (not #19105) (not #19005) (not #19009) (not #19099) (not #18830))) (a)
    (not (= i844 1)) (c)
  (not (or (if #18853 #18270 #18718) (not #18317) (not #18359) (not #18375) (not #18286) (not #18300) (not #18232) (not #18192) (not #18200) (not #21082))) (c)

Worker 2 CUBE SIZE IN MAIN LOOP: 3
 Checking cube
(not (or (not #2343) (not #2477) (not #2479) (not #2486) (not #2489) (not #2495) (not #2501) (not #2510) (not #3073)))
(= i844 1)
(or (if (or #2478 #2972) (not #3568) (not #3572)) (not (or #3574 #3584 #4238)) (not (or #3211 #3584 #3593 #3601 #3609 #3617 #3626 #3634 #3643 #3655 #3681 #3689 #3698 #3707 #3709 #3720 ...)) (not (or #3574 #4253)) (not (or #3574 #3584 #3593 #4261)) (not (or #3574 #3584 #3593 #3601 #4278)) (not (or #3574 #3584 #3593 #3601 #4287)) (not (or #3574 #3584 #3593 #3601 #3609 #3617 #4306)) (not (or #3574 #3584 #3593 #3601 #3609 #3617 #4315)) (not (or #4329 #5052)))
with max_conflicts: 3375
Worker 0 DONE checking cube l_undef
Worker 0 found undef cube
Batch manager splitting on literal: (or (not (= i844 1)) (= i1041 0) (not (or #4126 #4151 #4182)) (if (or #4126 #4151) (not #19336) (not #19416)) (not (or #4126 #4156 #19417 #19341 #19415 #19345)) (if (or #19340 #19347) (not #19351) (not #19361)) (if (or #19340 #19347) (= #19349 0) (not #19366)) (not (or #4126 #4151 #19339 #19340 #19347 #19334)) (not (or #4126 #4151 #19339 #19334)))
null (o)
  (or (if (or #19089 #18932) (not #18855) (not #18717)) (not (or #18719 #18652 #18316)) (not (or #18664 #18652 #18660 #18674 #18682 #18614 #18627 #18635 #18644 #18576 #18586 #18594 #18603 #18536 #18540 #18549 ...)) (not (or #18719 #18367)) (not (or #18719 #18652 #18660 #18285)) (not (or #18719 #18652 #18660 #18674 #18335)) (not (or #18719 #18652 #18660 #18674 #18271)) (not (or #18719 #18652 #18660 #18674 #18682 #18614 #18191)) (not (or #18719 #18652 #18660 #18674 #18682 #18614 #18199)) (not (or #18208 #21081))) (o)
    (= i844 1) (o)
      (or (not (or #19362 #19286 #19227 #19263 #19187 #19259 #19192 #19219 #19211)) (not (or #19362 #19286 #19227 #19263 #19187 #19259 #19192 #19219 #19211 #19123 #19136 #19139 #19060 #19065 #19069 #19106 ...)) (not (or #4126 #4151 #19339 #19340 #19347 #19362 #19281 #19334 #19286 #19323 #19319 #19305 #19227 #19315 #19313 #19270 ...)) (not (or #4126 #4151 #19339 #19340 #19347 #19362 #19281 #19334 #19286 #19323 #19319 #19305 #19227 #19315 #19313 #19270 ...)) (not (or #4126 #4151 #19339 #19340 #19347 #19362 #19281 #19334 #19286 #19323 #19319 #19305 #19227 #19315 #19313 #19270 ...)) (not (or #19192 #19123 #19004)) (not (or #19192 #19123 #19136 #19008)) (not (or #19192 #19123 #19136 #19013)) (not (or #19018 #18875))) (a)
      (not (or (not #19122) (not #19110) (not #19094) (not #19028) (not #19105) (not #19005) (not #19009) (not #19099) (not #18830))) (a)
    (not (= i844 1)) (c)
  (not (or (if #18853 #18270 #18718) (not #18317) (not #18359) (not #18375) (not #18286) (not #18300) (not #18232) (not #18192) (not #18200) (not #21082))) (c)

Worker 0 CUBE SIZE IN MAIN LOOP: 3
 Checking cube
(or (not (or #1803 #1840 #1895 #1914 #1922 #1928 #2009 #2022 #2342)) (not (or #1803 #1840 #1895 #1914 #1922 #1928 #2009 #2022 #2342 #2344 #2368 #2382 #2399 #2407 #2414 #2421 ...)) (not (or #28 #30 #1499 #1504 #1788 #1803 #1819 #1822 #1840 #1849 #1874 #1880 #1895 #1953 #1959 #1986 ...)) (not (or #28 #30 #1499 #1504 #1788 #1803 #1819 #1822 #1840 #1849 #1874 #1880 #1895 #1953 #1959 #1986 ...)) (not (or #28 #30 #1499 #1504 #1788 #1803 #1819 #1822 #1840 #1849 #1874 #1880 #1895 #1953 #1959 #1986 ...)) (not (or #2009 #2344 #2494)) (not (or #2009 #2344 #2368 #2500)) (not (or #2009 #2344 #2368 #2509)) (not (or #2517 #3072)))
(= i844 1)
(or (if (or #2478 #2972) (not #3568) (not #3572)) (not (or #3574 #3584 #4238)) (not (or #3211 #3584 #3593 #3601 #3609 #3617 #3626 #3634 #3643 #3655 #3681 #3689 #3698 #3707 #3709 #3720 ...)) (not (or #3574 #4253)) (not (or #3574 #3584 #3593 #4261)) (not (or #3574 #3584 #3593 #3601 #4278)) (not (or #3574 #3584 #3593 #3601 #4287)) (not (or #3574 #3584 #3593 #3601 #3609 #3617 #4306)) (not (or #3574 #3584 #3593 #3601 #3609 #3617 #4315)) (not (or #4329 #5052)))
with max_conflicts: 3375
Worker 2 DONE checking cube l_false
Worker 2 found unsat cube
Batch manager backtracking.
(not (or (not #2343) (not #2477) (not #2479) (not #2486) (not #2489) (not #2495) (not #2501) (not #2510) (not #3073)))

null (o)
  (or (if (or #19089 #18932) (not #18855) (not #18717)) (not (or #18719 #18652 #18316)) (not (or #18664 #18652 #18660 #18674 #18682 #18614 #18627 #18635 #18644 #18576 #18586 #18594 #18603 #18536 #18540 #18549 ...)) (not (or #18719 #18367)) (not (or #18719 #18652 #18660 #18285)) (not (or #18719 #18652 #18660 #18674 #18335)) (not (or #18719 #18652 #18660 #18674 #18271)) (not (or #18719 #18652 #18660 #18674 #18682 #18614 #18191)) (not (or #18719 #18652 #18660 #18674 #18682 #18614 #18199)) (not (or #18208 #21081))) (o)
    (= i844 1) (o)
      (or (not (or #19362 #19286 #19227 #19263 #19187 #19259 #19192 #19219 #19211)) (not (or #19362 #19286 #19227 #19263 #19187 #19259 #19192 #19219 #19211 #19123 #19136 #19139 #19060 #19065 #19069 #19106 ...)) (not (or #4126 #4151 #19339 #19340 #19347 #19362 #19281 #19334 #19286 #19323 #19319 #19305 #19227 #19315 #19313 #19270 ...)) (not (or #4126 #4151 #19339 #19340 #19347 #19362 #19281 #19334 #19286 #19323 #19319 #19305 #19227 #19315 #19313 #19270 ...)) (not (or #4126 #4151 #19339 #19340 #19347 #19362 #19281 #19334 #19286 #19323 #19319 #19305 #19227 #19315 #19313 #19270 ...)) (not (or #19192 #19123 #19004)) (not (or #19192 #19123 #19136 #19008)) (not (or #19192 #19123 #19136 #19013)) (not (or #19018 #18875))) (a)
      (not (or (not #19122) (not #19110) (not #19094) (not #19028) (not #19105) (not #19005) (not #19009) (not #19099) (not #18830))) (c)
    (not (= i844 1)) (c)
  (not (or (if #18853 #18270 #18718) (not #18317) (not #18359) (not #18375) (not #18286) (not #18300) (not #18232) (not #18192) (not #18200) (not #21082))) (c)
null (o)
  (or (if (or #19089 #18932) (not #18855) (not #18717)) (not (or #18719 #18652 #18316)) (not (or #18664 #18652 #18660 #18674 #18682 #18614 #18627 #18635 #18644 #18576 #18586 #18594 #18603 #18536 #18540 #18549 ...)) (not (or #18719 #18367)) (not (or #18719 #18652 #18660 #18285)) (not (or #18719 #18652 #18660 #18674 #18335)) (not (or #18719 #18652 #18660 #18674 #18271)) (not (or #18719 #18652 #18660 #18674 #18682 #18614 #18191)) (not (or #18719 #18652 #18660 #18674 #18682 #18614 #18199)) (not (or #18208 #21081))) (o)
    (= i844 1) (o)
      (or (not (or #19362 #19286 #19227 #19263 #19187 #19259 #19192 #19219 #19211)) (not (or #19362 #19286 #19227 #19263 #19187 #19259 #19192 #19219 #19211 #19123 #19136 #19139 #19060 #19065 #19069 #19106 ...)) (not (or #4126 #4151 #19339 #19340 #19347 #19362 #19281 #19334 #19286 #19323 #19319 #19305 #19227 #19315 #19313 #19270 ...)) (not (or #4126 #4151 #19339 #19340 #19347 #19362 #19281 #19334 #19286 #19323 #19319 #19305 #19227 #19315 #19313 #19270 ...)) (not (or #4126 #4151 #19339 #19340 #19347 #19362 #19281 #19334 #19286 #19323 #19319 #19305 #19227 #19315 #19313 #19270 ...)) (not (or #19192 #19123 #19004)) (not (or #19192 #19123 #19136 #19008)) (not (or #19192 #19123 #19136 #19013)) (not (or #19018 #18875))) (a)
      (not (or (not #19122) (not #19110) (not #19094) (not #19028) (not #19105) (not #19005) (not #19009) (not #19099) (not #18830))) (c)
    (not (= i844 1)) (c)
  (not (or (if #18853 #18270 #18718) (not #18317) (not #18359) (not #18375) (not #18286) (not #18300) (not #18232) (not #18192) (not #18200) (not #21082))) (c)

Worker 2 CUBE SIZE IN MAIN LOOP: 3
 Checking cube
(or (not (or #1803 #1840 #1895 #1914 #1922 #1928 #2009 #2022 #2342)) (not (or #1803 #1840 #1895 #1914 #1922 #1928 #2009 #2022 #2342 #2344 #2368 #2382 #2399 #2407 #2414 #2421 ...)) (not (or #28 #30 #1499 #1504 #1788 #1803 #1819 #1822 #1840 #1849 #1874 #1880 #1895 #1953 #1959 #1986 ...)) (not (or #28 #30 #1499 #1504 #1788 #1803 #1819 #1822 #1840 #1849 #1874 #1880 #1895 #1953 #1959 #1986 ...)) (not (or #28 #30 #1499 #1504 #1788 #1803 #1819 #1822 #1840 #1849 #1874 #1880 #1895 #1953 #1959 #1986 ...)) (not (or #2009 #2344 #2494)) (not (or #2009 #2344 #2368 #2500)) (not (or #2009 #2344 #2368 #2509)) (not (or #2517 #3072)))
(= i844 1)
(or (if (or #2478 #2972) (not #3568) (not #3572)) (not (or #3574 #3584 #4238)) (not (or #3211 #3584 #3593 #3601 #3609 #3617 #3626 #3634 #3643 #3655 #3681 #3689 #3698 #3707 #3709 #3720 ...)) (not (or #3574 #4253)) (not (or #3574 #3584 #3593 #4261)) (not (or #3574 #3584 #3593 #3601 #4278)) (not (or #3574 #3584 #3593 #3601 #4287)) (not (or #3574 #3584 #3593 #3601 #3609 #3617 #4306)) (not (or #3574 #3584 #3593 #3601 #3609 #3617 #4315)) (not (or #4329 #5052)))
with max_conflicts: 3375
Worker 3 DONE checking cube l_undef
Worker 3 found undef cube
Batch manager splitting on literal: (or (not (= i844 1)) (= i1041 0) (not (or #4126 #4151 #4182)) (if (or #4126 #4151) (not #19336) (not #19416)) (not (or #4126 #4156 #19417 #19341 #19415 #19345)) (if (or #19340 #19347) (not #19351) (not #19361)) (if (or #19340 #19347) (= #19349 0) (not #19366)) (not (or #4126 #4151 #19339 #19340 #19347 #19334)) (not (or #4126 #4151 #19339 #19334)))
null (o)
  (or (if (or #19089 #18932) (not #18855) (not #18717)) (not (or #18719 #18652 #18316)) (not (or #18664 #18652 #18660 #18674 #18682 #18614 #18627 #18635 #18644 #18576 #18586 #18594 #18603 #18536 #18540 #18549 ...)) (not (or #18719 #18367)) (not (or #18719 #18652 #18660 #18285)) (not (or #18719 #18652 #18660 #18674 #18335)) (not (or #18719 #18652 #18660 #18674 #18271)) (not (or #18719 #18652 #18660 #18674 #18682 #18614 #18191)) (not (or #18719 #18652 #18660 #18674 #18682 #18614 #18199)) (not (or #18208 #21081))) (o)
    (= i844 1) (o)
      (or (not (or #19362 #19286 #19227 #19263 #19187 #19259 #19192 #19219 #19211)) (not (or #19362 #19286 #19227 #19263 #19187 #19259 #19192 #19219 #19211 #19123 #19136 #19139 #19060 #19065 #19069 #19106 ...)) (not (or #4126 #4151 #19339 #19340 #19347 #19362 #19281 #19334 #19286 #19323 #19319 #19305 #19227 #19315 #19313 #19270 ...)) (not (or #4126 #4151 #19339 #19340 #19347 #19362 #19281 #19334 #19286 #19323 #19319 #19305 #19227 #19315 #19313 #19270 ...)) (not (or #4126 #4151 #19339 #19340 #19347 #19362 #19281 #19334 #19286 #19323 #19319 #19305 #19227 #19315 #19313 #19270 ...)) (not (or #19192 #19123 #19004)) (not (or #19192 #19123 #19136 #19008)) (not (or #19192 #19123 #19136 #19013)) (not (or #19018 #18875))) (a)
      (not (or (not #19122) (not #19110) (not #19094) (not #19028) (not #19105) (not #19005) (not #19009) (not #19099) (not #18830))) (c)
    (not (= i844 1)) (c)
  (not (or (if #18853 #18270 #18718) (not #18317) (not #18359) (not #18375) (not #18286) (not #18300) (not #18232) (not #18192) (not #18200) (not #21082))) (c)

Worker 3 CUBE SIZE IN MAIN LOOP: 3
 Checking cube
(or (not (or #1803 #1840 #1895 #1914 #1922 #1928 #2009 #2022 #2342)) (not (or #1803 #1840 #1895 #1914 #1922 #1928 #2009 #2022 #2342 #2344 #2368 #2382 #2399 #2407 #2414 #2421 ...)) (not (or #28 #30 #1499 #1504 #1788 #1803 #1819 #1822 #1840 #1849 #1874 #1880 #1895 #1953 #1959 #1986 ...)) (not (or #28 #30 #1499 #1504 #1788 #1803 #1819 #1822 #1840 #1849 #1874 #1880 #1895 #1953 #1959 #1986 ...)) (not (or #28 #30 #1499 #1504 #1788 #1803 #1819 #1822 #1840 #1849 #1874 #1880 #1895 #1953 #1959 #1986 ...)) (not (or #2009 #2344 #2494)) (not (or #2009 #2344 #2368 #2500)) (not (or #2009 #2344 #2368 #2509)) (not (or #2517 #3072)))
(= i844 1)
(or (if (or #2478 #2972) (not #3568) (not #3572)) (not (or #3574 #3584 #4238)) (not (or #3211 #3584 #3593 #3601 #3609 #3617 #3626 #3634 #3643 #3655 #3681 #3689 #3698 #3707 #3709 #3720 ...)) (not (or #3574 #4253)) (not (or #3574 #3584 #3593 #4261)) (not (or #3574 #3584 #3593 #3601 #4278)) (not (or #3574 #3584 #3593 #3601 #4287)) (not (or #3574 #3584 #3593 #3601 #3609 #3617 #4306)) (not (or #3574 #3584 #3593 #3601 #3609 #3617 #4315)) (not (or #4329 #5052)))
with max_conflicts: 3375
Worker 2 DONE checking cube l_false
Worker 2 found unsat cube
Batch manager backtracking.
(or (not (or #1803 #1840 #1895 #1914 #1922 #1928 #2009 #2022 #2342)) (not (or #1803 #1840 #1895 #1914 #1922 #1928 #2009 #2022 #2342 #2344 #2368 #2382 #2399 #2407 #2414 #2421 ...)) (not (or #28 #30 #1499 #1504 #1788 #1803 #1819 #1822 #1840 #1849 #1874 #1880 #1895 #1953 #1959 #1986 ...)) (not (or #28 #30 #1499 #1504 #1788 #1803 #1819 #1822 #1840 #1849 #1874 #1880 #1895 #1953 #1959 #1986 ...)) (not (or #28 #30 #1499 #1504 #1788 #1803 #1819 #1822 #1840 #1849 #1874 #1880 #1895 #1953 #1959 #1986 ...)) (not (or #2009 #2344 #2494)) (not (or #2009 #2344 #2368 #2500)) (not (or #2009 #2344 #2368 #2509)) (not (or #2517 #3072)))

null (c)
  (or (if (or #19089 #18932) (not #18855) (not #18717)) (not (or #18719 #18652 #18316)) (not (or #18664 #18652 #18660 #18674 #18682 #18614 #18627 #18635 #18644 #18576 #18586 #18594 #18603 #18536 #18540 #18549 ...)) (not (or #18719 #18367)) (not (or #18719 #18652 #18660 #18285)) (not (or #18719 #18652 #18660 #18674 #18335)) (not (or #18719 #18652 #18660 #18674 #18271)) (not (or #18719 #18652 #18660 #18674 #18682 #18614 #18191)) (not (or #18719 #18652 #18660 #18674 #18682 #18614 #18199)) (not (or #18208 #21081))) (c)
    (= i844 1) (c)
      (or (not (or #19362 #19286 #19227 #19263 #19187 #19259 #19192 #19219 #19211)) (not (or #19362 #19286 #19227 #19263 #19187 #19259 #19192 #19219 #19211 #19123 #19136 #19139 #19060 #19065 #19069 #19106 ...)) (not (or #4126 #4151 #19339 #19340 #19347 #19362 #19281 #19334 #19286 #19323 #19319 #19305 #19227 #19315 #19313 #19270 ...)) (not (or #4126 #4151 #19339 #19340 #19347 #19362 #19281 #19334 #19286 #19323 #19319 #19305 #19227 #19315 #19313 #19270 ...)) (not (or #4126 #4151 #19339 #19340 #19347 #19362 #19281 #19334 #19286 #19323 #19319 #19305 #19227 #19315 #19313 #19270 ...)) (not (or #19192 #19123 #19004)) (not (or #19192 #19123 #19136 #19008)) (not (or #19192 #19123 #19136 #19013)) (not (or #19018 #18875))) (c)
      (not (or (not #19122) (not #19110) (not #19094) (not #19028) (not #19105) (not #19005) (not #19009) (not #19099) (not #18830))) (c)
    (not (= i844 1)) (c)
  (not (or (if #18853 #18270 #18718) (not #18317) (not #18359) (not #18375) (not #18286) (not #18300) (not #18232) (not #18192) (not #18200) (not #21082))) (c)
Canceling workers
Worker 0 canceling
Worker 1 canceling
Worker 2 canceling
Worker 3 canceling
all done
Worker 2 no more cubes
Worker 1 DONE checking cube l_undef
Batch manager setting exception msg: context cancelled.
Worker 3 DONE checking cube l_undef
Batch manager setting exception msg: context cancelled.
Worker 0 DONE checking cube l_undef
Batch manager setting exception msg: context cancelled.
unsat
(:added-eqs                   1619107
 :arith-eq-adapter            3191
 :arith-bound-propagations-lp 194856
 :arith-conflicts             646
 :arith-diseq                 130136
 :arith-fixed-eqs             200585
 :arith-lower                 119973
 :arith-make-feasible         58234
 :arith-max-columns           1663
 :arith-max-rows              683
 :arith-offset-eqs            61487
 :arith-upper                 202717
 :binary-propagations         4321022
 :conflicts                   25800
 :decisions                   536502
 :del-clause                  20189
 :max-memory                  113.75
 :memory                      19.15
 :minimized-lits              158724
 :mk-bool-var                 22280
 :mk-clause                   38351
 :mk-clause-binary            61267
 :num-allocs                  57118053
 :num-checks                  20
 :parallel-max-cube-size      3
 :parallel-num_cubes          12
 :propagations                6313435
 :restarts                    219
 :rlimit-count                17896914
 :time                        0.76
 :total-time                  2.79)
