Worker 0 created with 0 assumptions
Worker 1 created with 0 assumptions
Worker 2 created with 0 assumptions
Worker 3 created with 0 assumptions
null (a)

Worker 1 CUBE SIZE IN MAIN LOOP: 0
 Checking cube
with max_conflicts: 1000
null (a)

Worker 0 CUBE SIZE IN MAIN LOOP: 0
 Checking cube
with max_conflicts: 1000
null (a)

Worker 3 CUBE SIZE IN MAIN LOOP: 0
 Checking cube
with max_conflicts: 1000
null (a)

Worker 2 CUBE SIZE IN MAIN LOOP: 0
 Checking cube
with max_conflicts: 1000
Worker 1 DONE checking cube l_undef
Worker 1 found undef cube
Batch manager splitting on literal: (or (if (or #19089 #18932) (not #18855) (not #18717)) (not (or #18719 #18652 #18316)) (not (or #18664 #18652 #18660 #18674 #18682 #18614 #18627 #18635 #18644 #18576 #18586 #18594 #18603 #18536 #18540 #18549 ...)) (not (or #18719 #18367)) (not (or #18719 #18652 #18660 #18285)) (not (or #18719 #18652 #18660 #18674 #18335)) (not (or #18719 #18652 #18660 #18674 #18271)) (not (or #18719 #18652 #18660 #18674 #18682 #18614 #18191)) (not (or #18719 #18652 #18660 #18674 #18682 #18614 #18199)) (not (or #18208 #21081)))
null (o)
  (or (if (or #19089 #18932) (not #18855) (not #18717)) (not (or #18719 #18652 #18316)) (not (or #18664 #18652 #18660 #18674 #18682 #18614 #18627 #18635 #18644 #18576 #18586 #18594 #18603 #18536 #18540 #18549 ...)) (not (or #18719 #18367)) (not (or #18719 #18652 #18660 #18285)) (not (or #18719 #18652 #18660 #18674 #18335)) (not (or #18719 #18652 #18660 #18674 #18271)) (not (or #18719 #18652 #18660 #18674 #18682 #18614 #18191)) (not (or #18719 #18652 #18660 #18674 #18682 #18614 #18199)) (not (or #18208 #21081))) (a)
  (not (or (if #18853 #18270 #18718) (not #18317) (not #18359) (not #18375) (not #18286) (not #18300) (not #18232) (not #18192) (not #18200) (not #21082))) (o)

Worker 1 CUBE SIZE IN MAIN LOOP: 1
 Checking cube
(or (if (or #2478 #2972) (not #3568) (not #3572)) (not (or #3574 #3584 #4238)) (not (or #3211 #3584 #3593 #3601 #3609 #3617 #3626 #3634 #3643 #3655 #3681 #3689 #3698 #3707 #3709 #3720 ...)) (not (or #3574 #4253)) (not (or #3574 #3584 #3593 #4261)) (not (or #3574 #3584 #3593 #3601 #4278)) (not (or #3574 #3584 #3593 #3601 #4287)) (not (or #3574 #3584 #3593 #3601 #3609 #3617 #4306)) (not (or #3574 #3584 #3593 #3601 #3609 #3617 #4315)) (not (or #4329 #5052)))
with max_conflicts: 1500
Worker 0 DONE checking cube l_undef
Worker 0 found undef cube
Batch manager splitting on literal: (<= (+ (if #4125 143 0) (* -1 #4566)) 0)
null (o)
  (or (if (or #19089 #18932) (not #18855) (not #18717)) (not (or #18719 #18652 #18316)) (not (or #18664 #18652 #18660 #18674 #18682 #18614 #18627 #18635 #18644 #18576 #18586 #18594 #18603 #18536 #18540 #18549 ...)) (not (or #18719 #18367)) (not (or #18719 #18652 #18660 #18285)) (not (or #18719 #18652 #18660 #18674 #18335)) (not (or #18719 #18652 #18660 #18674 #18271)) (not (or #18719 #18652 #18660 #18674 #18682 #18614 #18191)) (not (or #18719 #18652 #18660 #18674 #18682 #18614 #18199)) (not (or #18208 #21081))) (a)
  (not (or (if #18853 #18270 #18718) (not #18317) (not #18359) (not #18375) (not #18286) (not #18300) (not #18232) (not #18192) (not #18200) (not #21082))) (a)

Worker 3 DONE checking cube l_undef
Worker 3 found undef cube
Worker 0 CUBE SIZE IN MAIN LOOP: 1
 Checking cube
(not (or (if #2973 #3569 #3573) (not #4239) (not #4243) (not #4254) (not #4262) (not #4279) (not #4288) (not #4307) (not #4316) (not #5053)))
with max_conflicts: 1500
Batch manager splitting on literal: (<= (+ (if #4125 143 0) (* -1 #4566)) 0)
Worker 0 DONE checking cube l_false
Worker 0 found unsat cube
Batch manager backtracking.
(not (or (if #2973 #3569 #3573) (not #4239) (not #4243) (not #4254) (not #4262) (not #4279) (not #4288) (not #4307) (not #4316) (not #5053)))

null (o)
  (or (if (or #19089 #18932) (not #18855) (not #18717)) (not (or #18719 #18652 #18316)) (not (or #18664 #18652 #18660 #18674 #18682 #18614 #18627 #18635 #18644 #18576 #18586 #18594 #18603 #18536 #18540 #18549 ...)) (not (or #18719 #18367)) (not (or #18719 #18652 #18660 #18285)) (not (or #18719 #18652 #18660 #18674 #18335)) (not (or #18719 #18652 #18660 #18674 #18271)) (not (or #18719 #18652 #18660 #18674 #18682 #18614 #18191)) (not (or #18719 #18652 #18660 #18674 #18682 #18614 #18199)) (not (or #18208 #21081))) (a)
  (not (or (if #18853 #18270 #18718) (not #18317) (not #18359) (not #18375) (not #18286) (not #18300) (not #18232) (not #18192) (not #18200) (not #21082))) (c)
null (o)
  (or (if (or #19089 #18932) (not #18855) (not #18717)) (not (or #18719 #18652 #18316)) (not (or #18664 #18652 #18660 #18674 #18682 #18614 #18627 #18635 #18644 #18576 #18586 #18594 #18603 #18536 #18540 #18549 ...)) (not (or #18719 #18367)) (not (or #18719 #18652 #18660 #18285)) (not (or #18719 #18652 #18660 #18674 #18335)) (not (or #18719 #18652 #18660 #18674 #18271)) (not (or #18719 #18652 #18660 #18674 #18682 #18614 #18191)) (not (or #18719 #18652 #18660 #18674 #18682 #18614 #18199)) (not (or #18208 #21081))) (a)
  (not (or (if #18853 #18270 #18718) (not #18317) (not #18359) (not #18375) (not #18286) (not #18300) (not #18232) (not #18192) (not #18200) (not #21082))) (c)

Worker 0 CUBE SIZE IN MAIN LOOP: 1
 Checking cube
(or (if (or #2478 #2972) (not #3568) (not #3572)) (not (or #3574 #3584 #4238)) (not (or #3211 #3584 #3593 #3601 #3609 #3617 #3626 #3634 #3643 #3655 #3681 #3689 #3698 #3707 #3709 #3720 ...)) (not (or #3574 #4253)) (not (or #3574 #3584 #3593 #4261)) (not (or #3574 #3584 #3593 #3601 #4278)) (not (or #3574 #3584 #3593 #3601 #4287)) (not (or #3574 #3584 #3593 #3601 #3609 #3617 #4306)) (not (or #3574 #3584 #3593 #3601 #3609 #3617 #4315)) (not (or #4329 #5052)))
with max_conflicts: 1500
Worker 2 DONE checking cube l_undef
Worker 2 found undef cube
null (o)
  (or (if (or #19089 #18932) (not #18855) (not #18717)) (not (or #18719 #18652 #18316)) (not (or #18664 #18652 #18660 #18674 #18682 #18614 #18627 #18635 #18644 #18576 #18586 #18594 #18603 #18536 #18540 #18549 ...)) (not (or #18719 #18367)) (not (or #18719 #18652 #18660 #18285)) (not (or #18719 #18652 #18660 #18674 #18335)) (not (or #18719 #18652 #18660 #18674 #18271)) (not (or #18719 #18652 #18660 #18674 #18682 #18614 #18191)) (not (or #18719 #18652 #18660 #18674 #18682 #18614 #18199)) (not (or #18208 #21081))) (a)
  (not (or (if #18853 #18270 #18718) (not #18317) (not #18359) (not #18375) (not #18286) (not #18300) (not #18232) (not #18192) (not #18200) (not #21082))) (c)

Worker 3 CUBE SIZE IN MAIN LOOP: 1
 Checking cube
(or (if (or #2478 #2972) (not #3568) (not #3572)) (not (or #3574 #3584 #4238)) (not (or #3211 #3584 #3593 #3601 #3609 #3617 #3626 #3634 #3643 #3655 #3681 #3689 #3698 #3707 #3709 #3720 ...)) (not (or #3574 #4253)) (not (or #3574 #3584 #3593 #4261)) (not (or #3574 #3584 #3593 #3601 #4278)) (not (or #3574 #3584 #3593 #3601 #4287)) (not (or #3574 #3584 #3593 #3601 #3609 #3617 #4306)) (not (or #3574 #3584 #3593 #3601 #3609 #3617 #4315)) (not (or #4329 #5052)))
with max_conflicts: 1500
Batch manager splitting on literal: (= i844 1)
null (o)
  (or (if (or #19089 #18932) (not #18855) (not #18717)) (not (or #18719 #18652 #18316)) (not (or #18664 #18652 #18660 #18674 #18682 #18614 #18627 #18635 #18644 #18576 #18586 #18594 #18603 #18536 #18540 #18549 ...)) (not (or #18719 #18367)) (not (or #18719 #18652 #18660 #18285)) (not (or #18719 #18652 #18660 #18674 #18335)) (not (or #18719 #18652 #18660 #18674 #18271)) (not (or #18719 #18652 #18660 #18674 #18682 #18614 #18191)) (not (or #18719 #18652 #18660 #18674 #18682 #18614 #18199)) (not (or #18208 #21081))) (a)
  (not (or (if #18853 #18270 #18718) (not #18317) (not #18359) (not #18375) (not #18286) (not #18300) (not #18232) (not #18192) (not #18200) (not #21082))) (c)

Worker 2 CUBE SIZE IN MAIN LOOP: 1
 Checking cube
(or (if (or #2478 #2972) (not #3568) (not #3572)) (not (or #3574 #3584 #4238)) (not (or #3211 #3584 #3593 #3601 #3609 #3617 #3626 #3634 #3643 #3655 #3681 #3689 #3698 #3707 #3709 #3720 ...)) (not (or #3574 #4253)) (not (or #3574 #3584 #3593 #4261)) (not (or #3574 #3584 #3593 #3601 #4278)) (not (or #3574 #3584 #3593 #3601 #4287)) (not (or #3574 #3584 #3593 #3601 #3609 #3617 #4306)) (not (or #3574 #3584 #3593 #3601 #3609 #3617 #4315)) (not (or #4329 #5052)))
with max_conflicts: 1500
Worker 3 DONE checking cube l_undef
Worker 3 found undef cube
Batch manager splitting on literal: (<= (+ (if #4125 143 0) (* -1 #4566)) 0)
null (o)
  (or (if (or #19089 #18932) (not #18855) (not #18717)) (not (or #18719 #18652 #18316)) (not (or #18664 #18652 #18660 #18674 #18682 #18614 #18627 #18635 #18644 #18576 #18586 #18594 #18603 #18536 #18540 #18549 ...)) (not (or #18719 #18367)) (not (or #18719 #18652 #18660 #18285)) (not (or #18719 #18652 #18660 #18674 #18335)) (not (or #18719 #18652 #18660 #18674 #18271)) (not (or #18719 #18652 #18660 #18674 #18682 #18614 #18191)) (not (or #18719 #18652 #18660 #18674 #18682 #18614 #18199)) (not (or #18208 #21081))) (o)
    (<= (+ (if #4125 143 0) (* -1 #4566)) 0) (o)
    (not (<= (+ #4134 #4817) 0)) (a)
  (not (or (if #18853 #18270 #18718) (not #18317) (not #18359) (not #18375) (not #18286) (not #18300) (not #18232) (not #18192) (not #18200) (not #21082))) (c)

Worker 3 CUBE SIZE IN MAIN LOOP: 2
 Checking cube
(not (<= (+ #99 #363) 0))
(or (if (or #2478 #2972) (not #3568) (not #3572)) (not (or #3574 #3584 #4238)) (not (or #3211 #3584 #3593 #3601 #3609 #3617 #3626 #3634 #3643 #3655 #3681 #3689 #3698 #3707 #3709 #3720 ...)) (not (or #3574 #4253)) (not (or #3574 #3584 #3593 #4261)) (not (or #3574 #3584 #3593 #3601 #4278)) (not (or #3574 #3584 #3593 #3601 #4287)) (not (or #3574 #3584 #3593 #3601 #3609 #3617 #4306)) (not (or #3574 #3584 #3593 #3601 #3609 #3617 #4315)) (not (or #4329 #5052)))
with max_conflicts: 2250
Worker 0 DONE checking cube l_undef
Worker 0 found undef cube
Batch manager splitting on literal: (<= (+ (if #4125 143 0) (* -1 #4566)) 0)
null (o)
  (or (if (or #19089 #18932) (not #18855) (not #18717)) (not (or #18719 #18652 #18316)) (not (or #18664 #18652 #18660 #18674 #18682 #18614 #18627 #18635 #18644 #18576 #18586 #18594 #18603 #18536 #18540 #18549 ...)) (not (or #18719 #18367)) (not (or #18719 #18652 #18660 #18285)) (not (or #18719 #18652 #18660 #18674 #18335)) (not (or #18719 #18652 #18660 #18674 #18271)) (not (or #18719 #18652 #18660 #18674 #18682 #18614 #18191)) (not (or #18719 #18652 #18660 #18674 #18682 #18614 #18199)) (not (or #18208 #21081))) (o)
    (<= (+ (if #4125 143 0) (* -1 #4566)) 0) (a)
    (not (<= (+ #4134 #4817) 0)) (a)
  (not (or (if #18853 #18270 #18718) (not #18317) (not #18359) (not #18375) (not #18286) (not #18300) (not #18232) (not #18192) (not #18200) (not #21082))) (c)

Worker 0 CUBE SIZE IN MAIN LOOP: 2
 Checking cube
(<= (+ (if #27 143 0) (* -1 #104)) 0)
(or (if (or #2478 #2972) (not #3568) (not #3572)) (not (or #3574 #3584 #4238)) (not (or #3211 #3584 #3593 #3601 #3609 #3617 #3626 #3634 #3643 #3655 #3681 #3689 #3698 #3707 #3709 #3720 ...)) (not (or #3574 #4253)) (not (or #3574 #3584 #3593 #4261)) (not (or #3574 #3584 #3593 #3601 #4278)) (not (or #3574 #3584 #3593 #3601 #4287)) (not (or #3574 #3584 #3593 #3601 #3609 #3617 #4306)) (not (or #3574 #3584 #3593 #3601 #3609 #3617 #4315)) (not (or #4329 #5052)))
with max_conflicts: 2250
Worker 2 DONE checking cube l_undef
Worker 2 found undef cube
Batch manager splitting on literal: (or (not (or #19362 #19286 #19227 #19263 #19187 #19259 #19192 #19219 #19211 #19123 #19136 #19139 #19060 #19065 #19069 #19106 ...)) (not (or #19093 #19123 #12678 #19000 #19054 #19052 #19101 #19014 #19018 #19022 #19055 #19034 #19050 #18947 #18948 #19048 ...)) (not (or #19089 #18278)) (not (or #19089 #18883)) (not (or #19123 #19089 #12678 #18886)) (not (or #19123 #19089 #12678 #19000 #18864)) (not (or #19093 #19123 #19089 #12678 #19000 #19054 #19052 #19101 #19014 #19018 #19022 #19055 #19034 #19050 #18947 #18948 ...)) (not (or #19093 #19123 #19089 #12678 #19000 #19054 #19052 #19101 #19014 #19018 #19022 #19055 #19034 #19050 #18947 #18948 ...)) (not (or #19093 #19123 #19089 #12678 #19000 #19054 #19052 #19101 #19014 #19018 #19022 #19055 #19034 #19050 #18947 #18948 ...)) (not (or #19123 #19089 #12678 #19000 #19054 #18823)) (not (or #19123 #19089 #12678 #19000 #19054 #18784)) (not (or #18831 #18580)))
null (o)
  (or (if (or #19089 #18932) (not #18855) (not #18717)) (not (or #18719 #18652 #18316)) (not (or #18664 #18652 #18660 #18674 #18682 #18614 #18627 #18635 #18644 #18576 #18586 #18594 #18603 #18536 #18540 #18549 ...)) (not (or #18719 #18367)) (not (or #18719 #18652 #18660 #18285)) (not (or #18719 #18652 #18660 #18674 #18335)) (not (or #18719 #18652 #18660 #18674 #18271)) (not (or #18719 #18652 #18660 #18674 #18682 #18614 #18191)) (not (or #18719 #18652 #18660 #18674 #18682 #18614 #18199)) (not (or #18208 #21081))) (o)
    (<= (+ (if #4125 143 0) (* -1 #4566)) 0) (a)
    (not (<= (+ #4134 #4817) 0)) (a)
  (not (or (if #18853 #18270 #18718) (not #18317) (not #18359) (not #18375) (not #18286) (not #18300) (not #18232) (not #18192) (not #18200) (not #21082))) (c)

Worker 2 CUBE SIZE IN MAIN LOOP: 2
 Checking cube
(<= (+ (if #27 143 0) (* -1 #104)) 0)
(or (if (or #2478 #2972) (not #3568) (not #3572)) (not (or #3574 #3584 #4238)) (not (or #3211 #3584 #3593 #3601 #3609 #3617 #3626 #3634 #3643 #3655 #3681 #3689 #3698 #3707 #3709 #3720 ...)) (not (or #3574 #4253)) (not (or #3574 #3584 #3593 #4261)) (not (or #3574 #3584 #3593 #3601 #4278)) (not (or #3574 #3584 #3593 #3601 #4287)) (not (or #3574 #3584 #3593 #3601 #3609 #3617 #4306)) (not (or #3574 #3584 #3593 #3601 #3609 #3617 #4315)) (not (or #4329 #5052)))
with max_conflicts: 2250
Worker 1 DONE checking cube l_undef
Worker 1 found undef cube
Batch manager splitting on literal: (= i844 1)
null (o)
  (or (if (or #19089 #18932) (not #18855) (not #18717)) (not (or #18719 #18652 #18316)) (not (or #18664 #18652 #18660 #18674 #18682 #18614 #18627 #18635 #18644 #18576 #18586 #18594 #18603 #18536 #18540 #18549 ...)) (not (or #18719 #18367)) (not (or #18719 #18652 #18660 #18285)) (not (or #18719 #18652 #18660 #18674 #18335)) (not (or #18719 #18652 #18660 #18674 #18271)) (not (or #18719 #18652 #18660 #18674 #18682 #18614 #18191)) (not (or #18719 #18652 #18660 #18674 #18682 #18614 #18199)) (not (or #18208 #21081))) (o)
    (<= (+ (if #4125 143 0) (* -1 #4566)) 0) (a)
    (not (<= (+ #4134 #4817) 0)) (a)
  (not (or (if #18853 #18270 #18718) (not #18317) (not #18359) (not #18375) (not #18286) (not #18300) (not #18232) (not #18192) (not #18200) (not #21082))) (c)

Worker 1 CUBE SIZE IN MAIN LOOP: 2
 Checking cube
(<= (+ (if #27 143 0) (* -1 #104)) 0)
(or (if (or #2478 #2972) (not #3568) (not #3572)) (not (or #3574 #3584 #4238)) (not (or #3211 #3584 #3593 #3601 #3609 #3617 #3626 #3634 #3643 #3655 #3681 #3689 #3698 #3707 #3709 #3720 ...)) (not (or #3574 #4253)) (not (or #3574 #3584 #3593 #4261)) (not (or #3574 #3584 #3593 #3601 #4278)) (not (or #3574 #3584 #3593 #3601 #4287)) (not (or #3574 #3584 #3593 #3601 #3609 #3617 #4306)) (not (or #3574 #3584 #3593 #3601 #3609 #3617 #4315)) (not (or #4329 #5052)))
with max_conflicts: 2250
Worker 3 DONE checking cube l_false
Worker 3 found unsat cube
Batch manager backtracking.
(not (<= (+ #99 #363) 0))

null (o)
  (or (if (or #19089 #18932) (not #18855) (not #18717)) (not (or #18719 #18652 #18316)) (not (or #18664 #18652 #18660 #18674 #18682 #18614 #18627 #18635 #18644 #18576 #18586 #18594 #18603 #18536 #18540 #18549 ...)) (not (or #18719 #18367)) (not (or #18719 #18652 #18660 #18285)) (not (or #18719 #18652 #18660 #18674 #18335)) (not (or #18719 #18652 #18660 #18674 #18271)) (not (or #18719 #18652 #18660 #18674 #18682 #18614 #18191)) (not (or #18719 #18652 #18660 #18674 #18682 #18614 #18199)) (not (or #18208 #21081))) (o)
    (<= (+ (if #4125 143 0) (* -1 #4566)) 0) (a)
    (not (<= (+ #4134 #4817) 0)) (c)
  (not (or (if #18853 #18270 #18718) (not #18317) (not #18359) (not #18375) (not #18286) (not #18300) (not #18232) (not #18192) (not #18200) (not #21082))) (c)
null (o)
  (or (if (or #19089 #18932) (not #18855) (not #18717)) (not (or #18719 #18652 #18316)) (not (or #18664 #18652 #18660 #18674 #18682 #18614 #18627 #18635 #18644 #18576 #18586 #18594 #18603 #18536 #18540 #18549 ...)) (not (or #18719 #18367)) (not (or #18719 #18652 #18660 #18285)) (not (or #18719 #18652 #18660 #18674 #18335)) (not (or #18719 #18652 #18660 #18674 #18271)) (not (or #18719 #18652 #18660 #18674 #18682 #18614 #18191)) (not (or #18719 #18652 #18660 #18674 #18682 #18614 #18199)) (not (or #18208 #21081))) (o)
    (<= (+ (if #4125 143 0) (* -1 #4566)) 0) (a)
    (not (<= (+ #4134 #4817) 0)) (c)
  (not (or (if #18853 #18270 #18718) (not #18317) (not #18359) (not #18375) (not #18286) (not #18300) (not #18232) (not #18192) (not #18200) (not #21082))) (c)

Worker 3 CUBE SIZE IN MAIN LOOP: 2
 Checking cube
(<= (+ (if #27 143 0) (* -1 #104)) 0)
(or (if (or #2478 #2972) (not #3568) (not #3572)) (not (or #3574 #3584 #4238)) (not (or #3211 #3584 #3593 #3601 #3609 #3617 #3626 #3634 #3643 #3655 #3681 #3689 #3698 #3707 #3709 #3720 ...)) (not (or #3574 #4253)) (not (or #3574 #3584 #3593 #4261)) (not (or #3574 #3584 #3593 #3601 #4278)) (not (or #3574 #3584 #3593 #3601 #4287)) (not (or #3574 #3584 #3593 #3601 #3609 #3617 #4306)) (not (or #3574 #3584 #3593 #3601 #3609 #3617 #4315)) (not (or #4329 #5052)))
with max_conflicts: 2250
Worker 2 DONE checking cube l_undef
Worker 2 found undef cube
Batch manager splitting on literal: (= (if (or #13311 #11758 #11762 #11680 #11688 #11664 #11672 #11657 #11625 #10819 #10722 #10703 #10569 #25649) (if #25669 #25965 467) (if #11757 #25860 224)) 133)
null (o)
  (or (if (or #19089 #18932) (not #18855) (not #18717)) (not (or #18719 #18652 #18316)) (not (or #18664 #18652 #18660 #18674 #18682 #18614 #18627 #18635 #18644 #18576 #18586 #18594 #18603 #18536 #18540 #18549 ...)) (not (or #18719 #18367)) (not (or #18719 #18652 #18660 #18285)) (not (or #18719 #18652 #18660 #18674 #18335)) (not (or #18719 #18652 #18660 #18674 #18271)) (not (or #18719 #18652 #18660 #18674 #18682 #18614 #18191)) (not (or #18719 #18652 #18660 #18674 #18682 #18614 #18199)) (not (or #18208 #21081))) (o)
    (<= (+ (if #4125 143 0) (* -1 #4566)) 0) (o)
      (= (if (or #13311 #11758 #11762 #11680 #11688 #11664 #11672 #11657 #11625 #10819 #10722 #10703 #10569 #25649) (if #25669 #25965 467) (if #11757 #25860 224)) 133) (a)
      (not (= (if #25650 #25966 #25861) 133)) (o)
    (not (<= (+ #4134 #4817) 0)) (c)
  (not (or (if #18853 #18270 #18718) (not #18317) (not #18359) (not #18375) (not #18286) (not #18300) (not #18232) (not #18192) (not #18200) (not #21082))) (c)

Worker 2 CUBE SIZE IN MAIN LOOP: 3
 Checking cube
(= (if (or #9203 #9437 #9441 #9454 #9462 #9470 #9478 #9495 #9504 #9523 #9532 #9540 #9548 #10022) (if #10063 #10087 467) (if #9436 #10054 224)) 133)
(<= (+ (if #27 143 0) (* -1 #104)) 0)
(or (if (or #2478 #2972) (not #3568) (not #3572)) (not (or #3574 #3584 #4238)) (not (or #3211 #3584 #3593 #3601 #3609 #3617 #3626 #3634 #3643 #3655 #3681 #3689 #3698 #3707 #3709 #3720 ...)) (not (or #3574 #4253)) (not (or #3574 #3584 #3593 #4261)) (not (or #3574 #3584 #3593 #3601 #4278)) (not (or #3574 #3584 #3593 #3601 #4287)) (not (or #3574 #3584 #3593 #3601 #3609 #3617 #4306)) (not (or #3574 #3584 #3593 #3601 #3609 #3617 #4315)) (not (or #4329 #5052)))
with max_conflicts: 3375
Worker 1 DONE checking cube l_undef
Worker 1 found undef cube
Batch manager splitting on literal: (= (if (or #19089 #18932 #18280 #18888 #18860 #18865 #18868 #18265 #18873 #18808 #18879 #18831 #18792 #18804 #18500) (if #18436 #18309 467) (if #18853 #18431 #18433)) 261)
null (o)
  (or (if (or #19089 #18932) (not #18855) (not #18717)) (not (or #18719 #18652 #18316)) (not (or #18664 #18652 #18660 #18674 #18682 #18614 #18627 #18635 #18644 #18576 #18586 #18594 #18603 #18536 #18540 #18549 ...)) (not (or #18719 #18367)) (not (or #18719 #18652 #18660 #18285)) (not (or #18719 #18652 #18660 #18674 #18335)) (not (or #18719 #18652 #18660 #18674 #18271)) (not (or #18719 #18652 #18660 #18674 #18682 #18614 #18191)) (not (or #18719 #18652 #18660 #18674 #18682 #18614 #18199)) (not (or #18208 #21081))) (o)
    (<= (+ (if #4125 143 0) (* -1 #4566)) 0) (o)
      (= (if (or #13311 #11758 #11762 #11680 #11688 #11664 #11672 #11657 #11625 #10819 #10722 #10703 #10569 #25649) (if #25669 #25965 467) (if #11757 #25860 224)) 133) (a)
      (not (= (if #25650 #25966 #25861) 133)) (a)
    (not (<= (+ #4134 #4817) 0)) (c)
  (not (or (if #18853 #18270 #18718) (not #18317) (not #18359) (not #18375) (not #18286) (not #18300) (not #18232) (not #18192) (not #18200) (not #21082))) (c)

Worker 1 CUBE SIZE IN MAIN LOOP: 3
 Checking cube
(not (= (if #10023 #10072 #10055) 133))
(<= (+ (if #27 143 0) (* -1 #104)) 0)
(or (if (or #2478 #2972) (not #3568) (not #3572)) (not (or #3574 #3584 #4238)) (not (or #3211 #3584 #3593 #3601 #3609 #3617 #3626 #3634 #3643 #3655 #3681 #3689 #3698 #3707 #3709 #3720 ...)) (not (or #3574 #4253)) (not (or #3574 #3584 #3593 #4261)) (not (or #3574 #3584 #3593 #3601 #4278)) (not (or #3574 #3584 #3593 #3601 #4287)) (not (or #3574 #3584 #3593 #3601 #3609 #3617 #4306)) (not (or #3574 #3584 #3593 #3601 #3609 #3617 #4315)) (not (or #4329 #5052)))
with max_conflicts: 3375
Worker 0 DONE checking cube l_undef
Worker 0 found undef cube
Batch manager splitting on literal: (or (not (= i844 1)) (= i1041 0) (not (or #4126 #4151 #4182)) (if (or #4126 #4151) (not #19336) (not #19416)) (not (or #4126 #4156 #19417 #19341 #19415 #19345)) (if (or #19340 #19347) (not #19351) (not #19361)) (if (or #19340 #19347) (= #19349 0) (not #19366)) (not (or #4126 #4151 #19339 #19340 #19347 #19334)) (not (or #4126 #4151 #19339 #19334)))
null (o)
  (or (if (or #19089 #18932) (not #18855) (not #18717)) (not (or #18719 #18652 #18316)) (not (or #18664 #18652 #18660 #18674 #18682 #18614 #18627 #18635 #18644 #18576 #18586 #18594 #18603 #18536 #18540 #18549 ...)) (not (or #18719 #18367)) (not (or #18719 #18652 #18660 #18285)) (not (or #18719 #18652 #18660 #18674 #18335)) (not (or #18719 #18652 #18660 #18674 #18271)) (not (or #18719 #18652 #18660 #18674 #18682 #18614 #18191)) (not (or #18719 #18652 #18660 #18674 #18682 #18614 #18199)) (not (or #18208 #21081))) (o)
    (<= (+ (if #4125 143 0) (* -1 #4566)) 0) (o)
      (= (if (or #13311 #11758 #11762 #11680 #11688 #11664 #11672 #11657 #11625 #10819 #10722 #10703 #10569 #25649) (if #25669 #25965 467) (if #11757 #25860 224)) 133) (a)
      (not (= (if #25650 #25966 #25861) 133)) (a)
    (not (<= (+ #4134 #4817) 0)) (c)
  (not (or (if #18853 #18270 #18718) (not #18317) (not #18359) (not #18375) (not #18286) (not #18300) (not #18232) (not #18192) (not #18200) (not #21082))) (c)

Worker 0 CUBE SIZE IN MAIN LOOP: 3
 Checking cube
(= (if (or #9203 #9437 #9441 #9454 #9462 #9470 #9478 #9495 #9504 #9523 #9532 #9540 #9548 #10022) (if #10063 #10087 467) (if #9436 #10054 224)) 133)
(<= (+ (if #27 143 0) (* -1 #104)) 0)
(or (if (or #2478 #2972) (not #3568) (not #3572)) (not (or #3574 #3584 #4238)) (not (or #3211 #3584 #3593 #3601 #3609 #3617 #3626 #3634 #3643 #3655 #3681 #3689 #3698 #3707 #3709 #3720 ...)) (not (or #3574 #4253)) (not (or #3574 #3584 #3593 #4261)) (not (or #3574 #3584 #3593 #3601 #4278)) (not (or #3574 #3584 #3593 #3601 #4287)) (not (or #3574 #3584 #3593 #3601 #3609 #3617 #4306)) (not (or #3574 #3584 #3593 #3601 #3609 #3617 #4315)) (not (or #4329 #5052)))
with max_conflicts: 3375
Worker 1 DONE checking cube l_false
Worker 1 found unsat cube
Batch manager backtracking.
(not (= (if #10023 #10072 #10055) 133))

null (o)
  (or (if (or #19089 #18932) (not #18855) (not #18717)) (not (or #18719 #18652 #18316)) (not (or #18664 #18652 #18660 #18674 #18682 #18614 #18627 #18635 #18644 #18576 #18586 #18594 #18603 #18536 #18540 #18549 ...)) (not (or #18719 #18367)) (not (or #18719 #18652 #18660 #18285)) (not (or #18719 #18652 #18660 #18674 #18335)) (not (or #18719 #18652 #18660 #18674 #18271)) (not (or #18719 #18652 #18660 #18674 #18682 #18614 #18191)) (not (or #18719 #18652 #18660 #18674 #18682 #18614 #18199)) (not (or #18208 #21081))) (o)
    (<= (+ (if #4125 143 0) (* -1 #4566)) 0) (o)
      (= (if (or #13311 #11758 #11762 #11680 #11688 #11664 #11672 #11657 #11625 #10819 #10722 #10703 #10569 #25649) (if #25669 #25965 467) (if #11757 #25860 224)) 133) (a)
      (not (= (if #25650 #25966 #25861) 133)) (c)
    (not (<= (+ #4134 #4817) 0)) (c)
  (not (or (if #18853 #18270 #18718) (not #18317) (not #18359) (not #18375) (not #18286) (not #18300) (not #18232) (not #18192) (not #18200) (not #21082))) (c)
null (o)
  (or (if (or #19089 #18932) (not #18855) (not #18717)) (not (or #18719 #18652 #18316)) (not (or #18664 #18652 #18660 #18674 #18682 #18614 #18627 #18635 #18644 #18576 #18586 #18594 #18603 #18536 #18540 #18549 ...)) (not (or #18719 #18367)) (not (or #18719 #18652 #18660 #18285)) (not (or #18719 #18652 #18660 #18674 #18335)) (not (or #18719 #18652 #18660 #18674 #18271)) (not (or #18719 #18652 #18660 #18674 #18682 #18614 #18191)) (not (or #18719 #18652 #18660 #18674 #18682 #18614 #18199)) (not (or #18208 #21081))) (o)
    (<= (+ (if #4125 143 0) (* -1 #4566)) 0) (o)
      (= (if (or #13311 #11758 #11762 #11680 #11688 #11664 #11672 #11657 #11625 #10819 #10722 #10703 #10569 #25649) (if #25669 #25965 467) (if #11757 #25860 224)) 133) (a)
      (not (= (if #25650 #25966 #25861) 133)) (c)
    (not (<= (+ #4134 #4817) 0)) (c)
  (not (or (if #18853 #18270 #18718) (not #18317) (not #18359) (not #18375) (not #18286) (not #18300) (not #18232) (not #18192) (not #18200) (not #21082))) (c)

Worker 1 CUBE SIZE IN MAIN LOOP: 3
 Checking cube
(= (if (or #9203 #9437 #9441 #9454 #9462 #9470 #9478 #9495 #9504 #9523 #9532 #9540 #9548 #10022) (if #10063 #10087 467) (if #9436 #10054 224)) 133)
(<= (+ (if #27 143 0) (* -1 #104)) 0)
(or (if (or #2478 #2972) (not #3568) (not #3572)) (not (or #3574 #3584 #4238)) (not (or #3211 #3584 #3593 #3601 #3609 #3617 #3626 #3634 #3643 #3655 #3681 #3689 #3698 #3707 #3709 #3720 ...)) (not (or #3574 #4253)) (not (or #3574 #3584 #3593 #4261)) (not (or #3574 #3584 #3593 #3601 #4278)) (not (or #3574 #3584 #3593 #3601 #4287)) (not (or #3574 #3584 #3593 #3601 #3609 #3617 #4306)) (not (or #3574 #3584 #3593 #3601 #3609 #3617 #4315)) (not (or #4329 #5052)))
with max_conflicts: 3375
Worker 2 DONE checking cube l_false
Worker 2 found unsat cube
Batch manager backtracking.
(= (if (or #9203 #9437 #9441 #9454 #9462 #9470 #9478 #9495 #9504 #9523 #9532 #9540 #9548 #10022) (if #10063 #10087 467) (if #9436 #10054 224)) 133)

null (c)
  (or (if (or #19089 #18932) (not #18855) (not #18717)) (not (or #18719 #18652 #18316)) (not (or #18664 #18652 #18660 #18674 #18682 #18614 #18627 #18635 #18644 #18576 #18586 #18594 #18603 #18536 #18540 #18549 ...)) (not (or #18719 #18367)) (not (or #18719 #18652 #18660 #18285)) (not (or #18719 #18652 #18660 #18674 #18335)) (not (or #18719 #18652 #18660 #18674 #18271)) (not (or #18719 #18652 #18660 #18674 #18682 #18614 #18191)) (not (or #18719 #18652 #18660 #18674 #18682 #18614 #18199)) (not (or #18208 #21081))) (c)
    (<= (+ (if #4125 143 0) (* -1 #4566)) 0) (c)
      (= (if (or #13311 #11758 #11762 #11680 #11688 #11664 #11672 #11657 #11625 #10819 #10722 #10703 #10569 #25649) (if #25669 #25965 467) (if #11757 #25860 224)) 133) (c)
      (not (= (if #25650 #25966 #25861) 133)) (c)
    (not (<= (+ #4134 #4817) 0)) (c)
  (not (or (if #18853 #18270 #18718) (not #18317) (not #18359) (not #18375) (not #18286) (not #18300) (not #18232) (not #18192) (not #18200) (not #21082))) (c)
Canceling workers
Worker 0 canceling
Worker 1 canceling
Worker 2 canceling
Worker 3 canceling
Worker 3 DONE checking cube l_undef
Worker 1 DONE checking cube l_undef
all done
Worker 2 no more cubes
Worker 0 DONE checking cube l_undef
Batch manager setting exception msg: context cancelled.
Batch manager setting exception msg: context cancelled.
Batch manager setting exception msg: context cancelled.
unsat
(:added-eqs                   1388315
 :arith-eq-adapter            3169
 :arith-bound-propagations-lp 158367
 :arith-conflicts             558
 :arith-diseq                 118687
 :arith-fixed-eqs             170851
 :arith-lower                 97471
 :arith-make-feasible         51295
 :arith-max-columns           1662
 :arith-max-rows              682
 :arith-offset-eqs            50521
 :arith-upper                 168098
 :binary-propagations         3841848
 :conflicts                   24195
 :decisions                   505222
 :del-clause                  19869
 :max-memory                  113.94
 :memory                      19.34
 :minimized-lits              131940
 :mk-bool-var                 22172
 :mk-clause                   36276
 :mk-clause-binary            61382
 :num-allocs                  55195536
 :num-checks                  19
 :parallel-max-cube-size      3
 :parallel-num_cubes          11
 :propagations                5563839
 :restarts                    208
 :rlimit-count                15776768
 :time                        0.67
 :total-time                  2.39)
