Worker 0 created with 0 assumptions
Worker 1 created with 0 assumptions
Worker 2 created with 0 assumptions
Worker 3 created with 0 assumptions
null (a)

Worker 1 CUBE SIZE IN MAIN LOOP: 0
 Checking cube
with max_conflicts: 1000
null (a)

Worker 0 CUBE SIZE IN MAIN LOOP: 0
 Checking cube
with max_conflicts: 1000
null (a)

Worker 3 CUBE SIZE IN MAIN LOOP: 0
 Checking cube
with max_conflicts: 1000
null (a)

Worker 2 CUBE SIZE IN MAIN LOOP: 0
 Checking cube
with max_conflicts: 1000
Worker 3 DONE checking cube l_undef
Worker 3 found undef cube
Batch manager splitting on literal: (= (if (or #18719 #18355 #18321 #18281 #18315 #18302 #18234 #18301 #18237 #18208 #18215 #18193 #21083) (if #21067 #16985 467) (if #18317 #17769 243)) 417)
null (o)
  (= (if (or #18719 #18355 #18321 #18281 #18315 #18302 #18234 #18301 #18237 #18208 #18215 #18193 #21083) (if #21067 #16985 467) (if #18317 #17769 243)) 417) (a)
  (not (= (if #21085 #16986 #17770) 417)) (o)

Worker 3 CUBE SIZE IN MAIN LOOP: 1
 Checking cube
(= (if (or #3574 #4240 #4245 #4255 #4263 #4280 #4289 #4308 #4317 #4329 #4354 #4362 #5112) (if #5157 #4998 467) (if #4239 #5148 243)) 417)
with max_conflicts: 1500
Worker 2 DONE checking cube l_undef
Worker 2 found undef cube
Batch manager splitting on literal: (= i844 1)
null (o)
  (= (if (or #18719 #18355 #18321 #18281 #18315 #18302 #18234 #18301 #18237 #18208 #18215 #18193 #21083) (if #21067 #16985 467) (if #18317 #17769 243)) 417) (a)
  (not (= (if #21085 #16986 #17770) 417)) (a)

Worker 1 DONE checking cube l_undef
Worker 1 found undef cube
Worker 2 CUBE SIZE IN MAIN LOOP: 1
 Checking cube
(not (= (if #5113 #5166 #5149) 417))
with max_conflicts: 1500
Batch manager splitting on literal: (= i844 1)
null (o)
  (= (if (or #18719 #18355 #18321 #18281 #18315 #18302 #18234 #18301 #18237 #18208 #18215 #18193 #21083) (if #21067 #16985 467) (if #18317 #17769 243)) 417) (a)
  (not (= (if #21085 #16986 #17770) 417)) (a)

Worker 1 CUBE SIZE IN MAIN LOOP: 1
 Checking cube
(= (if (or #3574 #4240 #4245 #4255 #4263 #4280 #4289 #4308 #4317 #4329 #4354 #4362 #5112) (if #5157 #4998 467) (if #4239 #5148 243)) 417)
with max_conflicts: 1500
Worker 0 DONE checking cube l_undef
Worker 0 found undef cube
Batch manager splitting on literal: (<= (+ (if #4125 143 0) (* -1 #4566)) 0)
null (o)
  (= (if (or #18719 #18355 #18321 #18281 #18315 #18302 #18234 #18301 #18237 #18208 #18215 #18193 #21083) (if #21067 #16985 467) (if #18317 #17769 243)) 417) (a)
  (not (= (if #21085 #16986 #17770) 417)) (a)

Worker 0 CUBE SIZE IN MAIN LOOP: 1
 Checking cube
(= (if (or #3574 #4240 #4245 #4255 #4263 #4280 #4289 #4308 #4317 #4329 #4354 #4362 #5112) (if #5157 #4998 467) (if #4239 #5148 243)) 417)
with max_conflicts: 1500
Worker 3 DONE checking cube l_false
Worker 3 found unsat cube
Batch manager backtracking.
(= (if (or #3574 #4240 #4245 #4255 #4263 #4280 #4289 #4308 #4317 #4329 #4354 #4362 #5112) (if #5157 #4998 467) (if #4239 #5148 243)) 417)

null (o)
  (= (if (or #18719 #18355 #18321 #18281 #18315 #18302 #18234 #18301 #18237 #18208 #18215 #18193 #21083) (if #21067 #16985 467) (if #18317 #17769 243)) 417) (c)
  (not (= (if #21085 #16986 #17770) 417)) (a)
null (o)
  (= (if (or #18719 #18355 #18321 #18281 #18315 #18302 #18234 #18301 #18237 #18208 #18215 #18193 #21083) (if #21067 #16985 467) (if #18317 #17769 243)) 417) (c)
  (not (= (if #21085 #16986 #17770) 417)) (a)

Worker 3 CUBE SIZE IN MAIN LOOP: 1
 Checking cube
(not (= (if #5113 #5166 #5149) 417))
with max_conflicts: 1500
Worker 1 DONE checking cube l_false
Worker 1 found unsat cube
Batch manager backtracking.
(= (if (or #3574 #4240 #4245 #4255 #4263 #4280 #4289 #4308 #4317 #4329 #4354 #4362 #5112) (if #5157 #4998 467) (if #4239 #5148 243)) 417)

null (o)
  (= (if (or #18719 #18355 #18321 #18281 #18315 #18302 #18234 #18301 #18237 #18208 #18215 #18193 #21083) (if #21067 #16985 467) (if #18317 #17769 243)) 417) (c)
  (not (= (if #21085 #16986 #17770) 417)) (a)
null (o)
  (= (if (or #18719 #18355 #18321 #18281 #18315 #18302 #18234 #18301 #18237 #18208 #18215 #18193 #21083) (if #21067 #16985 467) (if #18317 #17769 243)) 417) (c)
  (not (= (if #21085 #16986 #17770) 417)) (a)

Worker 1 CUBE SIZE IN MAIN LOOP: 1
 Checking cube
(not (= (if #5113 #5166 #5149) 417))
with max_conflicts: 1500
Worker 0 DONE checking cube l_false
Worker 0 found unsat cube
Batch manager backtracking.
(= (if (or #3574 #4240 #4245 #4255 #4263 #4280 #4289 #4308 #4317 #4329 #4354 #4362 #5112) (if #5157 #4998 467) (if #4239 #5148 243)) 417)

null (o)
  (= (if (or #18719 #18355 #18321 #18281 #18315 #18302 #18234 #18301 #18237 #18208 #18215 #18193 #21083) (if #21067 #16985 467) (if #18317 #17769 243)) 417) (c)
  (not (= (if #21085 #16986 #17770) 417)) (a)
null (o)
  (= (if (or #18719 #18355 #18321 #18281 #18315 #18302 #18234 #18301 #18237 #18208 #18215 #18193 #21083) (if #21067 #16985 467) (if #18317 #17769 243)) 417) (c)
  (not (= (if #21085 #16986 #17770) 417)) (a)

Worker 0 CUBE SIZE IN MAIN LOOP: 1
 Checking cube
(not (= (if #5113 #5166 #5149) 417))
with max_conflicts: 1500
Worker 2 DONE checking cube l_undef
Worker 2 found undef cube
Batch manager splitting on literal: (= i844 1)
null (o)
  (= (if (or #18719 #18355 #18321 #18281 #18315 #18302 #18234 #18301 #18237 #18208 #18215 #18193 #21083) (if #21067 #16985 467) (if #18317 #17769 243)) 417) (c)
  (not (= (if #21085 #16986 #17770) 417)) (o)
    (= i844 1) (o)
    (not (= i844 1)) (a)

Worker 2 CUBE SIZE IN MAIN LOOP: 2
 Checking cube
(not (= i844 1))
(not (= (if #5113 #5166 #5149) 417))
with max_conflicts: 2250
Worker 3 DONE checking cube l_undef
Worker 3 found undef cube
Batch manager splitting on literal: (= i844 1)
null (o)
  (= (if (or #18719 #18355 #18321 #18281 #18315 #18302 #18234 #18301 #18237 #18208 #18215 #18193 #21083) (if #21067 #16985 467) (if #18317 #17769 243)) 417) (c)
  (not (= (if #21085 #16986 #17770) 417)) (o)
    (= i844 1) (a)
    (not (= i844 1)) (a)

Worker 3 CUBE SIZE IN MAIN LOOP: 2
 Checking cube
(= i844 1)
(not (= (if #5113 #5166 #5149) 417))
with max_conflicts: 2250
Worker 2 DONE checking cube l_false
Worker 2 found unsat cube
Batch manager backtracking.
(not (= i844 1))

null (o)
  (= (if (or #18719 #18355 #18321 #18281 #18315 #18302 #18234 #18301 #18237 #18208 #18215 #18193 #21083) (if #21067 #16985 467) (if #18317 #17769 243)) 417) (c)
  (not (= (if #21085 #16986 #17770) 417)) (o)
    (= i844 1) (a)
    (not (= i844 1)) (c)
null (o)
  (= (if (or #18719 #18355 #18321 #18281 #18315 #18302 #18234 #18301 #18237 #18208 #18215 #18193 #21083) (if #21067 #16985 467) (if #18317 #17769 243)) 417) (c)
  (not (= (if #21085 #16986 #17770) 417)) (o)
    (= i844 1) (a)
    (not (= i844 1)) (c)

Worker 2 CUBE SIZE IN MAIN LOOP: 2
 Checking cube
(= i844 1)
(not (= (if #5113 #5166 #5149) 417))
with max_conflicts: 2250
Worker 1 DONE checking cube l_undef
Worker 1 found undef cube
Batch manager splitting on literal: (= i844 1)
null (o)
  (= (if (or #18719 #18355 #18321 #18281 #18315 #18302 #18234 #18301 #18237 #18208 #18215 #18193 #21083) (if #21067 #16985 467) (if #18317 #17769 243)) 417) (c)
  (not (= (if #21085 #16986 #17770) 417)) (o)
    (= i844 1) (a)
    (not (= i844 1)) (c)

Worker 1 CUBE SIZE IN MAIN LOOP: 2
 Checking cube
(= i844 1)
(not (= (if #5113 #5166 #5149) 417))
with max_conflicts: 2250
Worker 0 DONE checking cube l_undef
Worker 0 found undef cube
Batch manager splitting on literal: (= i844 1)
null (o)
  (= (if (or #18719 #18355 #18321 #18281 #18315 #18302 #18234 #18301 #18237 #18208 #18215 #18193 #21083) (if #21067 #16985 467) (if #18317 #17769 243)) 417) (c)
  (not (= (if #21085 #16986 #17770) 417)) (o)
    (= i844 1) (a)
    (not (= i844 1)) (c)

Worker 0 CUBE SIZE IN MAIN LOOP: 2
 Checking cube
(= i844 1)
(not (= (if #5113 #5166 #5149) 417))
with max_conflicts: 2250
Worker 3 DONE checking cube l_undef
Worker 3 found undef cube
Batch manager splitting on literal: (or (not (= i844 1)) (= i1041 0))
null (o)
  (= (if (or #18719 #18355 #18321 #18281 #18315 #18302 #18234 #18301 #18237 #18208 #18215 #18193 #21083) (if #21067 #16985 467) (if #18317 #17769 243)) 417) (c)
  (not (= (if #21085 #16986 #17770) 417)) (o)
    (= i844 1) (o)
      (or (not (= i844 1)) (= i1041 0)) (a)
      (not (or (not #4125) (= i1041 0))) (o)
    (not (= i844 1)) (c)

Worker 3 CUBE SIZE IN MAIN LOOP: 3
 Checking cube
(or (not (= i844 1)) (= i1041 0))
(= i844 1)
(not (= (if #5113 #5166 #5149) 417))
with max_conflicts: 3375
Worker 2 DONE checking cube l_undef
Worker 2 found undef cube
Batch manager splitting on literal: (= (if (or #18355 #16875 #16664 #16206 #16256 #16268 #16315 #16069 #16118 #16128 #16174 #14346) (if #14209 #13303 467) (if #16933 #13638 224)) 417)
null (o)
  (= (if (or #18719 #18355 #18321 #18281 #18315 #18302 #18234 #18301 #18237 #18208 #18215 #18193 #21083) (if #21067 #16985 467) (if #18317 #17769 243)) 417) (c)
  (not (= (if #21085 #16986 #17770) 417)) (o)
    (= i844 1) (o)
      (or (not (= i844 1)) (= i1041 0)) (a)
      (not (or (not #4125) (= i1041 0))) (a)
    (not (= i844 1)) (c)

Worker 2 CUBE SIZE IN MAIN LOOP: 3
 Checking cube
(not (or (not #27) (= i1041 0)))
(= i844 1)
(not (= (if #5113 #5166 #5149) 417))
with max_conflicts: 3375
Worker 0 DONE checking cube l_undef
Worker 0 found undef cube
Batch manager splitting on literal: (or (not (= i844 1)) (= i1041 0) (not (or #4126 #4151 #4182)) (if (or #4126 #4151) (not #19336) (not #19416)) (not (or #4126 #4156 #19417 #19341 #19415 #19345)) (if (or #19340 #19347) (not #19351) (not #19361)) (if (or #19340 #19347) (= #19349 0) (not #19366)) (not (or #4126 #4151 #19339 #19340 #19347 #19334)) (not (or #4126 #4151 #19339 #19334)))
null (o)
  (= (if (or #18719 #18355 #18321 #18281 #18315 #18302 #18234 #18301 #18237 #18208 #18215 #18193 #21083) (if #21067 #16985 467) (if #18317 #17769 243)) 417) (c)
  (not (= (if #21085 #16986 #17770) 417)) (o)
    (= i844 1) (o)
      (or (not (= i844 1)) (= i1041 0)) (a)
      (not (or (not #4125) (= i1041 0))) (a)
    (not (= i844 1)) (c)

Worker 0 CUBE SIZE IN MAIN LOOP: 3
 Checking cube
(or (not (= i844 1)) (= i1041 0))
(= i844 1)
(not (= (if #5113 #5166 #5149) 417))
with max_conflicts: 3375
Worker 1 DONE checking cube l_undef
Worker 1 found undef cube
Batch manager splitting on literal: (or (not (= i844 1)) (= i1041 0) (not (or #4126 #4151 #4182)) (if (or #4126 #4151) (not #19336) (not #19416)) (not (or #4126 #4156 #19417 #19341 #19415 #19345)) (if (or #19340 #19347) (not #19351) (not #19361)) (if (or #19340 #19347) (= #19349 0) (not #19366)) (not (or #4126 #4151 #19339 #19340 #19347 #19334)) (not (or #4126 #4151 #19339 #19334)))
null (o)
  (= (if (or #18719 #18355 #18321 #18281 #18315 #18302 #18234 #18301 #18237 #18208 #18215 #18193 #21083) (if #21067 #16985 467) (if #18317 #17769 243)) 417) (c)
  (not (= (if #21085 #16986 #17770) 417)) (o)
    (= i844 1) (o)
      (or (not (= i844 1)) (= i1041 0)) (a)
      (not (or (not #4125) (= i1041 0))) (a)
    (not (= i844 1)) (c)

Worker 1 CUBE SIZE IN MAIN LOOP: 3
 Checking cube
(or (not (= i844 1)) (= i1041 0))
(= i844 1)
(not (= (if #5113 #5166 #5149) 417))
with max_conflicts: 3375
Worker 3 DONE checking cube l_false
Worker 3 found unsat cube
Batch manager backtracking.
(or (not (= i844 1)) (= i1041 0))
(not (= (if #5113 #5166 #5149) 417))

null (o)
  (= (if (or #18719 #18355 #18321 #18281 #18315 #18302 #18234 #18301 #18237 #18208 #18215 #18193 #21083) (if #21067 #16985 467) (if #18317 #17769 243)) 417) (c)
  (not (= (if #21085 #16986 #17770) 417)) (o)
    (= i844 1) (o)
      (or (not (= i844 1)) (= i1041 0)) (c)
      (not (or (not #4125) (= i1041 0))) (a)
    (not (= i844 1)) (c)
null (o)
  (= (if (or #18719 #18355 #18321 #18281 #18315 #18302 #18234 #18301 #18237 #18208 #18215 #18193 #21083) (if #21067 #16985 467) (if #18317 #17769 243)) 417) (c)
  (not (= (if #21085 #16986 #17770) 417)) (o)
    (= i844 1) (o)
      (or (not (= i844 1)) (= i1041 0)) (c)
      (not (or (not #4125) (= i1041 0))) (a)
    (not (= i844 1)) (c)

Worker 3 CUBE SIZE IN MAIN LOOP: 3
 Checking cube
(not (or (not #27) (= i1041 0)))
(= i844 1)
(not (= (if #5113 #5166 #5149) 417))
with max_conflicts: 3375
Worker 2 DONE checking cube l_false
Worker 2 found unsat cube
Batch manager backtracking.
(= i844 1)
(not (or (not #27) (= i1041 0)))

null (o)
  (= (if (or #18719 #18355 #18321 #18281 #18315 #18302 #18234 #18301 #18237 #18208 #18215 #18193 #21083) (if #21067 #16985 467) (if #18317 #17769 243)) 417) (c)
  (not (= (if #21085 #16986 #17770) 417)) (o)
    (= i844 1) (c)
      (or (not (= i844 1)) (= i1041 0)) (c)
      (not (or (not #4125) (= i1041 0))) (c)
    (not (= i844 1)) (c)
Worker 2 no more cubes
Worker 1 DONE checking cube l_false
Worker 1 found unsat cube
Batch manager backtracking.
(or (not (= i844 1)) (= i1041 0))

null (c)
  (= (if (or #18719 #18355 #18321 #18281 #18315 #18302 #18234 #18301 #18237 #18208 #18215 #18193 #21083) (if #21067 #16985 467) (if #18317 #17769 243)) 417) (c)
  (not (= (if #21085 #16986 #17770) 417)) (c)
    (= i844 1) (c)
      (or (not (= i844 1)) (= i1041 0)) (c)
      (not (or (not #4125) (= i1041 0))) (c)
    (not (= i844 1)) (c)
Canceling workers
Worker 0 canceling
Worker 1 canceling
Worker 2 canceling
Worker 3 canceling
Worker 0 DONE checking cube l_undef
all done
Worker 1 no more cubes
Worker 3 DONE checking cube l_undef
Batch manager setting exception msg: context cancelled.
Batch manager setting exception msg: context cancelled.
unsat
(:added-eqs                   1496551
 :arith-eq-adapter            3288
 :arith-bound-propagations-lp 175865
 :arith-conflicts             593
 :arith-diseq                 132524
 :arith-fixed-eqs             182023
 :arith-lower                 120587
 :arith-make-feasible         54348
 :arith-max-columns           1677
 :arith-max-rows              697
 :arith-offset-eqs            54444
 :arith-upper                 201430
 :binary-propagations         3934036
 :conflicts                   24316
 :decisions                   518213
 :del-clause                  21170
 :max-memory                  113.72
 :memory                      19.16
 :minimized-lits              148912
 :mk-bool-var                 22473
 :mk-clause                   36656
 :mk-clause-binary            61403
 :num-allocs                  55373677
 :num-checks                  22
 :parallel-max-cube-size      3
 :parallel-num_cubes          12
 :propagations                5734310
 :restarts                    209
 :rlimit-count                16627678
 :time                        0.72
 :total-time                  2.61)
