Worker 0 created with 0 assumptions
Worker 1 created with 0 assumptions
Worker 2 created with 0 assumptions
Worker 3 created with 0 assumptions
null (a)

Worker 0 CUBE SIZE IN MAIN LOOP: 0
 Checking cube
with max_conflicts: 1000
null (a)

Worker 2 CUBE SIZE IN MAIN LOOP: 0
 Checking cube
with max_conflicts: 1000
null (a)

Worker 3 CUBE SIZE IN MAIN LOOP: 0
 Checking cube
with max_conflicts: 1000
null (a)

Worker 1 CUBE SIZE IN MAIN LOOP: 0
 Checking cube
with max_conflicts: 1000
Worker 3 DONE checking cube l_undef
Worker 3 found undef cube
Batch manager splitting on literal: (= i844 1)
null (o)
  (= i844 1) (a)
  (not (= i844 1)) (o)

Worker 3 CUBE SIZE IN MAIN LOOP: 1
 Checking cube
(= i844 1)
with max_conflicts: 1500
Worker 2 DONE checking cube l_undef
Worker 2 found undef cube
Batch manager splitting on literal: (= i844 1)
null (o)
  (= i844 1) (a)
  (not (= i844 1)) (a)

Worker 2 CUBE SIZE IN MAIN LOOP: 1
 Checking cube
(not (= i844 1))
with max_conflicts: 1500
Worker 0 DONE checking cube l_undef
Worker 0 found undef cube
Batch manager splitting on literal: (= i844 1)
null (o)
  (= i844 1) (a)
  (not (= i844 1)) (a)

Worker 0 CUBE SIZE IN MAIN LOOP: 1
 Checking cube
(= i844 1)
with max_conflicts: 1500
Worker 1 DONE checking cube l_undef
Worker 1 found undef cube
Batch manager splitting on literal: (= i844 1)
null (o)
  (= i844 1) (a)
  (not (= i844 1)) (a)

Worker 1 CUBE SIZE IN MAIN LOOP: 1
 Checking cube
(= i844 1)
with max_conflicts: 1500
Worker 2 DONE checking cube l_false
Worker 2 found unsat cube
Batch manager backtracking.
(not (= i844 1))

null (o)
  (= i844 1) (a)
  (not (= i844 1)) (c)
null (o)
  (= i844 1) (a)
  (not (= i844 1)) (c)

Worker 2 CUBE SIZE IN MAIN LOOP: 1
 Checking cube
(= i844 1)
with max_conflicts: 1500
Worker 3 DONE checking cube l_undef
Worker 3 found undef cube
Batch manager splitting on literal: (or (if (or #19089 #18932) (not #18855) (not #18717)) (not (or #18719 #18652 #18367)) (not (or #18548 #18652 #18660 #18670 #18678 #18610 #18619 #18631 #18640 #18572 #18580 #18321 #18598 #18531 #18535 #18544 ...)) (not (or #18719 #18288)) (not (or #18719 #18652 #18660 #18295)) (not (or #18719 #18652 #18660 #18670 #18275)) (not (or #18719 #18652 #18660 #18670 #18289)) (not (or #18719 #18652 #18660 #18670 #18678 #18610 #18202)) (not (or #18719 #18652 #18660 #18670 #18678 #18610 #18210)) (not (or #18719 #18652 #18660 #18670 #18678 #18610 #18619 #18631 #18222)) (not (if #18197 #20275 #20210)))
null (o)
  (= i844 1) (o)
    (or (if (or #19089 #18932) (not #18855) (not #18717)) (not (or #18719 #18652 #18367)) (not (or #18548 #18652 #18660 #18670 #18678 #18610 #18619 #18631 #18640 #18572 #18580 #18321 #18598 #18531 #18535 #18544 ...)) (not (or #18719 #18288)) (not (or #18719 #18652 #18660 #18295)) (not (or #18719 #18652 #18660 #18670 #18275)) (not (or #18719 #18652 #18660 #18670 #18289)) (not (or #18719 #18652 #18660 #18670 #18678 #18610 #18202)) (not (or #18719 #18652 #18660 #18670 #18678 #18610 #18210)) (not (or #18719 #18652 #18660 #18670 #18678 #18610 #18619 #18631 #18222)) (not (if #18197 #20275 #20210))) (o)
    (not (or (if #18853 #18270 #18718) (not #18375) (not #18283) (not #18319) (not #18296) (not #18235) (not #18263) (not #18203) (not #18211) (not #18218) (not #20211))) (a)
  (not (= i844 1)) (c)

Worker 3 CUBE SIZE IN MAIN LOOP: 2
 Checking cube
(not (or (if #2973 #3569 #3573) (not #4239) (not #4243) (not #4254) (not #4262) (not #4279) (not #4288) (not #4307) (not #4316) (not #4328) (not #5069)))
(= i844 1)
with max_conflicts: 2250
Worker 3 DONE checking cube l_false
Worker 3 found unsat cube
Batch manager backtracking.
(not (or (if #2973 #3569 #3573) (not #4239) (not #4243) (not #4254) (not #4262) (not #4279) (not #4288) (not #4307) (not #4316) (not #4328) (not #5069)))

null (o)
  (= i844 1) (o)
    (or (if (or #19089 #18932) (not #18855) (not #18717)) (not (or #18719 #18652 #18367)) (not (or #18548 #18652 #18660 #18670 #18678 #18610 #18619 #18631 #18640 #18572 #18580 #18321 #18598 #18531 #18535 #18544 ...)) (not (or #18719 #18288)) (not (or #18719 #18652 #18660 #18295)) (not (or #18719 #18652 #18660 #18670 #18275)) (not (or #18719 #18652 #18660 #18670 #18289)) (not (or #18719 #18652 #18660 #18670 #18678 #18610 #18202)) (not (or #18719 #18652 #18660 #18670 #18678 #18610 #18210)) (not (or #18719 #18652 #18660 #18670 #18678 #18610 #18619 #18631 #18222)) (not (if #18197 #20275 #20210))) (o)
    (not (or (if #18853 #18270 #18718) (not #18375) (not #18283) (not #18319) (not #18296) (not #18235) (not #18263) (not #18203) (not #18211) (not #18218) (not #20211))) (c)
  (not (= i844 1)) (c)
null (o)
  (= i844 1) (o)
    (or (if (or #19089 #18932) (not #18855) (not #18717)) (not (or #18719 #18652 #18367)) (not (or #18548 #18652 #18660 #18670 #18678 #18610 #18619 #18631 #18640 #18572 #18580 #18321 #18598 #18531 #18535 #18544 ...)) (not (or #18719 #18288)) (not (or #18719 #18652 #18660 #18295)) (not (or #18719 #18652 #18660 #18670 #18275)) (not (or #18719 #18652 #18660 #18670 #18289)) (not (or #18719 #18652 #18660 #18670 #18678 #18610 #18202)) (not (or #18719 #18652 #18660 #18670 #18678 #18610 #18210)) (not (or #18719 #18652 #18660 #18670 #18678 #18610 #18619 #18631 #18222)) (not (if #18197 #20275 #20210))) (a)
    (not (or (if #18853 #18270 #18718) (not #18375) (not #18283) (not #18319) (not #18296) (not #18235) (not #18263) (not #18203) (not #18211) (not #18218) (not #20211))) (c)
  (not (= i844 1)) (c)

Worker 3 CUBE SIZE IN MAIN LOOP: 2
 Checking cube
(or (if (or #2478 #2972) (not #3568) (not #3572)) (not (or #3574 #3584 #4238)) (not (or #3211 #3584 #3593 #3601 #3609 #3617 #3626 #3634 #3643 #3655 #3681 #3689 #3698 #3707 #3709 #3720 ...)) (not (or #3574 #4253)) (not (or #3574 #3584 #3593 #4261)) (not (or #3574 #3584 #3593 #3601 #4278)) (not (or #3574 #3584 #3593 #3601 #4287)) (not (or #3574 #3584 #3593 #3601 #3609 #3617 #4306)) (not (or #3574 #3584 #3593 #3601 #3609 #3617 #4315)) (not (or #3574 #3584 #3593 #3601 #3609 #3617 #3626 #3634 #4327)) (not (if #4353 #5068 #5064)))
(= i844 1)
with max_conflicts: 2250
Worker 0 DONE checking cube l_undef
Worker 0 found undef cube
Batch manager splitting on literal: (= (if (or #21081 #15866 #15906 #15916 #15720 #15561 #15572 #15582 #15389 #15398 #14406 #12234) (if #12143 #11752 467) (if #15864 #11817 224)) 417)
null (o)
  (= i844 1) (o)
    (or (if (or #19089 #18932) (not #18855) (not #18717)) (not (or #18719 #18652 #18367)) (not (or #18548 #18652 #18660 #18670 #18678 #18610 #18619 #18631 #18640 #18572 #18580 #18321 #18598 #18531 #18535 #18544 ...)) (not (or #18719 #18288)) (not (or #18719 #18652 #18660 #18295)) (not (or #18719 #18652 #18660 #18670 #18275)) (not (or #18719 #18652 #18660 #18670 #18289)) (not (or #18719 #18652 #18660 #18670 #18678 #18610 #18202)) (not (or #18719 #18652 #18660 #18670 #18678 #18610 #18210)) (not (or #18719 #18652 #18660 #18670 #18678 #18610 #18619 #18631 #18222)) (not (if #18197 #20275 #20210))) (a)
    (not (or (if #18853 #18270 #18718) (not #18375) (not #18283) (not #18319) (not #18296) (not #18235) (not #18263) (not #18203) (not #18211) (not #18218) (not #20211))) (c)
  (not (= i844 1)) (c)

Worker 0 CUBE SIZE IN MAIN LOOP: 2
 Checking cube
(or (if (or #2478 #2972) (not #3568) (not #3572)) (not (or #3574 #3584 #4238)) (not (or #3211 #3584 #3593 #3601 #3609 #3617 #3626 #3634 #3643 #3655 #3681 #3689 #3698 #3707 #3709 #3720 ...)) (not (or #3574 #4253)) (not (or #3574 #3584 #3593 #4261)) (not (or #3574 #3584 #3593 #3601 #4278)) (not (or #3574 #3584 #3593 #3601 #4287)) (not (or #3574 #3584 #3593 #3601 #3609 #3617 #4306)) (not (or #3574 #3584 #3593 #3601 #3609 #3617 #4315)) (not (or #3574 #3584 #3593 #3601 #3609 #3617 #3626 #3634 #4327)) (not (if #4353 #5068 #5064)))
(= i844 1)
with max_conflicts: 2250
Worker 1 DONE checking cube l_undef
Worker 1 found undef cube
Batch manager splitting on literal: (or (not (= i844 1)) (= i1041 0) (not (or #4126 #4151 #4182)) (if (or #4126 #4151) (not #19336) (not #19416)) (not (or #4126 #4156 #19417 #19341 #19415 #19345)) (if (or #19340 #19347) (not #19351) (not #19361)) (if (or #19340 #19347) (= #19349 0) (not #19366)) (not (or #4126 #4151 #19339 #19340 #19347 #19334)) (not (or #4126 #4151 #19339 #19334)))
null (o)
  (= i844 1) (o)
    (or (if (or #19089 #18932) (not #18855) (not #18717)) (not (or #18719 #18652 #18367)) (not (or #18548 #18652 #18660 #18670 #18678 #18610 #18619 #18631 #18640 #18572 #18580 #18321 #18598 #18531 #18535 #18544 ...)) (not (or #18719 #18288)) (not (or #18719 #18652 #18660 #18295)) (not (or #18719 #18652 #18660 #18670 #18275)) (not (or #18719 #18652 #18660 #18670 #18289)) (not (or #18719 #18652 #18660 #18670 #18678 #18610 #18202)) (not (or #18719 #18652 #18660 #18670 #18678 #18610 #18210)) (not (or #18719 #18652 #18660 #18670 #18678 #18610 #18619 #18631 #18222)) (not (if #18197 #20275 #20210))) (a)
    (not (or (if #18853 #18270 #18718) (not #18375) (not #18283) (not #18319) (not #18296) (not #18235) (not #18263) (not #18203) (not #18211) (not #18218) (not #20211))) (c)
  (not (= i844 1)) (c)

Worker 1 CUBE SIZE IN MAIN LOOP: 2
 Checking cube
(or (if (or #2478 #2972) (not #3568) (not #3572)) (not (or #3574 #3584 #4238)) (not (or #3211 #3584 #3593 #3601 #3609 #3617 #3626 #3634 #3643 #3655 #3681 #3689 #3698 #3707 #3709 #3720 ...)) (not (or #3574 #4253)) (not (or #3574 #3584 #3593 #4261)) (not (or #3574 #3584 #3593 #3601 #4278)) (not (or #3574 #3584 #3593 #3601 #4287)) (not (or #3574 #3584 #3593 #3601 #3609 #3617 #4306)) (not (or #3574 #3584 #3593 #3601 #3609 #3617 #4315)) (not (or #3574 #3584 #3593 #3601 #3609 #3617 #3626 #3634 #4327)) (not (if #4353 #5068 #5064)))
(= i844 1)
with max_conflicts: 2250
Worker 2 DONE checking cube l_undef
Worker 2 found undef cube
Batch manager splitting on literal: (or (not (or #19362 #19286 #19227 #19263 #19187 #19259 #19192 #19219 #19211 #19123 #19136 #19139 #19060 #19065 #19069 #19106 ...)) (not (or #19093 #19123 #12678 #19000 #19054 #19052 #19101 #19014 #19018 #19022 #19055 #19034 #19050 #18947 #18948 #19048 ...)) (not (or #19089 #18278)) (not (or #19089 #18883)) (not (or #19123 #19089 #12678 #18886)) (not (or #19123 #19089 #12678 #19000 #18864)) (not (or #19093 #19123 #19089 #12678 #19000 #19054 #19052 #19101 #19014 #19018 #19022 #19055 #19034 #19050 #18947 #18948 ...)) (not (or #19093 #19123 #19089 #12678 #19000 #19054 #19052 #19101 #19014 #19018 #19022 #19055 #19034 #19050 #18947 #18948 ...)) (not (or #19093 #19123 #19089 #12678 #19000 #19054 #19052 #19101 #19014 #19018 #19022 #19055 #19034 #19050 #18947 #18948 ...)) (not (or #19123 #19089 #12678 #19000 #19054 #18823)) (not (or #19123 #19089 #12678 #19000 #19054 #18784)) (not (or #19123 #19089 #12678 #19000 #19054 #19052 #19101 #18877)) (not (or #19123 #19089 #12678 #19000 #19054 #19052 #19101 #19014 #18791)) (not (or #19093 #19123 #19089 #12678 #19000 #19054 #19052 #19101 #19014 #19018 #19022 #19055 #19034 #19050 #18828)) (not (or #19123 #19089 #12678 #19000 #19054 #19052 #19101 #19014 #19018 #18826)) (not (or #19123 #19089 #12678 #19000 #19054 #19052 #19101 #19014 #19018 #18819)) ...)
null (o)
  (= i844 1) (o)
    (or (if (or #19089 #18932) (not #18855) (not #18717)) (not (or #18719 #18652 #18367)) (not (or #18548 #18652 #18660 #18670 #18678 #18610 #18619 #18631 #18640 #18572 #18580 #18321 #18598 #18531 #18535 #18544 ...)) (not (or #18719 #18288)) (not (or #18719 #18652 #18660 #18295)) (not (or #18719 #18652 #18660 #18670 #18275)) (not (or #18719 #18652 #18660 #18670 #18289)) (not (or #18719 #18652 #18660 #18670 #18678 #18610 #18202)) (not (or #18719 #18652 #18660 #18670 #18678 #18610 #18210)) (not (or #18719 #18652 #18660 #18670 #18678 #18610 #18619 #18631 #18222)) (not (if #18197 #20275 #20210))) (a)
    (not (or (if #18853 #18270 #18718) (not #18375) (not #18283) (not #18319) (not #18296) (not #18235) (not #18263) (not #18203) (not #18211) (not #18218) (not #20211))) (c)
  (not (= i844 1)) (c)

Worker 2 CUBE SIZE IN MAIN LOOP: 2
 Checking cube
(or (if (or #2478 #2972) (not #3568) (not #3572)) (not (or #3574 #3584 #4238)) (not (or #3211 #3584 #3593 #3601 #3609 #3617 #3626 #3634 #3643 #3655 #3681 #3689 #3698 #3707 #3709 #3720 ...)) (not (or #3574 #4253)) (not (or #3574 #3584 #3593 #4261)) (not (or #3574 #3584 #3593 #3601 #4278)) (not (or #3574 #3584 #3593 #3601 #4287)) (not (or #3574 #3584 #3593 #3601 #3609 #3617 #4306)) (not (or #3574 #3584 #3593 #3601 #3609 #3617 #4315)) (not (or #3574 #3584 #3593 #3601 #3609 #3617 #3626 #3634 #4327)) (not (if #4353 #5068 #5064)))
(= i844 1)
with max_conflicts: 2250
Worker 3 DONE checking cube l_undef
Worker 3 found undef cube
Batch manager splitting on literal: (or (not (= i844 1)) (= i1041 0) (not (or #4126 #4151 #4182)) (if (or #4126 #4151) (not #19336) (not #19416)) (not (or #4126 #4156 #19417 #19341 #19415 #19345)) (if (or #19340 #19347) (not #19351) (not #19361)) (if (or #19340 #19347) (= #19349 0) (not #19366)) (not (or #4126 #4151 #19339 #19340 #19347 #19334)) (not (or #4126 #4151 #19339 #19334)))
null (o)
  (= i844 1) (o)
    (or (if (or #19089 #18932) (not #18855) (not #18717)) (not (or #18719 #18652 #18367)) (not (or #18548 #18652 #18660 #18670 #18678 #18610 #18619 #18631 #18640 #18572 #18580 #18321 #18598 #18531 #18535 #18544 ...)) (not (or #18719 #18288)) (not (or #18719 #18652 #18660 #18295)) (not (or #18719 #18652 #18660 #18670 #18275)) (not (or #18719 #18652 #18660 #18670 #18289)) (not (or #18719 #18652 #18660 #18670 #18678 #18610 #18202)) (not (or #18719 #18652 #18660 #18670 #18678 #18610 #18210)) (not (or #18719 #18652 #18660 #18670 #18678 #18610 #18619 #18631 #18222)) (not (if #18197 #20275 #20210))) (o)
      (or (not (= i844 1)) (= i1041 0) (not (or #4126 #4151 #4182)) (if (or #4126 #4151) (not #19336) (not #19416)) (not (or #4126 #4156 #19417 #19341 #19415 #19345)) (if (or #19340 #19347) (not #19351) (not #19361)) (if (or #19340 #19347) (= #19349 0) (not #19366)) (not (or #4126 #4151 #19339 #19340 #19347 #19334)) (not (or #4126 #4151 #19339 #19334))) (a)
      (not (or (not #4125) (= i1041 0) (not #19416) (if #4152 #19337 #19339) (not #19414) (if #19348 #19412 #19410) (if #19348 #19351 #19327) (not #19282) (not #19338))) (o)
    (not (or (if #18853 #18270 #18718) (not #18375) (not #18283) (not #18319) (not #18296) (not #18235) (not #18263) (not #18203) (not #18211) (not #18218) (not #20211))) (c)
  (not (= i844 1)) (c)

Worker 3 CUBE SIZE IN MAIN LOOP: 3
 Checking cube
(or (not (= i844 1)) (= i1041 0) (not (or #28 #30 #37)) (if (or #28 #30) (not #1502) (not #1498)) (not (or #28 #32 #1501 #1506 #1508 #1510)) (if (or #1504 #1788) (not #1792) (not #1801)) (if (or #1504 #1788) (= #1791 0) (not #1817)) (not (or #28 #30 #1499 #1504 #1788 #1822)) (not (or #28 #30 #1499 #1822)))
(or (if (or #2478 #2972) (not #3568) (not #3572)) (not (or #3574 #3584 #4238)) (not (or #3211 #3584 #3593 #3601 #3609 #3617 #3626 #3634 #3643 #3655 #3681 #3689 #3698 #3707 #3709 #3720 ...)) (not (or #3574 #4253)) (not (or #3574 #3584 #3593 #4261)) (not (or #3574 #3584 #3593 #3601 #4278)) (not (or #3574 #3584 #3593 #3601 #4287)) (not (or #3574 #3584 #3593 #3601 #3609 #3617 #4306)) (not (or #3574 #3584 #3593 #3601 #3609 #3617 #4315)) (not (or #3574 #3584 #3593 #3601 #3609 #3617 #3626 #3634 #4327)) (not (if #4353 #5068 #5064)))
(= i844 1)
with max_conflicts: 3375
Worker 0 DONE checking cube l_undef
Worker 0 found undef cube
Batch manager splitting on literal: (<= (+ (if #10702 #25508 #4919) (* -1 #25960)) 0)
null (o)
  (= i844 1) (o)
    (or (if (or #19089 #18932) (not #18855) (not #18717)) (not (or #18719 #18652 #18367)) (not (or #18548 #18652 #18660 #18670 #18678 #18610 #18619 #18631 #18640 #18572 #18580 #18321 #18598 #18531 #18535 #18544 ...)) (not (or #18719 #18288)) (not (or #18719 #18652 #18660 #18295)) (not (or #18719 #18652 #18660 #18670 #18275)) (not (or #18719 #18652 #18660 #18670 #18289)) (not (or #18719 #18652 #18660 #18670 #18678 #18610 #18202)) (not (or #18719 #18652 #18660 #18670 #18678 #18610 #18210)) (not (or #18719 #18652 #18660 #18670 #18678 #18610 #18619 #18631 #18222)) (not (if #18197 #20275 #20210))) (o)
      (or (not (= i844 1)) (= i1041 0) (not (or #4126 #4151 #4182)) (if (or #4126 #4151) (not #19336) (not #19416)) (not (or #4126 #4156 #19417 #19341 #19415 #19345)) (if (or #19340 #19347) (not #19351) (not #19361)) (if (or #19340 #19347) (= #19349 0) (not #19366)) (not (or #4126 #4151 #19339 #19340 #19347 #19334)) (not (or #4126 #4151 #19339 #19334))) (a)
      (not (or (not #4125) (= i1041 0) (not #19416) (if #4152 #19337 #19339) (not #19414) (if #19348 #19412 #19410) (if #19348 #19351 #19327) (not #19282) (not #19338))) (a)
    (not (or (if #18853 #18270 #18718) (not #18375) (not #18283) (not #18319) (not #18296) (not #18235) (not #18263) (not #18203) (not #18211) (not #18218) (not #20211))) (c)
  (not (= i844 1)) (c)

Worker 0 CUBE SIZE IN MAIN LOOP: 3
 Checking cube
(not (or (not #27) (= i1041 0) (not #1498) (if #31 #1503 #1499) (not #1787) (if #1789 #1793 #1802) (if #1789 #1792 #1818) (not #1823) (not #1825)))
(or (if (or #2478 #2972) (not #3568) (not #3572)) (not (or #3574 #3584 #4238)) (not (or #3211 #3584 #3593 #3601 #3609 #3617 #3626 #3634 #3643 #3655 #3681 #3689 #3698 #3707 #3709 #3720 ...)) (not (or #3574 #4253)) (not (or #3574 #3584 #3593 #4261)) (not (or #3574 #3584 #3593 #3601 #4278)) (not (or #3574 #3584 #3593 #3601 #4287)) (not (or #3574 #3584 #3593 #3601 #3609 #3617 #4306)) (not (or #3574 #3584 #3593 #3601 #3609 #3617 #4315)) (not (or #3574 #3584 #3593 #3601 #3609 #3617 #3626 #3634 #4327)) (not (if #4353 #5068 #5064)))
(= i844 1)
with max_conflicts: 3375
Worker 2 DONE checking cube l_undef
Worker 2 found undef cube
Batch manager splitting on literal: (or (not (= i844 1)) (= i1041 0) (not (or #4126 #4151 #4182)) (if (or #4126 #4151) (not #19336) (not #19416)) (not (or #4126 #4156 #19417 #19341 #19415 #19345)) (if (or #19340 #19347) (not #19351) (not #19361)) (if (or #19340 #19347) (= #19349 0) (not #19366)) (not (or #4126 #4151 #19339 #19340 #19347 #19334)) (not (or #4126 #4151 #19339 #19334)))
null (o)
  (= i844 1) (o)
    (or (if (or #19089 #18932) (not #18855) (not #18717)) (not (or #18719 #18652 #18367)) (not (or #18548 #18652 #18660 #18670 #18678 #18610 #18619 #18631 #18640 #18572 #18580 #18321 #18598 #18531 #18535 #18544 ...)) (not (or #18719 #18288)) (not (or #18719 #18652 #18660 #18295)) (not (or #18719 #18652 #18660 #18670 #18275)) (not (or #18719 #18652 #18660 #18670 #18289)) (not (or #18719 #18652 #18660 #18670 #18678 #18610 #18202)) (not (or #18719 #18652 #18660 #18670 #18678 #18610 #18210)) (not (or #18719 #18652 #18660 #18670 #18678 #18610 #18619 #18631 #18222)) (not (if #18197 #20275 #20210))) (o)
      (or (not (= i844 1)) (= i1041 0) (not (or #4126 #4151 #4182)) (if (or #4126 #4151) (not #19336) (not #19416)) (not (or #4126 #4156 #19417 #19341 #19415 #19345)) (if (or #19340 #19347) (not #19351) (not #19361)) (if (or #19340 #19347) (= #19349 0) (not #19366)) (not (or #4126 #4151 #19339 #19340 #19347 #19334)) (not (or #4126 #4151 #19339 #19334))) (a)
      (not (or (not #4125) (= i1041 0) (not #19416) (if #4152 #19337 #19339) (not #19414) (if #19348 #19412 #19410) (if #19348 #19351 #19327) (not #19282) (not #19338))) (a)
    (not (or (if #18853 #18270 #18718) (not #18375) (not #18283) (not #18319) (not #18296) (not #18235) (not #18263) (not #18203) (not #18211) (not #18218) (not #20211))) (c)
  (not (= i844 1)) (c)

Worker 2 CUBE SIZE IN MAIN LOOP: 3
 Checking cube
(or (not (= i844 1)) (= i1041 0) (not (or #28 #30 #37)) (if (or #28 #30) (not #1502) (not #1498)) (not (or #28 #32 #1501 #1506 #1508 #1510)) (if (or #1504 #1788) (not #1792) (not #1801)) (if (or #1504 #1788) (= #1791 0) (not #1817)) (not (or #28 #30 #1499 #1504 #1788 #1822)) (not (or #28 #30 #1499 #1822)))
(or (if (or #2478 #2972) (not #3568) (not #3572)) (not (or #3574 #3584 #4238)) (not (or #3211 #3584 #3593 #3601 #3609 #3617 #3626 #3634 #3643 #3655 #3681 #3689 #3698 #3707 #3709 #3720 ...)) (not (or #3574 #4253)) (not (or #3574 #3584 #3593 #4261)) (not (or #3574 #3584 #3593 #3601 #4278)) (not (or #3574 #3584 #3593 #3601 #4287)) (not (or #3574 #3584 #3593 #3601 #3609 #3617 #4306)) (not (or #3574 #3584 #3593 #3601 #3609 #3617 #4315)) (not (or #3574 #3584 #3593 #3601 #3609 #3617 #3626 #3634 #4327)) (not (if #4353 #5068 #5064)))
(= i844 1)
with max_conflicts: 3375
Worker 1 DONE checking cube l_undef
Worker 1 found undef cube
Batch manager splitting on literal: (or (not (= i844 1)) (= i1041 0) (not (or #4126 #4151 #4182)) (if (or #4126 #4151) (not #19336) (not #19416)) (not (or #4126 #4156 #19417 #19341 #19415 #19345)) (if (or #19340 #19347) (not #19351) (not #19361)) (if (or #19340 #19347) (= #19349 0) (not #19366)) (not (or #4126 #4151 #19339 #19340 #19347 #19334)) (not (or #4126 #4151 #19339 #19334)))
null (o)
  (= i844 1) (o)
    (or (if (or #19089 #18932) (not #18855) (not #18717)) (not (or #18719 #18652 #18367)) (not (or #18548 #18652 #18660 #18670 #18678 #18610 #18619 #18631 #18640 #18572 #18580 #18321 #18598 #18531 #18535 #18544 ...)) (not (or #18719 #18288)) (not (or #18719 #18652 #18660 #18295)) (not (or #18719 #18652 #18660 #18670 #18275)) (not (or #18719 #18652 #18660 #18670 #18289)) (not (or #18719 #18652 #18660 #18670 #18678 #18610 #18202)) (not (or #18719 #18652 #18660 #18670 #18678 #18610 #18210)) (not (or #18719 #18652 #18660 #18670 #18678 #18610 #18619 #18631 #18222)) (not (if #18197 #20275 #20210))) (o)
      (or (not (= i844 1)) (= i1041 0) (not (or #4126 #4151 #4182)) (if (or #4126 #4151) (not #19336) (not #19416)) (not (or #4126 #4156 #19417 #19341 #19415 #19345)) (if (or #19340 #19347) (not #19351) (not #19361)) (if (or #19340 #19347) (= #19349 0) (not #19366)) (not (or #4126 #4151 #19339 #19340 #19347 #19334)) (not (or #4126 #4151 #19339 #19334))) (a)
      (not (or (not #4125) (= i1041 0) (not #19416) (if #4152 #19337 #19339) (not #19414) (if #19348 #19412 #19410) (if #19348 #19351 #19327) (not #19282) (not #19338))) (a)
    (not (or (if #18853 #18270 #18718) (not #18375) (not #18283) (not #18319) (not #18296) (not #18235) (not #18263) (not #18203) (not #18211) (not #18218) (not #20211))) (c)
  (not (= i844 1)) (c)

Worker 1 CUBE SIZE IN MAIN LOOP: 3
 Checking cube
(or (not (= i844 1)) (= i1041 0) (not (or #28 #30 #37)) (if (or #28 #30) (not #1502) (not #1498)) (not (or #28 #32 #1501 #1506 #1508 #1510)) (if (or #1504 #1788) (not #1792) (not #1801)) (if (or #1504 #1788) (= #1791 0) (not #1817)) (not (or #28 #30 #1499 #1504 #1788 #1822)) (not (or #28 #30 #1499 #1822)))
(or (if (or #2478 #2972) (not #3568) (not #3572)) (not (or #3574 #3584 #4238)) (not (or #3211 #3584 #3593 #3601 #3609 #3617 #3626 #3634 #3643 #3655 #3681 #3689 #3698 #3707 #3709 #3720 ...)) (not (or #3574 #4253)) (not (or #3574 #3584 #3593 #4261)) (not (or #3574 #3584 #3593 #3601 #4278)) (not (or #3574 #3584 #3593 #3601 #4287)) (not (or #3574 #3584 #3593 #3601 #3609 #3617 #4306)) (not (or #3574 #3584 #3593 #3601 #3609 #3617 #4315)) (not (or #3574 #3584 #3593 #3601 #3609 #3617 #3626 #3634 #4327)) (not (if #4353 #5068 #5064)))
(= i844 1)
with max_conflicts: 3375
Worker 0 DONE checking cube l_false
Worker 0 found unsat cube
Batch manager backtracking.
(not (or (not #27) (= i1041 0) (not #1498) (if #31 #1503 #1499) (not #1787) (if #1789 #1793 #1802) (if #1789 #1792 #1818) (not #1823) (not #1825)))
(or (if (or #2478 #2972) (not #3568) (not #3572)) (not (or #3574 #3584 #4238)) (not (or #3211 #3584 #3593 #3601 #3609 #3617 #3626 #3634 #3643 #3655 #3681 #3689 #3698 #3707 #3709 #3720 ...)) (not (or #3574 #4253)) (not (or #3574 #3584 #3593 #4261)) (not (or #3574 #3584 #3593 #3601 #4278)) (not (or #3574 #3584 #3593 #3601 #4287)) (not (or #3574 #3584 #3593 #3601 #3609 #3617 #4306)) (not (or #3574 #3584 #3593 #3601 #3609 #3617 #4315)) (not (or #3574 #3584 #3593 #3601 #3609 #3617 #3626 #3634 #4327)) (not (if #4353 #5068 #5064)))

null (o)
  (= i844 1) (o)
    (or (if (or #19089 #18932) (not #18855) (not #18717)) (not (or #18719 #18652 #18367)) (not (or #18548 #18652 #18660 #18670 #18678 #18610 #18619 #18631 #18640 #18572 #18580 #18321 #18598 #18531 #18535 #18544 ...)) (not (or #18719 #18288)) (not (or #18719 #18652 #18660 #18295)) (not (or #18719 #18652 #18660 #18670 #18275)) (not (or #18719 #18652 #18660 #18670 #18289)) (not (or #18719 #18652 #18660 #18670 #18678 #18610 #18202)) (not (or #18719 #18652 #18660 #18670 #18678 #18610 #18210)) (not (or #18719 #18652 #18660 #18670 #18678 #18610 #18619 #18631 #18222)) (not (if #18197 #20275 #20210))) (o)
      (or (not (= i844 1)) (= i1041 0) (not (or #4126 #4151 #4182)) (if (or #4126 #4151) (not #19336) (not #19416)) (not (or #4126 #4156 #19417 #19341 #19415 #19345)) (if (or #19340 #19347) (not #19351) (not #19361)) (if (or #19340 #19347) (= #19349 0) (not #19366)) (not (or #4126 #4151 #19339 #19340 #19347 #19334)) (not (or #4126 #4151 #19339 #19334))) (a)
      (not (or (not #4125) (= i1041 0) (not #19416) (if #4152 #19337 #19339) (not #19414) (if #19348 #19412 #19410) (if #19348 #19351 #19327) (not #19282) (not #19338))) (c)
    (not (or (if #18853 #18270 #18718) (not #18375) (not #18283) (not #18319) (not #18296) (not #18235) (not #18263) (not #18203) (not #18211) (not #18218) (not #20211))) (c)
  (not (= i844 1)) (c)
null (o)
  (= i844 1) (o)
    (or (if (or #19089 #18932) (not #18855) (not #18717)) (not (or #18719 #18652 #18367)) (not (or #18548 #18652 #18660 #18670 #18678 #18610 #18619 #18631 #18640 #18572 #18580 #18321 #18598 #18531 #18535 #18544 ...)) (not (or #18719 #18288)) (not (or #18719 #18652 #18660 #18295)) (not (or #18719 #18652 #18660 #18670 #18275)) (not (or #18719 #18652 #18660 #18670 #18289)) (not (or #18719 #18652 #18660 #18670 #18678 #18610 #18202)) (not (or #18719 #18652 #18660 #18670 #18678 #18610 #18210)) (not (or #18719 #18652 #18660 #18670 #18678 #18610 #18619 #18631 #18222)) (not (if #18197 #20275 #20210))) (o)
      (or (not (= i844 1)) (= i1041 0) (not (or #4126 #4151 #4182)) (if (or #4126 #4151) (not #19336) (not #19416)) (not (or #4126 #4156 #19417 #19341 #19415 #19345)) (if (or #19340 #19347) (not #19351) (not #19361)) (if (or #19340 #19347) (= #19349 0) (not #19366)) (not (or #4126 #4151 #19339 #19340 #19347 #19334)) (not (or #4126 #4151 #19339 #19334))) (a)
      (not (or (not #4125) (= i1041 0) (not #19416) (if #4152 #19337 #19339) (not #19414) (if #19348 #19412 #19410) (if #19348 #19351 #19327) (not #19282) (not #19338))) (c)
    (not (or (if #18853 #18270 #18718) (not #18375) (not #18283) (not #18319) (not #18296) (not #18235) (not #18263) (not #18203) (not #18211) (not #18218) (not #20211))) (c)
  (not (= i844 1)) (c)

Worker 0 CUBE SIZE IN MAIN LOOP: 3
 Checking cube
(or (not (= i844 1)) (= i1041 0) (not (or #28 #30 #37)) (if (or #28 #30) (not #1502) (not #1498)) (not (or #28 #32 #1501 #1506 #1508 #1510)) (if (or #1504 #1788) (not #1792) (not #1801)) (if (or #1504 #1788) (= #1791 0) (not #1817)) (not (or #28 #30 #1499 #1504 #1788 #1822)) (not (or #28 #30 #1499 #1822)))
(or (if (or #2478 #2972) (not #3568) (not #3572)) (not (or #3574 #3584 #4238)) (not (or #3211 #3584 #3593 #3601 #3609 #3617 #3626 #3634 #3643 #3655 #3681 #3689 #3698 #3707 #3709 #3720 ...)) (not (or #3574 #4253)) (not (or #3574 #3584 #3593 #4261)) (not (or #3574 #3584 #3593 #3601 #4278)) (not (or #3574 #3584 #3593 #3601 #4287)) (not (or #3574 #3584 #3593 #3601 #3609 #3617 #4306)) (not (or #3574 #3584 #3593 #3601 #3609 #3617 #4315)) (not (or #3574 #3584 #3593 #3601 #3609 #3617 #3626 #3634 #4327)) (not (if #4353 #5068 #5064)))
(= i844 1)
with max_conflicts: 3375
Worker 1 DONE checking cube l_false
Worker 1 found unsat cube
Batch manager backtracking.
(or (not (= i844 1)) (= i1041 0) (not (or #28 #30 #37)) (if (or #28 #30) (not #1502) (not #1498)) (not (or #28 #32 #1501 #1506 #1508 #1510)) (if (or #1504 #1788) (not #1792) (not #1801)) (if (or #1504 #1788) (= #1791 0) (not #1817)) (not (or #28 #30 #1499 #1504 #1788 #1822)) (not (or #28 #30 #1499 #1822)))
(or (if (or #2478 #2972) (not #3568) (not #3572)) (not (or #3574 #3584 #4238)) (not (or #3211 #3584 #3593 #3601 #3609 #3617 #3626 #3634 #3643 #3655 #3681 #3689 #3698 #3707 #3709 #3720 ...)) (not (or #3574 #4253)) (not (or #3574 #3584 #3593 #4261)) (not (or #3574 #3584 #3593 #3601 #4278)) (not (or #3574 #3584 #3593 #3601 #4287)) (not (or #3574 #3584 #3593 #3601 #3609 #3617 #4306)) (not (or #3574 #3584 #3593 #3601 #3609 #3617 #4315)) (not (or #3574 #3584 #3593 #3601 #3609 #3617 #3626 #3634 #4327)) (not (if #4353 #5068 #5064)))

null (o)
  (= i844 1) (o)
    (or (if (or #19089 #18932) (not #18855) (not #18717)) (not (or #18719 #18652 #18367)) (not (or #18548 #18652 #18660 #18670 #18678 #18610 #18619 #18631 #18640 #18572 #18580 #18321 #18598 #18531 #18535 #18544 ...)) (not (or #18719 #18288)) (not (or #18719 #18652 #18660 #18295)) (not (or #18719 #18652 #18660 #18670 #18275)) (not (or #18719 #18652 #18660 #18670 #18289)) (not (or #18719 #18652 #18660 #18670 #18678 #18610 #18202)) (not (or #18719 #18652 #18660 #18670 #18678 #18610 #18210)) (not (or #18719 #18652 #18660 #18670 #18678 #18610 #18619 #18631 #18222)) (not (if #18197 #20275 #20210))) (c)
      (or (not (= i844 1)) (= i1041 0) (not (or #4126 #4151 #4182)) (if (or #4126 #4151) (not #19336) (not #19416)) (not (or #4126 #4156 #19417 #19341 #19415 #19345)) (if (or #19340 #19347) (not #19351) (not #19361)) (if (or #19340 #19347) (= #19349 0) (not #19366)) (not (or #4126 #4151 #19339 #19340 #19347 #19334)) (not (or #4126 #4151 #19339 #19334))) (c)
      (not (or (not #4125) (= i1041 0) (not #19416) (if #4152 #19337 #19339) (not #19414) (if #19348 #19412 #19410) (if #19348 #19351 #19327) (not #19282) (not #19338))) (c)
    (not (or (if #18853 #18270 #18718) (not #18375) (not #18283) (not #18319) (not #18296) (not #18235) (not #18263) (not #18203) (not #18211) (not #18218) (not #20211))) (c)
  (not (= i844 1)) (c)
Worker 1 no more cubes
Worker 3 DONE checking cube l_false
Worker 3 found unsat cube
Batch manager backtracking.
(or (not (= i844 1)) (= i1041 0) (not (or #28 #30 #37)) (if (or #28 #30) (not #1502) (not #1498)) (not (or #28 #32 #1501 #1506 #1508 #1510)) (if (or #1504 #1788) (not #1792) (not #1801)) (if (or #1504 #1788) (= #1791 0) (not #1817)) (not (or #28 #30 #1499 #1504 #1788 #1822)) (not (or #28 #30 #1499 #1822)))
(or (if (or #2478 #2972) (not #3568) (not #3572)) (not (or #3574 #3584 #4238)) (not (or #3211 #3584 #3593 #3601 #3609 #3617 #3626 #3634 #3643 #3655 #3681 #3689 #3698 #3707 #3709 #3720 ...)) (not (or #3574 #4253)) (not (or #3574 #3584 #3593 #4261)) (not (or #3574 #3584 #3593 #3601 #4278)) (not (or #3574 #3584 #3593 #3601 #4287)) (not (or #3574 #3584 #3593 #3601 #3609 #3617 #4306)) (not (or #3574 #3584 #3593 #3601 #3609 #3617 #4315)) (not (or #3574 #3584 #3593 #3601 #3609 #3617 #3626 #3634 #4327)) (not (if #4353 #5068 #5064)))

null (c)
  (= i844 1) (c)
    (or (if (or #19089 #18932) (not #18855) (not #18717)) (not (or #18719 #18652 #18367)) (not (or #18548 #18652 #18660 #18670 #18678 #18610 #18619 #18631 #18640 #18572 #18580 #18321 #18598 #18531 #18535 #18544 ...)) (not (or #18719 #18288)) (not (or #18719 #18652 #18660 #18295)) (not (or #18719 #18652 #18660 #18670 #18275)) (not (or #18719 #18652 #18660 #18670 #18289)) (not (or #18719 #18652 #18660 #18670 #18678 #18610 #18202)) (not (or #18719 #18652 #18660 #18670 #18678 #18610 #18210)) (not (or #18719 #18652 #18660 #18670 #18678 #18610 #18619 #18631 #18222)) (not (if #18197 #20275 #20210))) (c)
      (or (not (= i844 1)) (= i1041 0) (not (or #4126 #4151 #4182)) (if (or #4126 #4151) (not #19336) (not #19416)) (not (or #4126 #4156 #19417 #19341 #19415 #19345)) (if (or #19340 #19347) (not #19351) (not #19361)) (if (or #19340 #19347) (= #19349 0) (not #19366)) (not (or #4126 #4151 #19339 #19340 #19347 #19334)) (not (or #4126 #4151 #19339 #19334))) (c)
      (not (or (not #4125) (= i1041 0) (not #19416) (if #4152 #19337 #19339) (not #19414) (if #19348 #19412 #19410) (if #19348 #19351 #19327) (not #19282) (not #19338))) (c)
    (not (or (if #18853 #18270 #18718) (not #18375) (not #18283) (not #18319) (not #18296) (not #18235) (not #18263) (not #18203) (not #18211) (not #18218) (not #20211))) (c)
  (not (= i844 1)) (c)
Canceling workers
Worker 0 canceling
Worker 1 canceling
Worker 2 canceling
Worker 3 canceling
Worker 0 DONE checking cube l_undef
Worker 2 DONE checking cube l_undef
all done
Worker 3 no more cubes
Batch manager setting exception msg: context cancelled.
Batch manager setting exception msg: context cancelled.
unsat
(:added-eqs                   1470851
 :arith-eq-adapter            3222
 :arith-bound-propagations-lp 177331
 :arith-conflicts             606
 :arith-diseq                 137349
 :arith-fixed-eqs             188150
 :arith-lower                 116474
 :arith-make-feasible         58963
 :arith-max-columns           1661
 :arith-max-rows              681
 :arith-offset-eqs            54045
 :arith-upper                 204814
 :binary-propagations         3975902
 :conflicts                   25176
 :decisions                   508197
 :del-clause                  22247
 :max-memory                  113.62
 :memory                      19.26
 :minimized-lits              157814
 :mk-bool-var                 22395
 :mk-clause                   38053
 :mk-clause-binary            61256
 :num-allocs                  57880547
 :num-checks                  20
 :parallel-max-cube-size      3
 :parallel-num_cubes          12
 :propagations                5837718
 :restarts                    216
 :rlimit-count                16689407
 :time                        0.74
 :total-time                  2.68)
