Worker 0 created with 0 assumptions
Worker 1 created with 0 assumptions
Worker 2 created with 0 assumptions
Worker 3 created with 0 assumptions
null (a)

Worker 0 CUBE SIZE IN MAIN LOOP: 0
 Checking cube
with max_conflicts: 1000
null (a)

Worker 2 CUBE SIZE IN MAIN LOOP: 0
 Checking cube
with max_conflicts: 1000
null (a)

Worker 1 CUBE SIZE IN MAIN LOOP: 0
 Checking cube
with max_conflicts: 1000
null (a)

Worker 3 CUBE SIZE IN MAIN LOOP: 0
 Checking cube
with max_conflicts: 1000
Worker 2 DONE checking cube l_undef
Worker 2 found undef cube
Batch manager splitting on literal: (= i844 1)
null (o)
  (= i844 1) (a)
  (not (= i844 1)) (o)

Worker 2 CUBE SIZE IN MAIN LOOP: 1
 Checking cube
(= i844 1)
with max_conflicts: 1500
Worker 0 DONE checking cube l_undef
Worker 0 found undef cube
Batch manager splitting on literal: (= i844 1)
null (o)
  (= i844 1) (a)
  (not (= i844 1)) (a)

Worker 3 DONE checking cube l_undef
Worker 3 found undef cube
Worker 0 CUBE SIZE IN MAIN LOOP: 1
 Checking cube
(not (= i844 1))
with max_conflicts: 1500
Batch manager splitting on literal: (= i844 1)
null (o)
  (= i844 1) (a)
  (not (= i844 1)) (a)

Worker 3 CUBE SIZE IN MAIN LOOP: 1
 Checking cube
(= i844 1)
with max_conflicts: 1500
Worker 1 DONE checking cube l_undef
Worker 1 found undef cube
Batch manager splitting on literal: (= i844 1)
null (o)
  (= i844 1) (a)
  (not (= i844 1)) (a)

Worker 1 CUBE SIZE IN MAIN LOOP: 1
 Checking cube
(= i844 1)
with max_conflicts: 1500
Worker 0 DONE checking cube l_false
Worker 0 found unsat cube
Batch manager backtracking.
(not (= i844 1))

null (o)
  (= i844 1) (a)
  (not (= i844 1)) (c)
null (o)
  (= i844 1) (a)
  (not (= i844 1)) (c)

Worker 0 CUBE SIZE IN MAIN LOOP: 1
 Checking cube
(= i844 1)
with max_conflicts: 1500
Worker 2 DONE checking cube l_undef
Worker 2 found undef cube
Batch manager splitting on literal: (= (if (or #18281 #21081 #21091 #21053 #21063 #20962 #20930 #20911 #20823 #20790 #20592 #14346) (if #14209 #13303 467) (if #21079 #13638 224)) 417)
null (o)
  (= i844 1) (o)
    (= (if (or #18281 #21081 #21091 #21053 #21063 #20962 #20930 #20911 #20823 #20790 #20592 #14346) (if #14209 #13303 467) (if #21079 #13638 224)) 417) (o)
    (not (= (if #14347 #13304 #13639) 417)) (a)
  (not (= i844 1)) (c)

Worker 2 CUBE SIZE IN MAIN LOOP: 2
 Checking cube
(not (= (if #5823 #5880 #5859) 417))
(= i844 1)
with max_conflicts: 2250
Worker 1 DONE checking cube l_undef
Worker 1 found undef cube
Batch manager splitting on literal: (or (not (or #19362 #19286 #19227 #19263 #19187 #19259 #19192 #19219 #19211 #19123 #19136 #19139 #19060 #19065 #19069 #19106 ...)) (not (or #19093 #19123 #12678 #19000 #19054 #19052 #19101 #19014 #19018 #19022 #19055 #19034 #19050 #18947 #18948 #19048 ...)) (not (or #19089 #18278)) (not (or #19089 #18883)) (not (or #19123 #19089 #12678 #18886)) (not (or #19123 #19089 #12678 #19000 #18864)) (not (or #19093 #19123 #19089 #12678 #19000 #19054 #19052 #19101 #19014 #19018 #19022 #19055 #19034 #19050 #18947 #18948 ...)) (not (or #19093 #19123 #19089 #12678 #19000 #19054 #19052 #19101 #19014 #19018 #19022 #19055 #19034 #19050 #18947 #18948 ...)) (not (or #19093 #19123 #19089 #12678 #19000 #19054 #19052 #19101 #19014 #19018 #19022 #19055 #19034 #19050 #18947 #18948 ...)) (not (or #19123 #19089 #12678 #19000 #19054 #18823)) (not (or #19123 #19089 #12678 #19000 #19054 #18784)) (not (or #19123 #19089 #12678 #19000 #19054 #19052 #19101 #18877)) (not (or #19123 #19089 #12678 #19000 #19054 #19052 #19101 #19014 #18791)) (not (or #19093 #19123 #19089 #12678 #19000 #19054 #19052 #19101 #19014 #19018 #19022 #19055 #19034 #19050 #18828)) (not (or #19123 #19089 #12678 #19000 #19054 #19052 #19101 #19014 #19018 #18826)) (not (or #19123 #19089 #12678 #19000 #19054 #19052 #19101 #19014 #19018 #18819)) ...)
null (o)
  (= i844 1) (o)
    (= (if (or #18281 #21081 #21091 #21053 #21063 #20962 #20930 #20911 #20823 #20790 #20592 #14346) (if #14209 #13303 467) (if #21079 #13638 224)) 417) (a)
    (not (= (if #14347 #13304 #13639) 417)) (a)
  (not (= i844 1)) (c)

Worker 1 CUBE SIZE IN MAIN LOOP: 2
 Checking cube
(= (if (or #4240 #4941 #4949 #4953 #4963 #4980 #5012 #5031 #5040 #5048 #5056 #5822) (if #5869 #5897 467) (if #4940 #5858 224)) 417)
(= i844 1)
with max_conflicts: 2250
Worker 3 DONE checking cube l_undef
Worker 3 found undef cube
Batch manager splitting on literal: (or (if (or #19340 #19347) (not #19351) (not #19361)) (not (or #4126 #4156 #4192 #19340 #19341 #19347 #19353 #19356 #19359 #19281 #19326 #19342 #19285)) (not (or #19362 #19286 #19288 #19323 #19358 #19322 #19321 #19298 #19319 #19305 #19307 #19309 #19224 #19226)) (not (or #19362 #19286 #19300 #19319 #19305 #19307 #19309 #19224 #19226 #19229 #19315 #19313 #19270 #19218 #19175 #19177 ...)) (not (or #19362 #19286 #19227 #19213)) (not (or #19362 #19286 #19227 #19189 #19315)) (not (or #4126 #4151 #19339 #19340 #19347 #19362 #19281 #19334 #19286 #19323 #19319 #19305 #19227 #19315 #19313 #19270 ...)) (not (or #19219 #19066)))
null (o)
  (= i844 1) (o)
    (= (if (or #18281 #21081 #21091 #21053 #21063 #20962 #20930 #20911 #20823 #20790 #20592 #14346) (if #14209 #13303 467) (if #21079 #13638 224)) 417) (a)
    (not (= (if #14347 #13304 #13639) 417)) (a)
  (not (= i844 1)) (c)

Worker 3 CUBE SIZE IN MAIN LOOP: 2
 Checking cube
(= (if (or #4240 #4941 #4949 #4953 #4963 #4980 #5012 #5031 #5040 #5048 #5056 #5822) (if #5869 #5897 467) (if #4940 #5858 224)) 417)
(= i844 1)
with max_conflicts: 2250
Worker 0 DONE checking cube l_undef
Worker 0 found undef cube
Batch manager splitting on literal: (if (or (if #4152 #19337 #19339) (not #19414)) (not (= #19349 0)) (not (or #4126 #4156 #4192 #19340 #19341 #19415 #19345 #19353 #19356 #19359)))
null (o)
  (= i844 1) (o)
    (= (if (or #18281 #21081 #21091 #21053 #21063 #20962 #20930 #20911 #20823 #20790 #20592 #14346) (if #14209 #13303 467) (if #21079 #13638 224)) 417) (a)
    (not (= (if #14347 #13304 #13639) 417)) (a)
  (not (= i844 1)) (c)

Worker 0 CUBE SIZE IN MAIN LOOP: 2
 Checking cube
(= (if (or #4240 #4941 #4949 #4953 #4963 #4980 #5012 #5031 #5040 #5048 #5056 #5822) (if #5869 #5897 467) (if #4940 #5858 224)) 417)
(= i844 1)
with max_conflicts: 2250
Worker 1 DONE checking cube l_false
Worker 1 found unsat cube
Batch manager backtracking.
(= (if (or #4240 #4941 #4949 #4953 #4963 #4980 #5012 #5031 #5040 #5048 #5056 #5822) (if #5869 #5897 467) (if #4940 #5858 224)) 417)

null (o)
  (= i844 1) (o)
    (= (if (or #18281 #21081 #21091 #21053 #21063 #20962 #20930 #20911 #20823 #20790 #20592 #14346) (if #14209 #13303 467) (if #21079 #13638 224)) 417) (c)
    (not (= (if #14347 #13304 #13639) 417)) (a)
  (not (= i844 1)) (c)
null (o)
  (= i844 1) (o)
    (= (if (or #18281 #21081 #21091 #21053 #21063 #20962 #20930 #20911 #20823 #20790 #20592 #14346) (if #14209 #13303 467) (if #21079 #13638 224)) 417) (c)
    (not (= (if #14347 #13304 #13639) 417)) (a)
  (not (= i844 1)) (c)

Worker 1 CUBE SIZE IN MAIN LOOP: 2
 Checking cube
(not (= (if #5823 #5880 #5859) 417))
(= i844 1)
with max_conflicts: 2250
Worker 3 DONE checking cube l_false
Worker 3 found unsat cube
Batch manager backtracking.
(= (if (or #4240 #4941 #4949 #4953 #4963 #4980 #5012 #5031 #5040 #5048 #5056 #5822) (if #5869 #5897 467) (if #4940 #5858 224)) 417)

null (o)
  (= i844 1) (o)
    (= (if (or #18281 #21081 #21091 #21053 #21063 #20962 #20930 #20911 #20823 #20790 #20592 #14346) (if #14209 #13303 467) (if #21079 #13638 224)) 417) (c)
    (not (= (if #14347 #13304 #13639) 417)) (a)
  (not (= i844 1)) (c)
null (o)
  (= i844 1) (o)
    (= (if (or #18281 #21081 #21091 #21053 #21063 #20962 #20930 #20911 #20823 #20790 #20592 #14346) (if #14209 #13303 467) (if #21079 #13638 224)) 417) (c)
    (not (= (if #14347 #13304 #13639) 417)) (a)
  (not (= i844 1)) (c)

Worker 3 CUBE SIZE IN MAIN LOOP: 2
 Checking cube
(not (= (if #5823 #5880 #5859) 417))
(= i844 1)
with max_conflicts: 2250
Worker 0 DONE checking cube l_false
Worker 0 found unsat cube
Batch manager backtracking.
(= i844 1)
(= (if (or #4240 #4941 #4949 #4953 #4963 #4980 #5012 #5031 #5040 #5048 #5056 #5822) (if #5869 #5897 467) (if #4940 #5858 224)) 417)

null (o)
  (= i844 1) (o)
    (= (if (or #18281 #21081 #21091 #21053 #21063 #20962 #20930 #20911 #20823 #20790 #20592 #14346) (if #14209 #13303 467) (if #21079 #13638 224)) 417) (c)
    (not (= (if #14347 #13304 #13639) 417)) (a)
  (not (= i844 1)) (c)
null (o)
  (= i844 1) (o)
    (= (if (or #18281 #21081 #21091 #21053 #21063 #20962 #20930 #20911 #20823 #20790 #20592 #14346) (if #14209 #13303 467) (if #21079 #13638 224)) 417) (c)
    (not (= (if #14347 #13304 #13639) 417)) (a)
  (not (= i844 1)) (c)

Worker 0 CUBE SIZE IN MAIN LOOP: 2
 Checking cube
(not (= (if #5823 #5880 #5859) 417))
(= i844 1)
with max_conflicts: 2250
Worker 2 DONE checking cube l_undef
Worker 2 found undef cube
Batch manager splitting on literal: (= (if (or #19089 #18932 #18280 #18888 #18860 #18865 #18868 #18265 #18873 #18808 #18879 #18831 #18792 #18804 #18499) (if #18435 #18308 467) (if #18853 #18430 #18398)) 261)
null (o)
  (= i844 1) (o)
    (= (if (or #18281 #21081 #21091 #21053 #21063 #20962 #20930 #20911 #20823 #20790 #20592 #14346) (if #14209 #13303 467) (if #21079 #13638 224)) 417) (c)
    (not (= (if #14347 #13304 #13639) 417)) (o)
      (= (if (or #19089 #18932 #18280 #18888 #18860 #18865 #18868 #18265 #18873 #18808 #18879 #18831 #18792 #18804 #18499) (if #18435 #18308 467) (if #18853 #18430 #18398)) 261) (a)
      (not (= (if #18500 #18309 #18433) 261)) (o)
  (not (= i844 1)) (c)

Worker 2 CUBE SIZE IN MAIN LOOP: 3
 Checking cube
(= (if (or #2478 #2972 #2985 #2993 #3001 #3009 #3013 #3020 #3025 #3051 #3060 #3068 #3076 #3084 #3749) (if #3796 #3814 467) (if #2973 #3752 #3787)) 261)
(not (= (if #5823 #5880 #5859) 417))
(= i844 1)
with max_conflicts: 3375
Worker 2 DONE checking cube l_false
Worker 2 found unsat cube
Batch manager backtracking.
(= (if (or #2478 #2972 #2985 #2993 #3001 #3009 #3013 #3020 #3025 #3051 #3060 #3068 #3076 #3084 #3749) (if #3796 #3814 467) (if #2973 #3752 #3787)) 261)

null (o)
  (= i844 1) (o)
    (= (if (or #18281 #21081 #21091 #21053 #21063 #20962 #20930 #20911 #20823 #20790 #20592 #14346) (if #14209 #13303 467) (if #21079 #13638 224)) 417) (c)
    (not (= (if #14347 #13304 #13639) 417)) (o)
      (= (if (or #19089 #18932 #18280 #18888 #18860 #18865 #18868 #18265 #18873 #18808 #18879 #18831 #18792 #18804 #18499) (if #18435 #18308 467) (if #18853 #18430 #18398)) 261) (c)
      (not (= (if #18500 #18309 #18433) 261)) (o)
  (not (= i844 1)) (c)
null (o)
  (= i844 1) (o)
    (= (if (or #18281 #21081 #21091 #21053 #21063 #20962 #20930 #20911 #20823 #20790 #20592 #14346) (if #14209 #13303 467) (if #21079 #13638 224)) 417) (c)
    (not (= (if #14347 #13304 #13639) 417)) (o)
      (= (if (or #19089 #18932 #18280 #18888 #18860 #18865 #18868 #18265 #18873 #18808 #18879 #18831 #18792 #18804 #18499) (if #18435 #18308 467) (if #18853 #18430 #18398)) 261) (c)
      (not (= (if #18500 #18309 #18433) 261)) (a)
  (not (= i844 1)) (c)

Worker 2 CUBE SIZE IN MAIN LOOP: 3
 Checking cube
(not (= (if #3750 #3805 #3788) 261))
(not (= (if #5823 #5880 #5859) 417))
(= i844 1)
with max_conflicts: 3375
Worker 0 DONE checking cube l_undef
Worker 0 found undef cube
Batch manager splitting on literal: (or (not (= i844 1)) (= i1041 0) (not (or #4126 #4151 #4182)) (if (or #4126 #4151) (not #19336) (not #19416)) (not (or #4126 #4156 #19417 #19341 #19415 #19345)) (if (or #19340 #19347) (not #19351) (not #19361)) (if (or #19340 #19347) (= #19349 0) (not #19366)) (not (or #4126 #4151 #19339 #19340 #19347 #19334)) (not (or #4126 #4151 #19339 #19334)))
null (o)
  (= i844 1) (o)
    (= (if (or #18281 #21081 #21091 #21053 #21063 #20962 #20930 #20911 #20823 #20790 #20592 #14346) (if #14209 #13303 467) (if #21079 #13638 224)) 417) (c)
    (not (= (if #14347 #13304 #13639) 417)) (o)
      (= (if (or #19089 #18932 #18280 #18888 #18860 #18865 #18868 #18265 #18873 #18808 #18879 #18831 #18792 #18804 #18499) (if #18435 #18308 467) (if #18853 #18430 #18398)) 261) (c)
      (not (= (if #18500 #18309 #18433) 261)) (a)
  (not (= i844 1)) (c)

Worker 0 CUBE SIZE IN MAIN LOOP: 3
 Checking cube
(not (= (if #3750 #3805 #3788) 261))
(not (= (if #5823 #5880 #5859) 417))
(= i844 1)
with max_conflicts: 3375
Worker 3 DONE checking cube l_undef
Worker 3 found undef cube
Batch manager splitting on literal: (= (if (or #13311 #11758 #11762 #11680 #11688 #11664 #11672 #11657 #11625 #10819 #10722 #10703 #10569 #25649) (if #25669 #25965 467) (if #11757 #25860 224)) 133)
null (o)
  (= i844 1) (o)
    (= (if (or #18281 #21081 #21091 #21053 #21063 #20962 #20930 #20911 #20823 #20790 #20592 #14346) (if #14209 #13303 467) (if #21079 #13638 224)) 417) (c)
    (not (= (if #14347 #13304 #13639) 417)) (o)
      (= (if (or #19089 #18932 #18280 #18888 #18860 #18865 #18868 #18265 #18873 #18808 #18879 #18831 #18792 #18804 #18499) (if #18435 #18308 467) (if #18853 #18430 #18398)) 261) (c)
      (not (= (if #18500 #18309 #18433) 261)) (a)
  (not (= i844 1)) (c)

Worker 3 CUBE SIZE IN MAIN LOOP: 3
 Checking cube
(not (= (if #3750 #3805 #3788) 261))
(not (= (if #5823 #5880 #5859) 417))
(= i844 1)
with max_conflicts: 3375
Worker 1 DONE checking cube l_undef
Worker 1 found undef cube
Batch manager splitting on literal: (or (not (= i844 1)) (= i1041 0) (not (or #4126 #4151 #4182)) (if (or #4126 #4151) (not #19336) (not #19416)) (not (or #4126 #4156 #19417 #19341 #19415 #19345)) (if (or #19340 #19347) (not #19351) (not #19361)) (if (or #19340 #19347) (= #19349 0) (not #19366)) (not (or #4126 #4151 #19339 #19340 #19347 #19334)) (not (or #4126 #4151 #19339 #19334)))
null (o)
  (= i844 1) (o)
    (= (if (or #18281 #21081 #21091 #21053 #21063 #20962 #20930 #20911 #20823 #20790 #20592 #14346) (if #14209 #13303 467) (if #21079 #13638 224)) 417) (c)
    (not (= (if #14347 #13304 #13639) 417)) (o)
      (= (if (or #19089 #18932 #18280 #18888 #18860 #18865 #18868 #18265 #18873 #18808 #18879 #18831 #18792 #18804 #18499) (if #18435 #18308 467) (if #18853 #18430 #18398)) 261) (c)
      (not (= (if #18500 #18309 #18433) 261)) (a)
  (not (= i844 1)) (c)

Worker 1 CUBE SIZE IN MAIN LOOP: 3
 Checking cube
(not (= (if #3750 #3805 #3788) 261))
(not (= (if #5823 #5880 #5859) 417))
(= i844 1)
with max_conflicts: 3375
Worker 2 DONE checking cube l_false
Worker 2 found unsat cube
Batch manager backtracking.
(not (= (if #3750 #3805 #3788) 261))

null (c)
  (= i844 1) (c)
    (= (if (or #18281 #21081 #21091 #21053 #21063 #20962 #20930 #20911 #20823 #20790 #20592 #14346) (if #14209 #13303 467) (if #21079 #13638 224)) 417) (c)
    (not (= (if #14347 #13304 #13639) 417)) (c)
      (= (if (or #19089 #18932 #18280 #18888 #18860 #18865 #18868 #18265 #18873 #18808 #18879 #18831 #18792 #18804 #18499) (if #18435 #18308 467) (if #18853 #18430 #18398)) 261) (c)
      (not (= (if #18500 #18309 #18433) 261)) (c)
  (not (= i844 1)) (c)
Canceling workers
Worker 0 canceling
Worker 1 canceling
Worker 2 canceling
Worker 3 canceling
Worker 3 DONE checking cube l_undef
all done
Worker 2 no more cubes
Batch manager setting exception msg: context cancelled.
Worker 0 DONE checking cube l_undef
Batch manager setting exception msg: context cancelled.
Worker 1 DONE checking cube l_undef
Batch manager setting exception msg: context cancelled.
unsat
(:added-eqs                   1542952
 :arith-eq-adapter            3151
 :arith-bound-propagations-lp 200232
 :arith-conflicts             598
 :arith-diseq                 145086
 :arith-fixed-eqs             198974
 :arith-lower                 127940
 :arith-make-feasible         59695
 :arith-max-columns           1666
 :arith-max-rows              686
 :arith-offset-eqs            60636
 :arith-upper                 215275
 :binary-propagations         4265172
 :conflicts                   25797
 :decisions                   527466
 :del-clause                  21531
 :max-memory                  113.61
 :memory                      19.21
 :minimized-lits              150052
 :mk-bool-var                 22291
 :mk-clause                   38153
 :mk-clause-binary            61380
 :num-allocs                  58003384
 :num-checks                  22
 :parallel-max-cube-size      3
 :parallel-num_cubes          12
 :propagations                6168594
 :restarts                    223
 :rlimit-count                17570218
 :time                        0.78
 :total-time                  2.83)
