Worker 0 created with 0 assumptions
Worker 1 created with 0 assumptions
Worker 2 created with 0 assumptions
Worker 3 created with 0 assumptions
null (a)

Worker 0 CUBE SIZE IN MAIN LOOP: 0
 Checking cube
with max_conflicts: 1000
null (a)

Worker 1 CUBE SIZE IN MAIN LOOP: 0
 Checking cube
with max_conflicts: 1000
null (a)

Worker 3 CUBE SIZE IN MAIN LOOP: 0
 Checking cube
with max_conflicts: 1000
null (a)

Worker 2 CUBE SIZE IN MAIN LOOP: 0
 Checking cube
with max_conflicts: 1000
Worker 3 DONE checking cube l_undef
Worker 3 found undef cube
Batch manager splitting on literal: (= (if (or #18355 #21081 #21091 #21053 #21063 #20962 #20930 #20911 #20823 #20790 #20592 #15868) (if #15712 #13712 467) (if #21079 #14053 224)) 469)
null (o)
  (= (if (or #18355 #21081 #21091 #21053 #21063 #20962 #20930 #20911 #20823 #20790 #20592 #15868) (if #15712 #13712 467) (if #21079 #14053 224)) 469) (a)
  (not (= (if #15870 #13713 #14054) 469)) (o)

Worker 3 CUBE SIZE IN MAIN LOOP: 1
 Checking cube
(= (if (or #4240 #4941 #4949 #4953 #4963 #4980 #5012 #5031 #5040 #5048 #5056 #5822) (if #5869 #5897 467) (if #4940 #5858 224)) 469)
with max_conflicts: 1500
Worker 1 DONE checking cube l_undef
Worker 1 found undef cube
Batch manager splitting on literal: (= i844 1)
null (o)
  (= (if (or #18355 #21081 #21091 #21053 #21063 #20962 #20930 #20911 #20823 #20790 #20592 #15868) (if #15712 #13712 467) (if #21079 #14053 224)) 469) (a)
  (not (= (if #15870 #13713 #14054) 469)) (a)

Worker 1 CUBE SIZE IN MAIN LOOP: 1
 Checking cube
(not (= (if #5823 #5880 #5859) 469))
with max_conflicts: 1500
Worker 2 DONE checking cube l_undef
Worker 2 found undef cube
Batch manager splitting on literal: (= i844 1)
Worker 0 DONE checking cube l_undef
Worker 0 found undef cube
Batch manager splitting on literal: (or (if (or #19089 #18932) (not #18855) (not #18717)) (not (or #18719 #18652 #18316)) (not (or #18664 #18652 #18660 #18674 #18682 #18614 #18627 #18635 #18644 #18576 #18586 #18594 #18603 #18536 #18540 #18549 ...)) (not (or #18719 #18288)) (not (or #18719 #18652 #18660 #18295)) (not (or #18719 #18652 #18660 #18674 #18275)) (not (or #18719 #18652 #18660 #18674 #18289)) (not (or #18719 #18652 #18660 #18674 #18682 #18614 #18202)) (not (or #18719 #18652 #18660 #18674 #18682 #18614 #18210)) (not (or #18219 #20656)))
null (o)
  (= (if (or #18355 #21081 #21091 #21053 #21063 #20962 #20930 #20911 #20823 #20790 #20592 #15868) (if #15712 #13712 467) (if #21079 #14053 224)) 469) (a)
  (not (= (if #15870 #13713 #14054) 469)) (a)

Worker 0 CUBE SIZE IN MAIN LOOP: 1
 Checking cube
(= (if (or #4240 #4941 #4949 #4953 #4963 #4980 #5012 #5031 #5040 #5048 #5056 #5822) (if #5869 #5897 467) (if #4940 #5858 224)) 469)
with max_conflicts: 1500
null (o)
  (= (if (or #18355 #21081 #21091 #21053 #21063 #20962 #20930 #20911 #20823 #20790 #20592 #15868) (if #15712 #13712 467) (if #21079 #14053 224)) 469) (a)
  (not (= (if #15870 #13713 #14054) 469)) (a)

Worker 2 CUBE SIZE IN MAIN LOOP: 1
 Checking cube
(= (if (or #4240 #4941 #4949 #4953 #4963 #4980 #5012 #5031 #5040 #5048 #5056 #5822) (if #5869 #5897 467) (if #4940 #5858 224)) 469)
with max_conflicts: 1500
Worker 3 DONE checking cube l_false
Worker 3 found unsat cube
Batch manager backtracking.
(= (if (or #4240 #4941 #4949 #4953 #4963 #4980 #5012 #5031 #5040 #5048 #5056 #5822) (if #5869 #5897 467) (if #4940 #5858 224)) 469)

null (o)
  (= (if (or #18355 #21081 #21091 #21053 #21063 #20962 #20930 #20911 #20823 #20790 #20592 #15868) (if #15712 #13712 467) (if #21079 #14053 224)) 469) (c)
  (not (= (if #15870 #13713 #14054) 469)) (a)
null (o)
  (= (if (or #18355 #21081 #21091 #21053 #21063 #20962 #20930 #20911 #20823 #20790 #20592 #15868) (if #15712 #13712 467) (if #21079 #14053 224)) 469) (c)
  (not (= (if #15870 #13713 #14054) 469)) (a)

Worker 3 CUBE SIZE IN MAIN LOOP: 1
 Checking cube
(not (= (if #5823 #5880 #5859) 469))
with max_conflicts: 1500
Worker 0 DONE checking cube l_false
Worker 0 found unsat cube
Batch manager backtracking.
(= (if (or #4240 #4941 #4949 #4953 #4963 #4980 #5012 #5031 #5040 #5048 #5056 #5822) (if #5869 #5897 467) (if #4940 #5858 224)) 469)

null (o)
  (= (if (or #18355 #21081 #21091 #21053 #21063 #20962 #20930 #20911 #20823 #20790 #20592 #15868) (if #15712 #13712 467) (if #21079 #14053 224)) 469) (c)
  (not (= (if #15870 #13713 #14054) 469)) (a)
null (o)
  (= (if (or #18355 #21081 #21091 #21053 #21063 #20962 #20930 #20911 #20823 #20790 #20592 #15868) (if #15712 #13712 467) (if #21079 #14053 224)) 469) (c)
  (not (= (if #15870 #13713 #14054) 469)) (a)

Worker 0 CUBE SIZE IN MAIN LOOP: 1
 Checking cube
(not (= (if #5823 #5880 #5859) 469))
with max_conflicts: 1500
Worker 2 DONE checking cube l_false
Worker 2 found unsat cube
Batch manager backtracking.
(= (if (or #4240 #4941 #4949 #4953 #4963 #4980 #5012 #5031 #5040 #5048 #5056 #5822) (if #5869 #5897 467) (if #4940 #5858 224)) 469)

null (o)
  (= (if (or #18355 #21081 #21091 #21053 #21063 #20962 #20930 #20911 #20823 #20790 #20592 #15868) (if #15712 #13712 467) (if #21079 #14053 224)) 469) (c)
  (not (= (if #15870 #13713 #14054) 469)) (a)
null (o)
  (= (if (or #18355 #21081 #21091 #21053 #21063 #20962 #20930 #20911 #20823 #20790 #20592 #15868) (if #15712 #13712 467) (if #21079 #14053 224)) 469) (c)
  (not (= (if #15870 #13713 #14054) 469)) (a)

Worker 2 CUBE SIZE IN MAIN LOOP: 1
 Checking cube
(not (= (if #5823 #5880 #5859) 469))
with max_conflicts: 1500
Worker 1 DONE checking cube l_undef
Worker 1 found undef cube
Batch manager splitting on literal: (= i844 1)
null (o)
  (= (if (or #18355 #21081 #21091 #21053 #21063 #20962 #20930 #20911 #20823 #20790 #20592 #15868) (if #15712 #13712 467) (if #21079 #14053 224)) 469) (c)
  (not (= (if #15870 #13713 #14054) 469)) (o)
    (= i844 1) (o)
    (not (= i844 1)) (a)

Worker 1 CUBE SIZE IN MAIN LOOP: 2
 Checking cube
(not (= i844 1))
(not (= (if #5823 #5880 #5859) 469))
with max_conflicts: 2250
Worker 3 DONE checking cube l_undef
Worker 3 found undef cube
Batch manager splitting on literal: (= i844 1)
null (o)
  (= (if (or #18355 #21081 #21091 #21053 #21063 #20962 #20930 #20911 #20823 #20790 #20592 #15868) (if #15712 #13712 467) (if #21079 #14053 224)) 469) (c)
  (not (= (if #15870 #13713 #14054) 469)) (o)
    (= i844 1) (a)
    (not (= i844 1)) (a)

Worker 3 CUBE SIZE IN MAIN LOOP: 2
 Checking cube
(= i844 1)
(not (= (if #5823 #5880 #5859) 469))
with max_conflicts: 2250
Worker 0 DONE checking cube l_undef
Worker 0 found undef cube
Batch manager splitting on literal: (= i844 1)
null (o)
  (= (if (or #18355 #21081 #21091 #21053 #21063 #20962 #20930 #20911 #20823 #20790 #20592 #15868) (if #15712 #13712 467) (if #21079 #14053 224)) 469) (c)
  (not (= (if #15870 #13713 #14054) 469)) (o)
    (= i844 1) (a)
    (not (= i844 1)) (a)

Worker 0 CUBE SIZE IN MAIN LOOP: 2
 Checking cube
(= i844 1)
(not (= (if #5823 #5880 #5859) 469))
with max_conflicts: 2250
Worker 1 DONE checking cube l_false
Worker 1 found unsat cube
Batch manager backtracking.
(not (= i844 1))

null (o)
  (= (if (or #18355 #21081 #21091 #21053 #21063 #20962 #20930 #20911 #20823 #20790 #20592 #15868) (if #15712 #13712 467) (if #21079 #14053 224)) 469) (c)
  (not (= (if #15870 #13713 #14054) 469)) (o)
    (= i844 1) (a)
    (not (= i844 1)) (c)
null (o)
  (= (if (or #18355 #21081 #21091 #21053 #21063 #20962 #20930 #20911 #20823 #20790 #20592 #15868) (if #15712 #13712 467) (if #21079 #14053 224)) 469) (c)
  (not (= (if #15870 #13713 #14054) 469)) (o)
    (= i844 1) (a)
    (not (= i844 1)) (c)

Worker 1 CUBE SIZE IN MAIN LOOP: 2
 Checking cube
(= i844 1)
(not (= (if #5823 #5880 #5859) 469))
with max_conflicts: 2250
Worker 2 DONE checking cube l_undef
Worker 2 found undef cube
Batch manager splitting on literal: (= i844 1)
null (o)
  (= (if (or #18355 #21081 #21091 #21053 #21063 #20962 #20930 #20911 #20823 #20790 #20592 #15868) (if #15712 #13712 467) (if #21079 #14053 224)) 469) (c)
  (not (= (if #15870 #13713 #14054) 469)) (o)
    (= i844 1) (a)
    (not (= i844 1)) (c)

Worker 2 CUBE SIZE IN MAIN LOOP: 2
 Checking cube
(= i844 1)
(not (= (if #5823 #5880 #5859) 469))
with max_conflicts: 2250
Worker 3 DONE checking cube l_undef
Worker 3 found undef cube
Batch manager splitting on literal: (or (not (= i844 1)) (= i1041 0) (not (or #4126 #4151 #4182)) (if (or #4126 #4151) (not #19336) (not #19416)) (not (or #4126 #4156 #19417 #19341 #19415 #19345)) (if (or #19340 #19347) (not #19351) (not #19361)) (if (or #19340 #19347) (= #19349 0) (not #19366)) (not (or #4126 #4151 #19339 #19340 #19347 #19334)) (not (or #4126 #4151 #19339 #19334)))
null (o)
  (= (if (or #18355 #21081 #21091 #21053 #21063 #20962 #20930 #20911 #20823 #20790 #20592 #15868) (if #15712 #13712 467) (if #21079 #14053 224)) 469) (c)
  (not (= (if #15870 #13713 #14054) 469)) (o)
    (= i844 1) (o)
      (or (not (= i844 1)) (= i1041 0) (not (or #4126 #4151 #4182)) (if (or #4126 #4151) (not #19336) (not #19416)) (not (or #4126 #4156 #19417 #19341 #19415 #19345)) (if (or #19340 #19347) (not #19351) (not #19361)) (if (or #19340 #19347) (= #19349 0) (not #19366)) (not (or #4126 #4151 #19339 #19340 #19347 #19334)) (not (or #4126 #4151 #19339 #19334))) (a)
      (not (or (not #4125) (= i1041 0) (not #19416) (if #4152 #19337 #19339) (not #19414) (if #19348 #19412 #19410) (if #19348 #19351 #19327) (not #19282) (not #19338))) (o)
    (not (= i844 1)) (c)

Worker 3 CUBE SIZE IN MAIN LOOP: 3
 Checking cube
(or (not (= i844 1)) (= i1041 0) (not (or #28 #30 #37)) (if (or #28 #30) (not #1502) (not #1498)) (not (or #28 #32 #1501 #1506 #1508 #1510)) (if (or #1504 #1788) (not #1792) (not #1801)) (if (or #1504 #1788) (= #1791 0) (not #1817)) (not (or #28 #30 #1499 #1504 #1788 #1822)) (not (or #28 #30 #1499 #1822)))
(= i844 1)
(not (= (if #5823 #5880 #5859) 469))
with max_conflicts: 3375
Worker 0 DONE checking cube l_undef
Worker 0 found undef cube
Batch manager splitting on literal: (= (if (or #19089 #18932 #18280 #18888 #18860 #18865 #18868 #18265 #18873 #18808 #18879 #18831 #18792 #18804 #18500) (if #18436 #18309 467) (if #18853 #18431 #18433)) 133)
null (o)
  (= (if (or #18355 #21081 #21091 #21053 #21063 #20962 #20930 #20911 #20823 #20790 #20592 #15868) (if #15712 #13712 467) (if #21079 #14053 224)) 469) (c)
  (not (= (if #15870 #13713 #14054) 469)) (o)
    (= i844 1) (o)
      (or (not (= i844 1)) (= i1041 0) (not (or #4126 #4151 #4182)) (if (or #4126 #4151) (not #19336) (not #19416)) (not (or #4126 #4156 #19417 #19341 #19415 #19345)) (if (or #19340 #19347) (not #19351) (not #19361)) (if (or #19340 #19347) (= #19349 0) (not #19366)) (not (or #4126 #4151 #19339 #19340 #19347 #19334)) (not (or #4126 #4151 #19339 #19334))) (a)
      (not (or (not #4125) (= i1041 0) (not #19416) (if #4152 #19337 #19339) (not #19414) (if #19348 #19412 #19410) (if #19348 #19351 #19327) (not #19282) (not #19338))) (a)
    (not (= i844 1)) (c)

Worker 0 CUBE SIZE IN MAIN LOOP: 3
 Checking cube
(not (or (not #27) (= i1041 0) (not #1498) (if #31 #1503 #1499) (not #1787) (if #1789 #1793 #1802) (if #1789 #1792 #1818) (not #1823) (not #1825)))
(= i844 1)
(not (= (if #5823 #5880 #5859) 469))
with max_conflicts: 3375
Worker 2 DONE checking cube l_false
Worker 2 determined formula unsat
Batch manager setting UNSAT.
Canceling workers
Worker 0 canceling
Worker 1 canceling
Worker 2 canceling
Worker 3 canceling
Worker 1 DONE checking cube l_undef
Batch manager setting exception msg: context cancelled.
Worker 0 DONE checking cube l_undef
Batch manager setting exception msg: context cancelled.
Worker 3 DONE checking cube l_undef
Batch manager setting exception msg: context cancelled.
unsat
(:added-eqs                   1303884
 :arith-eq-adapter            2826
 :arith-bound-propagations-lp 152837
 :arith-conflicts             546
 :arith-diseq                 99247
 :arith-fixed-eqs             153823
 :arith-lower                 102136
 :arith-make-feasible         48802
 :arith-max-columns           1662
 :arith-max-rows              682
 :arith-offset-eqs            47880
 :arith-upper                 164379
 :binary-propagations         3629703
 :conflicts                   21276
 :decisions                   477140
 :del-clause                  16862
 :max-memory                  113.51
 :memory                      19.18
 :minimized-lits              137983
 :mk-bool-var                 21446
 :mk-clause                   33173
 :mk-clause-binary            61315
 :num-allocs                  53991700
 :num-checks                  19
 :parallel-max-cube-size      3
 :parallel-num_cubes          10
 :propagations                5218991
 :restarts                    181
 :rlimit-count                14999628
 :time                        0.66
 :total-time                  2.37)
