Worker 0 created with 0 assumptions
Worker 1 created with 0 assumptions
Worker 2 created with 0 assumptions
Worker 3 created with 0 assumptions
null (a)

Worker 0 CUBE SIZE IN MAIN LOOP: 0
 Checking cube
with max_conflicts: 1000
null (a)

Worker 2 CUBE SIZE IN MAIN LOOP: 0
 Checking cube
with max_conflicts: 1000
null (a)

Worker 3 CUBE SIZE IN MAIN LOOP: 0
 Checking cube
with max_conflicts: 1000
null (a)

Worker 1 CUBE SIZE IN MAIN LOOP: 0
 Checking cube
with max_conflicts: 1000
Worker 1 DONE checking cube l_undef
Worker 1 found undef cube
Batch manager splitting on literal: (= i844 1)
null (o)
  (= i844 1) (a)
  (not (= i844 1)) (o)

Worker 1 CUBE SIZE IN MAIN LOOP: 1
 Checking cube
(= i844 1)
with max_conflicts: 1500
Worker 3 DONE checking cube l_undef
Worker 3 found undef cube
Batch manager splitting on literal: (= (if (or #18281 #21081 #21091 #21053 #21063 #20962 #20930 #20911 #20823 #20790 #20592 #14346) (if #14209 #13303 467) (if #21079 #13638 224)) 417)
null (o)
  (= i844 1) (a)
  (not (= i844 1)) (a)

Worker 3 CUBE SIZE IN MAIN LOOP: 1
 Checking cube
(not (= i844 1))
with max_conflicts: 1500
Worker 0 DONE checking cube l_undef
Worker 0 found undef cube
Batch manager splitting on literal: (= i844 1)
Worker 2 DONE checking cube l_undef
Worker 2 found undef cube
null (o)
  (= i844 1) (a)
  (not (= i844 1)) (a)

Worker 0 CUBE SIZE IN MAIN LOOP: 1
 Checking cube
(= i844 1)
with max_conflicts: 1500
Batch manager splitting on literal: (= i844 1)
null (o)
  (= i844 1) (a)
  (not (= i844 1)) (a)

Worker 2 CUBE SIZE IN MAIN LOOP: 1
 Checking cube
(= i844 1)
with max_conflicts: 1500
Worker 3 DONE checking cube l_false
Worker 3 found unsat cube
Batch manager backtracking.
(not (= i844 1))

null (o)
  (= i844 1) (a)
  (not (= i844 1)) (c)
null (o)
  (= i844 1) (a)
  (not (= i844 1)) (c)

Worker 3 CUBE SIZE IN MAIN LOOP: 1
 Checking cube
(= i844 1)
with max_conflicts: 1500
Worker 1 DONE checking cube l_undef
Worker 1 found undef cube
Batch manager splitting on literal: (or (not (= i844 1)) (= i1041 0) (not (or #4126 #4151 #4182)) (if (or #4126 #4151) (not #19336) (not #19416)) (not (or #4126 #4156 #19417 #19341 #19415 #19345)) (if (or #19340 #19347) (not #19351) (not #19361)) (if (or #19340 #19347) (= #19349 0) (not #19366)) (not (or #4126 #4151 #19339 #19340 #19347 #19334)) (not (or #4126 #4151 #19339 #19334)))
null (o)
  (= i844 1) (o)
    (or (not (= i844 1)) (= i1041 0) (not (or #4126 #4151 #4182)) (if (or #4126 #4151) (not #19336) (not #19416)) (not (or #4126 #4156 #19417 #19341 #19415 #19345)) (if (or #19340 #19347) (not #19351) (not #19361)) (if (or #19340 #19347) (= #19349 0) (not #19366)) (not (or #4126 #4151 #19339 #19340 #19347 #19334)) (not (or #4126 #4151 #19339 #19334))) (o)
    (not (or (not #4125) (= i1041 0) (not #19416) (if #4152 #19337 #19339) (not #19414) (if #19348 #19412 #19410) (if #19348 #19351 #19327) (not #19282) (not #19338))) (a)
  (not (= i844 1)) (c)

Worker 1 CUBE SIZE IN MAIN LOOP: 2
 Checking cube
(not (or (not #27) (= i1041 0) (not #1498) (if #31 #1503 #1499) (not #1787) (if #1789 #1793 #1802) (if #1789 #1792 #1818) (not #1823) (not #1825)))
(= i844 1)
with max_conflicts: 2250
Worker 0 DONE checking cube l_undef
Worker 0 found undef cube
Batch manager splitting on literal: (or (not (or #19362 #19286 #19227 #19263 #19187 #19259 #19192 #19219 #19211)) (not (or #19362 #19286 #19227 #19263 #19187 #19259 #19192 #19219 #19211 #19123 #19136 #19139 #19060 #19065 #19069 #19106 ...)) (not (or #4126 #4151 #19339 #19340 #19347 #19362 #19281 #19334 #19286 #19323 #19319 #19305 #19227 #19315 #19313 #19270 ...)) (not (or #4126 #4151 #19339 #19340 #19347 #19362 #19281 #19334 #19286 #19323 #19319 #19305 #19227 #19315 #19313 #19270 ...)) (not (or #4126 #4151 #19339 #19340 #19347 #19362 #19281 #19334 #19286 #19323 #19319 #19305 #19227 #19315 #19313 #19270 ...)) (not (or #19192 #19123 #19004)) (not (or #19192 #19123 #19136 #19008)) (not (or #19192 #19123 #19136 #19013)) (not (or #19018 #18875)))
null (o)
  (= i844 1) (o)
    (or (not (= i844 1)) (= i1041 0) (not (or #4126 #4151 #4182)) (if (or #4126 #4151) (not #19336) (not #19416)) (not (or #4126 #4156 #19417 #19341 #19415 #19345)) (if (or #19340 #19347) (not #19351) (not #19361)) (if (or #19340 #19347) (= #19349 0) (not #19366)) (not (or #4126 #4151 #19339 #19340 #19347 #19334)) (not (or #4126 #4151 #19339 #19334))) (a)
    (not (or (not #4125) (= i1041 0) (not #19416) (if #4152 #19337 #19339) (not #19414) (if #19348 #19412 #19410) (if #19348 #19351 #19327) (not #19282) (not #19338))) (a)
  (not (= i844 1)) (c)

Worker 0 CUBE SIZE IN MAIN LOOP: 2
 Checking cube
(or (not (= i844 1)) (= i1041 0) (not (or #28 #30 #37)) (if (or #28 #30) (not #1502) (not #1498)) (not (or #28 #32 #1501 #1506 #1508 #1510)) (if (or #1504 #1788) (not #1792) (not #1801)) (if (or #1504 #1788) (= #1791 0) (not #1817)) (not (or #28 #30 #1499 #1504 #1788 #1822)) (not (or #28 #30 #1499 #1822)))
(= i844 1)
with max_conflicts: 2250
Worker 2 DONE checking cube l_undef
Worker 2 found undef cube
Batch manager splitting on literal: (= (if (or #18281 #21081 #21091 #21053 #21063 #20962 #20930 #20911 #20823 #20790 #20592 #14346) (if #14209 #13303 467) (if #21079 #13638 224)) 417)
null (o)
  (= i844 1) (o)
    (or (not (= i844 1)) (= i1041 0) (not (or #4126 #4151 #4182)) (if (or #4126 #4151) (not #19336) (not #19416)) (not (or #4126 #4156 #19417 #19341 #19415 #19345)) (if (or #19340 #19347) (not #19351) (not #19361)) (if (or #19340 #19347) (= #19349 0) (not #19366)) (not (or #4126 #4151 #19339 #19340 #19347 #19334)) (not (or #4126 #4151 #19339 #19334))) (a)
    (not (or (not #4125) (= i1041 0) (not #19416) (if #4152 #19337 #19339) (not #19414) (if #19348 #19412 #19410) (if #19348 #19351 #19327) (not #19282) (not #19338))) (a)
  (not (= i844 1)) (c)

Worker 2 CUBE SIZE IN MAIN LOOP: 2
 Checking cube
(or (not (= i844 1)) (= i1041 0) (not (or #28 #30 #37)) (if (or #28 #30) (not #1502) (not #1498)) (not (or #28 #32 #1501 #1506 #1508 #1510)) (if (or #1504 #1788) (not #1792) (not #1801)) (if (or #1504 #1788) (= #1791 0) (not #1817)) (not (or #28 #30 #1499 #1504 #1788 #1822)) (not (or #28 #30 #1499 #1822)))
(= i844 1)
with max_conflicts: 2250
Worker 3 DONE checking cube l_undef
Worker 3 found undef cube
Batch manager splitting on literal: (or (not (or #19362 #19286 #19227 #19263 #19187 #19259 #19192 #19219 #19211 #19123 #19136 #19139 #19060 #19065 #19069 #19106 ...)) (not (or #19093 #19123 #12678 #19000 #19054 #19052 #19101 #19014 #19018 #19022 #19055 #19034 #19050 #18947 #18948 #19048 ...)) (not (or #19089 #18278)) (not (or #19089 #18883)) (not (or #19123 #19089 #12678 #18886)) (not (or #19123 #19089 #12678 #19000 #18864)) (not (or #19093 #19123 #19089 #12678 #19000 #19054 #19052 #19101 #19014 #19018 #19022 #19055 #19034 #19050 #18947 #18948 ...)) (not (or #19093 #19123 #19089 #12678 #19000 #19054 #19052 #19101 #19014 #19018 #19022 #19055 #19034 #19050 #18947 #18948 ...)) (not (or #19093 #19123 #19089 #12678 #19000 #19054 #19052 #19101 #19014 #19018 #19022 #19055 #19034 #19050 #18947 #18948 ...)) (not (or #19123 #19089 #12678 #19000 #19054 #18823)) (not (or #19123 #19089 #12678 #19000 #19054 #18784)) (not (or #18831 #18576)))
null (o)
  (= i844 1) (o)
    (or (not (= i844 1)) (= i1041 0) (not (or #4126 #4151 #4182)) (if (or #4126 #4151) (not #19336) (not #19416)) (not (or #4126 #4156 #19417 #19341 #19415 #19345)) (if (or #19340 #19347) (not #19351) (not #19361)) (if (or #19340 #19347) (= #19349 0) (not #19366)) (not (or #4126 #4151 #19339 #19340 #19347 #19334)) (not (or #4126 #4151 #19339 #19334))) (a)
    (not (or (not #4125) (= i1041 0) (not #19416) (if #4152 #19337 #19339) (not #19414) (if #19348 #19412 #19410) (if #19348 #19351 #19327) (not #19282) (not #19338))) (a)
  (not (= i844 1)) (c)

Worker 3 CUBE SIZE IN MAIN LOOP: 2
 Checking cube
(or (not (= i844 1)) (= i1041 0) (not (or #28 #30 #37)) (if (or #28 #30) (not #1502) (not #1498)) (not (or #28 #32 #1501 #1506 #1508 #1510)) (if (or #1504 #1788) (not #1792) (not #1801)) (if (or #1504 #1788) (= #1791 0) (not #1817)) (not (or #28 #30 #1499 #1504 #1788 #1822)) (not (or #28 #30 #1499 #1822)))
(= i844 1)
with max_conflicts: 2250
Worker 1 DONE checking cube l_undef
Worker 1 found undef cube
Batch manager splitting on literal: (= (if (or #21081 #15866 #15906 #15916 #15720 #15561 #15572 #15582 #15389 #15398 #14406 #12234) (if #12143 #11752 467) (if #15864 #11817 224)) 417)
null (o)
  (= i844 1) (o)
    (or (not (= i844 1)) (= i1041 0) (not (or #4126 #4151 #4182)) (if (or #4126 #4151) (not #19336) (not #19416)) (not (or #4126 #4156 #19417 #19341 #19415 #19345)) (if (or #19340 #19347) (not #19351) (not #19361)) (if (or #19340 #19347) (= #19349 0) (not #19366)) (not (or #4126 #4151 #19339 #19340 #19347 #19334)) (not (or #4126 #4151 #19339 #19334))) (a)
    (not (or (not #4125) (= i1041 0) (not #19416) (if #4152 #19337 #19339) (not #19414) (if #19348 #19412 #19410) (if #19348 #19351 #19327) (not #19282) (not #19338))) (o)
      (= (if (or #21081 #15866 #15906 #15916 #15720 #15561 #15572 #15582 #15389 #15398 #14406 #12234) (if #12143 #11752 467) (if #15864 #11817 224)) 417) (a)
      (not (= (if #12235 #11753 #11818) 417)) (o)
  (not (= i844 1)) (c)

Worker 1 CUBE SIZE IN MAIN LOOP: 3
 Checking cube
(= (if (or #4941 #5641 #5646 #5660 #5693 #5733 #5758 #5767 #6081 #6122 #6520 #6629) (if #6672 #6696 467) (if #5640 #6663 224)) 417)
(not (or (not #27) (= i1041 0) (not #1498) (if #31 #1503 #1499) (not #1787) (if #1789 #1793 #1802) (if #1789 #1792 #1818) (not #1823) (not #1825)))
(= i844 1)
with max_conflicts: 3375
Worker 0 DONE checking cube l_false
Worker 0 found unsat cube
Batch manager backtracking.
(or (not (= i844 1)) (= i1041 0) (not (or #28 #30 #37)) (if (or #28 #30) (not #1502) (not #1498)) (not (or #28 #32 #1501 #1506 #1508 #1510)) (if (or #1504 #1788) (not #1792) (not #1801)) (if (or #1504 #1788) (= #1791 0) (not #1817)) (not (or #28 #30 #1499 #1504 #1788 #1822)) (not (or #28 #30 #1499 #1822)))

null (o)
  (= i844 1) (o)
    (or (not (= i844 1)) (= i1041 0) (not (or #4126 #4151 #4182)) (if (or #4126 #4151) (not #19336) (not #19416)) (not (or #4126 #4156 #19417 #19341 #19415 #19345)) (if (or #19340 #19347) (not #19351) (not #19361)) (if (or #19340 #19347) (= #19349 0) (not #19366)) (not (or #4126 #4151 #19339 #19340 #19347 #19334)) (not (or #4126 #4151 #19339 #19334))) (c)
    (not (or (not #4125) (= i1041 0) (not #19416) (if #4152 #19337 #19339) (not #19414) (if #19348 #19412 #19410) (if #19348 #19351 #19327) (not #19282) (not #19338))) (o)
      (= (if (or #21081 #15866 #15906 #15916 #15720 #15561 #15572 #15582 #15389 #15398 #14406 #12234) (if #12143 #11752 467) (if #15864 #11817 224)) 417) (a)
      (not (= (if #12235 #11753 #11818) 417)) (o)
  (not (= i844 1)) (c)
null (o)
  (= i844 1) (o)
    (or (not (= i844 1)) (= i1041 0) (not (or #4126 #4151 #4182)) (if (or #4126 #4151) (not #19336) (not #19416)) (not (or #4126 #4156 #19417 #19341 #19415 #19345)) (if (or #19340 #19347) (not #19351) (not #19361)) (if (or #19340 #19347) (= #19349 0) (not #19366)) (not (or #4126 #4151 #19339 #19340 #19347 #19334)) (not (or #4126 #4151 #19339 #19334))) (c)
    (not (or (not #4125) (= i1041 0) (not #19416) (if #4152 #19337 #19339) (not #19414) (if #19348 #19412 #19410) (if #19348 #19351 #19327) (not #19282) (not #19338))) (o)
      (= (if (or #21081 #15866 #15906 #15916 #15720 #15561 #15572 #15582 #15389 #15398 #14406 #12234) (if #12143 #11752 467) (if #15864 #11817 224)) 417) (a)
      (not (= (if #12235 #11753 #11818) 417)) (a)
  (not (= i844 1)) (c)

Worker 0 CUBE SIZE IN MAIN LOOP: 3
 Checking cube
(not (= (if #6630 #6681 #6664) 417))
(not (or (not #27) (= i1041 0) (not #1498) (if #31 #1503 #1499) (not #1787) (if #1789 #1793 #1802) (if #1789 #1792 #1818) (not #1823) (not #1825)))
(= i844 1)
with max_conflicts: 2250
Worker 1 DONE checking cube l_false
Worker 1 found unsat cube
Batch manager backtracking.
(not (or (not #27) (= i1041 0) (not #1498) (if #31 #1503 #1499) (not #1787) (if #1789 #1793 #1802) (if #1789 #1792 #1818) (not #1823) (not #1825)))
(= (if (or #4941 #5641 #5646 #5660 #5693 #5733 #5758 #5767 #6081 #6122 #6520 #6629) (if #6672 #6696 467) (if #5640 #6663 224)) 417)

null (o)
  (= i844 1) (o)
    (or (not (= i844 1)) (= i1041 0) (not (or #4126 #4151 #4182)) (if (or #4126 #4151) (not #19336) (not #19416)) (not (or #4126 #4156 #19417 #19341 #19415 #19345)) (if (or #19340 #19347) (not #19351) (not #19361)) (if (or #19340 #19347) (= #19349 0) (not #19366)) (not (or #4126 #4151 #19339 #19340 #19347 #19334)) (not (or #4126 #4151 #19339 #19334))) (c)
    (not (or (not #4125) (= i1041 0) (not #19416) (if #4152 #19337 #19339) (not #19414) (if #19348 #19412 #19410) (if #19348 #19351 #19327) (not #19282) (not #19338))) (o)
      (= (if (or #21081 #15866 #15906 #15916 #15720 #15561 #15572 #15582 #15389 #15398 #14406 #12234) (if #12143 #11752 467) (if #15864 #11817 224)) 417) (c)
      (not (= (if #12235 #11753 #11818) 417)) (a)
  (not (= i844 1)) (c)
null (o)
  (= i844 1) (o)
    (or (not (= i844 1)) (= i1041 0) (not (or #4126 #4151 #4182)) (if (or #4126 #4151) (not #19336) (not #19416)) (not (or #4126 #4156 #19417 #19341 #19415 #19345)) (if (or #19340 #19347) (not #19351) (not #19361)) (if (or #19340 #19347) (= #19349 0) (not #19366)) (not (or #4126 #4151 #19339 #19340 #19347 #19334)) (not (or #4126 #4151 #19339 #19334))) (c)
    (not (or (not #4125) (= i1041 0) (not #19416) (if #4152 #19337 #19339) (not #19414) (if #19348 #19412 #19410) (if #19348 #19351 #19327) (not #19282) (not #19338))) (o)
      (= (if (or #21081 #15866 #15906 #15916 #15720 #15561 #15572 #15582 #15389 #15398 #14406 #12234) (if #12143 #11752 467) (if #15864 #11817 224)) 417) (c)
      (not (= (if #12235 #11753 #11818) 417)) (a)
  (not (= i844 1)) (c)

Worker 1 CUBE SIZE IN MAIN LOOP: 3
 Checking cube
(not (= (if #6630 #6681 #6664) 417))
(not (or (not #27) (= i1041 0) (not #1498) (if #31 #1503 #1499) (not #1787) (if #1789 #1793 #1802) (if #1789 #1792 #1818) (not #1823) (not #1825)))
(= i844 1)
with max_conflicts: 3375
Worker 3 DONE checking cube l_false
Worker 3 found unsat cube
Batch manager backtracking.
(= i844 1)
(or (not (= i844 1)) (= i1041 0) (not (or #28 #30 #37)) (if (or #28 #30) (not #1502) (not #1498)) (not (or #28 #32 #1501 #1506 #1508 #1510)) (if (or #1504 #1788) (not #1792) (not #1801)) (if (or #1504 #1788) (= #1791 0) (not #1817)) (not (or #28 #30 #1499 #1504 #1788 #1822)) (not (or #28 #30 #1499 #1822)))

null (o)
  (= i844 1) (o)
    (or (not (= i844 1)) (= i1041 0) (not (or #4126 #4151 #4182)) (if (or #4126 #4151) (not #19336) (not #19416)) (not (or #4126 #4156 #19417 #19341 #19415 #19345)) (if (or #19340 #19347) (not #19351) (not #19361)) (if (or #19340 #19347) (= #19349 0) (not #19366)) (not (or #4126 #4151 #19339 #19340 #19347 #19334)) (not (or #4126 #4151 #19339 #19334))) (c)
    (not (or (not #4125) (= i1041 0) (not #19416) (if #4152 #19337 #19339) (not #19414) (if #19348 #19412 #19410) (if #19348 #19351 #19327) (not #19282) (not #19338))) (o)
      (= (if (or #21081 #15866 #15906 #15916 #15720 #15561 #15572 #15582 #15389 #15398 #14406 #12234) (if #12143 #11752 467) (if #15864 #11817 224)) 417) (c)
      (not (= (if #12235 #11753 #11818) 417)) (a)
  (not (= i844 1)) (c)
null (o)
  (= i844 1) (o)
    (or (not (= i844 1)) (= i1041 0) (not (or #4126 #4151 #4182)) (if (or #4126 #4151) (not #19336) (not #19416)) (not (or #4126 #4156 #19417 #19341 #19415 #19345)) (if (or #19340 #19347) (not #19351) (not #19361)) (if (or #19340 #19347) (= #19349 0) (not #19366)) (not (or #4126 #4151 #19339 #19340 #19347 #19334)) (not (or #4126 #4151 #19339 #19334))) (c)
    (not (or (not #4125) (= i1041 0) (not #19416) (if #4152 #19337 #19339) (not #19414) (if #19348 #19412 #19410) (if #19348 #19351 #19327) (not #19282) (not #19338))) (o)
      (= (if (or #21081 #15866 #15906 #15916 #15720 #15561 #15572 #15582 #15389 #15398 #14406 #12234) (if #12143 #11752 467) (if #15864 #11817 224)) 417) (c)
      (not (= (if #12235 #11753 #11818) 417)) (a)
  (not (= i844 1)) (c)

Worker 3 CUBE SIZE IN MAIN LOOP: 3
 Checking cube
(not (= (if #6630 #6681 #6664) 417))
(not (or (not #27) (= i1041 0) (not #1498) (if #31 #1503 #1499) (not #1787) (if #1789 #1793 #1802) (if #1789 #1792 #1818) (not #1823) (not #1825)))
(= i844 1)
with max_conflicts: 2250
Worker 2 DONE checking cube l_false
Worker 2 found unsat cube
Batch manager backtracking.
(or (not (= i844 1)) (= i1041 0) (not (or #28 #30 #37)) (if (or #28 #30) (not #1502) (not #1498)) (not (or #28 #32 #1501 #1506 #1508 #1510)) (if (or #1504 #1788) (not #1792) (not #1801)) (if (or #1504 #1788) (= #1791 0) (not #1817)) (not (or #28 #30 #1499 #1504 #1788 #1822)) (not (or #28 #30 #1499 #1822)))

null (o)
  (= i844 1) (o)
    (or (not (= i844 1)) (= i1041 0) (not (or #4126 #4151 #4182)) (if (or #4126 #4151) (not #19336) (not #19416)) (not (or #4126 #4156 #19417 #19341 #19415 #19345)) (if (or #19340 #19347) (not #19351) (not #19361)) (if (or #19340 #19347) (= #19349 0) (not #19366)) (not (or #4126 #4151 #19339 #19340 #19347 #19334)) (not (or #4126 #4151 #19339 #19334))) (c)
    (not (or (not #4125) (= i1041 0) (not #19416) (if #4152 #19337 #19339) (not #19414) (if #19348 #19412 #19410) (if #19348 #19351 #19327) (not #19282) (not #19338))) (o)
      (= (if (or #21081 #15866 #15906 #15916 #15720 #15561 #15572 #15582 #15389 #15398 #14406 #12234) (if #12143 #11752 467) (if #15864 #11817 224)) 417) (c)
      (not (= (if #12235 #11753 #11818) 417)) (a)
  (not (= i844 1)) (c)
null (o)
  (= i844 1) (o)
    (or (not (= i844 1)) (= i1041 0) (not (or #4126 #4151 #4182)) (if (or #4126 #4151) (not #19336) (not #19416)) (not (or #4126 #4156 #19417 #19341 #19415 #19345)) (if (or #19340 #19347) (not #19351) (not #19361)) (if (or #19340 #19347) (= #19349 0) (not #19366)) (not (or #4126 #4151 #19339 #19340 #19347 #19334)) (not (or #4126 #4151 #19339 #19334))) (c)
    (not (or (not #4125) (= i1041 0) (not #19416) (if #4152 #19337 #19339) (not #19414) (if #19348 #19412 #19410) (if #19348 #19351 #19327) (not #19282) (not #19338))) (o)
      (= (if (or #21081 #15866 #15906 #15916 #15720 #15561 #15572 #15582 #15389 #15398 #14406 #12234) (if #12143 #11752 467) (if #15864 #11817 224)) 417) (c)
      (not (= (if #12235 #11753 #11818) 417)) (a)
  (not (= i844 1)) (c)

Worker 2 CUBE SIZE IN MAIN LOOP: 3
 Checking cube
(not (= (if #6630 #6681 #6664) 417))
(not (or (not #27) (= i1041 0) (not #1498) (if #31 #1503 #1499) (not #1787) (if #1789 #1793 #1802) (if #1789 #1792 #1818) (not #1823) (not #1825)))
(= i844 1)
with max_conflicts: 2250
Worker 3 DONE checking cube l_false
Worker 3 determined formula unsat
Batch manager setting UNSAT.
Canceling workers
Worker 0 canceling
Worker 1 canceling
Worker 2 canceling
Worker 3 canceling
Worker 2 DONE checking cube l_undef
Batch manager setting exception msg: context cancelled.
Worker 0 DONE checking cube l_undef
Batch manager setting exception msg: context cancelled.
Worker 1 DONE checking cube l_undef
Batch manager setting exception msg: context cancelled.
unsat
(:added-eqs                   1166855
 :arith-eq-adapter            2938
 :arith-bound-propagations-lp 121828
 :arith-conflicts             520
 :arith-diseq                 108528
 :arith-fixed-eqs             139016
 :arith-lower                 85515
 :arith-make-feasible         46301
 :arith-max-columns           1668
 :arith-max-rows              688
 :arith-offset-eqs            43732
 :arith-upper                 146249
 :binary-propagations         3026072
 :conflicts                   21903
 :decisions                   469126
 :del-clause                  17931
 :max-memory                  113.35
 :memory                      19.17
 :minimized-lits              115181
 :mk-bool-var                 21604
 :mk-clause                   33552
 :mk-clause-binary            61405
 :num-allocs                  52367549
 :num-checks                  19
 :parallel-max-cube-size      3
 :parallel-num_cubes          9
 :propagations                4380742
 :restarts                    188
 :rlimit-count                13395141
 :time                        0.59
 :total-time                  2.08)
