Worker 0 created with 0 assumptions
Worker 1 created with 0 assumptions
Worker 2 created with 0 assumptions
Worker 3 created with 0 assumptions
null (a)

Worker 1 CUBE SIZE IN MAIN LOOP: 0
 Checking cube
with max_conflicts: 1000
null (a)

Worker 0 CUBE SIZE IN MAIN LOOP: 0
 Checking cube
with max_conflicts: 1000
null (a)

Worker 3 CUBE SIZE IN MAIN LOOP: 0
 Checking cube
with max_conflicts: 1000
null (a)

Worker 2 CUBE SIZE IN MAIN LOOP: 0
 Checking cube
with max_conflicts: 1000
Worker 2 DONE checking cube l_undef
Worker 2 found undef cube
Batch manager splitting on literal: (= (if (or #21081 #15866 #15906 #15916 #15720 #15561 #15572 #15582 #15629 #15678 #15534 #13313) (if #13182 #11794 467) (if #15864 #11861 224)) 417)
null (o)
  (= (if (or #21081 #15866 #15906 #15916 #15720 #15561 #15572 #15582 #15629 #15678 #15534 #13313) (if #13182 #11794 467) (if #15864 #11861 224)) 417) (a)
  (not (= (if #13315 #11795 #11862) 417)) (o)

Worker 2 CUBE SIZE IN MAIN LOOP: 1
 Checking cube
(= (if (or #4941 #5641 #5646 #5660 #5693 #5733 #5758 #5767 #6081 #6122 #6520 #6629) (if #6672 #6696 467) (if #5640 #6663 224)) 417)
with max_conflicts: 1500
Worker 0 DONE checking cube l_undef
Worker 0 found undef cube
Batch manager splitting on literal: (= i844 1)
Worker 1 DONE checking cube l_undef
Worker 1 found undef cube
Batch manager splitting on literal: (= i844 1)
null (o)
  (= (if (or #21081 #15866 #15906 #15916 #15720 #15561 #15572 #15582 #15629 #15678 #15534 #13313) (if #13182 #11794 467) (if #15864 #11861 224)) 417) (a)
  (not (= (if #13315 #11795 #11862) 417)) (a)

Worker 1 CUBE SIZE IN MAIN LOOP: 1
 Checking cube
(not (= (if #6630 #6681 #6664) 417))
with max_conflicts: 1500
null (o)
  (= (if (or #21081 #15866 #15906 #15916 #15720 #15561 #15572 #15582 #15629 #15678 #15534 #13313) (if #13182 #11794 467) (if #15864 #11861 224)) 417) (a)
  (not (= (if #13315 #11795 #11862) 417)) (a)

Worker 0 CUBE SIZE IN MAIN LOOP: 1
 Checking cube
(= (if (or #4941 #5641 #5646 #5660 #5693 #5733 #5758 #5767 #6081 #6122 #6520 #6629) (if #6672 #6696 467) (if #5640 #6663 224)) 417)
with max_conflicts: 1500
Worker 3 DONE checking cube l_undef
Worker 3 found undef cube
Batch manager splitting on literal: (= i844 1)
null (o)
  (= (if (or #21081 #15866 #15906 #15916 #15720 #15561 #15572 #15582 #15629 #15678 #15534 #13313) (if #13182 #11794 467) (if #15864 #11861 224)) 417) (a)
  (not (= (if #13315 #11795 #11862) 417)) (a)

Worker 3 CUBE SIZE IN MAIN LOOP: 1
 Checking cube
(= (if (or #4941 #5641 #5646 #5660 #5693 #5733 #5758 #5767 #6081 #6122 #6520 #6629) (if #6672 #6696 467) (if #5640 #6663 224)) 417)
with max_conflicts: 1500
Worker 3 DONE checking cube l_false
Worker 3 found unsat cube
Batch manager backtracking.
(= (if (or #4941 #5641 #5646 #5660 #5693 #5733 #5758 #5767 #6081 #6122 #6520 #6629) (if #6672 #6696 467) (if #5640 #6663 224)) 417)

null (o)
  (= (if (or #21081 #15866 #15906 #15916 #15720 #15561 #15572 #15582 #15629 #15678 #15534 #13313) (if #13182 #11794 467) (if #15864 #11861 224)) 417) (c)
  (not (= (if #13315 #11795 #11862) 417)) (a)
null (o)
  (= (if (or #21081 #15866 #15906 #15916 #15720 #15561 #15572 #15582 #15629 #15678 #15534 #13313) (if #13182 #11794 467) (if #15864 #11861 224)) 417) (c)
  (not (= (if #13315 #11795 #11862) 417)) (a)

Worker 3 CUBE SIZE IN MAIN LOOP: 1
 Checking cube
(not (= (if #6630 #6681 #6664) 417))
with max_conflicts: 1500
Worker 2 DONE checking cube l_false
Worker 2 found unsat cube
Batch manager backtracking.
(= (if (or #4941 #5641 #5646 #5660 #5693 #5733 #5758 #5767 #6081 #6122 #6520 #6629) (if #6672 #6696 467) (if #5640 #6663 224)) 417)

null (o)
  (= (if (or #21081 #15866 #15906 #15916 #15720 #15561 #15572 #15582 #15629 #15678 #15534 #13313) (if #13182 #11794 467) (if #15864 #11861 224)) 417) (c)
  (not (= (if #13315 #11795 #11862) 417)) (a)
null (o)
  (= (if (or #21081 #15866 #15906 #15916 #15720 #15561 #15572 #15582 #15629 #15678 #15534 #13313) (if #13182 #11794 467) (if #15864 #11861 224)) 417) (c)
  (not (= (if #13315 #11795 #11862) 417)) (a)

Worker 2 CUBE SIZE IN MAIN LOOP: 1
 Checking cube
(not (= (if #6630 #6681 #6664) 417))
with max_conflicts: 1500
Worker 0 DONE checking cube l_false
Worker 0 found unsat cube
Batch manager backtracking.
(= (if (or #4941 #5641 #5646 #5660 #5693 #5733 #5758 #5767 #6081 #6122 #6520 #6629) (if #6672 #6696 467) (if #5640 #6663 224)) 417)

null (o)
  (= (if (or #21081 #15866 #15906 #15916 #15720 #15561 #15572 #15582 #15629 #15678 #15534 #13313) (if #13182 #11794 467) (if #15864 #11861 224)) 417) (c)
  (not (= (if #13315 #11795 #11862) 417)) (a)
null (o)
  (= (if (or #21081 #15866 #15906 #15916 #15720 #15561 #15572 #15582 #15629 #15678 #15534 #13313) (if #13182 #11794 467) (if #15864 #11861 224)) 417) (c)
  (not (= (if #13315 #11795 #11862) 417)) (a)

Worker 0 CUBE SIZE IN MAIN LOOP: 1
 Checking cube
(not (= (if #6630 #6681 #6664) 417))
with max_conflicts: 1500
Worker 1 DONE checking cube l_undef
Worker 1 found undef cube
Batch manager splitting on literal: (= i844 1)
null (o)
  (= (if (or #21081 #15866 #15906 #15916 #15720 #15561 #15572 #15582 #15629 #15678 #15534 #13313) (if #13182 #11794 467) (if #15864 #11861 224)) 417) (c)
  (not (= (if #13315 #11795 #11862) 417)) (o)
    (= i844 1) (o)
    (not (= i844 1)) (a)

Worker 1 CUBE SIZE IN MAIN LOOP: 2
 Checking cube
(not (= i844 1))
(not (= (if #6630 #6681 #6664) 417))
with max_conflicts: 2250
Worker 1 DONE checking cube l_false
Worker 1 found unsat cube
Batch manager backtracking.
(not (= i844 1))

null (o)
  (= (if (or #21081 #15866 #15906 #15916 #15720 #15561 #15572 #15582 #15629 #15678 #15534 #13313) (if #13182 #11794 467) (if #15864 #11861 224)) 417) (c)
  (not (= (if #13315 #11795 #11862) 417)) (o)
    (= i844 1) (o)
    (not (= i844 1)) (c)
null (o)
  (= (if (or #21081 #15866 #15906 #15916 #15720 #15561 #15572 #15582 #15629 #15678 #15534 #13313) (if #13182 #11794 467) (if #15864 #11861 224)) 417) (c)
  (not (= (if #13315 #11795 #11862) 417)) (o)
    (= i844 1) (a)
    (not (= i844 1)) (c)

Worker 1 CUBE SIZE IN MAIN LOOP: 2
 Checking cube
(= i844 1)
(not (= (if #6630 #6681 #6664) 417))
with max_conflicts: 2250
Worker 3 DONE checking cube l_undef
Worker 3 found undef cube
Batch manager splitting on literal: (= i844 1)
null (o)
  (= (if (or #21081 #15866 #15906 #15916 #15720 #15561 #15572 #15582 #15629 #15678 #15534 #13313) (if #13182 #11794 467) (if #15864 #11861 224)) 417) (c)
  (not (= (if #13315 #11795 #11862) 417)) (o)
    (= i844 1) (a)
    (not (= i844 1)) (c)

Worker 3 CUBE SIZE IN MAIN LOOP: 2
 Checking cube
(= i844 1)
(not (= (if #6630 #6681 #6664) 417))
with max_conflicts: 2250
Worker 2 DONE checking cube l_undef
Worker 2 found undef cube
Batch manager splitting on literal: (or (not (or #19362 #19286 #19227 #19263 #19187 #19259 #19192 #19219 #19211 #19123 #19136 #19139 #19060 #19065 #19069 #19106 ...)) (not (or #19093 #19123 #12678 #19000 #19054 #19052 #19101 #19014 #19018 #19022 #19055 #19034 #19050 #18947 #18948 #19048 ...)) (not (or #19089 #18278)) (not (or #19089 #18883)) (not (or #19123 #19089 #12678 #18886)) (not (or #19123 #19089 #12678 #19000 #18864)) (not (or #19093 #19123 #19089 #12678 #19000 #19054 #19052 #19101 #19014 #19018 #19022 #19055 #19034 #19050 #18947 #18948 ...)) (not (or #19093 #19123 #19089 #12678 #19000 #19054 #19052 #19101 #19014 #19018 #19022 #19055 #19034 #19050 #18947 #18948 ...)) (not (or #19093 #19123 #19089 #12678 #19000 #19054 #19052 #19101 #19014 #19018 #19022 #19055 #19034 #19050 #18947 #18948 ...)) (not (or #19123 #19089 #12678 #19000 #19054 #18823)) (not (or #19123 #19089 #12678 #19000 #19054 #18784)) (not (or #19123 #19089 #12678 #19000 #19054 #19052 #19101 #18877)) (not (or #19123 #19089 #12678 #19000 #19054 #19052 #19101 #19014 #18791)) (not (or #19093 #19123 #19089 #12678 #19000 #19054 #19052 #19101 #19014 #19018 #19022 #19055 #19034 #19050 #18828)) (not (or #19123 #19089 #12678 #19000 #19054 #19052 #19101 #19014 #19018 #18826)) (not (or #19123 #19089 #12678 #19000 #19054 #19052 #19101 #19014 #19018 #18819)) ...)
null (o)
  (= (if (or #21081 #15866 #15906 #15916 #15720 #15561 #15572 #15582 #15629 #15678 #15534 #13313) (if #13182 #11794 467) (if #15864 #11861 224)) 417) (c)
  (not (= (if #13315 #11795 #11862) 417)) (o)
    (= i844 1) (a)
    (not (= i844 1)) (c)

Worker 2 CUBE SIZE IN MAIN LOOP: 2
 Checking cube
(= i844 1)
(not (= (if #6630 #6681 #6664) 417))
with max_conflicts: 2250
Worker 0 DONE checking cube l_undef
Worker 0 found undef cube
Batch manager splitting on literal: (or (not (or #19362 #19286 #19227 #19263 #19187 #19259 #19192 #19219 #19211 #19123 #19136 #19139 #19060 #19065 #19069 #19106 ...)) (not (or #19093 #19123 #12678 #19000 #19054 #19052 #19101 #19014 #19018 #19022 #19055 #19034 #19050 #18947 #18948 #19048 ...)) (not (or #19089 #18278)) (not (or #19089 #18883)) (not (or #19123 #19089 #12678 #18886)) (not (or #19123 #19089 #12678 #19000 #18864)) (not (or #19093 #19123 #19089 #12678 #19000 #19054 #19052 #19101 #19014 #19018 #19022 #19055 #19034 #19050 #18947 #18948 ...)) (not (or #19093 #19123 #19089 #12678 #19000 #19054 #19052 #19101 #19014 #19018 #19022 #19055 #19034 #19050 #18947 #18948 ...)) (not (or #19093 #19123 #19089 #12678 #19000 #19054 #19052 #19101 #19014 #19018 #19022 #19055 #19034 #19050 #18947 #18948 ...)) (not (or #19123 #19089 #12678 #19000 #19054 #18823)) (not (or #19123 #19089 #12678 #19000 #19054 #18784)) (not (or #19123 #19089 #12678 #19000 #19054 #19052 #19101 #18877)) (not (or #19123 #19089 #12678 #19000 #19054 #19052 #19101 #19014 #18791)) (not (or #19093 #19123 #19089 #12678 #19000 #19054 #19052 #19101 #19014 #19018 #19022 #19055 #19034 #19050 #18828)) (not (or #19123 #19089 #12678 #19000 #19054 #19052 #19101 #19014 #19018 #18826)) (not (or #19123 #19089 #12678 #19000 #19054 #19052 #19101 #19014 #19018 #18819)) ...)
null (o)
  (= (if (or #21081 #15866 #15906 #15916 #15720 #15561 #15572 #15582 #15629 #15678 #15534 #13313) (if #13182 #11794 467) (if #15864 #11861 224)) 417) (c)
  (not (= (if #13315 #11795 #11862) 417)) (o)
    (= i844 1) (a)
    (not (= i844 1)) (c)

Worker 0 CUBE SIZE IN MAIN LOOP: 2
 Checking cube
(= i844 1)
(not (= (if #6630 #6681 #6664) 417))
with max_conflicts: 2250
Worker 3 DONE checking cube l_false
Worker 3 found unsat cube
Batch manager backtracking.
(not (= (if #6630 #6681 #6664) 417))

null (c)
  (= (if (or #21081 #15866 #15906 #15916 #15720 #15561 #15572 #15582 #15629 #15678 #15534 #13313) (if #13182 #11794 467) (if #15864 #11861 224)) 417) (c)
  (not (= (if #13315 #11795 #11862) 417)) (c)
    (= i844 1) (c)
    (not (= i844 1)) (c)
Canceling workers
Worker 0 canceling
Worker 1 canceling
Worker 2 canceling
Worker 3 canceling
all done
Worker 3 no more cubes
Worker 2 DONE checking cube l_undef
Batch manager setting exception msg: context cancelled.
Worker 1 DONE checking cube l_undef
Batch manager setting exception msg: context cancelled.
Worker 0 DONE checking cube l_undef
Batch manager setting exception msg: context cancelled.
unsat
(:added-eqs                   1276887
 :arith-eq-adapter            2848
 :arith-bound-propagations-lp 153559
 :arith-conflicts             536
 :arith-diseq                 103250
 :arith-fixed-eqs             151350
 :arith-lower                 100077
 :arith-make-feasible         46702
 :arith-max-columns           1664
 :arith-max-rows              684
 :arith-offset-eqs            45192
 :arith-upper                 168244
 :binary-propagations         3505859
 :conflicts                   20967
 :decisions                   497917
 :del-clause                  14623
 :max-memory                  113.69
 :memory                      19.13
 :minimized-lits              136734
 :mk-bool-var                 21436
 :mk-clause                   32597
 :mk-clause-binary            61384
 :num-allocs                  53081784
 :num-checks                  17
 :parallel-max-cube-size      2
 :parallel-num_cubes          8
 :propagations                4942244
 :restarts                    181
 :rlimit-count                14709948
 :time                        0.63
 :total-time                  2.25)
