queen 1, model #1:

  /-\
  |Q|
  \-/

queen 1, total models: 1
queen 2, total models: 0
queen 3, total models: 0
queen 4, model #1:

  /----\
  | Q  |
  |   Q|
  |Q   |
  |  Q |
  \----/

queen 4, model #2:

  /----\
  |  Q |
  |Q   |
  |   Q|
  | Q  |
  \----/

queen 4, total models: 2
queen 5, model #1:

  /-----\
  | Q   |
  |   Q |
  |Q    |
  |  Q  |
  |    Q|
  \-----/

queen 5, model #2:

  /-----\
  | Q   |
  |    Q|
  |  Q  |
  |Q    |
  |   Q |
  \-----/

queen 5, model #3:

  /-----\
  |    Q|
  |  Q  |
  |Q    |
  |   Q |
  | Q   |
  \-----/

queen 5, model #4:

  /-----\
  |Q    |
  |   Q |
  | Q   |
  |    Q|
  |  Q  |
  \-----/

queen 5, model #5:

  /-----\
  |  Q  |
  |    Q|
  | Q   |
  |   Q |
  |Q    |
  \-----/

queen 5, model #6:

  /-----\
  |   Q |
  |Q    |
  |  Q  |
  |    Q|
  | Q   |
  \-----/

queen 5, model #7:

  /-----\
  |    Q|
  | Q   |
  |   Q |
  |Q    |
  |  Q  |
  \-----/

queen 5, model #8:

  /-----\
  |   Q |
  | Q   |
  |    Q|
  |  Q  |
  |Q    |
  \-----/

queen 5, model #9:

  /-----\
  |Q    |
  |  Q  |
  |    Q|
  | Q   |
  |   Q |
  \-----/

queen 5, model #10:

  /-----\
  |  Q  |
  |Q    |
  |   Q |
  | Q   |
  |    Q|
  \-----/

queen 5, total models: 10
queen 6, model #1:

  /------\
  |  Q   |
  |     Q|
  | Q    |
  |    Q |
  |Q     |
  |   Q  |
  \------/

queen 6, model #2:

  /------\
  |    Q |
  |  Q   |
  |Q     |
  |     Q|
  |   Q  |
  | Q    |
  \------/

queen 6, model #3:

  /------\
  |   Q  |
  |Q     |
  |    Q |
  | Q    |
  |     Q|
  |  Q   |
  \------/

queen 6, model #4:

  /------\
  | Q    |
  |   Q  |
  |     Q|
  |Q     |
  |  Q   |
  |    Q |
  \------/

queen 6, total models: 4
queen 7, model #1:

  /-------\
  | Q     |
  |   Q   |
  |     Q |
  |Q      |
  |  Q    |
  |    Q  |
  |      Q|
  \-------/

queen 7, model #2:

  /-------\
  |   Q   |
  |     Q |
  |Q      |
  |  Q    |
  |    Q  |
  |      Q|
  | Q     |
  \-------/

queen 7, model #3:

  /-------\
  |  Q    |
  |    Q  |
  |      Q|
  | Q     |
  |   Q   |
  |     Q |
  |Q      |
  \-------/

queen 7, model #4:

  /-------\
  |     Q |
  |   Q   |
  |      Q|
  |Q      |
  |  Q    |
  |    Q  |
  | Q     |
  \-------/

queen 7, model #5:

  /-------\
  |     Q |
  |  Q    |
  |      Q|
  |   Q   |
  |Q      |
  |    Q  |
  | Q     |
  \-------/

queen 7, model #6:

  /-------\
  |      Q|
  |   Q   |
  |Q      |
  |    Q  |
  | Q     |
  |     Q |
  |  Q    |
  \-------/

queen 7, model #7:

  /-------\
  |    Q  |
  |      Q|
  | Q     |
  |     Q |
  |  Q    |
  |Q      |
  |   Q   |
  \-------/

queen 7, model #8:

  /-------\
  |  Q    |
  |      Q|
  |   Q   |
  |Q      |
  |    Q  |
  | Q     |
  |     Q |
  \-------/

queen 7, model #9:

  /-------\
  | Q     |
  |      Q|
  |    Q  |
  |  Q    |
  |Q      |
  |     Q |
  |   Q   |
  \-------/

queen 7, model #10:

  /-------\
  |Q      |
  |    Q  |
  | Q     |
  |     Q |
  |  Q    |
  |      Q|
  |   Q   |
  \-------/

queen 7, model #11:

  /-------\
  | Q     |
  |     Q |
  |  Q    |
  |      Q|
  |   Q   |
  |Q      |
  |    Q  |
  \-------/

queen 7, model #12:

  /-------\
  |Q      |
  |     Q |
  |   Q   |
  | Q     |
  |      Q|
  |    Q  |
  |  Q    |
  \-------/

queen 7, model #13:

  /-------\
  |Q      |
  |   Q   |
  |      Q|
  |  Q    |
  |     Q |
  | Q     |
  |    Q  |
  \-------/

queen 7, model #14:

  /-------\
  |Q      |
  |  Q    |
  |    Q  |
  |      Q|
  | Q     |
  |   Q   |
  |     Q |
  \-------/

queen 7, model #15:

  /-------\
  |   Q   |
  |Q      |
  |    Q  |
  | Q     |
  |     Q |
  |  Q    |
  |      Q|
  \-------/

queen 7, model #16:

  /-------\
  |    Q  |
  |Q      |
  |     Q |
  |   Q   |
  | Q     |
  |      Q|
  |  Q    |
  \-------/

queen 7, model #17:

  /-------\
  |  Q    |
  |Q      |
  |     Q |
  |   Q   |
  | Q     |
  |      Q|
  |    Q  |
  \-------/

queen 7, model #18:

  /-------\
  |  Q    |
  |Q      |
  |     Q |
  | Q     |
  |    Q  |
  |      Q|
  |   Q   |
  \-------/

queen 7, model #19:

  /-------\
  |     Q |
  | Q     |
  |    Q  |
  |Q      |
  |   Q   |
  |      Q|
  |  Q    |
  \-------/

queen 7, model #20:

  /-------\
  |    Q  |
  |Q      |
  |   Q   |
  |      Q|
  |  Q    |
  |     Q |
  | Q     |
  \-------/

queen 7, model #21:

  /-------\
  |   Q   |
  |Q      |
  |  Q    |
  |     Q |
  | Q     |
  |      Q|
  |    Q  |
  \-------/

queen 7, model #22:

  /-------\
  |     Q |
  |  Q    |
  |    Q  |
  |      Q|
  |Q      |
  |   Q   |
  | Q     |
  \-------/

queen 7, model #23:

  /-------\
  |    Q  |
  |  Q    |
  |Q      |
  |     Q |
  |   Q   |
  | Q     |
  |      Q|
  \-------/

queen 7, model #24:

  /-------\
  | Q     |
  |   Q   |
  |Q      |
  |      Q|
  |    Q  |
  |  Q    |
  |     Q |
  \-------/

queen 7, model #25:

  /-------\
  |      Q|
  | Q     |
  |   Q   |
  |     Q |
  |Q      |
  |  Q    |
  |    Q  |
  \-------/

queen 7, model #26:

  /-------\
  |   Q   |
  | Q     |
  |      Q|
  |    Q  |
  |  Q    |
  |Q      |
  |     Q |
  \-------/

queen 7, model #27:

  /-------\
  |     Q |
  |Q      |
  |  Q    |
  |    Q  |
  |      Q|
  | Q     |
  |   Q   |
  \-------/

queen 7, model #28:

  /-------\
  |  Q    |
  |     Q |
  | Q     |
  |    Q  |
  |Q      |
  |   Q   |
  |      Q|
  \-------/

queen 7, model #29:

  /-------\
  |      Q|
  |  Q    |
  |     Q |
  | Q     |
  |    Q  |
  |Q      |
  |   Q   |
  \-------/

queen 7, model #30:

  /-------\
  | Q     |
  |    Q  |
  |      Q|
  |   Q   |
  |Q      |
  |  Q    |
  |     Q |
  \-------/

queen 7, model #31:

  /-------\
  | Q     |
  |    Q  |
  |Q      |
  |   Q   |
  |      Q|
  |  Q    |
  |     Q |
  \-------/

queen 7, model #32:

  /-------\
  | Q     |
  |    Q  |
  |  Q    |
  |Q      |
  |      Q|
  |   Q   |
  |     Q |
  \-------/

queen 7, model #33:

  /-------\
  |    Q  |
  |      Q|
  | Q     |
  |   Q   |
  |     Q |
  |Q      |
  |  Q    |
  \-------/

queen 7, model #34:

  /-------\
  |  Q    |
  |      Q|
  | Q     |
  |   Q   |
  |     Q |
  |Q      |
  |    Q  |
  \-------/

queen 7, model #35:

  /-------\
  |   Q   |
  |      Q|
  |    Q  |
  | Q     |
  |     Q |
  |Q      |
  |  Q    |
  \-------/

queen 7, model #36:

  /-------\
  |     Q |
  |   Q   |
  | Q     |
  |      Q|
  |    Q  |
  |  Q    |
  |Q      |
  \-------/

queen 7, model #37:

  /-------\
  |   Q   |
  |      Q|
  |  Q    |
  |     Q |
  | Q     |
  |    Q  |
  |Q      |
  \-------/

queen 7, model #38:

  /-------\
  |     Q |
  |  Q    |
  |Q      |
  |   Q   |
  |      Q|
  |    Q  |
  | Q     |
  \-------/

queen 7, model #39:

  /-------\
  |      Q|
  |    Q  |
  |  Q    |
  |Q      |
  |     Q |
  |   Q   |
  | Q     |
  \-------/

queen 7, model #40:

  /-------\
  |    Q  |
  | Q     |
  |     Q |
  |  Q    |
  |      Q|
  |   Q   |
  |Q      |
  \-------/

queen 7, total models: 40
queen 8, model #1:

  /--------\
  |    Q   |
  |      Q |
  | Q      |
  |   Q    |
  |       Q|
  |Q       |
  |  Q     |
  |     Q  |
  \--------/

queen 8, model #2:

  /--------\
  |   Q    |
  |      Q |
  |    Q   |
  | Q      |
  |     Q  |
  |Q       |
  |  Q     |
  |       Q|
  \--------/

queen 8, model #3:

  /--------\
  |    Q   |
  |       Q|
  |   Q    |
  |Q       |
  |      Q |
  | Q      |
  |     Q  |
  |  Q     |
  \--------/

queen 8, model #4:

  /--------\
  |    Q   |
  | Q      |
  |     Q  |
  |Q       |
  |      Q |
  |   Q    |
  |       Q|
  |  Q     |
  \--------/

queen 8, model #5:

  /--------\
  |     Q  |
  | Q      |
  |      Q |
  |Q       |
  |  Q     |
  |    Q   |
  |       Q|
  |   Q    |
  \--------/

queen 8, model #6:

  /--------\
  |     Q  |
  |   Q    |
  |      Q |
  |Q       |
  |  Q     |
  |    Q   |
  | Q      |
  |       Q|
  \--------/

queen 8, model #7:

  /--------\
  |    Q   |
  | Q      |
  |       Q|
  |Q       |
  |   Q    |
  |      Q |
  |  Q     |
  |     Q  |
  \--------/

queen 8, model #8:

  /--------\
  |     Q  |
  |  Q     |
  |      Q |
  | Q      |
  |       Q|
  |    Q   |
  |Q       |
  |   Q    |
  \--------/

queen 8, model #9:

  /--------\
  |Q       |
  |      Q |
  |   Q    |
  |     Q  |
  |       Q|
  | Q      |
  |    Q   |
  |  Q     |
  \--------/

queen 8, model #10:

  /--------\
  |  Q     |
  |     Q  |
  | Q      |
  |    Q   |
  |       Q|
  |Q       |
  |      Q |
  |   Q    |
  \--------/

queen 8, model #11:

  /--------\
  | Q      |
  |       Q|
  |     Q  |
  |Q       |
  |  Q     |
  |    Q   |
  |      Q |
  |   Q    |
  \--------/

queen 8, model #12:

  /--------\
  |  Q     |
  |     Q  |
  |       Q|
  |Q       |
  |    Q   |
  |      Q |
  | Q      |
  |   Q    |
  \--------/

queen 8, model #13:

  /--------\
  |  Q     |
  |     Q  |
  |       Q|
  |Q       |
  |   Q    |
  |      Q |
  |    Q   |
  | Q      |
  \--------/

queen 8, model #14:

  /--------\
  |  Q     |
  |    Q   |
  |      Q |
  |Q       |
  |   Q    |
  | Q      |
  |       Q|
  |     Q  |
  \--------/

queen 8, model #15:

  /--------\
  |  Q     |
  |     Q  |
  |       Q|
  | Q      |
  |   Q    |
  |Q       |
  |      Q |
  |    Q   |
  \--------/

queen 8, model #16:

  /--------\
  |Q       |
  |     Q  |
  |       Q|
  |  Q     |
  |      Q |
  |   Q    |
  | Q      |
  |    Q   |
  \--------/

queen 8, model #17:

  /--------\
  |    Q   |
  |      Q |
  |Q       |
  |  Q     |
  |       Q|
  |     Q  |
  |   Q    |
  | Q      |
  \--------/

queen 8, model #18:

  /--------\
  | Q      |
  |      Q |
  |  Q     |
  |     Q  |
  |       Q|
  |    Q   |
  |Q       |
  |   Q    |
  \--------/

queen 8, model #19:

  /--------\
  |  Q     |
  |    Q   |
  | Q      |
  |       Q|
  |     Q  |
  |   Q    |
  |      Q |
  |Q       |
  \--------/

queen 8, model #20:

  /--------\
  |  Q     |
  |     Q  |
  |   Q    |
  |Q       |
  |       Q|
  |    Q   |
  |      Q |
  | Q      |
  \--------/

queen 8, model #21:

  /--------\
  |    Q   |
  | Q      |
  |   Q    |
  |      Q |
  |  Q     |
  |       Q|
  |     Q  |
  |Q       |
  \--------/

queen 8, model #22:

  /--------\
  |   Q    |
  |     Q  |
  |       Q|
  | Q      |
  |      Q |
  |Q       |
  |  Q     |
  |    Q   |
  \--------/

queen 8, model #23:

  /--------\
  |  Q     |
  |     Q  |
  |   Q    |
  | Q      |
  |       Q|
  |    Q   |
  |      Q |
  |Q       |
  \--------/

queen 8, model #24:

  /--------\
  | Q      |
  |    Q   |
  |      Q |
  |Q       |
  |  Q     |
  |       Q|
  |     Q  |
  |   Q    |
  \--------/

queen 8, model #25:

  /--------\
  |     Q  |
  | Q      |
  |      Q |
  |Q       |
  |   Q    |
  |       Q|
  |    Q   |
  |  Q     |
  \--------/

queen 8, model #26:

  /--------\
  |      Q |
  |    Q   |
  |  Q     |
  |Q       |
  |     Q  |
  |       Q|
  | Q      |
  |   Q    |
  \--------/

queen 8, model #27:

  /--------\
  |       Q|
  | Q      |
  |   Q    |
  |Q       |
  |      Q |
  |    Q   |
  |  Q     |
  |     Q  |
  \--------/

queen 8, model #28:

  /--------\
  |      Q |
  | Q      |
  |   Q    |
  |Q       |
  |       Q|
  |    Q   |
  |  Q     |
  |     Q  |
  \--------/

queen 8, model #29:

  /--------\
  |    Q   |
  |       Q|
  |   Q    |
  |Q       |
  |  Q     |
  |     Q  |
  | Q      |
  |      Q |
  \--------/

queen 8, model #30:

  /--------\
  |     Q  |
  |   Q    |
  | Q      |
  |       Q|
  |    Q   |
  |      Q |
  |Q       |
  |  Q     |
  \--------/

queen 8, model #31:

  /--------\
  |       Q|
  | Q      |
  |    Q   |
  |  Q     |
  |Q       |
  |      Q |
  |   Q    |
  |     Q  |
  \--------/

queen 8, model #32:

  /--------\
  |      Q |
  |Q       |
  |  Q     |
  |       Q|
  |     Q  |
  |   Q    |
  | Q      |
  |    Q   |
  \--------/

queen 8, model #33:

  /--------\
  |    Q   |
  | Q      |
  |   Q    |
  |     Q  |
  |       Q|
  |  Q     |
  |Q       |
  |      Q |
  \--------/

queen 8, model #34:

  /--------\
  |     Q  |
  |  Q     |
  |      Q |
  | Q      |
  |   Q    |
  |       Q|
  |Q       |
  |    Q   |
  \--------/

queen 8, model #35:

  /--------\
  |   Q    |
  | Q      |
  |      Q |
  |  Q     |
  |     Q  |
  |       Q|
  |Q       |
  |    Q   |
  \--------/

queen 8, model #36:

  /--------\
  |      Q |
  |  Q     |
  |       Q|
  | Q      |
  |    Q   |
  |Q       |
  |     Q  |
  |   Q    |
  \--------/

queen 8, model #37:

  /--------\
  |     Q  |
  |  Q     |
  |Q       |
  |       Q|
  |    Q   |
  | Q      |
  |   Q    |
  |      Q |
  \--------/

queen 8, model #38:

  /--------\
  |       Q|
  |   Q    |
  |Q       |
  |  Q     |
  |     Q  |
  | Q      |
  |      Q |
  |    Q   |
  \--------/

queen 8, model #39:

  /--------\
  |     Q  |
  |   Q    |
  |Q       |
  |    Q   |
  |       Q|
  | Q      |
  |      Q |
  |  Q     |
  \--------/

queen 8, model #40:

  /--------\
  |    Q   |
  |  Q     |
  |Q       |
  |     Q  |
  |       Q|
  | Q      |
  |   Q    |
  |      Q |
  \--------/

queen 8, model #41:

  /--------\
  |    Q   |
  |Q       |
  |   Q    |
  |     Q  |
  |       Q|
  | Q      |
  |      Q |
  |  Q     |
  \--------/

queen 8, model #42:

  /--------\
  |     Q  |
  |   Q    |
  |      Q |
  |Q       |
  |       Q|
  | Q      |
  |    Q   |
  |  Q     |
  \--------/

queen 8, model #43:

  /--------\
  |  Q     |
  |Q       |
  |      Q |
  |    Q   |
  |       Q|
  | Q      |
  |   Q    |
  |     Q  |
  \--------/

queen 8, model #44:

  /--------\
  |     Q  |
  |  Q     |
  |Q       |
  |       Q|
  |   Q    |
  | Q      |
  |      Q |
  |    Q   |
  \--------/

queen 8, model #45:

  /--------\
  |   Q    |
  |      Q |
  |Q       |
  |       Q|
  |    Q   |
  | Q      |
  |     Q  |
  |  Q     |
  \--------/

queen 8, model #46:

  /--------\
  |   Q    |
  |       Q|
  |Q       |
  |    Q   |
  |      Q |
  | Q      |
  |     Q  |
  |  Q     |
  \--------/

queen 8, model #47:

  /--------\
  |   Q    |
  |       Q|
  |Q       |
  |  Q     |
  |     Q  |
  | Q      |
  |      Q |
  |    Q   |
  \--------/

queen 8, model #48:

  /--------\
  |    Q   |
  |      Q |
  |   Q    |
  |Q       |
  |  Q     |
  |       Q|
  |     Q  |
  | Q      |
  \--------/

queen 8, model #49:

  /--------\
  |   Q    |
  | Q      |
  |      Q |
  |  Q     |
  |     Q  |
  |       Q|
  |    Q   |
  |Q       |
  \--------/

queen 8, model #50:

  /--------\
  |      Q |
  |  Q     |
  |Q       |
  |     Q  |
  |       Q|
  |    Q   |
  | Q      |
  |   Q    |
  \--------/

queen 8, model #51:

  /--------\
  |     Q  |
  |Q       |
  |    Q   |
  | Q      |
  |       Q|
  |  Q     |
  |      Q |
  |   Q    |
  \--------/

queen 8, model #52:

  /--------\
  |    Q   |
  |  Q     |
  |       Q|
  |   Q    |
  |      Q |
  |Q       |
  |     Q  |
  | Q      |
  \--------/

queen 8, model #53:

  /--------\
  |   Q    |
  | Q      |
  |       Q|
  |    Q   |
  |      Q |
  |Q       |
  |  Q     |
  |     Q  |
  \--------/

queen 8, model #54:

  /--------\
  |      Q |
  |   Q    |
  | Q      |
  |    Q   |
  |       Q|
  |Q       |
  |  Q     |
  |     Q  |
  \--------/

queen 8, model #55:

  /--------\
  |   Q    |
  |Q       |
  |    Q   |
  |       Q|
  |     Q  |
  |  Q     |
  |      Q |
  | Q      |
  \--------/

queen 8, model #56:

  /--------\
  |       Q|
  |  Q     |
  |Q       |
  |     Q  |
  | Q      |
  |    Q   |
  |      Q |
  |   Q    |
  \--------/

queen 8, model #57:

  /--------\
  |     Q  |
  |  Q     |
  |Q       |
  |      Q |
  |    Q   |
  |       Q|
  | Q      |
  |   Q    |
  \--------/

queen 8, model #58:

  /--------\
  |    Q   |
  |  Q     |
  |Q       |
  |      Q |
  | Q      |
  |       Q|
  |     Q  |
  |   Q    |
  \--------/

queen 8, model #59:

  /--------\
  |   Q    |
  | Q      |
  |    Q   |
  |       Q|
  |     Q  |
  |Q       |
  |  Q     |
  |      Q |
  \--------/

queen 8, model #60:

  /--------\
  |      Q |
  |   Q    |
  | Q      |
  |       Q|
  |     Q  |
  |Q       |
  |  Q     |
  |    Q   |
  \--------/

queen 8, model #61:

  /--------\
  |    Q   |
  |Q       |
  |       Q|
  |     Q  |
  |  Q     |
  |      Q |
  | Q      |
  |   Q    |
  \--------/

queen 8, model #62:

  /--------\
  |Q       |
  |    Q   |
  |       Q|
  |     Q  |
  |  Q     |
  |      Q |
  | Q      |
  |   Q    |
  \--------/

queen 8, model #63:

  /--------\
  | Q      |
  |     Q  |
  |Q       |
  |      Q |
  |   Q    |
  |       Q|
  |  Q     |
  |    Q   |
  \--------/

queen 8, model #64:

  /--------\
  |      Q |
  | Q      |
  |     Q  |
  |  Q     |
  |Q       |
  |   Q    |
  |       Q|
  |    Q   |
  \--------/

queen 8, model #65:

  /--------\
  |     Q  |
  |  Q     |
  |      Q |
  |   Q    |
  |Q       |
  |       Q|
  | Q      |
  |    Q   |
  \--------/

queen 8, model #66:

  /--------\
  | Q      |
  |     Q  |
  |       Q|
  |  Q     |
  |Q       |
  |   Q    |
  |      Q |
  |    Q   |
  \--------/

queen 8, model #67:

  /--------\
  |   Q    |
  |       Q|
  |    Q   |
  |  Q     |
  |Q       |
  |      Q |
  | Q      |
  |     Q  |
  \--------/

queen 8, model #68:

  /--------\
  |    Q   |
  |Q       |
  |       Q|
  |   Q    |
  | Q      |
  |      Q |
  |  Q     |
  |     Q  |
  \--------/

queen 8, model #69:

  /--------\
  |  Q     |
  |    Q   |
  |       Q|
  |   Q    |
  |Q       |
  |      Q |
  | Q      |
  |     Q  |
  \--------/

queen 8, model #70:

  /--------\
  |   Q    |
  |     Q  |
  |       Q|
  |  Q     |
  |Q       |
  |      Q |
  |    Q   |
  | Q      |
  \--------/

queen 8, model #71:

  /--------\
  |   Q    |
  |     Q  |
  |Q       |
  |    Q   |
  | Q      |
  |       Q|
  |  Q     |
  |      Q |
  \--------/

queen 8, model #72:

  /--------\
  | Q      |
  |    Q   |
  |      Q |
  |   Q    |
  |Q       |
  |       Q|
  |     Q  |
  |  Q     |
  \--------/

queen 8, model #73:

  /--------\
  |   Q    |
  | Q      |
  |      Q |
  |    Q   |
  |Q       |
  |       Q|
  |     Q  |
  |  Q     |
  \--------/

queen 8, model #74:

  /--------\
  |   Q    |
  |      Q |
  |    Q   |
  |  Q     |
  |Q       |
  |     Q  |
  |       Q|
  | Q      |
  \--------/

queen 8, model #75:

  /--------\
  |    Q   |
  |      Q |
  |Q       |
  |   Q    |
  | Q      |
  |       Q|
  |     Q  |
  |  Q     |
  \--------/

queen 8, model #76:

  /--------\
  |     Q  |
  |       Q|
  | Q      |
  |   Q    |
  |Q       |
  |      Q |
  |    Q   |
  |  Q     |
  \--------/

queen 8, model #77:

  /--------\
  |Q       |
  |      Q |
  |    Q   |
  |       Q|
  | Q      |
  |   Q    |
  |     Q  |
  |  Q     |
  \--------/

queen 8, model #78:

  /--------\
  |   Q    |
  |Q       |
  |    Q   |
  |       Q|
  | Q      |
  |      Q |
  |  Q     |
  |     Q  |
  \--------/

queen 8, model #79:

  /--------\
  |   Q    |
  |      Q |
  |  Q     |
  |       Q|
  | Q      |
  |    Q   |
  |Q       |
  |     Q  |
  \--------/

queen 8, model #80:

  /--------\
  |  Q     |
  |      Q |
  | Q      |
  |       Q|
  |     Q  |
  |   Q    |
  |Q       |
  |    Q   |
  \--------/

queen 8, model #81:

  /--------\
  | Q      |
  |   Q    |
  |     Q  |
  |       Q|
  |  Q     |
  |Q       |
  |      Q |
  |    Q   |
  \--------/

queen 8, model #82:

  /--------\
  |  Q     |
  |      Q |
  | Q      |
  |       Q|
  |    Q   |
  |Q       |
  |   Q    |
  |     Q  |
  \--------/

queen 8, model #83:

  /--------\
  |  Q     |
  |     Q  |
  | Q      |
  |      Q |
  |    Q   |
  |Q       |
  |       Q|
  |   Q    |
  \--------/

queen 8, model #84:

  /--------\
  |    Q   |
  |      Q |
  | Q      |
  |     Q  |
  |  Q     |
  |Q       |
  |       Q|
  |   Q    |
  \--------/

queen 8, model #85:

  /--------\
  |    Q   |
  |      Q |
  | Q      |
  |     Q  |
  |  Q     |
  |Q       |
  |   Q    |
  |       Q|
  \--------/

queen 8, model #86:

  /--------\
  | Q      |
  |      Q |
  |    Q   |
  |       Q|
  |Q       |
  |   Q    |
  |     Q  |
  |  Q     |
  \--------/

queen 8, model #87:

  /--------\
  |  Q     |
  |     Q  |
  | Q      |
  |      Q |
  |Q       |
  |   Q    |
  |       Q|
  |    Q   |
  \--------/

queen 8, model #88:

  /--------\
  |  Q     |
  |    Q   |
  | Q      |
  |       Q|
  |Q       |
  |      Q |
  |   Q    |
  |     Q  |
  \--------/

queen 8, model #89:

  /--------\
  |  Q     |
  |       Q|
  |   Q    |
  |      Q |
  |Q       |
  |     Q  |
  | Q      |
  |    Q   |
  \--------/

queen 8, model #90:

  /--------\
  |   Q    |
  | Q      |
  |       Q|
  |     Q  |
  |Q       |
  |  Q     |
  |    Q   |
  |      Q |
  \--------/

queen 8, model #91:

  /--------\
  |     Q  |
  |  Q     |
  |    Q   |
  |      Q |
  |Q       |
  |   Q    |
  | Q      |
  |       Q|
  \--------/

queen 8, model #92:

  /--------\
  |     Q  |
  |  Q     |
  |    Q   |
  |       Q|
  |Q       |
  |   Q    |
  | Q      |
  |      Q |
  \--------/

queen 8, total models: 92
